<?xml version="1.0"?>
<opencv_storage>
<r>5</r>
<L2_diff>5.4532139518061092e+25</L2_diff>
<test_img type_id="opencv-matrix">
  <rows>128</rows>
  <cols>256</cols>
  <dt>f</dt>
  <data>
    4.78522718e-01 9.55962420e-01 2.96721160e-01 3.88912827e-01
    5.72105885e-01 6.71565890e-01 4.85202074e-01 7.01925695e-01
    8.49716663e-01 5.94826698e-01 6.02247775e-01 2.32363313e-01
    6.67634070e-01 4.28975224e-02 8.11302066e-01 6.07821703e-01
    9.74424720e-01 8.93599749e-01 3.66577566e-01 1.16100311e-01
    1.45949423e-02 2.08572537e-01 7.93292284e-01 6.88592792e-01
    9.72975910e-01 4.65623826e-01 7.72355855e-01 7.32689917e-01
    9.77011383e-01 8.24695826e-02 4.24617529e-03 8.32289636e-01
    3.73321265e-01 8.38542283e-02 7.06828415e-01 4.14987117e-01
    8.74461055e-01 2.05665469e-01 7.37198293e-01 4.69084710e-01
    8.47972631e-02 6.78011656e-01 2.61964262e-01 7.19754338e-01
    5.10839760e-01 1.28641576e-01 6.13217533e-01 1.58364087e-01
    8.64506662e-01 1.91558301e-01 3.76848936e-01 4.46305275e-01
    5.77958405e-01 4.74793136e-01 6.73386753e-02 2.75362015e-01
    5.75479567e-01 3.39656293e-01 2.85631180e-01 3.86993468e-01
    2.80418873e-01 2.36541748e-01 7.79195786e-01 2.65019774e-01
    7.90586948e-01 4.24186170e-01 6.42173469e-01 9.09241796e-01
    9.20802832e-01 5.58189631e-01 9.44974005e-01 1.23636127e-02
    7.05118597e-01 4.00191605e-01 4.19548482e-01 4.05749232e-01
    2.61644363e-01 4.98649985e-01 4.44344878e-01 8.18655491e-01
    9.30939317e-01 8.50470424e-01 3.27460408e-01 8.99771869e-01
    1.75557077e-01 7.67261744e-01 1.04953587e-01 8.85932267e-01
    8.66858482e-01 8.56219649e-01 3.44791710e-01 1.90401286e-01
    4.89739567e-01 7.85433352e-02 8.43157291e-01 4.21947539e-02
    1.69193834e-01 4.00561035e-01 7.08182931e-01 2.11180717e-01
    4.35195297e-01 1.83826476e-01 8.65656734e-01 3.28109145e-01
    7.58772969e-01 9.08044815e-01 1.17468983e-01 7.46077120e-01
    4.77922231e-01 4.78401184e-01 8.83312523e-02 7.00965166e-01
    6.72364831e-02 8.83786380e-01 9.49300170e-01 9.87747490e-01
    4.25186247e-01 9.68456805e-01 3.88385594e-01 4.88681018e-01
    9.01188374e-01 9.12146270e-02 3.05350929e-01 6.63302779e-01
    8.88123393e-01 2.77342737e-01 2.27875590e-01 8.32205296e-01
    1.67250186e-01 5.90343654e-01 8.58411014e-01 5.92485070e-02
    5.24794281e-01 8.70590568e-01 1.17508471e-02 5.84374905e-01
    4.64810193e-01 4.19765711e-02 4.46328998e-01 1.04167014e-01
    5.69921970e-01 7.51131654e-01 2.48441696e-01 1.02889329e-01
    5.65890729e-01 2.14677960e-01 8.93000662e-02 8.34651470e-01
    4.41782176e-02 6.51506841e-01 9.61425066e-01 9.64405775e-01
    7.73977995e-01 6.59715593e-01 6.71647012e-01 8.28387976e-01
    6.25075579e-01 3.35036337e-01 4.11564559e-01 5.15285075e-01
    7.20297277e-01 4.62003410e-01 6.09142184e-02 4.05947477e-01
    2.96574026e-01 9.13904428e-01 7.64038444e-01 2.62872785e-01
    5.28864264e-01 7.36201942e-01 5.44000983e-01 1.50589973e-01
    9.04314280e-01 5.18261790e-01 2.07727551e-02 3.48738790e-01
    9.08254981e-01 9.60666239e-01 3.81185114e-01 1.73519641e-01
    8.69681239e-01 3.00567150e-02 5.44190586e-01 9.16197240e-01
    2.32049257e-01 6.39533997e-03 5.96391559e-01 2.27556437e-01
    9.17509854e-01 2.25323141e-01 9.33077455e-01 3.27497900e-01
    1.78978592e-01 3.30112219e-01 2.25845605e-01 9.55442667e-01
    2.85748839e-02 7.99159944e-01 2.19856143e-01 9.10099268e-01
    1.94259793e-01 5.92662990e-01 3.26988161e-01 3.63488495e-01
    2.51568645e-01 2.42270082e-01 7.67930269e-01 3.96459550e-01
    6.42950058e-01 9.84017551e-01 3.82073820e-01 1.64920986e-02
    8.16734731e-01 8.06730688e-01 4.12469208e-01 3.91413242e-01
    6.83064342e-01 1.87029839e-01 7.47375488e-01 2.46153533e-01
    1.24643743e-01 8.71118069e-01 9.90237594e-01 6.94792747e-01
    7.21027851e-01 8.03358316e-01 8.98586750e-01 1.46111250e-01
    7.82370806e-01 5.09037375e-02 4.44284141e-01 1.64520472e-01
    6.51537895e-01 6.57019079e-01 4.81622100e-01 8.55309248e-01
    3.83407593e-01 6.40861154e-01 8.32343578e-01 2.27237374e-01
    2.92973578e-01 4.08260524e-02 5.50390363e-01 5.54524660e-01
    6.99537396e-01 6.96119845e-01 6.67198241e-01 9.15584922e-01
    3.98679614e-01 2.34120429e-01 2.86588609e-01 4.72376645e-01
    2.31504589e-01 4.77309376e-01 7.09469438e-01 7.43944168e-01
    4.47715521e-01 2.97719181e-01 2.91877985e-03 7.56625414e-01
    6.55645072e-01 6.09479129e-01 6.74618900e-01 6.37969673e-02
    5.70067525e-01 6.99093580e-01 7.22254515e-02 1.20154053e-01
    8.01154256e-01 6.52683258e-01 6.46996498e-03 9.14856911e-01
    8.44681859e-01 3.11056972e-02 9.66998160e-01 2.22494990e-01
    4.65211600e-01 3.38113964e-01 6.96352601e-01 4.30099130e-01
    4.91600305e-01 1.64615124e-01 7.51364231e-02 1.64149255e-01
    9.05008316e-01 7.39159644e-01 4.40586329e-01 7.87901580e-01
    8.21265101e-01 5.41312099e-02 6.62501454e-02 6.47297978e-01
    4.85952348e-01 9.50326622e-01 4.25386548e-01 5.53748250e-01
    6.37419879e-01 2.52259254e-01 2.28761226e-01 8.78656209e-02
    8.98347616e-01 8.80800307e-01 5.15528917e-01 9.46878731e-01
    8.00022721e-01 5.83241403e-01 8.57344508e-01 1.72177106e-01
    6.71507478e-01 8.94084513e-01 9.02585387e-01 7.26403654e-01
    3.18399131e-01 4.93752450e-01 1.16831422e-01 7.17346787e-01
    8.35760117e-01 8.91593575e-01 6.12699091e-01 6.56178653e-01
    6.35224342e-01 3.98032188e-01 3.56644154e-01 1.20084435e-01
    8.76747072e-02 7.44538069e-01 5.88292658e-01 7.88912356e-01
    3.05760086e-01 5.09355009e-01 4.93800789e-01 9.56882596e-01
    5.36585450e-02 8.41793060e-01 3.79352599e-01 3.56052309e-01
    3.87327850e-01 5.92260897e-01 6.56300366e-01 1.05618268e-01
    4.88865912e-01 5.13888836e-01 4.98847038e-01 2.99915969e-01
    6.02109373e-01 5.52074373e-01 7.13538229e-01 8.91885698e-01
    2.22104162e-01 3.31803173e-01 6.01463020e-02 5.34321487e-01
    8.97170961e-01 1.28780484e-01 1.81969285e-01 9.33244109e-01
    7.15416074e-01 3.01573068e-01 9.64312613e-01 6.39682233e-01
    6.53637886e-01 7.97192872e-01 5.20314634e-01 9.83698487e-01
    2.93352813e-01 2.80772179e-01 3.38313401e-01 8.81248474e-01
    8.07046533e-01 6.53540552e-01 1.02485120e-02 3.64837646e-02
    8.52751732e-01 6.55959904e-01 4.94231492e-01 7.47443080e-01
    8.45562696e-01 1.26365602e-01 3.87104779e-01 8.00795734e-01
    1.73334360e-01 4.76752043e-01 4.54443097e-01 6.67394638e-01
    9.00980353e-01 8.18352938e-01 5.30270517e-01 6.82377458e-01
    9.79946315e-01 6.17689967e-01 5.65611839e-01 8.94368052e-01
    7.44897664e-01 3.52346838e-01 3.35442275e-01 1.26270473e-01
    2.29713738e-01 1.50632501e-01 4.46716785e-01 5.52069306e-01
    3.66350949e-01 9.94483352e-01 9.95937467e-01 6.87938988e-01
    9.79966700e-01 5.15960991e-01 4.48920608e-01 5.17907202e-01
    3.36299300e-01 5.04438162e-01 7.70497322e-03 7.81938672e-01
    1.14462674e-01 4.72935855e-01 5.79576135e-01 7.80625820e-01
    4.73799825e-01 1.09472275e-01 8.72295380e-01 3.08762878e-01
    8.59161019e-01 3.34191918e-02 5.51813960e-01 8.29546452e-01
    8.98428202e-01 5.08674383e-01 4.85715836e-01 8.03919911e-01
    7.88759887e-01 8.08243394e-01 6.86892033e-01 4.04078513e-01
    8.80477428e-01 5.48146367e-01 5.09371459e-01 4.58154738e-01
    4.29005355e-01 8.60232711e-01 7.30596781e-01 1.01465583e-02
    4.90727872e-01 7.96332955e-02 9.76493001e-01 3.14699411e-02
    5.12261689e-01 3.85170907e-01 8.12239766e-01 7.41575480e-01
    8.74083340e-02 3.75987887e-01 6.85562611e-01 1.00712776e-02
    3.59927297e-01 2.91671157e-01 8.73845458e-01 6.37625217e-01
    4.45315093e-01 8.27115774e-01 7.38515079e-01 4.31169927e-01
    4.23927993e-01 3.66767079e-01 2.83367097e-01 4.64594960e-02
    3.71347487e-01 8.57090890e-01 1.32247508e-02 2.26424038e-01
    3.79799426e-01 2.61722326e-01 3.40781748e-01 6.81637764e-01
    9.89618540e-01 7.06178606e-01 8.42080057e-01 1.40511870e-01
    7.24334121e-02 2.00337440e-01 7.77825713e-03 8.87737870e-01
    4.37579602e-01 5.02801418e-01 7.23469079e-01 4.08383250e-01
    9.22998667e-01 2.35799581e-01 1.97666287e-01 5.64735234e-02
    2.04221606e-01 4.77424473e-01 9.60284114e-01 7.22048521e-01
    1.66320503e-02 6.13722980e-01 8.01092982e-01 1.38490587e-01
    9.52918410e-01 7.83367634e-01 3.60783994e-01 7.75544643e-01
    7.30295300e-01 3.88686687e-01 8.52521539e-01 9.30818081e-01
    5.57637572e-01 7.59288371e-01 5.66444695e-01 9.67952490e-01
    1.13117218e-01 5.25645375e-01 8.39536786e-01 2.44258702e-01
    3.35996658e-01 8.74782443e-01 1.84761822e-01 8.31527829e-01
    2.14129239e-01 4.89918590e-02 4.94666100e-02 7.29774833e-01
    1.74740553e-01 6.31698430e-01 1.05001479e-01 2.19871998e-01
    6.43637478e-01 5.34371972e-01 5.82082033e-01 6.74464822e-01
    4.30630386e-01 7.98733473e-01 2.70752013e-01 6.81643665e-01
    6.16297960e-01 6.19782269e-01 8.93442154e-01 7.44145632e-01
    3.51209342e-01 6.47194624e-01 8.41636360e-02 3.80635858e-01
    7.04362392e-01 9.34189081e-01 7.82741666e-01 9.30694699e-01
    8.27227533e-01 8.90463233e-01 2.31788158e-02 2.94145525e-01
    1.28656983e-01 2.57555157e-01 6.84253693e-01 3.72376025e-01
    2.98280984e-01 8.83886814e-01 1.46789312e-01 6.45345688e-01
    6.97362423e-01 9.19901967e-01 7.19492912e-01 3.10048461e-02
    9.00001049e-01 2.60949016e-01 8.66241157e-02 1.10810786e-01
    4.72370118e-01 7.66609192e-01 4.02964830e-01 3.11580807e-01
    9.15854871e-02 4.51493293e-01 9.32443738e-01 1.02334946e-01
    6.49733126e-01 6.04201615e-01 4.69395220e-02 5.87364495e-01
    7.98910975e-01 1.49715543e-01 9.34726000e-01 3.67598355e-01
    8.80226195e-01 5.24060011e-01 3.31615835e-01 5.24893582e-01
    5.54402888e-01 6.68456376e-01 1.18057728e-02 4.05592173e-01
    2.75081605e-01 6.81197286e-01 9.44846988e-01 2.70812511e-01
    9.61344123e-01 2.92472959e-01 9.03940320e-01 6.44983947e-02
    7.28817463e-01 7.01437414e-01 9.18719232e-01 8.33882928e-01
    5.16889393e-02 7.71832228e-01 8.16830993e-01 9.66307640e-01
    8.65491927e-02 4.01949227e-01 2.55518883e-01 1.41274184e-01
    6.10743225e-01 8.65803897e-01 8.98398042e-01 6.49397254e-01
    6.12040639e-01 3.70850086e-01 8.05652142e-01 5.39945126e-01
    6.61462307e-01 1.17897600e-01 1.85019672e-01 7.83740938e-01
    7.56379664e-01 1.47209048e-01 4.89650100e-01 8.06899667e-01
    6.28738284e-01 2.44357497e-01 2.33985186e-01 1.38239175e-01
    3.37679803e-01 9.85890925e-02 8.85307670e-01 7.56007850e-01
    2.02064306e-01 7.98542857e-01 2.65652210e-01 9.61943865e-01
    8.07766140e-01 5.53744733e-01 7.33305454e-01 6.01812661e-01
    8.20112824e-01 2.63316631e-01 3.41334820e-01 2.40615457e-01
    9.75193679e-02 8.42490375e-01 9.42408323e-01 5.23291409e-01
    1.94101125e-01 4.89496469e-01 3.78026247e-01 6.09541655e-01
    7.78287530e-01 4.10938054e-01 9.75637674e-01 1.91194624e-01
    4.50368434e-01 1.36598766e-01 4.20544833e-01 5.98609984e-01
    8.40716720e-01 2.92593241e-01 4.24172580e-01 6.42759025e-01
    4.40981746e-01 3.60569358e-03 9.03506815e-01 6.17677927e-01
    6.58316374e-01 4.17458564e-01 3.67653340e-01 5.51941991e-01
    6.75347865e-01 4.55661565e-01 5.84394932e-01 6.65251970e-01
    3.04034352e-01 6.32932365e-01 2.38569975e-01 1.36294603e-01
    1.11644804e-01 2.24541694e-01 7.13392138e-01 4.81184363e-01
    8.32882166e-01 2.47170091e-01 4.43369687e-01 1.13592118e-01
    3.24323833e-01 7.41618991e-01 8.55092645e-01 7.19956398e-01
    7.35380054e-01 7.77640820e-01 9.25563157e-01 9.48958158e-01
    2.68959820e-01 3.57339621e-01 2.07188129e-02 1.71428859e-01
    8.85720730e-01 5.48696220e-01 3.39161634e-01 9.58746552e-01
    8.20500433e-01 5.42274117e-01 2.28247494e-01 8.69554043e-01
    7.55362868e-01 5.51956594e-01 2.01729178e-01 9.56556022e-01
    8.09043527e-01 6.97336912e-01 8.02892566e-01 6.34830117e-01
    1.23987198e-01 4.54695195e-01 6.89644575e-01 3.37442994e-01
    2.60823667e-01 4.03231144e-01 8.91500711e-02 4.95638281e-01
    4.97458875e-02 9.82185960e-01 9.11565959e-01 8.72041106e-01
    2.28408217e-01 1.87901139e-01 9.16346312e-01 5.40245891e-01
    1.84799314e-01 2.49977857e-01 3.46373856e-01 8.75322580e-01
    2.60901928e-01 1.22326851e-01 5.98177075e-01 6.54241383e-01
    6.93990171e-01 6.07652366e-01 7.50070691e-01 8.23779941e-01
    9.07616198e-01 1.39723897e-01 1.30775154e-01 2.75775194e-01
    8.83874297e-01 1.60208464e-01 3.15196812e-01 1.21626794e-01
    6.20012879e-01 8.22659850e-01 1.48359329e-01 2.30907768e-01
    5.92417896e-01 7.57999301e-01 5.21762609e-01 1.91492438e-01
    1.07885778e-01 1.87333226e-01 8.03056240e-01 4.61191118e-01
    2.94827819e-01 9.48018312e-01 9.69312191e-01 1.24175966e-01
    2.48139679e-01 1.51097685e-01 1.10190541e-01 7.47637272e-01
    9.54812646e-01 9.59067941e-01 7.76030540e-01 3.02288771e-01
    9.29078758e-01 9.68381226e-01 4.89962667e-01 2.24008083e-01
    1.23580903e-01 1.68217242e-01 5.64963877e-01 7.77873516e-01
    6.28085554e-01 8.47643375e-01 7.71514058e-01 1.14966869e-01
    9.20949459e-01 8.67237210e-01 5.07245600e-01 3.90038490e-01
    5.85397184e-01 3.81282240e-01 2.22677231e-01 7.67720103e-01
    3.84918392e-01 2.22930908e-02 6.67993665e-01 2.12651432e-01
    1.38275862e-01 9.30496156e-01 2.18156129e-01 7.60436296e-01
    3.42472583e-01 2.80155838e-01 5.73219001e-01 7.97485948e-01
    6.10450387e-01 6.87169909e-01 9.40971613e-01 1.67142600e-01
    8.61704171e-01 9.75993335e-01 9.64676559e-01 6.53459430e-01
    8.09352636e-01 8.84293020e-02 6.36895180e-01 1.68804109e-01
    1.01775825e-02 2.48959661e-01 5.85668981e-01 2.02658057e-01
    9.67868149e-01 6.14638627e-01 2.49316484e-01 3.97053987e-01
    1.70590311e-01 1.83586508e-01 4.78257984e-01 6.59432471e-01
    2.31678009e-01 7.61853933e-01 8.78628373e-01 1.47401094e-01
    2.07697511e-01 7.44723499e-01 5.46817362e-01 6.81879759e-01
    6.76221371e-01 9.92852569e-01 7.33033717e-01 7.08718538e-01
    4.53916848e-01 2.70611495e-01 5.58663547e-01 3.54001164e-01
    4.31351542e-01 1.68275952e-01 2.68511474e-02 7.27507651e-01
    6.08367860e-01 5.47394454e-01 7.09521770e-01 5.69853783e-02
    2.20871001e-01 7.61807561e-01 2.96057492e-01 7.27666497e-01
    9.82926011e-01 7.42036581e-01 2.45094091e-01 3.37540597e-01
    9.49756801e-01 9.65345204e-01 1.82654858e-02 4.00512785e-01
    5.17945647e-01 4.15848345e-01 1.53757542e-01 9.47931349e-01
    2.43757576e-01 6.77527189e-02 6.81674480e-02 3.71457040e-01
    3.37459326e-01 1.89040959e-01 5.79522371e-01 7.37014711e-01
    8.15315843e-01 5.45098603e-01 4.50804412e-01 4.65179384e-01
    4.26197410e-01 1.67275965e-02 3.29775870e-01 4.49956954e-02
    3.30806077e-02 1.82395786e-01 9.70786214e-01 2.56204247e-01
    2.61777639e-01 9.40443695e-01 3.23103011e-01 6.75222993e-01
    8.97028208e-01 6.73476815e-01 4.94014263e-01 8.52655053e-01
    7.87875772e-01 6.42507911e-01 6.29273713e-01 2.00559527e-01
    6.32942319e-02 8.67973566e-01 7.72350490e-01 9.29256856e-01
    5.39724350e-01 9.56025004e-01 7.12023556e-01 9.63171065e-01
    3.01735282e-01 8.78447890e-01 6.49882793e-01 4.59614366e-01
    4.93049622e-01 5.59246182e-01 3.03259462e-01 5.43109775e-01
    5.74926078e-01 3.60843837e-02 5.07083237e-02 4.61855471e-01
    7.35612929e-01 1.91836029e-01 1.19280100e-01 2.26961762e-01
    6.84807599e-02 4.83972877e-01 3.97160709e-01 4.63623106e-01
    9.51598465e-01 8.47753882e-03 5.78277230e-01 6.70884848e-01
    5.64815700e-01 6.89090252e-01 8.67795646e-02 9.76242721e-01
    7.36819744e-01 7.64695883e-01 2.05100477e-02 6.32215321e-01
    8.80876660e-01 4.38081801e-01 5.11429310e-01 8.85936379e-01
    2.87205547e-01 4.82742846e-01 1.53643519e-01 8.88254464e-01
    5.73272824e-01 1.00260049e-01 9.24293995e-01 9.49365318e-01
    1.11494869e-01 8.29587221e-01 5.28408647e-01 8.02701592e-01
    1.11083925e-01 5.74257791e-01 8.36325645e-01 2.13792562e-01
    6.68304741e-01 2.86612332e-01 9.22042489e-01 7.99925804e-01
    2.93271333e-01 4.44211304e-01 7.65714288e-01 8.30021977e-01
    7.69480526e-01 5.01354158e-01 4.94893819e-01 5.28993547e-01
    4.39659595e-01 3.67844105e-01 7.00054169e-01 5.21358609e-01
    7.81332135e-01 9.29870605e-01 9.88027990e-01 3.31152260e-01
    4.99732107e-01 2.01674700e-02 6.30461574e-01 8.70166659e-01
    6.36898339e-01 1.83130205e-02 7.60955751e-01 9.05339420e-02
    3.08671802e-01 8.81816268e-01 2.82849133e-01 3.72227460e-01
    2.07227945e-01 4.82899845e-01 9.03507352e-01 7.69819081e-01
    2.11084396e-01 3.97625923e-01 5.10825694e-01 5.93475640e-01
    9.32982564e-01 4.66444939e-01 4.36759531e-01 3.91724527e-01
    3.98260146e-01 5.47606945e-02 5.21922052e-01 2.48514175e-01
    9.97206807e-01 9.60587025e-01 3.74167323e-01 2.00352162e-01
    3.08723152e-01 9.67544377e-01 3.02688658e-01 2.33941972e-01
    6.81871295e-01 2.41862684e-01 6.83459401e-01 3.76364231e-01
    2.15357304e-01 3.47843945e-01 3.17729652e-01 8.77598345e-01
    1.88416600e-01 7.12493360e-01 1.16367698e-01 4.66837287e-02
    4.26075041e-01 7.94052720e-01 4.25718337e-01 6.65635943e-01
    7.67780900e-01 7.60530114e-01 6.96518242e-01 1.43232524e-01
    7.67108321e-01 7.05470920e-01 5.39331794e-01 4.64947194e-01
    9.66230392e-01 2.70271301e-03 6.85475945e-01 9.93195117e-01
    2.99086273e-02 9.43667591e-01 1.90936297e-01 6.33221686e-01
    8.80267978e-01 7.13442981e-01 1.14113480e-01 3.26292008e-01
    7.52962649e-01 7.94800997e-01 1.43833637e-01 9.60502028e-01
    4.29000854e-01 2.57512808e-01 2.64153421e-01 8.61326337e-01
    1.36788875e-01 5.54429531e-01 2.09779829e-01 9.79995668e-01
    8.74155760e-01 4.89308834e-01 5.77053487e-01 2.25816369e-01
    7.74952710e-01 3.94237012e-01 8.03699732e-01 7.22464621e-02
    8.07174444e-01 3.21478784e-01 1.28964782e-01 3.99295002e-01
    8.07740986e-02 4.97784108e-01 4.62354571e-01 2.45068341e-01
    2.52396673e-01 8.85240912e-01 1.01735264e-01 2.99649060e-01
    1.53543651e-02 9.99637842e-01 4.88736689e-01 7.26017952e-01
    5.15268564e-01 9.24512863e-01 3.76880854e-01 2.33380198e-01
    5.90482473e-01 8.07151973e-01 6.61316991e-01 8.61508727e-01
    6.99869990e-02 1.10420823e-01 7.15396523e-01 8.03377926e-01
    4.44004744e-01 1.85363144e-01 5.59528828e-01 2.97050655e-01
    6.48939610e-02 3.39045525e-01 8.85247231e-01 4.57494587e-01
    8.36368620e-01 4.12434131e-01 6.43397689e-01 2.42262572e-01
    1.32700294e-01 4.92126584e-01 9.22574341e-01 8.91801476e-01
    1.92928076e-01 6.79543018e-02 4.81441826e-01 3.73915672e-01
    7.72176623e-01 5.76811254e-01 2.35539079e-01 3.69006693e-02
    7.63126731e-01 7.44036794e-01 9.68363881e-02 3.62477154e-01
    7.60840297e-01 9.97824430e-01 9.29414034e-01 2.39092022e-01
    4.36623305e-01 6.94733262e-01 3.48303109e-01 3.89810205e-01
    1.95095867e-01 9.11882877e-01 8.95600915e-01 8.49973321e-01
    8.18875074e-01 7.10287809e-01 3.56905341e-01 5.80595434e-01
    8.37500811e-01 3.31894040e-01 3.98295522e-02 4.50536609e-03
    5.29415548e-01 2.76487887e-01 7.61891961e-01 6.85409307e-01
    4.54803437e-01 9.45249379e-01 7.86486328e-01 4.20591325e-01
    9.06448841e-01 5.85175872e-01 3.43118131e-01 9.16920066e-01
    6.48970783e-01 7.41920233e-01 5.65407395e-01 5.81059694e-01
    9.98831630e-01 6.91611886e-01 9.51221108e-01 3.88690233e-02
    5.67036271e-02 9.27869380e-01 2.19145924e-01 2.41691321e-01
    5.53501368e-01 4.24607873e-01 6.46534562e-02 3.47754389e-01
    5.36116660e-02 1.17464393e-01 2.74559677e-01 3.69371951e-01
    9.58914757e-02 6.87346816e-01 3.40457857e-02 4.21922326e-01
    4.40622389e-01 6.74951911e-01 5.42212605e-01 4.96212482e-01
    6.40750825e-02 8.13352048e-01 3.51873904e-01 3.56260538e-01
    3.06729317e-01 6.06139421e-01 6.01381302e-01 1.92486048e-02
    1.36734486e-01 2.52562523e-01 4.09231007e-01 5.76413155e-01
    6.46826446e-01 8.16388845e-01 4.16947603e-01 7.46337593e-01
    2.27328718e-01 6.62847102e-01 5.98616719e-01 1.49230063e-01
    1.49461895e-01 9.54228699e-01 2.29092091e-01 7.39887834e-01
    2.29920030e-01 2.22598821e-01 9.88792658e-01 9.24475908e-01
    2.86028683e-01 5.62729657e-01 8.78877401e-01 5.66983163e-01
    9.19572830e-01 2.56537527e-01 1.21913850e-01 8.78568709e-01
    1.91080034e-01 8.20884049e-01 8.69277298e-01 3.96699101e-01
    3.50111693e-01 5.64906299e-02 8.39302778e-01 6.28977239e-01
    7.71339118e-01 2.13297427e-01 9.02246237e-01 2.51869500e-01
    2.78234273e-01 5.26232004e-01 2.62844861e-01 5.66542149e-01
    8.67756069e-01 1.39506489e-01 2.55168110e-01 3.07593971e-01
    9.64255273e-01 2.97461540e-01 7.48161018e-01 9.61045742e-01
    1.52721345e-01 1.98728293e-01 4.33797747e-01 7.59138465e-01
    8.38325024e-01 5.68199158e-01 4.78471428e-01 4.64187264e-01
    8.86000156e-01 4.22973722e-01 1.38175875e-01 8.07401359e-01
    4.13197637e-01 4.32920694e-01 8.88002038e-01 9.64515924e-01
    9.38970327e-01 4.91023719e-01 4.50768322e-01 9.42586958e-02
    3.93314004e-01 6.74550891e-01 9.73518014e-01 3.58608872e-01
    5.33443391e-02 4.68970776e-01 3.52467895e-02 9.94649947e-01
    8.51203799e-01 5.63362300e-01 7.78593421e-01 5.62039495e-01
    3.38622689e-01 3.71847451e-01 2.33227313e-01 1.16805434e-01
    9.92134869e-01 6.27079070e-01 2.38216519e-01 8.33169222e-01
    1.72245592e-01 1.48173869e-01 6.30243897e-01 2.31495380e-01
    9.21854615e-01 8.71665537e-01 8.34559858e-01 4.17718738e-01
    1.12628937e-03 2.53831625e-01 1.90484911e-01 1.25080079e-01
    2.28261113e-01 9.20929551e-01 5.52926183e-01 9.70569849e-01
    2.35449344e-01 2.24831671e-01 9.48418856e-01 6.55394435e-01
    9.59035754e-03 3.46970797e-01 6.50884449e-01 6.42192543e-01
    5.11406779e-01 2.77877152e-01 3.42935592e-01 5.71648479e-01
    4.73516554e-01 3.76201153e-01 1.72911882e-01 6.78289533e-01
    8.03561807e-01 8.13096642e-01 2.95002043e-01 7.68041611e-01
    2.79170692e-01 1.46392941e-01 1.20520085e-01 8.27300847e-02
    6.01738095e-01 5.88175595e-01 1.91690326e-02 8.73458982e-01
    7.78972149e-01 5.25165200e-02 1.50317252e-02 9.59499836e-01
    1.36327446e-02 6.96532607e-01 1.85269862e-01 1.18937165e-01
    5.66191673e-01 8.39952409e-01 7.09871531e-01 1.95776939e-01
    8.47179294e-02 7.28303611e-01 3.62897158e-01 3.63841355e-01
    8.66195381e-01 4.95219827e-02 9.39585328e-01 7.84787714e-01
    1.68773085e-01 3.68058443e-01 9.76243138e-01 3.50474775e-01
    4.20278996e-01 2.46933460e-01 3.83988500e-01 8.14564764e-01
    5.84154963e-01 8.83147597e-01 2.42313445e-02 8.02378893e-01
    8.82250786e-01 6.45720005e-01 7.89691687e-01 7.34479666e-01
    4.05517757e-01 8.42406332e-01 6.61831975e-01 7.80647457e-01
    5.21676660e-01 5.04211247e-01 7.07444191e-01 8.02576363e-01
    4.34064388e-01 2.77393758e-01 7.38753438e-01 4.08808053e-01
    3.16253960e-01 4.90033805e-01 7.16483355e-01 9.04924989e-01
    1.21689141e-01 7.92332947e-01 1.33204013e-01 8.37936282e-01
    9.59163606e-01 7.68507540e-01 2.97822624e-01 2.16115355e-01
    3.77596915e-02 2.25727886e-01 3.81593525e-01 8.38753700e-01
    4.94482785e-01 9.79320526e-01 1.05494112e-01 1.20124519e-02
    6.42545521e-01 5.41602015e-01 2.71391332e-01 8.80440235e-01
    2.45085686e-01 3.17190349e-01 1.46725774e-01 6.01822734e-01
    7.00188041e-01 1.71833634e-01 2.72201329e-01 4.09454912e-01
    6.95233345e-01 4.53074962e-01 6.88644886e-01 6.31185293e-01
    3.34247530e-01 4.92235839e-01 1.91236377e-01 3.07752967e-01
    3.29276860e-01 4.41000342e-01 7.71337152e-01 7.40253627e-01
    3.55444252e-02 9.16046262e-01 9.21491861e-01 6.68888688e-01
    7.02175379e-01 8.83653998e-01 7.87131131e-01 6.80843532e-01
    3.88437241e-01 6.67964458e-01 1.83380008e-01 8.61287653e-01
    7.88801074e-01 8.97004247e-01 1.87189072e-01 7.34331727e-01
    1.10313654e-01 9.53246474e-01 2.13055551e-01 9.95532155e-01
    3.07253450e-01 9.94563937e-01 6.41313910e-01 7.80744791e-01
    6.62332118e-01 8.27698410e-01 6.16608202e-01 4.24799591e-01
    5.77505708e-01 3.81416708e-01 1.13988489e-01 2.62566686e-01
    7.18207896e-01 9.44999337e-01 3.06794822e-01 4.46989179e-01
    6.80821419e-01 1.68206125e-01 8.05872202e-01 1.40250683e-01
    9.71794724e-01 3.31976354e-01 1.11179322e-01 4.11539316e-01
    4.31597531e-02 4.15150881e-01 7.67797053e-01 4.40886468e-01
    7.82560706e-01 9.96198475e-01 1.41596198e-01 3.76880527e-01
    4.46123630e-01 6.69411719e-01 3.06555808e-01 7.36071229e-01
    9.09446001e-01 8.55568409e-01 2.94488132e-01 3.22602451e-01
    3.30547869e-01 5.03494143e-01 3.42489600e-01 3.27868342e-01
    7.81316161e-02 5.40597737e-02 6.52302265e-01 7.74088264e-01
    5.82339585e-01 7.48750687e-01 9.15693998e-01 2.92022526e-01
    8.63028526e-01 1.79596335e-01 5.13155162e-01 1.28590077e-01
    1.65471137e-02 5.66556334e-01 2.54735291e-01 6.46065712e-01
    1.41240209e-01 5.20186126e-01 5.39582193e-01 9.59596574e-01
    6.26085162e-01 5.43263257e-01 8.61768544e-01 2.99177736e-01
    9.68851388e-01 1.99757248e-01 6.62030280e-01 2.71624923e-01
    4.21649575e-01 4.78599995e-01 9.22130764e-01 2.02526301e-01
    2.97809601e-01 7.17670321e-01 1.30809575e-01 8.28087747e-01
    3.06074500e-01 4.50893193e-01 4.09907103e-02 5.59497118e-01
    1.27712429e-01 3.84525985e-01 5.05683601e-01 6.38440251e-01
    6.20619535e-01 2.62132406e-01 1.89996064e-01 5.31971455e-03
    3.06675285e-01 7.20408082e-01 2.82126576e-01 1.70930713e-01
    6.89859271e-01 6.35871053e-01 9.44575787e-01 5.95983505e-01
    9.68487382e-01 5.78697383e-01 1.23982519e-01 1.46304905e-01
    3.80631089e-01 5.31597614e-01 5.77494621e-01 9.43260908e-01
    6.89898729e-02 7.33673275e-01 7.64866114e-01 5.09685099e-01
    3.27388167e-01 2.91058600e-01 8.42554271e-02 4.38448727e-01
    8.46164525e-02 5.97200632e-01 8.07359159e-01 2.19559431e-01
    8.54668260e-01 2.36732155e-01 7.33410954e-01 8.76432657e-03
    7.46938884e-01 9.36962962e-02 2.50440001e-01 4.55475479e-01
    8.46154332e-01 2.11414993e-01 5.07762969e-01 2.65339315e-01
    6.03818953e-01 8.99557352e-01 5.54868042e-01 9.13631976e-01
    5.17041683e-01 2.21704572e-01 2.05646217e-01 5.83382547e-01
    3.64593655e-01 1.21012330e-02 4.22382355e-03 6.67924106e-01
    3.32317889e-01 4.10602242e-01 5.37461698e-01 4.84349728e-01
    3.04055393e-01 3.18306804e-01 9.05274451e-02 5.25757015e-01
    3.98032486e-01 3.99196148e-03 4.34890777e-01 3.33201200e-01
    6.28991008e-01 4.15409654e-01 5.24159968e-01 3.59337151e-01
    7.36610889e-01 6.52190149e-01 8.12827468e-01 6.30408645e-01
    6.18873596e-01 1.08850777e-01 5.36291599e-02 8.30398142e-01
    3.50507319e-01 4.38875854e-01 4.37062830e-01 8.78901541e-01
    4.53923702e-01 5.79104722e-01 7.25053728e-01 1.87542915e-01
    3.23056012e-01 1.21020675e-02 8.24757695e-01 9.32807446e-01
    1.39823318e-01 6.15196824e-01 3.26753020e-01 7.34494567e-01
    8.25553417e-01 1.60957813e-01 7.83547521e-01 9.50099826e-01
    2.12344259e-01 4.99441504e-01 7.06944764e-01 5.97792923e-01
    1.63550496e-01 9.45403636e-01 2.74755150e-01 7.29299188e-02
    9.10166383e-01 4.61298466e-01 3.46329808e-03 5.47025919e-01
    4.23024148e-01 2.82600224e-01 6.88731253e-01 3.94211650e-01
    3.94458979e-01 7.87927687e-01 9.85915303e-01 1.38977826e-01
    6.02230906e-01 4.16621149e-01 9.50687766e-01 9.87649858e-01
    8.19982290e-01 1.98225617e-01 2.68431336e-01 4.51220602e-01
    3.86688411e-02 1.12364650e-01 2.44404763e-01 9.63523626e-01
    8.24660659e-01 5.69496453e-01 8.02628100e-01 8.08948278e-03
    6.13665402e-01 5.78132510e-01 4.68567878e-01 7.37242937e-01
    1.20247602e-01 4.85986680e-01 2.72344708e-01 8.75602245e-01
    5.55936098e-01 1.48417950e-01 5.80590308e-01 6.42792165e-01
    3.48533124e-01 3.91428888e-01 8.87909710e-01 5.35601974e-01
    7.24810362e-01 2.01892167e-01 3.51369202e-01 1.08368605e-01
    2.18478709e-01 9.99946237e-01 3.13287079e-01 9.74311352e-01
    4.80974257e-01 3.08009297e-01 4.94627595e-01 8.39884877e-01
    7.64364898e-02 5.75152814e-01 9.86306310e-01 3.46362531e-01
    5.45077264e-01 8.04377139e-01 3.96510661e-02 9.77990746e-01
    4.42887753e-01 8.73560965e-01 1.15169555e-01 4.25888300e-01
    6.88143075e-01 7.72342443e-01 2.99254507e-01 6.16300881e-01
    6.56164885e-01 2.93227196e-01 4.97748852e-01 4.21348214e-01
    5.07653356e-02 3.06209058e-01 9.99099970e-01 3.84904504e-01
    1.59029186e-01 3.31142962e-01 9.48999643e-01 9.35416222e-01
    4.67416018e-01 2.55519748e-02 5.20570874e-01 2.61876374e-01
    8.67902875e-01 2.98750877e-01 3.27207804e-01 8.66170645e-01
    7.95792043e-02 6.09444618e-01 6.61206365e-01 1.16306901e-01
    1.97621971e-01 5.13864160e-01 9.21949863e-01 6.61462784e-01
    2.82802314e-01 3.62685800e-01 2.28784680e-01 9.91563737e-01
    7.89869547e-01 8.90115261e-01 6.22577071e-01 9.25193489e-01
    9.33600962e-02 2.64398098e-01 3.05566609e-01 6.30248189e-02
    1.28464460e-01 1.48261577e-01 5.44152200e-01 9.04331565e-01
    5.84882677e-01 4.30798531e-01 1.73855215e-01 3.90664905e-01
    5.59346557e-01 4.72230554e-01 2.52837062e-01 7.45460391e-01
    3.76215279e-02 9.12530363e-01 1.12917095e-01 3.81157905e-01
    6.52886391e-01 6.78511441e-01 1.65527225e-01 5.93439937e-01
    8.32530975e-01 1.93684846e-01 6.36751056e-01 2.24946320e-01
    6.05720460e-01 9.82965231e-01 7.02604234e-01 9.47545528e-01
    9.34182346e-01 5.80282688e-01 1.81084663e-01 4.49116379e-01
    8.46027374e-01 9.52074051e-01 5.02771735e-02 7.23542809e-01
    6.78861439e-01 8.33955407e-01 9.93574977e-01 4.61833358e-01
    2.12443560e-01 2.64625251e-01 1.62697643e-01 5.53351641e-01
    6.38879955e-01 7.66158223e-01 3.33333135e-01 3.56262207e-01
    9.78758872e-01 1.53256595e-01 7.08501160e-01 8.75049710e-01
    2.59560347e-01 3.32311809e-01 8.19463968e-01 8.91228020e-02
    2.55933046e-01 9.25348639e-01 5.22751987e-01 6.25159442e-01
    7.50618339e-01 9.25366521e-01 1.06924742e-01 3.33201289e-02
    4.24034894e-01 9.70959365e-01 8.45521569e-01 1.06685013e-01
    8.46456885e-01 7.71885872e-01 8.59298944e-01 9.86835182e-01
    2.24421054e-01 7.71848857e-02 4.83658612e-01 1.81630135e-01
    4.65683669e-01 7.23494947e-01 8.03997636e-01 9.26497102e-01
    2.85067558e-02 5.16352236e-01 4.68659401e-02 4.71119046e-01
    9.02323604e-01 3.23099196e-01 6.70408309e-01 5.04348993e-01
    8.52765620e-01 3.50043416e-01 5.93376637e-01 8.11387420e-01
    3.15594673e-01 6.19934797e-02 1.92852825e-01 6.33058310e-01
    3.80614430e-01 1.02186292e-01 2.25771278e-01 7.60382295e-01
    3.52200687e-01 9.48532283e-01 6.66993320e-01 6.81164682e-01
    3.08933109e-01 6.82855487e-01 8.59300375e-01 6.63326740e-01
    6.61669612e-01 2.52194285e-01 1.37805939e-04 7.51995265e-01
    9.09152746e-01 9.88355219e-01 9.95436728e-01 7.67994344e-01
    1.20460093e-01 1.55316591e-02 5.99392176e-01 9.82590318e-01
    5.27765155e-01 7.97338486e-02 4.19826508e-01 1.68823868e-01
    9.27081406e-02 3.48944724e-01 3.92604530e-01 7.71128297e-01
    6.00997210e-01 9.19674098e-01 9.42747593e-01 8.87398720e-02
    4.85964209e-01 8.93383265e-01 1.93988591e-01 6.12467110e-01
    3.90015721e-01 5.26294291e-01 3.29074770e-01 7.22323298e-01
    4.24569249e-02 4.15675640e-01 9.84065533e-01 9.40592885e-01
    8.09698939e-01 5.57376862e-01 1.92420304e-01 9.72323358e-01
    7.50397563e-01 5.88800251e-01 2.45068789e-01 5.10215461e-02
    7.37760067e-01 9.35364366e-01 9.92991984e-01 4.01609242e-02
    1.13208741e-01 2.18387455e-01 9.22104478e-01 1.16458029e-01
    7.37535775e-01 1.99430317e-01 2.01345444e-01 4.94083762e-02
    2.38672256e-01 5.22464514e-01 9.42222476e-01 3.07813972e-01
    1.46757543e-01 9.00623620e-01 6.09071434e-01 2.04697549e-01
    9.57246244e-01 8.34500015e-01 7.52572179e-01 8.01523149e-01
    5.08717477e-01 9.55893993e-01 6.23929799e-01 5.25801182e-02
    5.43040276e-01 1.66198581e-01 7.86570191e-01 2.27684349e-01
    9.46043551e-01 3.51986289e-01 6.44921899e-01 9.05896127e-02
    1.56362236e-01 5.42245507e-01 3.71134281e-03 7.90658116e-01
    3.26595843e-01 8.16929221e-01 5.25637209e-01 2.38097191e-01
    2.11353809e-01 9.04371262e-01 2.91540146e-01 5.59095025e-01
    1.49371803e-01 7.03099132e-01 6.39836073e-01 4.42476541e-01
    3.50603461e-01 2.39535958e-01 5.51268399e-01 7.62399554e-01
    6.78966939e-02 7.82030463e-01 7.87975252e-01 2.24393815e-01
    7.57824600e-01 5.59865594e-01 9.27803218e-02 9.12304819e-02
    7.47070432e-01 3.01375598e-01 4.06542480e-01 3.96406591e-01
    9.32100117e-01 6.38572752e-01 6.75281405e-01 5.23368597e-01
    4.28073883e-01 9.89666998e-01 3.16689610e-02 1.27272606e-01
    6.44222677e-01 2.47769982e-01 4.62302029e-01 1.20606422e-02
    5.68836212e-01 7.80286014e-01 7.74491429e-02 1.71648592e-01
    9.77367640e-01 3.48830611e-01 6.93955302e-01 5.25154114e-01
    6.43990040e-01 1.41906887e-01 1.92367226e-01 5.32122314e-01
    8.79752278e-01 2.49728709e-01 9.40674782e-01 8.49242330e-01
    9.30447459e-01 4.65592563e-01 2.55986899e-01 9.42274809e-01
    4.95508611e-02 5.24392903e-01 5.22966385e-01 6.86373234e-01
    4.87954617e-01 9.91822958e-01 4.84183908e-01 4.85018015e-01
    7.04103053e-01 1.94066375e-01 3.69699448e-01 2.77447999e-02
    2.92368472e-01 4.63918269e-01 4.74964559e-01 8.26372385e-01
    2.98339665e-01 4.25002575e-01 7.61468291e-01 4.59650755e-01
    3.59651744e-02 6.67758107e-01 6.64139569e-01 4.24905717e-01
    9.70100284e-01 2.68070549e-01 4.77143377e-01 6.51625514e-01
    9.04517531e-01 6.75512493e-01 7.15430856e-01 7.88117290e-01
    5.95453918e-01 2.83393264e-02 5.51185012e-01 5.55266321e-01
    1.65712982e-01 4.39557135e-02 3.91326904e-01 6.38966382e-01
    9.10121799e-01 8.30626249e-01 6.54250681e-02 7.16554880e-01
    2.87358910e-01 1.64474100e-01 8.90980482e-01 6.74436092e-01
    4.48485583e-01 9.50029016e-01 8.51189017e-01 5.63628078e-01
    8.79405975e-01 7.85607576e-01 5.20378053e-01 1.21320099e-01
    1.31020814e-01 8.82260084e-01 7.15254724e-01 5.57523489e-01
    7.86429405e-01 9.18981910e-01 9.25683379e-01 7.92731941e-02
    4.02693212e-01 4.58638936e-01 3.79103273e-01 1.61411494e-01
    5.13295829e-01 1.22226208e-01 3.66930425e-01 9.78174090e-01
    5.80179095e-02 3.78155231e-01 8.27625394e-03 4.34266150e-01
    2.56281435e-01 2.99755573e-01 2.71233618e-01 2.89351940e-02
    9.68256712e-01 6.81435168e-02 4.36953217e-01 9.00650263e-01
    6.32468104e-01 3.15556943e-01 9.33153629e-02 8.45028162e-01
    8.47575426e-01 2.89602101e-01 2.94765770e-01 2.97400862e-01
    7.03979254e-01 2.79035032e-01 5.03081262e-01 7.07641304e-01
    3.26272249e-01 4.00220156e-01 1.09863162e-01 1.40070140e-01
    2.09236234e-01 9.65983152e-01 5.04967690e-01 8.85262072e-01
    2.82269716e-03 8.54727507e-01 2.27605402e-02 2.07785070e-01
    9.92826998e-01 8.75223517e-01 9.77832973e-02 2.46347278e-01
    4.54461038e-01 9.21896398e-02 6.80048585e-01 7.26604164e-02
    4.23553318e-01 9.67973232e-01 8.71207356e-01 2.08799720e-01
    4.89559770e-03 3.09408188e-01 9.25842047e-01 7.02091753e-01
    7.43058503e-01 6.71377540e-01 7.28749514e-01 8.12972307e-01
    2.34639078e-01 9.78682637e-01 2.88667083e-01 5.75909197e-01
    6.93474770e-01 6.72578812e-01 7.90024221e-01 6.34491682e-01
    2.13849813e-01 6.28927946e-01 4.27805841e-01 3.97951305e-02
    1.54641867e-02 8.07721376e-01 4.42335159e-01 5.86765647e-01
    7.37500191e-01 6.22683525e-01 5.13141453e-01 2.41716594e-01
    9.14615750e-01 4.44140375e-01 1.14012659e-01 7.87770271e-01
    6.40503407e-01 6.75495028e-01 7.90693283e-01 3.09231907e-01
    5.77852905e-01 5.37993848e-01 9.89792705e-01 4.87880051e-01
    8.03450882e-01 4.75556910e-01 3.34699750e-02 1.87942684e-02
    1.86883748e-01 5.86842835e-01 4.10760880e-01 5.11015594e-01
    1.70135766e-01 9.68444526e-01 1.03485107e-01 8.98704708e-01
    5.36222279e-01 6.53680980e-01 5.29552817e-01 6.88671172e-01
    4.40888405e-01 8.74387324e-02 6.34148717e-01 6.91098392e-01
    9.69330013e-01 2.40028441e-01 4.11917984e-01 9.62198138e-01
    5.33880532e-01 1.73398852e-01 9.14513588e-01 3.51047814e-01
    2.86801904e-01 2.19237804e-03 6.39225841e-01 5.96780062e-01
    5.17077267e-01 1.61910862e-01 3.82322550e-01 9.61333036e-01
    6.49578214e-01 2.16711223e-01 7.46943295e-01 1.62535906e-01
    3.28688294e-01 3.83504570e-01 8.01770926e-01 5.37522554e-01
    1.49528742e-01 4.44359064e-01 1.06592804e-01 7.17391431e-01
    3.83531749e-02 2.05320388e-01 7.21622050e-01 9.42875147e-01
    6.19231164e-01 4.90551144e-01 4.89930004e-01 8.01917076e-01
    4.63938534e-01 2.46287316e-01 7.19599962e-01 1.34202659e-01
    2.34528601e-01 8.69855762e-01 8.04013968e-01 2.71572948e-01
    1.92893386e-01 7.23811269e-01 8.80515933e-01 1.44115597e-01
    2.46061832e-01 7.51493573e-01 9.05215383e-01 9.08989906e-01
    8.32917452e-01 1.23029947e-03 1.53085500e-01 7.99207807e-01
    3.78695786e-01 1.64942741e-01 3.50306571e-01 7.41586387e-01
    7.71479368e-01 2.39141971e-01 5.33502758e-01 2.76433647e-01
    8.96906853e-01 2.57240295e-01 6.65981114e-01 4.57152367e-01
    8.18132579e-01 5.80520451e-01 3.75089884e-01 4.43825930e-01
    7.42498994e-01 4.58614528e-01 3.16388667e-01 4.27715659e-01
    5.94931304e-01 3.15782666e-01 9.18618858e-01 1.89648151e-01
    2.50607252e-01 9.64663148e-01 1.81696206e-01 8.24850559e-01
    9.52644467e-01 3.07107747e-01 1.96107119e-01 9.68082428e-01
    9.62122440e-01 1.63325161e-01 6.51416898e-01 6.54385090e-01
    5.42165697e-01 3.91261876e-02 6.18551373e-01 9.19122219e-01
    7.15160012e-01 6.92064881e-01 8.97174001e-01 6.35051608e-01
    4.68885213e-01 6.75881267e-01 6.94953799e-02 9.26248312e-01
    1.17282063e-01 9.21908915e-02 7.63428509e-01 4.51879144e-01
    9.06285644e-02 9.31092501e-01 7.95420229e-01 4.79562283e-02
    9.62059915e-01 5.93351185e-01 4.63566780e-01 8.23379636e-01
    4.08000797e-01 1.12539947e-01 2.92614669e-01 8.83446336e-01
    3.41930300e-01 5.98610282e-01 3.39625359e-01 1.01908505e-01
    5.23903131e-01 8.48310590e-01 2.20243931e-02 7.93702185e-01
    6.53110981e-01 9.91506219e-01 6.84509277e-01 2.97384918e-01
    9.07489538e-01 7.39258111e-01 2.44801939e-01 2.44194835e-01
    8.84929299e-02 1.93170339e-01 5.87840974e-01 1.13116205e-01
    5.55419624e-01 4.59084094e-01 9.15640652e-01 2.25657701e-01
    1.30280554e-01 2.48572767e-01 1.37748718e-02 8.45803142e-01
    6.21416688e-01 7.23392904e-01 4.49656725e-01 5.20594120e-01
    4.51722234e-01 4.12383676e-03 5.85487425e-01 5.16243756e-01
    9.76224065e-01 7.68832266e-02 8.71313810e-01 3.19558978e-01
    2.97457516e-01 6.20964408e-01 7.59513557e-01 7.94159770e-02
    7.12362647e-01 4.68554676e-01 1.44707233e-01 3.32543373e-01
    3.83508623e-01 5.80077887e-01 4.88089442e-01 1.22594059e-01
    8.59827340e-01 4.69418257e-01 7.72824109e-01 1.94196612e-01
    6.05940163e-01 8.67314339e-01 3.31392407e-01 8.63287210e-01
    7.27136135e-01 3.71600926e-01 6.06683850e-01 4.96689767e-01
    3.38835835e-01 8.94581854e-01 2.63382763e-01 7.38250256e-01
    1.08086526e-01 6.51059747e-01 1.58498943e-01 7.78238773e-02
    2.91396022e-01 1.39617950e-01 2.63974518e-01 3.19769025e-01
    4.47436392e-01 6.54492736e-01 6.40062332e-01 2.71507382e-01
    7.91578531e-01 1.62067533e-01 3.27418566e-01 8.40827763e-01
    6.52780414e-01 8.56355548e-01 6.77187264e-01 2.95690060e-01
    2.22225755e-01 8.67792964e-01 6.18181288e-01 8.89885664e-01
    8.31168830e-01 3.90824139e-01 6.12856388e-01 9.31854725e-01
    8.82113457e-01 6.81105673e-01 2.04922020e-01 8.70795131e-01
    4.86483902e-01 3.38426769e-01 8.44347417e-01 5.85293293e-01
    2.73321062e-01 6.82017326e-01 1.29538536e-01 1.64704800e-01
    3.23952734e-02 5.78173339e-01 1.50240690e-01 9.11784470e-01
    7.85095453e-01 6.19774103e-01 4.30635810e-02 1.62862837e-02
    6.60792112e-01 5.08906424e-01 1.80741519e-01 7.98315883e-01
    4.61454988e-01 5.28932393e-01 5.46902657e-01 8.27616274e-01
    4.28165585e-01 8.62883806e-01 9.73341286e-01 2.72718310e-01
    2.75560707e-01 8.01733136e-01 1.76082492e-01 1.27604038e-01
    7.75376558e-02 6.87016129e-01 2.73433626e-02 2.24226773e-01
    7.90297687e-02 5.94645262e-01 1.46718085e-01 1.12867296e-01
    9.70302224e-02 8.69587183e-01 2.62858510e-01 4.49622810e-01
    8.51665974e-01 4.47604597e-01 3.67074490e-01 7.23283827e-01
    9.34514642e-01 1.58181906e-01 2.50363797e-01 6.52231097e-01
    3.86687130e-01 8.96012783e-03 3.09171796e-01 8.37639272e-01
    3.46542478e-01 2.85034239e-01 5.06800354e-01 7.57452309e-01
    8.67806673e-01 2.35084534e-01 2.65976518e-01 1.80595487e-01
    8.69342089e-01 8.01267326e-01 5.68325818e-01 7.24220216e-01
    6.68575764e-01 5.50515532e-01 6.53175592e-01 3.72114629e-01
    7.29007721e-01 5.72780132e-01 6.66476727e-01 5.97094774e-01
    3.82916838e-01 7.63256550e-01 3.03293169e-01 3.34278345e-02
    4.30974752e-01 5.02821386e-01 2.05811203e-01 8.93421948e-01
    8.62876117e-01 1.50357038e-01 5.12091815e-01 9.45431888e-01
    2.50708580e-01 3.53457034e-01 6.85084939e-01 4.12150055e-01
    9.26901877e-01 5.29530406e-01 9.42995787e-01 1.13706887e-02
    6.42760754e-01 9.74221826e-02 2.70965755e-01 3.98171216e-01
    5.11717141e-01 5.30280352e-01 3.02415907e-01 6.48463190e-01
    8.14678311e-01 6.48544550e-01 4.10666645e-01 1.72167420e-02
    7.22228587e-02 4.76798624e-01 7.09863305e-02 7.48445034e-01
    6.69941008e-01 8.43957782e-01 4.92129952e-01 3.29428375e-01
    8.80203903e-01 1.85616523e-01 7.01975942e-01 9.88697648e-01
    4.95040476e-01 5.39097369e-01 6.64959550e-02 9.98863935e-01
    3.03005993e-01 7.56750941e-01 6.47637188e-01 3.99207771e-01
    5.77933013e-01 5.27450681e-01 8.70622993e-01 5.96307695e-01
    3.48975658e-01 4.76776004e-01 7.06384301e-01 8.94746423e-01
    5.87551832e-01 4.83398110e-01 3.98573816e-01 2.85923779e-01
    1.15263313e-01 5.20354927e-01 5.53691387e-03 7.17829943e-01
    9.93384838e-01 1.00380927e-01 8.99182200e-01 9.39247012e-02
    4.06099856e-02 8.49264622e-01 6.91511512e-01 6.58391476e-01
    6.85296655e-01 8.07013750e-01 7.98270106e-01 9.33088064e-01
    1.43817753e-01 2.27673411e-01 5.55469096e-01 2.32372403e-01
    3.20128083e-01 1.87223852e-02 3.07513714e-01 7.29227006e-01
    3.53282869e-01 5.26938021e-01 1.53208077e-01 2.66346157e-01
    7.14244485e-01 2.77413815e-01 7.83761978e-01 7.68007696e-01
    1.97678924e-01 3.68981302e-01 1.56489462e-01 5.05368054e-01
    2.33892709e-01 5.04785776e-01 3.32235038e-01 4.47566062e-01
    7.86762714e-01 6.60919547e-01 6.94030464e-01 2.60360241e-02
    8.12798142e-01 7.45995343e-01 5.88259637e-01 1.29310399e-01
    4.56626683e-01 5.77333093e-01 6.20175302e-01 1.97407126e-01
    4.47804421e-01 1.00822598e-01 5.48217416e-01 8.08933675e-01
    7.54099607e-01 6.29048824e-01 2.73592234e-01 7.76610970e-01
    6.06759131e-01 2.83399999e-01 9.26842451e-01 3.60831231e-01
    6.86700523e-01 6.30777657e-01 6.88117623e-01 3.08279216e-01
    9.12686110e-01 2.49363035e-01 5.21799743e-01 4.13734078e-01
    1.47757143e-01 9.15995300e-01 8.09245944e-01 1.29457623e-01
    1.03105545e-01 2.13565469e-01 6.73215866e-01 8.20045948e-01
    1.60398930e-01 4.44687963e-01 6.11981034e-01 1.71693951e-01
    5.59698105e-01 4.82567102e-01 8.37830544e-01 8.95990849e-01
    3.58147621e-02 4.40781474e-01 6.86787367e-02 8.09720397e-01
    4.00662422e-04 9.58661377e-01 1.82648063e-01 1.59852833e-01
    1.79043859e-01 1.44235730e-01 2.51583755e-01 5.53250015e-01
    4.36808020e-01 2.96885014e-01 1.86134905e-01 4.96146709e-01
    9.11327243e-01 6.78258479e-01 3.68017972e-01 6.77635133e-01
    5.33112884e-02 2.06165850e-01 6.14888906e-01 6.59511089e-01
    8.35326195e-01 4.59730655e-01 8.10731888e-01 1.46373510e-01
    3.11109304e-01 7.67331958e-01 4.00911391e-01 6.47629797e-01
    5.02542198e-01 9.39743042e-01 1.43899500e-01 2.79915512e-01
    4.31111991e-01 8.82562041e-01 2.22938567e-01 4.24219877e-01
    7.46926427e-01 7.78083384e-01 1.63374782e-01 3.92773688e-01
    9.59625483e-01 9.70482111e-01 7.87922025e-01 5.35494864e-01
    5.91545761e-01 5.22124588e-01 4.36886013e-01 6.50808871e-01
    1.31016940e-01 8.15531373e-01 7.17629731e-01 8.34845901e-01
    7.94453979e-01 3.66299748e-01 3.26885998e-01 5.34417331e-01
    7.59528339e-01 1.87538326e-01 4.12035406e-01 4.48815078e-01
    2.74130672e-01 7.67927527e-01 9.15060043e-01 7.57254839e-01
    2.24334478e-01 1.17495179e-01 5.71007729e-01 8.64242554e-01
    5.84210455e-02 3.36871028e-01 6.92693472e-01 4.72825050e-01
    2.35672891e-01 1.73273832e-01 7.59112537e-01 1.20460391e-01
    3.97025436e-01 4.73140359e-01 8.33930969e-02 2.67750621e-02
    8.17714810e-01 6.53653443e-02 1.20001495e-01 7.17148125e-01
    9.05260444e-01 4.32439476e-01 5.98346829e-01 4.05116022e-01
    6.71895087e-01 5.08379579e-01 6.41185641e-02 4.81920660e-01
    7.80613422e-02 1.54725015e-01 5.88095486e-01 1.08113945e-01
    4.34687138e-01 2.18590230e-01 7.04671741e-02 3.42657477e-01
    9.84513879e-01 9.00767326e-01 4.58932877e-01 4.71743077e-01
    5.70150018e-02 7.45129645e-01 2.80112922e-01 8.39520812e-01
    4.64330494e-01 9.56301093e-01 8.12318563e-01 8.67565274e-02
    6.37346566e-01 9.72261429e-02 7.69847155e-01 6.28535211e-01
    2.54913867e-01 5.01031339e-01 9.37130094e-01 8.16956639e-01
    8.69228125e-01 3.28769624e-01 5.03816843e-01 4.21813607e-01
    2.04811454e-01 9.81599092e-02 2.83180475e-02 6.83217049e-02
    3.77131343e-01 4.77794677e-01 6.23002648e-02 5.01024485e-01
    9.10381317e-01 7.17121959e-02 4.11994994e-01 6.11075580e-01
    8.94081175e-01 4.00066674e-02 6.62303269e-02 7.91478097e-01
    3.82574022e-01 1.24335617e-01 7.98890829e-01 5.92281282e-01
    7.34962881e-01 5.16595542e-01 1.52572572e-01 1.40085876e-01
    4.97900009e-01 5.32149374e-01 2.55576611e-01 6.16695881e-01
    7.03232169e-01 2.00199008e-01 7.10358202e-01 5.41823089e-01
    9.19288635e-01 4.73970920e-01 5.06795347e-01 7.19894648e-01
    7.61761010e-01 6.47087395e-02 4.48767036e-01 8.84530306e-01
    3.41745436e-01 3.19080293e-01 1.15693063e-01 7.55366325e-01
    5.55388927e-02 4.46570456e-01 6.49561226e-01 7.25494802e-01
    3.79197955e-01 8.32191169e-01 2.79607177e-02 9.03827608e-01
    2.83509552e-01 5.56440711e-01 3.41653645e-01 7.82130122e-01
    9.32489157e-01 3.43544871e-01 4.37048495e-01 7.53606200e-01
    5.06338358e-01 9.38900471e-01 6.67997003e-01 6.67222857e-01
    3.60476434e-01 2.33938962e-01 5.67636847e-01 1.70169502e-01
    7.69135952e-02 9.41571116e-01 9.57836986e-01 7.10621297e-01
    7.22317100e-01 4.20606017e-01 6.04966164e-01 7.04241514e-01
    8.31164956e-01 9.31443214e-01 8.09485674e-01 4.38242018e-01
    9.72730875e-01 8.95547211e-01 3.61326635e-01 4.13717568e-01
    9.78937566e-01 9.51284051e-01 1.50395811e-01 7.26754189e-01
    3.32506180e-01 2.28447676e-01 1.55233264e-01 3.36690605e-01
    5.60890019e-01 6.05399251e-01 7.57600427e-01 6.83716297e-01
    5.98310590e-01 6.48050845e-01 1.38170242e-01 8.39640617e-01
    5.85369945e-01 9.96913791e-01 9.43436265e-01 7.77436554e-01
    4.33486402e-02 7.62548447e-01 4.84904289e-01 4.51578438e-01
    7.12714493e-01 5.90304911e-01 8.40747356e-02 5.09190083e-01
    6.39076352e-01 7.93009222e-01 7.19274879e-01 5.91612041e-01
    4.57681596e-01 2.00895160e-01 4.13351655e-02 6.52131736e-01
    4.85739827e-01 3.00536126e-01 3.40359807e-01 2.56831467e-01
    9.85521734e-01 6.27807498e-01 5.76824307e-01 6.22521758e-01
    8.43981266e-01 3.69903862e-01 6.36177480e-01 1.50820583e-01
    6.26063347e-03 3.55026126e-01 9.54273105e-01 3.46369505e-01
    5.75311303e-01 8.11366796e-01 7.50560522e-01 6.91530347e-01
    6.54431820e-01 6.07834697e-01 4.37855422e-02 3.00890028e-01
    7.92394936e-01 4.83700097e-01 9.67311382e-01 6.76738143e-01
    1.22489244e-01 6.29430234e-01 8.73975515e-01 9.06081438e-01
    2.75682747e-01 9.01891947e-01 4.89884645e-01 6.21340275e-01
    2.80461013e-01 6.69288933e-02 5.29559493e-01 1.53603882e-01
    5.19948840e-01 8.69155288e-01 7.11085379e-01 5.49820900e-01
    8.61188531e-01 7.75975585e-02 3.63843471e-01 3.78176093e-01
    5.42619586e-01 9.78935301e-01 9.09556210e-01 3.24558020e-02
    8.02541614e-01 6.09521449e-01 9.60153341e-03 7.88983703e-01
    8.88146758e-01 8.60719085e-01 5.34831345e-01 5.99539280e-01
    6.64065540e-01 9.24901009e-01 1.02401286e-01 1.97798997e-01
    9.77730751e-02 6.70943439e-01 3.72745335e-01 3.82507205e-01
    7.91726112e-01 8.49494338e-03 5.71814597e-01 1.36067361e-01
    8.02922249e-01 8.81687343e-01 7.94907212e-01 1.21782422e-02
    5.68049252e-01 1.92447305e-01 2.08287776e-01 6.08405948e-01
    2.64139235e-01 3.63795519e-01 9.36246514e-01 9.47599411e-01
    4.24940467e-01 8.08647573e-01 3.92020047e-02 1.63591057e-01
    1.41170204e-01 8.47280860e-01 2.75759071e-01 2.06526935e-01
    5.80558717e-01 5.30410647e-01 5.40109098e-01 1.31190896e-01
    6.16490602e-01 9.52240944e-01 3.90802681e-01 3.19261253e-01
    5.28548479e-01 5.24862349e-01 7.58107305e-01 2.69868910e-01
    7.94626176e-01 3.57151717e-01 5.59463084e-01 6.27236605e-01
    4.19601709e-01 2.82243729e-01 3.06514800e-02 1.85221881e-01
    3.94153178e-01 9.59060192e-02 5.79895556e-01 5.42006731e-01
    3.31902504e-01 6.69591069e-01 7.84894884e-01 9.18987393e-01
    7.38141894e-01 9.04844046e-01 2.87488431e-01 2.41238862e-01
    6.85746908e-01 8.42026472e-01 3.75759542e-01 6.00441098e-01
    8.03231716e-01 8.06134462e-01 4.89774346e-01 2.38204002e-03
    3.79939795e-01 6.41356230e-01 1.05390370e-01 7.56786227e-01
    8.24162841e-01 7.06788599e-01 7.94660985e-01 9.27230775e-01
    9.38127339e-02 5.46200454e-01 4.91362393e-01 7.48662949e-01
    3.84580076e-01 9.60750818e-01 3.74225974e-01 4.19838548e-01
    1.50235295e-02 7.24925160e-01 3.76270562e-01 6.00608468e-01
    8.35542083e-01 1.01325393e-01 8.07884932e-01 4.38148081e-01
    1.09813273e-01 6.27329230e-01 3.08779746e-01 9.97314215e-01
    7.21991062e-01 1.22430176e-01 9.65684056e-01 9.14797783e-01
    3.06810617e-01 7.28854716e-01 8.11982393e-01 4.95319873e-01
    4.42917943e-02 3.45025927e-01 3.05541992e-01 6.36094153e-01
    4.48801219e-01 1.06949896e-01 8.80121171e-01 4.45596218e-01
    4.37517107e-01 3.69507968e-02 8.61654162e-01 1.05838358e-01
    7.28411853e-01 2.76258886e-01 2.02340245e-01 8.02209616e-01
    5.82981348e-01 6.78793371e-01 5.70053518e-01 6.83004320e-01
    5.16743958e-02 8.16234589e-01 7.91896701e-01 2.82473564e-01
    7.02847779e-01 7.43424296e-02 3.61648798e-02 7.72758126e-01
    4.92333382e-01 2.35587358e-03 1.38750911e-01 6.23341799e-01
    9.66295004e-01 4.36949313e-01 5.54145753e-01 3.82397205e-01
    3.75393897e-01 6.46024823e-01 2.49156356e-01 2.08468795e-01
    3.98085415e-01 2.06128567e-01 6.18741930e-01 4.66171503e-01
    3.06154013e-01 2.22597063e-01 1.52715653e-01 4.90150154e-02
    8.79610777e-01 8.41923475e-01 6.95692778e-01 8.40160191e-01
    5.93354583e-01 7.31386721e-01 1.39503419e-01 1.59293115e-01
    6.40043914e-02 9.47609067e-01 7.16056943e-01 9.22150016e-01
    1.97884709e-01 1.91569060e-01 3.92827749e-01 5.06776035e-01
    4.46146846e-01 8.74782264e-01 8.98447633e-02 8.50691378e-01
    5.98764777e-01 1.80605054e-02 2.29394704e-01 4.49494421e-02
    4.32227701e-01 2.29758322e-02 2.07115293e-01 9.88473892e-01
    3.58047783e-01 7.25026488e-01 1.23877764e-01 7.88028359e-01
    5.95872998e-01 6.05691969e-02 8.50457370e-01 8.36004257e-01
    2.77858436e-01 3.64653707e-01 3.91147882e-01 3.59285235e-01
    6.42208934e-01 2.31158853e-01 4.08724606e-01 7.24171817e-01
    3.39447528e-01 8.58312488e-01 6.13786042e-01 3.71359617e-01
    3.64423394e-02 1.16140217e-01 4.06084210e-01 3.55252177e-01
    7.14930296e-01 6.65754735e-01 6.77681863e-01 5.23555160e-01
    4.66899782e-01 5.15231073e-01 3.83291900e-01 1.92363352e-01
    6.32107258e-03 9.82221901e-01 2.37152010e-01 7.15274096e-01
    8.28859866e-01 8.01813364e-01 3.25360507e-01 9.30238962e-02
    8.83217871e-01 5.30786812e-01 1.35433614e-01 8.63075256e-01
    5.65231442e-02 9.20048892e-01 2.93555498e-01 2.01073110e-01
    7.42744446e-01 8.26841712e-01 1.71902508e-01 4.10373926e-01
    3.56376052e-01 7.96587467e-01 4.29544508e-01 1.72351182e-01
    2.67170608e-01 8.17347288e-01 8.06518555e-01 6.74184620e-01
    7.79791236e-01 8.43069434e-01 2.43641436e-02 6.99256301e-01
    2.95296848e-01 5.54073691e-01 5.56183934e-01 9.22497928e-01
    1.58287495e-01 8.35558772e-02 3.54578495e-01 8.79325211e-01
    2.30909050e-01 4.87139821e-02 5.18738627e-01 2.53242254e-03
    6.93400979e-01 9.17399406e-01 7.45262802e-01 7.78076530e-01
    9.94693160e-01 8.71823907e-01 3.56724858e-03 5.56200922e-01
    1.41113639e-01 4.91815239e-01 4.76011604e-01 4.13334668e-02
    5.59347451e-01 2.79134512e-02 4.42423522e-02 1.09778136e-01
    9.98599231e-02 1.21668398e-01 9.66918230e-01 7.90202200e-01
    4.48707819e-01 4.39770252e-01 7.27682650e-01 7.64315844e-01
    8.33486080e-01 8.34624767e-01 7.21679211e-01 1.28083974e-01
    6.85861051e-01 5.91644883e-01 2.52631485e-01 1.44275427e-01
    2.26514727e-01 9.94907379e-01 4.08238739e-01 2.02422947e-01
    6.62444353e-01 5.74738979e-02 8.76629174e-01 6.97595477e-01
    7.38515854e-01 5.29111207e-01 3.57926786e-01 9.10699368e-01
    1.22096688e-01 7.68609285e-01 5.07836044e-01 8.26261878e-01
    8.80271316e-01 9.44569707e-03 2.63723552e-01 4.41516966e-01
    1.26641124e-01 6.47261143e-02 2.82273144e-01 5.16847610e-01
    7.12526619e-01 9.59814072e-01 7.59891391e-01 3.68225455e-01
    2.78678179e-01 6.75714254e-01 9.47190523e-01 5.17970324e-02
    3.31101418e-02 5.76129854e-02 2.66524494e-01 7.88046002e-01
    3.85992169e-01 1.90559149e-01 6.85150623e-02 3.68468761e-02
    7.11716115e-01 8.36567819e-01 3.95680726e-01 4.67757583e-02
    8.79201949e-01 1.87517524e-01 1.13283962e-01 4.12786394e-01
    3.19178522e-01 3.56694639e-01 9.78340209e-01 3.62913907e-02
    1.60638243e-01 6.05959415e-01 9.92873073e-01 5.09838760e-02
    3.71457040e-02 3.19308937e-02 3.64185691e-01 1.71120793e-01
    1.68355316e-01 3.70332837e-01 8.11588287e-01 1.33697063e-01
    1.52736306e-02 2.45805115e-01 5.54021895e-01 3.11863840e-01
    7.45984077e-01 2.78880566e-01 9.67728317e-01 5.95322728e-01
    1.66086435e-01 8.89889002e-02 8.34030509e-01 8.89683127e-01
    9.25743699e-01 3.53874505e-01 3.22598755e-01 7.93697774e-01
    3.49270433e-01 3.51298332e-01 7.26512253e-01 4.96763647e-01
    6.03653431e-01 2.82052279e-01 3.28608692e-01 7.02506006e-01
    4.73335624e-01 1.93523765e-02 6.66849911e-01 1.93320513e-01
    1.40809894e-01 7.10413277e-01 2.96266675e-02 4.65005100e-01
    3.23680967e-01 1.46687031e-01 9.09154594e-01 3.17390203e-01
    1.00984722e-01 5.86744845e-02 7.92643726e-02 3.99593830e-01
    4.29691583e-01 5.34580648e-02 2.99951404e-01 1.28430247e-01
    6.45103455e-01 4.69535410e-01 5.04708767e-01 7.78928041e-01
    8.29983830e-01 4.38918293e-01 1.98758900e-01 7.96580195e-01
    6.16656184e-01 1.12301320e-01 5.12632966e-01 4.88721669e-01
    8.25691044e-01 1.84245586e-01 7.93454230e-01 5.31498015e-01
    8.05073678e-02 6.54993534e-01 2.01586157e-01 7.15041161e-01
    1.56166732e-01 7.90850520e-01 9.22290683e-01 5.53560972e-01
    6.28997326e-01 5.76401711e-01 9.86673415e-01 2.83323348e-01
    2.37991065e-01 6.33214414e-01 8.10275912e-01 6.24476373e-01
    8.39916468e-01 5.25169134e-01 7.58023500e-01 1.99485242e-01
    6.63737714e-01 9.20959532e-01 7.00874388e-01 7.15728402e-01
    5.80817997e-01 3.77004296e-01 2.30889618e-02 3.21773052e-01
    8.54239345e-01 9.61518943e-01 6.86582267e-01 1.76333696e-01
    4.25271183e-01 5.34166992e-01 2.16904193e-01 9.53277051e-01
    9.71701026e-01 4.29797620e-01 9.81429219e-02 4.24691737e-02
    3.00209284e-01 1.68680698e-01 4.78878021e-02 1.02462977e-01
    6.48099184e-01 5.55146456e-01 5.64360678e-01 8.16122651e-01
    1.30501688e-02 4.66558009e-01 4.33002889e-01 9.30749476e-01
    9.62736607e-02 6.31837130e-01 8.70552838e-01 5.96927285e-01
    6.54769301e-01 3.02665234e-01 5.92939734e-01 3.04231048e-01
    4.49222237e-01 7.72430062e-01 1.93608314e-01 8.05107534e-01
    4.86019611e-01 2.53016472e-01 9.01037455e-01 8.00438523e-01
    7.76477098e-01 2.99057186e-01 5.29725671e-01 3.09675515e-01
    4.28542495e-03 7.37091839e-01 3.53493571e-01 9.37915564e-01
    3.70536327e-01 3.65723312e-01 3.55789423e-01 8.85777593e-01
    6.34441018e-01 5.06032348e-01 3.15951854e-01 1.75251633e-01
    9.25513268e-01 8.75856340e-01 7.61581898e-01 1.90635622e-01
    7.47176766e-01 6.42508924e-01 1.03923053e-01 3.13702285e-01
    5.89841485e-01 5.96145332e-01 2.05089331e-01 8.74777555e-01
    8.74006987e-01 7.58957803e-01 5.04009426e-01 5.14838099e-01
    5.38448036e-01 5.25778711e-01 9.30981517e-01 3.55303407e-01
    7.26869404e-02 5.64729631e-01 1.40805930e-01 1.18984491e-01
    9.08102155e-01 8.15499365e-01 9.32610631e-01 2.93645591e-01
    1.33714408e-01 8.67553115e-01 8.38191390e-01 3.00066411e-01
    8.24210763e-01 6.12841010e-01 8.32093775e-01 3.63850117e-01
    2.91815192e-01 8.50988865e-01 5.58718860e-01 8.74572754e-01
    3.25132728e-01 1.82796240e-01 5.76647580e-01 1.97015107e-01
    3.03412199e-01 3.15512538e-01 6.12687945e-01 8.55979919e-01
    2.27805138e-01 2.71343440e-01 8.98100853e-01 2.44035810e-01
    2.31753916e-01 1.69153541e-01 2.94271082e-01 7.59891868e-01
    1.00024343e-01 8.91525269e-01 6.89042568e-01 3.75513285e-01
    1.59268379e-02 8.90938640e-01 5.57615757e-01 9.45117116e-01
    1.20993704e-01 2.04528838e-01 2.12797374e-01 1.00351870e-01
    1.32651925e-01 4.52698231e-01 9.15652514e-01 4.95524824e-01
    6.55629814e-01 2.74913341e-01 5.59748113e-02 2.65549600e-01
    8.06881189e-01 9.33108091e-01 2.80860722e-01 3.20962548e-01
    2.04161406e-01 5.90986967e-01 2.27269530e-02 3.95682305e-01
    9.38239574e-01 6.31634533e-01 2.31826961e-01 1.36314720e-01
    1.87257379e-01 5.09706855e-01 1.43083721e-01 2.88742125e-01
    9.24226046e-01 7.07057238e-01 2.12005615e-01 1.29546523e-02
    1.53007001e-01 7.88979828e-02 7.06272840e-01 4.25729275e-01
    9.23841476e-01 3.90848845e-01 9.20509696e-02 3.52761567e-01
    2.96793461e-01 1.48802608e-01 2.47944355e-01 5.02962768e-01
    1.68945611e-01 9.69039321e-01 4.65760171e-01 3.18316013e-01
    8.05798411e-01 2.89278716e-01 5.41067004e-01 3.29698622e-02
    9.45192575e-01 4.78364229e-02 2.08667368e-01 3.41069162e-01
    9.73009109e-01 1.40113503e-01 6.34434223e-01 7.36344039e-01
    1.20313495e-01 6.16589785e-02 6.86009705e-01 2.96947181e-01
    8.03572297e-01 1.13292694e-01 7.40558207e-01 1.45332664e-01
    7.15887666e-01 7.67707348e-01 7.21644998e-01 8.49765301e-01
    2.29947865e-02 4.75600362e-02 4.41377670e-01 4.76197273e-01
    7.05184162e-01 3.24094296e-02 2.72526294e-01 6.41155362e-01
    7.20568478e-01 7.62031078e-01 4.49324191e-01 7.73608327e-01
    3.39213431e-01 8.01808655e-01 7.50987530e-02 3.56941581e-01
    7.47384310e-01 5.71226776e-02 2.50897348e-01 2.02734262e-01
    9.32302773e-01 7.01994419e-01 6.84294641e-01 7.26271451e-01
    3.13248038e-01 5.28339207e-01 5.07766604e-01 5.85052848e-01
    4.46952701e-01 5.98778367e-01 6.82129323e-01 6.63253009e-01
    5.64578533e-01 1.26415014e-01 8.02437842e-01 5.57152331e-01
    3.05389762e-01 3.38917673e-01 6.70025647e-01 8.67526352e-01
    3.94943565e-01 3.66132379e-01 5.73880434e-01 5.56507528e-01
    8.26340497e-01 3.38945091e-02 1.97203994e-01 1.19382143e-02
    7.01550663e-01 9.76117551e-02 1.08783185e-01 1.58465087e-01
    7.30651438e-01 4.44617748e-01 3.40761542e-02 6.75052583e-01
    7.43770599e-01 7.19118834e-01 8.61156821e-01 4.18400049e-01
    6.68491960e-01 3.67643356e-01 5.63803911e-01 1.78264350e-01
    9.64530230e-01 5.87072492e-01 6.74656510e-01 7.04093814e-01
    5.13331950e-01 6.38167262e-02 1.60264701e-01 7.10631490e-01
    9.84515309e-01 5.03612995e-01 5.81827939e-01 5.31296968e-01
    5.49653590e-01 5.98471224e-01 2.37390846e-01 6.77272797e-01
    6.14251614e-01 6.31869376e-01 7.80705750e-01 4.06680316e-01
    6.61688566e-01 5.61337948e-01 3.98663133e-01 8.83405447e-01
    3.16551059e-01 6.82971060e-01 3.59539092e-02 3.60190034e-01
    1.21518701e-01 2.08746195e-01 2.32145727e-01 3.11935782e-01
    3.54950637e-01 7.17563987e-01 3.69447857e-01 8.79351974e-01
    3.25770408e-01 8.55382681e-01 1.89409822e-01 2.62627780e-01
    8.28030109e-01 7.26017833e-01 1.04143620e-01 9.29404736e-01
    1.38440281e-01 6.84702694e-02 3.95031095e-01 1.70887440e-01
    4.02200669e-01 6.16590559e-01 4.50575501e-01 7.27429330e-01
    8.19084704e-01 3.27272356e-01 2.24765599e-01 8.28315616e-02
    6.99205995e-02 7.24878907e-03 3.76536518e-01 8.08204889e-01
    3.63958716e-01 9.22376871e-01 5.72725296e-01 1.18654639e-01
    5.96534371e-01 1.42337590e-01 7.03227639e-01 9.56517935e-01
    7.44006753e-01 3.85620296e-02 9.89677310e-01 5.85134923e-01
    4.71296310e-01 1.95805848e-01 1.24140590e-01 6.66976631e-01
    8.86793733e-01 2.61088729e-01 4.58521843e-01 4.59773064e-01
    8.29586804e-01 4.37068850e-01 4.46243376e-01 9.52839196e-01
    3.18296552e-01 1.61892831e-01 2.00214297e-01 3.62307429e-01
    9.25742030e-01 3.71766090e-03 4.46064174e-02 3.67267847e-01
    9.25057650e-01 7.37096906e-01 9.28075194e-01 1.60375416e-01
    6.86922014e-01 6.24623537e-01 6.01381958e-01 1.27560228e-01
    7.72185087e-01 6.49903119e-01 8.19477916e-01 1.56297565e-01
    3.23791921e-01 6.73124135e-01 9.24124956e-01 8.45500827e-02
    2.07957625e-01 7.17040658e-01 8.29340696e-01 2.95357525e-01
    3.16779554e-01 3.66934240e-01 8.89083266e-01 9.38916802e-02
    4.63989377e-01 4.03345525e-01 9.86519337e-01 6.02428317e-01
    6.08972609e-01 2.93646723e-01 3.11724067e-01 1.02110505e-01
    4.49048132e-01 2.01192915e-01 4.57043469e-01 8.72015119e-01
    6.13226831e-01 2.33055741e-01 5.89697242e-01 5.87803662e-01
    3.15229625e-01 8.42139244e-01 6.63416147e-01 2.91400611e-01
    3.49100143e-01 6.07569933e-01 8.89111757e-01 9.84574199e-01
    5.52657366e-01 8.17078829e-01 9.30490136e-01 3.20539862e-01
    4.88590926e-01 2.16429532e-01 7.53146708e-02 7.98844874e-01
    5.16177773e-01 2.33833373e-01 9.04060960e-01 6.65664375e-02
    4.47807997e-01 1.93635613e-01 4.39148575e-01 2.31747150e-01
    1.93960667e-01 7.25678205e-01 9.40341949e-01 8.71687055e-01
    6.92122042e-01 3.82995844e-01 5.40981293e-01 4.31968957e-01
    1.97922051e-01 2.65370250e-01 9.03858066e-01 6.40848458e-01
    9.32957530e-01 4.64410096e-01 8.74019563e-02 8.24796200e-01
    1.10049129e-01 7.15221941e-01 1.40773326e-01 9.16519165e-01
    6.71413958e-01 7.33356774e-01 7.18090713e-01 7.32635856e-01
    8.02930593e-01 8.55011582e-01 6.36009574e-02 1.01054162e-01
    9.68860507e-01 2.20964819e-01 9.53661859e-01 5.73865831e-01
    7.05958426e-01 6.04475737e-01 2.90275633e-01 2.37407744e-01
    8.16680491e-01 5.48355401e-01 1.60180628e-01 2.07572997e-01
    2.06178129e-01 8.02720666e-01 5.78626573e-01 2.90389180e-01
    8.10957015e-01 4.59998161e-01 6.74795270e-01 7.60295212e-01
    1.00008279e-01 1.02961659e-02 8.22610140e-01 2.98162758e-01
    2.85548925e-01 2.85170496e-01 9.87413943e-01 3.35859388e-01
    9.97802317e-01 2.32568979e-01 4.12145853e-01 8.51578116e-01
    3.80976856e-01 2.08528399e-01 9.17564988e-01 2.10514396e-01
    3.91110450e-01 2.89935857e-01 9.53406096e-01 2.32410997e-01
    7.27402091e-01 1.20282233e-01 2.44748652e-01 1.03426784e-01
    1.87342286e-01 4.33351517e-01 5.48537076e-02 1.56815678e-01
    1.91318989e-01 8.60145450e-01 2.42689639e-01 7.05011964e-01
    1.44786417e-01 2.02877551e-01 4.27967012e-02 5.97385049e-01
    8.22281361e-01 2.93130428e-01 9.74670649e-02 7.42991567e-02
    9.00558710e-01 9.57564712e-01 4.04060632e-01 4.44959998e-02
    2.79267043e-01 6.07337713e-01 4.22986925e-01 8.62530351e-01
    8.54570329e-01 5.91030836e-01 1.64575577e-01 6.12447917e-01
    3.29866350e-01 3.66551220e-01 6.41515076e-01 3.23703378e-01
    8.72228801e-01 6.05977237e-01 6.86516762e-01 1.07377261e-01
    8.32589507e-01 5.70929468e-01 4.84647572e-01 6.78423345e-01
    7.05224574e-02 2.61142731e-01 7.86424994e-01 9.14866626e-02
    7.48988748e-01 7.40672946e-01 1.90694064e-01 2.00742424e-01
    9.61596251e-01 1.37954116e-01 1.74666226e-01 2.93071240e-01
    5.68117142e-01 2.14345396e-01 7.62582719e-01 6.31237686e-01
    5.97137451e-01 2.71175027e-01 9.80191946e-01 8.35300982e-02
    2.45477945e-01 8.19380045e-01 5.29875755e-01 3.13161314e-01
    7.70505071e-01 2.60934353e-01 9.27093327e-01 3.87217283e-01
    9.02033865e-01 9.33486462e-01 3.28217149e-01 7.55956829e-01
    2.26800472e-01 6.97121501e-01 9.38356161e-01 1.51082098e-01
    9.68905509e-01 7.28038192e-01 8.48042130e-01 3.88285518e-02
    5.90614796e-01 8.76889825e-01 2.98611164e-01 9.51217651e-01
    3.86862010e-01 7.40233362e-02 7.53938198e-01 2.82349706e-01
    4.46414858e-01 3.45325440e-01 6.08282506e-01 5.17629385e-01
    2.19719917e-01 8.26124609e-01 7.30036557e-01 6.45142436e-01
    4.44820136e-01 9.35413718e-01 7.29174197e-01 1.62212670e-01
    5.19443035e-01 4.55491185e-01 2.00173676e-01 7.21865773e-01
    9.10066247e-01 2.93932855e-01 7.46147275e-01 9.56952810e-01
    3.39071274e-01 8.03814471e-01 6.29364014e-01 6.90484583e-01
    5.80987036e-01 4.87406552e-02 7.22003222e-01 8.04843545e-01
    6.88461065e-01 7.77869999e-01 5.30154884e-01 8.95809770e-01
    6.30025566e-01 3.60583365e-02 9.00768995e-01 1.40363187e-01
    9.01380479e-01 5.08366466e-01 4.82454687e-01 9.26886201e-01
    2.95903146e-01 4.71756041e-01 4.20559525e-01 2.90684819e-01
    4.42526817e-01 8.35863829e-01 3.37779224e-02 5.86961508e-01
    2.13496357e-01 4.37932014e-02 6.46218777e-01 3.62280071e-01
    6.77277982e-01 5.82490146e-01 1.35004222e-02 7.98661113e-01
    4.52850431e-01 9.13158655e-02 8.81199002e-01 8.69703114e-01
    1.33086264e-01 4.12300825e-02 6.95427418e-01 7.84299016e-01
    5.75961173e-01 1.18582159e-01 4.21852857e-01 5.75617194e-01
    5.94586372e-01 4.77082074e-01 9.12201643e-01 6.63902640e-01
    7.03415811e-01 2.69626558e-01 1.93113685e-01 7.79698253e-01
    4.39919710e-01 1.90647513e-01 6.81032181e-01 6.34487808e-01
    6.18823588e-01 6.75735533e-01 8.55040669e-01 8.99290681e-01
    3.15355748e-01 9.25555825e-01 1.65057063e-01 8.78447473e-01
    5.73218167e-02 3.83253306e-01 2.74026990e-01 4.49086577e-01
    7.08377302e-01 4.24818426e-01 4.55423206e-01 7.43897796e-01
    1.73025995e-01 8.61911654e-01 3.77774835e-01 6.92059457e-01
    8.27977777e-01 4.75410968e-01 6.15465581e-01 7.98807025e-01
    8.98994923e-01 3.15879077e-01 1.08851522e-01 6.72507644e-01
    4.34032738e-01 3.72870237e-01 4.95505631e-01 8.26447964e-01
    4.24325764e-02 3.82434130e-02 7.14485347e-02 1.34286076e-01
    3.41802567e-01 7.09603906e-01 4.54278201e-01 1.36318564e-01
    9.48865592e-01 4.87910807e-01 4.68027949e-01 5.98368406e-01
    4.23417687e-02 1.94557160e-01 4.78990227e-01 3.45666260e-01
    3.54219556e-01 2.05134600e-01 5.45403659e-01 6.76023185e-01
    5.73996902e-01 3.40000153e-01 2.92616278e-01 6.68221354e-01
    7.83340216e-01 6.59606159e-02 3.40756238e-01 3.23540568e-02
    8.33555102e-01 8.48708332e-01 9.87921774e-01 1.11914277e-01
    6.85746431e-01 4.30279285e-01 4.73649204e-01 9.49518859e-01
    1.41496181e-01 9.34114456e-02 8.14108253e-01 8.61651778e-01
    8.07855606e-01 9.91748452e-01 9.23460543e-01 7.65594661e-01
    4.14160192e-01 9.95929241e-01 4.70511764e-01 6.15592003e-01
    2.37402350e-01 9.95773196e-01 4.38709170e-01 4.55139339e-01
    9.62675691e-01 2.27205455e-02 5.33593357e-01 3.30591440e-01
    9.50923920e-01 2.16593623e-01 8.92703533e-02 5.89133739e-01
    2.24289715e-01 4.27762538e-01 3.66722763e-01 2.84977227e-01
    4.79571998e-01 6.37197912e-01 4.66835767e-01 5.97566068e-02
    2.48623043e-01 8.90356064e-01 5.47590315e-01 6.64635003e-02
    2.47429013e-01 7.51710892e-01 4.91215378e-01 6.85878456e-01
    9.69213367e-01 9.42589402e-01 2.07181752e-01 2.61936396e-01
    9.01537120e-01 6.15675449e-02 9.82286811e-01 5.67804456e-01
    4.02614653e-01 9.83374834e-01 8.00039411e-01 4.02068496e-02
    1.31020486e-01 2.29796350e-01 6.68832481e-01 4.16808605e-01
    5.19575775e-01 9.10664320e-01 2.32888550e-01 7.39205837e-01
    7.47241497e-01 8.62816274e-01 7.44992375e-01 6.14627838e-01
    9.73760962e-01 6.29190922e-01 5.34578621e-01 5.56241751e-01
    3.52955520e-01 4.82434273e-01 3.13783586e-02 9.21912432e-01
    9.60203111e-02 2.38924623e-01 5.94648778e-01 6.06968105e-01
    1.81680173e-01 1.44796729e-01 6.80463314e-01 1.10442936e-01
    1.47430897e-02 6.23894215e-01 1.68351144e-01 6.87023461e-01
    8.15751255e-01 5.20105064e-01 8.76207948e-01 7.45880127e-01
    6.08729601e-01 9.19695854e-01 2.06262946e-01 1.37305409e-01
    8.76487434e-01 5.16825914e-01 5.53547204e-01 5.59214115e-01
    8.16006899e-01 2.50063539e-01 1.00581616e-01 1.97402447e-01
    2.37666070e-02 4.09397036e-01 7.56686807e-01 3.87760580e-01
    8.66698146e-01 1.69035852e-01 8.30949366e-01 6.46256983e-01
    8.67993712e-01 3.28294665e-01 1.28000617e-01 8.76094520e-01
    3.25480908e-01 5.98964572e-01 7.79422402e-01 5.88593125e-01
    8.75518024e-02 7.87497044e-01 8.06326330e-01 9.05239463e-01
    2.98732102e-01 4.60701317e-01 9.30269778e-01 5.82065880e-01
    7.98947215e-02 4.84405726e-01 8.50607514e-01 8.75070751e-01
    4.67470020e-01 6.92145228e-01 7.65596867e-01 3.19615066e-01
    6.13838553e-01 4.45196062e-01 7.31276155e-01 5.97770929e-01
    7.60347009e-01 8.59585643e-01 2.03805745e-01 6.25518858e-01
    1.35215282e-01 7.64632285e-01 8.20669353e-01 4.91807073e-01
    2.12440282e-01 2.51459032e-01 2.03837335e-01 3.55952740e-01
    8.35961819e-01 9.87449765e-01 4.26137745e-02 4.27606404e-01
    4.68876272e-01 8.20501328e-01 5.98280609e-01 8.12104344e-01
    5.45837224e-01 7.67763019e-01 5.80859363e-01 7.22890794e-01
    8.25683653e-01 4.07483160e-01 1.83789700e-01 4.60195959e-01
    3.20409238e-01 1.39146149e-02 3.02840590e-01 8.49261522e-01
    4.01450038e-01 5.76755464e-01 1.50077105e-01 3.28297138e-01
    5.85631609e-01 3.28570604e-04 8.07875097e-02 2.16361016e-01
    9.99390006e-01 2.32387543e-01 4.91521031e-01 9.62449431e-01
    9.37569380e-01 2.96034724e-01 6.76402211e-01 5.49999237e-01
    1.48810476e-01 6.63198233e-01 9.23740864e-01 9.05538261e-01
    6.54950738e-01 5.90003252e-01 4.40409839e-01 6.06756210e-01
    7.05608904e-01 9.26450014e-01 2.16784775e-02 2.56112039e-01
    9.35806692e-01 6.71944082e-01 4.95051682e-01 4.17608321e-01
    7.32122660e-02 5.90024710e-01 2.00447381e-01 1.56489968e-01
    9.94341612e-01 3.80162776e-01 4.08262402e-01 9.37084556e-01
    8.90581429e-01 3.45675647e-01 7.51128793e-01 2.05177784e-01
    1.08111829e-01 1.51589960e-01 3.71643901e-03 4.91876811e-01
    1.78602993e-01 2.68720269e-01 4.23384905e-01 1.57923281e-01
    6.69309437e-01 9.52592969e-01 8.59521270e-01 6.98978782e-01
    4.65748876e-01 5.88866651e-01 1.34083092e-01 9.28335309e-01
    1.83592677e-01 9.90248621e-01 8.04055631e-01 2.54215270e-01
    8.59493017e-01 8.37357044e-01 7.12945938e-01 6.29135549e-01
    8.36696148e-01 4.23604548e-02 6.56816065e-01 3.64009380e-01
    2.71412194e-01 5.52328348e-01 5.62086642e-01 8.81885886e-01
    5.49493551e-01 8.78182530e-01 2.49333173e-01 9.82007504e-01
    4.77687359e-01 5.62904596e-01 5.72660387e-01 7.31912374e-01
    2.94058442e-01 7.30626225e-01 5.03422201e-01 2.97888696e-01
    1.86900198e-01 2.27406770e-01 2.67538011e-01 6.81116641e-01
    3.19017589e-01 3.26420635e-01 4.04309839e-01 3.35717499e-01
    2.50996649e-01 8.91249895e-01 8.70884359e-01 9.04839218e-01
    5.12958407e-01 7.90705204e-01 5.47472477e-01 5.84645867e-02
    8.45223665e-01 7.77040124e-01 4.02028859e-01 2.09859341e-01
    2.87981153e-01 6.34679735e-01 9.47621882e-01 9.92382169e-01
    8.64868402e-01 1.65762365e-01 1.82068676e-01 9.09617066e-01
    5.83205402e-01 3.49654973e-01 5.68616033e-01 5.40417790e-01
    4.84744102e-01 8.57725739e-01 1.22087479e-01 7.03199267e-01
    6.79233909e-01 6.13804638e-01 9.32974696e-01 8.38595986e-01
    5.94548821e-01 3.80914122e-01 6.88166499e-01 7.35321820e-01
    3.83855402e-01 8.34459960e-02 3.27543497e-01 9.86858547e-01
    4.34801221e-01 6.52850628e-01 3.53254348e-01 2.45775580e-01
    1.18101239e-02 3.42751145e-01 8.55469704e-03 6.32959545e-01
    3.43759716e-01 8.78948867e-01 1.15206629e-01 1.08959109e-01
    6.17523432e-01 3.40023339e-01 4.68788505e-01 4.50737476e-02
    5.60004234e-01 2.66012847e-02 4.48179543e-01 8.14420342e-01
    7.29184091e-01 6.31832361e-01 1.93378478e-01 3.58259946e-01
    8.47640514e-01 1.97522879e-01 1.84114903e-01 8.25895727e-01
    6.20562375e-01 2.35014558e-01 6.39481544e-01 7.45028615e-01
    8.22080195e-01 4.94993567e-01 7.82958865e-01 8.99762750e-01
    1.57661080e-01 7.19559193e-03 2.31257498e-01 4.89647508e-01
    9.35890079e-01 8.71124685e-01 8.99010539e-01 7.34720528e-02
    9.38930154e-01 9.20909226e-01 2.00453579e-01 4.40250397e-01
    6.74155056e-02 1.00503117e-01 4.40688223e-01 3.59094471e-01
    9.25723433e-01 5.96438587e-01 3.25945556e-01 2.61081636e-01
    4.80617374e-01 2.02106595e-01 1.45314187e-01 7.97592402e-01
    1.44760340e-01 9.34531033e-01 5.33122480e-01 5.93138099e-01
    1.93643302e-01 4.59217072e-01 2.15097427e-01 1.42412603e-01
    6.72982097e-01 2.81644851e-01 7.39342093e-01 4.82356280e-01
    8.10645580e-01 9.52396691e-02 6.41126037e-01 5.56281209e-03
    1.76371396e-01 8.60876322e-01 9.10054922e-01 7.16900945e-01
    1.87372714e-01 4.91148800e-01 5.63214958e-01 8.97727132e-01
    7.68714368e-01 4.57761973e-01 1.77082837e-01 1.98118120e-01
    9.01120901e-02 5.79657137e-01 4.76577997e-01 1.44787997e-01
    9.66851890e-01 1.65057451e-01 8.29417527e-01 1.34870857e-01
    2.08677828e-01 6.06926560e-01 3.43192458e-01 7.33023286e-01
    8.08428526e-01 1.74385875e-01 6.36779189e-01 8.34849119e-01
    9.37309504e-01 7.35777259e-01 1.47034109e-01 7.16809630e-01
    2.35110015e-01 5.76998830e-01 8.67667139e-01 4.51159686e-01
    2.92934060e-01 5.81067324e-01 1.53496593e-01 2.44351298e-01
    6.28542364e-01 8.81886482e-01 1.18265808e-01 8.06221366e-03
    8.83402884e-01 8.33851874e-01 6.49857700e-01 2.03625232e-01
    1.26542866e-01 4.75554943e-01 3.27227950e-01 5.85386157e-02
    5.79640150e-01 3.96691918e-01 3.24363351e-01 1.81577474e-01
    8.55052710e-01 1.26126200e-01 1.14241242e-02 4.11278009e-02
    5.03627360e-01 9.77079988e-01 1.54484212e-01 1.98395073e-01
    8.07603240e-01 7.15937316e-01 4.81826901e-01 6.52824163e-01
    2.48935759e-01 7.68516898e-01 3.32336009e-01 1.77073985e-01
    3.67050707e-01 5.95726371e-02 3.74041408e-01 1.10385835e-01
    7.24690318e-01 8.72224212e-01 8.70008826e-01 2.41000861e-01
    2.32222021e-01 1.25488609e-01 8.98262620e-01 6.20622635e-01
    2.71085083e-01 5.20489395e-01 9.97709513e-01 7.95152426e-01
    3.48226428e-01 7.29416370e-01 8.52711260e-01 7.21615314e-01
    3.53044629e-01 2.35515594e-01 9.91676331e-01 4.64283407e-01
    3.46515179e-01 9.42533612e-01 8.42420936e-01 1.23022079e-01
    8.02452326e-01 4.20376658e-01 5.97272635e-01 7.84173191e-01
    8.17645907e-01 4.11729872e-01 2.01513797e-01 5.25325298e-01
    5.59133351e-01 7.19308555e-02 5.62283993e-01 5.08624315e-01
    8.66080165e-01 6.92655563e-01 8.40357065e-01 6.07970178e-01
    2.71763027e-01 1.92399979e-01 3.53581458e-01 7.99498558e-02
    1.76970840e-01 9.43405867e-01 1.88315690e-01 5.81768155e-01
    7.85582662e-01 3.99766952e-01 3.76096636e-01 2.57862538e-01
    3.37150335e-01 1.03736848e-01 1.65230155e-01 5.50296307e-01
    6.85318828e-01 6.91443920e-01 2.29518473e-01 1.82763875e-01
    4.57723469e-01 5.04125655e-02 1.04137927e-01 5.05517602e-01
    4.84552205e-01 1.15939230e-01 9.78579402e-01 1.38727993e-01
    1.16387010e-03 2.20687479e-01 3.11612487e-02 2.51527548e-01
    2.25997418e-01 8.02967310e-01 2.53103852e-01 8.31870437e-01
    2.73488343e-01 7.93514431e-01 4.28512454e-01 3.71903300e-01
    5.36224306e-01 3.19806933e-01 3.39614153e-01 3.42379987e-01
    2.48713076e-01 4.75217998e-01 4.33332473e-01 7.69315362e-01
    8.49231005e-01 3.26993108e-01 6.99794590e-02 2.68727988e-01
    3.24331820e-01 4.35183764e-01 7.45383620e-01 6.59304261e-01
    6.78449094e-01 2.03899771e-01 1.36882246e-01 4.56312627e-01
    1.04187220e-01 8.52133155e-01 2.89921671e-01 8.02928686e-01
    1.64847076e-02 9.72022116e-02 5.43748915e-01 8.34165990e-01
    8.94497514e-01 7.73690820e-01 3.31040680e-01 9.26135123e-01
    1.40796989e-01 1.77286744e-01 4.61480618e-01 4.58078623e-01
    6.72205389e-02 5.96959114e-01 2.79180646e-01 1.46820366e-01
    8.47156048e-01 3.39525759e-01 8.08344305e-01 6.59117043e-01
    3.76365781e-01 4.18169498e-01 7.96819091e-01 4.67046529e-01
    7.16757178e-01 3.83187532e-01 4.39150304e-01 7.48852551e-01
    4.17584896e-01 8.61165166e-01 3.66065741e-01 2.93144077e-01
    9.93878484e-01 6.20088041e-01 7.87207186e-02 1.46101356e-01
    6.13030851e-01 6.17311180e-01 2.28009224e-01 5.94372749e-01
    7.88374424e-01 6.18942142e-01 6.75301135e-01 2.17310399e-01
    6.70731306e-01 7.16830075e-01 9.14381742e-01 7.21595347e-01
    3.65500152e-02 5.83047569e-02 9.73097503e-01 2.41098821e-01
    5.42160273e-01 3.44558805e-01 6.41324520e-01 7.66526580e-01
    7.17426956e-01 3.12763393e-01 7.57922292e-01 1.07372910e-01
    4.63276684e-01 4.54326272e-02 5.94136655e-01 7.23585486e-01
    1.22250021e-02 7.76601791e-01 7.94843793e-01 6.15347564e-01
    6.08471155e-01 1.47032261e-01 5.54211259e-01 4.62715447e-01
    9.10582542e-01 5.86871147e-01 5.77495992e-01 3.27713490e-01
    6.93872869e-01 8.24078083e-01 3.73160988e-01 4.78116900e-01
    5.51667273e-01 6.96983159e-01 4.87868488e-02 7.28335500e-01
    4.91879672e-01 3.71304929e-01 5.89924991e-01 9.73191619e-01
    8.82551968e-02 5.41666508e-01 7.04259574e-02 1.34955913e-01
    5.30408740e-01 4.27571654e-01 4.35454547e-01 5.93059361e-01
    4.17198539e-02 7.39757538e-01 7.52815247e-01 2.34729141e-01
    1.42967403e-01 9.44134653e-01 6.85168028e-01 4.76034731e-01
    7.84082532e-01 8.80946279e-01 6.98437810e-01 5.90584874e-01
    3.99860233e-01 5.67644835e-01 8.71521711e-01 9.29444790e-01
    5.77986240e-02 8.14854503e-01 4.53627944e-01 3.83676350e-01
    5.48718870e-01 2.90490389e-02 4.66320038e-01 4.33451444e-01
    9.18965936e-01 9.82333422e-01 1.77735895e-01 7.40026355e-01
    6.43007517e-01 3.15870255e-01 2.15081155e-01 8.31210077e-01
    1.09374017e-01 6.78034186e-01 4.90136772e-01 3.19694400e-01
    9.68827963e-01 1.80774748e-01 4.03873861e-01 5.11248469e-01
    1.31433189e-01 3.76572162e-01 7.85086691e-01 3.97340238e-01
    2.07330048e-01 1.08133256e-01 2.58510768e-01 4.19250816e-01
    1.70299411e-03 7.45187879e-01 4.36760187e-02 9.13532495e-01
    5.57329714e-01 6.79843664e-01 3.17070991e-01 7.11483359e-02
    9.48581576e-01 1.36807561e-02 7.68351793e-01 3.85855913e-01
    4.19721633e-01 1.67172849e-02 6.98480964e-01 2.58113652e-01
    1.42605126e-01 6.59765303e-01 3.51959616e-01 7.17508078e-01
    9.31392431e-01 9.21536267e-01 9.97388124e-01 7.05068409e-01
    7.78485596e-01 1.43460572e-01 2.76045859e-01 3.59171838e-01
    2.18546391e-01 7.63322711e-01 8.94564390e-01 3.69022250e-01
    3.00944358e-01 4.36983556e-01 4.90439743e-01 1.77461743e-01
    4.04654533e-01 6.05060458e-02 6.00113034e-01 1.35368735e-01
    5.93325377e-01 1.15181208e-01 8.95356297e-01 8.73662829e-01
    7.42167830e-02 4.93468642e-01 9.00261700e-02 4.89262968e-01
    4.17178273e-02 9.49993849e-01 5.56848645e-01 8.43280554e-01
    2.77201414e-01 2.96048343e-01 6.75668061e-01 3.71678174e-01
    5.41655362e-01 1.03035152e-01 5.87495506e-01 5.80728352e-02
    3.19365621e-01 4.88977432e-01 3.85734826e-01 7.14024007e-01
    5.61647177e-01 2.95187652e-01 5.66071332e-01 6.74483240e-01
    8.34858537e-01 6.78449869e-02 3.58482808e-01 1.26532853e-01
    2.09117591e-01 3.05814534e-01 6.18779302e-01 3.57578397e-01
    2.65439272e-01 5.70579529e-01 1.82678938e-01 6.47215843e-01
    6.13195002e-01 2.19306886e-01 8.66970301e-01 4.78053093e-02
    9.13304329e-01 5.72766900e-01 3.91697228e-01 4.31905746e-01
    8.31485629e-01 3.33173156e-01 8.80836248e-01 3.96398753e-01
    3.47453237e-01 1.70190334e-01 6.72542930e-01 1.05268985e-01
    1.16891414e-01 6.75489485e-01 1.31873459e-01 4.69254255e-01
    4.47403938e-01 2.82042861e-01 2.36535132e-01 4.78983909e-01
    5.35926402e-01 4.08163607e-01 5.30818045e-01 6.02132201e-01
    9.41128969e-01 2.17368335e-01 2.24918723e-02 1.46948427e-01
    6.69694364e-01 7.35230923e-01 7.34079540e-01 3.29978824e-01
    8.96767378e-01 3.09222937e-01 4.47117984e-01 1.51852041e-01
    8.99410963e-01 9.11281824e-01 2.12629825e-01 8.89273643e-01
    6.41104519e-01 1.15609854e-01 9.84475553e-01 8.02377164e-01
    4.49171841e-01 9.66725409e-01 8.00223112e-01 6.02819681e-01
    6.85047030e-01 5.68875670e-01 2.22241968e-01 7.84752309e-01
    6.07782483e-01 3.02498966e-01 1.55482858e-01 9.50131655e-01
    1.89080268e-01 2.26186275e-01 2.18848675e-01 6.04544759e-01
    8.18348527e-01 8.58810902e-01 4.62066770e-01 2.78181106e-01
    4.41807181e-01 2.44048595e-01 9.30826128e-01 3.03412974e-01
    7.29823112e-01 3.16133499e-01 4.52256650e-01 8.01030874e-01
    3.61012816e-02 3.73789907e-01 7.72044539e-01 2.83771038e-01
    3.66135716e-01 3.30616981e-01 3.80114913e-02 3.13658893e-01
    7.22416759e-01 9.44050252e-02 6.77006423e-01 8.98051381e-01
    8.23132157e-01 4.39729929e-01 8.57886076e-01 3.76054287e-01
    8.71631861e-01 3.20304930e-01 2.83893585e-01 7.93242574e-01
    2.59758919e-01 9.35611486e-01 7.40477443e-02 6.80303693e-01
    4.42265213e-01 1.42376721e-01 8.03462505e-01 2.19699740e-03
    1.16310209e-01 4.50723201e-01 7.17892289e-01 8.45846891e-01
    1.01479590e-01 3.72592986e-01 4.36519533e-01 2.58084983e-01
    3.37013841e-01 5.73104739e-01 6.49479508e-01 6.87287867e-01
    9.91050363e-01 3.11422110e-01 3.52406293e-01 1.13694698e-01
    6.67089760e-01 8.29554319e-01 3.26668203e-01 1.13297850e-01
    8.16389084e-01 6.11440063e-01 6.92089438e-01 7.81561732e-01
    8.94701123e-01 9.03969646e-01 5.58977604e-01 5.40851891e-01
    2.37275898e-01 5.08229613e-01 6.37615383e-01 8.37600589e-01
    4.83556479e-01 4.35261428e-01 7.34798610e-02 9.27478790e-01
    5.84547698e-01 9.44285512e-01 5.60618639e-01 7.91289330e-01
    9.07706976e-01 1.15725249e-01 2.44161129e-01 3.35725158e-01
    9.72833574e-01 5.71573377e-01 2.21877635e-01 9.08336282e-01
    5.09587228e-01 3.49394202e-01 2.87401438e-01 6.25321567e-01
    1.60652399e-01 5.60708106e-01 4.91666794e-02 4.58834082e-01
    1.49851471e-01 2.07507402e-01 9.20879543e-01 7.90230870e-01
    7.44982183e-01 5.10416925e-02 3.97537947e-01 7.23962188e-02
    2.78527498e-01 3.84926975e-01 4.15677100e-01 3.21920753e-01
    4.07036453e-01 9.59297657e-01 1.21373624e-01 3.00920248e-01
    4.34301913e-01 4.37489420e-01 5.89532614e-01 7.20100999e-01
    5.06631017e-01 6.14507496e-01 3.73949230e-01 4.56226051e-01
    4.15984541e-01 2.13330090e-02 6.43388867e-01 2.17470109e-01
    6.71997488e-01 9.85628724e-01 2.97448337e-02 3.66469383e-01
    5.50850034e-02 8.61128807e-01 1.63889021e-01 7.81583488e-02
    8.84640098e-01 1.28132105e-02 9.96425152e-01 6.84635639e-02
    5.84790349e-01 7.16089010e-01 2.69654125e-01 2.48600543e-02
    2.79093176e-01 8.39417577e-01 6.71177804e-02 6.41699433e-02
    6.11301303e-01 1.17668450e-01 6.42376542e-01 2.29737431e-01
    2.56448060e-01 1.60640121e-01 3.45792592e-01 9.64031279e-01
    4.09745783e-01 6.78347588e-01 2.32746989e-01 9.37990069e-01
    6.67469978e-01 7.65852690e-01 5.02062142e-01 6.92574382e-01
    6.14795566e-01 7.73485661e-01 6.52101398e-01 8.30344558e-01
    4.86741185e-01 1.76218152e-01 6.32476807e-03 5.28049588e-01
    1.58840626e-01 3.23724568e-01 4.87634301e-01 1.32867187e-01
    4.18317169e-01 9.40764546e-01 2.71869332e-01 9.34873343e-01
    9.86149311e-01 6.21500909e-01 2.06491709e-01 6.10910475e-01
    5.56499720e-01 2.44969636e-01 3.71100307e-01 8.05832326e-01
    6.54320717e-01 5.78030348e-01 5.04085004e-01 6.06650293e-01
    5.59347928e-01 1.95560575e-01 2.24909455e-01 9.47844684e-02
    7.22328246e-01 4.41592932e-03 8.73309731e-01 1.85789645e-01
    1.67410493e-01 5.04772365e-02 9.26910996e-01 4.54042673e-01
    6.02242589e-01 1.58530802e-01 2.53540456e-01 9.15329933e-01
    2.59646416e-01 5.79164743e-01 2.82780826e-02 6.05143309e-01
    7.19225645e-01 8.29171062e-01 9.14567113e-01 3.36220980e-01
    5.36393523e-02 1.19454861e-01 6.17136776e-01 3.50100935e-01
    9.71900582e-01 2.50941038e-01 9.16025400e-01 4.36341196e-01
    1.03083819e-01 4.71792996e-01 7.17039824e-01 8.66321802e-01
    6.55009747e-01 1.00175202e-01 9.63181078e-01 9.40652728e-01
    1.94359124e-02 7.84776509e-02 1.93980157e-01 8.14415693e-01
    8.39723587e-01 1.85137510e-01 4.51632380e-01 1.11511379e-01
    4.48310137e-01 6.61292672e-02 1.29598856e-01 2.35209465e-01
    2.27304906e-01 8.24386418e-01 5.67228913e-01 6.49155617e-01
    9.22323048e-01 8.38042140e-01 8.95432770e-01 1.30673885e-01
    6.90487266e-01 8.95438194e-02 3.31470788e-01 1.63174272e-01
    1.37710780e-01 2.49652565e-01 7.52342582e-01 2.51416415e-01
    5.69375753e-01 4.50339198e-01 7.50263691e-01 9.30918634e-01
    1.59725249e-02 4.91944253e-01 4.15404886e-01 8.26464176e-01
    9.15625036e-01 4.67148960e-01 1.59402966e-01 6.26832187e-01
    8.82550657e-01 2.07692534e-01 8.41825962e-01 8.42602015e-01
    7.28433430e-01 8.36356401e-01 1.27461851e-01 1.76633179e-01
    6.64190054e-02 6.56921983e-01 5.63061059e-01 1.01844102e-01
    5.39188623e-01 4.07019824e-01 3.30462813e-01 7.69211531e-01
    5.75042963e-01 9.29141104e-01 7.12194920e-01 2.28009403e-01
    8.24210048e-01 1.45743877e-01 9.63102221e-01 4.98326570e-01
    6.19346440e-01 5.65411448e-01 5.71880639e-01 7.45869279e-01
    8.22883964e-01 2.14792192e-02 3.21431994e-01 9.00160074e-02
    4.72272635e-02 6.43318534e-01 6.15146041e-01 4.34282035e-01
    1.96894020e-01 9.73504543e-01 4.20551270e-01 6.13276660e-02
    1.82429820e-01 1.99584603e-01 2.87012309e-01 5.07170200e-01
    9.35538173e-01 1.48859829e-01 4.18035269e-01 9.09500122e-02
    5.93913913e-01 2.88940519e-01 6.36332691e-01 2.89214969e-01
    6.25123143e-01 4.89798903e-01 2.33106732e-01 6.58781290e-01
    8.49797487e-01 3.97506982e-01 3.09035450e-01 6.05412364e-01
    9.83793974e-01 2.43662775e-01 2.55879939e-01 6.44219756e-01
    9.65958595e-01 6.14043832e-01 1.83524370e-01 4.46326673e-01
    8.58047605e-01 3.95248741e-01 6.70408368e-01 5.17755032e-01
    6.56527817e-01 3.19882095e-01 5.08660376e-02 1.42061800e-01
    2.34695762e-01 1.94088310e-01 4.18752432e-03 2.96573699e-01
    1.92766368e-01 9.50458050e-01 6.24169111e-01 2.64948308e-02
    6.84279442e-01 9.27286744e-01 6.35911882e-01 3.31308812e-01
    3.10358107e-01 4.42511767e-01 6.08568192e-01 1.05923355e-01
    1.42377019e-01 1.39289975e-01 3.70981812e-01 4.04114604e-01
    6.21407747e-01 2.85290182e-02 9.46330130e-02 8.52200389e-01
    8.55610728e-01 9.18038726e-01 7.43042409e-01 1.79525942e-01
    3.07112575e-01 3.22709739e-01 9.39545035e-01 9.10339952e-01
    9.34990883e-01 9.44179773e-01 2.24612564e-01 6.81425869e-01
    4.89898652e-01 6.24332547e-01 5.75936556e-01 4.91297215e-01
    3.55246633e-01 1.63977265e-01 1.66748077e-01 3.30096006e-01
    7.14688540e-01 6.57777727e-01 7.24423289e-01 1.01840556e-01
    5.97104073e-01 3.37880552e-02 3.58095765e-01 1.79143280e-01
    6.14104033e-01 9.55125928e-01 2.68224210e-01 7.58610249e-01
    7.68620193e-01 7.73964822e-02 7.95024753e-01 8.52777064e-02
    4.18899089e-01 9.28790152e-01 2.47966349e-02 7.37794161e-01
    3.60948801e-01 5.38775921e-01 5.16040981e-01 5.47213793e-01
    3.84899974e-02 1.14668131e-01 3.97733241e-01 2.91972011e-01
    5.74774265e-01 5.04092991e-01 9.31300938e-01 9.77410793e-01
    4.42990273e-01 7.54876018e-01 8.18070948e-01 8.46361041e-01
    1.30578905e-01 3.58268797e-01 6.45592868e-01 8.29580426e-02
    2.59803593e-01 9.46554065e-01 2.11852074e-01 1.10642403e-01
    8.08292627e-02 9.22026992e-01 6.46374524e-01 9.02199328e-01
    5.65796733e-01 5.48369408e-01 8.33519757e-01 4.89069581e-01
    4.68281418e-01 4.79712933e-01 6.55819476e-02 9.52075839e-01
    8.11127543e-01 2.26910114e-01 4.03656989e-01 6.75600171e-01
    2.40656435e-01 3.48584145e-01 4.28382158e-02 4.05514210e-01
    8.02607715e-01 3.49871397e-01 4.73616272e-01 9.49338794e-01
    8.25369179e-01 3.23837817e-01 4.32668090e-01 6.33198440e-01
    3.08483779e-01 1.85432017e-01 5.11254966e-02 4.12141889e-01
    8.67643654e-02 6.88878059e-01 2.50551105e-02 3.64546418e-01
    8.51405144e-01 8.93706381e-02 6.77610159e-01 2.49268740e-01
    4.60319221e-01 2.47275174e-01 7.61726141e-01 4.80944186e-01
    3.06287438e-01 9.86499488e-01 8.54706764e-02 7.10178137e-01
    5.66044569e-01 4.17084277e-01 5.64589798e-01 1.08998656e-01
    8.24385583e-01 8.93183947e-01 5.31822622e-01 7.81937540e-01
    4.35693026e-01 1.78868920e-01 3.26417834e-01 4.49942946e-01
    9.20037150e-01 8.70607257e-01 9.31513906e-02 8.56611073e-01
    1.91700488e-01 2.75105059e-01 3.02016854e-01 4.13889557e-01
    9.31979656e-01 8.20594907e-01 1.83504403e-01 7.28574157e-01
    7.91207552e-01 8.16147208e-01 1.26478046e-01 3.42881918e-01
    5.77693284e-01 9.08484578e-01 4.36866879e-01 7.27307081e-01
    9.64666486e-01 9.02179003e-01 8.93394947e-01 1.88738167e-01
    3.15677345e-01 3.41197580e-01 9.07075167e-01 2.21375346e-01
    4.83595908e-01 2.40620971e-02 7.65920043e-01 6.94335103e-02
    6.67830586e-01 1.45623267e-01 2.50717103e-02 7.66111016e-01
    2.74257302e-01 8.69435310e-01 2.97673821e-01 5.63200653e-01
    3.75767589e-01 6.05983198e-01 1.77565962e-01 3.02568376e-01
    4.36335415e-01 4.91190076e-01 7.25319386e-01 8.28370929e-01
    9.77890849e-01 1.11557543e-02 4.18746948e-01 6.64207757e-01
    9.58991885e-01 1.63291067e-01 2.32323587e-01 9.70330119e-01
    2.04788566e-01 8.85540783e-01 8.47002029e-01 8.80581737e-01
    4.41100806e-01 8.87047648e-01 4.85171378e-02 7.55454302e-02
    7.83734083e-01 5.73332787e-01 9.03129280e-01 6.57931805e-01
    1.76638931e-01 9.59228754e-01 9.12213802e-01 9.14071083e-01
    2.14285374e-01 3.95797998e-01 7.56187022e-01 6.02611840e-01
    1.84597492e-01 6.17211819e-01 9.66226459e-01 2.66009629e-01
    3.91431749e-02 6.89195096e-02 8.93050790e-01 7.08301902e-01
    4.82306302e-01 9.82084513e-01 9.38325465e-01 6.05358779e-01
    2.71711349e-01 5.43305695e-01 3.58620167e-01 3.46657276e-01
    4.64088023e-01 1.91745490e-01 4.41206187e-01 4.69176114e-01
    4.70369279e-01 2.97302872e-01 8.11032772e-01 8.70454371e-01
    7.56239414e-01 4.34446603e-01 5.76014280e-01 2.72214472e-01
    1.56028539e-01 8.64692807e-01 7.36436248e-03 4.36302662e-01
    9.32013750e-01 5.33603311e-01 7.78364539e-01 9.48408246e-02
    4.88646358e-01 3.31417203e-01 8.32195163e-01 4.76972133e-01
    7.07132220e-01 6.24729812e-01 1.04641795e-01 7.05610514e-02
    5.45095623e-01 7.70977974e-01 7.75006175e-01 4.17552769e-01
    4.86012101e-01 8.29050541e-01 3.63617241e-01 1.39859289e-01
    3.11811447e-01 1.84122920e-01 4.82521445e-01 6.26528025e-01
    7.85533905e-01 3.28939438e-01 6.05174899e-02 2.78823853e-01
    9.50492263e-01 9.82281566e-01 6.78712428e-02 1.47469938e-01
    1.33350968e-01 5.02284467e-01 9.18963373e-01 9.19547200e-01
    3.45713317e-01 4.77535605e-01 6.05536520e-01 9.38618779e-01
    9.74126101e-01 1.32115364e-01 6.34655356e-01 8.28205109e-01
    7.53467679e-01 1.48212552e-01 3.43729913e-01 3.66807252e-01
    8.18799734e-01 4.19154406e-01 7.10213542e-01 4.21883047e-01
    8.95694017e-01 3.45080972e-01 6.75606132e-02 6.81374669e-01
    1.57740712e-01 1.72364414e-01 8.20486307e-01 2.20463544e-01
    1.48519665e-01 3.10630322e-01 4.95269895e-02 9.28452015e-01
    1.28775239e-01 1.82139397e-01 8.23372006e-02 8.76184940e-01
    8.94594789e-01 9.72318053e-01 2.16776490e-01 6.12642407e-01
    1.64077103e-01 7.01761246e-01 8.84078443e-01 8.91513050e-01
    2.70383120e-01 6.78256571e-01 7.01993346e-01 1.61413401e-01
    9.31463599e-01 5.67701578e-01 9.87826705e-01 3.64405870e-01
    7.20531583e-01 8.64798307e-01 8.12223673e-01 8.72151971e-01
    9.99348164e-02 6.12534106e-01 8.78669381e-01 1.75126523e-01
    5.35050929e-01 3.52998257e-01 6.61535203e-01 5.42834759e-01
    1.66871279e-01 4.67330754e-01 9.60245430e-01 2.88514733e-01
    6.80404603e-01 4.81383920e-01 9.02115822e-01 9.68158126e-01
    2.54468799e-01 1.74731106e-01 6.83136523e-01 3.98557395e-01
    8.40486228e-01 8.85411143e-01 3.91039550e-02 3.82102549e-01
    1.12008274e-01 9.63645399e-01 3.10289174e-01 5.49809933e-01
    8.53985906e-01 9.10756588e-01 3.34851891e-01 8.37752223e-01
    2.48409390e-01 9.84995127e-01 6.02466226e-01 3.21840525e-01
    1.01240695e-01 9.79225934e-01 8.64591956e-01 4.10166383e-03
    2.10585415e-01 1.92180157e-01 7.94698358e-01 9.18782234e-01
    5.51252723e-01 1.20609164e-01 7.92828798e-01 5.96480250e-01
    2.39992619e-01 3.01007926e-01 2.59423047e-01 9.62036431e-01
    1.21594161e-01 5.33467114e-01 8.51745605e-01 8.39277387e-01
    1.62028551e-01 4.99922842e-01 4.65269983e-01 6.79959536e-01
    7.83832848e-01 1.05090380e-01 9.48333144e-02 8.19899678e-01
    6.68773890e-01 4.71561193e-01 8.82913470e-02 3.46766531e-01
    1.84983104e-01 4.93708640e-01 4.23100263e-01 6.04803920e-01
    6.35761797e-01 1.57614112e-01 9.27179158e-02 8.22822094e-01
    5.86799622e-01 2.40627766e-01 4.07414198e-01 5.29845715e-01
    3.64365995e-01 3.84431392e-01 9.99404550e-01 9.65065300e-01
    4.35287625e-01 6.12976253e-02 7.66542673e-01 4.02649939e-01
    9.06775594e-02 4.13968444e-01 2.51851916e-01 8.50122809e-01
    7.61913121e-01 8.35268855e-01 7.24444211e-01 4.94226813e-03
    5.32044291e-01 7.02230036e-01 5.63113034e-01 5.74789405e-01
    5.42895913e-01 6.12643719e-01 4.10819024e-01 2.57712066e-01
    6.23859227e-01 3.62675101e-01 6.58844471e-01 7.99432039e-01
    1.47709936e-01 5.82559824e-01 3.44518751e-01 1.08266622e-01
    3.78041804e-01 4.41461384e-01 3.46534401e-01 2.58864611e-01
    1.34690702e-01 3.58237505e-01 5.68127990e-01 7.09042549e-01
    9.72440898e-01 9.24048185e-01 3.35135937e-01 4.19766873e-01
    2.21693814e-02 1.92691505e-01 4.19980824e-01 3.90187293e-01
    1.32433414e-01 4.98475373e-01 2.92741328e-01 6.30895078e-01
    5.42781711e-01 5.25808930e-01 5.94036460e-01 2.39347368e-01
    6.09482408e-01 4.95524734e-01 5.93647599e-01 1.40680254e-01
    6.17045879e-01 9.24524128e-01 4.52607989e-01 5.64692199e-01
    8.04662704e-01 3.32404673e-02 3.28687966e-01 5.34239411e-01
    4.79422808e-01 3.67279470e-01 6.29007220e-01 2.52584279e-01
    4.41434413e-01 7.89284706e-01 1.33269489e-01 4.36027169e-01
    1.71714067e-01 1.83177888e-02 1.16920203e-01 3.66734624e-01
    7.41461039e-01 2.55194992e-01 7.73138940e-01 5.01445532e-01
    7.28475749e-02 5.79874277e-01 5.19017816e-01 9.64822888e-01
    6.84834540e-01 6.93404496e-01 3.39146465e-01 8.72964859e-01
    7.76533186e-01 9.08747137e-01 1.78815156e-01 8.34092200e-02
    7.17838347e-01 5.60579240e-01 5.35596013e-02 4.95148242e-01
    7.86581457e-01 7.98253000e-01 7.31521547e-01 6.32609963e-01
    1.74149454e-01 8.86944771e-01 7.54585445e-01 6.00333750e-01
    7.21237659e-01 3.38467181e-01 5.86101353e-01 8.06884587e-01
    3.85714978e-01 2.37407446e-01 7.00819790e-01 9.43899214e-01
    9.42912698e-01 8.89810562e-01 2.28381693e-01 6.58864617e-01
    6.34232581e-01 4.13427800e-01 9.97228622e-01 5.97185075e-01
    4.29496616e-01 1.78475261e-01 1.95106804e-01 9.30479467e-01
    6.56745732e-02 6.51166141e-01 8.24365616e-01 7.43814588e-01
    4.44961309e-01 3.01095545e-01 4.98718381e-01 9.42410767e-01
    4.97154355e-01 8.63567114e-01 4.94060278e-01 9.76043224e-01
    9.64527726e-02 1.83592319e-01 7.29546487e-01 3.97736281e-01
    3.15587223e-02 6.37497246e-01 7.46124148e-01 2.22725391e-01
    2.47559667e-01 3.49830776e-01 1.32026643e-01 7.70097733e-01
    2.91399479e-01 9.31757033e-01 7.78137922e-01 1.71026081e-01
    7.91702092e-01 5.30085027e-01 7.76100397e-01 9.28570867e-01
    1.02738768e-01 9.58311617e-01 6.68388546e-01 9.60138738e-01
    9.36815977e-01 4.40547943e-01 3.40277344e-01 4.36788470e-01
    3.60457540e-01 7.31020212e-01 3.90722215e-01 6.55003071e-01
    7.84754992e-01 4.76496756e-01 3.71577919e-01 5.14236748e-01
    8.67945790e-01 9.09225225e-01 6.74961448e-01 3.65814507e-01
    9.41503644e-01 6.71279669e-01 5.07248223e-01 6.96282506e-01
    1.32115692e-01 6.05921745e-01 6.03345990e-01 6.02879345e-01
    7.48256445e-02 6.97311401e-01 3.85857165e-01 2.16090471e-01
    1.12116247e-01 9.87979770e-02 2.15814173e-01 5.76404691e-01
    8.12833428e-01 7.64881074e-02 4.30398792e-01 9.06839013e-01
    5.06307602e-01 9.86212671e-01 8.95852685e-01 9.23889160e-01
    8.99090052e-01 7.22804666e-02 9.75944757e-01 4.28722858e-01
    9.29453850e-01 2.68370748e-01 9.26770329e-01 2.59723365e-01
    1.27138883e-01 6.36174500e-01 5.64773858e-01 7.14277983e-01
    2.29553878e-02 9.45797265e-01 1.39917433e-01 8.67912173e-01
    2.32154667e-01 5.76409996e-01 5.00124097e-01 9.96787250e-01
    6.77282035e-01 3.07465494e-01 4.80052918e-01 7.32887626e-01
    7.29359150e-01 8.87014210e-01 3.01864624e-01 9.58631158e-01
    3.35612655e-01 9.17617559e-01 1.45957291e-01 6.01258993e-01
    7.31209517e-01 8.62850904e-01 2.58827448e-01 1.14129782e-02
    2.61358112e-01 6.31347477e-01 8.66996169e-01 4.55017269e-01
    7.10426569e-02 6.83733463e-01 3.38297129e-01 1.93997860e-01
    6.67611182e-01 1.37366444e-01 4.77005959e-01 1.26539707e-01
    7.37389207e-01 7.93888867e-02 8.80570412e-01 3.44954669e-01
    4.38537240e-01 5.17323911e-01 1.11949712e-01 5.80630302e-01
    4.78483260e-01 8.98372889e-01 2.11808324e-01 6.85268641e-01
    7.55354404e-01 1.22498274e-01 3.71235609e-01 2.67821729e-01
    4.80794489e-01 3.92094254e-01 7.30246484e-01 1.70486748e-01
    9.28331137e-01 7.97701359e-01 4.37766463e-01 7.17626035e-01
    3.27656746e-01 7.95488358e-02 1.43819839e-01 9.45024371e-01
    5.02959967e-01 1.73860759e-01 9.70424175e-01 5.97523272e-01
    2.23233461e-01 7.48088181e-01 1.34767920e-01 7.87244260e-01
    4.23001230e-01 5.24082005e-01 2.83416569e-01 4.99820650e-01
    6.41644120e-01 1.52291805e-01 9.78720069e-01 5.22367656e-01
    1.20092839e-01 7.36052990e-01 8.96269679e-01 8.64414871e-01
    2.91306555e-01 4.88929093e-01 8.52390170e-01 9.43953753e-01
    8.90031695e-01 1.73587233e-01 5.73112726e-01 5.17317772e-01
    7.08855510e-01 4.52257365e-01 6.22713864e-02 9.34945703e-01
    8.89467120e-01 4.32663828e-01 3.87095481e-01 7.43988812e-01
    2.28497922e-01 3.76089931e-01 1.76991373e-01 1.56813264e-02
    9.05089021e-01 6.41000152e-01 3.64006668e-01 4.72570539e-01
    5.23270786e-01 5.79309285e-01 6.62057340e-01 6.61332667e-01
    2.08314508e-01 1.13919497e-01 8.84966671e-01 3.11707497e-01
    8.36053789e-02 3.82874906e-01 7.42112637e-01 9.96820390e-01
    7.92283237e-01 1.14562899e-01 5.86451948e-01 5.18982708e-01
    5.22881269e-01 1.10545456e-02 6.36467814e-01 7.64161587e-01
    3.34386110e-01 2.11215377e-01 8.72921944e-02 3.12563658e-01
    6.97844625e-01 9.35356736e-01 9.33081508e-01 2.81133473e-01
    1.20335311e-01 2.42315412e-01 3.98489684e-01 9.52076077e-01
    7.34704435e-01 6.12419367e-01 7.96762288e-01 9.32147026e-01
    7.74120927e-01 5.37224352e-01 1.16814911e-01 7.17349052e-01
    2.46736258e-01 5.62548101e-01 3.95121217e-01 4.80950505e-01
    3.48992586e-01 6.24156952e-01 9.94399428e-01 6.14137053e-01
    1.03213102e-01 3.31548452e-02 8.11196685e-01 5.26626766e-01
    7.26588488e-01 2.10914910e-02 7.39444554e-01 5.89417100e-01
    3.32845271e-01 2.07117975e-01 3.41002584e-01 1.55164957e-01
    3.56099427e-01 7.21293867e-01 1.40873641e-01 6.41565323e-01
    1.96568638e-01 7.10979939e-01 2.15524167e-01 5.38265765e-01
    6.65865958e-01 5.27093709e-02 2.68101692e-04 6.12363458e-01
    2.54399776e-01 1.34110689e-01 8.51420045e-01 2.77287364e-01
    9.56626296e-01 7.15716839e-01 4.03124362e-01 3.09364438e-01
    9.63642478e-01 9.11444485e-01 9.90872324e-01 7.19441473e-01
    6.30055428e-01 1.00154936e-01 5.11699438e-01 3.71506661e-01
    7.17665315e-01 4.66694623e-01 5.36682189e-01 2.85530686e-02
    4.97117996e-01 3.61645520e-01 5.00607669e-01 3.02117705e-01
    7.60527134e-01 2.61055976e-01 1.26403898e-01 2.07981616e-01
    8.72199953e-01 6.82571173e-01 8.88946354e-02 5.03354847e-01
    1.80799723e-01 1.24939978e-01 1.62830681e-01 1.32746488e-01
    7.93473542e-01 3.44177485e-01 6.49891734e-01 2.91576326e-01
    8.81749213e-01 5.55931330e-01 8.90403926e-01 8.51405740e-01
    2.20756888e-01 1.29069418e-01 4.27051067e-01 6.46858990e-01
    8.05299282e-01 6.22134745e-01 1.22894108e-01 2.21901298e-01
    7.59116411e-02 1.46599293e-01 1.02194190e-01 9.57246900e-01
    3.67997289e-02 4.77079779e-01 9.28695738e-01 7.83432841e-01
    5.16616642e-01 9.19915736e-02 8.88453782e-01 3.22798014e-01
    2.98420548e-01 7.54252434e-01 2.03104734e-01 5.62499464e-01
    1.54408962e-01 3.76796216e-01 7.36131251e-01 9.80646074e-01
    7.04868317e-01 6.78544641e-02 6.33904934e-01 8.13710332e-01
    7.43759632e-01 9.94775057e-01 8.09514284e-01 8.98469210e-01
    4.21513468e-01 1.96664631e-01 7.18963981e-01 2.62892723e-01
    3.07680309e-01 8.31169784e-02 4.74261969e-01 7.83281326e-01
    6.06893957e-01 2.53174126e-01 7.21407294e-01 8.11360180e-01
    4.36360478e-01 3.13106418e-01 6.36315644e-01 9.82153416e-01
    6.25846744e-01 9.96529758e-01 4.18956608e-01 9.01985407e-01
    5.11348844e-01 8.25489402e-01 9.21980560e-01 2.73024142e-02
    9.24172819e-01 1.31961405e-02 4.11475837e-01 9.76309657e-01
    2.95760512e-01 6.96835220e-01 3.34616333e-01 3.68695676e-01
    9.88015532e-03 2.27127552e-01 9.18537259e-01 7.45847821e-02
    3.42897147e-01 1.54501736e-01 2.56142497e-01 2.86581814e-01
    8.71085882e-01 1.97659850e-01 5.98074496e-01 4.45728868e-01
    6.01872265e-01 8.13100219e-01 5.33762634e-01 5.71024418e-01
    3.89322221e-01 5.72710335e-01 2.82689333e-02 1.54811442e-02
    9.99230385e-01 1.06244594e-01 8.03580582e-02 8.72382164e-01
    4.58246857e-01 2.85357535e-02 5.28702140e-03 5.81042826e-01
    7.48864830e-01 6.53319776e-01 8.57320309e-01 5.03876626e-01
    8.25226188e-01 7.03183591e-01 6.95883214e-01 2.86677718e-01
    2.98220783e-01 2.04292536e-01 5.75971007e-02 3.52947652e-01
    1.03054881e-01 6.34291291e-01 4.32898283e-01 5.78974009e-01
    5.24609625e-01 2.35830009e-01 1.69727206e-03 7.97244787e-01
    4.62529361e-01 3.33714485e-02 4.09652948e-01 6.76894069e-01
    2.56411970e-01 8.82095933e-01 4.46911514e-01 9.13593531e-01
    1.87668920e-01 1.86382741e-01 9.31019485e-01 8.11782181e-01
    6.81449771e-01 4.39726919e-01 6.11455381e-01 5.11075079e-01
    7.78004706e-01 4.90454465e-01 2.10337073e-01 4.12725300e-01
    7.68280625e-01 7.99375951e-01 2.57558882e-01 1.41746879e-01
    9.39741969e-01 2.16677338e-01 7.19138741e-01 5.64891577e-01
    3.31348985e-01 6.77233934e-03 7.34197497e-01 4.81726289e-01
    3.49954993e-01 9.72839534e-01 8.91626954e-01 6.52013421e-01
    5.41879416e-01 2.45083570e-01 4.10217583e-01 3.52523208e-01
    8.25406075e-01 5.87274790e-01 1.19641006e-01 3.73303115e-01
    2.38668889e-01 7.56021857e-01 6.39707744e-01 1.86989278e-01
    6.63726449e-01 7.48777688e-01 3.40026975e-01 4.60379899e-01
    4.57038343e-01 3.14518571e-01 8.82942915e-01 2.08083063e-01
    6.05522156e-01 2.45455831e-01 4.03556675e-01 2.46303469e-01
    5.20397902e-01 6.56457245e-01 6.59809709e-02 1.77417397e-02
    7.32697725e-01 6.53220296e-01 1.49169266e-02 1.69056654e-02
    5.90220928e-01 6.22116685e-01 4.39121395e-01 8.01957130e-01
    9.55951929e-01 9.77331877e-01 8.53238285e-01 7.70994425e-01
    2.01476336e-01 1.03911161e-02 7.49392867e-01 9.06892836e-01
    8.90122056e-01 2.70525455e-01 4.73042250e-01 9.48039889e-01
    7.71788418e-01 8.49137425e-01 1.89907640e-01 9.51088965e-01
    3.97496939e-01 3.83662581e-01 6.92552447e-01 9.58062649e-01
    4.79589880e-01 9.65066612e-01 1.35593504e-01 5.12804925e-01
    5.79758525e-01 8.83492470e-01 8.13716233e-01 2.23464221e-01
    7.13778138e-01 4.86711383e-01 9.88821268e-01 1.85727239e-01
    2.47668386e-01 5.49731493e-01 9.78755653e-02 1.01400673e-01
    6.34596884e-01 7.47870386e-01 3.63172114e-01 6.14807367e-01
    2.35965252e-02 4.86038178e-01 1.68541223e-01 4.51158285e-02
    1.97083056e-01 7.83757329e-01 8.59443426e-01 3.15251946e-01
    5.90014815e-01 7.55356431e-01 6.90292358e-01 8.96389782e-02
    6.01659656e-01 5.63707352e-01 9.84992206e-01 1.41637564e-01
    1.43962353e-01 6.65981293e-01 4.81124699e-01 5.40659606e-01
    7.81836033e-01 3.79996538e-01 2.38265157e-01 9.74335670e-01
    5.48174620e-01 1.47505909e-01 6.94927990e-01 5.25953770e-02
    1.50173694e-01 3.35749388e-02 7.34274387e-01 5.83009362e-01
    8.35835457e-01 6.80114150e-01 3.12666833e-01 6.01694226e-01
    1.80217803e-01 7.30549932e-01 4.00110215e-01 2.18497217e-01
    9.52215552e-01 5.29153049e-01 2.90321589e-01 6.42500222e-01
    8.13405573e-01 9.90164995e-01 7.51815557e-01 5.85159838e-01
    1.62804782e-01 8.61880183e-02 8.06912184e-01 3.26721072e-01
    2.94990718e-01 3.94717455e-02 8.07419419e-01 3.72737885e-01
    1.42273962e-01 3.50271553e-01 9.47522879e-01 4.75020647e-01
    3.21888030e-01 5.28788686e-01 3.89733315e-02 1.07168347e-01
    9.54904974e-01 3.02713692e-01 4.28418517e-01 9.13468838e-01
    6.43581748e-02 7.01616406e-01 7.72197306e-01 3.61273140e-01
    1.58158600e-01 1.54152811e-01 2.21533775e-02 5.72315216e-01
    2.07382053e-01 5.87023258e-01 5.60091734e-02 9.84879434e-02
    7.58314312e-01 6.98941052e-01 5.77104568e-01 6.58174753e-01
    1.21556520e-02 1.40269041e-01 7.07674026e-02 4.54258293e-01
    5.13273358e-01 8.80796611e-02 6.26505375e-01 7.70062983e-01
    9.30012763e-01 6.03121400e-01 7.65289307e-01 2.63225794e-01
    2.74653018e-01 7.14338243e-01 8.56257915e-01 4.03544337e-01
    9.79392767e-01 4.16688621e-01 6.36868238e-01 1.41044199e-01
    3.84802729e-01 3.30834150e-01 1.73856825e-01 3.10169071e-01
    8.30316544e-01 9.63861823e-01 3.04075241e-01 2.31043100e-02
    9.77045000e-01 6.79511786e-01 3.34840953e-01 2.70182908e-01
    7.97422051e-01 2.51467884e-01 6.90520048e-01 5.98051608e-01
    3.59499991e-01 4.15778577e-01 4.18756068e-01 4.52941269e-01
    1.29860640e-02 6.03921950e-01 2.44350284e-01 8.12494755e-03
    5.48662663e-01 5.69734931e-01 8.97626281e-01 8.94010186e-01
    8.11370134e-01 5.01527369e-01 7.15396106e-02 6.20433033e-01
    3.51471990e-01 8.41441929e-01 9.98344660e-01 8.58785808e-01
    3.28634679e-02 9.14364100e-01 9.44960952e-01 5.57559252e-01
    1.16581678e-01 9.80634570e-01 3.75551879e-01 4.73493725e-01
    2.61824697e-01 8.81800950e-02 6.56937063e-01 1.62400305e-02
    8.30036104e-02 1.54149801e-01 4.16276336e-01 3.33426058e-01
    3.06330919e-01 8.35332751e-01 6.26337171e-01 7.85091162e-01
    2.62138844e-02 9.05066371e-01 1.05749100e-01 3.15183371e-01
    9.90966558e-01 3.33478868e-01 6.34626448e-01 6.94803298e-01
    7.78305531e-01 2.38031238e-01 9.67335880e-01 3.53560358e-01
    1.48977727e-01 1.91009700e-01 1.83125019e-01 1.13780558e-01
    8.76396298e-01 4.19492036e-01 3.23728919e-01 1.17715091e-01
    2.96763241e-01 9.58525658e-01 6.76867127e-01 2.97181189e-01
    5.26406705e-01 2.81247675e-01 4.06964719e-01 5.63885927e-01
    5.58770537e-01 5.44218421e-01 1.22320592e-01 8.43685865e-02
    2.10737586e-02 9.69670713e-01 5.98788321e-01 6.91796958e-01
    1.97686732e-01 3.36317062e-01 7.07649648e-01 9.18098330e-01
    7.78565586e-01 2.10609198e-01 5.24925292e-01 7.07186460e-02
    9.82908010e-01 3.24944019e-01 1.28265530e-01 7.47461557e-01
    3.98964852e-01 5.60694873e-01 5.79279661e-03 3.91289413e-01
    7.07689285e-01 6.60326898e-01 4.09295708e-01 7.18072951e-01
    3.86506915e-01 8.92766953e-01 7.41729677e-01 4.49002743e-01
    9.06867385e-01 1.44053191e-01 4.24895525e-01 3.17946970e-02
    2.40791142e-02 3.80408525e-01 4.94739443e-01 2.98548371e-01
    5.45775533e-01 1.81651384e-01 7.95086503e-01 1.62033647e-01
    7.48425961e-01 7.70243406e-01 1.26518250e-01 6.41028643e-01
    5.69175005e-01 2.27737576e-01 9.08367753e-01 9.42521274e-01
    4.38530326e-01 8.87422442e-01 3.82399321e-01 6.10353351e-01
    8.51325452e-01 1.56091601e-01 6.66869581e-01 5.79312325e-01
    7.36663580e-01 8.69425178e-01 2.89171576e-01 3.49140048e-01
    6.81096852e-01 6.16590977e-01 9.40788865e-01 9.68150616e-01
    2.76109517e-01 3.57393831e-01 5.86426556e-01 6.68420732e-01
    9.62210596e-02 8.05504203e-01 1.13786429e-01 7.18271136e-01
    9.63835537e-01 6.08627200e-02 2.17896998e-02 6.31304264e-01
    2.11930454e-01 7.23590255e-02 2.58595467e-01 6.87462211e-01
    2.82491982e-01 8.99530888e-01 9.45276737e-01 7.97373950e-02
    1.91793174e-01 7.57455707e-01 6.18595362e-01 7.76797652e-01
    7.38889635e-01 2.42470175e-01 1.17254496e-01 3.04831088e-01
    8.70066643e-01 5.93058586e-01 4.24667180e-01 1.97408974e-01
    8.13507438e-01 7.76005149e-01 4.69441175e-01 1.06293648e-01
    8.00409198e-01 1.54542089e-01 8.45840693e-01 8.99795890e-01
    7.09977925e-01 4.39984560e-01 5.15906096e-01 6.34179652e-01
    7.95264781e-01 2.16259032e-01 5.54273427e-01 8.33178461e-02
    3.82382393e-01 2.42606997e-02 6.26953244e-01 6.06236517e-01
    1.09651685e-01 6.23444796e-01 7.70511329e-01 1.72562003e-02
    6.37807250e-02 3.39794964e-01 9.31894541e-01 7.46228993e-01
    6.78610325e-01 3.03891480e-01 8.34622264e-01 5.29490173e-01
    6.91211343e-01 2.27326512e-01 6.00088239e-01 9.89307880e-01
    4.72740650e-01 9.44955707e-01 7.64031529e-01 2.30461061e-02
    3.95228505e-01 3.74847889e-01 4.43560034e-01 6.32755697e-01
    8.95374179e-01 9.60549295e-01 5.98033547e-01 5.02191901e-01
    5.05950809e-01 7.37326920e-01 3.32052410e-01 2.55046874e-01
    5.62979996e-01 9.09487188e-01 9.94062185e-01 7.29948580e-01
    5.57047367e-01 2.63315856e-01 5.05981147e-01 9.88850832e-01
    7.78221250e-01 6.87639832e-01 6.78796172e-01 4.03163582e-01
    9.84982252e-01 3.91660303e-01 6.80620313e-01 9.09379959e-01
    2.73129582e-01 1.42044723e-01 1.47344410e-01 5.66854954e-01
    6.11910462e-01 3.10249537e-01 6.72555208e-01 6.11531734e-03
    5.02881646e-01 7.89995611e-01 7.40013003e-01 6.57425344e-01
    9.40039396e-01 1.85836554e-02 1.22233301e-01 1.39543146e-01
    9.00792241e-01 3.51073444e-01 6.21832550e-01 8.29826891e-02
    7.40543962e-01 5.74812889e-02 5.66534579e-01 7.36252606e-01
    1.37603581e-01 4.89848316e-01 6.32526934e-01 3.01293343e-01
    5.40048838e-01 6.29123151e-02 7.90160537e-01 1.32812858e-01
    9.88136947e-01 6.35019481e-01 6.70661628e-02 5.63195527e-01
    4.93387133e-01 9.03840423e-01 3.05691302e-01 5.21946132e-01
    4.10632193e-02 2.95417249e-01 5.00467598e-01 6.11826003e-01
    5.69996595e-01 6.73468828e-01 9.43265557e-01 2.92212725e-01
    7.52278566e-01 5.41308224e-01 1.77188933e-01 1.06822491e-01
    3.01221132e-01 9.96282101e-01 5.46453834e-01 5.70484400e-01
    6.76676512e-01 3.54757726e-01 9.09765959e-01 2.61859983e-01
    6.69421613e-01 5.32456636e-01 7.05041289e-01 8.80021334e-01
    9.85765100e-01 6.31168365e-01 3.20180953e-02 1.24383986e-01
    8.13672066e-01 1.95096105e-01 7.10665286e-02 4.47394133e-01
    4.98007178e-01 9.94265676e-01 7.77418494e-01 4.29724097e-01
    7.00997591e-01 2.77089357e-01 3.86189103e-01 5.57647049e-02
    5.04048645e-01 3.04101169e-01 8.89696002e-01 4.72579122e-01
    7.19774365e-01 7.58263469e-01 6.11188054e-01 2.19508171e-01
    1.48793817e-01 1.97692901e-01 9.52346861e-01 7.70071864e-01
    4.68230575e-01 6.96583509e-01 7.73239613e-01 7.66854882e-01
    8.97766709e-01 8.34801733e-01 4.95191693e-01 7.64650106e-02
    3.27533484e-01 5.33868611e-01 1.58091605e-01 9.81253386e-01
    1.99306130e-01 1.90009892e-01 2.08387017e-01 2.02089578e-01
    4.32372242e-01 7.69482017e-01 2.15689987e-01 9.48155284e-01
    3.09403121e-01 3.07586819e-01 7.59829521e-01 5.98659933e-01
    2.71683514e-01 2.84251571e-02 7.58755624e-01 6.56574965e-01
    5.88806033e-01 4.44982111e-01 7.14992642e-01 8.66689682e-01
    8.08517039e-02 2.72792965e-01 6.85396612e-01 6.02968037e-02
    1.85132623e-02 2.42010862e-01 6.48036838e-01 6.06161118e-01
    8.74857008e-01 8.03542137e-01 8.41834307e-01 6.61143780e-01
    2.05698550e-01 3.46109003e-01 3.89073133e-01 3.71857882e-01
    9.43458438e-01 8.01842213e-01 4.74724174e-03 5.13085127e-02
    3.55227709e-01 8.82477045e-01 5.86600900e-02 4.65786308e-01
    9.49717760e-01 3.88972163e-01 2.35289335e-04 4.79827613e-01
    9.72713828e-01 5.75762868e-01 9.44863617e-01 8.58015895e-01
    4.20716912e-01 1.64668471e-01 6.72742069e-01 9.53094363e-01
    4.72895116e-01 7.31526017e-01 4.34571028e-01 1.56206697e-01
    4.76770192e-01 8.32210660e-01 3.30328822e-01 7.15640783e-01
    6.37873054e-01 4.46622968e-02 2.94239640e-01 5.10739982e-01
    5.25455892e-01 9.67131972e-01 3.36100698e-01 4.34465706e-02
    9.38225150e-01 2.77479649e-01 3.90464425e-01 2.94103324e-01
    9.38241780e-01 9.98679042e-01 7.73584306e-01 8.72480035e-01
    1.81691557e-01 2.11627692e-01 8.96653414e-01 3.18182945e-01
    2.34244287e-01 3.05686742e-01 2.02056766e-01 9.79264855e-01
    9.84179974e-01 8.24077606e-01 6.15028739e-02 3.76248002e-01
    2.67076045e-01 3.39869022e-01 2.00827390e-01 6.71330094e-02
    1.34861469e-02 3.62250209e-01 7.12125957e-01 1.63072646e-02
    5.58057725e-01 1.47693992e-01 1.72728658e-01 3.17032695e-01
    8.26977968e-01 3.09723020e-02 9.01432395e-01 6.48781359e-02
    6.72534585e-01 2.15316027e-01 6.84081674e-01 4.07701641e-01
    5.21348119e-01 8.87072563e-01 6.58164263e-01 2.77349740e-01
    6.75172567e-01 3.47908467e-01 7.34762907e-01 3.18692267e-01
    3.44213307e-01 7.88761020e-01 6.89558089e-02 5.00237405e-01
    4.74286020e-01 3.66915703e-01 5.52818656e-01 3.32018495e-01
    6.57656789e-02 4.75789100e-01 1.37150437e-01 4.86070722e-01
    1.99758440e-01 5.69260120e-01 4.42958832e-01 2.01707572e-01
    3.96886736e-01 4.95634228e-01 6.92722499e-01 5.11891246e-01
    7.96805024e-01 5.16834438e-01 7.00755537e-01 5.08022547e-01
    9.99591112e-01 3.12314034e-02 9.84314919e-01 3.94887358e-01
    5.63274264e-01 2.59499133e-01 6.16542816e-01 7.28014708e-02
    2.90176004e-01 5.47973037e-01 8.72089386e-01 1.62635505e-01
    1.62463486e-02 8.50465178e-01 3.18119138e-01 2.78416753e-01
    5.41563153e-01 7.22781658e-01 6.05248988e-01 9.14713144e-02
    2.07361162e-01 3.33864361e-01 1.70356721e-01 2.74591208e-01
    7.06517637e-01 1.63027555e-01 5.96481144e-01 4.37525481e-01
    5.47805190e-01 5.95486462e-02 9.79171634e-01 7.09612310e-01
    6.19249165e-01 8.00125241e-01 1.83036268e-01 6.86877251e-01
    1.19895488e-01 7.70706296e-01 1.44643486e-01 6.90234721e-01
    3.33291650e-01 2.52409339e-01 6.19134188e-01 4.50235873e-01
    6.64819121e-01 4.34742004e-01 8.29554319e-01 6.19503200e-01
    9.32248831e-01 8.08745027e-02 5.31126678e-01 5.04400313e-01
    8.73959243e-01 1.86678529e-01 3.07892263e-01 3.72007132e-01
    5.06036878e-02 8.68046582e-02 5.98114192e-01 5.77584505e-01
    1.26178324e-01 4.53930348e-01 2.43146747e-01 7.99239635e-01
    2.93405354e-01 2.14262903e-01 2.65158713e-01 4.41556424e-01
    9.51004207e-01 4.28135514e-01 7.94620275e-01 9.10224676e-01
    3.50409418e-01 6.44099116e-01 9.70414281e-01 8.65591407e-01
    1.71411544e-01 3.82089287e-01 6.64347410e-01 4.85171348e-01
    9.93332267e-01 2.71869063e-01 4.77950513e-01 7.47368753e-01
    1.55226827e-01 3.39487672e-01 7.36766338e-01 7.80369878e-01
    5.26961505e-01 1.86955243e-01 8.40183735e-01 7.21620083e-01
    2.96032935e-01 9.47995067e-01 9.79917109e-01 8.21375608e-01
    3.92123282e-01 9.74571824e-01 6.20740175e-01 3.78478706e-01
    5.76650739e-01 9.00839925e-01 6.77888155e-01 6.54414952e-01
    5.54018676e-01 6.22152090e-02 2.11035043e-01 1.17829531e-01
    8.62897873e-01 1.67740703e-01 7.25284517e-02 5.17384887e-01
    2.70220250e-01 4.63010728e-01 5.42071223e-01 8.54585528e-01
    5.36666691e-01 5.56856394e-02 5.66043079e-01 5.90951860e-01
    8.68771136e-01 2.70762742e-01 9.24110174e-01 3.17956626e-01
    4.42474484e-02 5.00697017e-01 9.69491601e-02 3.50836545e-01
    9.80659842e-01 6.79402530e-01 6.62143648e-01 4.47843671e-02
    1.70483559e-01 7.44215906e-01 4.52596605e-01 1.89479738e-01
    9.18988228e-01 1.72317415e-01 3.50444615e-01 5.34282267e-01
    2.85561115e-01 7.26731777e-01 4.82570857e-01 7.51668453e-01
    9.70926523e-01 7.28890181e-01 8.44376087e-02 9.35631990e-02
    5.85648298e-01 3.46359372e-01 1.25673085e-01 3.17366779e-01
    3.01683545e-01 4.22605902e-01 8.72517228e-01 8.33368778e-01
    4.70611542e-01 3.71959031e-01 3.28618586e-01 3.16073596e-01
    8.26534390e-01 7.73836195e-01 1.73648149e-01 5.73944807e-01
    6.28462613e-01 8.45488667e-01 5.47521412e-01 7.02101171e-01
    4.06930804e-01 2.34847397e-01 6.02236092e-01 1.37393177e-01
    3.73589545e-01 5.46843171e-01 7.13292718e-01 9.44063008e-01
    3.13557208e-01 3.62121165e-02 6.25340819e-01 9.53371644e-01
    4.36373949e-02 8.81376863e-01 1.92162842e-01 3.02618444e-01
    5.32849371e-01 8.77030134e-01 2.19806135e-01 7.28233695e-01
    8.74911547e-01 5.85064888e-02 1.07239217e-01 7.69159913e-01
    6.56794190e-01 1.69497430e-01 7.95920193e-02 1.55188441e-02
    3.84591758e-01 4.15652514e-01 7.89535165e-01 5.41664839e-01
    5.73932111e-01 1.27017051e-01 4.13026035e-01 3.41734022e-01
    3.25040162e-01 7.70851731e-01 3.73887271e-01 6.45096838e-01
    1.35231018e-01 2.12561905e-01 3.54258448e-01 9.72747803e-01
    3.15614045e-01 5.39335251e-01 2.09061146e-01 3.76962811e-01
    9.66140032e-01 1.16029382e-03 2.86540717e-01 3.24160159e-01
    8.06399882e-01 3.27481925e-02 2.09543020e-01 7.98811674e-01
    6.73148692e-01 1.55075699e-01 3.43992323e-01 6.65637851e-01
    9.14716601e-01 9.25961494e-01 4.03248340e-01 5.00621319e-01
    2.27030337e-01 4.59201425e-01 9.18059051e-01 5.80619216e-01
    4.80206281e-01 4.48740989e-01 3.55952501e-01 2.33107597e-01
    2.77439356e-02 4.80796099e-01 2.56497562e-02 3.43918800e-05
    6.34866893e-01 6.66135311e-01 3.77390862e-01 4.32355434e-01
    8.11378479e-01 9.59474802e-01 2.42680877e-01 4.63301122e-01
    6.03163004e-01 5.61597347e-01 7.69312143e-01 3.92299622e-01
    6.47077620e-01 6.80449009e-01 1.76328421e-01 7.49882162e-01
    1.42164856e-01 1.41993582e-01 9.07059789e-01 9.30135965e-01
    1.13478988e-01 8.42123747e-01 8.78125429e-02 4.85438138e-01
    2.28892535e-01 5.77747643e-01 3.56318653e-02 1.75307900e-01
    3.92102361e-01 4.69676346e-01 9.01005030e-01 1.66696578e-01
    4.47224498e-01 9.07078087e-02 1.75943464e-01 8.08678627e-01
    4.08594012e-02 8.27051401e-01 5.39267659e-01 2.19800115e-01
    9.39023972e-01 1.87366933e-01 2.05674589e-01 7.49344528e-02
    8.91041696e-01 9.70092297e-01 3.86272043e-01 7.22998202e-01
    2.49104083e-01 4.35048193e-01 7.03115165e-02 2.97588348e-01
    2.66509742e-01 1.10702217e-02 2.14378834e-02 1.83551759e-01
    3.13037753e-01 6.32762909e-01 3.93891156e-01 2.40159720e-01
    6.59420550e-01 9.95939970e-01 3.37136626e-01 7.47854114e-01
    8.62233937e-02 8.41931701e-01 3.59190106e-02 8.67194533e-02
    4.81161118e-01 4.16987747e-01 1.52255595e-01 4.91596133e-01
    1.77475512e-02 2.58628994e-01 7.29933441e-01 7.26871192e-02
    1.86304986e-01 6.24392629e-02 2.74871588e-02 6.33101821e-01
    6.71725154e-01 7.19525754e-01 3.76475155e-02 2.67105401e-01
    6.85090840e-01 2.02695072e-01 4.03671920e-01 3.13768893e-01
    3.68973613e-03 4.48238879e-01 6.46339953e-01 9.83292401e-01
    4.79588121e-01 1.69710547e-01 5.52419484e-01 9.26319897e-01
    7.77449489e-01 8.74677002e-02 5.36011457e-02 4.05045718e-01
    6.06392205e-01 1.53443217e-01 8.72440696e-01 4.90824014e-01
    3.61187249e-01 4.81561810e-01 4.49123442e-01 4.18695927e-01
    3.81991684e-01 8.15740407e-01 8.86993706e-01 6.01862311e-01
    3.16267788e-01 8.17430496e-01 3.56576413e-01 5.16746581e-01
    2.77194530e-01 7.74037719e-01 8.82847190e-01 8.50032687e-01
    9.63472784e-01 4.78793114e-01 1.94115341e-02 8.44697952e-01
    3.20949197e-01 6.20522380e-01 8.69515836e-02 9.52593327e-01
    8.71944845e-01 2.31419653e-01 6.05077326e-01 6.03534997e-01
    6.36944830e-01 2.24072188e-01 5.05355418e-01 7.74889708e-01
    8.29737425e-01 4.66668218e-01 7.44380832e-01 4.71748352e-01
    4.59505707e-01 6.32960498e-01 6.82836354e-01 9.05636370e-01
    8.58652472e-01 9.87416446e-01 1.39969319e-01 9.34922218e-01
    9.54881430e-01 4.84471649e-01 1.24227226e-01 8.08432877e-01
    1.18105084e-01 7.24951446e-01 3.27462852e-02 8.11522365e-01
    4.47537303e-02 8.94304276e-01 2.44604558e-01 3.90134752e-01
    7.50422478e-04 8.31501961e-01 7.26548910e-01 5.40971875e-01
    2.49189496e-01 8.94086003e-01 7.81925023e-02 3.48571301e-01
    7.98969030e-01 1.51298940e-01 7.12122500e-01 6.93586349e-01
    2.28979796e-01 9.70435023e-01 4.75485981e-01 9.41167474e-01
    8.60993862e-01 9.30687547e-01 8.55399966e-01 9.16562796e-01
    4.84761149e-01 6.84509277e-02 4.43618476e-01 3.83516073e-01
    1.22266978e-01 2.08533496e-01 4.12955046e-01 4.34422314e-01
    7.39113808e-01 6.96495295e-01 9.47302401e-01 1.02354527e-01
    2.15688437e-01 5.29054761e-01 8.19263935e-01 3.20980489e-01
    4.40433621e-02 2.81601727e-01 5.63297272e-01 6.92874789e-01
    7.83566833e-01 5.42510927e-01 9.24959421e-01 9.83147025e-02
    8.16652894e-01 9.22453403e-01 1.81420833e-01 5.77098012e-01
    5.88672996e-01 1.07303768e-01 2.89371490e-01 2.31907457e-01
    4.97751087e-01 4.36427742e-01 1.90271914e-01 6.06931269e-01
    7.37393618e-01 4.63579595e-02 5.92605829e-01 6.55168891e-02
    5.28852105e-01 2.15774029e-01 7.87412822e-02 7.83400297e-01
    1.95258260e-01 2.84957081e-01 7.74903119e-01 1.42094821e-01
    3.52220565e-01 5.94117284e-01 4.61959839e-01 9.00712013e-02
    1.29916131e-01 4.72308636e-01 9.26371515e-01 3.39648366e-01
    8.12896490e-01 2.38250375e-01 1.38840735e-01 3.85117412e-01
    9.81739700e-01 1.77473128e-01 8.27767253e-02 7.47417510e-02
    1.75497204e-01 1.25560522e-01 5.79982936e-01 9.53319967e-01
    7.81724989e-01 3.70977253e-01 8.53149891e-02 3.53454351e-02
    5.89192390e-01 7.29778707e-01 6.43034279e-01 4.17325884e-01
    6.37160242e-02 9.20272350e-01 6.95351183e-01 1.62617087e-01
    6.36417985e-01 6.39501870e-01 8.50487053e-02 6.66978002e-01
    3.57428372e-01 6.01946831e-01 8.72291386e-01 7.40545809e-01
    5.28256476e-01 5.50595164e-01 4.04181749e-01 9.03605163e-01
    9.49329495e-01 9.52411950e-01 5.20844162e-01 9.83310640e-02
    3.31105113e-01 1.44175142e-01 8.58670354e-01 7.44487286e-01
    3.43555152e-01 4.18834925e-01 2.38155991e-01 2.80572176e-01
    4.76606905e-01 4.57976282e-01 6.41333938e-01 5.74802816e-01
    1.46165222e-01 8.57721210e-01 4.58973318e-01 4.91203427e-01
    3.64201605e-01 4.83413219e-01 2.23059118e-01 5.75272262e-01
    8.79143476e-02 1.64897025e-01 2.46837974e-01 3.53388906e-01
    6.99805856e-01 5.92711449e-01 3.93943191e-01 1.49812758e-01
    8.22259188e-02 9.90992308e-01 1.61098450e-01 5.32623231e-01
    6.58996999e-01 3.89161110e-02 5.33333898e-01 9.74267721e-03
    1.06232315e-01 6.59969926e-01 9.77136612e-01 9.60111856e-01
    7.15117216e-01 4.99209106e-01 5.10184169e-01 4.43179667e-01
    3.99021208e-01 2.53656119e-01 7.45769918e-01 2.73628533e-01
    4.71245825e-01 5.66670537e-01 8.94132257e-01 9.17850256e-01
    5.49330771e-01 3.39833796e-01 5.65294445e-01 3.76329124e-02
    6.07077539e-01 1.52733982e-01 9.54723597e-01 1.54861271e-01
    6.45527184e-01 2.35681474e-01 2.37455726e-01 4.49130863e-01
    8.26435804e-01 2.41115421e-01 4.19156343e-01 9.85872805e-01
    5.66684604e-02 5.77568471e-01 9.92053986e-01 5.30862987e-01
    4.71480250e-01 8.59094501e-01 4.44782495e-01 5.67035377e-01
    3.99906039e-01 1.15895569e-02 2.31372476e-01 2.75969952e-01
    4.53943491e-01 8.95784616e-01 3.70322108e-01 7.06500530e-01
    1.35339886e-01 3.40880066e-01 9.22240853e-01 2.86167562e-02
    3.46058786e-01 9.12997842e-01 8.59616995e-01 3.16829622e-01
    5.70502877e-01 6.61780477e-01 6.88084364e-02 2.65339494e-01
    7.30538666e-02 2.20857739e-01 8.67649078e-01 5.37744164e-01
    1.43790334e-01 1.27713919e-01 8.09474230e-01 2.42500901e-01
    9.47860718e-01 5.49860358e-01 8.22248816e-01 7.80184746e-01
    3.40190053e-01 5.73294163e-01 6.31322563e-01 4.88245428e-01
    7.30524182e-01 9.88615453e-02 3.70048285e-01 3.45647603e-01
    3.83493096e-01 8.43226910e-04 1.94579810e-01 9.81541753e-01
    3.10592949e-02 8.25107753e-01 9.82407212e-01 9.27835226e-01
    7.21692204e-01 3.20824653e-01 6.46140099e-01 9.45116520e-01
    2.71203101e-01 3.47697735e-03 1.26125664e-01 5.04285574e-01
    6.63305283e-01 7.56326556e-01 2.03083992e-01 1.55720264e-01
    8.81275058e-01 1.22363299e-01 3.96885216e-01 1.39177144e-02
    7.00942874e-02 2.20366538e-01 2.62072444e-01 4.66334224e-01
    2.55621612e-01 4.67011750e-01 6.23602569e-01 6.50529623e-01
    4.04611707e-01 7.36211121e-01 9.18737292e-01 7.05536842e-01
    2.64916420e-01 4.03722227e-02 4.39999372e-01 6.40009999e-01
    6.35398567e-01 4.05550063e-01 1.91147476e-01 3.75794977e-01
    2.00039834e-01 1.63774580e-01 6.12930477e-01 5.16272247e-01
    3.25055778e-01 6.03297293e-01 7.08825529e-01 5.33421993e-01
    1.38494968e-02 1.82673961e-01 3.11199307e-01 5.97854972e-01
    1.42882794e-01 4.26670432e-01 3.02858382e-01 4.31477636e-01
    4.42463130e-01 3.16306114e-01 5.65517843e-02 5.76003253e-01
    8.55914474e-01 7.16990471e-01 6.42518997e-01 4.68319595e-01
    6.60789013e-02 8.91855359e-01 4.98083532e-01 5.77614009e-01
    4.42221135e-01 7.26944745e-01 6.31194472e-01 6.84916914e-01
    5.01380444e-01 7.56759405e-01 3.64638686e-01 3.36628079e-01
    2.68606871e-01 8.43290687e-01 9.69401479e-01 4.47663069e-01
    5.62745333e-01 9.44411397e-01 3.27079833e-01 3.05704236e-01
    6.61310613e-01 4.91177619e-01 2.26330042e-01 1.27984554e-01
    3.20224404e-01 8.37812781e-01 3.17013651e-01 9.98073459e-01
    6.02239132e-01 7.19342947e-01 8.70665908e-01 3.86400491e-01
    7.31427968e-01 3.10400188e-01 3.69078666e-01 6.07378244e-01
    7.01094687e-01 4.66746271e-01 5.56176901e-01 7.73178697e-01
    7.90404320e-01 5.89118838e-01 8.53539348e-01 5.65368295e-01
    1.99207455e-01 9.00127292e-02 2.18246847e-01 5.26282728e-01
    8.84213924e-01 2.85174251e-01 2.28296012e-01 9.58034992e-01
    2.89430767e-01 2.54663229e-02 7.21335888e-01 1.07873380e-01
    2.59864151e-01 8.51221085e-02 7.39160061e-01 9.86422658e-01
    5.82024336e-01 1.62012845e-01 7.35342085e-01 9.07241881e-01
    2.75805593e-01 9.13356721e-01 9.27159607e-01 3.26989919e-01
    4.76058990e-01 3.09433937e-02 8.65740061e-01 5.73860824e-01
    1.83272004e-01 1.99347764e-01 7.63274491e-01 7.74173439e-01
    4.54878807e-01 4.31968778e-01 7.34337807e-01 1.51148885e-01
    6.38392568e-01 3.13979357e-01 9.78011966e-01 7.95043170e-01
    4.52632904e-02 3.80634695e-01 5.67133725e-01 6.42297029e-01
    4.21132386e-01 5.51452458e-01 9.69262660e-01 2.20819026e-01
    2.82689631e-01 8.24632943e-02 5.72125614e-02 6.31007433e-01
    2.28029788e-02 4.36321974e-01 8.67498100e-01 2.26854354e-01
    2.17550933e-01 2.62673289e-01 7.18678236e-01 8.89410377e-01
    1.31504834e-02 7.57555068e-02 7.35301852e-01 4.14360195e-01
    5.93038142e-01 7.54100800e-01 8.59654307e-01 4.36578095e-02
    9.26973581e-01 7.05857217e-01 9.08001900e-01 2.78443873e-01
    8.94305587e-01 8.27010930e-01 1.79860175e-01 8.03103268e-01
    4.48197812e-01 1.84449047e-01 4.95679975e-02 4.29518074e-01
    8.15512180e-01 6.09399557e-01 5.50895751e-01 8.84838164e-01
    8.97808194e-01 6.76176846e-02 3.91970694e-01 5.28343856e-01
    4.75337058e-01 4.46829140e-01 5.40400863e-01 3.50998461e-01
    8.78827095e-01 5.96387565e-01 2.71225572e-02 7.63282239e-01
    2.50719011e-01 1.73913896e-01 8.61328900e-01 3.64520550e-01
    2.30746090e-01 1.74230278e-01 4.30613518e-01 4.83036518e-01
    9.38881218e-01 7.28894472e-01 1.25186145e-01 6.67567015e-01
    4.89326715e-02 3.44228655e-01 7.69973993e-01 2.57286131e-01
    4.08024371e-01 5.22304118e-01 6.46729112e-01 7.59454966e-01
    1.35501325e-02 4.41858113e-01 3.24948251e-01 6.70080960e-01
    9.02598083e-01 6.66767657e-02 5.51870048e-01 9.21974778e-01
    4.12512273e-01 6.70300663e-01 2.03170300e-01 7.54368782e-01
    1.02522165e-01 1.43683881e-01 6.66234493e-01 2.19241679e-01
    3.99062634e-02 9.86147165e-01 7.18058109e-01 5.97752333e-01
    4.05378640e-02 5.55464804e-01 7.67768741e-01 2.04851210e-01
    1.07778907e-02 3.86675298e-02 6.01344049e-01 8.37656498e-01
    4.90530074e-01 7.80376792e-01 7.08197951e-01 7.66637802e-01
    6.61060393e-01 8.54562759e-01 8.25360894e-01 4.20497417e-01
    3.86944443e-01 5.12518287e-01 4.86895382e-01 2.90555060e-02
    4.82151508e-01 3.82155389e-01 2.25806177e-01 5.80621660e-01
    6.57892466e-01 9.89710391e-01 6.62357330e-01 4.05178726e-01
    4.23699796e-01 3.86617810e-01 1.26269490e-01 5.56583285e-01
    6.85814619e-02 2.24386901e-01 5.52022994e-01 5.21436214e-01
    3.24281186e-01 4.02389616e-01 7.33647466e-01 1.47764325e-01
    9.42823648e-01 2.27583885e-01 4.56566870e-01 6.53953314e-01
    5.15134156e-01 7.48362005e-01 7.93912411e-01 9.05770183e-01
    6.55145824e-01 6.02931261e-01 5.14433742e-01 2.14726657e-01
    6.07207298e-01 3.89423311e-01 6.07053518e-01 1.32361084e-01
    6.04876995e-01 2.21011311e-01 8.22087169e-01 2.28503287e-01
    7.36270189e-01 7.92708278e-01 4.83919084e-02 7.01925755e-02
    6.76185012e-01 1.75623745e-01 8.60661745e-01 7.09141493e-01
    3.47582102e-02 8.52570176e-01 8.43903840e-01 1.65446430e-01
    3.06988925e-01 7.58455694e-02 6.35870576e-01 5.51348805e-01
    4.98942137e-01 3.28731656e-01 2.05062062e-01 4.57321107e-01
    4.92244571e-01 7.66407251e-01 8.65048051e-01 7.72524774e-02
    9.77762103e-01 4.28444892e-01 7.09981203e-01 1.77889198e-01
    8.93271208e-01 2.50499606e-01 1.99196756e-01 6.70694947e-01
    3.58743280e-01 4.83247340e-02 5.36671162e-01 8.14598203e-01
    1.23124689e-01 3.90147060e-01 3.16870570e-01 1.89578712e-01
    4.52229679e-01 5.45545101e-01 5.75072110e-01 3.67117286e-01
    9.31420565e-01 6.36336207e-01 4.01136428e-01 8.19412470e-02
    8.55083585e-01 1.07850760e-01 1.50263965e-01 5.38452327e-01
    1.54555529e-01 3.65503073e-01 7.02912331e-01 1.30674809e-01
    5.54989100e-01 6.62046850e-01 2.69251049e-01 6.62998438e-01
    2.19433725e-01 1.83362663e-01 1.61314994e-01 2.06776738e-01
    2.72841871e-01 9.98333693e-01 2.33283311e-01 2.27386594e-01
    7.42763579e-02 6.20472252e-01 7.04823971e-01 2.91852504e-01
    5.75354397e-01 1.13341153e-01 6.39724374e-01 4.90135372e-01
    7.34369636e-01 1.30772591e-03 3.91541600e-01 9.84837651e-01
    1.48991197e-01 8.84359360e-01 2.86069512e-01 5.26906133e-01
    2.24361271e-01 2.82067031e-01 5.14908969e-01 5.43834686e-01
    6.94183707e-01 8.67590547e-01 9.65783954e-01 9.80698943e-01
    4.02425289e-01 8.05357337e-01 5.18718243e-01 8.73667300e-01
    9.16631162e-01 6.31177425e-01 3.90288651e-01 7.53540695e-01
    2.50952691e-01 3.25031996e-01 3.36312205e-01 9.55497384e-01
    1.24282837e-02 1.23113573e-01 5.55074036e-01 9.76983905e-01
    2.46864229e-01 4.84084040e-01 4.45588201e-01 3.54925364e-01
    7.46429265e-02 9.39317644e-01 3.28716695e-01 3.33844781e-01
    8.89908195e-01 2.40968466e-01 7.67064512e-01 9.35067296e-01
    2.14945376e-02 7.02636600e-01 5.54867983e-01 2.93372840e-01
    8.77831817e-01 2.49436349e-01 5.25966167e-01 7.33737469e-01
    4.88883078e-01 4.33884948e-01 4.09038872e-01 6.89152420e-01
    7.90684342e-01 9.65744257e-01 7.00389802e-01 3.35770011e-01
    3.73922080e-01 6.60853684e-02 5.46327591e-01 4.51114416e-01
    6.83759212e-01 7.64388680e-01 2.10076243e-01 8.24585676e-01
    5.99423110e-01 9.08724368e-01 5.74053168e-01 5.52347481e-01
    3.64622474e-03 3.21643680e-01 7.74203300e-01 8.95013094e-01
    6.24307215e-01 7.37340271e-01 5.17328620e-01 5.36533833e-01
    2.43802667e-01 3.74978840e-01 3.15113246e-01 7.64439464e-01
    1.77422047e-01 5.53469777e-01 8.92729580e-01 8.38355064e-01
    3.72187853e-01 6.65985703e-01 7.23046303e-01 3.03265154e-01
    4.08789426e-01 6.69483304e-01 8.24945450e-01 3.43560159e-01
    4.79373991e-01 3.03058863e-01 3.61118823e-01 3.81424427e-01
    9.70333159e-01 7.08689332e-01 6.90039694e-01 5.64057708e-01
    6.41429543e-01 4.15417582e-01 7.10612595e-01 2.26359725e-01
    2.54371256e-01 3.72336149e-01 4.73953068e-01 8.19386542e-01
    3.77647668e-01 5.98274231e-01 7.66463399e-01 1.51847154e-01
    8.44912887e-01 9.79103684e-01 6.30165994e-01 9.31043386e-01
    2.62511879e-01 5.03307343e-01 6.78897619e-01 7.63854146e-01
    4.41762894e-01 7.14909315e-01 8.94189835e-01 1.32876515e-01
    5.92353225e-01 9.81933415e-01 8.81258130e-01 8.44004869e-01
    5.82190990e-01 1.16749406e-01 4.31116641e-01 7.24166632e-03
    9.56304312e-01 5.61382234e-01 7.47698843e-01 4.40148354e-01
    7.60287821e-01 6.54643834e-01 7.11541712e-01 5.18230438e-01
    8.04937363e-01 4.33859527e-02 8.52494359e-01 9.31039631e-01
    7.83471465e-01 8.87066126e-02 1.69943780e-01 1.43123746e-01
    8.64612699e-01 5.46218753e-01 8.90151501e-01 2.94853330e-01
    3.40917587e-01 2.17462927e-01 1.18996203e-01 9.69924331e-01
    3.45728278e-01 9.85249579e-02 7.51568675e-02 6.95453167e-01
    7.19306886e-01 9.75684524e-01 6.80430293e-01 1.11086160e-01
    1.06272548e-01 9.50158715e-01 1.25380903e-01 2.64468372e-01
    5.33414483e-01 5.36804795e-01 6.25308275e-01 3.40680957e-01
    9.06175673e-02 2.00711042e-01 9.54777598e-01 8.64595532e-01
    8.98592889e-01 1.61043912e-01 4.30903792e-01 2.17589825e-01
    3.55894685e-01 1.05352104e-01 8.22412372e-01 3.80817026e-01
    9.85934556e-01 6.29083514e-01 3.01001102e-01 8.62671256e-01
    6.16837561e-01 6.08020186e-01 6.14550054e-01 8.98152590e-01
    6.46702409e-01 9.26355243e-01 3.10651362e-02 5.20735979e-01
    8.60433698e-01 5.57791710e-01 8.13777685e-01 6.92189932e-02
    6.12245023e-01 9.95748460e-01 1.33648843e-01 9.11722064e-01
    4.97659355e-01 7.88682580e-01 9.64066386e-02 5.36690593e-01
    2.48667955e-01 5.59795678e-01 2.82887340e-01 2.01372266e-01
    1.27278119e-01 5.00934541e-01 7.59453118e-01 3.44491482e-01
    8.78064275e-01 9.53700185e-01 5.14579415e-01 2.45833099e-01
    3.20357382e-01 2.65920222e-01 2.16027409e-01 3.04249525e-02
    9.77205694e-01 1.96234584e-02 5.05777657e-01 2.79105365e-01
    9.10036623e-01 6.86452389e-01 6.58426046e-01 3.80116075e-01
    6.27782941e-01 2.48383254e-01 3.26402128e-01 3.63624156e-01
    3.75276387e-01 1.42186582e-01 9.08943057e-01 1.10762715e-01
    9.72061515e-01 1.26964509e-01 2.62776136e-01 6.01994693e-01
    5.48063457e-01 5.75880349e-01 7.52651095e-02 9.90668178e-01
    3.17820251e-01 4.65492666e-01 5.56192875e-01 7.08138347e-01
    7.27622330e-01 1.75118268e-01 5.21252751e-01 3.43508333e-01
    6.19146943e-01 3.14059317e-01 6.66501522e-01 1.60961151e-02
    2.20472664e-01 2.82999098e-01 7.06341684e-01 1.81422979e-01
    7.94781327e-01 1.53175890e-01 5.17236590e-01 6.56751394e-02
    9.07516003e-01 4.86795545e-01 1.28683031e-01 7.06971347e-01
    7.01695442e-01 8.69613767e-01 1.96857572e-01 7.47291446e-02
    6.43792212e-01 3.27530622e-01 4.68851000e-01 5.86200774e-01
    3.95984620e-01 3.67321014e-01 2.22944647e-01 1.80956125e-01
    5.07887065e-01 4.75461602e-01 8.26515734e-01 8.23722839e-01
    7.74185240e-01 5.70230544e-01 7.70584106e-01 6.58049822e-01
    1.53858870e-01 1.09905094e-01 6.96251094e-01 3.51172119e-01
    9.32480395e-02 1.80140525e-01 6.42957032e-01 7.16418803e-01
    3.86238396e-01 4.93359417e-01 8.99428606e-01 4.09047067e-01
    4.27875459e-01 5.11694551e-01 8.06315601e-01 3.13160896e-01
    3.36957216e-01 1.27246320e-01 5.04881322e-01 8.99987936e-01
    8.26094866e-01 1.66601092e-01 8.04278851e-01 5.54411590e-01
    6.65079236e-01 5.37409425e-01 9.13340211e-01 4.71719503e-02
    1.50829732e-01 7.76900530e-01 8.35161090e-01 6.65276349e-02
    8.28771591e-01 1.55160129e-02 7.43524492e-01 8.12169313e-01
    7.20831513e-01 1.26060724e-01 8.27314496e-01 4.57357615e-01
    1.49375081e-01 1.31867409e-01 8.19692016e-03 8.16926837e-01
    2.55455256e-01 2.54998744e-01 6.66819870e-01 3.88001204e-01
    5.72112799e-01 4.85042006e-01 2.50733495e-02 3.90248120e-01
    8.25364709e-01 2.74542391e-01 8.29107165e-01 5.14942408e-02
    6.01517737e-01 9.47007060e-01 2.19162017e-01 2.65004277e-01
    8.48722458e-02 8.44691992e-01 1.66349918e-01 9.60743487e-01
    9.23847973e-01 1.50590539e-02 7.85563827e-01 7.89414644e-01
    9.75930095e-01 6.99178934e-01 3.74445617e-02 5.15858471e-01
    5.00981450e-01 1.82403475e-01 9.40263510e-01 1.92565143e-01
    6.60957217e-01 6.95681691e-01 9.08303618e-01 3.06461841e-01
    4.07187909e-01 7.14181781e-01 2.30383575e-01 8.80723000e-01
    2.68573999e-01 8.45717132e-01 3.59214902e-01 5.15476167e-01
    9.18352723e-01 4.92006242e-01 1.04454726e-01 2.27346718e-01
    7.88154840e-01 5.33812344e-02 8.19204450e-01 8.36129069e-01
    3.36671263e-01 2.65695512e-01 1.89090908e-01 1.23356760e-01
    3.79275739e-01 8.03926587e-03 9.58007216e-01 1.50846452e-01
    8.71083856e-01 3.98067534e-02 6.00619316e-02 8.86801243e-01
    7.16693521e-01 5.60106575e-01 2.43575484e-01 7.12074757e-01
    4.54161882e-01 7.86209166e-01 8.24212849e-01 2.04009861e-01
    7.86968946e-01 4.64056432e-02 8.14833403e-01 4.55307752e-01
    3.59200805e-01 5.15745938e-01 2.41298199e-01 4.88016516e-01
    6.05799437e-01 1.61899477e-01 6.32054806e-01 3.36938262e-01
    9.39698458e-01 4.39681590e-01 4.97741252e-01 9.32500958e-01
    9.55548286e-02 5.48594296e-01 9.53781128e-01 6.21656239e-01
    5.54776728e-01 9.18994188e-01 1.65917605e-01 2.74439394e-01
    8.59860480e-02 3.29697430e-01 6.89983904e-01 4.39630061e-01
    9.88448143e-01 2.51443326e-01 6.22924149e-01 7.16571867e-01
    6.67935848e-01 6.22914732e-01 3.62260699e-01 8.80237699e-01
    1.26949161e-01 4.16122079e-01 2.31515914e-01 2.55722344e-01
    5.40283263e-01 3.64528596e-01 6.79203749e-01 5.91782033e-02
    2.72009194e-01 2.36450970e-01 9.10271764e-01 9.95110631e-01
    1.97587430e-01 8.96213055e-02 8.30801725e-01 5.53906202e-01
    6.02847338e-03 4.14742589e-01 6.10632598e-02 8.61732721e-01
    5.67421377e-01 6.87667072e-01 1.73604071e-01 9.30935085e-01
    7.66131461e-01 9.29110169e-01 9.98846531e-01 5.34016371e-01
    6.81684256e-01 9.42242444e-02 2.57968664e-01 8.04660559e-01
    9.11539316e-01 7.47258902e-01 2.08114266e-01 6.11289978e-01
    5.44085205e-01 4.93631661e-02 3.99272561e-01 3.87304783e-01
    9.04570103e-01 1.97781324e-01 7.65608907e-01 1.32309318e-01
    5.02406061e-01 1.24268264e-01 5.75056374e-01 4.71759111e-01
    4.13300008e-01 8.83779526e-01 3.25120330e-01 5.26168942e-02
    6.62817955e-01 2.05956697e-02 6.42583430e-01 7.23187983e-01
    9.30428028e-01 3.14630270e-01 7.18432724e-01 9.01520848e-01
    1.52349979e-01 9.84022379e-01 8.75491381e-01 9.10801172e-01
    7.80207336e-01 9.01610374e-01 4.76691723e-02 9.31292295e-01
    8.69983733e-02 7.80925751e-02 4.87817228e-01 6.48564398e-02
    3.86167318e-01 1.58973038e-02 2.13677108e-01 1.83037817e-02
    9.10547674e-01 7.92204857e-01 2.48675495e-01 5.53559542e-01
    3.40764642e-01 8.11831534e-01 4.85032797e-03 2.31883049e-01
    2.21288681e-01 2.38770843e-02 4.28262472e-01 8.06951046e-01
    3.45147282e-01 2.30050355e-01 1.36554450e-01 2.33737409e-01
    9.82786536e-01 5.65284133e-01 5.53578794e-01 3.51644427e-01
    7.03435242e-01 5.03010988e-01 7.10413218e-01 6.15775526e-01
    1.81511730e-01 8.77280593e-01 5.60109437e-01 1.33591771e-01
    6.49114847e-01 8.07577908e-01 7.68815637e-01 2.93442607e-01
    3.61823201e-01 5.64918220e-01 4.20675844e-01 4.01088297e-01
    2.95862794e-01 5.46633899e-01 3.29837680e-01 6.60319090e-01
    2.39235461e-01 1.58827335e-01 1.00294232e-01 4.64617223e-01
    4.64949071e-01 7.83515394e-01 3.93467963e-01 2.11393982e-01
    7.28804648e-01 1.28299147e-01 3.93281162e-01 2.46941358e-01
    9.23871756e-01 9.03939128e-01 4.19845939e-01 2.31711298e-01
    6.97100818e-01 4.17203546e-01 9.96464968e-01 5.82837462e-01
    1.80396199e-01 5.22718430e-01 7.65433908e-02 7.11826980e-01
    7.54745662e-01 3.86344433e-01 6.55699074e-01 7.33260274e-01
    8.35086286e-01 4.93959486e-01 1.87861502e-01 2.41380930e-03
    2.73264050e-01 5.56519747e-01 6.90861106e-01 6.34259105e-01
    5.46278954e-02 5.10200977e-01 3.24525893e-01 4.18207884e-01
    2.32426554e-01 1.67085886e-01 3.03274095e-01 8.87275338e-01
    7.03933716e-01 7.45285749e-02 9.15854335e-01 3.68476480e-01
    9.14069533e-01 8.54940712e-01 5.89376271e-01 5.94515383e-01
    3.23703796e-01 7.11301088e-01 4.98271734e-01 8.49811196e-01
    3.98305058e-01 6.76308751e-01 1.57648474e-01 9.98766780e-01
    7.35405564e-01 8.41904640e-01 2.53455341e-01 9.65831280e-01
    9.26946044e-01 5.51963747e-02 1.15745395e-01 7.73499131e-01
    3.11254293e-01 6.15316749e-01 1.61380500e-01 9.26540256e-01
    1.01314902e-01 5.89530766e-01 5.33316970e-01 6.15545630e-01
    9.33519244e-01 5.93858123e-01 9.55405414e-01 1.80768549e-01
    7.93358803e-01 8.69645298e-01 4.17514861e-01 5.55936515e-01
    9.85866904e-01 5.55951595e-01 6.00348413e-01 7.40265071e-01
    9.85260248e-01 6.75257206e-01 5.43920696e-01 8.42817903e-01
    8.39442253e-01 5.18574893e-01 3.25260282e-01 9.53133285e-01
    5.01137972e-03 7.30635047e-01 9.62182999e-01 5.59611738e-01
    9.22428250e-01 8.30533743e-01 4.93626893e-01 3.06141108e-01
    9.76524413e-01 2.51739621e-01 6.13042116e-02 6.86973035e-02
    6.29911602e-01 7.25120783e-01 3.07873487e-01 5.33182502e-01
    7.16666937e-01 7.52427399e-01 4.06877339e-01 2.73511171e-01
    6.20115399e-02 2.96811819e-01 3.76706421e-02 8.96968722e-01
    9.15860057e-01 2.98813254e-01 2.19764739e-01 1.45980120e-01
    1.52920932e-01 5.15577793e-01 4.60146278e-01 6.85366213e-01
    6.89562976e-01 5.91933429e-01 3.97054970e-01 3.77669930e-01
    9.51494575e-02 9.58341837e-01 2.26361871e-01 7.11873055e-01
    9.05657589e-01 2.46157378e-01 6.42329216e-01 6.06581748e-01
    7.35715091e-01 6.06628239e-01 9.88429368e-01 9.05016005e-01
    1.43068999e-01 9.10300910e-02 9.53595817e-01 4.36677575e-01
    8.62872243e-01 8.21093917e-01 7.96060443e-01 3.14148486e-01
    7.12000191e-01 5.24519265e-01 3.28809857e-01 3.60125393e-01
    5.44141769e-01 1.15360349e-01 2.94929564e-01 1.24259204e-01
    4.65362847e-01 3.58090103e-01 3.78004938e-01 8.71155143e-01
    2.19271630e-01 8.27402771e-02 6.15324974e-01 6.50355220e-01
    1.41373485e-01 3.51414621e-01 8.43794465e-01 9.34684992e-01
    9.89934206e-01 9.33017254e-01 4.17240322e-01 6.34107828e-01
    1.20951802e-01 2.90888399e-01 3.02331567e-01 6.29998803e-01
    8.63966882e-01 9.43992853e-01 3.65073204e-01 9.82354045e-01
    1.62524402e-01 1.93170786e-01 5.48954070e-01 2.00343907e-01
    6.40506625e-01 9.64389563e-01 4.75617111e-01 7.56411195e-01
    4.96328980e-01 4.28340912e-01 9.30866718e-01 1.09257996e-02
    1.12519562e-01 4.09030348e-01 8.80496025e-01 5.89711189e-01
    2.45380223e-01 2.11144388e-01 4.35242027e-01 5.48347056e-01
    9.86543000e-02 3.61769021e-01 5.44708908e-01 2.28953362e-01
    3.75989228e-01 6.08222485e-02 8.74398947e-01 1.27724767e-01
    3.08848917e-01 7.65550613e-01 1.07964545e-01 1.05384052e-01
    3.27199221e-01 8.34421813e-02 3.63983929e-01 9.88081157e-01
    4.64335263e-01 6.06599808e-01 3.41814518e-01 3.59504133e-01
    9.21604276e-01 2.96534449e-01 2.47846186e-01 6.27526402e-01
    7.34511554e-01 5.35223484e-01 2.54907429e-01 3.19347084e-02
    2.40374058e-01 2.41641611e-01 6.77200735e-01 1.42838389e-01
    6.73852205e-01 1.52464509e-01 6.57989681e-01 5.40685654e-01
    9.13117290e-01 3.60548496e-02 8.71426344e-01 8.19376528e-01
    3.47814590e-01 4.88600433e-02 2.96557337e-01 4.20604646e-01
    8.92865181e-01 8.31118226e-01 9.03216422e-01 6.05546832e-01
    2.20022023e-01 4.72523779e-01 9.86804247e-01 4.96466398e-01
    7.76883841e-01 9.33792233e-01 5.22651374e-02 5.57440042e-01
    1.33170903e-01 6.55978918e-02 6.67991877e-01 9.52301860e-01
    7.96515584e-01 7.26942062e-01 5.59323430e-01 8.19781423e-01
    8.15054297e-01 4.34924036e-01 4.34019566e-01 8.75357866e-01
    3.51992607e-01 9.14019406e-01 2.06164002e-01 7.66063929e-02
    8.19812179e-01 9.87983167e-01 2.38139510e-01 7.63388157e-01
    4.52041954e-01 2.40522146e-01 2.76471496e-01 5.59350252e-02
    8.38663816e-01 9.13531780e-01 2.06237376e-01 9.08797503e-01
    5.52497149e-01 9.08902645e-01 4.50116277e-01 3.62674892e-02
    3.89769584e-01 6.05302691e-01 3.76093626e-01 7.70090818e-01
    3.20039034e-01 6.19673431e-01 7.51363873e-01 2.95406342e-01
    2.71893680e-01 9.71162379e-01 9.48318362e-01 8.55917752e-01
    2.73680538e-01 7.06735253e-03 8.94224048e-01 7.77689695e-01
    2.69086570e-01 6.32369816e-01 6.13173425e-01 6.02863312e-01
    7.51164794e-01 8.22940767e-01 9.96150553e-01 4.09188569e-01
    1.55496985e-01 7.05684602e-01 4.90917772e-01 6.83428466e-01
    2.34034449e-01 3.91215146e-01 5.94928086e-01 2.42162198e-01
    8.79848301e-02 5.43898582e-01 7.44330168e-01 2.01546431e-01
    1.37023866e-01 9.92121696e-02 3.62352699e-01 9.45671558e-01
    2.99043655e-02 6.77684963e-01 3.61130536e-01 9.76458251e-01
    1.00157887e-01 1.02722406e-01 1.25520796e-01 5.54072559e-02
    9.11385775e-01 6.85032308e-02 3.74279499e-01 4.50964093e-01
    6.03622556e-01 5.85258722e-01 6.89512789e-02 4.56640959e-01
    8.20191264e-01 1.80652648e-01 2.83895254e-01 8.03405762e-01
    5.14338613e-02 8.74562919e-01 5.81374884e-01 8.85958374e-02
    2.82658845e-01 6.42756820e-02 4.64533657e-01 6.21637225e-01
    6.74171746e-02 9.07176018e-01 9.03488517e-01 6.61525607e-01
    2.39198714e-01 7.54465818e-01 6.07748449e-01 2.80363351e-01
    7.14401603e-01 9.45411086e-01 5.45562685e-01 5.49689829e-01
    1.89078450e-01 8.31677556e-01 2.34276444e-01 7.51239777e-01
    8.32099795e-01 8.42037201e-02 1.05231971e-01 1.16127670e-01
    4.43461537e-01 3.34459156e-01 9.71828699e-02 2.02122599e-01
    9.22313809e-01 6.34771705e-01 5.91600001e-01 2.71357238e-01
    1.15851104e-01 2.03409791e-02 6.72126710e-02 2.75306642e-01
    8.83454561e-01 6.53300285e-02 8.70816469e-01 2.02337444e-01
    1.25383735e-02 2.35944897e-01 4.91160095e-01 8.66571546e-01
    6.58516109e-01 4.15342927e-01 1.16769075e-01 2.81787932e-01
    9.70038176e-01 3.32884610e-01 8.41405153e-01 1.49493903e-01
    4.68178481e-01 6.87390149e-01 9.46288228e-01 3.38623822e-01
    9.02528524e-01 2.75454044e-01 9.31043267e-01 7.55106747e-01
    1.65848166e-01 3.52233589e-01 3.55442911e-01 5.91677427e-02
    4.71762717e-01 1.34061038e-01 3.81969035e-01 2.37190515e-01
    2.36085027e-01 2.50908047e-01 7.60135114e-01 1.99394971e-01
    6.07498527e-01 9.61108863e-01 6.22986197e-01 3.71492565e-01
    3.27573061e-01 2.27655947e-01 6.07360303e-01 7.61646867e-01
    3.34491014e-01 9.61230993e-01 3.34756911e-01 6.00729644e-01
    7.54226148e-01 3.34755301e-01 7.73851275e-02 2.36503035e-01
    9.73528802e-01 8.54393840e-02 5.83193958e-01 7.68687606e-01
    3.42185318e-01 5.93965054e-01 8.53158355e-01 1.81951940e-01
    9.74481702e-02 8.71392965e-01 4.66398984e-01 8.98233116e-01
    8.19196403e-02 1.57035261e-01 8.79453182e-01 2.79141992e-01
    6.68578029e-01 1.65846407e-01 6.60482943e-01 5.67904651e-01
    7.39798784e-01 3.96394104e-01 4.10971224e-01 1.86828852e-01
    7.70887971e-01 1.45070851e-01 4.12362337e-01 7.40122795e-03
    8.66125107e-01 6.56489551e-01 2.38401085e-01 2.67638862e-01
    9.12593722e-01 9.64007020e-01 6.10267222e-02 8.84396911e-01
    6.78425670e-01 7.23087132e-01 8.67503822e-01 8.51053119e-01
    1.00367904e-01 7.81274557e-01 2.70608366e-02 3.34312618e-01
    2.00848460e-01 4.08403695e-01 4.37559724e-01 6.14476264e-01
    1.38676107e-01 8.34082961e-01 3.46379012e-01 8.91855240e-01
    3.04968238e-01 5.72216928e-01 2.96293497e-02 9.59077597e-01
    9.61921751e-01 5.27234018e-01 2.57493615e-01 5.68043590e-01
    9.35657620e-02 8.53704691e-01 3.03723782e-01 8.22751641e-01
    4.31183994e-01 3.03779244e-01 5.34898460e-01 8.00755799e-01
    5.72637618e-02 5.04967868e-02 2.46508241e-01 9.74969268e-01
    2.02496648e-02 5.99121094e-01 9.68624234e-01 8.33801687e-01
    7.32973576e-01 8.15928698e-01 4.69329298e-01 1.17273748e-01
    4.40658778e-01 5.13413668e-01 4.54461128e-01 8.74657750e-01
    3.39664578e-01 7.50577450e-01 3.65547895e-01 5.72003603e-01
    7.58786678e-01 7.87528634e-01 7.73372114e-01 8.90548587e-01
    7.24298239e-01 6.10748887e-01 8.64131391e-01 9.82589602e-01
    2.12246656e-01 1.72497332e-02 3.83402228e-01 1.79672122e-01
    1.19362295e-01 4.50434983e-01 6.08734846e-01 5.69173813e-01
    3.04887950e-01 8.85496140e-01 2.43684620e-01 3.02123129e-01
    3.16649348e-01 9.05073285e-01 4.09722060e-01 9.52599525e-01
    8.13390613e-01 4.40848082e-01 5.81154823e-01 4.82200712e-01
    6.78828716e-01 1.80938542e-01 2.62961686e-02 7.59637952e-02
    4.27562773e-01 5.86156189e-01 6.00338221e-01 7.35272884e-01
    5.27145803e-01 6.45595253e-01 4.53079760e-01 6.64893866e-01
    2.32280493e-01 3.76451135e-01 2.71074533e-01 9.43493426e-01
    4.38563228e-01 9.60650623e-01 3.58047187e-01 4.61587191e-01
    4.72843587e-01 4.43340063e-01 3.05010676e-02 7.82852769e-01
    1.07508570e-01 9.74453926e-01 4.00424570e-01 8.99647593e-01
    1.09084934e-01 3.76456439e-01 8.26393843e-01 9.80548084e-01
    1.84075028e-01 2.69261479e-01 1.37361556e-01 2.71636873e-01
    6.17562771e-01 9.76282358e-01 7.86364973e-01 2.36792862e-01
    6.40854597e-01 8.17016006e-01 1.07671916e-02 6.70391858e-01
    3.79315555e-01 9.10346687e-01 9.77411628e-01 4.05540764e-02
    6.05288386e-01 9.19096351e-01 3.96496475e-01 4.22409445e-01
    2.52834648e-01 3.36704016e-01 1.22387290e-01 6.21320367e-01
    7.98739076e-01 4.56653386e-01 6.67654097e-01 9.09906030e-01
    1.02505088e-01 1.44376487e-01 3.81015062e-01 8.14234853e-01
    4.48506087e-01 3.82833719e-01 5.16406775e-01 3.12400460e-01
    5.64575553e-01 7.40385294e-01 7.66135097e-01 4.84172404e-01
    8.40620100e-02 8.44771385e-01 7.64735222e-01 2.16702193e-01
    5.58440208e-01 7.70849824e-01 6.78863883e-01 3.69418979e-01
    5.13824224e-01 1.89877868e-01 5.23958087e-01 7.86556304e-02
    5.15509844e-01 9.34768200e-01 6.31619453e-01 3.10523510e-01
    5.01566827e-02 5.18379211e-02 2.95464247e-01 9.59411383e-01
    2.35034227e-02 3.04847538e-01 6.90159202e-01 3.48525167e-01
    1.72122478e-01 7.62952566e-01 7.39637613e-02 6.68426692e-01
    1.14172220e-01 9.95172977e-01 2.35354692e-01 9.60487247e-01
    5.06730735e-01 4.52780426e-01 2.08172739e-01 8.62139583e-01
    7.69390941e-01 5.65267444e-01 9.27074373e-01 1.56602472e-01
    2.30551660e-02 9.87239242e-01 4.44377691e-01 8.70192289e-01
    3.20261389e-01 7.46269226e-02 6.96315169e-01 6.72662020e-01
    7.22524285e-01 1.84464544e-01 9.97709751e-01 1.89849347e-01
    4.52980518e-01 6.27569795e-01 2.18796372e-01 6.60517693e-01
    3.05389345e-01 7.03914583e-01 8.80994797e-01 2.58649290e-01
    8.46247315e-01 8.83941889e-01 3.85199785e-02 4.83983457e-02
    9.28765655e-01 2.30981857e-01 2.72242546e-01 8.19936693e-02
    6.21795356e-01 4.68634337e-01 4.02875423e-01 7.97544777e-01
    8.62985373e-01 9.78519678e-01 1.86934501e-01 8.38994086e-01
    7.74080276e-01 8.87808084e-01 7.73159862e-02 3.40403229e-01
    7.84650207e-01 8.51610601e-01 1.73467100e-02 7.06606090e-01
    5.12760401e-01 3.85216951e-01 8.75580192e-01 9.27750230e-01
    2.94495225e-01 5.21807373e-01 7.88209558e-01 2.72215426e-01
    2.33964652e-01 3.80150139e-01 1.48376167e-01 2.34726161e-01
    2.38344669e-02 1.02917761e-01 7.59149909e-01 2.53322124e-02
    3.38201821e-01 3.02083224e-01 6.06496692e-01 6.17240548e-01
    9.34258342e-01 7.11378515e-01 8.16029429e-01 1.43711120e-01
    3.01624745e-01 8.71446609e-01 7.95603395e-02 8.82191956e-01
    6.49537146e-01 1.45133078e-01 9.74632144e-01 4.43983465e-01
    4.40983117e-01 4.15583253e-01 2.79997766e-01 5.63109815e-02
    6.40690207e-01 3.26215148e-01 6.43878579e-01 1.70635760e-01
    4.95604068e-01 6.71070516e-01 3.50824475e-01 4.88237947e-01
    9.89753008e-01 4.74157840e-01 5.50160050e-01 4.45131212e-01
    1.83806628e-01 3.31321806e-01 3.35018992e-01 1.64509684e-01
    4.55201983e-01 5.95820606e-01 4.86732751e-01 9.74594712e-01
    3.07599127e-01 5.03684282e-01 3.13352048e-02 5.54724514e-01
    8.37607861e-01 2.79874384e-01 1.95820689e-01 8.04799438e-01
    1.02619588e-01 9.33187366e-01 4.93246764e-01 8.21157575e-01
    2.66730189e-01 7.11714208e-01 9.24151182e-01 9.76640463e-01
    8.44384074e-01 4.79898572e-01 2.31900901e-01 5.68428993e-01
    2.95774519e-01 2.46211052e-01 2.91064441e-01 6.05269670e-01
    3.48820806e-01 2.09100127e-01 9.42470729e-02 9.66844141e-01
    7.47040331e-01 7.18960345e-01 9.96194363e-01 4.15799111e-01
    2.16952682e-01 6.27859354e-01 5.51345944e-01 3.98162574e-01
    6.07005775e-01 7.48692214e-01 3.72252136e-01 4.69580114e-01
    5.17882228e-01 6.07181013e-01 8.84620309e-01 8.39113474e-01
    8.24673295e-01 6.98176444e-01 6.34821892e-01 6.70592248e-01
    9.74787354e-01 5.92391849e-01 9.09459591e-02 8.06057274e-01
    5.71247399e-01 1.83808267e-01 8.08513522e-01 6.38975143e-01
    9.23916578e-01 1.80875480e-01 2.98575699e-01 7.07059860e-01
    8.90257418e-01 2.34204680e-01 2.36088812e-01 6.37817264e-01
    5.15217125e-01 2.46745706e-01 8.85805249e-01 4.46350902e-01
    1.28578931e-01 4.39661115e-01 8.39907765e-01 5.22725821e-01
    6.93647504e-01 5.73874235e-01 6.68278337e-01 3.72752309e-01
    8.04613590e-01 3.19326222e-02 7.76448548e-02 2.14601457e-01
    9.38000202e-01 7.10431933e-01 6.03854656e-01 7.18407929e-02
    7.75371552e-01 7.43733644e-01 4.58745301e-01 7.56856799e-02
    2.21319556e-01 2.53581285e-01 9.18061972e-01 7.85078645e-01
    1.39083862e-02 1.22985393e-01 1.41927391e-01 7.41449416e-01
    3.28932375e-01 5.23829877e-01 4.90746617e-01 8.42531204e-01
    5.29248714e-02 7.79679239e-01 1.85031891e-02 3.44713628e-02
    5.83278835e-01 1.23698980e-01 9.90427792e-01 2.88766325e-01
    9.72701967e-01 9.64349627e-01 2.31529057e-01 3.23677480e-01
    9.50866103e-01 2.76669830e-01 9.53120589e-01 2.81939328e-01
    2.42766947e-01 4.50265408e-02 2.06743389e-01 8.97641540e-01
    2.29706824e-01 7.21558511e-01 1.71710908e-01 9.29209054e-01
    8.30997229e-01 2.37809300e-01 9.16231871e-02 1.74464971e-01
    5.85611463e-02 2.75161564e-02 4.51215059e-01 7.77787387e-01
    1.50560886e-01 3.61030906e-01 4.70461369e-01 6.49921298e-01
    2.26099223e-01 6.39477372e-03 1.16575569e-01 5.49840868e-01
    4.46328849e-01 7.64991999e-01 4.45275992e-01 1.57706350e-01
    7.44242787e-01 7.15034127e-01 3.70381176e-02 3.55899423e-01
    3.42317700e-01 2.73717552e-01 8.17462623e-01 8.07345629e-01
    1.28408968e-02 3.58605087e-01 1.56581521e-01 2.86573291e-01
    1.86668605e-01 8.14895093e-01 3.77938449e-01 2.06065476e-02
    1.00663066e-01 7.83993542e-01 8.63254666e-02 5.67370474e-01
    9.07062769e-01 5.14907062e-01 1.12262070e-02 3.18620801e-02
    2.36855328e-01 6.12519860e-01 9.58994806e-01 2.12857723e-01
    1.98220193e-01 4.82754499e-01 8.07234526e-01 8.80734444e-01
    3.38494807e-01 4.44436550e-01 5.38256466e-02 6.89088166e-01
    4.97123837e-01 8.64354968e-02 2.17877239e-01 8.20922852e-01
    6.04910433e-01 4.27707076e-01 5.61764836e-03 4.93439049e-01
    9.06609774e-01 5.54623246e-01 7.93559670e-01 6.89193845e-01
    2.82634139e-01 8.95299792e-01 3.97385269e-01 3.48806918e-01
    4.34681624e-01 3.97788823e-01 8.26368451e-01 8.24346781e-01
    6.42930448e-01 4.84007061e-01 7.67937303e-02 1.60903901e-01
    6.74811304e-01 4.83827591e-02 2.19713062e-01 5.93689024e-01
    4.74147737e-01 9.53450322e-01 5.21595180e-01 1.14243329e-02
    1.37820780e-01 6.95405245e-01 9.93566513e-02 4.92606789e-01
    5.40967286e-02 9.94599760e-01 8.32735002e-02 5.32049656e-01
    7.32196748e-01 7.57664323e-01 7.29732811e-01 7.85851240e-01
    1.56443119e-02 1.58121765e-01 4.13838327e-02 7.20210791e-01
    4.82713699e-01 9.17331100e-01 1.20110869e-01 2.30201960e-01
    2.18375146e-01 6.93817556e-01 3.33650768e-01 4.38530535e-01
    4.97386158e-01 3.87818813e-02 9.52597857e-01 3.14775348e-01
    3.48517686e-01 1.25355870e-01 2.31383413e-01 9.40930068e-01
    7.80435860e-01 9.45439160e-01 3.25723827e-01 7.78913200e-01
    7.29569554e-01 2.18771040e-01 1.33641630e-01 8.34679306e-01
    3.25687706e-01 5.95954299e-01 8.00980926e-01 4.09940571e-01
    3.89768541e-01 4.21925604e-01 5.25645018e-01 2.57016182e-01
    5.26608050e-01 8.63186359e-01 7.62868226e-01 3.79066288e-01
    3.31686020e-01 4.55281436e-01 5.14529824e-01 8.76307189e-01
    7.91430712e-01 6.53946459e-01 2.15207964e-01 5.74552536e-01
    5.85448742e-01 7.04882503e-01 9.80671525e-01 7.07791746e-02
    8.69031787e-01 1.48515224e-01 3.74105871e-02 6.05445206e-01
    2.69858688e-01 4.54212725e-01 7.13831186e-01 8.68915975e-01
    9.17906940e-01 5.42959094e-01 9.17435288e-01 6.25947833e-01
    8.64449143e-02 9.17290986e-01 9.75901008e-01 1.70984745e-01
    6.94727063e-01 9.17168856e-01 8.31514120e-01 2.80714035e-01
    5.63127756e-01 2.61227846e-01 2.43655741e-02 9.26139712e-01
    3.33618164e-01 1.36391610e-01 1.79561466e-01 1.11031592e-01
    7.55192459e-01 6.18808866e-02 7.10992694e-01 8.90681148e-01
    5.79514921e-01 6.51154518e-01 4.04406220e-01 6.32168055e-01
    3.89605224e-01 5.32259047e-01 1.55763030e-02 7.59003997e-01
    3.19821715e-01 5.06769300e-01 4.55888212e-01 8.16338420e-01
    1.80613577e-01 6.72878623e-02 8.45623970e-01 3.39826763e-01
    1.82322800e-01 6.81618035e-01 8.16145301e-01 2.83219784e-01
    9.20231760e-01 4.49599922e-02 7.45190859e-01 9.81346726e-01
    4.87052768e-01 1.33853465e-01 7.19492912e-01 8.77087295e-01
    7.05217481e-01 5.31511068e-01 3.98120105e-01 7.74888992e-01
    1.13876432e-01 9.33471918e-01 9.35000360e-01 2.73899645e-01
    1.58479542e-01 9.34972048e-01 5.87599277e-02 4.16947305e-02
    7.01279640e-02 2.04006046e-01 2.99850404e-01 7.38754690e-01
    8.98159266e-01 3.81777823e-01 8.41111541e-01 8.31496716e-03
    5.53217888e-01 6.81263804e-01 2.03917205e-01 2.91519165e-01
    1.16580844e-01 6.80808306e-01 6.46588266e-01 5.78358412e-01
    9.21311975e-01 2.53339291e-01 4.72775847e-01 3.21543455e-01
    3.97518873e-01 8.31243455e-01 2.17613220e-01 6.87465668e-01
    8.43565464e-02 7.04315424e-01 8.11388612e-01 1.90905184e-01
    4.06570077e-01 1.43696070e-01 5.12003303e-02 9.35541272e-01
    2.79328346e-01 4.02554572e-02 6.68391287e-01 2.16114312e-01
    3.57402563e-02 9.49246585e-02 6.32555068e-01 7.85201788e-01
    3.47469628e-01 9.28269029e-02 4.19498146e-01 6.41237140e-01
    3.26807499e-02 4.58400041e-01 9.22419369e-01 9.03151810e-01
    8.03771675e-01 8.80521655e-01 4.89577651e-02 3.37515414e-01
    1.48465306e-01 8.20387959e-01 5.58913469e-01 9.34163630e-02
    4.04032290e-01 1.66191459e-01 2.13056624e-01 8.99176776e-01
    3.71647567e-01 1.58335775e-01 4.42520112e-01 8.22349012e-01
    4.14850712e-01 5.84780693e-01 1.88332796e-03 6.70468807e-01
    2.40691602e-01 7.63648987e-01 7.89480627e-01 5.94459772e-01
    4.60696220e-02 6.03743196e-01 3.16129982e-01 5.98834932e-01
    6.87802076e-01 8.80572081e-01 1.68706954e-01 3.77835214e-01
    7.54832745e-01 1.47768825e-01 2.31579810e-01 3.36751938e-02
    7.68625200e-01 6.27473474e-01 7.00088561e-01 7.92605162e-01
    5.05300522e-01 2.82699943e-01 8.89157653e-01 3.50974143e-01
    3.13991815e-01 4.48735297e-01 8.82275701e-01 7.88814723e-02
    4.02922571e-01 5.74350357e-04 5.38628042e-01 3.99741948e-01
    9.01607990e-01 7.50922203e-01 4.22327578e-01 4.51876402e-01
    1.26430690e-01 1.48368955e-01 3.30649227e-01 4.17732477e-01
    4.64956820e-01 7.75949955e-01 9.08476889e-01 2.06225753e-01
    2.86480904e-01 7.49271989e-01 3.30861509e-02 5.57492316e-01
    8.98063183e-01 7.33020544e-01 5.95945537e-01 6.15016162e-01
    7.31316388e-01 5.29067874e-01 3.86390984e-02 6.33644223e-01
    5.50613821e-01 6.74289584e-01 3.49998415e-01 5.99687099e-01
    8.77588809e-01 9.66839969e-01 2.95443833e-01 2.83598244e-01
    6.68880641e-02 9.53482628e-01 1.52873814e-01 5.95848322e-01
    9.95422840e-01 9.65958178e-01 6.13049567e-01 7.34337211e-01
    6.40116036e-02 6.45801187e-01 5.10079265e-01 2.26554692e-01
    2.17349470e-01 5.99191546e-01 7.39980340e-01 4.51099396e-01
    4.13194984e-01 3.42200518e-01 9.32258725e-01 7.95266032e-01
    1.61261082e-01 2.06187248e-01 2.76641846e-01 4.64985818e-01
    7.03935981e-01 4.09130096e-01 6.08933985e-01 9.89959121e-01
    3.22643667e-01 5.56235015e-01 3.20159197e-01 3.81474197e-02
    3.30704451e-01 7.46464908e-01 2.52336562e-02 4.85126853e-01
    1.12506330e-01 6.57638669e-01 2.05097497e-02 3.51608664e-01
    5.62963665e-01 1.62703216e-01 7.83075988e-01 3.33273143e-01
    3.40633810e-01 3.45574141e-01 9.99483943e-01 4.40345705e-02
    5.98186851e-01 4.23121989e-01 2.01058567e-01 5.42288244e-01
    7.35235810e-01 6.73879981e-01 5.34795821e-01 9.03692663e-01
    1.65734440e-01 9.13962722e-01 2.46388525e-01 5.60281515e-01
    2.08923221e-02 4.20162380e-01 8.80555987e-01 8.80144954e-01
    1.08616769e-01 5.12719214e-01 9.54570591e-01 5.10991991e-01
    3.45086396e-01 1.34376317e-01 9.65597391e-01 5.38021743e-01
    8.82193625e-01 7.24226177e-01 4.92508709e-01 3.45199347e-01
    9.64470088e-01 3.66725326e-02 3.07733804e-01 2.70233452e-01
    1.65441871e-01 4.45517480e-01 8.98578882e-01 8.08416367e-01
    2.21198142e-01 1.37897044e-01 7.68610597e-01 3.70821774e-01
    7.32445121e-02 2.26396561e-01 5.11855185e-02 5.77419460e-01
    8.24243426e-01 7.77289033e-01 6.51899934e-01 4.15775359e-01
    2.40784794e-01 9.18910265e-01 7.45778084e-01 5.02831757e-01
    8.99176955e-01 7.25233972e-01 9.22897220e-01 5.43361902e-01
    8.78931284e-02 3.19695771e-01 1.54551864e-01 8.34817290e-01
    3.69096816e-01 3.29929948e-01 5.67998528e-01 5.49827218e-01
    8.15811574e-01 6.00563526e-01 2.67471433e-01 2.57582068e-01
    6.80842400e-02 4.43427533e-01 2.72167593e-01 7.10110068e-01
    3.81903172e-01 9.50713038e-01 6.40335798e-01 2.35227883e-01
    2.92407572e-01 8.21430862e-01 7.06807673e-01 4.79174972e-01
    9.00320709e-01 4.81853127e-01 1.11587584e-01 7.99638271e-01
    3.32211941e-01 3.31655502e-01 9.03452337e-02 3.06824148e-01
    3.18060756e-01 3.98097634e-02 3.32668126e-01 2.15486169e-01
    5.66174507e-01 2.02059567e-01 2.03076333e-01 5.58069706e-01
    7.93241739e-01 5.18747211e-01 5.27703762e-01 1.15636528e-01
    1.28454566e-02 3.28130543e-01 5.78372061e-01 9.22362506e-01
    5.60755014e-01 4.65947390e-02 3.13766301e-02 3.19395185e-01
    4.56181824e-01 9.72640514e-01 1.19188100e-01 3.22667003e-01
    7.24689364e-02 3.43212515e-01 9.87395763e-01 6.57310367e-01
    6.09848678e-01 9.16536748e-01 2.88877130e-01 9.23464179e-01
    3.70275736e-01 2.48760045e-01 5.53081095e-01 1.76505446e-01
    8.61038983e-01 8.05166483e-01 4.28294837e-02 4.83294010e-01
    6.10638320e-01 5.95090568e-01 6.99959159e-01 6.68402314e-01
    7.87897229e-01 9.21578407e-02 7.83671141e-01 5.40553451e-01
    1.80956334e-01 1.06454253e-01 9.63451326e-01 7.71358490e-01
    5.52343547e-01 7.28578448e-01 1.28516614e-01 2.94588298e-01
    3.52984309e-01 1.59636140e-03 8.03727806e-02 8.98378968e-01
    1.74979985e-01 9.08202767e-01 3.10171068e-01 3.23051184e-01
    5.60207009e-01 2.85529971e-01 5.88920534e-01 7.92875469e-01
    3.78204554e-01 2.49260575e-01 6.13497078e-01 9.06683087e-01
    1.62584871e-01 4.05210078e-01 2.39839643e-01 3.03605735e-01
    7.83939421e-01 6.39509916e-01 3.20994675e-01 7.68764138e-01
    5.25506735e-01 7.25870848e-01 6.88601136e-02 7.58732378e-01
    2.51647621e-01 1.25416338e-01 5.43996751e-01 7.95315623e-01
    4.00415778e-01 8.10525298e-01 6.76059127e-01 3.14574242e-01
    6.30246758e-01 7.92702556e-01 6.00797176e-01 9.77660775e-01
    8.51603985e-01 3.58303249e-01 6.42150521e-01 2.11942703e-01
    2.75985897e-02 4.32631969e-01 8.60089660e-02 7.16823936e-01
    7.26262927e-01 2.08491564e-01 7.17718244e-01 8.16429019e-01
    6.73599899e-01 1.17126465e-01 8.67437720e-01 1.83674812e-01
    5.87083936e-01 7.59093344e-01 1.28722101e-01 1.54947370e-01
    5.71814179e-01 9.68809128e-01 6.39003515e-01 9.72943783e-01
    6.87917888e-01 4.58928794e-01 4.86095876e-01 8.79289150e-01
    5.88389814e-01 8.15166473e-01 9.27869439e-01 5.03737628e-01
    7.81017840e-01 5.92621088e-01 5.89427471e-01 6.41800523e-01
    1.36313051e-01 7.65036643e-02 5.21060467e-01 9.91070151e-01
    7.19806492e-01 2.95502990e-01 7.93310165e-01 6.66714668e-01
    3.12540561e-01 4.64210153e-01 7.15220630e-01 6.98542297e-02
    9.13025379e-01 4.71799225e-01 7.73520708e-01 8.02327573e-01
    7.53416598e-01 8.32142949e-01 4.73441303e-01 1.17717952e-01
    9.02353406e-01 4.43094134e-01 4.97806430e-01 4.81864631e-01
    6.90050006e-01 4.82588947e-01 3.79012197e-01 5.42087853e-01
    3.46095264e-02 3.79837751e-02 8.91641736e-01 6.33352697e-01
    3.13616306e-01 8.44888091e-02 1.69547886e-01 1.22889310e-01
    6.07890129e-01 4.97462392e-01 4.96088207e-01 8.85456800e-01
    7.03827143e-02 6.19620562e-01 3.69523168e-01 6.34584904e-01
    6.15854263e-02 6.42182827e-01 6.62042797e-02 1.09479368e-01
    3.28823328e-02 5.54720521e-01 2.20628262e-01 5.42137980e-01
    9.93663788e-01 7.17911899e-01 3.82141143e-01 7.92315483e-01
    2.64811963e-01 8.93324018e-01 8.04974139e-01 8.51972997e-02
    1.07287765e-01 3.47488374e-01 4.88900602e-01 7.05114245e-01
    4.84975100e-01 4.90017772e-01 3.93486917e-01 8.77869725e-02
    5.85594475e-01 2.66277641e-01 5.10960639e-01 2.53056586e-01
    7.68371820e-02 4.41635400e-01 5.42805672e-01 4.25235093e-01
    2.68229902e-01 7.69241333e-01 9.50445056e-01 9.91321087e-01
    9.81858969e-02 8.68574262e-01 9.82663035e-01 7.45723128e-01
    5.67257404e-03 6.66973114e-01 9.18954492e-01 3.65134120e-01
    1.63766712e-01 6.34927869e-01 8.17287087e-01 7.77291834e-01
    3.70764762e-01 1.57332122e-01 3.88371468e-01 2.02107072e-01
    8.42216611e-03 9.77882922e-01 3.76760900e-01 2.23069817e-01
    9.47223902e-01 9.39865887e-01 8.27049017e-01 3.51430118e-01
    6.76688790e-01 7.55951524e-01 1.66487426e-01 8.55749369e-01
    8.93904865e-02 6.19469047e-01 3.36185753e-01 3.99988532e-01
    4.42053258e-01 7.19065666e-01 7.66847730e-01 5.85543692e-01
    5.99946380e-01 7.93259799e-01 1.56362236e-01 3.73715162e-01
    2.99852073e-01 2.60222644e-01 3.64464223e-02 1.22726411e-01
    8.96245837e-01 5.00220239e-01 3.29018801e-01 8.63532662e-01
    1.36286020e-03 7.33751535e-01 7.78205395e-02 7.71370649e-01
    5.13783574e-01 5.63659966e-01 2.61801720e-01 7.84466982e-01
    7.23896980e-01 9.93305385e-01 6.52496696e-01 8.57483029e-01
    1.00574762e-01 7.66766250e-01 5.69691420e-01 8.09738219e-01
    9.77039337e-01 3.45147192e-01 1.75662190e-01 2.44851857e-01
    8.54845822e-01 6.01904213e-01 8.04958701e-01 6.41297817e-01
    3.78811300e-01 4.45612222e-01 3.83097529e-02 5.62221408e-01
    2.51215816e-01 6.16924286e-01 3.68484169e-01 1.40605599e-01
    3.04431498e-01 9.18734670e-01 9.98537898e-01 9.43586826e-01
    5.33319592e-01 8.83781195e-01 9.71522927e-03 4.23980147e-01
    2.79309869e-01 6.37903690e-01 8.95720720e-03 6.01834238e-01
    9.00108099e-01 1.79232776e-01 4.62981820e-01 3.95045489e-01
    7.42392063e-01 2.07334191e-01 7.12514520e-01 9.72574174e-01
    6.62299812e-01 3.30641389e-01 8.35019350e-02 4.08268034e-01
    2.00158536e-01 8.72392058e-02 8.81748497e-02 2.13876754e-01
    6.85492575e-01 8.27521324e-01 8.88256431e-01 5.80740094e-01
    4.42763597e-01 3.33519340e-01 8.35791588e-01 5.62982202e-01
    2.99582720e-01 9.40207362e-01 5.42167664e-01 9.69110131e-01
    6.23661101e-01 7.15168417e-02 7.90377617e-01 6.46566272e-01
    8.63467395e-01 3.04421782e-02 7.37579882e-01 7.04812407e-02
    5.84866226e-01 4.37981963e-01 4.84728962e-01 2.32127547e-01
    4.22772050e-01 9.44013000e-01 4.74967897e-01 7.03564703e-01
    5.73336005e-01 1.83659792e-02 8.16794038e-01 3.30242276e-01
    2.37510115e-01 1.16298378e-01 5.29992402e-01 7.70998418e-01
    5.67064703e-01 1.14595354e-01 7.26100802e-03 3.61241043e-01
    2.33194232e-01 7.16714621e-01 8.78607273e-01 6.64785862e-01
    3.83074254e-01 2.68263817e-02 3.27147305e-01 7.65961409e-01
    5.59237838e-01 4.79252338e-01 8.44969988e-01 5.96339285e-01
    2.20285177e-01 1.85278744e-01 7.02333570e-01 1.32974505e-01
    6.21620893e-01 6.88154817e-01 9.52973485e-01 9.50625658e-01
    7.74594665e-01 3.10773998e-01 4.46512401e-01 1.22170717e-01
    8.54416788e-02 9.86912847e-01 9.79466796e-01 9.91615891e-01
    2.54251063e-02 3.03218335e-01 7.83015728e-01 6.53048456e-01
    6.31726980e-02 2.89487779e-01 4.14476603e-01 7.62838483e-01
    8.41972828e-01 8.11348259e-01 3.03491116e-01 9.83815193e-01
    4.93264496e-01 6.21574521e-01 6.72079980e-01 3.31539214e-02
    3.44598591e-01 7.29546487e-01 4.91297781e-01 6.15525246e-01
    8.52487564e-01 6.84181571e-01 7.27345347e-02 2.65106648e-01
    7.17880249e-01 3.76435161e-01 7.78850019e-01 6.20976806e-01
    4.54280347e-01 4.77625936e-01 9.25859213e-01 3.03922951e-01
    1.41580969e-01 9.27692652e-01 4.87842470e-01 8.10664892e-01
    4.70640063e-01 8.91487956e-01 1.74199969e-01 3.47921222e-01
    3.27940106e-01 2.60343611e-01 2.58964300e-03 2.93008894e-01
    5.57870865e-01 3.85759115e-01 9.82015014e-01 8.91709924e-01
    1.74274296e-01 4.13021535e-01 3.31327379e-01 2.52779424e-01
    6.31067276e-01 6.24801159e-01 2.58603901e-01 4.72980142e-02
    6.23047590e-01 3.39449048e-02 3.81016850e-01 5.89538336e-01
    3.40560019e-01 9.98565197e-01 8.74876976e-02 1.59125894e-01
    6.30376458e-01 4.25693214e-01 2.61886299e-01 3.65518749e-01
    8.95480514e-01 5.79410791e-01 4.84276831e-01 9.49823141e-01
    8.36380422e-02 9.61065412e-01 3.35927606e-02 3.11564684e-01
    1.19649172e-01 4.53117430e-01 2.76484311e-01 5.88008463e-01
    1.44891083e-01 2.14845002e-01 2.01626450e-01 2.15604663e-01
    2.84765422e-01 6.49811864e-01 4.72923726e-01 6.81487858e-01
    6.63814187e-01 3.98648083e-01 9.15430725e-01 1.21804774e-02
    5.15867293e-01 9.42324162e-01 1.03154689e-01 9.40131187e-01
    5.80098331e-01 2.88802207e-01 8.58943164e-02 8.85238230e-01
    2.80572772e-01 3.99782240e-01 4.56283659e-01 8.43457282e-02
    2.67287791e-01 4.92419749e-01 4.42534685e-01 1.95087492e-02
    8.65884781e-01 1.70253754e-01 1.73384815e-01 5.22806227e-01
    8.84043515e-01 8.92676592e-01 7.68229365e-01 4.18709636e-01
    5.16773939e-01 3.79130661e-01 9.30366755e-01 3.83188993e-01
    4.69682664e-01 9.87074018e-01 9.72091436e-01 6.93716049e-01
    6.02593184e-01 1.09524220e-01 4.50470209e-01 8.71828437e-01
    9.29073155e-01 5.47299087e-01 6.38586342e-01 9.66041565e-01
    6.99320793e-01 9.97903347e-01 1.87264383e-01 7.10665047e-01
    7.17792571e-01 4.62467909e-01 7.05220103e-01 2.32038587e-01
    4.81853873e-01 5.57937205e-01 5.46221137e-01 4.13840413e-02
    9.92121935e-01 9.74410117e-01 7.53123939e-01 7.69337416e-02
    6.21309757e-01 2.56351084e-01 2.62447655e-01 4.47036207e-01
    6.64356947e-01 2.88080722e-01 2.46603608e-01 4.64152724e-01
    5.66416740e-01 1.06027424e-02 2.56332695e-01 4.95414227e-01
    3.42998922e-01 7.68575072e-02 1.41840786e-01 8.01199973e-02
    2.74825662e-01 5.44868588e-01 6.61379695e-01 4.22706604e-01
    3.44358087e-02 9.45100904e-01 8.40479374e-01 7.28853106e-01
    4.95413452e-01 5.21780014e-01 9.05733466e-01 1.45150751e-01
    5.16811490e-01 6.21795535e-01 9.97828722e-01 1.05994344e-01
    6.29343927e-01 9.94214058e-01 6.02011919e-01 6.34825468e-01
    8.01038325e-01 2.85561204e-01 5.37178278e-01 8.48731518e-01
    3.52630436e-01 8.13105881e-01 1.75262541e-01 5.65903425e-01
    2.65643984e-01 6.27429664e-01 2.21353203e-01 2.89743006e-01
    2.76507735e-02 2.84888506e-01 1.06251210e-01 1.43676996e-01
    1.32710457e-01 7.34972179e-01 3.02972436e-01 7.94423223e-01
    4.15474147e-01 1.07963353e-01 6.93346262e-01 8.05120111e-01
    3.32396150e-01 7.10197568e-01 6.98016882e-02 7.35892892e-01
    6.02204740e-01 4.44286823e-01 8.11067224e-01 8.84391844e-01
    2.67146707e-01 4.59160626e-01 1.67197675e-01 8.92884433e-02
    7.18955815e-01 7.84649372e-01 5.10635495e-01 7.69815743e-01
    5.69219708e-01 1.78148240e-01 5.75410187e-01 6.39529526e-01
    3.07601213e-01 6.02009475e-01 7.84247458e-01 8.83785188e-01
    5.65600991e-02 4.84157801e-01 5.82012057e-01 3.64171386e-01
    3.70868266e-01 6.63515985e-01 5.42436600e-01 7.54340589e-02
    1.87522262e-01 1.40918016e-01 4.18960154e-02 9.16089058e-01
    1.26633257e-01 2.65698195e-01 2.17149645e-01 6.63967490e-01
    1.51737809e-01 1.51484728e-01 2.63514876e-01 5.33239186e-01
    4.50805873e-01 3.36968362e-01 5.04289567e-01 1.53132260e-01
    9.26805258e-01 9.44064558e-02 9.22732651e-02 9.01026130e-01
    7.51701295e-01 5.06440699e-02 9.05205131e-01 2.14679539e-01
    2.53083587e-01 9.55245852e-01 6.97134733e-02 3.16423476e-02
    1.95035756e-01 9.14182901e-01 2.04767466e-01 6.62792742e-01
    4.00287360e-01 8.23439598e-01 3.80007178e-01 9.29001570e-01
    6.67860031e-01 3.28300774e-01 6.16264522e-01 3.10187995e-01
    8.52154195e-02 3.81916016e-01 7.33227134e-01 9.86738741e-01
    3.23914349e-01 4.83644664e-01 2.09448546e-01 2.07477152e-01
    2.57918119e-01 8.83571327e-01 9.28239167e-01 7.36221254e-01
    9.13696170e-01 9.99390244e-01 2.14921236e-02 4.05062735e-02
    5.21757483e-01 2.31982827e-01 3.28946710e-02 9.88975644e-01
    3.14393044e-01 8.18910360e-01 7.99012184e-02 6.57449663e-02
    1.87913060e-01 3.40835631e-01 2.01355070e-01 3.56430352e-01
    5.86649418e-01 1.56955689e-01 3.31075907e-01 1.49139643e-01
    6.13097250e-02 2.67007828e-01 6.51252031e-01 2.56629288e-02
    3.11988533e-01 6.78124249e-01 2.71293491e-01 2.05882728e-01
    7.04016447e-01 8.16918373e-01 4.15076613e-02 9.38735485e-01
    8.15745711e-01 4.63051885e-01 9.21174645e-01 1.90691054e-02
    3.90143812e-01 5.72084963e-01 1.86039984e-01 3.90870810e-01
    3.76759827e-01 2.85789549e-01 5.81913590e-01 5.85319400e-01
    8.66825104e-01 6.07108176e-01 6.18777037e-01 9.04309511e-01
    9.80173290e-01 1.37239307e-01 3.37217718e-01 9.33795631e-01
    7.11117089e-01 1.84928328e-01 1.75594926e-01 3.62449110e-01
    4.30593461e-01 8.61959815e-01 5.69888234e-01 1.63207889e-01
    5.03301680e-01 1.20694607e-01 4.75401521e-01 7.44111538e-01
    7.04789042e-01 4.03414488e-01 1.51879013e-01 5.96785843e-01
    4.25563931e-01 9.33882475e-01 8.88998747e-01 8.97212207e-01
    3.31496835e-01 2.09652185e-01 1.63584948e-03 7.67023921e-01
    8.97628844e-01 5.17019510e-01 7.04130173e-01 7.60888040e-01
    2.32743025e-01 7.03714669e-01 8.89917850e-01 2.27785319e-01
    1.25012875e-01 2.40578741e-01 6.66584849e-01 9.43833828e-01
    7.41308510e-01 6.47283673e-01 4.42831039e-01 6.53915405e-01
    4.49014902e-01 5.15489995e-01 2.58263648e-02 7.78040767e-01
    9.76325870e-01 1.20906830e-01 6.84332848e-01 1.48773581e-01
    5.57608247e-01 4.80775326e-01 2.49137551e-01 7.16877162e-01
    2.95175105e-01 5.93751669e-01 6.27394378e-01 6.52553499e-01
    3.18771660e-01 8.91943812e-01 1.02052420e-01 5.44362664e-02
    7.92730808e-01 8.60751867e-01 8.98917019e-01 3.01347554e-01
    5.42850196e-01 5.51597595e-01 9.42150235e-01 6.88412905e-01
    7.87643909e-01 6.33031845e-01 6.23773098e-01 1.19149804e-01
    7.75038838e-01 9.91131783e-01 7.18419194e-01 7.15937912e-01
    3.55917960e-01 7.33257830e-01 7.83584774e-01 5.94622731e-01
    5.98653495e-01 9.14565802e-01 2.54292786e-02 1.07275039e-01
    1.23042077e-01 2.51215369e-01 2.41155386e-01 1.23415202e-01
    1.75482273e-01 3.29412758e-01 4.24759775e-01 6.86242580e-01
    8.87569785e-01 4.30877030e-01 5.05222321e-01 9.85365510e-01
    4.08196270e-01 8.97098422e-01 1.59762561e-01 8.43186855e-01
    2.93072045e-01 8.90835166e-01 9.87486124e-01 7.42891431e-02
    6.82134330e-01 2.53620595e-01 5.99831581e-01 4.32809472e-01
    7.95187116e-01 9.15593803e-02 1.66651577e-01 7.20541656e-01
    6.36731684e-01 2.05004513e-01 7.84247577e-01 3.58741760e-01
    6.31196856e-01 5.94120622e-01 3.25820863e-01 4.21326458e-01
    3.25866580e-01 2.87905157e-01 9.02099431e-01 2.16156840e-02
    8.65859568e-01 2.56370753e-01 2.09230661e-01 5.62300503e-01
    5.02222717e-01 4.79728281e-01 2.49114811e-01 1.93333805e-01
    9.82583046e-01 8.29540491e-02 1.16851538e-01 9.15279508e-01
    2.64293909e-01 7.13074267e-01 6.21160448e-01 9.88184273e-01
    8.88618469e-01 3.82935107e-01 8.75640750e-01 8.91869903e-01
    2.76785731e-01 8.20013046e-01 6.12839997e-01 1.65164709e-01
    8.99180889e-01 4.74521160e-01 7.08119273e-01 5.05683005e-01
    4.17622387e-01 5.20964980e-01 7.78498590e-01 3.43311727e-02
    5.58367074e-01 7.48418272e-01 4.84743625e-01 1.70103848e-01
    5.61820507e-01 3.19123656e-01 6.73723817e-02 4.49178576e-01
    6.57966733e-01 1.66455805e-02 1.71452761e-04 7.81107724e-01
    8.54651213e-01 5.07338166e-01 4.82383430e-01 6.72557473e-01
    9.54970717e-02 1.54662997e-01 2.45248884e-01 1.13666058e-02
    7.32658267e-01 9.72141683e-01 3.03797066e-01 6.72071576e-01
    5.96712947e-01 2.60543942e-01 2.50199378e-01 1.56485468e-01
    2.86510766e-01 6.30662739e-01 6.90859556e-02 6.61263108e-01
    5.86120427e-01 1.10564351e-01 9.92413163e-01 6.85942650e-01
    2.20637321e-01 6.17432296e-02 7.72915125e-01 5.57871878e-01
    2.13166475e-01 1.06284618e-02 2.78678536e-02 8.54082108e-01
    8.94300044e-01 5.11372864e-01 7.86538363e-01 9.77960348e-01
    4.66668844e-01 7.61848152e-01 5.98741770e-02 9.05882418e-01
    8.83998752e-01 1.04182184e-01 2.52064109e-01 8.71315479e-01
    9.12666917e-02 5.29705644e-01 6.97590232e-01 3.03354919e-01
    6.58715367e-02 3.15544635e-01 4.13451374e-01 1.16353929e-02
    9.53551054e-01 3.47124189e-01 9.88283753e-01 5.09504437e-01
    9.31588650e-01 3.83141756e-01 6.08661056e-01 6.98428631e-01
    9.23503041e-01 7.24009454e-01 5.14123201e-01 1.87797755e-01
    9.66193259e-01 9.29626286e-01 3.82609487e-01 5.52304566e-01
    2.36257225e-01 1.91390395e-01 6.27828479e-01 1.46721959e-01
    7.85126567e-01 9.11685586e-01 2.33111352e-01 7.41133869e-01
    8.31923187e-02 4.41971809e-01 4.86307085e-01 7.05953002e-01
    2.18063295e-02 7.30317831e-01 9.22011495e-01 9.27182913e-01
    2.64575481e-02 4.63268638e-01 2.07854241e-01 7.65558541e-01
    6.52912855e-02 4.19586360e-01 8.88188481e-01 9.91973281e-02
    5.27981758e-01 9.32030320e-01 3.96121174e-01 7.83958554e-01
    3.34220350e-01 9.74112689e-01 7.79011667e-01 6.15042686e-01
    9.57200229e-02 2.64598042e-01 1.69255704e-01 4.78770256e-01
    5.36339045e-01 3.33539188e-01 8.60840440e-01 2.45200247e-01
    3.75958025e-01 1.21598780e-01 3.05267811e-01 7.11805105e-01
    9.50767994e-01 9.15576279e-01 8.03228259e-01 3.86577129e-01
    1.73871517e-02 7.70432174e-01 2.49728560e-03 7.01131999e-01
    6.39964938e-01 5.47854960e-01 7.36798406e-01 1.04386270e-01
    3.64970863e-01 7.59904504e-01 6.31220996e-01 9.62321937e-01
    8.73314500e-01 8.63187134e-01 8.59691143e-01 2.56819010e-01
    8.91770124e-01 7.62031198e-01 2.88241088e-01 4.90195155e-01
    7.42646933e-01 7.85892606e-01 7.74497688e-01 6.90758109e-01
    1.95566237e-01 9.96610999e-01 2.74627686e-01 3.78439754e-01
    9.17034447e-01 3.85582268e-01 9.90531087e-01 8.83719921e-01
    6.17022753e-01 3.30737650e-01 8.28764439e-01 3.48485142e-01
    2.80054450e-01 7.99006224e-03 4.33608294e-01 4.63160276e-02
    1.69159710e-01 6.50046587e-01 3.70613545e-01 5.57980955e-01
    3.05532813e-01 1.95960224e-01 4.76118624e-02 2.05786884e-01
    6.57777488e-02 7.96881557e-01 3.75071883e-01 8.76267374e-01
    1.44839883e-02 4.23419267e-01 9.88091946e-01 7.60425210e-01
    3.09785277e-01 6.77068591e-01 8.16470087e-01 7.47474790e-01
    7.88361788e-01 3.65335524e-01 2.69682527e-01 3.05769086e-01
    8.16154480e-01 4.39069271e-02 8.11648250e-01 1.93974376e-03
    7.04144239e-01 4.28308010e-01 9.17217731e-02 7.74006367e-01
    1.94240659e-01 5.26591003e-01 6.87134922e-01 7.30855286e-01
    1.89553559e-01 5.14460325e-01 3.43703926e-02 8.62998843e-01
    8.00831079e-01 7.36439228e-01 6.77855253e-01 9.98080373e-01
    5.80142021e-01 4.72036272e-01 5.25337458e-02 5.77386022e-01
    7.25822151e-02 1.34509027e-01 7.50204563e-01 3.33636940e-01
    2.02275246e-01 7.84736753e-01 5.37048280e-02 2.14665085e-01
    6.24759376e-01 1.63266897e-01 1.78705752e-02 2.51719356e-02
    2.15960741e-02 5.54789662e-01 4.34115887e-01 5.43842435e-01
    4.39753652e-01 8.61953259e-01 1.90142989e-01 5.09258747e-01
    8.32107425e-01 9.33991253e-01 3.74941528e-01 3.76700670e-01
    8.87142897e-01 9.64302421e-01 5.29284656e-01 6.19463503e-01
    6.48655415e-01 9.79247928e-01 6.64933026e-02 7.10760295e-01
    7.55935907e-01 8.11550677e-01 5.71049511e-01 9.87897992e-01
    7.79744029e-01 1.34330064e-01 2.45638639e-01 4.72863823e-01
    9.91653442e-01 8.54395926e-01 3.14293265e-01 7.73733735e-01
    1.32159352e-01 2.00468004e-02 7.86454201e-01 6.10755622e-01
    9.04434085e-01 6.55816972e-01 6.03271902e-01 2.14072675e-01
    7.89301872e-01 7.95724928e-01 3.31932187e-01 4.06599343e-01
    8.85441422e-01 7.98026800e-01 5.61553121e-01 3.57189059e-01
    7.90402293e-01 1.01604074e-01 8.35475564e-01 4.75993752e-01
    3.68313432e-01 9.81111765e-01 3.92071009e-02 8.65786374e-01
    6.08207345e-01 4.56017077e-01 6.62604094e-01 4.85678881e-01
    1.96514666e-01 3.52849483e-01 2.82308072e-01 9.53321576e-01
    6.64926767e-01 1.27444565e-01 7.20430076e-01 4.15326059e-01
    3.46197188e-01 5.90789258e-01 3.37977767e-01 1.04969442e-02
    6.86742663e-01 8.32288206e-01 7.60187745e-01 9.44780350e-01
    4.70503598e-01 8.87709737e-01 7.45538831e-01 4.05880809e-01
    7.10148036e-01 5.08947372e-02 5.60603857e-01 1.23241484e-01
    9.61046398e-01 8.15471053e-01 8.53446007e-01 4.85056013e-01
    9.08345282e-01 8.77929211e-01 4.31632578e-01 7.11797833e-01
    7.17425346e-01 7.29111016e-01 3.96709621e-01 4.32609677e-01
    3.24877441e-01 7.48007298e-01 8.72004747e-01 1.47229582e-01
    8.39783311e-01 9.70774651e-01 6.73952699e-01 2.67223150e-01
    2.02807426e-01 8.83898020e-01 9.93609905e-01 5.81833541e-01
    7.36899793e-01 4.03563887e-01 8.96381259e-01 3.02756965e-01
    2.85622120e-01 5.90786397e-01 3.65919352e-01 3.39786708e-01
    5.35915971e-01 7.59948015e-01 9.38284039e-01 4.56579506e-01
    2.00781286e-01 6.26249433e-01 1.79770112e-01 1.15259677e-01
    5.85390270e-01 7.26426959e-01 6.15043104e-01 6.85778499e-01
    5.21316588e-01 1.42750740e-01 7.84315109e-01 6.81382418e-01
    9.53258395e-01 9.54713285e-01 7.93992162e-01 6.55352473e-02
    5.30224085e-01 7.36981273e-01 9.19686615e-01 7.98443556e-01
    4.84623373e-01 4.03049856e-01 5.48778653e-01 4.55514699e-01
    1.80657387e-01 1.00049496e-01 1.52905852e-01 8.85543704e-01
    6.58792138e-01 6.05810702e-01 1.87411219e-01 1.85484648e-01
    3.56924951e-01 7.13411927e-01 6.35381997e-01 3.72006953e-01
    9.89422560e-01 8.23214471e-01 3.51664722e-01 3.34294319e-01
    9.82751250e-01 3.18911254e-01 5.00656247e-01 1.81191802e-01
    5.04397035e-01 9.17016089e-01 4.61965799e-04 2.72434950e-02
    9.99838352e-01 2.34198272e-02 7.67495334e-02 1.15182132e-01
    9.27469373e-01 4.16561007e-01 3.72768432e-01 2.36170053e-01
    5.61917365e-01 1.07991874e-01 3.74228835e-01 3.56810749e-01
    9.40234959e-01 6.66728079e-01 1.92409277e-01 9.98231411e-01
    6.27890170e-01 3.80630642e-01 8.69684577e-01 4.60167468e-01
    2.64294654e-01 9.10560966e-01 5.19199014e-01 6.44902885e-02
    2.58160472e-01 9.91899490e-01 9.06019509e-02 3.23101223e-01
    2.72889555e-01 7.07912445e-01 6.99636996e-01 9.25871789e-01
    2.45712131e-01 5.06408095e-01 8.71652126e-01 1.41196787e-01
    8.14300776e-01 3.75213295e-01 9.43468213e-02 4.03989464e-01
    8.38298619e-01 1.42464399e-01 5.65154314e-01 5.47939539e-01
    1.34160131e-01 7.95599461e-01 2.49920845e-01 7.09515214e-01
    7.13002741e-01 2.29767710e-01 5.03270328e-01 1.83281988e-01
    3.01898837e-01 2.17760265e-01 9.84651923e-01 9.29926038e-01
    1.24030650e-01 7.61018276e-01 5.24586439e-02 5.71863770e-01
    8.14186811e-01 8.85614991e-01 2.20268518e-01 4.41903114e-01
    4.94767606e-01 2.28392541e-01 2.19425172e-01 8.05310488e-01
    7.54707098e-01 1.25169903e-01 6.72483087e-01 7.18817413e-02
    5.83139956e-01 5.45236707e-01 4.08887237e-01 9.51999426e-01
    3.53747785e-01 8.48385155e-01 9.93661880e-02 9.83200073e-01
    9.52840269e-01 7.81074643e-01 9.30416048e-01 4.85041529e-01
    7.55747795e-01 8.43891382e-01 1.39753580e-01 7.40314603e-01
    8.42762887e-01 8.57237697e-01 8.67154121e-01 6.48201764e-01
    8.19839358e-01 2.34814912e-01 5.71405828e-01 8.56716633e-01
    4.98313546e-01 7.17325330e-01 2.50266612e-01 9.30122375e-01
    4.72210199e-01 6.01046860e-01 9.60566103e-02 6.88249528e-01
    1.61496758e-01 4.95173395e-01 2.58746684e-01 8.46644819e-01
    5.28956115e-01 5.58720648e-01 2.27274001e-02 6.45389438e-01
    1.36070162e-01 7.55968213e-01 3.28641534e-02 4.81088281e-01
    1.55556023e-01 9.07662630e-01 6.18266642e-01 5.90375662e-01
    5.16636670e-02 4.89959955e-01 7.07635283e-01 5.46373427e-01
    2.98847854e-02 4.68390465e-01 5.41190982e-01 2.57273495e-01
    1.77105725e-01 5.67197025e-01 4.02073354e-01 6.61781311e-01
    3.16725999e-01 7.94957697e-01 2.18685955e-01 9.21321630e-01
    3.74614179e-01 1.22260720e-01 3.83076489e-01 6.04219854e-01
    7.68125057e-01 6.47264957e-01 2.37040520e-02 8.64428878e-01
    3.00149918e-02 6.09297335e-01 2.34845757e-01 8.35920334e-01
    2.33458012e-01 4.35318261e-01 3.16634476e-01 8.91398847e-01
    4.28135425e-01 9.40117717e-01 3.07029486e-02 7.20242441e-01
    3.48276556e-01 3.77743959e-01 9.35941815e-01 2.03202784e-01
    2.61503577e-01 6.41003907e-01 4.58151281e-01 7.37645924e-02
    9.70578372e-01 9.64993060e-01 9.81358588e-02 3.71015072e-01
    9.82019782e-01 7.77993679e-01 4.77336586e-01 9.07015085e-01
    2.50774801e-01 8.90513539e-01 9.88532186e-01 3.92390728e-01
    5.97730637e-01 6.26807749e-01 3.32655221e-01 8.74069452e-01
    8.09430540e-01 8.93770099e-01 6.47590160e-01 1.69088006e-01
    9.04573202e-02 8.93453121e-01 4.03165877e-01 7.27265596e-01
    5.12088180e-01 3.73355627e-01 8.21775913e-01 4.47673440e-01
    9.28817034e-01 6.63309455e-01 6.46421015e-01 2.05145657e-01
    3.13549638e-02 2.26477176e-01 5.61834872e-01 3.50082457e-01
    9.47418690e-01 5.07271171e-01 9.88475442e-01 5.39749444e-01
    6.79100156e-01 5.88165939e-01 8.01154852e-01 5.53624988e-01
    3.18800211e-01 4.00125563e-01 6.06442332e-01 7.76789248e-01
    7.87192941e-01 3.53943110e-02 7.91080296e-01 4.73734081e-01
    6.77553892e-01 5.18843174e-01 9.24688876e-02 1.33420527e-02
    3.76518369e-01 3.89454305e-01 1.66880041e-01 6.27012372e-01
    7.93290377e-01 8.68174195e-01 4.01077598e-01 7.98190117e-01
    8.28953266e-01 6.42363131e-02 2.39892900e-01 6.33957446e-01
    9.42824364e-01 5.16895890e-01 6.31754100e-02 4.22148585e-01
    7.44934976e-02 7.14432538e-01 1.01339012e-01 8.73165727e-01
    6.15944445e-01 4.43482637e-01 1.38187379e-01 2.19367862e-01
    4.04735267e-01 9.97545123e-01 3.67119163e-01 9.87238884e-01
    2.61442065e-01 1.45517290e-01 3.57073665e-01 4.18094844e-01
    7.43071556e-01 8.98020506e-01 7.48287559e-01 4.53027099e-01
    8.23791981e-01 4.50067371e-01 6.43113315e-01 4.63110209e-02
    1.17257804e-01 7.67175078e-01 3.04011941e-01 5.42788982e-01
    7.51744866e-01 8.51228356e-01 4.25229192e-01 2.05834955e-01
    6.09889686e-01 9.83031750e-01 3.07002425e-01 5.56852877e-01
    4.32312757e-01 3.06573808e-01 1.09747648e-02 5.81500947e-01
    9.66613591e-01 8.91855359e-02 4.59098846e-01 3.21795464e-01
    1.65201128e-01 6.33042693e-01 2.83927321e-02 1.38189465e-01
    2.12480217e-01 7.41976023e-01 8.09534907e-01 4.43771631e-01
    2.93503582e-01 7.99409032e-01 3.95580232e-02 8.56832862e-01
    9.32718933e-01 4.46601778e-01 7.07435906e-01 5.98827183e-01
    1.48486435e-01 5.44915557e-01 1.65051520e-01 3.89220357e-01
    5.37619531e-01 6.37708902e-01 3.26673985e-01 8.85713816e-01
    8.22310925e-01 2.01090783e-01 8.83007526e-01 1.73488259e-02
    9.49651957e-01 2.68658698e-02 9.76090908e-01 3.22106779e-02
    4.11277056e-01 5.06734848e-01 6.73837245e-01 2.36031324e-01
    4.92076844e-01 4.87280339e-01 9.84878123e-01 4.55115467e-01
    5.53066432e-02 3.08863521e-02 9.85636950e-01 1.84525162e-01
    1.28338635e-01 5.40380538e-01 6.06187940e-01 4.10017788e-01
    4.57632810e-01 1.18540794e-01 2.86896706e-01 3.18544239e-01
    6.80816174e-01 2.24798888e-01 4.37826246e-01 5.40136456e-01
    3.60314608e-01 5.59722245e-01 6.41323507e-01 7.20568895e-02
    6.56928062e-01 1.27062678e-01 3.49172950e-03 4.82562363e-01
    4.32176083e-01 2.04468310e-01 4.65389460e-01 3.23262691e-01
    5.79877496e-01 4.10016179e-02 9.98287678e-01 4.36809987e-01
    3.83266449e-01 1.79020464e-01 6.01229310e-01 3.05252165e-01
    1.78603977e-01 2.32458979e-01 3.29011500e-01 7.87746906e-01
    1.51238263e-01 3.05606127e-01 8.10552895e-01 1.07427835e-01
    6.80286288e-01 9.63340402e-01 4.75741297e-01 6.71959281e-01
    5.78521907e-01 4.62118894e-01 4.16459620e-01 3.81401300e-01
    6.17489219e-01 9.91100788e-01 7.77436256e-01 5.48049152e-01
    5.98037124e-01 2.62645006e-01 2.67310739e-01 1.14362776e-01
    1.62483454e-02 2.80785173e-01 2.90413201e-01 8.52026701e-01
    3.45565289e-01 9.69651043e-01 9.60884333e-01 2.15981364e-01
    9.74597573e-01 4.42221373e-01 6.17801666e-01 9.07802463e-01
    7.65400171e-01 8.62322807e-01 8.71369123e-01 4.97231841e-01
    1.04424119e-01 8.45001578e-01 5.81953824e-01 3.80076766e-01
    8.05245101e-01 7.74374008e-01 7.18575835e-01 3.01775753e-01
    4.64207262e-01 5.72806299e-01 1.08275265e-01 9.26763237e-01
    9.12030220e-01 4.09371257e-01 7.11268008e-01 9.53483284e-02
    4.76372778e-01 8.07185650e-01 4.91175950e-02 4.92997795e-01
    8.39047372e-01 3.69149297e-01 6.83315396e-01 6.80542111e-01
    7.27495790e-01 9.39927816e-01 5.72706819e-01 4.36028868e-01
    1.98340178e-01 4.59071547e-01 8.43541145e-01 7.13300824e-01
    3.56954306e-01 1.99440420e-02 4.05357391e-01 7.85314918e-01
    1.73561960e-01 5.16676426e-01 6.35055184e-01 1.66184187e-01
    7.98671246e-02 9.85109091e-01 7.70878255e-01 5.02340972e-01
    2.57657468e-02 8.31911683e-01 3.33102226e-01 9.54787552e-01
    3.76628786e-01 7.46324182e-01 6.89760804e-01 8.18660855e-01
    8.71318996e-01 6.46811724e-03 6.33482337e-01 9.96049643e-01
    5.14116645e-01 1.84770733e-01 1.34665072e-01 1.50030494e-01
    5.14105439e-01 3.90010834e-01 3.39951456e-01 8.79506588e-01
    7.98432469e-01 2.70673037e-01 3.14020216e-02 1.67817324e-01
    8.06662440e-01 6.71196342e-01 9.85824466e-01 5.27070403e-01
    3.01544607e-01 8.85413408e-01 2.90868700e-01 3.03053647e-01
    6.66304886e-01 2.49492228e-01 9.65975940e-01 7.16675222e-02
    7.64852762e-01 7.10381448e-01 3.51818591e-01 5.09282351e-01
    8.87036204e-01 6.34378195e-01 4.11155194e-01 4.06068355e-01
    1.72088593e-01 8.13067555e-01 7.61915445e-01 2.43282080e-01
    9.80810165e-01 2.14523077e-01 3.02129507e-01 4.20044392e-01
    9.60016131e-01 3.71241301e-01 8.15764189e-01 8.21028709e-01
    7.58472681e-02 7.36843407e-01 7.16107786e-02 3.96768600e-01
    1.02962345e-01 7.24317193e-01 6.44622147e-01 9.44110394e-01
    2.11374134e-01 6.26618087e-01 3.53544921e-01 4.17014271e-01
    6.36672974e-01 2.04813004e-01 8.66708755e-01 4.52310443e-01
    7.69467950e-01 1.08962953e-02 9.68258858e-01 5.59458733e-02
    9.67949986e-01 2.48951942e-01 9.35454607e-01 4.23855722e-01
    6.95992529e-01 5.46607912e-01 9.72729027e-01 8.12795162e-02
    9.55277741e-01 5.25186419e-01 7.97130466e-01 4.23895121e-01
    6.22416198e-01 7.92276144e-01 2.30614930e-01 8.84382546e-01
    4.40623105e-01 7.31941462e-01 4.50149328e-01 4.34164047e-01
    9.93711710e-01 2.00434625e-02 3.30075622e-01 6.49933577e-01
    8.86611700e-01 1.49175644e-01 6.08999431e-01 7.63550520e-01
    1.57217383e-02 8.04962397e-01 5.15222847e-01 6.64098501e-01
    2.23593891e-01 6.87537074e-01 7.20905602e-01 1.07279420e-01
    1.18221432e-01 2.79076457e-01 7.17685401e-01 5.44720590e-01
    7.10988641e-01 2.20269114e-01 6.59101844e-01 9.13102090e-01
    4.99482542e-01 8.03270936e-01 5.15176773e-01 3.56003493e-01
    4.27075833e-01 3.53108048e-01 9.46002007e-01 4.99274045e-01
    7.63964653e-02 2.52002597e-01 8.02574277e-01 8.12101305e-01
    8.71825218e-01 2.60460377e-03 5.49627125e-01 1.20904833e-01
    6.70957923e-01 5.96805274e-01 7.98888803e-01 8.72801065e-01
    5.34032404e-01 4.70023125e-01 3.63403499e-01 1.85127020e-01
    2.29565769e-01 4.69816089e-01 8.91175866e-01 9.52721357e-01
    5.05946636e-01 5.94928265e-01 4.91246134e-01 9.64895487e-01
    8.86708498e-02 2.31529176e-02 2.31242478e-02 6.51625574e-01
    2.91900218e-01 2.18738407e-01 5.08900762e-01 1.49517655e-02
    9.06890631e-01 3.80599499e-01 3.73632818e-01 5.43222129e-01
    9.20280695e-01 6.69610858e-01 7.68944502e-01 9.97065723e-01
    9.30728316e-01 9.87757921e-01 9.82979536e-01 1.30863965e-01
    9.03763115e-01 2.91690826e-01 3.82060707e-01 7.52242923e-01
    4.69149411e-01 2.07687765e-01 5.12750804e-01 5.53818643e-01
    1.17327720e-01 7.28886425e-01 5.38447618e-01 8.52035463e-01
    4.63868469e-01 1.44401848e-01 8.15471172e-01 7.38438427e-01
    9.09710884e-01 6.35621309e-01 1.48538947e-01 7.83139706e-01
    8.58500481e-01 5.40538192e-01 4.40685719e-01 2.66599953e-01
    4.75323588e-01 1.42105162e-01 8.69092941e-01 9.59552109e-01
    3.23161006e-01 6.75953865e-01 3.93908709e-01 9.29828048e-01
    3.31187963e-01 2.13579029e-01 9.52643812e-01 6.87864661e-01
    6.94073558e-01 1.94358230e-01 3.33731413e-01 8.76206160e-01
    3.22705179e-01 2.16514289e-01 9.79767144e-01 2.90700883e-01
    4.43129003e-01 9.63557780e-01 6.83032990e-01 1.97472453e-01
    3.08428466e-01 8.65696907e-01 2.45172322e-01 4.39622402e-02
    6.70636535e-01 7.96269536e-01 4.03494239e-02 9.56159532e-02
    5.70733905e-01 7.66053200e-02 9.29767728e-01 1.47778869e-01
    1.54940337e-01 8.26481938e-01 5.75133920e-01 9.24710929e-01
    4.32035029e-02 4.73798484e-01 5.79003572e-01 5.89649677e-01
    5.75438917e-01 1.09614581e-01 5.22057414e-01 5.22404552e-01
    8.22266459e-01 4.95533168e-01 5.02979934e-01 9.89808679e-01
    7.50156164e-01 1.96648091e-01 2.44483650e-02 8.47379208e-01
    5.57348609e-01 1.06467903e-01 2.43297845e-01 9.28909004e-01
    6.39381170e-01 5.47338009e-01 8.93631637e-01 4.81646717e-01
    5.57587087e-01 9.33420062e-01 4.03195560e-01 4.95918810e-01
    8.59804034e-01 6.57173753e-01 3.38931918e-01 8.56300712e-01
    9.95558381e-01 9.05196071e-02 5.63884318e-01 9.61586118e-01
    8.23885202e-01 9.88752484e-01 4.75735098e-01 7.02755094e-01
    2.67647505e-01 6.61953568e-01 3.32613587e-02 7.61857986e-01
    4.36516613e-01 1.09242350e-01 3.97156328e-01 2.92948276e-01
    3.08602959e-01 1.24647856e-01 5.31894326e-01 9.96297538e-01
    7.51085162e-01 4.48393524e-02 6.53214753e-02 4.65718657e-01
    1.35852486e-01 2.07270801e-01 2.19752401e-01 4.40256149e-01
    7.08131850e-01 7.19107032e-01 7.07294345e-01 9.20413256e-01
    4.40257967e-01 1.52173519e-01 2.00733244e-01 9.39019024e-02
    9.85519707e-01 5.07488430e-01 4.57347274e-01 3.34014475e-01
    6.54768944e-03 4.51763541e-01 6.42311692e-01 6.09457493e-03
    1.54943913e-01 5.46054065e-01 5.80920279e-01 7.70815015e-01
    7.17514753e-02 3.57479513e-01 6.54174507e-01 6.45806074e-01
    7.17752695e-01 5.06249189e-01 6.05563164e-01 7.34727561e-01
    9.23835397e-01 5.51907480e-01 6.72386289e-01 3.45616519e-01
    9.51080620e-02 9.93889332e-01 1.03151411e-01 8.88672709e-01
    5.72677612e-01 4.82515901e-01 8.54923129e-01 2.77504534e-01
    3.80594790e-01 4.44776297e-01 5.35141885e-01 4.30045694e-01
    1.16492629e-01 9.04212415e-01 3.89543235e-01 1.98055416e-01
    2.39005446e-01 2.93178439e-01 8.57859075e-01 3.13156962e-01
    8.62647414e-01 4.28842306e-02 4.21108931e-01 8.72083783e-01
    3.46201956e-02 4.99582171e-01 1.26588672e-01 4.40642267e-01
    6.63325787e-01 8.04810703e-01 6.85748816e-01 9.13539648e-01
    9.80063915e-01 8.52310479e-01 3.85973155e-02 6.48561954e-01
    6.27630472e-01 1.20617449e-02 3.42136204e-01 4.50715125e-02
    3.63980621e-01 5.53793907e-02 2.64835864e-01 1.04234487e-01
    8.65779042e-01 4.26498562e-01 9.13812160e-01 9.93888497e-01
    9.48113501e-02 9.23877120e-01 8.62505376e-01 5.60189426e-01
    2.53714621e-01 6.21500432e-01 8.20896685e-01 3.54957104e-01
    3.48128259e-01 7.11155176e-01 5.92304111e-01 3.34511280e-01
    4.38950300e-01 3.48378897e-01 8.78635645e-01 9.27309453e-01
    1.34263128e-01 3.27690482e-01 4.18003768e-01 6.47402883e-01
    7.67883122e-01 6.30299807e-01 9.03531790e-01 8.50743651e-01
    2.94436246e-01 8.67313504e-01 4.69332516e-01 9.32782650e-01
    9.42241609e-01 3.96208882e-01 2.41050124e-02 6.84209883e-01
    2.13571727e-01 9.33084071e-01 8.33875537e-01 9.65587497e-01
    3.30568135e-01 5.24675846e-01 9.02367234e-01 1.63620532e-01
    2.36487567e-01 2.58573771e-01 7.78978407e-01 7.25982726e-01
    7.33395398e-01 7.09502101e-02 8.89431953e-01 6.83588862e-01
    1.04469866e-01 5.17436445e-01 3.55687648e-01 8.55076075e-01
    5.99708557e-01 3.24130177e-01 1.40159220e-01 4.93587196e-01
    6.40917182e-01 6.62246823e-01 8.57262373e-01 2.15351582e-02
    6.72132373e-01 8.83403301e-01 9.70788002e-01 3.37856472e-01
    4.72599387e-01 8.23240757e-01 2.58265495e-01 9.46389794e-01
    1.75802976e-01 6.44935668e-02 2.99170732e-01 1.33755058e-01
    3.45821559e-01 8.81633282e-01 1.36002362e-01 2.42224902e-01
    2.74127215e-01 5.99513888e-01 5.09585023e-01 3.75068218e-01
    4.31866825e-01 9.15334284e-01 5.48288226e-02 6.12522781e-01
    4.58210707e-01 4.54055309e-01 4.28676993e-01 7.23761916e-02
    5.08858860e-02 1.12242460e-01 7.56251752e-01 3.78718227e-01
    4.37405676e-01 9.53482628e-01 3.59421492e-01 7.87840366e-01
    2.70561188e-01 8.43317866e-01 6.30280375e-03 8.71952057e-01
    6.69666171e-01 5.00823677e-01 2.27375060e-01 7.26317465e-01
    8.37681890e-02 8.13730836e-01 7.80067265e-01 8.15345705e-01
    3.92669618e-01 3.33231688e-02 6.01525068e-01 1.12251967e-01
    8.67038965e-02 5.97843468e-01 4.67866689e-01 3.54158461e-01
    2.58670300e-01 8.28095198e-01 9.57392693e-01 8.07760477e-01
    2.65782833e-01 3.54235500e-01 9.99940872e-01 2.16376603e-01
    3.05628866e-01 8.51824284e-01 8.19619715e-01 9.49408710e-01
    8.74065161e-01 6.70130014e-01 2.74538875e-01 9.16462898e-01
    7.58544922e-01 5.05374551e-01 3.80694985e-01 2.21468955e-01
    7.77525425e-01 3.39216679e-01 1.48663759e-01 1.62206978e-01
    4.89931047e-01 2.71512687e-01 7.73684025e-01 5.01291156e-01
    6.24432027e-01 4.43324983e-01 6.55241489e-01 2.00406522e-01
    4.87863153e-01 9.65096295e-01 4.81172174e-01 4.80721593e-02
    4.05371189e-03 7.94947147e-03 5.77934265e-01 2.56896675e-01
    4.31516796e-01 1.96155071e-01 4.46569920e-02 8.29056084e-01
    6.60729349e-01 5.07132649e-01 6.74877644e-01 6.01721466e-01
    8.94234180e-01 7.80958772e-01 8.68651628e-01 7.35849082e-01
    4.46443081e-01 3.58485967e-01 5.25880754e-01 9.61670518e-01
    9.68366385e-01 5.62431633e-01 6.96082234e-01 9.03170109e-01
    8.55414569e-02 4.46954310e-01 9.49805856e-01 1.56499773e-01
    9.35881257e-01 2.08029836e-01 6.37806654e-01 4.14991707e-01
    7.21697927e-01 4.40170795e-01 1.70323610e-01 2.86693752e-01
    9.40070570e-01 3.40844214e-01 1.90838337e-01 7.45830238e-01
    8.46165240e-01 7.11166084e-01 1.76991910e-01 9.64067101e-01
    5.71449041e-01 7.41035640e-01 2.37836629e-01 4.39746708e-01
    8.26290846e-02 7.40362287e-01 6.92315757e-01 7.61144102e-01
    7.80139267e-01 9.93617415e-01 2.80423760e-01 9.15755272e-01
    8.31360638e-01 9.35478568e-01 3.72406393e-01 5.44546485e-01
    6.05916381e-01 6.87221766e-01 6.58394694e-01 7.49644935e-01
    5.93438089e-01 4.47989553e-01 7.28250146e-01 5.83898306e-01
    3.97143871e-01 1.56542003e-01 1.61184639e-01 6.99657917e-01
    5.76253057e-01 4.03938264e-01 4.31916505e-01 3.83970588e-01
    6.48551464e-01 1.08854353e-01 3.92948151e-01 4.08362150e-02
    8.94266903e-01 2.27746665e-02 8.99556994e-01 7.17101336e-01
    1.99794173e-01 8.38795424e-01 6.67940974e-01 5.77883065e-01
    1.72617406e-01 6.41426325e-01 8.16576958e-01 9.74783301e-01
    4.70187664e-01 6.36091352e-01 5.19456983e-01 2.19978601e-01
    4.02499408e-01 8.35767984e-02 4.69787478e-01 9.60457444e-01
    9.31581140e-01 7.46683240e-01 5.25007427e-01 7.63258576e-01
    7.38518536e-01 7.94239283e-01 4.23405886e-01 7.93525577e-01
    9.95146394e-01 5.57843566e-01 7.86026239e-01 8.77038777e-01
    6.72867656e-01 1.35576218e-01 1.53472692e-01 6.44558489e-01
    3.86293530e-02 7.85252452e-02 3.18834126e-01 4.94863838e-01
    9.90402997e-01 1.89447820e-01 8.48716795e-01 3.73646915e-02
    8.40598285e-01 7.60615408e-01 4.55901980e-01 9.86699462e-01
    9.11594033e-01 1.92189932e-01 8.38762760e-01 1.23791695e-01
    3.56749177e-01 7.09472179e-01 6.20515704e-01 1.55911893e-01
    2.75466412e-01 2.19669759e-01 7.16908514e-01 9.93340015e-01
    5.36491513e-01 4.79910582e-01 9.82780457e-02 4.10855055e-01
    7.20635056e-02 4.33065355e-01 5.85299671e-01 6.80685639e-02
    5.48930764e-01 4.16234493e-01 2.91242003e-01 8.40248227e-01
    2.46129602e-01 7.11129546e-01 5.71020424e-01 6.66953802e-01
    3.04406345e-01 4.24372524e-01 3.96487415e-01 8.51134837e-01
    2.57430792e-01 1.50099486e-01 9.92971659e-01 1.15924269e-01
    1.99621290e-01 3.20549458e-01 7.64793158e-03 7.06231534e-01
    1.60739452e-01 9.62057412e-01 4.85675007e-01 9.07384396e-01
    3.31054002e-01 7.29936421e-01 4.94220078e-01 9.17635918e-01
    3.47440332e-01 4.02278483e-01 2.47391999e-01 2.82386184e-01
    6.69140816e-01 6.63410008e-01 4.70919102e-01 1.52268201e-01
    6.50942624e-02 8.20894420e-01 8.00088048e-01 8.38786483e-01
    9.29618061e-01 2.70604551e-01 9.59997594e-01 4.65448260e-01
    8.02736282e-01 9.75583494e-02 4.11417037e-01 4.93657917e-01
    9.29515243e-01 9.73449588e-01 4.98518050e-02 1.49256885e-02
    6.50045574e-01 5.28576732e-01 8.43650937e-01 8.97328138e-01
    1.53062254e-01 5.57810009e-01 6.00133121e-01 8.45835686e-01
    8.96469533e-01 2.53561527e-01 6.12851381e-01 7.90623426e-01
    6.84725344e-01 1.54444605e-01 8.36303473e-01 2.13120371e-01
    4.25076306e-01 1.47869617e-01 6.81906939e-03 5.85716009e-01
    4.15677696e-01 9.92011130e-01 6.16445720e-01 7.67751813e-01
    1.58825964e-01 5.22211611e-01 4.88902301e-01 2.63063014e-01
    4.63026762e-01 2.91612804e-01 2.94012249e-01 4.13150460e-01
    1.69811547e-02 7.19498456e-01 8.19295406e-01 5.40398061e-02
    3.94410700e-01 6.86722875e-01 3.64456415e-01 9.10361409e-01
    5.11098385e-01 9.12351370e-01 7.40461588e-01 5.49204350e-01
    5.71053267e-01 5.47927856e-01 7.29102612e-01 1.38347954e-01
    5.44785142e-01 8.50463808e-01 7.14450300e-01 4.25439805e-01
    5.61387777e-01 9.57344294e-01 1.27164483e-01 4.47690755e-01
    1.84483021e-01 7.60615706e-01 9.39220667e-01 3.51948112e-01
    4.43672448e-01 7.67045915e-02 4.94117439e-01 2.73830980e-01
    9.44268703e-01 6.13068461e-01 4.79295284e-01 1.15519702e-01
    5.39038062e-01 2.41346240e-01 7.47763157e-01 4.75923538e-01
    3.01111221e-01 1.49139166e-02 3.54441047e-01 3.19566846e-01
    4.16187942e-01 8.40759277e-01 5.71862757e-01 2.46864229e-01
    5.44137359e-01 9.84253824e-01 3.98663014e-01 7.07455993e-01
    9.94545937e-01 2.46686965e-01 7.89498508e-01 1.92278057e-01
    4.10630763e-01 3.65163684e-01 7.86395490e-01 9.62345719e-01
    9.00486410e-02 5.95844805e-01 9.95367765e-01 8.47190976e-01
    5.62382698e-01 3.59471738e-01 9.55870271e-01 6.60549760e-01
    5.06163001e-01 9.97168303e-01 7.13870764e-01 2.88983762e-01
    3.28826457e-01 3.94537032e-01 9.63893533e-01 5.48772216e-01
    3.21275055e-01 8.97724092e-01 6.04755521e-01 6.12146258e-01
    6.89883888e-01 5.64835191e-01 6.15775824e-01 2.76363611e-01
    7.40696549e-01 4.79784340e-01 8.68980885e-01 8.75842571e-01
    8.73908103e-02 1.94185853e-01 1.88669503e-01 7.60782599e-01
    3.28034043e-01 3.99600923e-01 2.28770643e-01 9.58653748e-01
    3.78223777e-01 4.46320474e-01 2.94598877e-01 6.39519095e-02
    7.59148836e-01 5.21427393e-02 8.20335150e-02 9.61895585e-01
    1.04553998e-02 5.61026812e-01 6.63571894e-01 2.24560678e-01
    9.28422451e-01 1.81613773e-01 2.92141318e-01 4.14560735e-01
    1.07071787e-01 1.68122739e-01 5.76936722e-01 1.90674335e-01
    3.86880875e-01 9.71595049e-02 7.04614103e-01 6.30183518e-01
    8.85353088e-01 5.19857943e-01 9.45097208e-03 4.95488971e-01
    5.10040522e-01 5.02295494e-01 5.15123546e-01 7.38924563e-01
    8.14688802e-01 5.29391408e-01 2.57234573e-02 6.05710745e-01
    8.53457212e-01 4.39040810e-01 1.41910911e-01 7.66857386e-01
    8.65326166e-01 1.29248142e-01 9.21554565e-01 6.31275058e-01
    5.76985598e-01 5.85025012e-01 9.11967754e-02 2.94648558e-01
    6.75030351e-01 5.80569804e-01 7.06139445e-01 9.81603026e-01
    2.75676578e-01 8.02922249e-01 4.71310705e-01 7.20408201e-01
    2.74103999e-01 2.28073716e-01 2.30697840e-01 4.53613520e-01
    1.70020700e-01 7.90262401e-01 9.38655138e-01 3.16757590e-01
    5.05390763e-01 6.36619031e-01 4.47609901e-01 9.51783776e-01
    9.15916741e-01 3.49350572e-02 1.20309561e-01 4.93804723e-01
    6.20054007e-01 3.33153963e-01 6.70456171e-01 2.48703063e-01
    1.64106339e-01 7.09562302e-02 9.19521511e-01 3.46729100e-01
    5.24737537e-01 3.57613266e-02 3.76799315e-01 1.33141309e-01
    4.10139292e-01 4.39474761e-01 2.78842866e-01 6.37736380e-01
    4.98175293e-01 4.27519739e-01 3.76878172e-01 2.15537578e-01
    8.66836786e-01 1.42491281e-01 4.14749831e-01 3.68913203e-01
    5.68493545e-01 6.42042518e-01 9.35930252e-01 4.55084831e-01
    4.64339882e-01 3.08743894e-01 5.42147815e-01 9.05651093e-01
    9.66375172e-02 1.72580361e-01 5.00915170e-01 3.16128433e-02
    2.31085807e-01 1.66756988e-01 7.45893359e-01 7.33644366e-01
    8.21394086e-01 8.47610950e-01 8.69526386e-01 6.18012190e-01
    2.54580796e-01 1.77103996e-01 4.15660292e-01 3.26741397e-01
    4.47169542e-02 2.27980614e-01 7.04209864e-01 8.33941042e-01
    8.62837672e-01 4.80993897e-01 8.92434716e-02 7.81343341e-01
    4.81862575e-01 6.05714023e-02 9.92799461e-01 2.17842370e-01
    1.85380816e-01 1.77711189e-01 3.27890813e-02 4.56899554e-01
    2.30581552e-01 9.30663824e-01 5.43884277e-01 1.63910061e-01
    8.72913778e-01 5.32282054e-01 6.98375821e-01 7.84285665e-02
    4.04579967e-01 6.64901078e-01 6.33981943e-01 2.72017181e-01
    4.88388836e-01 4.21808302e-01 9.39025581e-01 9.46125031e-01
    3.03124011e-01 6.58610702e-01 2.70277828e-01 4.22295749e-01
    2.80210674e-01 2.64829189e-01 9.84177351e-01 3.01231027e-01
    3.12218249e-01 8.52829099e-01 4.08778012e-01 4.51607525e-01
    1.58751011e-02 5.29478192e-01 8.86443257e-03 8.27017188e-01
    5.63352108e-01 6.56952381e-01 2.04350650e-01 3.36450458e-01
    9.75157201e-01 9.61347461e-01 1.39519364e-01 4.95487243e-01
    4.24675435e-01 4.55977947e-01 3.25646043e-01 1.43575668e-03
    9.49285030e-02 2.34695494e-01 9.44647253e-01 6.31069183e-01
    3.41543019e-01 8.56984854e-02 6.11962318e-01 2.88931489e-01
    8.40189874e-01 4.15335894e-01 5.31800628e-01 7.41265714e-02
    8.67420256e-01 8.37319970e-01 7.44633973e-01 5.58209717e-01
    2.17013657e-01 7.63677657e-01 2.58852571e-01 1.58937186e-01
    6.65913820e-01 5.40602922e-01 9.70559776e-01 1.04379177e-01
    3.97203982e-01 6.72361910e-01 5.61773181e-01 5.64148426e-02
    5.77565730e-01 7.87683368e-01 7.86390007e-02 1.14090115e-01
    2.86839217e-01 3.18209529e-01 4.38105375e-01 2.86573946e-01
    2.12268889e-01 3.07290912e-01 1.26618683e-01 3.46565843e-01
    1.41884595e-01 9.35631156e-01 1.15689635e-03 2.34321058e-01
    3.38752270e-01 6.21130526e-01 1.43136710e-01 6.99303210e-01
    9.18807983e-02 5.56664228e-01 3.15732300e-01 1.72793061e-01
    1.98845059e-01 8.77455175e-01 8.71761560e-01 6.50819123e-01
    3.82371902e-01 7.85458565e-01 5.73073924e-01 1.04862839e-01
    7.18396187e-01 1.57856017e-01 1.70456916e-01 7.82102942e-01
    8.22318912e-01 7.66211152e-01 5.13162911e-02 9.53174233e-01
    8.72922063e-01 2.02599227e-01 6.77956223e-01 1.05583787e-01
    6.95019960e-01 7.84346461e-03 1.85371757e-01 4.60583597e-01
    5.58939576e-01 7.75530934e-01 9.73307967e-01 5.03621638e-01
    4.97209430e-02 3.06683660e-01 8.23171914e-01 1.72868162e-01
    2.79499054e-01 5.02534747e-01 4.49107170e-01 8.40874493e-01
    7.73949742e-01 8.75682354e-01 6.16120875e-01 2.96057343e-01
    5.40748775e-01 5.63824832e-01 6.50482774e-01 3.90687466e-01
    8.30200672e-01 5.75420856e-01 7.74153829e-01 3.60445112e-01
    2.81119823e-01 9.85301673e-01 7.05340207e-02 7.76455998e-01
    7.22443819e-01 7.44530201e-01 9.66924131e-02 8.47197294e-01
    6.93450153e-01 6.47189021e-01 5.35517752e-01 6.89466894e-01
    7.60323644e-01 4.02833372e-01 5.15560627e-01 4.21207547e-01
    5.27604818e-02 4.47002798e-01 8.91751409e-01 1.41282380e-02
    4.24493551e-01 8.48604202e-01 5.38175881e-01 9.51383352e-01
    5.95580935e-01 9.86261606e-01 9.58597064e-01 8.82715344e-01
    8.70572567e-01 7.96116292e-01 7.01092780e-01 8.47541094e-01
    8.86948049e-01 7.26369262e-01 2.20519006e-01 2.70641327e-01
    6.51627660e-01 5.62156975e-01 7.87976921e-01 9.72397089e-01
    4.32229787e-01 2.86351442e-01 5.33171237e-01 1.99282467e-01
    9.22640264e-02 8.96501541e-01 8.79017591e-01 3.20096999e-01
    6.68892562e-02 9.30572450e-02 1.68888062e-01 1.44890666e-01
    8.94820929e-01 2.77392209e-01 6.54308200e-01 8.26955438e-01
    7.88297117e-01 8.48915279e-01 3.54596019e-01 4.47650254e-01
    9.44137573e-01 4.18098927e-01 6.26538694e-02 5.41962862e-01
    7.12864757e-01 4.95727837e-01 4.39439893e-01 2.10106432e-01
    6.48847520e-01 5.51859856e-01 5.52181900e-02 9.80423570e-01
    7.92462945e-01 5.29303253e-02 6.00964665e-01 3.29066783e-01
    1.91707820e-01 6.40902758e-01 3.54919851e-01 3.32304120e-01
    1.85545921e-01 5.05250692e-03 2.59013832e-01 7.12197602e-01
    8.39526594e-01 5.37617505e-02 1.53829724e-01 2.63391376e-01
    3.73552978e-01 6.11965060e-01 1.68541312e-01 5.38636744e-01
    5.31250715e-01 6.38193846e-01 6.88431382e-01 8.24469090e-01
    6.55794442e-01 1.14751488e-01 2.70553529e-01 8.87513518e-01
    2.56401896e-01 3.30610722e-01 5.39402962e-01 8.62899661e-01
    9.70406890e-01 4.63595092e-01 4.23026681e-02 5.14544010e-01
    7.27057755e-02 9.93935704e-01 7.45702744e-01 7.24039197e-01
    7.49428570e-02 6.08836949e-01 2.31228471e-01 3.38704824e-01
    3.73825133e-02 5.91227531e-01 1.32740766e-01 3.79590660e-01
    8.72316658e-02 5.48472226e-01 6.69710398e-01 4.83394206e-01
    6.82742476e-01 7.84781098e-01 5.60027242e-01 8.95466089e-01
    5.89389205e-02 1.68090045e-01 9.00634289e-01 7.08424151e-02
    7.43247569e-02 3.73155057e-01 8.60947371e-02 5.99300981e-01
    2.73312569e-01 4.58283722e-02 1.10552847e-01 7.12342620e-01
    3.92324924e-01 3.25843096e-02 1.99181855e-01 3.77108276e-01
    5.08357108e-01 1.59976989e-01 8.92640531e-01 8.99020255e-01
    4.25666511e-01 6.24984980e-01 6.73138857e-01 1.93594724e-01
    7.40083456e-01 8.03378105e-01 5.17593861e-01 6.23032451e-01
    8.48656297e-02 1.32353723e-01 3.36924553e-01 5.17456532e-02
    8.24147165e-01 7.50910759e-01 9.30193603e-01 6.35651946e-01
    3.76788437e-01 4.05828059e-01 9.81242716e-01 2.42721826e-01
    4.05989200e-01 9.78716850e-01 4.29332674e-01 5.42612195e-01
    5.38842142e-01 7.16080189e-01 3.35296541e-01 8.48466754e-02
    9.32587385e-01 2.58605778e-02 4.90122497e-01 9.00688469e-01
    9.13618088e-01 1.30149812e-01 9.13334250e-01 5.57970166e-01
    1.31775886e-01 3.28792036e-01 4.02971506e-01 1.64536297e-01
    2.88025796e-01 7.98029304e-02 6.45359814e-01 8.61445069e-03
    2.42566973e-01 1.56165630e-01 2.45374143e-02 6.99659348e-01
    9.62303936e-01 8.90435398e-01 7.07681417e-01 7.33046949e-01
    5.83518088e-01 5.66990554e-01 7.91083336e-01 9.21916842e-01
    5.76106787e-01 1.79244190e-01 7.48175621e-01 8.44739258e-01
    7.27955401e-02 5.11374354e-01 2.66180336e-02 5.54058731e-01
    3.92396390e-01 5.46136439e-01 5.77953994e-01 3.41017663e-01
    4.33376074e-01 3.07301998e-01 3.05373251e-01 6.01574063e-01
    6.36136353e-01 2.52164245e-01 6.68335140e-01 1.49448484e-01
    1.42844081e-01 1.96678042e-02 3.52410078e-02 4.49755192e-01
    7.73550808e-01 7.60893404e-01 3.12631071e-01 9.08407211e-01
    8.18868220e-01 4.44462776e-01 9.51697469e-01 2.03184158e-01
    2.00256705e-02 5.63224554e-01 2.10415095e-01 6.29143000e-01
    4.50750202e-01 8.34486663e-01 1.61295325e-01 4.63658243e-01
    5.66207767e-01 4.83152777e-01 7.80925632e-01 5.87006927e-01
    2.81227499e-01 6.83067203e-01 3.27944875e-01 3.33172143e-01
    3.34673643e-01 5.79375327e-02 7.08245039e-02 5.79977632e-01
    2.22786069e-01 7.83570886e-01 1.33103728e-01 5.23872077e-02
    7.22551942e-01 4.05101657e-01 1.49156988e-01 7.02282071e-01
    4.08182561e-01 1.27687275e-01 2.63973266e-01 1.38778120e-01
    8.48138094e-01 3.28730643e-01 5.16763568e-01 6.96476161e-01
    5.84270000e-01 6.75166965e-01 4.29897428e-01 5.46903551e-01
    3.20516706e-01 2.86152422e-01 2.77514964e-01 9.47269797e-01
    1.02728128e-01 5.21707237e-02 8.79055083e-01 9.11080062e-01
    6.89357638e-01 2.39001870e-01 2.16132671e-01 3.65540385e-01
    8.25234830e-01 4.73092318e-01 2.32528150e-01 5.34850419e-01
    1.60724014e-01 6.05240762e-02 1.43608332e-01 5.13000667e-01
    7.24910855e-01 5.84053993e-01 9.58384037e-01 7.65186012e-01
    2.33775109e-01 2.01854676e-01 9.19032812e-01 4.52730030e-01
    5.93104482e-01 1.64324343e-01 4.13100451e-01 2.11219519e-01
    3.39881718e-01 7.37777472e-01 9.41715240e-02 3.67004126e-01
    9.91374969e-01 3.34348530e-01 1.34252340e-01 7.85441041e-01
    8.44778657e-01 4.68312413e-01 6.70080900e-01 6.72287643e-02
    7.59379327e-01 1.76991850e-01 2.78690636e-01 3.92459273e-01
    2.60084182e-01 4.54720318e-01 4.59658533e-01 4.45298553e-01
    5.81434608e-01 3.78830582e-01 2.46173888e-01 2.02556342e-01
    2.82475889e-01 7.28718042e-01 7.60323405e-01 4.49808240e-01
    1.18308514e-01 8.46612811e-01 5.77646673e-01 7.97488987e-01
    3.35449100e-01 3.95897090e-01 6.40316010e-02 9.05219316e-01
    6.72451079e-01 7.43311048e-01 1.08937413e-01 1.88579947e-01
    5.29855072e-01 6.59405708e-01 3.48677278e-01 6.04567230e-02
    2.58377314e-01 4.40408528e-01 4.45522964e-01 9.75826263e-01
    6.15894496e-01 9.92178380e-01 1.36560440e-01 9.47265744e-01
    8.57694924e-01 4.07421201e-01 8.59752059e-01 2.29856044e-01
    8.37729931e-01 8.20223570e-01 2.68236011e-01 1.69051737e-01
    3.88747752e-01 7.04101920e-02 2.23944902e-01 9.84927893e-01
    7.38589585e-01 9.41668034e-01 2.41216123e-02 3.50827396e-01
    8.71056974e-01 6.57411635e-01 6.01829588e-01 9.73475814e-01
    1.02233559e-01 3.02163422e-01 2.58946657e-01 9.50849950e-01
    9.93825734e-01 8.87222826e-01 2.04651177e-01 7.70671844e-01
    5.01499295e-01 5.60880840e-01 2.08089679e-01 6.56900883e-01
    9.91724849e-01 5.76100111e-01 9.07522678e-01 1.66425854e-01
    5.28960526e-01 1.30351871e-01 5.90053201e-01 7.32829452e-01
    4.74405795e-01 6.44631684e-02 8.56624246e-01 2.37062573e-03
    4.70743388e-01 7.23220646e-01 2.98563600e-01 3.63517284e-01
    6.03220463e-01 2.17923880e-01 1.94743186e-01 1.20191038e-01
    7.36508369e-02 5.71295798e-01 5.87375760e-01 7.13054001e-01
    1.40442818e-01 3.68170798e-01 1.08091116e-01 6.60597682e-01
    9.96705115e-01 3.31092536e-01 9.53728437e-01 1.68564379e-01
    9.06487703e-01 2.96697766e-01 1.84934318e-01 8.09438467e-01
    4.25502598e-01 2.01167703e-01 6.97310269e-01 2.28505790e-01
    1.37815118e-01 9.89096940e-01 4.74606931e-01 9.76391792e-01
    3.44643623e-01 2.83809841e-01 3.53822351e-01 8.34447384e-01
    6.20413601e-01 5.22803903e-01 8.72253060e-01 6.03216827e-01
    3.01851541e-01 6.65912926e-01 9.36835647e-01 3.79678428e-01
    4.04723376e-01 5.72110057e-01 4.55211401e-02 4.04715538e-05
    9.41461563e-01 5.98324597e-01 6.61198795e-01 9.65192139e-01
    8.29662800e-01 9.53285813e-01 8.17094445e-01 3.44237208e-01
    3.51685584e-01 1.87559724e-02 1.49279833e-02 7.89289117e-01
    2.22807467e-01 4.85053867e-01 6.56906247e-01 6.66547775e-01
    9.74539161e-01 8.34603667e-01 7.83011436e-01 1.23485029e-02
    3.85189861e-01 5.94678521e-03 1.21176660e-01 9.24234331e-01
    3.29056948e-01 4.38389033e-01 1.93549305e-01 4.41778451e-01
    3.31193447e-01 6.11482084e-01 5.12546420e-01 3.00964475e-01
    5.95743716e-01 5.04804015e-01 5.12816906e-01 1.93582535e-01
    8.57884645e-01 4.12163913e-01 9.06889200e-01 3.99304688e-01
    3.73775721e-01 3.77299637e-01 3.10579747e-01 7.22319722e-01
    4.11154181e-01 9.49619412e-01 8.82655621e-01 6.14283681e-01
    3.44664514e-01 2.95584500e-01 7.88393140e-01 3.74646723e-01
    8.85512590e-01 3.17858696e-01 6.44765556e-01 8.60878766e-01
    6.95093811e-01 8.25646996e-01 6.78179026e-01 3.47307980e-01
    5.77228725e-01 3.50879788e-01 4.49195147e-01 9.48766112e-01
    6.90705895e-01 8.53611946e-01 4.58707333e-01 9.45069134e-01
    3.21865082e-02 2.19643235e-01 9.03109550e-01 2.07630873e-01
    4.72162426e-01 5.64849615e-01 3.80272329e-01 9.38290477e-01
    4.33390230e-01 1.76524013e-01 9.95718658e-01 2.42418170e-01
    2.70407438e-01 7.09586442e-01 4.09491807e-01 5.07978439e-01
    1.84641331e-01 8.81159127e-01 4.34946895e-01 1.20180696e-01
    4.68917847e-01 8.02222252e-01 6.97800398e-01 1.41544133e-01
    5.34039199e-01 5.61914265e-01 7.32026339e-01 4.29116577e-01
    4.89788324e-01 4.88166273e-01 7.73767233e-02 9.87775564e-01
    4.43868458e-01 3.37220609e-01 1.16845399e-01 9.31079805e-01
    8.67002308e-01 6.76282644e-01 9.78812516e-01 5.48314273e-01
    7.46528268e-01 8.38683844e-01 2.86609828e-01 1.13148212e-01
    5.90570986e-01 1.41005546e-01 9.50451493e-01 1.28121227e-01
    5.08727610e-01 8.82261097e-02 1.36909634e-01 6.03816330e-01
    7.28984356e-01 3.11691612e-01 3.78072262e-02 4.50927466e-01
    7.59358704e-01 6.67108893e-01 5.43851495e-01 8.16453338e-01
    2.85562158e-01 4.84858811e-01 8.85418534e-01 7.94277191e-01
    1.66418284e-01 9.44366574e-01 8.96569729e-01 9.34446752e-01
    3.02160263e-01 8.80993724e-01 3.50938380e-01 1.09160215e-01
    2.96223044e-01 6.34544253e-01 8.78316641e-01 3.81748736e-01
    2.65194893e-01 5.98024666e-01 6.65548861e-01 9.11468565e-01
    2.20740348e-01 7.19197631e-01 1.12357587e-01 4.09719288e-01
    6.11028552e-01 4.13764089e-01 3.56290579e-01 4.32193369e-01
    1.30390733e-01 2.67097294e-01 5.23373544e-01 3.15592527e-01
    6.26660347e-01 6.84295595e-02 3.01368386e-01 7.88251877e-01
    8.00083637e-01 3.94852221e-01 9.36969757e-01 6.86248899e-01
    2.38054425e-01 8.94238710e-01 7.06534386e-01 7.98486948e-01
    9.29353356e-01 1.22148097e-02 5.73787928e-01 2.62842953e-01
    7.81483054e-01 5.20770371e-01 1.54700071e-01 6.98883295e-01
    4.54897881e-01 4.74575460e-02 7.09785938e-01 8.34931135e-01
    8.96906972e-01 2.29462326e-01 1.98024541e-01 4.01776314e-01
    6.09437823e-02 5.25004447e-01 1.70275360e-01 2.35866308e-02
    5.59535027e-01 7.38340020e-01 1.09991878e-01 7.14629829e-01
    1.92725062e-01 5.54301023e-01 1.86788410e-01 9.40190554e-01
    6.37661517e-02 8.83745253e-02 9.03746486e-02 8.36000741e-02
    3.73665005e-01 2.31317878e-02 7.68461168e-01 9.34501767e-01
    1.37934923e-01 5.71674883e-01 9.94674563e-01 5.37383080e-01
    6.69092536e-01 7.40999460e-01 9.46128190e-01 9.93898988e-01
    5.85495114e-01 9.29890394e-01 6.09293818e-01 7.14096129e-01
    5.91089129e-01 7.00819731e-01 3.59263122e-02 3.98945808e-02
    4.61509973e-01 5.69776893e-02 5.54136515e-01 6.36498094e-01
    8.00907373e-01 9.35011148e-01 5.36553621e-01 8.20063472e-01
    4.24048483e-01 4.89302456e-01 3.73632312e-01 6.96740627e-01
    5.22949934e-01 5.45481682e-01 4.64511901e-01 1.05466843e-01
    8.39845300e-01 7.43604958e-01 5.45797050e-01 6.91120505e-01
    9.83351707e-01 7.07811117e-03 6.24533296e-02 2.87124127e-01
    8.19874704e-01 2.93796688e-01 8.84010673e-01 6.91836357e-01
    1.07532442e-01 5.97072959e-01 6.68384075e-01 2.21163690e-01
    6.43504679e-01 4.78751481e-01 4.54236150e-01 1.45059526e-02
    6.19324028e-01 7.84795403e-01 6.82794452e-01 7.74602532e-01
    4.95317996e-01 2.81263590e-02 3.07963371e-01 6.99825883e-01
    1.38274312e-01 6.30074263e-01 4.16362911e-01 4.74752486e-02
    5.15256405e-01 2.12018460e-01 8.21103096e-01 1.72278672e-01
    4.65045333e-01 6.86213613e-01 2.87793934e-01 3.41798425e-01
    7.52127767e-02 7.29908168e-01 1.21631324e-01 9.61274266e-01
    9.79729176e-01 1.73344910e-02 7.66995430e-01 1.65949464e-02
    7.96430349e-01 1.56788826e-02 2.62449861e-01 7.08814502e-01
    1.86669379e-01 7.74989307e-01 4.46290314e-01 9.97560024e-01
    3.38272303e-01 9.14607048e-01 4.22404647e-01 6.46501482e-02
    8.75419557e-01 7.79088378e-01 5.46316266e-01 2.49663860e-01
    7.68890977e-01 6.07976794e-01 9.61161077e-01 8.90129447e-01
    9.35317755e-01 6.36130512e-01 1.29485607e-01 9.74452436e-01
    4.79117036e-02 6.87564790e-01 9.31118608e-01 9.57963765e-02
    3.90338272e-01 1.82474375e-01 3.30131054e-01 4.13174897e-01
    1.15800411e-01 9.03618872e-01 7.68901706e-01 9.90715384e-01
    1.83097512e-01 4.68830884e-01 6.68153763e-01 2.89982498e-01
    8.50479007e-01 8.15938354e-01 3.06947112e-01 1.31550550e-01
    4.70373660e-01 1.06965333e-01 4.23735023e-01 3.89616787e-02
    1.14668280e-01 9.26354647e-01 1.65566593e-01 1.04312807e-01
    4.56219971e-01 4.15617853e-01 3.32951844e-01 1.18319273e-01
    6.37971044e-01 3.16682011e-01 3.42231393e-01 4.91717190e-01
    3.60869616e-01 3.58288944e-01 5.31776786e-01 1.01291001e-01
    7.67052054e-01 7.16403186e-01 7.84820497e-01 8.93486381e-01
    2.47542262e-02 5.93859494e-01 5.26144385e-01 5.57993352e-01
    2.30731815e-01 8.18192482e-01 9.59681749e-01 2.10283130e-01
    5.71265638e-01 6.47744060e-01 6.32624865e-01 7.84842312e-01
    6.16691649e-01 6.68136060e-01 1.78253353e-02 9.73904431e-02
    1.78036332e-01 2.98775196e-01 1.96533889e-01 3.28370929e-01
    3.49329919e-01 9.78868484e-01 2.51808167e-01 8.67850542e-01
    2.86839217e-01 2.91406333e-01 1.16061628e-01 7.93170810e-01
    4.98108923e-01 4.75105375e-01 3.70014787e-01 4.36043382e-01
    8.40021372e-01 2.78596878e-01 4.92233098e-01 3.20812106e-01
    6.05612159e-01 1.51428610e-01 9.90443528e-02 4.87469167e-01
    5.90317965e-01 3.32064748e-01 4.56230521e-01 5.51396728e-01
    4.01806176e-01 1.82493448e-01 6.95972085e-01 3.82047862e-01
    3.60784233e-01 6.17724419e-01 9.34798777e-01 9.92345214e-01
    4.01927114e-01 9.09716725e-01 5.19364238e-01 7.57080793e-01
    8.60396028e-01 4.85676616e-01 1.91307783e-01 3.27153802e-01
    5.82628071e-01 3.31046224e-01 4.06652987e-02 6.15687311e-01
    1.07646406e-01 7.91843474e-01 3.32026839e-01 5.30957580e-02
    4.72903788e-01 9.45202291e-01 6.20074391e-01 5.41293085e-01
    5.20720422e-01 8.83731782e-01 7.06037045e-01 8.89584720e-01
    7.93847501e-01 2.17207879e-01 4.18617785e-01 2.71772087e-01
    7.94147015e-01 7.15267241e-01 5.31690717e-01 7.52470374e-01
    9.06104267e-01 6.26497865e-01 3.03188562e-01 2.32295960e-01
    6.12298727e-01 4.59276736e-01 8.66654396e-01 2.21792489e-01
    3.70323986e-01 2.46819377e-01 6.32956266e-01 5.00290513e-01
    6.39903069e-01 4.93893772e-01 9.85166669e-01 3.60767841e-01
    3.53475779e-01 3.00847471e-01 8.48519206e-01 2.87609398e-02
    6.54941857e-01 3.29158425e-01 6.95091426e-01 5.55908322e-01
    8.62672210e-01 4.33364302e-01 6.19247258e-02 8.75756502e-01
    7.92818427e-01 9.00745690e-02 4.80953157e-02 5.79070091e-01
    8.39094400e-01 6.64858580e-01 9.35620666e-01 4.46630687e-01
    1.91666871e-01 5.90397000e-01 1.54086620e-01 6.59019828e-01
    5.96728742e-01 1.39496326e-02 3.42873573e-01 2.88401991e-01
    1.91844702e-01 5.91003358e-01 5.88677108e-01 4.77407992e-01
    1.13922089e-01 4.62485403e-01 9.11489546e-01 4.23704475e-01
    6.16746128e-01 9.29697990e-01 4.00382698e-01 3.06098908e-01
    4.29706067e-01 6.46276534e-01 5.42583942e-01 5.64155579e-01
    7.64969230e-01 1.87084913e-01 5.23608208e-01 7.22972929e-01
    4.85952735e-01 6.02859437e-01 4.72240448e-01 9.32930410e-02
    6.62583292e-01 6.00010455e-01 1.64436221e-01 8.72158647e-01
    2.93033063e-01 1.99932635e-01 6.74471080e-01 2.11992472e-01
    7.46518135e-01 2.01712489e-01 6.02519929e-01 2.93630213e-01
    5.07579446e-01 5.44747055e-01 4.75468725e-01 8.89951587e-02
    6.46037102e-01 1.30135387e-01 8.55921388e-01 3.38575900e-01
    8.30685973e-01 2.47969747e-01 7.94658542e-01 5.72764993e-01
    2.88712919e-01 8.35436463e-01 4.36551213e-01 1.57537818e-01
    7.23588765e-01 3.24912786e-01 6.47940099e-01 7.93409646e-01
    3.18394005e-01 7.49894738e-01 3.41543734e-01 9.91156340e-01
    4.86983925e-01 3.09040606e-01 1.84930563e-02 5.43802857e-01
    1.10876381e-01 1.33092135e-01 8.15603077e-01 1.05227351e-01
    5.15529990e-01 1.38209879e-01 7.29825377e-01 4.73405719e-01
    1.06817812e-01 6.05051875e-01 5.13123512e-01 9.09507155e-01
    4.35130298e-01 2.40130663e-01 2.04637229e-01 7.50707150e-01
    5.39159060e-01 9.22010124e-01 4.10960078e-01 5.14194608e-01
    9.08654153e-01 3.88796389e-01 6.52238846e-01 2.22377211e-01
    7.72775412e-01 5.77269197e-02 2.19450086e-01 7.81233311e-02
    2.88236409e-01 4.22294378e-01 3.29498231e-01 1.86532438e-01
    6.55213356e-01 7.46732116e-01 9.31691051e-01 1.80214167e-01
    6.54831529e-03 8.12292337e-01 1.85957879e-01 2.16188073e-01
    4.01017547e-01 6.74997330e-01 1.78123504e-01 4.96628881e-01
    7.51850367e-01 4.23159897e-02 8.01337183e-01 1.12782151e-01
    8.48438203e-01 6.56741023e-01 9.87065315e-01 8.20795417e-01
    3.19533050e-02 7.14898407e-02 7.78993607e-01 6.52879953e-01
    3.24966729e-01 5.38732290e-01 2.31642008e-01 9.27449763e-02
    6.43326640e-02 5.68095088e-01 2.01006413e-01 8.90913606e-02
    1.67719096e-01 6.27923787e-01 7.70895481e-01 9.83681321e-01
    5.57222307e-01 2.91841805e-01 8.37052763e-01 6.86226368e-01
    5.13531864e-01 9.07890975e-01 7.82957554e-01 7.29044735e-01
    3.06567311e-01 4.01963592e-01 6.26863599e-01 2.43525177e-01
    4.03874636e-01 3.38056952e-01 9.23854172e-01 6.78288817e-01
    6.21069431e-01 7.37866402e-01 1.52172297e-01 4.86982465e-02
    4.37400877e-01 7.31539607e-01 9.11310434e-01 2.03053743e-01
    5.85256994e-01 6.80997729e-01 4.74178731e-01 6.01261854e-03
    2.32246131e-01 4.47501570e-01 5.39633870e-01 2.27504581e-01
    6.26511455e-01 7.95575261e-01 9.23861861e-01 3.03251684e-01
    5.53952992e-01 8.01783502e-01 9.46789265e-01 6.06922507e-01
    7.41964281e-01 4.71080542e-01 4.73485976e-01 4.38360006e-01
    7.21038938e-01 5.48649192e-01 2.74058223e-01 8.41004252e-01
    9.13426101e-01 5.04390717e-01 8.96425128e-01 1.24313742e-01
    6.68420911e-01 6.01561129e-01 4.67888296e-01 1.76465034e-01
    2.36705393e-01 5.69340765e-01 3.03938091e-01 5.29172421e-02
    3.83599460e-01 1.75699055e-01 6.05504513e-01 1.68583989e-01
    5.44314682e-01 1.68389291e-01 1.64665580e-02 8.43903899e-01
    1.16407007e-01 6.19668245e-01 5.28409421e-01 5.17179608e-01
    8.19236040e-02 4.04665351e-01 4.20966417e-01 7.14910328e-01
    1.78162932e-01 3.86583894e-01 5.15749872e-01 2.19442636e-01
    5.68478405e-02 7.58563399e-01 4.03054684e-01 8.24048221e-02
    3.03075790e-01 6.29092097e-01 4.78304386e-01 8.83531511e-01
    9.22863066e-01 3.34027588e-01 7.19747186e-01 7.81009793e-02
    8.91237974e-01 2.48807251e-01 5.56412339e-01 7.83152521e-01
    4.56535816e-03 7.39175677e-01 9.31552649e-01 9.61609960e-01
    6.43025935e-01 8.39197636e-03 3.26644897e-01 5.04796505e-01
    7.19862878e-01 9.65401173e-01 6.00560188e-01 3.31334233e-01
    3.30124497e-02 1.41419828e-01 2.35345155e-01 1.82682842e-01
    2.99331903e-01 8.32091510e-01 2.26219296e-01 9.24022794e-01
    1.26687586e-02 5.48281074e-02 7.66600728e-01 9.86236811e-01
    5.79688668e-01 2.69362748e-01 3.84864837e-01 7.92084455e-01
    4.29473162e-01 6.00471973e-01 2.99059242e-01 9.92270231e-01
    8.30734372e-02 2.30406523e-01 3.25428903e-01 7.54464388e-01
    7.46844649e-01 4.85315621e-02 4.05748069e-01 8.31303716e-01
    8.22752178e-01 1.51432157e-02 3.58158350e-03 6.37850821e-01
    6.01166248e-01 8.82972181e-02 8.32588851e-01 3.40908766e-01
    2.74408251e-01 3.04038763e-01 1.54068559e-01 7.80319929e-01
    9.51469064e-01 8.23764443e-01 6.92002535e-01 4.32989746e-01
    7.34836459e-01 6.73847973e-01 1.75529748e-01 2.93179810e-01
    6.45894110e-02 3.18848491e-01 4.24688518e-01 7.55777359e-01
    6.31718993e-01 9.39406633e-01 3.87048662e-01 5.60656130e-01
    4.48024929e-01 9.82451200e-01 4.47386146e-01 6.58304691e-01
    8.73832107e-01 1.61718428e-02 1.85331017e-01 1.08198583e-01
    8.53815317e-01 3.57255340e-01 2.92744339e-01 3.02165955e-01
    6.93686366e-01 4.65320736e-01 7.64760375e-03 6.05254769e-01
    9.65440273e-01 1.01980805e-01 5.22993207e-02 9.93860841e-01
    7.03126073e-01 8.02158952e-01 8.75698030e-02 9.52324271e-01
    4.25989389e-01 8.34316611e-01 3.57590199e-01 3.48150969e-01
    2.32897401e-01 3.87691438e-01 6.21534526e-01 6.67173266e-02
    1.60919130e-02 1.52418703e-01 4.01953131e-01 3.86772841e-01
    9.72948730e-01 5.44353724e-02 8.33666682e-01 4.49854523e-01
    6.03429079e-02 4.94242132e-01 9.12439764e-01 8.63718510e-01
    9.59455073e-01 5.22563577e-01 1.92250222e-01 9.75169897e-01
    1.40083998e-01 1.08378828e-02 7.03731894e-01 3.55702460e-01
    6.24794006e-01 8.27411354e-01 3.28005016e-01 3.67789447e-01
    4.75457758e-01 8.12992215e-01 8.69437456e-01 4.63999301e-01
    9.88623977e-01 3.83292347e-01 4.49227989e-01 4.69095558e-01
    6.28724694e-01 9.67859626e-02 5.03642619e-01 1.45378858e-01
    9.84315515e-01 5.59672117e-01 2.85867870e-01 9.89077687e-01
    7.96525240e-01 5.83090484e-02 3.54583681e-01 1.23929858e-01
    2.60838777e-01 1.45739466e-01 5.78548670e-01 3.66055369e-01
    1.18854314e-01 6.91062868e-01 1.99240416e-01 3.79041731e-01
    9.54912782e-01 3.37718755e-01 9.12356496e-01 8.10103118e-02
    2.55125254e-01 2.22898543e-01 1.25757545e-01 2.94140577e-01
    7.25969374e-02 2.30247229e-01 5.90329766e-01 3.80292833e-01
    8.34943771e-01 6.45017743e-01 9.45962787e-01 1.32824779e-01
    4.17951971e-01 4.41804469e-01 8.09397280e-01 8.85061622e-01
    8.13843846e-01 2.26087213e-01 7.27862358e-01 2.67105669e-01
    7.36143887e-02 6.38438821e-01 3.52635086e-01 2.24528879e-01
    8.65434289e-01 2.13661224e-01 5.22948027e-01 3.66319746e-01
    6.79490566e-01 6.84087157e-01 7.57272065e-01 8.57680082e-01
    8.72372389e-01 4.23785985e-01 8.77112508e-01 7.28735685e-01
    4.73937422e-01 8.34911108e-01 4.89728451e-02 6.33846879e-01
    7.78909564e-01 3.51757050e-01 3.76513958e-01 7.87194252e-01
    4.06624079e-02 1.75626576e-02 2.34602600e-01 3.85179222e-02
    7.53884792e-01 7.53256321e-01 4.04047012e-01 6.60980523e-01
    1.38927966e-01 3.16328049e-01 5.17442524e-01 1.51950926e-01
    9.88510609e-01 6.77131355e-01 5.33110499e-01 6.33497119e-01
    9.70669687e-01 8.99149060e-01 3.32734406e-01 6.58069730e-01
    6.76264286e-01 2.73618579e-01 5.67287445e-01 9.01753306e-01
    9.94253635e-01 5.14124870e-01 8.40378225e-01 8.52755547e-01
    6.46957219e-01 2.69092977e-01 6.98503256e-01 9.56357956e-01
    4.04615968e-01 5.23217916e-01 8.59528244e-01 7.39583433e-01
    5.21609783e-02 3.75270516e-01 7.82841265e-01 1.08320862e-01
    2.44073272e-01 7.83451796e-01 9.24884260e-01 7.64979184e-01
    8.90926003e-01 5.54812193e-01 2.02904522e-01 2.39390582e-01
    4.70582545e-01 8.53630841e-01 4.91758406e-01 8.63637030e-01
    2.60560274e-01 6.87247336e-01 1.81298286e-01 2.41585732e-01
    5.73343039e-03 7.10895538e-01 6.63430452e-01 3.75340164e-01
    4.90023196e-01 1.52334660e-01 8.00431371e-01 8.83609354e-01
    1.82694048e-01 7.18625188e-01 1.61349773e-02 9.51718211e-01
    8.58832359e-01 8.81935000e-01 2.87036419e-01 5.35041988e-01
    3.51057053e-01 5.80004752e-02 8.00486207e-01 8.91528666e-01
    8.48508239e-01 7.42084265e-01 6.50958180e-01 2.83736855e-01
    4.30300504e-01 4.94847894e-02 7.09899426e-01 8.54129195e-01
    3.57916057e-02 1.16145372e-01 8.52897763e-01 7.29437590e-01
    6.71164393e-01 7.39766598e-01 6.37259483e-02 7.92286277e-01
    5.36753953e-01 9.72706676e-02 4.52181578e-01 6.71778798e-01
    5.39967775e-01 4.37829971e-01 5.94284534e-01 5.03537238e-01
    9.20793653e-01 6.14989698e-01 5.97586095e-01 7.00779438e-01
    8.15354705e-01 5.48044026e-01 8.81863475e-01 5.52197456e-01
    4.11542535e-01 7.20359623e-01 1.12599105e-01 7.97685206e-01
    5.44455588e-01 9.65165615e-01 9.54200506e-01 2.98624814e-01
    8.79138350e-01 6.61867917e-01 6.97434783e-01 6.22540236e-01
    5.98683357e-01 1.72754854e-01 8.49960446e-01 5.78695536e-02
    2.42934525e-02 7.95155525e-01 6.78765297e-01 2.17768162e-01
    1.26813263e-01 6.28067374e-01 6.96116567e-01 7.05070794e-01
    7.55265236e-01 4.76398617e-01 3.58576417e-01 7.80657828e-01
    5.84081650e-01 2.61869371e-01 7.75013268e-02 2.96332777e-01
    2.91837156e-01 6.94835424e-01 3.90833944e-01 2.11000621e-01
    1.72751516e-01 6.99655950e-01 3.26993048e-01 5.25914967e-01
    2.07795829e-01 6.87580585e-01 2.16952354e-01 6.82332814e-01
    7.67758250e-01 5.35668731e-02 2.43225098e-02 4.98404175e-01
    4.80979681e-04 6.07960403e-01 9.41622555e-01 8.18770289e-01
    3.25930834e-01 1.05606467e-01 2.03951001e-01 7.91531622e-01
    6.23789191e-01 9.59078670e-02 1.74835801e-01 8.21033120e-02
    2.38268077e-01 3.94147694e-01 6.70516849e-01 5.56076825e-01
    3.03941548e-01 1.60216331e-01 2.55652636e-01 7.75335908e-01
    8.20587516e-01 4.79334593e-01 1.57987773e-01 6.92035913e-01
    2.55357325e-02 5.27201593e-02 1.41309798e-02 2.14014232e-01
    9.55472112e-01 7.59249866e-01 3.00247967e-01 4.67194229e-01
    4.67219055e-01 6.35446966e-01 2.33504474e-02 1.77433789e-01
    1.27140969e-01 2.83784091e-01 9.97867584e-01 1.60765976e-01
    7.01617002e-01 2.22607583e-01 8.73082459e-01 1.30895197e-01
    6.93610311e-01 6.56791985e-01 8.44003558e-01 7.03230023e-01
    9.35478330e-01 7.73879230e-01 3.54909956e-01 7.79449344e-01
    7.18940973e-01 7.21510053e-02 3.28794718e-02 6.35487676e-01
    1.06692940e-01 8.17174017e-01 5.29485404e-01 8.35611403e-01
    6.04591131e-01 5.44333160e-02 7.20777512e-01 2.38193750e-01
    4.00166512e-01 8.46871614e-01 6.83861971e-01 1.96144909e-01
    4.44343984e-02 5.11693597e-01 7.18408227e-01 5.57660162e-02
    3.05863619e-02 4.86791968e-01 8.76253128e-01 8.54385614e-01
    3.22820544e-02 9.22003269e-01 5.97611248e-01 5.78639865e-01
    9.94259417e-02 2.19482809e-01 6.90292478e-01 4.57543671e-01
    4.28876162e-01 5.08986712e-01 9.34647799e-01 8.51595938e-01
    3.12545806e-01 2.81315744e-01 5.41828036e-01 2.55038738e-02
    2.88325787e-01 1.89764798e-02 2.10989416e-01 5.02680182e-01
    5.99355221e-01 1.49215788e-01 3.64931703e-01 6.12106204e-01
    7.55545497e-03 9.50317502e-01 9.26503062e-01 9.01277304e-01
    5.44704437e-01 5.73424220e-01 9.20647383e-01 3.33386302e-01
    8.83842468e-01 1.47772610e-01 4.43659484e-01 6.61238432e-01
    7.73337722e-01 1.39608353e-01 4.41627324e-01 9.63022470e-01
    3.08884382e-02 4.10239458e-01 1.65247560e-01 2.69298464e-01
    6.97420180e-01 6.04918003e-01 3.01536620e-01 2.34326422e-02
    3.61449093e-01 4.83059913e-01 4.80719596e-01 5.46407878e-01
    9.25511181e-01 2.69442499e-01 8.34630728e-01 7.16555178e-01
    8.19725096e-01 6.14098966e-01 8.05103421e-01 7.18185604e-01
    6.52866125e-01 7.60414600e-01 5.46297908e-01 3.66241485e-01
    9.30591345e-01 6.20083451e-01 4.36960220e-01 7.52175450e-02
    9.95314658e-01 8.83627832e-02 7.62628675e-01 1.70904577e-01
    8.23295116e-01 5.26454747e-02 5.38041592e-01 9.00912762e-01
    5.17212629e-01 6.43241405e-01 9.73568499e-01 1.10887259e-01
    8.90499234e-01 9.15552795e-01 1.60148621e-01 6.28063142e-01
    2.37334669e-01 9.66934562e-02 3.86287838e-01 4.01183844e-01
    9.59961772e-01 7.47198820e-01 8.22014093e-01 2.02011526e-01
    7.88713694e-01 2.11585969e-01 4.06857729e-02 6.72613919e-01
    8.78447890e-02 8.81004095e-01 7.46527195e-01 4.31196481e-01
    1.93284005e-01 9.53426480e-01 9.99277711e-01 8.59730959e-01
    9.70602572e-01 3.15339983e-01 5.34813106e-01 9.98056948e-01
    3.73606563e-01 4.10429835e-02 5.75544119e-01 7.23521173e-01
    9.48900402e-01 6.58631563e-01 5.87183595e-01 9.47071314e-02
    6.54106319e-01 8.88647556e-01 1.93025351e-01 1.87819123e-01
    1.78269356e-01 9.74121571e-01 3.06272388e-01 2.48651713e-01
    8.33051324e-01 8.73315811e-01 2.15423197e-01 2.54208624e-01
    4.97699827e-01 4.86832052e-01 9.03458595e-01 7.93524384e-02
    1.16366446e-01 6.87921524e-01 1.84432358e-01 6.80096507e-01
    2.38506019e-01 1.80449486e-02 8.29854608e-01 8.33612442e-01
    4.55310136e-01 7.06904590e-01 1.53775483e-01 6.07854426e-01
    1.24529302e-01 3.97039354e-01 2.61895031e-01 6.42142951e-01
    7.32521057e-01 9.32966232e-01 7.95147896e-01 4.21716273e-02
    8.35298598e-02 8.59583259e-01 3.09507340e-01 3.72295618e-01
    7.63033986e-01 2.21910268e-01 2.94992268e-01 7.08674729e-01
    8.88076425e-01 9.71039832e-01 1.51212215e-02 2.05105275e-01
    2.42849052e-01 8.63995552e-01 6.65220141e-01 1.15860522e-01
    7.06893742e-01 2.44358391e-01 8.42819452e-01 9.57733512e-01
    8.68161976e-01 1.28346384e-02 7.84455299e-01 4.72046047e-01
    6.98539019e-02 3.16055298e-01 4.40702438e-02 6.56315684e-03
    9.08613086e-01 2.63093829e-01 6.69815421e-01 5.82131386e-01
    7.35877216e-01 2.82409310e-01 8.52838039e-01 6.77104294e-02
    3.79427403e-01 1.06713474e-01 7.46979833e-01 1.09590769e-01
    6.78035557e-01 3.25115621e-02 6.23996258e-02 2.80946314e-01
    2.78947532e-01 6.72005534e-01 5.90374768e-01 1.44767016e-01
    7.68840551e-01 2.51090229e-02 9.48540866e-01 9.75974917e-01
    6.60748065e-01 1.23013169e-01 6.69236302e-01 7.75003672e-01
    3.42106938e-01 3.93903434e-01 5.57771027e-02 9.21846092e-01
    7.15713978e-01 8.14798474e-01 1.57915652e-01 4.46950406e-01
    5.91887057e-01 4.33609545e-01 7.20719099e-01 8.04945827e-01
    2.10605055e-01 2.82731533e-01 1.37514204e-01 4.61582959e-01
    4.10942435e-02 2.96963692e-01 1.85382217e-01 3.16751182e-01
    9.45415616e-01 4.45076823e-02 9.41125393e-01 4.53599632e-01
    3.17723542e-01 7.21105754e-01 3.58223081e-01 6.38338566e-01
    3.40772152e-01 9.69802141e-01 2.38477945e-01 9.79866266e-01
    5.66921949e-01 6.37022734e-01 7.15406835e-01 2.72251368e-02
    3.68901908e-01 6.34956598e-01 9.70798850e-01 4.01296079e-01
    4.95046109e-01 5.78129351e-01 9.88882959e-01 1.82123274e-01
    2.71697998e-01 6.39091730e-01 2.01860130e-01 4.54457879e-01
    7.44289756e-01 2.38647163e-01 9.53944385e-01 7.54695475e-01
    9.55383778e-01 5.73256731e-01 2.21167207e-01 4.33164060e-01
    7.03814268e-01 3.48311156e-01 6.72537029e-01 9.95505452e-02
    7.16738701e-01 9.65117216e-01 3.43253851e-01 8.18637013e-02
    5.85691333e-02 5.62189817e-02 8.83640409e-01 6.78524494e-01
    6.74678743e-01 9.36113596e-01 1.43213183e-01 6.52972102e-01
    6.28184021e-01 7.69928455e-01 2.36642450e-01 1.88127816e-01
    9.90644455e-01 1.83316529e-01 7.77734995e-01 8.79945040e-01
    3.29205513e-01 7.94417024e-01 1.48245215e-01 8.29366207e-01
    7.74603128e-01 8.38284373e-01 2.29412585e-01 5.15500784e-01
    7.17550159e-01 7.16722608e-01 3.46999884e-01 1.67826265e-01
    5.54940343e-01 1.84822381e-01 5.43594599e-01 3.53064418e-01
    5.70562482e-01 2.13707000e-01 6.41217828e-01 8.50707054e-01
    7.05117404e-01 3.49893212e-01 5.77201128e-01 2.57377684e-01
    2.48383880e-02 2.01549858e-01 6.77941561e-01 8.27011883e-01
    7.17744648e-01 7.62716830e-02 2.23991811e-01 4.90991056e-01
    7.19233453e-02 3.57209444e-01 2.69043446e-01 4.76774007e-01
    6.07319295e-01 1.06581748e-01 6.41199768e-01 7.25860238e-01
    2.84387648e-01 1.29171282e-01 4.03379738e-01 2.41332948e-01
    6.71947598e-02 6.30739927e-01 4.48284000e-01 2.36451000e-01
    9.33133721e-01 1.38610244e-01 1.76877230e-01 1.08411133e-01
    5.64000249e-01 5.36305308e-01 9.37998772e-01 4.75881696e-02
    3.20683599e-01 8.23985696e-01 3.69646728e-01 6.91225767e-01
    3.24500442e-01 5.03036618e-01 8.42985511e-02 6.65069282e-01
    8.21683884e-01 5.77228069e-01 4.23685491e-01 7.35256672e-01
    5.26774108e-01 7.29753256e-01 4.27887350e-01 1.29031211e-01
    8.53895783e-01 6.13210857e-01 7.43255019e-03 9.05423760e-01
    2.69332588e-01 5.94319642e-01 4.22397673e-01 2.40526259e-01
    2.41619229e-01 8.53097439e-01 2.11959839e-01 3.27736884e-01
    5.85588872e-01 3.73504847e-01 3.46788824e-01 4.90443856e-01
    6.57262266e-01 6.41845405e-01 6.19685948e-01 9.41340208e-01
    4.44230497e-01 2.14473158e-01 5.94336629e-01 3.88853312e-01
    1.71572447e-01 9.03431714e-01 7.38403022e-01 4.01246548e-02
    8.07034731e-01 9.04956818e-01 1.88955784e-01 8.48095894e-01
    7.99859762e-01 6.30327880e-01 4.62959468e-01 6.17892146e-01
    5.21709502e-01 3.53429735e-01 8.79918933e-01 4.10215646e-01
    1.93517745e-01 6.40739381e-01 5.20716608e-01 9.50416327e-01
    8.32026958e-01 6.11895978e-01 5.81749201e-01 6.09370470e-01
    9.45894539e-01 3.46304953e-01 1.66639686e-02 7.52304673e-01
    8.45542431e-01 8.21588933e-01 5.88734329e-01 9.79822636e-01
    6.29453599e-01 5.26902199e-01 9.16597962e-01 7.81227946e-02
    7.67446518e-01 4.32447553e-01 5.91887891e-01 9.75528121e-01
    5.38610816e-01 7.88671851e-01 9.56225574e-01 8.07025671e-01
    8.20910931e-01 2.27926284e-01 7.35356867e-01 6.81354463e-01
    5.35455644e-01 7.49173582e-01 2.02170014e-01 4.63745445e-01
    9.11140084e-01 8.96035194e-01 1.08344764e-01 8.85025263e-01
    9.17302012e-01 1.90484196e-01 2.52108842e-01 9.65563536e-01
    7.15082884e-01 1.90202296e-01 1.89354986e-01 6.38657510e-01
    1.69753909e-01 7.79386878e-01 1.77196890e-01 6.64163947e-01
    7.68728495e-01 6.99665725e-01 3.31107676e-01 5.55342197e-01
    7.27459490e-01 2.70949006e-02 7.89033294e-01 5.71779609e-02
    5.20264208e-01 1.56353295e-01 2.72405326e-01 6.99973226e-01
    3.34683359e-01 5.00695169e-01 6.73888803e-01 5.86160064e-01
    2.68641829e-01 1.54164821e-01 6.27347410e-01 3.24209124e-01
    5.43697894e-01 9.51030016e-01 4.34634954e-01 8.94439042e-01
    5.48355937e-01 8.61712456e-01 9.40442562e-01 7.46801615e-01
    4.30480748e-01 8.02370310e-01 7.13176131e-02 1.92661643e-01
    2.32085288e-02 3.23099613e-01 4.89916623e-01 8.38906288e-01
    7.42119730e-01 6.31487727e-01 9.77626443e-02 2.14203835e-01
    3.96091193e-01 3.01645219e-01 1.84114575e-02 5.65432727e-01
    3.84784341e-01 2.64722764e-01 5.61622381e-01 1.32378668e-01
    8.46549034e-01 8.06073546e-02 7.41793752e-01 5.62227607e-01
    8.97628069e-01 3.99717122e-01 6.67358398e-01 5.15403926e-01
    6.32081926e-01 4.32181209e-01 9.45647180e-01 7.64618039e-01
    6.39616072e-01 6.52100086e-01 1.95325434e-01 7.54855871e-01
    1.00742728e-01 5.53158522e-02 1.53524011e-01 4.19490278e-01
    3.80969763e-01 5.99083006e-01 4.94527102e-01 4.78474408e-01
    7.72326708e-01 8.17736864e-01 5.52255392e-01 6.59994960e-01
    4.04406518e-01 9.20808017e-02 1.08494014e-01 1.09587818e-01
    8.03106904e-01 5.74136972e-01 7.33924866e-01 3.94610286e-01
    7.23793447e-01 9.51391041e-01 7.77183712e-01 4.67865884e-01
    3.38818222e-01 7.00698972e-01 5.74598610e-02 2.09079474e-01
    7.45379090e-01 1.67827696e-01 4.61151212e-01 8.79031539e-01
    1.14044487e-01 3.75352204e-02 4.64748710e-01 5.91030955e-01
    1.30354792e-01 9.94866848e-01 2.53120005e-01 9.39211309e-01
    7.13295937e-01 9.07864690e-01 6.03188813e-01 8.75209332e-01
    6.62153065e-01 2.05500066e-01 2.14891046e-01 2.01457828e-01
    9.23564613e-01 6.82236314e-01 6.41097665e-01 4.65947688e-02
    8.08461845e-01 8.02796245e-01 9.73686695e-01 8.79005790e-02
    5.16712964e-02 3.93308938e-01 7.26913810e-02 1.10723257e-01
    3.37494671e-01 4.63787764e-01 6.01633847e-01 6.79953635e-01
    1.64252371e-01 2.72728413e-01 9.72819030e-01 4.56930429e-01
    7.05680788e-01 6.65295660e-01 9.18090999e-01 5.86914778e-01
    5.86010814e-01 8.45684350e-01 3.61840665e-01 5.57175398e-01
    5.81461489e-01 9.74126816e-01 2.45565087e-01 2.88459063e-01
    9.34972286e-01 8.12497437e-01 6.11022115e-03 4.99312043e-01
    9.81514692e-01 3.08920711e-01 9.86416757e-01 5.62409461e-01
    3.03714156e-01 6.42256200e-01 5.26005268e-01 3.00589293e-01
    2.42367893e-01 7.53181279e-02 9.42374170e-02 5.12461543e-01
    7.26722598e-01 2.05370516e-01 5.32738209e-01 7.86817789e-01
    7.12865770e-01 9.12169576e-01 8.29149127e-01 5.29466510e-01
    9.02207732e-01 9.40102339e-01 6.07669890e-01 3.61298680e-01
    4.30452287e-01 7.71875322e-01 2.04518348e-01 8.40199709e-01
    2.75807679e-01 8.47629309e-01 3.85469258e-01 7.36756980e-01
    3.15708458e-01 3.04109931e-01 4.40771371e-01 9.05565560e-01
    1.35439515e-01 7.99961925e-01 5.13857961e-01 8.76263916e-01
    6.66180253e-01 1.50869071e-01 3.42199266e-01 7.52053261e-01
    7.67479241e-01 2.35746801e-01 8.83507252e-01 7.03789115e-01
    2.05540448e-01 2.49893218e-01 9.17513251e-01 5.11212707e-01
    1.58722460e-01 8.84793997e-01 4.70864952e-01 3.28991443e-01
    9.71071720e-01 9.09337521e-01 7.73521185e-01 4.20103073e-01
    9.11676764e-01 4.73197848e-01 1.55186862e-01 9.34694111e-01
    6.27027154e-01 1.27584666e-01 4.38802838e-02 3.74329925e-01
    1.93480551e-02 2.26473838e-01 8.04108977e-01 4.50453818e-01
    6.16728663e-02 9.10756946e-01 6.93443418e-01 3.32447320e-01
    5.05212605e-01 2.23472089e-01 9.76005554e-01 6.19597435e-01
    4.81825769e-01 2.80202180e-01 9.17049766e-01 7.12816358e-01
    3.80932271e-01 7.87692070e-02 3.42163503e-01 9.98693764e-01
    7.79946208e-01 5.92210174e-01 5.07567525e-01 5.56222141e-01
    3.21641743e-01 8.69875789e-01 5.41427433e-02 4.20629501e-01
    1.50656998e-01 1.26282722e-01 2.96070516e-01 4.55334574e-01
    1.88201725e-01 1.12408668e-01 1.54160678e-01 1.17221951e-01
    5.78349531e-02 9.44458485e-01 8.08108449e-01 8.08661580e-01
    2.45640874e-02 6.52429223e-01 1.44063741e-01 9.12725270e-01
    5.50596714e-01 1.28563285e-01 8.95367563e-02 1.43214852e-01
    7.94586062e-01 6.87707067e-01 6.57953024e-01 8.45234454e-01
    2.06491739e-01 4.96761501e-01 5.79278111e-01 5.04350543e-01
    5.97804010e-01 8.15128684e-02 9.04583454e-01 8.49286795e-01
    2.93738544e-02 7.77553320e-01 6.95613027e-01 1.49183899e-01
    9.28384304e-01 7.91419625e-01 5.59074461e-01 8.45670998e-01
    5.52399755e-02 4.33177322e-01 6.63296103e-01 5.52199900e-01
    7.74688840e-01 9.31619883e-01 9.57999706e-01 5.73684096e-01
    1.83910847e-01 4.84781295e-01 1.99210465e-01 4.54015672e-01
    8.51324737e-01 1.53024167e-01 4.14089680e-01 1.82406187e-01
    7.88250566e-01 3.56542379e-01 8.03186715e-01 9.92601395e-01
    3.00084114e-01 2.99972445e-01 3.46846044e-01 1.19237900e-01
    4.66637909e-01 3.29968750e-01 3.66222799e-01 3.67865771e-01
    2.69185066e-01 3.94374430e-02 8.30827475e-01 9.57115650e-01
    2.09061950e-01 6.07947707e-01 9.18168902e-01 8.51505399e-01
    6.11920655e-01 6.83131218e-01 4.82169867e-01 6.73765361e-01
    4.18924272e-01 8.70960474e-01 2.43346810e-01 1.64968669e-02
    3.69474888e-01 4.27801669e-01 5.14413536e-01 3.16793025e-01
    7.50726342e-01 4.07000363e-01 5.72109759e-01 8.12375665e-01
    5.55028021e-01 1.88172251e-01 8.27657282e-01 8.85421455e-01
    3.81137073e-01 3.20306838e-01 7.03331947e-01 2.52752721e-01
    7.90900886e-01 4.24512744e-01 5.11014223e-01 2.14676201e-01
    2.46546298e-01 7.46758699e-01 4.19452906e-01 5.84123373e-01
    1.48237616e-01 8.60903859e-02 2.77084947e-01 5.60655236e-01
    4.15337175e-01 2.79406428e-01 5.67203045e-01 5.08709848e-01
    2.77496457e-01 5.22672296e-01 3.39423448e-01 7.51639724e-01
    6.36598587e-01 1.51574612e-01 8.50528479e-04 2.40727246e-01
    9.68763173e-01 2.01866537e-01 5.11475325e-01 2.92432964e-01
    4.45893705e-01 4.19746041e-01 8.62846851e-01 4.52768981e-01
    2.58284867e-01 3.32631767e-01 5.32016754e-02 4.35228974e-01
    1.40084743e-01 9.46371257e-01 3.56881052e-01 9.69735861e-01
    3.42671394e-01 8.86292815e-01 4.69480664e-01 5.25412440e-01
    4.54052448e-01 9.09629703e-01 6.59926236e-02 3.36239755e-01
    4.69256580e-01 2.10658938e-01 4.58318800e-01 5.48873425e-01
    5.15956581e-02 9.62730885e-01 3.41562033e-01 7.27747083e-01
    4.24905449e-01 8.55658054e-01 1.32977217e-01 9.55581665e-02
    8.81422758e-01 9.92522776e-01 4.17600095e-01 8.73329163e-01
    8.19510221e-03 4.38893378e-01 7.81181335e-01 1.65072471e-01
    8.94407153e-01 4.54238325e-01 5.15721262e-01 2.20681518e-01
    3.73959988e-01 5.82654536e-01 4.63786095e-01 5.58409989e-02
    2.11492360e-01 6.48103893e-01 7.37141728e-01 4.66102242e-01
    1.56903863e-01 1.35644227e-01 4.72654998e-02 1.01523846e-01
    6.26578987e-01 1.52609795e-01 4.83699411e-01 7.41706014e-01
    1.13873601e-01 2.00623512e-01 4.70733643e-03 1.51013404e-01
    6.42036498e-02 1.36556000e-01 7.83855081e-01 1.77725226e-01
    2.26269543e-01 5.35266519e-01 4.70940709e-01 2.70678103e-02
    3.05317700e-01 3.50685954e-01 8.51701617e-01 5.20331264e-02
    4.00955975e-01 7.68162727e-01 5.96297085e-02 6.92679942e-01
    6.34926319e-01 4.44222748e-01 1.83602452e-01 4.62457210e-01
    2.25304335e-01 3.11204791e-01 6.61113620e-01 1.93049073e-01
    8.76009941e-01 5.25644183e-01 4.75145936e-01 2.55957037e-01
    8.40885282e-01 9.44898725e-01 1.83393657e-02 5.60254037e-01
    4.72830802e-01 7.28578210e-01 4.83615309e-01 9.28289533e-01
    8.80452394e-02 9.76520181e-01 5.18190026e-01 7.30146945e-01
    7.00286388e-01 9.00675058e-02 7.07510412e-02 3.46497566e-01
    7.59047985e-01 8.89329910e-01 3.01736504e-01 6.41150117e-01
    5.97599268e-01 5.18331826e-02 2.01631665e-01 9.65893984e-01
    9.33824837e-01 8.28885496e-01 3.01516652e-01 8.08429360e-01
    2.28426456e-01 3.49580735e-01 8.95164490e-01 8.21654797e-01
    3.90419632e-01 2.62810349e-01 1.03185594e-01 7.55218267e-01
    8.16987872e-01 1.25325918e-02 9.05148745e-01 9.73039150e-01
    2.64027596e-01 8.62436593e-01 5.79870820e-01 5.59546471e-01
    5.50061524e-01 4.79855180e-01 5.66941261e-01 6.78990245e-01
    3.23123932e-02 8.41409326e-01 6.09655797e-01 5.41894376e-01
    7.13577330e-01 4.01720166e-01 2.28161186e-01 5.02757728e-01
    4.79526281e-01 9.05759454e-01 6.31307960e-01 2.36235559e-02
    3.36649358e-01 5.11916995e-01 7.51974344e-01 7.98250854e-01
    2.99658954e-01 7.05024838e-01 4.96999532e-01 2.45605707e-02
    5.88762522e-01 6.87473059e-01 9.09026861e-01 4.36336815e-01
    6.84684813e-01 8.93751740e-01 4.15706426e-01 4.23664987e-01
    3.41952384e-01 6.80416346e-01 4.00226563e-01 9.79968250e-01
    7.35256076e-01 6.46719992e-01 2.93042243e-01 2.16372907e-02
    6.08755291e-01 1.45769417e-01 7.31101096e-01 7.56511927e-01
    6.54050052e-01 7.92658627e-01 4.12232518e-01 8.36954474e-01
    8.92051458e-01 6.25694633e-01 3.86011809e-01 5.27444422e-01
    5.32574832e-01 9.90634918e-01 4.42289293e-01 8.08827281e-01
    3.42068255e-01 3.37403417e-01 6.06927276e-01 5.35470486e-01
    8.63710046e-02 6.19702220e-01 2.39101797e-01 3.48492920e-01
    5.04553378e-01 9.10470605e-01 3.21152091e-01 5.90170145e-01
    8.06972384e-01 7.15428114e-01 3.13788176e-01 4.37162250e-01
    5.19755244e-01 6.50651455e-01 7.33458102e-02 6.05888009e-01
    4.60507035e-01 7.37113476e-01 8.28584015e-01 4.83248889e-01
    4.19495493e-01 7.89435506e-01 2.78010726e-01 4.95273978e-01
    8.26458633e-02 1.29609019e-01 1.22950673e-02 4.76028919e-02
    7.62468398e-01 1.70878857e-01 5.26019275e-01 1.80731922e-01
    4.65986282e-01 1.75095022e-01 3.96771550e-01 2.18164116e-01
    6.33251548e-01 9.57427144e-01 9.70071673e-01 3.58041018e-01
    5.75920045e-02 3.93049031e-01 5.78006744e-01 8.33702087e-02
    8.96744847e-01 2.91037053e-01 1.26507312e-01 7.40822673e-01
    2.96189457e-01 5.09700239e-01 9.73206162e-01 4.29410726e-01
    6.23889804e-01 1.24559343e-01 5.98500550e-01 4.05218482e-01
    2.73362517e-01 4.42768931e-01 8.62315893e-01 2.64965832e-01
    8.80211830e-01 1.17135644e-01 1.08109266e-01 3.59302640e-01
    4.56412107e-01 5.12662888e-01 3.36759150e-01 1.66678607e-01
    3.51887047e-02 6.52067006e-01 7.91430116e-01 9.03220773e-01
    9.57972407e-02 7.09291458e-01 4.77126896e-01 8.28691363e-01
    7.45056033e-01 7.82045722e-01 3.76589984e-01 3.87980461e-01
    2.45942682e-01 8.11663151e-01 2.15555191e-01 8.79014015e-01
    4.90751266e-02 5.37121177e-01 9.88554597e-01 8.12717557e-01
    7.33083785e-01 3.72799605e-01 5.84927380e-01 8.64688933e-01
    1.74866915e-01 9.57600355e-01 8.58963013e-01 8.76648188e-01
    5.79257369e-01 8.25332642e-01 8.67843628e-05 5.10675967e-01
    3.45431268e-01 2.01698840e-01 9.98570085e-01 7.10680783e-01
    8.38618755e-01 5.41460156e-01 4.39595282e-01 2.74740309e-01
    9.89367843e-01 9.74628150e-01 5.49985111e-01 7.81904101e-01
    1.55914456e-01 5.64841449e-01 9.71359789e-01 9.06366467e-01
    4.76296067e-01 4.40859884e-01 2.49769002e-01 2.29141086e-01
    4.97862786e-01 8.67407382e-01 4.63391483e-01 6.41336620e-01
    4.21453089e-01 8.21327925e-01 9.42952275e-01 2.73500443e-01
    6.80515885e-01 1.97534531e-01 4.30157810e-01 5.93948066e-01
    9.49095845e-01 9.45141613e-01 7.16494679e-01 7.58594871e-01
    2.10779011e-02 4.08733457e-01 6.51848078e-01 3.36560845e-01
    6.39721930e-01 9.21524346e-01 2.56126046e-01 5.41327894e-01
    1.33822888e-01 7.19158351e-01 1.29612476e-01 8.34721029e-02
    1.36962980e-01 6.91511393e-01 4.71114755e-01 4.87910271e-01
    4.73472118e-01 5.22464097e-01 7.09222317e-01 4.62475449e-01
    5.92975020e-01 4.65300828e-01 7.55017638e-01 6.67252123e-01
    2.88774073e-01 3.62766027e-01 9.32147861e-01 7.85447001e-01
    4.36234683e-01 4.76102352e-01 2.99775600e-01 1.34449601e-02
    3.65706980e-02 5.34120440e-01 2.78131485e-01 1.39617801e-01
    9.66545641e-01 8.15649390e-01 4.49907303e-01 3.87249231e-01
    6.09134257e-01 4.65652645e-02 2.44626582e-01 3.31315637e-01
    6.13465726e-01 9.86967742e-01 7.48322010e-01 9.57779169e-01
    8.61214638e-01 7.65416801e-01 1.68137312e-01 5.42112052e-01
    6.90847516e-01 4.03275162e-01 9.67407107e-01 8.56644511e-01
    6.69985116e-02 4.12694007e-01 4.55646545e-01 3.57202649e-01
    7.17676044e-01 2.04750091e-01 4.15852398e-01 1.71708822e-01
    5.12344837e-01 2.64537156e-01 6.44123197e-01 9.18880999e-01
    9.89494324e-01 8.61579776e-01 6.24194264e-01 5.83021164e-01
    3.62531602e-01 9.32910502e-01 6.80117846e-01 1.82269126e-01
    4.33320999e-02 3.84845644e-01 5.42607307e-01 4.61301059e-01
    5.37646472e-01 1.08908325e-01 4.01517987e-01 8.56606364e-01
    6.59394979e-01 8.21423292e-01 8.32837462e-01 5.68549633e-01
    2.76253819e-02 7.74044216e-01 5.70547044e-01 7.66132951e-01
    7.36137986e-01 5.78480482e-01 3.74997914e-01 2.05020308e-01
    4.49251622e-01 5.94725847e-01 2.96589971e-01 6.36125922e-01
    6.86112404e-01 7.50587344e-01 6.55186057e-01 6.18754089e-01
    3.19523692e-01 4.08504784e-01 6.73724711e-02 2.39703357e-01
    4.04620230e-01 9.25697088e-01 8.63408625e-01 7.37996578e-01
    5.80377996e-01 3.63189578e-02 5.04671693e-01 1.20917559e-02
    6.18788481e-01 7.15383530e-01 5.27776361e-01 3.11790407e-01
    9.14145231e-01 2.53603458e-01 9.41216707e-01 6.22442365e-01
    5.10658562e-01 8.29319000e-01 5.41722834e-01 6.54610097e-01
    9.00942743e-01 4.16475803e-01 7.90090084e-01 3.25413883e-01
    8.72468472e-01 4.35177445e-01 2.44109929e-01 2.55665451e-01
    4.85432982e-01 9.43549991e-01 8.38861823e-01 2.27116555e-01
    6.16007626e-01 3.37491691e-01 4.82674003e-01 3.99699867e-01
    6.78572953e-02 2.50627667e-01 1.53227746e-02 9.03165638e-01
    1.86799884e-01 1.24811113e-01 2.97446847e-02 7.30342686e-01
    9.99283552e-01 8.18508863e-01 4.21421766e-01 5.71225941e-01
    7.31594861e-01 5.72889924e-01 7.58000970e-01 2.00180948e-01
    1.63790673e-01 3.44609201e-01 1.70170009e-01 7.82249689e-01
    6.98680401e-01 9.16683972e-02 6.36815727e-02 3.52321863e-02
    7.54717112e-01 2.76202679e-01 1.87268555e-01 6.17047906e-01
    7.47657001e-01 9.19707894e-01 2.01097637e-01 8.43698919e-01
    3.88959795e-01 8.52507234e-01 9.04909968e-01 9.80691016e-02
    1.78889602e-01 8.87658596e-01 3.21858287e-01 8.30965877e-01
    7.14137852e-01 7.37183988e-01 2.08241343e-02 7.54249930e-01
    2.62628824e-01 4.96204764e-01 7.90016055e-01 2.66361982e-01
    4.63895142e-01 1.69608891e-02 5.82350135e-01 8.11015248e-01
    7.76304305e-01 1.37787551e-01 8.80542874e-01 4.64335859e-01
    6.76207662e-01 7.99132347e-01 7.25591898e-01 6.61417842e-01
    2.17885017e-01 6.92944705e-01 3.77103835e-01 3.88515711e-01
    7.69319892e-01 2.00964808e-02 2.97866523e-01 6.40732348e-02
    9.13640141e-01 8.73477101e-01 7.72194624e-01 3.21801245e-01
    6.08964026e-01 4.86865997e-01 4.18061435e-01 9.34935987e-01
    8.68529677e-02 2.90237665e-01 1.32227778e-01 1.65087044e-01
    4.72744852e-01 4.51098561e-01 8.99562120e-01 8.84730339e-01
    1.34831935e-01 3.93240273e-01 5.16732872e-01 6.65766001e-01
    7.65346229e-01 2.37618744e-01 9.81309414e-01 1.19948536e-01
    4.85207766e-01 5.99971831e-01 9.35112834e-02 7.25808799e-01
    2.24952012e-01 3.97585481e-01 7.08004057e-01 4.80238169e-01
    4.65552092e-01 2.11114466e-01 7.14446962e-01 8.50728750e-01
    5.12663841e-01 9.51355934e-01 1.24795467e-01 1.07287079e-01
    2.49584615e-02 3.99963409e-01 6.82573497e-01 1.07191294e-01
    3.91451836e-01 5.88112056e-01 8.98639679e-01 2.61495948e-01
    9.24773216e-01 3.98743719e-01 5.83148003e-02 7.42931843e-01
    7.04846084e-01 3.58887494e-01 4.04587477e-01 9.52060282e-01
    8.79032254e-01 5.24385989e-01 8.44075799e-01 6.45108998e-01
    1.04100108e-02 4.29438680e-01 2.40938008e-01 5.23859978e-01
    8.45348537e-02 5.89031219e-01 2.52314389e-01 7.35246062e-01
    2.25675195e-01 5.97791433e-01 6.28529966e-01 3.29114228e-01
    1.60577476e-01 5.48167944e-01 2.93523669e-01 4.67320055e-01
    9.41466808e-01 8.70973468e-01 6.03907704e-02 5.79985738e-01
    1.00783408e-02 7.50817895e-01 3.42624843e-01 6.25633001e-01
    1.27207637e-02 8.32425833e-01 2.23459452e-01 4.06712949e-01
    7.15319037e-01 5.04398108e-01 4.26039398e-02 1.95879698e-01
    1.26254171e-01 1.30821228e-01 7.22585618e-01 2.60842204e-01
    1.74195737e-01 2.76216060e-01 4.86858368e-01 2.18921930e-01
    7.10252285e-01 6.29191041e-01 4.75438684e-01 9.84302640e-01
    3.38783860e-03 5.84969282e-01 6.91215038e-01 7.57771611e-01
    5.56621075e-01 4.79476064e-01 7.14201152e-01 3.50808859e-01
    8.38590264e-01 4.69911873e-01 3.53323042e-01 4.32432383e-01
    6.27747595e-01 1.05309010e-01 9.44507599e-01 3.33866179e-02
    7.41753280e-01 9.39758599e-01 8.17062497e-01 7.69610882e-01
    9.07328486e-01 4.94374633e-02 2.10077196e-01 3.66845489e-01
    8.89170170e-01 6.46936536e-01 2.47594416e-02 8.99747133e-01
    5.80203712e-01 5.28693080e-01 9.52075362e-01 7.32948720e-01
    1.62538797e-01 9.59229231e-01 8.77376914e-01 8.95471394e-01
    7.38634586e-01 6.41249061e-01 9.27718580e-01 2.54576921e-01
    8.22843909e-02 5.56248128e-02 2.00954795e-01 2.57087767e-01
    5.53696275e-01 7.45719552e-01 7.92628109e-01 9.69645739e-01
    1.42915994e-01 9.44762945e-01 2.35128403e-02 9.26366985e-01
    1.14745229e-01 7.47058272e-01 9.07620490e-01 2.26661682e-01
    9.01684523e-01 2.31975526e-01 7.03759491e-02 8.22199345e-01
    4.65980917e-01 5.73255599e-01 6.14792228e-01 3.40999305e-01
    4.48363721e-01 6.10983610e-01 5.74061334e-01 3.34246218e-01
    3.51590395e-01 4.60134059e-01 2.23572105e-01 7.96468258e-02
    4.99127865e-01 6.80933833e-01 9.88416910e-01 5.89691341e-01
    3.22206169e-01 9.60284233e-01 3.06999445e-01 5.19942820e-01
    7.98492312e-01 6.35843813e-01 6.53522849e-01 4.88587767e-01
    6.59195781e-01 6.56112432e-02 2.18308449e-01 5.54434538e-01
    8.45385611e-01 1.83716208e-01 9.80922699e-01 2.42596477e-01
    5.71642220e-02 4.32237864e-01 7.36659944e-01 8.95446658e-01
    2.43801236e-01 4.15774465e-01 9.49273169e-01 7.61867046e-01
    8.09997797e-01 6.31097913e-01 7.64537334e-01 9.59676027e-01
    8.41082335e-01 7.26804078e-01 5.79408526e-01 5.16039908e-01
    2.21242726e-01 5.46746135e-01 3.13928366e-01 7.58928657e-01
    3.38976264e-01 6.57593727e-01 7.88907170e-01 6.22022212e-01
    5.27814031e-02 2.19304264e-01 2.18265146e-01 3.63555640e-01
    8.00587296e-01 5.78759611e-01 2.77719140e-01 4.63728845e-01
    9.67188358e-01 4.78254646e-01 5.85044980e-01 4.31650996e-01
    1.79312050e-01 4.14832145e-01 2.55560994e-01 8.66755545e-02
    4.25278187e-01 1.77413940e-01 7.93901801e-01 5.52308798e-01
    6.40669465e-03 1.36264443e-01 4.77935851e-01 3.13376129e-01
    6.65144801e-01 5.46669126e-01 6.28795505e-01 5.10410428e-01
    4.49681908e-01 6.82225883e-01 8.17742229e-01 9.64648724e-01
    5.35370708e-01 3.35554749e-01 5.04661500e-02 6.63902462e-02
    5.79986930e-01 2.92288661e-02 7.32803702e-01 8.74370992e-01
    4.63039577e-02 6.02216423e-02 5.62588096e-01 4.74979103e-01
    4.87744212e-01 9.53279495e-01 3.85475069e-01 9.80692029e-01
    9.91039991e-01 5.99518418e-01 6.28420949e-01 7.62798071e-01
    9.63962972e-01 4.54511762e-01 6.52649760e-01 7.30984628e-01
    4.29942161e-01 2.45525628e-01 1.78709120e-01 5.25074542e-01
    5.87710142e-01 2.15281665e-01 6.43579960e-01 7.39870965e-01
    1.97592735e-01 7.28206873e-01 6.98338628e-01 9.71561670e-01
    2.83504188e-01 5.19373417e-01 2.19763070e-01 7.59364963e-01
    1.35967016e-01 2.03065902e-01 6.16683602e-01 8.41429830e-03
    2.39803970e-01 5.16609907e-01 3.11583370e-01 4.53790605e-01
    3.68671596e-01 8.19826186e-01 7.00633228e-01 7.15112686e-01
    1.86012805e-01 3.49157512e-01 9.78570938e-01 2.66211987e-01
    3.68481636e-01 3.39204073e-01 6.85716748e-01 4.94826913e-01
    4.07805085e-01 1.45756006e-01 3.09643507e-01 6.04172647e-02
    5.78583121e-01 4.59552974e-01 9.36552048e-01 6.51179492e-01
    3.14079642e-01 4.34353292e-01 9.77247357e-01 4.25289840e-01
    1.73906833e-01 6.28191352e-01 3.94048750e-01 4.20735955e-01
    3.09062958e-01 7.78502107e-01 9.50343132e-01 2.31075287e-02
    5.52454650e-01 6.90725386e-01 1.33297950e-01 4.79639798e-01
    2.01994359e-01 3.59124660e-01 7.73062527e-01 9.00116146e-01
    5.62637985e-01 8.09344530e-01 1.78007990e-01 1.00777745e-02
    6.13086224e-01 1.43019855e-01 5.95744848e-01 6.94078922e-01
    2.63669044e-01 7.60188758e-01 8.12641084e-01 5.94870925e-01
    7.65324533e-02 9.22324061e-01 8.85498524e-03 3.54920149e-01
    8.94184470e-01 6.77031696e-01 1.13026649e-01 3.41566950e-01
    9.07224894e-01 6.28699780e-01 8.16134691e-01 9.75855529e-01
    2.74772882e-01 5.22674739e-01 6.66303635e-02 3.62420112e-01
    6.82748020e-01 7.84912884e-01 1.94306046e-01 9.77450490e-01
    3.67354274e-01 2.80144870e-01 9.46517229e-01 9.94386077e-01
    7.41778493e-01 6.98737621e-01 8.44706535e-01 7.53946185e-01
    9.35546935e-01 2.07933784e-03 4.41240877e-01 2.70212710e-01
    6.58086836e-02 6.07928336e-01 2.48409867e-01 7.71917820e-01
    7.77634263e-01 8.82540345e-01 9.75181997e-01 4.93230492e-01
    9.62228894e-01 1.97867751e-01 8.46719146e-01 3.49769950e-01
    1.54640704e-01 7.66433179e-01 9.70853567e-02 6.28803313e-01
    8.76088858e-01 1.69518441e-01 3.91299635e-01 5.12405336e-01
    3.07319283e-01 5.22563636e-01 7.46902347e-01 8.98936987e-01
    6.23134077e-01 7.67055154e-02 6.88386083e-01 8.88230324e-01
    9.65895891e-01 5.20318985e-01 9.51245785e-01 3.79883736e-01
    1.41921312e-01 3.90251875e-02 8.71035755e-02 6.28619552e-01
    7.43228853e-01 7.47624636e-02 9.47519660e-01 8.05568099e-01
    5.52190125e-01 7.32736290e-01 6.12823963e-01 1.98852718e-02
    8.18477690e-01 6.31299317e-02 3.68717194e-01 7.67946541e-01
    5.10913074e-01 7.87377000e-01 1.77071661e-01 6.04624391e-01
    3.34473431e-01 8.59018207e-01 9.54944491e-01 1.92552388e-01
    6.87062979e-01 3.42662930e-02 1.34059310e-01 2.92652547e-01
    6.19995713e-01 9.21874166e-01 9.46018934e-01 9.23672318e-03
    4.38451886e-01 1.04649931e-01 4.77358103e-01 9.14003432e-01
    8.78085971e-01 9.67952013e-01 7.68259943e-01 5.73618650e-01
    9.80921447e-01 5.69259822e-02 1.38043791e-01 4.57005620e-01
    9.14735556e-01 6.72002554e-01 8.58947277e-01 8.71265769e-01
    5.40953279e-02 6.94489121e-01 8.17700505e-01 8.65043879e-01
    9.68049467e-02 9.88663435e-01 1.82631940e-01 9.99823451e-01
    1.82012767e-01 4.03728843e-01 9.07869577e-01 6.61158621e-01
    5.00747204e-01 8.14498723e-01 3.19456935e-01 2.51144648e-01
    9.84111965e-01 2.68965423e-01 7.85423398e-01 4.43965793e-02
    6.14382565e-01 1.56347394e-01 5.77568829e-01 5.78351140e-01
    2.25289017e-01 3.35538805e-01 5.43725491e-01 8.89762640e-02
    2.51735389e-01 9.82070923e-01 5.63632488e-01 1.17780179e-01
    6.74423575e-02 6.08384073e-01 8.95146370e-01 7.85988867e-02
    3.99127722e-01 6.43403351e-01 4.20055836e-01 4.37432438e-01
    8.94317448e-01 6.20638013e-01 9.34021950e-01 8.07564735e-01
    7.49024332e-01 9.80682373e-01 3.26430768e-01 6.84539914e-01
    7.12094188e-01 7.20787227e-01 4.17912900e-01 2.21713901e-01
    7.70851672e-01 6.02793813e-01 1.03825629e-01 1.71196371e-01
    3.33218694e-01 1.65135026e-01 1.10778123e-01 1.95428401e-01
    6.35730624e-01 5.91674209e-01 8.74916315e-01 6.99522138e-01
    7.15083480e-02 2.17507988e-01 5.91522276e-01 8.99672985e-01
    7.82748759e-02 9.07445788e-01 3.64786029e-01 8.65723431e-01
    3.61566305e-01 6.55992627e-02 2.82224983e-01 3.32418323e-01
    8.89561176e-01 3.51029277e-01 4.74845469e-02 7.43161798e-01
    3.19032401e-01 2.19916761e-01 9.53930497e-01 4.98817056e-01
    7.86989808e-01 4.79215920e-01 2.03817636e-01 3.20747733e-01
    5.80792248e-01 7.58097768e-01 3.45252663e-01 6.75043643e-01
    9.06782329e-01 1.84379697e-01 5.88251770e-01 2.95190632e-01
    9.72118616e-01 3.57279778e-01 8.31313670e-01 3.72050285e-01
    4.89723533e-01 4.46353555e-02 7.18324304e-01 2.43597388e-01
    2.24387616e-01 8.44412565e-01 1.95780456e-01 5.22385359e-01
    1.12852991e-01 5.81887484e-01 1.46337926e-01 9.35919404e-01
    5.14607906e-01 7.37849891e-01 8.27088356e-01 9.96097207e-01
    8.64660084e-01 5.20134330e-01 6.49088025e-01 2.73651928e-01
    2.89895773e-01 3.56783271e-01 7.13901997e-01 3.22813094e-01
    9.84522820e-01 5.39079785e-01 7.41956234e-01 2.53170460e-01
    2.59277105e-01 7.14785755e-01 8.89048576e-01 5.96328497e-01
    2.34550506e-01 6.75537884e-01 1.80070847e-01 2.40597069e-01
    9.81637239e-01 8.89585018e-01 2.03603446e-01 3.97565067e-02
    8.95123482e-01 2.89459527e-01 8.26864600e-01 5.42109668e-01
    6.07124805e-01 9.61053491e-01 3.84962827e-01 5.85958838e-01
    7.39653230e-01 3.05660963e-01 5.43782711e-01 7.31823623e-01
    2.14860141e-01 2.37819493e-01 2.59888470e-01 5.96684992e-01
    2.77868390e-01 2.72634923e-01 8.68022442e-01 6.16412044e-01
    5.42077720e-02 6.73917294e-01 5.12374341e-01 6.76717818e-01
    6.43047452e-01 1.15516454e-01 9.61098313e-01 7.45786250e-01
    4.09731835e-01 3.14502209e-01 8.38555098e-01 4.69502211e-02
    5.93491077e-01 8.58442187e-01 5.62369227e-01 2.90528715e-01
    8.91324043e-01 4.49279457e-01 2.24208504e-01 5.34697294e-01
    1.14728153e-01 6.72024608e-01 6.68724537e-01 2.51354486e-01
    3.17578405e-01 1.53318495e-01 2.05100447e-01 4.11707431e-01
    5.34994364e-01 9.66691971e-01 8.57932985e-01 9.06919956e-01
    9.59130645e-01 2.75920749e-01 1.86390489e-01 1.46014482e-01
    5.29706180e-01 2.51002073e-01 2.16403961e-01 4.11078453e-01
    8.76246870e-01 2.07070380e-01 3.35839689e-02 5.74145555e-01
    1.25341535e-01 5.98356366e-01 4.79178816e-01 6.91696703e-02
    1.22124076e-01 5.44680834e-01 7.05065906e-01 9.28285718e-02
    1.24499232e-01 2.22498983e-01 6.03155613e-01 2.34734446e-01
    9.12215054e-01 9.87929523e-01 4.22709018e-01 7.74109900e-01
    3.60765100e-01 4.27206874e-01 2.33386695e-01 5.38045228e-01
    5.46816230e-01 2.62826264e-01 2.44908690e-01 3.07055414e-02
    3.33713293e-01 1.09817624e-01 9.05383110e-01 3.21669161e-01
    5.89268863e-01 7.36048818e-02 3.95952642e-01 7.58974075e-01
    5.49078405e-01 9.47473288e-01 7.84277678e-01 3.02934676e-01
    6.22431695e-01 2.39906609e-02 3.86926264e-01 1.23979509e-01
    7.89401054e-01 9.39010262e-01 9.67598557e-01 1.36881441e-01
    3.59141827e-02 6.79460764e-01 6.52052462e-01 8.18215489e-01
    1.86690718e-01 4.64425236e-01 7.41255879e-01 2.49054641e-01
    2.17183173e-01 5.61560035e-01 3.09185386e-02 7.58614421e-01
    2.33574122e-01 5.74364066e-01 6.17125750e-01 4.38557416e-01
    9.56923962e-01 5.66725135e-01 2.01534510e-01 2.00873792e-01
    3.59675288e-01 3.27682257e-01 8.29830170e-01 9.15993571e-01
    8.68832111e-01 6.09957397e-01 5.72750151e-01 8.53651762e-01
    8.33953738e-01 1.74910158e-01 8.06793451e-01 8.81503761e-01
    5.69041669e-01 1.76280469e-01 5.33165991e-01 9.11634922e-01
    9.72123265e-01 4.18322027e-01 4.78832781e-01 6.65550709e-01
    4.96844649e-02 1.10498697e-01 8.55815053e-01 3.55354488e-01
    8.60802889e-01 4.56922978e-01 6.46436095e-01 1.93488061e-01
    2.59705305e-01 2.99573660e-01 2.82036960e-01 3.99928808e-01
    1.38622016e-01 4.72287387e-01 7.86110163e-01 5.10042906e-01
    9.00294065e-01 2.27378398e-01 5.54941952e-01 1.12273276e-01
    8.63134801e-01 6.64638340e-01 9.97349620e-01 4.18303967e-01
    6.02792978e-01 6.92499995e-01 3.98650289e-01 2.88331866e-01
    6.05578959e-01 4.72503990e-01 4.88279611e-01 6.11522198e-02
    3.91938627e-01 3.80572379e-02 1.99291170e-01 2.77943850e-01
    7.18555987e-01 4.27822948e-01 4.89490896e-01 6.66253328e-01
    2.81602859e-01 8.42212200e-01 8.78979564e-01 9.32757556e-01
    7.66685367e-01 7.13851988e-01 9.48117137e-01 7.85553336e-01
    9.14708078e-02 5.01808524e-03 8.57390463e-02 7.81475663e-01
    6.42674685e-01 3.96822572e-01 3.77169400e-01 9.22401309e-01
    9.49486792e-01 2.15108693e-01 7.18002141e-01 1.96918041e-01
    8.22122455e-01 5.73296547e-01 3.70259821e-01 7.37437129e-01
    8.69303346e-01 6.09329939e-01 4.87966746e-01 7.89915919e-01
    9.80538011e-01 8.94794166e-02 9.55776513e-01 2.49232560e-01
    1.30351692e-01 8.47858548e-01 2.05349863e-01 2.79044211e-01
    8.49224269e-01 1.13134265e-01 8.31188798e-01 1.60631716e-01
    4.46405888e-01 6.29635274e-01 9.51838017e-01 3.54387015e-01
    9.25630331e-01 1.79524422e-02 6.38529956e-02 4.08741981e-01
    7.37444460e-01 3.15915644e-02 2.46508330e-01 9.96268868e-01
    2.87507862e-01 9.27315116e-01 7.78676689e-01 3.61527473e-01
    6.94832385e-01 5.28400481e-01 7.18528628e-01 3.86080354e-01
    2.42714882e-01 1.06006116e-01 6.18716776e-01 3.62974346e-01
    9.36954975e-01 2.75580615e-01 7.82519937e-01 8.71784985e-01
    3.84321511e-01 4.54325795e-01 9.87693965e-01 8.69154453e-01
    6.36295140e-01 2.82685339e-01 5.04382610e-01 8.22489142e-01
    3.20902318e-01 8.26729596e-01 2.00258166e-01 8.20307016e-01
    6.96040213e-01 2.56621003e-01 9.78733540e-01 2.43806511e-01
    5.91943204e-01 5.31972647e-02 8.20165634e-01 4.73376185e-01
    7.48423934e-01 5.89016259e-01 5.64220130e-01 6.60006702e-01
    5.89866996e-01 5.46165943e-01 7.31586218e-01 1.56669319e-01
    7.02817559e-01 8.69536281e-01 6.45525455e-02 6.14952028e-01
    5.81092358e-01 2.46533483e-01 8.67678821e-01 5.40143967e-01
    2.44581789e-01 1.29159421e-01 5.42670488e-04 1.27361029e-01
    3.61968875e-01 7.92665720e-01 1.99643224e-01 2.76453793e-01
    7.48828590e-01 4.19790953e-01 3.03658783e-01 8.12721550e-01
    2.97071278e-01 6.78909659e-01 5.22172332e-01 1.25059485e-01
    7.28507519e-01 3.38142931e-01 4.71388996e-01 7.41089165e-01
    6.09861851e-01 8.38271499e-01 8.94490123e-01 2.91310549e-01
    8.36416841e-01 2.60204494e-01 1.29431874e-01 7.57426977e-01
    7.58954763e-01 4.62949902e-01 2.14006394e-01 5.89719772e-01
    6.18918121e-01 5.74058414e-01 3.00145447e-01 2.56990790e-01
    4.03594732e-01 8.99685979e-01 5.11863053e-01 3.94491702e-01
    7.16679335e-01 3.04805398e-01 6.11131966e-01 6.92660511e-01
    2.38529056e-01 4.87953395e-01 4.50020552e-01 4.90633219e-01
    5.50427139e-01 5.21380007e-01 6.46882474e-01 5.70920408e-01
    3.63777936e-01 6.45182252e-01 4.25197721e-01 8.15028846e-01
    4.15149391e-01 5.68430007e-01 8.29497337e-01 9.75558162e-01
    6.54111743e-01 9.73383546e-01 5.93910158e-01 6.66002035e-01
    8.26393962e-02 7.40465522e-03 7.84340501e-01 9.68617141e-01
    8.25641036e-01 1.85594022e-01 8.43744278e-01 3.81352782e-01
    9.08022463e-01 7.19254732e-01 9.85052288e-01 9.10566688e-01
    2.31137037e-01 7.42710173e-01 7.28741169e-01 1.27434731e-04
    2.82260805e-01 1.99977160e-01 8.67864966e-01 4.28856939e-01
    9.02198911e-01 8.38285804e-01 3.28617752e-01 3.01141351e-01
    4.59002793e-01 3.32236409e-01 4.29858834e-01 5.26080966e-01
    7.93857634e-01 3.21617603e-01 2.73209959e-01 4.05477077e-01
    8.28674793e-01 8.13116074e-01 9.16774631e-01 6.84139729e-02
    5.91736138e-01 7.36417770e-01 4.56432164e-01 5.62158227e-01
    4.19947505e-02 6.95514560e-01 5.40570855e-01 2.44319439e-03
    5.02176166e-01 5.87629199e-01 3.72830898e-01 8.91394556e-01
    2.32449085e-01 6.43243790e-01 6.62860453e-01 8.90743971e-01
    2.06314504e-01 8.31948400e-01 6.38498425e-01 6.64023638e-01
    7.16028035e-01 5.31132340e-01 8.25823784e-01 2.79573739e-01
    5.68439901e-01 5.29242158e-01 3.02910805e-01 9.36785281e-01
    6.52729988e-01 1.66767478e-01 2.48718262e-01 1.50051326e-01
    8.61148179e-01 5.12274802e-01 4.81787801e-01 1.77217484e-01
    1.52768195e-02 4.74975556e-01 9.81581450e-01 5.37642896e-01
    9.09884810e-01 4.69676495e-01 3.27619255e-01 1.27870470e-01
    8.36987495e-01 4.26058412e-01 9.92110133e-01 6.27151430e-01
    2.53912747e-01 4.83747602e-01 7.56011188e-01 6.15973651e-01
    3.21862876e-01 6.61369979e-01 6.67151332e-01 1.05623901e-01
    6.25512421e-01 3.61239374e-01 7.16751814e-01 5.60353100e-02
    1.93409711e-01 9.08963203e-01 9.38434005e-02 2.56355405e-01
    2.79691070e-01 9.70347166e-01 7.93196797e-01 8.30051064e-01
    8.71620178e-01 6.18981600e-01 1.20748430e-01 3.57895136e-01
    5.52609026e-01 3.72134775e-01 2.31116831e-01 3.74016166e-01
    8.71609569e-01 7.69961953e-01 6.29358649e-01 9.79533970e-01
    7.56251931e-01 4.18806016e-01 3.38034630e-02 2.83264846e-01
    7.75562763e-01 3.22713137e-01 6.90324724e-01 2.08438814e-01
    9.88992453e-02 9.29491758e-01 3.93675148e-01 2.39791721e-01
    4.30674732e-01 8.96810591e-01 1.62064463e-01 6.78475976e-01
    2.73097694e-01 8.10866356e-01 7.10938632e-01 3.71723771e-01
    8.72525811e-01 1.18444264e-02 5.08413076e-01 7.88690925e-01
    1.96824700e-01 1.70908540e-01 8.62154484e-01 4.26524192e-01
    5.02231896e-01 2.69900262e-02 3.04032356e-01 1.13576591e-01
    9.30374682e-01 8.94234180e-02 7.97074080e-01 1.89653665e-01
    4.32550132e-01 5.53415298e-01 6.48831487e-01 3.11990619e-01
    7.37283647e-01 8.07387352e-01 9.90028083e-01 2.70585299e-01
    1.35026038e-01 2.15449631e-01 2.28612006e-01 1.13240182e-01
    7.99436152e-01 6.75091445e-01 3.47682565e-01 3.11862439e-01
    6.16229773e-02 7.60961175e-02 2.97594279e-01 9.70046699e-01
    6.07647598e-01 5.99596798e-02 2.47835577e-01 5.66694140e-01
    1.26737326e-01 5.78265667e-01 4.76319164e-01 6.96192384e-02
    2.86799848e-01 6.70103967e-01 5.62252998e-01 9.31739509e-02
    7.63270319e-01 3.69150013e-01 5.50809860e-01 8.82722735e-01
    5.15267789e-01 2.80898929e-01 9.63669658e-01 2.21675098e-01
    7.74802089e-01 8.41444731e-02 4.47143942e-01 9.16966319e-01
    3.76492679e-01 3.04375857e-01 3.71896327e-02 2.77317017e-01
    5.30884802e-01 3.70759368e-02 6.75686181e-01 5.47210932e-01
    7.34224916e-01 1.17398560e-01 8.49221051e-01 1.30137950e-01
    6.69683099e-01 1.90129042e-01 8.39494348e-01 9.58613217e-01
    1.73113555e-01 4.06140327e-01 4.41730946e-01 4.99016553e-01
    1.76872492e-01 9.83284593e-01 5.28189123e-01 9.91035700e-01
    9.14544582e-01 8.64216983e-01 9.27429676e-01 6.57957673e-01
    7.53610611e-01 1.91400111e-01 4.91127908e-01 6.32169306e-01
    6.64135218e-02 4.08519030e-01 9.67227817e-01 6.59913719e-02
    1.06925666e-02 9.41101909e-02 7.84243107e-01 5.01807690e-01
    5.03778458e-01 2.51141071e-01 7.89742708e-01 3.05707753e-01
    7.16652334e-01 9.63479877e-01 1.12596005e-01 9.77623701e-01
    3.71237099e-01 4.97151792e-01 7.52857208e-01 4.30490553e-01
    6.01160645e-01 3.68751585e-01 5.21811008e-01 2.66280234e-01
    2.82493800e-01 7.69841969e-01 9.92679596e-01 3.34773004e-01
    5.14181793e-01 5.99038661e-01 1.32397294e-01 2.28433549e-01
    8.85798812e-01 9.60469902e-01 4.46490258e-01 3.14708650e-01
    4.25053596e-01 2.09046036e-01 2.85635591e-01 1.86758310e-01
    5.20025432e-01 4.36412901e-01 6.79366350e-01 1.98217928e-01
    4.03012574e-01 9.06442404e-02 3.65869731e-01 3.88541698e-01
    4.73019779e-02 4.87993687e-01 6.16594374e-01 2.26403028e-01
    7.44044483e-01 3.94939989e-01 6.93587661e-01 2.81870306e-01
    5.98321140e-01 5.70981085e-01 2.89030015e-01 1.21073693e-01
    5.21731555e-01 1.18761152e-01 8.65745425e-01 6.10355437e-01
    3.79884601e-01 7.35404670e-01 4.96070981e-01 1.04784191e-01
    3.23984206e-01 3.07278872e-01 1.89800650e-01 6.40278816e-01
    8.16625357e-01 7.19396770e-01 6.65176511e-01 6.02331579e-01
    5.24013519e-01 5.37922382e-01 6.12327754e-02 9.25440252e-01
    2.09615707e-01 8.60989094e-01 7.15719819e-01 7.23585784e-01
    6.68975592e-01 1.85192406e-01 4.52027977e-01 3.12975407e-01
    9.91833925e-01 2.98444271e-01 7.99058437e-01 1.15127176e-01
    5.79723954e-01 4.31399643e-01 7.51464665e-01 7.24654734e-01
    7.96191454e-01 3.03595722e-01 6.67246938e-01 6.74119592e-01
    3.25354517e-01 5.06853521e-01 9.97966886e-01 6.40684605e-01
    6.28038406e-01 4.62733030e-01 7.52426028e-01 7.07981408e-01
    9.16142762e-01 4.89903390e-02 9.29766417e-01 9.44232523e-01
    4.71072495e-01 7.28151083e-01 5.41738153e-01 1.62035018e-01
    4.69178259e-02 6.36703968e-01 2.61385351e-01 2.10807830e-01
    9.56312537e-01 4.94003594e-02 4.56597179e-01 7.53020167e-01
    7.34146595e-01 3.55054677e-01 4.44592118e-01 2.30000854e-01
    9.00559187e-01 7.26665378e-01 7.64491558e-01 1.62944943e-01
    9.88359511e-01 7.37993717e-01 1.21338069e-01 2.39209563e-01
    7.18699694e-01 4.86298382e-01 2.17652053e-01 8.19015861e-01
    2.61411071e-03 2.95572698e-01 5.48709691e-01 1.45559341e-01
    4.43412453e-01 6.43342316e-01 2.18342096e-01 5.85513592e-01
    3.31038862e-01 7.12416172e-02 4.63898510e-01 5.14602005e-01
    2.17466384e-01 1.61312968e-01 3.45940590e-02 7.18079031e-01
    3.42095703e-01 3.30052316e-01 3.90953779e-01 9.68540907e-01
    8.19984555e-01 6.22305989e-01 8.49146545e-02 6.95217729e-01
    2.98147798e-01 4.09515411e-01 7.35938966e-01 6.63380504e-01
    6.40879869e-02 6.12215757e-01 7.81463623e-01 5.14993072e-02
    8.15054297e-01 7.22193897e-01 1.18759036e-01 4.83476132e-01
    9.06128407e-01 3.14553499e-01 6.26923025e-01 7.14746296e-01
    2.40893006e-01 2.21503943e-01 2.27666706e-01 8.04191172e-01
    3.85387093e-01 8.56380939e-01 1.70152038e-01 6.26294076e-01
    3.01356673e-01 2.79834867e-01 6.93409383e-01 1.26216054e-01
    4.82555866e-01 1.37615710e-01 5.39928615e-01 3.27361524e-02
    9.33602452e-01 6.50940776e-01 5.01915932e-01 4.45751399e-01
    3.14614594e-01 3.97533387e-01 1.45948619e-01 5.56262195e-01
    3.92461568e-01 6.67697191e-01 8.94995749e-01 1.63817674e-01
    2.40379572e-03 8.65629256e-01 1.28757894e-01 8.54190886e-01
    7.45392084e-01 6.83776736e-01 8.69887233e-01 4.91222858e-01
    8.74231517e-01 8.71327758e-01 9.71090019e-01 8.99205804e-02
    1.99091911e-01 7.98149943e-01 4.77463305e-01 2.74153382e-01
    7.19668865e-02 9.91415381e-01 8.92794430e-01 1.73384756e-01
    3.39922756e-01 4.18702215e-01 3.30248475e-02 5.13991952e-01
    2.02757686e-01 8.60243201e-01 6.01142883e-01 1.51959836e-01
    9.33201313e-01 4.16082382e-01 4.13276404e-01 5.66242695e-01
    5.59086144e-01 6.70380592e-02 9.54464018e-01 9.04214621e-01
    3.92469406e-01 7.86374807e-02 6.59180045e-01 2.05508977e-01
    2.28950500e-01 1.62022829e-01 2.00570703e-01 7.03013420e-01
    2.11587578e-01 7.95664430e-01 7.87786305e-01 9.63807344e-01
    1.95491821e-01 7.92144895e-01 7.68841147e-01 2.85020918e-01
    9.14081633e-02 9.54380810e-01 9.70489502e-01 2.77211517e-01
    5.39860845e-01 3.06811690e-01 3.38304400e-01 7.92030334e-01
    7.41378009e-01 3.60217392e-01 3.36464524e-01 2.29968637e-01
    3.29950958e-01 5.92035115e-01 7.04667628e-01 4.31721091e-01
    3.57621193e-01 7.72895157e-01 1.39388531e-01 8.21176767e-01
    2.31099099e-01 1.16699696e-01 3.14902008e-01 6.68203115e-01
    6.74464405e-02 1.02411032e-01 8.18104088e-01 8.21450114e-01
    1.63373739e-01 6.46162689e-01 5.41196108e-01 9.06053960e-01
    3.19895416e-01 4.20566201e-01 3.60371679e-01 1.91081583e-01
    3.31481636e-01 4.46872205e-01 2.65207052e-01 8.24085772e-02
    4.33401227e-01 1.82426512e-01 5.85739613e-02 1.19558185e-01
    4.19836044e-01 9.81175601e-02 5.55765033e-01 2.81696618e-01
    5.48788726e-01 4.90578383e-01 2.43311763e-01 1.47429913e-01
    3.67439091e-02 9.30198789e-01 5.17698228e-01 8.18451524e-01
    7.26824224e-01 3.67737114e-01 5.57891190e-01 3.45091879e-01
    4.45372462e-01 1.37101889e-01 2.67522782e-01 1.50116473e-01
    6.02459669e-01 1.84181899e-01 4.96269077e-01 3.62224400e-01
    2.70166427e-01 3.30920339e-01 4.62866604e-01 1.35055155e-01
    9.30971503e-01 6.21707916e-01 3.91199410e-01 5.60568869e-02
    8.44492257e-01 6.88046336e-01 4.70162958e-01 4.83516842e-01
    2.39951581e-01 2.29585826e-01 5.06269515e-01 2.60641396e-01
    4.20573533e-01 9.72973704e-01 3.80119264e-01 8.77510786e-01
    9.45855498e-01 5.43532312e-01 5.86124003e-01 4.77850437e-03
    8.32058728e-01 4.86644924e-01 2.46505439e-02 3.08802962e-01
    8.55020642e-01 1.96119368e-01 2.02530324e-01 9.51395333e-02
    4.39144403e-01 2.60131538e-01 3.91048789e-02 6.45253599e-01
    3.13807905e-01 2.63787538e-01 9.64552522e-01 9.39816773e-01
    5.96231222e-02 7.70664394e-01 9.56000388e-01 4.60468173e-01
    6.14768267e-02 6.69533372e-01 4.73650724e-01 3.74323100e-01
    8.44408512e-01 2.04548985e-01 7.56865501e-01 6.02991998e-01
    3.14874291e-01 6.38062835e-01 8.76827002e-01 3.31359148e-01
    8.57683241e-01 4.31674391e-01 4.46946502e-01 9.21365917e-02
    2.97930837e-02 9.66537535e-01 5.50350308e-01 2.18422353e-01
    4.99744803e-01 9.54204917e-01 7.10481226e-01 4.83063161e-01
    4.11075950e-02 6.60842478e-01 6.66320622e-01 6.90944314e-01
    3.94596368e-01 6.54375315e-01 9.26834643e-01 2.24424064e-01
    8.25880051e-01 9.63503838e-01 5.49075484e-01 7.09002376e-01
    6.73206151e-01 3.30542326e-02 1.65151358e-01 6.02230787e-01
    8.55275929e-01 7.27797866e-01 7.86302805e-01 1.69816047e-01
    6.86676979e-01 8.23949873e-01 9.15975630e-01 9.66634512e-01
    8.10070515e-01 3.08577716e-02 2.95126796e-01 8.20054889e-01
    5.36320508e-02 9.53532815e-01 8.62991810e-01 6.85416579e-01
    6.40851974e-01 8.15684497e-01 4.61265445e-01 7.68306315e-01
    5.97808480e-01 8.49953532e-01 7.74819016e-01 7.39994287e-01
    1.35007799e-01 1.14835680e-01 2.05392361e-01 4.43670869e-01
    5.56755543e-01 4.82429862e-02 4.40636098e-01 4.15148318e-01
    1.71776801e-01 5.70011795e-01 1.11463308e-01 8.36825371e-02
    8.33118916e-01 2.26832330e-01 3.28780860e-01 3.75997722e-02
    1.03041410e-01 3.98717821e-01 1.32019222e-01 8.09657156e-01
    8.40817750e-01 7.30586052e-03 6.31138623e-01 1.31295741e-01
    6.66525900e-01 8.65032434e-01 7.18893170e-01 6.05574608e-01
    7.52962887e-01 5.10955691e-01 6.32040322e-01 8.74149919e-01
    5.54160953e-01 9.17345285e-01 6.90074742e-01 5.40479600e-01
    6.42087579e-01 1.06098950e-02 7.98709989e-01 1.81288272e-01
    6.00624681e-01 3.59076500e-01 5.19435465e-01 5.98245978e-01
    6.65009499e-01 7.26685047e-01 4.85972643e-01 3.68991494e-03
    1.77013785e-01 6.34230375e-01 8.14399958e-01 5.01915336e-01
    1.89444304e-01 4.62833107e-01 3.29732776e-01 7.62029290e-01
    6.41306937e-02 8.43622446e-01 9.42362547e-01 2.15700358e-01
    8.04720402e-01 4.06707108e-01 7.09527552e-01 1.49551868e-01
    4.10672665e-01 1.49095893e-01 4.88634944e-01 8.74738097e-02
    2.74840772e-01 1.67109013e-01 8.10810566e-01 9.11144674e-01
    6.62901759e-01 5.88023961e-01 7.77102351e-01 5.62022030e-01
    3.93909752e-01 6.96855664e-01 5.41329145e-01 7.30627477e-01
    5.19617915e-01 5.72515368e-01 6.93016469e-01 1.77353621e-02
    4.82952148e-01 6.88947380e-01 4.94952023e-01 1.65380299e-01
    9.29987431e-03 8.66832972e-01 6.70486450e-01 9.39660668e-02
    4.43371087e-01 3.31505835e-01 3.38265657e-01 2.34948099e-02
    8.01795185e-01 8.70784223e-01 1.14963293e-01 4.03845638e-01
    8.43752742e-01 6.92334771e-01 2.41064131e-01 6.20054901e-01
    1.02965981e-01 5.60219944e-01 5.32513380e-01 7.12750673e-01
    9.63667750e-01 8.37553561e-01 9.26612794e-01 5.12875319e-01
    1.65304065e-01 5.51240444e-01 7.14432597e-01 9.92950439e-01
    6.98164463e-01 6.04110122e-01 4.17296618e-01 6.02010548e-01
    2.27047026e-01 3.42488408e-01 8.34480524e-01 3.12741637e-01
    7.38548696e-01 4.02547896e-01 7.49843717e-02 2.64853835e-02
    3.28961849e-01 7.24746823e-01 2.97545910e-01 8.51324618e-01
    9.32045460e-01 7.51412034e-01 6.63131535e-01 7.07342863e-01
    1.74312949e-01 6.23693585e-01 9.71614063e-01 2.16607064e-01
    9.76540148e-01 1.71526968e-02 1.44797057e-01 2.16524035e-01
    8.96982253e-01 1.45546317e-01 4.97756511e-01 4.58771229e-01
    5.45317650e-01 3.87086123e-01 9.18685913e-01 4.20035124e-01
    9.94763613e-01 4.09013659e-01 1.22885704e-02 6.02818012e-01
    5.96361399e-01 3.35440338e-01 4.67148185e-01 4.37153250e-01
    9.84244347e-02 1.85029328e-01 6.02981210e-01 2.78302372e-01
    6.05306625e-01 5.79646945e-01 4.84307826e-01 6.12679124e-03
    2.25217581e-01 6.90976799e-01 3.74174118e-03 7.27557898e-01
    2.55043477e-01 8.62640321e-01 9.73778009e-01 4.74737108e-01
    6.10987365e-01 2.90932953e-01 2.88202286e-01 5.41037858e-01
    7.14842200e-01 4.31532443e-01 3.64659011e-01 2.72846639e-01
    6.54332876e-01 8.67376626e-02 3.61439168e-01 1.35188609e-01
    7.67228544e-01 7.25214541e-01 3.15316677e-01 8.76345336e-02
    8.03845108e-01 7.76960969e-01 9.00559187e-01 3.20298910e-01
    3.63741100e-01 6.84441268e-01 7.47404814e-01 7.00223625e-01
    4.36591506e-02 6.18031204e-01 8.66337776e-01 5.80012560e-01
    2.46807873e-01 8.97122443e-01 6.33309722e-01 8.23361933e-01
    6.70534968e-01 2.09913224e-01 2.92397141e-01 9.82156873e-01
    8.60735893e-01 4.51262832e-01 3.73598158e-01 5.39945006e-01
    5.01101613e-02 4.74213392e-01 7.08960831e-01 7.44065404e-01
    8.95362377e-01 1.17543340e-02 1.84135497e-01 3.44682574e-01
    1.42358214e-01 7.07029641e-01 5.98064780e-01 6.52565360e-02
    5.40743828e-01 4.25407648e-01 6.57312751e-01 2.03189254e-03
    1.70063406e-01 8.81109715e-01 3.97888005e-01 9.70445395e-01
    9.91749287e-01 8.18137765e-01 8.25596213e-01 8.40737045e-01
    7.95920849e-01 5.35885692e-01 9.62033153e-01 1.64420068e-01
    8.80010128e-01 3.05458128e-01 1.07800871e-01 1.29663706e-01
    5.17072678e-01 4.92611527e-01 6.26947045e-01 4.58898365e-01
    4.80881512e-01 1.42536432e-01 7.84276605e-01 6.10574424e-01
    3.33971500e-01 2.36942112e-01 9.33786631e-01 2.24192560e-01
    8.93338442e-01 6.80644035e-01 7.85885811e-01 6.36148870e-01
    8.84850621e-01 4.27089602e-01 7.28908777e-01 1.46936774e-01
    3.81287038e-02 7.18264103e-01 3.52233648e-03 7.44765282e-01
    2.83967793e-01 5.03982544e-01 5.97039759e-01 6.85959637e-01
    9.48406935e-01 7.94880092e-01 9.35432196e-01 5.26016295e-01
    2.37720609e-01 6.63851857e-01 1.55169159e-01 8.52776945e-01
    4.51393247e-01 1.86779648e-01 1.71259612e-01 1.22529715e-01
    1.43235505e-01 8.64630818e-01 1.21732593e-01 4.10696805e-01
    9.14266586e-01 6.52919054e-01 5.22275329e-01 1.42934233e-01
    6.12506270e-01 7.72704363e-01 8.92570972e-01 9.62823927e-01
    2.73410499e-01 2.65833735e-03 8.54103804e-01 3.58783841e-01
    2.05883622e-01 8.96608114e-01 9.49138284e-01 5.37379146e-01
    2.52724707e-01 7.66140521e-02 4.49267626e-02 4.33777541e-01
    1.56435639e-01 7.99888730e-01 8.99278879e-01 3.64567876e-01
    9.57406223e-01 3.80229264e-01 3.01904500e-01 5.07923961e-01
    8.89836311e-01 3.78902495e-01 5.82788110e-01 7.44984388e-01
    5.58358371e-01 4.76348400e-02 1.91289693e-01 6.61418080e-01
    9.92342949e-01 3.93390059e-01 7.61920631e-01 8.63805950e-01
    9.01236773e-01 5.70110023e-01 5.97268820e-01 5.38899720e-01
    3.51826578e-01 3.68665159e-02 8.90955031e-02 3.66505474e-01
    7.35285282e-01 3.77600163e-01 6.92372680e-01 1.13036782e-01
    3.90057683e-01 5.40252388e-01 1.45910680e-01 7.30704784e-01
    7.95290232e-01 3.12398106e-01 9.94719744e-01 2.75353670e-01
    2.95274198e-01 6.56105399e-01 5.99620700e-01 7.67788529e-01
    5.11748612e-01 1.71888322e-01 6.60033345e-01 7.97987580e-01
    4.21574652e-01 8.70711684e-01 7.13173151e-01 7.44258523e-01
    2.29050249e-01 8.40056717e-01 6.00114286e-01 4.24127460e-01
    6.24471426e-01 7.06276894e-01 3.96906972e-01 8.67116511e-01
    7.51097918e-01 5.45643032e-01 6.95185661e-02 7.56228030e-01
    3.35601866e-01 5.42787015e-01 3.96095574e-01 2.42534250e-01
    9.30564880e-01 5.01616240e-01 6.07723832e-01 7.13086247e-01
    4.79858339e-01 9.10661459e-01 1.27638727e-01 9.85474527e-01
    6.11373425e-01 1.89123273e-01 8.79116058e-01 5.27465940e-01
    5.79171717e-01 7.71240115e-01 7.74023652e-01 5.99391580e-01
    2.70342708e-01 8.82207811e-01 9.41061080e-01 7.07832694e-01
    8.70432973e-01 6.44182682e-01 7.02358425e-01 6.16605043e-01
    8.18801999e-01 8.00502539e-01 4.07811344e-01 4.72314805e-01
    9.13813710e-01 7.43248940e-01 8.54091406e-01 1.07690692e-03
    4.15144086e-01 7.42952585e-01 4.33384299e-01 6.55238867e-01
    8.97797287e-01 7.75524855e-01 5.92623472e-01 1.51849598e-01
    7.99861670e-01 1.78681374e-01 3.49605680e-01 1.68111861e-01
    7.45350838e-01 2.81493366e-01 5.35467267e-03 7.96743393e-01
    7.91458249e-01 3.69305372e-01 1.09899014e-01 5.88233292e-01
    4.04860348e-01 2.26139039e-01 6.25785589e-01 2.80612051e-01
    9.55130100e-01 7.32088685e-01 6.23522580e-01 4.07731682e-01
    7.31612742e-02 1.77689910e-01 9.24006939e-01 1.18395984e-02
    3.80533934e-01 7.83224106e-02 4.44361359e-01 1.75322056e-01
    5.63015401e-01 6.97546959e-01 3.38198662e-01 9.90369916e-03
    1.51568651e-03 8.85569394e-01 7.56416321e-02 7.74275899e-01
    3.65115434e-01 4.28927541e-01 4.61829841e-01 7.52706528e-01
    8.74175072e-01 9.16870773e-01 1.63036585e-03 1.89312160e-01
    7.20542669e-03 6.02629840e-01 8.41320634e-01 2.43323773e-01
    7.12394297e-01 1.02396786e-01 2.66602039e-01 6.00805402e-01
    2.11014748e-01 6.03831708e-01 8.04057837e-01 1.06010735e-02
    7.05920100e-01 7.89044976e-01 3.72493595e-01 5.56428850e-01
    6.40415072e-01 5.92783451e-01 8.03204417e-01 7.91314006e-01
    6.54741645e-01 2.42406756e-01 4.92454529e-01 1.90395415e-02
    3.72987270e-01 2.04865038e-01 5.28549075e-01 8.87308717e-01
    3.09958279e-01 3.51725012e-01 2.60057092e-01 9.97890174e-01
    6.41586304e-01 5.79592347e-01 7.76576757e-01 5.63591301e-01
    7.61576116e-01 8.41197968e-01 9.79853749e-01 1.81958556e-01
    9.75667596e-01 3.85969967e-01 3.81243676e-01 4.33864117e-01
    4.33612704e-01 4.48282421e-01 3.30344260e-01 3.21611226e-01
    4.20182228e-01 1.71047956e-01 3.17612410e-01 9.08782303e-01
    7.91774690e-01 5.55803597e-01 2.15994388e-01 8.34882855e-01
    3.99797320e-01 6.39199734e-01 6.86122358e-01 6.46684229e-01
    4.41490084e-01 6.45132542e-01 2.72563338e-01 1.83711171e-01
    1.40101790e-01 9.40781713e-01 7.96833992e-01 9.40982342e-01
    2.35388219e-01 7.61772037e-01 5.53875029e-01 1.05909884e-01
    3.97694111e-02 7.39306390e-01 9.93664205e-01 4.29696918e-01
    3.35940897e-01 5.67657351e-02 3.43454510e-01 4.90593046e-01
    7.44373381e-01 6.95074022e-01 5.09156644e-01 5.37166417e-01
    3.37621272e-02 1.68521613e-01 5.09899080e-01 4.08001035e-01
    4.65861619e-01 1.37354374e-01 4.46191728e-01 6.27973080e-01
    8.37185800e-01 3.62967312e-01 4.45561767e-01 8.80251408e-01
    3.69517267e-01 3.42145264e-01 6.92542911e-01 5.43938160e-01
    4.05163884e-01 3.54405671e-01 7.43115902e-01 4.12405729e-01
    6.91669345e-01 9.22995090e-01 5.34413517e-01 1.28142059e-01
    4.31912303e-01 5.47203124e-02 3.77563626e-01 5.52065134e-01
    1.79591656e-01 6.22536957e-01 8.52403045e-02 3.95661622e-01
    5.03216386e-02 2.31063366e-01 7.19367087e-01 2.76602030e-01
    9.85799074e-01 4.46719855e-01 3.24244320e-01 7.61637330e-01
    2.64796346e-01 1.42487735e-01 5.52687228e-01 8.10990095e-01
    2.22618550e-01 8.42620730e-01 9.39841509e-01 3.29376400e-01
    6.45089328e-01 6.79191470e-01 8.99992824e-01 9.63619411e-01
    7.85535336e-01 5.65908551e-02 1.83328629e-01 7.32061863e-02
    2.57211447e-01 3.31252217e-01 7.50026345e-01 1.88912511e-01
    5.40971935e-01 7.66798735e-01 3.63140404e-02 2.27754593e-01
    8.69545937e-01 3.51151168e-01 1.67583853e-01 2.16457784e-01
    7.05491304e-01 7.76435494e-01 5.57744265e-01 4.55737710e-01
    9.35775280e-01 7.72719324e-01 6.57724977e-01 8.62949014e-01
    8.36190939e-01 8.76235127e-01 2.92701542e-01 9.01929200e-01
    6.22885406e-01 4.05466825e-01 6.39604688e-01 9.52046514e-01
    6.12032175e-01 7.75638580e-01 5.02857387e-01 7.92612731e-01
    7.01310635e-01 3.28826606e-01 2.30357558e-01 3.66904140e-01
    2.51966476e-01 1.87756896e-01 3.71779561e-01 8.80505621e-01
    6.03691697e-01 9.52343822e-01 1.40910625e-01 4.73549277e-01
    9.23916459e-01 1.37809217e-02 6.91829562e-01 4.96274084e-01
    8.05398047e-01 8.48387241e-01 8.99349451e-01 6.93001866e-01
    2.17881173e-01 8.12949777e-01 6.55364513e-01 4.03508633e-01
    6.21290028e-01 7.27057755e-02 5.22076130e-01 9.89639163e-01
    4.01124805e-01 1.09958321e-01 8.95849943e-01 9.26604152e-01
    2.73009896e-01 3.61651599e-01 7.49636650e-01 7.97742486e-01
    6.87283039e-01 9.26739454e-01 7.34665990e-02 5.84513605e-01
    9.43007827e-01 2.02023208e-01 2.26640791e-01 4.31914061e-01
    9.38439548e-01 7.46159792e-01 2.45206386e-01 3.44770432e-01
    1.12737745e-01 2.40822226e-01 6.66058481e-01 1.94535404e-01
    7.98854828e-01 6.76318288e-01 8.61370742e-01 6.47411048e-02
    3.58250439e-01 2.92475581e-01 1.84781402e-01 2.10742086e-01
    2.87222505e-01 6.16320968e-02 4.82855946e-01 6.73808157e-01
    3.79648566e-01 7.05896735e-01 9.66642261e-01 7.33097792e-01
    6.45325422e-01 2.88199902e-01 5.24922132e-01 9.62998748e-01
    6.84679806e-01 1.51405782e-01 5.25380135e-01 2.94801593e-03
    3.66893411e-03 3.98918808e-01 9.27315652e-01 2.63135731e-02
    1.32007062e-01 5.95840812e-02 7.46166825e-01 5.21506250e-01
    5.95120192e-01 6.13296688e-01 1.56898528e-01 7.22724795e-01
    3.19255471e-01 4.37057555e-01 9.99942422e-01 8.55550885e-01
    6.15331113e-01 8.45847964e-01 6.72896743e-01 6.01439238e-01
    3.94621372e-01 3.76630604e-01 9.08490300e-01 9.85026062e-01
    9.64854121e-01 2.49801308e-01 5.44814885e-01 7.85297513e-01
    6.70360684e-01 2.34642506e-01 3.21941018e-01 8.74085784e-01
    1.15377009e-02 6.36930048e-01 7.29163170e-01 6.68833733e-01
    4.93765950e-01 2.35682994e-01 7.98560977e-01 5.45890212e-01
    4.78429288e-01 6.58387959e-01 7.17224538e-01 9.79376554e-01
    8.85122895e-01 8.24083567e-01 1.25628948e-01 1.56601578e-01
    4.99518991e-01 2.06235409e-01 7.30702400e-01 9.20642376e-01
    3.51970315e-01 5.67658305e-01 7.23238826e-01 2.45169044e-01
    7.62332976e-02 9.74350333e-01 3.66443753e-01 4.72670466e-01
    3.92429650e-01 7.22967982e-01 4.72420245e-01 3.24127793e-01
    9.01215196e-01 8.97633910e-01 2.40663022e-01 3.47534180e-01
    6.59723222e-01 6.79675460e-01 7.40389585e-01 2.81347930e-01
    8.46429706e-01 3.05940121e-01 3.94697458e-01 4.00081694e-01
    6.85716271e-01 8.46234202e-01 1.06872320e-02 4.17535484e-01
    9.10451531e-01 3.71248484e-01 8.75976324e-01 1.64367020e-01
    1.25311494e-01 7.72145450e-01 4.16382581e-01 4.40641046e-01
    1.91882253e-02 3.52321565e-02 3.77792567e-01 5.23944438e-01
    6.17236733e-01 9.75201845e-01 3.27692509e-01 5.91479778e-01
    9.79655266e-01 9.87299144e-01 3.34127903e-01 4.71107244e-01
    3.06517184e-01 1.56987309e-01 8.38488340e-01 7.89290547e-01
    7.25691974e-01 1.67964906e-01 6.09053493e-01 4.77934986e-01
    5.73916435e-01 2.78221726e-01 1.12693071e-01 3.85054916e-01
    1.62883580e-01 7.70998359e-01 1.15549773e-01 4.65400040e-01
    2.47483939e-01 8.51633072e-01 1.77965939e-01 7.91744590e-01
    3.85990500e-01 7.46399283e-01 9.49634612e-01 8.61154556e-01
    8.55394304e-02 5.34735978e-01 3.46777678e-01 4.34176505e-01
    5.52727818e-01 7.41106987e-01 1.76196426e-01 9.70694661e-01
    9.01353061e-01 6.90485239e-01 1.14820093e-01 8.42600107e-01
    2.84452498e-01 6.65526271e-01 1.62125498e-01 4.25640076e-01
    5.53180516e-01 5.34141541e-01 7.68372595e-01 7.03040004e-01
    9.18793321e-01 2.75299251e-01 3.51783037e-02 5.19381106e-01
    6.17837667e-01 8.17832351e-02 2.10883111e-01 1.12209588e-01
    4.48113352e-01 5.37109315e-01 3.45050722e-01 6.96253181e-01
    2.74985671e-01 3.82297635e-01 1.17198080e-01 9.92143154e-01
    9.56373036e-01 9.51647162e-02 9.06391501e-01 7.62979686e-02
    4.19687063e-01 7.73210347e-01 3.21320742e-01 9.35522795e-01
    1.78073376e-01 6.64902270e-01 6.38979077e-01 6.11774564e-01
    4.14904088e-01 6.85535431e-01 3.56598735e-01 9.97777879e-01
    9.76906538e-01 1.65120184e-01 7.93332458e-02 9.13850188e-01
    9.31364834e-01 2.31242239e-01 9.06774998e-01 9.00255859e-01
    9.27595735e-01 4.31623459e-02 2.01871067e-01 2.19902188e-01
    5.12882471e-01 7.35677361e-01 4.76991445e-01 7.76312828e-01
    3.13573062e-01 5.86384594e-01 4.31826353e-01 2.69692332e-01
    9.92597938e-02 4.18887734e-01 1.68614745e-01 3.09208453e-01
    5.11775613e-01 9.20524359e-01 2.42562443e-01 1.30966693e-01
    6.59046292e-01 5.12917399e-01 2.29086012e-01 2.52834857e-02
    8.00806284e-01 6.98368251e-02 2.41795033e-01 7.54826665e-01
    8.53661418e-01 9.40156460e-01 5.97882569e-01 9.36979532e-01
    7.28600740e-01 7.14089215e-01 1.55576468e-02 6.75900102e-01
    3.00363392e-01 2.67729670e-01 9.87533867e-01 1.49461329e-02
    7.59712696e-01 5.29297650e-01 6.43885672e-01 7.11428165e-01
    6.41312063e-01 3.44568908e-01 6.15667105e-01 7.35020638e-03
    2.35221207e-01 4.60974008e-01 5.41606843e-01 3.15250754e-02
    1.25806600e-01 7.97936857e-01 3.76142859e-02 6.06869161e-01
    7.35062480e-01 3.04915965e-01 6.32007003e-01 7.49701738e-01
    8.09930861e-01 3.50951344e-01 5.59883177e-01 7.41025507e-01
    2.54907906e-01 2.44630516e-01 1.16203517e-01 4.96344566e-02
    5.63339829e-01 6.54893398e-01 1.49699330e-01 4.16236162e-01
    7.77141690e-01 7.21862257e-01 8.00303459e-01 6.78617179e-01
    8.01952362e-01 2.10791230e-02 4.21550870e-02 7.54302144e-02
    5.20558655e-01 4.00479943e-01 7.57056177e-01 5.77112794e-01
    6.09466732e-01 1.25578970e-01 3.01436961e-01 4.72257525e-01
    7.42676854e-02 9.22253609e-01 3.37588787e-01 7.63406754e-01
    4.06217068e-01 7.14026153e-01 5.55185676e-01 3.43718588e-01
    1.07517540e-01 3.29308480e-01 1.14734977e-01 3.98997277e-01
    6.74513340e-01 1.39982283e-01 1.21513516e-01 8.16300571e-01
    9.00424123e-01 2.54643261e-01 4.28164303e-01 4.98562753e-01
    8.09991598e-01 5.96571326e-01 6.60928667e-01 3.01642239e-01
    4.30554152e-02 8.14855099e-01 5.49983859e-01 9.44076121e-01
    9.02167082e-01 3.88060272e-01 9.64874983e-01 3.61598611e-01
    6.94747150e-01 3.31568837e-01 6.03974342e-01 9.22834277e-01
    5.00688136e-01 5.71256280e-02 8.50852430e-02 1.26344293e-01
    6.45688772e-01 2.56450921e-01 3.28570366e-01 4.96633828e-01
    9.34146047e-01 1.36950612e-01 3.18755090e-01 7.65886605e-02
    1.14434510e-01 5.21050692e-01 9.04494762e-01 3.53464156e-01
    8.78251135e-01 4.79186565e-01 7.36564994e-02 5.95976949e-01
    5.87906957e-01 6.03090107e-01 3.17801535e-01 6.77474201e-01
    6.83854282e-01 9.42761838e-01 5.84074199e-01 1.97234154e-01
    6.82155848e-01 7.87850261e-01 6.24045372e-01 8.71184289e-01
    7.45997965e-01 8.42324138e-01 1.49741143e-01 7.78735042e-01
    4.09777969e-01 4.16656137e-01 5.63087642e-01 3.07953060e-02
    7.15029240e-01 9.19789612e-01 7.28718340e-01 9.19858038e-01
    9.62211370e-01 9.62454915e-01 7.81989932e-01 4.99385476e-01
    3.60593498e-01 1.53354675e-01 2.11252302e-01 2.84708440e-02
    3.05660754e-01 5.01659214e-01 8.28419924e-01 1.74493879e-01
    9.52302575e-01 3.53126347e-01 5.03002107e-01 8.73252511e-01
    1.50206506e-01 2.87328094e-01 2.74679363e-02 4.52820718e-01
    8.22888255e-01 3.23268026e-01 8.44932377e-01 3.22801352e-01
    2.99111605e-02 4.21774298e-01 5.41297913e-01 9.02574301e-01
    6.63555264e-01 7.17577577e-01 3.66905212e-01 8.16592336e-01
    8.93484592e-01 9.60525692e-01 3.64273429e-01 3.65076393e-01
    4.56411958e-01 2.92257875e-01 5.08487225e-01 2.19606757e-02
    5.62481284e-01 6.38261199e-01 7.84873068e-01 4.47553277e-01
    3.86973500e-01 2.17228711e-01 4.70484525e-01 7.96519399e-01
    5.90290248e-01 3.42697173e-01 3.07770669e-02 9.89223123e-02
    1.55705065e-01 9.44497108e-01 1.72543228e-02 4.92839038e-01
    1.59572005e-01 7.36961484e-01 2.43028700e-02 9.09045935e-01
    9.96555686e-01 3.98400873e-01 2.39535570e-02 6.64111972e-03
    5.15474617e-01 1.66338205e-01 5.61157346e-01 7.70878792e-03
    8.04121375e-01 5.88732600e-01 6.89488173e-01 3.01755220e-01
    3.47401321e-01 4.76388574e-01 3.03152800e-02 5.16081333e-01
    1.05336279e-01 3.60428572e-01 2.84903526e-01 9.45866346e-01
    4.62944180e-01 2.61119694e-01 2.54328430e-01 8.96887243e-01
    7.73770630e-01 3.91883075e-01 5.14476597e-02 3.71425033e-01
    4.17944580e-01 8.18081617e-01 9.62720752e-01 3.56053770e-01
    2.91896790e-01 4.51233774e-01 1.75129712e-01 1.25830442e-01
    8.57380211e-01 2.27024943e-01 9.13050413e-01 9.80354071e-01
    7.95128047e-01 3.95411760e-01 5.06816506e-01 8.46973300e-01
    2.85524666e-01 9.22344744e-01 7.64376760e-01 3.42399091e-01
    1.08184874e-01 5.74463546e-01 5.01952887e-01 2.22451121e-01
    7.78329790e-01 2.53712177e-01 8.33980918e-01 2.21779555e-01
    2.73248017e-01 2.84637779e-01 6.43374801e-01 3.41525018e-01
    7.46894240e-01 5.34965634e-01 6.15695298e-01 7.02806532e-01
    4.76124465e-01 4.80282903e-01 2.49250501e-01 2.58917749e-01
    7.50565171e-01 4.36044216e-01 8.26931179e-01 1.95765704e-01
    2.21200794e-01 2.29109406e-01 2.30845869e-01 1.61543190e-02
    7.05390513e-01 1.57416433e-01 4.63560283e-01 4.41987664e-01
    9.90622580e-01 1.95072711e-01 8.45061898e-01 6.10144436e-01
    3.52386892e-01 3.82659614e-01 4.73255783e-01 4.10040021e-02
    9.48503911e-01 8.67982388e-01 8.44983339e-01 6.13831878e-01
    6.42182827e-01 1.15198940e-01 4.52461988e-01 2.43231744e-01
    7.60030627e-01 5.06510258e-01 3.70963514e-01 9.87084389e-01
    7.10685253e-01 7.00013518e-01 9.24661517e-01 8.11607361e-01
    8.31859708e-02 7.76320934e-01 3.89314175e-01 8.31647635e-01
    8.52199912e-01 8.58672738e-01 3.04383039e-02 7.59738743e-01
    5.94273448e-01 8.22407424e-01 3.36674362e-01 5.22191763e-01
    8.15902710e-01 2.85560757e-01 5.74759781e-01 9.70482528e-01
    7.27325916e-01 2.41435230e-01 6.64461315e-01 6.76620126e-01
    4.21566814e-01 9.21756983e-01 4.46092397e-01 5.91092408e-02
    2.62179852e-01 9.17400539e-01 2.43574142e-01 1.52990758e-01
    7.31105506e-02 1.29324347e-01 7.76176512e-01 6.11692667e-01
    5.61255217e-03 2.90316701e-01 8.64828706e-01 7.94700861e-01
    3.62810314e-01 6.38845086e-01 5.79732180e-01 4.44525242e-01
    6.65385246e-01 4.22099650e-01 9.49494779e-01 4.23830509e-01
    8.81858468e-01 7.87013650e-01 3.73161972e-01 9.21333075e-01
    7.35461950e-01 2.44044006e-01 9.98591840e-01 6.76653504e-01
    1.29811376e-01 7.52932727e-01 5.47504067e-01 3.13033640e-01
    3.55192900e-01 1.68911308e-01 4.18598980e-01 1.60585046e-02
    3.48335177e-01 9.45733786e-02 5.53348780e-01 7.51685023e-01
    8.70568752e-02 5.94420075e-01 1.56514019e-01 5.25246441e-01
    2.04667687e-01 5.51990807e-01 5.21751642e-01 4.35747862e-01
    2.40609854e-01 3.38833421e-01 4.35503721e-02 1.45591497e-01
    9.30106401e-01 1.02086723e-01 2.54990429e-01 3.72882783e-01
    9.89824355e-01 6.55927777e-01 2.24635065e-01 5.38065732e-02
    7.26210594e-01 2.58572459e-01 7.91071057e-02 9.25009429e-01
    5.36249816e-01 9.83170748e-01 9.50530291e-01 2.46930122e-01
    6.39963567e-01 3.82210582e-01 5.40574610e-01 7.49310374e-01
    1.30091846e-01 7.46860862e-01 4.93464410e-01 1.93298757e-01
    2.34804481e-01 8.76567602e-01 5.79486370e-01 7.90423810e-01
    8.81587863e-01 8.61205935e-01 4.56369817e-01 7.77217746e-01
    9.16696906e-01 8.56570244e-01 6.54785752e-01 1.98247612e-01
    2.32875437e-01 5.14705002e-01 3.98567319e-02 8.47382545e-01
    1.02386445e-01 1.65495694e-01 3.24279666e-01 2.88391560e-01
    4.79551286e-01 5.66832542e-01 9.52381968e-01 9.06124532e-01
    7.30827570e-01 1.12184793e-01 2.52810091e-01 7.81033278e-01
    6.89622521e-01 5.87154925e-01 5.71193337e-01 7.58559763e-01
    3.10057640e-01 1.34431839e-01 3.94626409e-01 9.37901378e-01
    9.00393724e-01 6.99016929e-01 4.90708590e-01 4.95354414e-01
    4.02857333e-01 8.56377423e-01 9.12042260e-02 4.49842334e-01
    6.43915236e-01 2.64745414e-01 6.94152832e-01 9.59858894e-02
    2.07223177e-01 9.21433806e-01 1.80358529e-01 9.99993324e-01
    1.58793151e-01 4.12607074e-01 1.38937443e-01 8.70628238e-01
    5.19597292e-01 3.68733287e-01 6.39972568e-01 2.80347943e-01
    3.45422000e-01 8.39167058e-01 1.13318801e-01 3.76796424e-01
    5.31284332e-01 4.16105688e-02 4.54553246e-01 8.49022865e-01
    6.87381148e-01 2.91311085e-01 6.50041342e-01 4.87849236e-01
    1.61396205e-01 5.61648905e-01 2.15723276e-01 2.74916172e-01
    4.83477622e-01 6.71639979e-01 4.10486042e-01 7.04381287e-01
    2.43265718e-01 7.16528416e-01 8.24701369e-01 5.37024677e-01
    2.94882894e-01 5.35999060e-01 5.12997687e-01 7.83064842e-01
    3.41216058e-01 1.78413957e-01 2.51684785e-02 1.80251092e-01
    8.52532864e-01 1.71989143e-01 2.09977776e-01 7.51811862e-01
    9.29997206e-01 1.11272961e-01 4.63376969e-01 7.96365738e-03
    9.22379255e-01 5.86619139e-01 8.34266186e-01 4.96467471e-01
    9.34440494e-01 3.69226843e-01 6.67618394e-01 3.55666965e-01
    5.66979289e-01 5.60146213e-01 3.60685557e-01 8.81743670e-01
    6.84530735e-01 1.19425863e-01 7.09209263e-01 5.38652003e-01
    2.93674380e-01 9.20925498e-01 9.32638288e-01 4.11057264e-01
    6.20336831e-02 6.57699943e-01 2.97491193e-01 8.99372101e-02
    2.03718007e-01 5.25130630e-01 1.55328602e-01 8.19946527e-01
    2.87046373e-01 9.77041841e-01 8.12397718e-01 1.71126425e-02
    4.73289073e-01 2.47113347e-01 9.50111330e-01 1.17187589e-01
    7.23361135e-01 9.58302975e-01 3.09602380e-01 3.65660548e-01
    2.69182563e-01 5.75989187e-01 9.92063344e-01 8.24599028e-01
    7.89623439e-01 8.53829622e-01 7.43393302e-01 9.46722507e-01
    9.85801280e-01 4.12684053e-01 6.94435954e-01 8.46222818e-01
    9.08291101e-01 5.16634703e-01 8.14750075e-01 3.03976715e-01
    9.81175303e-01 7.08393931e-01 4.18927193e-01 9.77285981e-01
    9.76808786e-01 1.68627441e-01 1.97751254e-01 2.85993367e-01
    6.06979549e-01 5.84638715e-02 3.24677587e-01 4.52767611e-02
    5.03447652e-03 1.92875177e-01 4.39175963e-03 8.03994417e-01
    9.44675744e-01 1.44625664e-01 8.25050950e-01 1.56620204e-01
    6.91199303e-02 8.82164717e-01 1.21885508e-01 1.12482280e-01
    5.78490138e-01 5.23514032e-01 9.14561749e-03 6.84346318e-01
    7.87807465e-01 6.93722010e-01 8.54614913e-01 4.83767360e-01
    2.52245665e-02 5.31860650e-01 3.96755517e-01 5.92325151e-01
    7.04059422e-01 3.53448808e-01 5.60877562e-01 6.93186581e-01
    1.87166542e-01 3.36353183e-01 7.45389700e-01 8.69810581e-04
    3.71008396e-01 5.49619317e-01 2.22262859e-01 6.64272010e-02
    2.01094598e-01 2.97556341e-01 2.77383685e-01 2.46332496e-01
    7.40069807e-01 1.26037955e-01 2.00307548e-01 5.22475481e-01
    7.04592228e-01 2.32162774e-01 9.40229416e-01 3.36896151e-01
    7.31594741e-01 4.53430951e-01 5.16286314e-01 4.83359367e-01
    1.13693208e-01 3.05834711e-02 8.05500746e-02 3.95841718e-01
    2.44076431e-01 2.46562332e-01 8.64861369e-01 5.62259734e-01
    9.58566785e-01 2.35992193e-01 4.28838909e-01 3.89626652e-01
    4.11641657e-01 8.46581578e-01 4.24597323e-01 4.91828799e-01
    6.57081306e-01 1.89727604e-01 4.81040090e-01 8.15558314e-01
    9.15935874e-01 3.49071503e-01 4.80600774e-01 3.30784440e-01
    5.21949708e-01 1.32338315e-01 2.09798455e-01 7.02972651e-01
    4.65062737e-01 3.18454444e-01 7.44521320e-01 3.53548110e-01
    5.33946931e-01 2.63030976e-01 9.93743181e-01 1.39947802e-01
    7.90303946e-03 2.48735756e-01 3.63223910e-01 7.22794771e-01
    7.82936096e-01 7.45544434e-01 4.00789171e-01 1.25834167e-01
    7.32545376e-01 2.12856621e-01 7.61997819e-01 8.48639131e-01
    8.17651749e-02 4.76647615e-02 2.08518833e-01 5.19970894e-01
    7.46888638e-01 1.28977269e-01 4.13853168e-01 2.53074467e-02
    6.09291792e-02 5.55949330e-01 5.38029671e-01 6.58005893e-01
    9.29347038e-01 9.66311336e-01 9.11895037e-01 7.00633049e-01
    7.87697673e-01 2.08545923e-02 9.97596622e-01 2.25710839e-01
    2.84696162e-01 4.30505127e-01 3.81091833e-01 3.70956421e-01
    2.82013118e-01 3.32975984e-01 9.33657527e-01 3.67687225e-01
    3.29404056e-01 1.89609677e-01 9.38278437e-02 9.02939081e-01
    4.52901065e-01 1.40514135e-01 9.22331810e-01 5.60369134e-01
    8.41370106e-01 4.16311622e-01 1.27733529e-01 7.15470016e-01
    2.95447230e-01 6.37848198e-01 7.78263152e-01 7.74279952e-01
    2.72598833e-01 6.96471572e-01 6.73589706e-01 5.97783327e-01
    3.28707188e-01 5.70226550e-01 9.02481139e-01 8.36459756e-01
    5.81349015e-01 4.07390982e-01 7.82176018e-01 9.21265721e-01
    7.92052209e-01 7.50409961e-01 6.13661110e-01 5.26974499e-01
    1.84184313e-03 6.46753728e-01 8.47379923e-01 8.26594234e-03
    9.93724465e-01 2.31779784e-01 5.39727271e-01 4.75836992e-02
    6.06046915e-02 5.56217432e-01 5.69684267e-01 8.31736088e-01
    8.36938977e-01 4.07420367e-01 7.37216473e-01 3.92885000e-01
    8.59134018e-01 2.56779075e-01 9.68291044e-01 9.70781565e-01
    1.93644702e-01 3.78174782e-02 7.11862147e-01 1.65512532e-01
    3.20614874e-01 6.30841911e-01 9.49111521e-01 2.53106087e-01
    1.37644053e-01 8.41609120e-01 4.70378101e-02 7.24495471e-01
    3.32265913e-01 9.49609816e-01 3.12694907e-02 3.66732270e-01
    3.91479701e-01 4.15421814e-01 5.92606962e-01 6.40702844e-01
    7.89426148e-01 3.17715108e-01 4.97187972e-01 4.53415871e-01
    9.15463269e-01 9.52769876e-01 4.44002330e-01 9.69119191e-01
    6.50283694e-01 9.36538875e-01 6.02632821e-01 8.49546552e-01
    8.05020154e-01 5.25554478e-01 2.78310597e-01 7.27321386e-01
    2.94666588e-02 4.83709455e-01 3.43060911e-01 9.98631120e-01
    9.11390543e-01 2.12180883e-01 3.22450221e-01 2.32378691e-01
    3.36952955e-01 7.09216654e-01 9.18853581e-02 6.60139203e-01
    4.38547969e-01 8.45431805e-01 6.61692023e-01 1.06964141e-01
    2.02250719e-01 4.02271658e-01 7.57166147e-01 5.31811774e-01
    5.28708458e-01 1.20340854e-01 3.89191628e-01 8.16894114e-01
    7.47680247e-01 5.55636525e-01 1.06232285e-01 7.90981412e-01
    9.19205427e-01 4.85681683e-01 5.11604249e-02 7.68190861e-01
    9.82311606e-01 8.95972967e-01 5.25026739e-01 7.08030164e-02
    9.52360630e-01 3.32303345e-01 2.42534250e-01 9.27266538e-01
    3.05372477e-02 4.27207917e-01 4.87172663e-01 1.06791258e-01
    8.25196981e-01 7.17141032e-01 6.08634353e-01 5.49530506e-01
    9.78874326e-01 2.50312626e-01 6.69231117e-01 5.40516317e-01
    5.98772764e-01 5.30946851e-01 6.81607783e-01 2.63997793e-01
    7.18117595e-01 9.54049826e-02 7.70969689e-01 8.90224695e-01
    5.70360959e-01 6.43443346e-01 3.38673890e-02 5.11667669e-01
    6.97173059e-01 9.66930032e-01 6.10981941e-01 4.18533534e-01
    8.99645090e-02 5.73423207e-01 6.67409301e-01 7.18538642e-01
    7.23502040e-01 6.62261307e-01 9.22320664e-01 6.63478076e-02
    5.23043990e-01 4.13888812e-01 7.49759078e-01 3.11206311e-01
    7.56158233e-01 7.14067996e-01 7.72445798e-01 3.67242098e-01
    7.88645327e-01 4.26143169e-01 7.68284321e-01 3.81885409e-01
    7.03366935e-01 9.60077405e-01 6.37463331e-01 6.07912242e-02
    8.55225861e-01 1.82964504e-01 1.09790295e-01 5.95048130e-01
    4.98254538e-01 7.88238466e-01 9.46111560e-01 9.00027633e-01
    4.61030990e-01 7.43879080e-01 3.69271159e-01 8.20718050e-01
    8.55917871e-01 8.25515389e-01 6.03553116e-01 5.19632578e-01
    8.13684940e-01 4.25777316e-01 6.91123307e-01 9.29694653e-01
    8.78506720e-01 2.82869577e-01 9.66414213e-01 2.91779757e-01
    8.69424105e-01 9.48632240e-01 3.73134911e-01 6.06840730e-01
    9.21903133e-01 8.70924711e-01 6.57981634e-01 8.45992565e-02
    6.80884182e-01 8.85744095e-02 3.34886581e-01 4.79669034e-01
    4.54037905e-01 3.29864323e-01 2.17660725e-01 7.85357833e-01
    2.07227170e-01 7.24552691e-01 6.72896504e-01 5.25683582e-01
    3.45786512e-02 9.75351155e-01 3.15279305e-01 8.05468857e-02
    4.57336724e-01 3.26895118e-02 2.54039586e-01 3.86028737e-01
    3.06493372e-01 3.99231434e-01 6.97037697e-01 3.06093752e-01
    2.76706517e-02 4.22758400e-01 7.72333086e-01 5.29984653e-01
    1.86663866e-03 8.64650369e-01 4.96558994e-01 6.76805377e-01
    6.91849232e-01 8.44852149e-01 2.23575294e-01 6.43094182e-02
    9.47329998e-01 7.03781962e-01 9.12217498e-01 1.12723172e-01
    1.62158459e-01 8.76688063e-02 9.67614889e-01 7.34461784e-01
    7.16515303e-01 2.22274184e-01 1.33535266e-03 6.30908549e-01
    6.43549621e-01 9.91520405e-01 1.83263808e-01 3.15746427e-01
    3.69942546e-01 4.54832941e-01 5.37157655e-02 2.68361747e-01
    6.87198639e-01 3.82134318e-01 1.98448509e-01 3.68937314e-01
    9.69193101e-01 9.15067494e-02 8.22002053e-01 6.74442768e-01
    1.91647112e-02 2.17065394e-01 6.16976798e-01 2.94314146e-01
    3.02057028e-01 5.30911505e-01 7.89399743e-02 1.77989125e-01
    1.17852509e-01 6.15010023e-01 6.16315007e-01 7.96149373e-01
    7.26548433e-01 3.43485534e-01 6.55752063e-01 2.33802021e-01
    4.03516531e-01 1.08996511e-01 7.54411280e-01 9.79503691e-01
    3.06174368e-01 3.52177322e-02 6.42834306e-01 8.15821409e-01
    4.27113682e-01 7.54941940e-01 2.05003619e-02 7.82629609e-01
    8.18548083e-01 3.75655234e-01 6.00090146e-01 5.69975555e-01
    1.64683461e-01 3.62674832e-01 3.42949450e-01 8.59307170e-01
    4.73170966e-01 9.49370980e-01 9.52239037e-01 5.53323865e-01
    2.32577175e-01 9.64909077e-01 4.43181336e-01 1.37643993e-01
    8.67836118e-01 5.28275609e-01 7.89827883e-01 7.00099587e-01
    9.12382603e-01 2.18506664e-01 7.23977029e-01 3.75636786e-01
    8.75313759e-01 1.57215565e-01 7.14409292e-01 7.95980334e-01
    8.80522788e-01 1.11961544e-01 7.18354940e-01 4.86321121e-01
    4.97583389e-01 5.29753804e-01 3.72874439e-02 3.92328084e-01
    1.68592006e-01 6.71412349e-01 5.95289946e-01 8.46758485e-01
    9.47130024e-01 9.62525606e-01 1.26030773e-01 8.81788492e-01
    4.41933483e-01 9.29595113e-01 8.59349668e-01 3.99356306e-01
    8.44424903e-01 4.63089943e-02 1.68452889e-01 8.80790412e-01
    2.80686080e-01 8.19964647e-01 2.86841094e-01 4.36867654e-01
    1.60988629e-01 9.96444106e-01 6.69874549e-02 9.51317370e-01
    7.38471627e-01 7.92084336e-02 8.04678679e-01 8.29741061e-01
    6.92977726e-01 1.97799206e-02 8.29131722e-01 8.49311173e-01
    7.44116962e-01 8.86270702e-02 3.99457932e-01 8.11270833e-01
    7.81951785e-01 4.06119227e-03 1.89040393e-01 6.29424691e-01
    6.67651474e-01 1.21593326e-01 2.66719937e-01 8.08674097e-01
    7.08592772e-01 1.68965101e-01 9.52901602e-01 7.75003672e-01
    1.94558591e-01 3.43963802e-01 3.46079946e-01 6.04418576e-01
    3.40057909e-01 5.23874104e-01 1.63186729e-01 7.10331976e-01
    6.20312095e-01 2.80286968e-01 7.84214258e-01 6.83450699e-01
    6.59782767e-01 1.48797661e-01 1.84463263e-02 7.22364426e-01
    4.67530668e-01 6.93428040e-01 7.49352396e-01 2.01207638e-01
    1.81228906e-01 3.48107994e-01 7.52011418e-01 5.91129303e-01
    5.92383385e-01 1.06762558e-01 3.85411382e-02 2.53079295e-01
    2.59711742e-01 6.14839792e-01 1.68132395e-01 6.36910141e-01
    9.69645321e-01 4.11428452e-01 6.95788920e-01 7.93860555e-02
    1.10612422e-01 1.33863747e-01 9.13559318e-01 9.26290751e-02
    8.04836631e-01 2.96740055e-01 4.90875542e-01 8.82771611e-03
    3.54437113e-01 5.14823973e-01 2.22496539e-01 9.18701530e-01
    4.66041625e-01 9.13726926e-01 2.57289112e-01 2.28496790e-01
    7.14441955e-01 5.53960025e-01 9.34050918e-01 6.26013279e-01
    3.96101505e-01 5.97208679e-01 1.71352834e-01 3.52073431e-01
    3.19449782e-01 4.21234250e-01 6.67814255e-01 2.19718486e-01
    8.77160490e-01 2.18242645e-01 6.52414441e-01 6.19010687e-01
    8.00637722e-01 7.86808252e-01 9.31898832e-01 4.35229123e-01
    3.67586970e-01 1.94155276e-01 4.37697262e-01 2.69314975e-01
    4.27063763e-01 3.11403632e-01 6.21996701e-01 4.07750309e-02
    5.85820079e-01 1.95510209e-01 4.47007030e-01 2.46737301e-01
    7.24995911e-01 8.09554517e-01 1.59881234e-01 6.17982566e-01
    8.48018527e-02 9.99624133e-02 6.73158884e-01 6.65089130e-01
    3.57969612e-01 4.64206398e-01 8.86948109e-01 5.43685853e-01
    3.02896202e-02 4.40976799e-01 1.32352144e-01 7.58662224e-01
    2.12611198e-01 9.40096974e-01 5.01091897e-01 9.21272397e-01
    2.85526067e-01 2.50901878e-02 3.26873779e-01 8.31324160e-02
    1.97933525e-01 4.69922274e-01 6.35637999e-01 5.68269908e-01
    3.71381760e-01 5.23307562e-01 7.37556219e-02 1.31939799e-01
    1.98860437e-01 7.19252527e-01 1.95211858e-01 1.30510688e-01
    2.50770420e-01 4.54034150e-01 1.73670292e-01 1.27940983e-01
    2.90023983e-02 1.25701755e-01 8.93625975e-01 5.15349388e-01
    1.73825711e-01 5.89432418e-02 1.77400678e-01 7.09281266e-01
    4.90358591e-01 8.30862522e-02 4.33671623e-01 8.37356806e-01
    2.18751431e-01 6.83946908e-01 6.99339151e-01 5.60718358e-01
    4.59083468e-01 5.94807565e-01 9.83844399e-01 2.57613361e-01
    2.39227533e-01 3.22048724e-01 9.05026078e-01 8.54911506e-01
    9.23065901e-01 5.16972661e-01 4.14121449e-01 3.27083468e-01
    7.77583838e-01 6.43597007e-01 1.00833267e-01 9.67853606e-01
    6.74323082e-01 8.82872641e-02 9.47177172e-01 6.90210581e-01
    5.60969412e-01 9.72679496e-01 1.53782517e-01 8.22991133e-02
    8.43096375e-01 3.58290553e-01 5.62935531e-01 5.07611334e-01
    4.56918538e-01 7.95468926e-01 6.97030842e-01 2.46043742e-01
    6.54365242e-01 2.70652056e-01 5.20766437e-01 3.78644109e-01
    4.63690042e-01 4.20650005e-01 1.16918921e-01 3.72142911e-01
    3.74853611e-04 8.05241466e-01 5.18254101e-01 1.96306944e-01
    1.17069840e-01 3.01011801e-01 3.28065217e-01 9.96240854e-01
    1.39667839e-01 3.75863761e-01 6.13704979e-01 5.54443181e-01
    5.85770428e-01 2.82597452e-01 8.46390009e-01 3.41678739e-01
    4.85350847e-01 5.84385037e-01 1.35372370e-01 3.49533677e-01
    3.52425992e-01 7.09544837e-01 7.82559216e-01 1.27830386e-01
    8.85609806e-01 4.33476269e-02 6.58829272e-01 9.87782598e-01
    8.32758367e-01 1.29801691e-01 7.89634466e-01 8.11789036e-02
    6.68463171e-01 4.42760766e-01 2.94624329e-01 8.49053979e-01
    5.97719550e-01 2.88331151e-01 9.19544280e-01 5.07347584e-01
    6.95843220e-01 3.14562082e-01 8.94420683e-01 4.42134768e-01
    8.00319731e-01 3.51348519e-02 4.35637295e-01 3.38382304e-01
    9.90219593e-01 2.79690921e-01 2.44004369e-01 8.99988174e-01
    1.97472990e-01 2.03503668e-01 3.64418447e-01 2.63170063e-01
    3.11373502e-01 2.69808590e-01 1.79539114e-01 3.57595414e-01
    2.56169677e-01 7.54783392e-01 9.17352438e-01 1.49654031e-01
    1.57862246e-01 3.80792916e-02 8.26399565e-01 8.80743504e-01
    8.75242352e-01 4.85630929e-02 4.82334048e-01 3.27887595e-01
    4.92305368e-01 3.48704934e-01 9.37867045e-01 9.98482704e-01
    8.58966649e-01 2.66464651e-01 3.03524941e-01 2.42459953e-01
    1.38638109e-01 3.54624748e-01 1.92653030e-01 3.37989777e-01
    4.56920326e-01 6.66792274e-01 9.74327207e-01 7.12303400e-01
    5.15182257e-01 3.17321360e-01 5.21224022e-01 9.21828389e-01
    3.22891653e-01 1.95051640e-01 4.87499416e-01 6.47101820e-01
    8.84026289e-02 3.72171849e-01 9.72953618e-01 3.12933147e-01
    2.17608660e-01 7.56543159e-01 1.70315862e-01 7.07667768e-01
    2.11398393e-01 5.37953854e-01 7.64629245e-03 6.82621002e-01
    4.62256789e-01 1.39515996e-01 3.54940593e-01 9.51395571e-01
    4.19842780e-01 3.69318277e-01 6.61511481e-01 3.75945389e-01
    3.10466588e-02 3.81536335e-01 4.96962041e-01 3.00455213e-01
    9.84570444e-01 1.66492462e-02 2.12147206e-01 4.36867177e-01
    5.02728939e-01 2.69742370e-01 1.25236243e-01 5.13986647e-01
    5.57494760e-01 3.05560410e-01 5.04145145e-01 6.32087767e-01
    4.46291238e-01 8.17326248e-01 4.86816943e-01 4.77165401e-01
    1.86684430e-02 5.57662249e-01 5.32627642e-01 3.58797908e-02
    7.72533774e-01 2.31080025e-01 5.33112586e-01 4.46507335e-01
    3.82202566e-01 3.51601064e-01 4.65201408e-01 1.22193307e-01
    5.21219969e-01 9.88991320e-01 3.64949793e-01 6.33120358e-01
    1.82470590e-01 7.20178843e-01 2.84042060e-02 5.53532183e-01
    5.63993573e-01 3.88940215e-01 4.24737573e-01 5.62077761e-02
    2.27651596e-02 3.81904960e-01 4.38451052e-01 4.55140769e-01
    2.38723099e-01 6.38421655e-01 2.33464211e-01 2.67261982e-01
    5.45203269e-01 7.14335561e-01 5.19478559e-01 6.24687493e-01
    5.44432640e-01 4.70162600e-01 8.58622313e-01 1.90175742e-01
    6.87424481e-01 1.16135776e-01 4.40704495e-01 9.71745133e-01
    1.60422176e-01 8.23951483e-01 3.35924983e-01 8.74981165e-01
    1.51887923e-01 1.61863029e-01 6.28034711e-01 6.81193352e-01
    8.24720621e-01 6.27238631e-01 9.75599825e-01 9.27525640e-01
    9.01166022e-01 3.60743940e-01 2.85923243e-01 5.18359244e-01
    6.50907815e-01 2.31595457e-01 3.74168158e-03 4.59777653e-01
    2.41513669e-01 9.21375632e-01 3.34509313e-01 1.00564510e-01
    7.94042230e-01 1.04960710e-01 8.64088774e-01 5.40740907e-01
    7.32959270e-01 4.34318781e-01 8.99703383e-01 7.80405581e-01
    4.24966037e-01 6.88018322e-01 7.19957709e-01 5.36817610e-01
    8.31961930e-01 1.63984686e-01 9.70652878e-01 1.64344579e-01
    6.91023290e-01 4.70929891e-01 4.51121718e-01 4.87343460e-01
    8.24375987e-01 6.52324259e-02 7.24456251e-01 7.57616878e-01
    9.28162456e-01 6.43661678e-01 3.22867095e-01 3.09077978e-01
    2.00511813e-01 5.45687318e-01 2.06606776e-01 1.75386429e-01
    7.96026886e-02 4.16939855e-02 7.22732365e-01 1.69513494e-01
    5.09678245e-01 3.32719862e-01 9.83909130e-01 2.05951422e-01
    6.26035035e-02 1.85271800e-02 9.67823267e-01 4.15506810e-01
    7.51654267e-01 9.19352770e-01 6.11859798e-01 7.90835977e-01
    4.97001737e-01 5.41034222e-01 2.33367801e-01 2.18216836e-01
    5.80973923e-02 9.72512364e-01 5.33227682e-01 1.97156966e-01
    8.94905210e-01 5.61961234e-01 4.96837735e-01 7.33201504e-01
    5.12256324e-01 2.63058543e-01 6.40752435e-01 1.17802680e-01
    5.51200390e-01 6.14282310e-01 9.35323954e-01 9.41863418e-01
    1.04904115e-01 5.65964580e-02 5.55245399e-01 5.64111412e-01
    9.05619681e-01 3.85185182e-01 1.00731015e-01 4.31317985e-02
    2.28620142e-01 8.95632446e-01 9.57113624e-01 9.15904641e-01
    1.99586660e-01 5.11031806e-01 8.62336755e-01 3.81233394e-01
    4.56493676e-01 7.44051397e-01 9.16947603e-01 7.09144831e-01
    4.60661352e-02 5.33560514e-01 8.35384488e-01 9.45486069e-01
    6.05506837e-01 4.49186534e-01 4.16096866e-01 3.85806561e-01
    5.14128268e-01 7.56180406e-01 6.24880373e-01 5.99010050e-01
    2.67560840e-01 3.90979737e-01 8.32756519e-01 7.81798005e-01
    8.74979734e-01 9.44567442e-01 7.09720254e-02 5.64877033e-01
    7.71055698e-01 8.50757718e-01 2.34679103e-01 3.11673522e-01
    6.21675372e-01 8.99836242e-01 5.10832369e-01 1.72956020e-01
    5.53997457e-01 4.49303895e-01 6.88346148e-01 7.21618593e-01
    6.55841351e-01 4.55496967e-01 5.32487810e-01 1.74685448e-01
    4.99979615e-01 7.47236490e-01 1.32173926e-01 6.55565202e-01
    6.10298634e-01 9.32652235e-01 9.55211520e-01 4.76310641e-01
    8.77561688e-01 5.82619905e-01 5.79512358e-01 1.89265609e-01
    4.31706965e-01 8.40335846e-01 3.28019202e-01 3.64236534e-02
    1.17512465e-01 7.40653455e-01 6.99693739e-01 1.94360077e-01
    1.05783731e-01 4.54201758e-01 2.63617635e-02 4.28644717e-02
    5.27766407e-01 3.37887049e-01 2.78324336e-01 6.50568068e-01
    2.86460996e-01 9.94239330e-01 1.94788188e-01 7.53513575e-01
    5.80138385e-01 7.04070926e-02 8.65188718e-01 4.45885718e-01
    3.72132540e-01 1.45934939e-01 7.66188622e-01 7.99402237e-01
    4.19037521e-01 5.92306674e-01 3.00284028e-02 7.52369523e-01
    1.64528221e-01 5.00329256e-01 6.49836659e-02 6.67502761e-01
    1.61244661e-01 3.20698857e-01 3.19736004e-01 8.70293379e-02
    9.03856277e-01 5.89524269e-01 8.41428280e-01 7.10015357e-01
    5.79146564e-01 1.56805634e-01 8.58502507e-01 6.80176020e-01
    3.18319440e-01 7.36867011e-01 4.49823022e-01 2.29716748e-01
    9.09045935e-02 2.82739937e-01 5.42021692e-02 5.61343193e-01
    6.32432103e-01 6.43893480e-02 9.56770301e-01 8.74945998e-01
    2.12092519e-01 7.59840846e-01 4.29202080e-01 5.82949817e-01
    5.45366168e-01 8.11009526e-01 6.68203473e-01 9.70923364e-01
    4.07097459e-01 1.65079117e-01 3.53588343e-01 6.20879352e-01
    9.62843418e-01 6.14044666e-01 2.25685269e-01 5.67762017e-01
    1.91156805e-01 9.18542683e-01 9.63428080e-01 4.46491867e-01
    9.17562544e-02 5.77538431e-01 2.05564827e-01 3.98564696e-01
    3.46927226e-01 6.96406424e-01 7.20430732e-01 5.99196553e-01
    1.48443073e-01 5.04844904e-01 8.94860327e-02 8.25222552e-01
    6.23401523e-01 7.66444206e-01 8.12143624e-01 3.61766636e-01
    5.14089882e-01 6.70282185e-01 9.71430600e-01 3.45678568e-01
    6.90295696e-01 2.49407023e-01 6.75560236e-02 3.12371671e-01
    8.39614391e-01 8.38393807e-01 1.67718112e-01 1.76869243e-01
    9.87187028e-01 5.07883251e-01 7.75956750e-01 2.08687991e-01
    1.10798866e-01 7.37969220e-01 2.34169662e-01 1.66920632e-01
    4.58137840e-01 9.61482644e-01 5.69613576e-01 9.31303620e-01
    9.29901302e-02 7.79974580e-01 1.49270773e-01 6.21884167e-01
    9.18847740e-01 9.85386491e-01 2.12513328e-01 5.03756046e-01
    2.67487705e-01 9.71173704e-01 4.95549738e-02 3.93561333e-01
    9.48212504e-01 2.16277450e-01 1.23011291e-01 9.23193812e-01
    9.48168159e-01 3.88641655e-01 4.22871590e-01 6.55310869e-01
    3.61802518e-01 6.32175684e-01 5.55866957e-01 6.02425218e-01
    2.82281429e-01 5.15919566e-01 4.12363082e-01 8.86040807e-01
    8.99516821e-01 2.80144453e-01 6.06194973e-01 8.59573066e-01
    2.30294019e-01 6.93757534e-01 8.83873105e-01 9.12922561e-01
    5.68563282e-01 8.99006605e-01 5.00714362e-01 1.88845038e-01
    1.92752689e-01 3.53762716e-01 5.01235902e-01 8.69788051e-01
    2.97542691e-01 1.34777278e-01 8.60260904e-01 7.10502565e-01
    3.66984844e-01 3.08474123e-01 8.75841200e-01 2.10333586e-01
    9.06538963e-01 1.55006140e-01 4.03339803e-01 7.66462088e-03
    2.36368656e-01 1.36768788e-01 9.31486309e-01 4.90290374e-01
    5.82235634e-01 9.84932363e-01 2.04640925e-02 8.21222365e-01
    3.82161140e-01 2.68127173e-01 2.22574919e-01 2.20108151e-01
    9.21943843e-01 5.22586167e-01 9.67874289e-01 7.03406394e-01
    1.41984075e-01 7.16718733e-01 5.42458951e-01 7.37433136e-02
    2.02450335e-01 1.13896042e-01 3.86828125e-01 3.49224418e-01
    9.26179290e-01 7.56844640e-01 1.55838639e-01 8.30621839e-01
    1.65588558e-02 6.00880027e-01 3.66308868e-01 7.78468013e-01
    3.44196379e-01 2.77528793e-01 5.99322081e-01 4.17942375e-01
    1.79853708e-01 1.48942977e-01 8.80847692e-01 2.64392197e-02
    8.59999657e-03 7.17312455e-01 6.55435920e-01 7.90102959e-01
    7.67265201e-01 4.54985857e-01 8.51243854e-01 8.80812943e-01
    7.19174206e-01 8.66980910e-01 3.97578835e-01 4.48088169e-01
    5.35184920e-01 5.67436397e-01 6.13374233e-01 9.33006763e-01
    1.70781642e-01 1.82139814e-01 2.20367610e-01 3.43089610e-01
    4.48912054e-01 5.46413064e-01 2.53266513e-01 7.82230556e-01
    5.13385057e-01 7.81220078e-01 6.07166708e-01 6.83841109e-01
    3.97483945e-01 2.28226781e-02 8.62950385e-01 3.38893533e-02
    5.58023453e-02 4.95338678e-01 8.84619713e-01 3.72861326e-02
    1.08777285e-01 8.28001380e-01 1.69331372e-01 2.08202720e-01
    1.32572144e-01 1.40039355e-01 6.76403224e-01 7.89041221e-01
    1.04812086e-01 8.80882978e-01 5.35501957e-01 3.28379333e-01
    2.86837518e-01 4.40320820e-01 5.45704901e-01 3.89766872e-01
    4.08659995e-01 6.25607431e-01 6.38239205e-01 7.80679524e-01
    3.46208811e-01 1.37866616e-01 2.16958761e-01 2.20373690e-01
    2.07265913e-01 5.44532776e-01 9.20593739e-01 9.99980092e-01
    1.74176306e-01 7.60280013e-01 7.76107550e-01 7.77060688e-02
    5.90602279e-01 7.09646046e-02 4.26431119e-01 4.32957470e-01
    4.61787164e-01 4.72126454e-01 5.04179060e-01 6.80835485e-01
    4.45120990e-01 9.66736436e-01 9.71282005e-01 7.16700435e-01
    3.94487917e-01 3.89809012e-02 1.19937360e-01 3.88414592e-01
    9.74259198e-01 1.09457403e-01 9.42218244e-01 7.80267477e-01
    8.88621509e-01 9.63253140e-01 4.26359415e-01 1.58241272e-01
    3.71475369e-01 1.70991868e-01 3.94570708e-01 6.47078931e-01
    6.47439361e-01 1.91817641e-01 5.87079048e-01 7.98496604e-01
    7.39816248e-01 7.42295563e-01 9.39765751e-01 9.24528480e-01
    7.78816283e-01 2.49655992e-01 3.59461308e-02 1.43024176e-01
    4.80078757e-02 2.70796239e-01 8.58233809e-01 3.74879837e-01
    8.18114281e-01 8.23132455e-01 9.64967608e-01 6.79405034e-01
    9.24536109e-01 7.08975136e-01 5.78999400e-01 5.12968361e-01
    9.76843834e-01 9.42690372e-01 6.54054701e-01 8.63095105e-01
    2.55490661e-01 5.00253439e-01 7.92112350e-02 6.64014101e-01
    3.73850584e-01 1.41973555e-01 5.12501657e-01 2.28122920e-01
    1.34324342e-01 1.21095777e-03 4.00381356e-01 3.81711066e-01
    9.80280042e-01 3.03954482e-02 2.14421958e-01 5.62936783e-01
    1.13561869e-01 6.30671442e-01 6.89641654e-01 9.81770515e-01
    9.40120578e-01 3.90709549e-01 6.37395740e-01 8.14814329e-01
    9.18614268e-01 7.62070656e-01 1.09632254e-01 7.84131348e-01
    5.57036996e-01 2.30590224e-01 3.88069898e-01 9.38443899e-01
    1.68475211e-01 9.57825601e-01 7.93526471e-01 2.88690329e-01
    3.57976615e-01 4.20434177e-02 6.07073247e-01 5.72383523e-01
    4.38363969e-01 2.22106278e-01 9.54536796e-01 5.01381755e-01
    6.47888243e-01 1.25590622e-01 7.75080860e-01 7.38572001e-01
    9.98874366e-01 9.83438730e-01 4.76987869e-01 9.78576541e-01
    2.73365259e-01 1.16715282e-01 6.49009347e-01 5.58701694e-01
    7.93106437e-01 8.19480360e-01 4.77918535e-01 3.47484142e-01
    1.47223890e-01 6.53921783e-01 8.11511874e-01 6.76971436e-01
    3.42846811e-01 6.35584652e-01 4.15306628e-01 4.55189466e-01
    2.36765742e-02 9.85186815e-01 4.77476627e-01 9.48653698e-01
    4.92234558e-01 9.47386682e-01 5.01558363e-01 5.97965181e-01
    9.96310115e-01 5.57961166e-02 7.96825826e-01 8.54749143e-01
    7.05608010e-01 2.09260494e-01 4.70645100e-01 7.45055079e-01
    1.89206898e-02 8.64688754e-01 1.52391583e-01 2.61096716e-01
    4.09949571e-01 7.08825290e-01 4.79979813e-01 9.79692459e-01
    2.35264093e-01 3.14717501e-01 8.96709561e-01 6.88972712e-01
    4.91016001e-01 3.25862765e-01 8.14682543e-02 9.74113822e-01
    7.79491305e-01 1.80383533e-01 2.47440010e-01 2.11518794e-01
    1.61510706e-01 1.25191092e-01 8.49606335e-01 5.64679623e-01
    1.22012973e-01 8.22639108e-01 7.72792816e-01 6.94191992e-01
    6.90405726e-01 7.27367401e-01 7.01247454e-01 1.29333735e-02
    2.11485922e-02 7.07200348e-01 8.34464014e-01 7.14436471e-01
    7.83875585e-01 7.34520912e-01 1.43917203e-02 9.32244241e-01
    6.75442278e-01 6.98270738e-01 2.03837782e-01 7.08979368e-02
    3.47486615e-01 5.73225379e-01 1.78151488e-01 4.66773719e-01
    2.21902937e-01 5.51624894e-01 5.83761752e-01 3.86848986e-01
    1.92050785e-01 2.36217171e-01 2.68819332e-02 4.37090605e-01
    6.20368004e-01 3.26004803e-01 4.95138943e-01 3.63835961e-01
    3.42585087e-01 1.29476011e-01 2.48688102e-01 5.53231120e-01
    6.46272302e-03 2.78167665e-01 3.48780453e-01 8.68997455e-01
    3.76349539e-01 1.79623723e-01 7.53794909e-01 3.20771158e-01
    9.06723201e-01 4.57635820e-01 5.57829440e-01 3.39485824e-01
    4.81038034e-01 1.14246517e-01 2.41737574e-01 3.48966509e-01
    2.78330564e-01 4.74129707e-01 5.13030589e-02 1.54541552e-01
    8.30409288e-01 4.46328878e-01 3.12948227e-01 3.51655841e-01
    6.94750547e-02 7.24305987e-01 4.00200844e-01 8.16256762e-01
    3.92333627e-01 2.54729569e-01 1.92902565e-01 5.19579351e-02
    9.55536127e-01 3.21194351e-01 9.49436426e-02 5.58231294e-01
    3.69631052e-02 5.92327297e-01 3.89404655e-01 3.64814848e-01
    8.68391573e-01 7.57291138e-01 7.86135554e-01 2.98417807e-01
    9.03910875e-01 3.61069262e-01 9.91706729e-01 5.63743293e-01
    2.10773319e-01 7.63772011e-01 4.83339936e-01 5.73899806e-01
    7.77718365e-01 2.68364549e-02 9.98947024e-03 3.38242918e-01
    6.93913698e-02 8.01381588e-01 6.37023687e-01 9.97297704e-01
    3.91818017e-01 7.96073437e-01 7.53955841e-01 9.41829026e-01
    4.52635676e-01 1.86068118e-02 1.46278977e-01 1.15376413e-01
    3.68111908e-01 1.76196456e-01 7.02514648e-01 5.59366167e-01
    8.79277885e-02 5.01203477e-01 8.86622429e-01 8.16105783e-01
    7.39875674e-01 7.13706791e-01 3.61409783e-01 4.63279158e-01
    9.91341710e-01 4.49172854e-01 8.72723818e-01 6.03702068e-01
    1.17574513e-01 6.53178751e-01 1.68199331e-01 9.65229571e-02
    6.81846857e-01 7.75604844e-01 7.32981920e-01 6.36169016e-01
    8.86753082e-01 4.83086973e-01 5.52848876e-01 6.44607544e-01
    7.21609414e-01 8.16708922e-01 9.70709801e-01 5.96495032e-01
    8.50136936e-01 2.07588077e-02 5.19690037e-01 6.38902187e-01
    8.49909544e-01 3.84363294e-01 5.51955640e-01 5.47174335e-01
    6.53097630e-02 9.96305585e-01 1.76871121e-01 3.47976625e-01
    9.34924006e-01 7.93379128e-01 3.49240601e-02 6.52145028e-01
    5.09726584e-01 3.37154001e-01 9.38404858e-01 6.23186529e-02
    9.70424652e-01 2.91173279e-01 4.02601808e-01 6.30131364e-01
    3.94386590e-01 9.35742557e-01 6.24682188e-01 8.82969737e-01
    3.25432956e-01 4.08771932e-01 1.75865889e-02 7.92979121e-01
    1.34659767e-01 5.81179619e-01 8.84786963e-01 5.98570406e-01
    2.14313477e-01 8.34257364e-01 9.44810987e-01 6.24911249e-01
    8.62275422e-01 4.64559525e-01 3.72169793e-01 9.44758594e-01
    4.72821742e-01 8.91446590e-01 6.45882785e-02 1.04991019e-01
    3.35727274e-01 8.40995908e-02 4.23412085e-01 6.74778461e-01
    2.37334281e-01 3.50865126e-01 9.93453324e-01 2.79840827e-02
    1.21353030e-01 8.20678711e-01 9.23684597e-01 8.89859974e-01
    6.86232328e-01 8.72998118e-01 9.78526294e-01 6.80795312e-01
    4.11697090e-01 5.83248138e-01 6.70783579e-01 7.07769632e-01
    6.74572289e-01 3.17376584e-01 5.15056252e-02 3.68217349e-01
    3.10477376e-01 2.41339177e-01 2.14550406e-01 9.90797579e-01
    2.76482105e-01 8.24887753e-01 7.04144120e-01 8.21973324e-01
    8.30082238e-01 1.82271659e-01 7.71863937e-01 7.33206034e-01
    9.85932887e-01 4.94775295e-01 6.17174208e-02 2.51095831e-01
    8.85144591e-01 9.11618590e-01 9.57546055e-01 9.54601169e-02
    8.85659575e-01 5.76400638e-01 2.00629413e-01 5.40824652e-01
    7.34309912e-01 7.40883946e-02 1.69988215e-01 1.14130288e-01
    8.97107959e-01 5.21679103e-01 7.65609503e-01 2.25943953e-01
    6.54736519e-01 9.78174984e-01 7.20075727e-01 4.09131229e-01
    1.45379066e-01 2.44476080e-01 7.09789991e-01 1.68620378e-01
    1.73003078e-01 1.00613534e-01 2.31945962e-01 2.99803674e-01
    1.57026857e-01 8.75904262e-02 7.86735117e-01 8.82057369e-01
    3.26392055e-02 7.79491067e-01 1.59875363e-01 3.53157848e-01
    8.65005970e-01 3.51936013e-01 5.91753840e-01 3.09102237e-01
    1.42957449e-01 8.78205717e-01 7.80431509e-01 9.27911639e-01
    5.29436886e-01 6.35483265e-01 5.70944965e-01 7.29363561e-01
    2.94337600e-01 5.69045961e-01 1.61239922e-01 1.47620350e-01
    5.69831789e-01 7.77285933e-01 8.33898008e-01 4.65743244e-01
    2.29514658e-01 2.07360774e-01 6.16700590e-01 2.17268765e-01
    1.46361142e-01 2.37791896e-01 6.78398013e-02 3.28713298e-01
    1.63962901e-01 5.00507712e-01 6.04348063e-01 1.48507237e-01
    7.53758550e-01 7.45456815e-02 9.64226663e-01 7.35226512e-01
    3.13714147e-02 8.06931257e-01 9.00162101e-01 6.84613705e-01
    2.22015977e-01 4.28584814e-02 8.93094301e-01 5.00563502e-01
    9.83474135e-01 8.26851368e-01 6.37810051e-01 8.86962116e-01
    8.97195876e-01 3.65297854e-01 3.96283269e-02 5.16875982e-01
    1.54161245e-01 8.61020207e-01 5.91440499e-02 1.75662130e-01
    6.29056334e-01 9.73466277e-01 2.41299570e-01 7.18306243e-01
    1.38123989e-01 3.71302724e-01 6.91821992e-01 6.13563955e-02
    1.24190122e-01 2.66042799e-01 5.30912817e-01 8.24436307e-01
    7.14658737e-01 8.54147196e-01 5.20289123e-01 5.78142285e-01
    6.51455164e-01 5.93066096e-01 8.24657083e-02 7.49584615e-01
    5.51575959e-01 5.00418842e-02 4.30712074e-01 3.84411991e-01
    4.37374383e-01 6.92515969e-01 6.85884655e-01 6.75075591e-01
    3.15418780e-01 9.44726467e-01 7.15782404e-01 5.45068145e-01
    4.62082565e-01 1.64628446e-01 5.31117618e-02 3.38266194e-01
    3.18425894e-01 2.31433123e-01 2.98920095e-01 2.67502636e-01
    3.74293476e-01 4.33421016e-01 7.61837304e-01 9.32578743e-01
    8.05905759e-01 8.86056423e-01 5.23047030e-01 4.14672077e-01
    2.52741635e-01 8.51470709e-01 9.49398935e-01 8.12544584e-01
    9.69147921e-01 6.55419290e-01 2.21732646e-01 5.09534001e-01
    5.15789390e-01 6.53511643e-01 1.58885211e-01 7.58576393e-02
    1.17449999e-01 6.52282238e-01 1.85380518e-01 4.22203600e-01
    7.61996627e-01 3.16201478e-01 1.50132716e-01 6.96722746e-01
    9.00258362e-01 5.15653729e-01 2.39902794e-01 7.17883706e-01
    5.34057140e-01 2.57554829e-01 4.72619712e-01 6.04626954e-01
    3.91219705e-01 3.18701357e-01 1.96125656e-01 4.41382676e-01
    6.31060600e-01 3.50485355e-01 7.62218118e-01 5.86968184e-01
    5.64124286e-01 8.79472792e-02 8.95932734e-01 6.16578102e-01
    9.08040702e-01 7.15144277e-01 9.21935081e-01 1.18173033e-01
    3.46940249e-01 5.84752977e-01 2.86248267e-01 2.59243727e-01
    9.68953133e-01 2.76951730e-01 5.93052626e-01 1.54925048e-01
    4.15822715e-01 7.54218221e-01 8.94883573e-01 1.93938941e-01
    7.51325846e-01 4.88640249e-01 1.18042827e-02 4.34773505e-01
    6.92813516e-01 5.66601753e-04 8.75360489e-01 1.58727199e-01
    6.80246830e-01 8.57672036e-01 7.04787850e-01 5.94390869e-01
    2.78358817e-01 9.27465439e-01 4.41508919e-01 4.07846570e-02
    3.38434458e-01 6.87632203e-01 6.47736549e-01 7.59221315e-01
    4.91904616e-01 7.51388669e-01 9.97482896e-01 1.86543763e-02
    8.16929042e-02 2.17928290e-02 8.61408353e-01 8.87222886e-02
    6.14629984e-02 3.18266869e-01 2.25231349e-02 5.30306697e-02
    1.20592564e-01 5.34075856e-01 3.63741636e-01 6.65947258e-01
    6.44923508e-01 9.56574559e-01 2.45296806e-01 8.91666174e-01
    4.75558490e-01 8.93860698e-01 6.53094411e-01 7.43650496e-01
    7.17260182e-01 7.05867767e-01 7.71442056e-02 8.08722377e-01
    3.57325643e-01 4.18202221e-01 7.13481963e-01 3.85037392e-01
    6.77073717e-01 9.97766733e-01 9.83544409e-01 5.13140678e-01
    4.07074869e-01 9.06488717e-01 4.93671894e-01 5.94090521e-01
    2.12518245e-01 4.90485936e-01 2.17036158e-01 6.54739797e-01
    4.65343237e-01 2.59058416e-01 6.62396848e-02 4.82196242e-01
    6.09801948e-01 5.96820593e-01 1.06675923e-02 3.47576112e-01
    7.49253273e-01 7.03090549e-01 5.67771971e-01 9.77858424e-01
    3.66846174e-01 3.00796896e-01 5.86974084e-01 2.39120126e-02
    2.13830471e-01 9.32624817e-01 1.56989813e-01 8.16097140e-01
    4.95015264e-01 2.10196108e-01 5.26571572e-01 1.96703434e-01
    1.03189826e-01 8.46438944e-01 7.56212711e-01 8.17244291e-01
    7.86770046e-01 1.39031738e-01 5.48837185e-01 6.53067827e-01
    4.88060892e-01 7.11058140e-01 4.77035999e-01 1.09696537e-01
    3.66651922e-01 9.38967586e-01 5.74655771e-01 1.05470300e-01
    7.02085912e-01 9.52784896e-01 7.58676231e-01 4.40299660e-01
    6.78865075e-01 4.53884363e-01 7.21582413e-01 1.67222828e-01
    1.96452647e-01 4.72971141e-01 6.94797277e-01 8.87324810e-01
    7.76083469e-01 4.42378044e-01 6.19014084e-01 8.33579600e-01
    5.16354442e-01 9.29044962e-01 8.10892224e-01 2.06596196e-01
    7.85506606e-01 7.31965065e-01 1.99548930e-01 8.08694959e-01
    3.63088310e-01 5.39204061e-01 9.01956558e-02 7.50416458e-01
    9.81897771e-01 3.92059743e-01 9.10793841e-01 2.18730211e-01
    6.39410615e-01 5.63184559e-01 6.57942891e-02 1.56662285e-01
    8.39801669e-01 4.85849231e-01 7.20511615e-01 7.89298892e-01
    6.64316773e-01 3.12943757e-01 6.87170804e-01 3.15529108e-03
    8.41432929e-01 3.95360678e-01 3.54263186e-01 1.36765838e-01
    9.71061587e-01 8.63341689e-02 4.15909618e-01 5.14048398e-01
    8.73585999e-01 7.25354791e-01 2.79875845e-01 2.44137019e-01
    9.71014798e-02 9.79003787e-01 1.85611814e-01 6.91901267e-01
    2.86074281e-01 2.39521861e-01 7.18807101e-01 2.44787663e-01
    5.89195192e-01 2.64144808e-01 1.01886719e-01 9.82043803e-01
    8.80528927e-01 4.60587829e-01 3.27805519e-01 5.03963232e-03
    7.62210906e-01 8.18065703e-02 4.38974708e-01 4.19828594e-02
    2.09153414e-01 2.48392642e-01 8.59002113e-01 4.09802437e-01
    7.72269726e-01 6.78738952e-01 9.33873653e-01 3.65169406e-01
    6.98472857e-01 7.39373684e-01 7.24852979e-01 1.05268866e-01
    5.50608456e-01 7.85951734e-01 8.76619041e-01 6.74562275e-01
    1.88977659e-01 2.81717896e-01 3.78105581e-01 8.49133968e-01
    4.52401221e-01 9.14018869e-01 4.05526698e-01 6.39774680e-01
    4.19621229e-01 5.37110329e-01 5.26038051e-01 6.81515515e-01
    2.72249222e-01 9.85583663e-02 2.42064059e-01 1.67999983e-01
    3.10503513e-01 1.96667850e-01 4.66508567e-01 7.68498778e-01
    1.17325097e-01 7.71905243e-01 5.31677246e-01 9.40854907e-01
    4.80383605e-01 3.93227130e-01 2.86543697e-01 8.52702558e-02
    5.51236391e-01 9.86056328e-01 7.12521374e-01 1.42387778e-01
    8.64363611e-02 5.25388956e-01 9.83164310e-01 3.51411641e-01
    4.31259215e-01 4.16364014e-01 2.82623112e-01 9.75227177e-01
    3.84733051e-01 3.55771720e-01 7.31601536e-01 5.49290597e-01
    2.73478031e-01 4.40902561e-01 7.92490542e-01 1.70846879e-01
    6.85452938e-01 3.69758308e-02 9.44085717e-01 5.73925376e-01
    6.27403080e-01 6.01955891e-01 2.57241398e-01 8.40858459e-01
    7.70178795e-01 2.30316967e-01 1.45626187e-01 8.53913903e-01
    5.06868839e-01 3.54972422e-01 7.69602537e-01 4.66100574e-01
    3.46958876e-01 8.60488713e-02 5.27069092e-01 6.82218671e-01
    7.21941173e-01 5.98463595e-01 7.41308212e-01 1.98149830e-01
    7.57437229e-01 4.73543733e-01 3.89335752e-02 7.79952765e-01
    7.19702899e-01 5.99930167e-01 7.30226398e-01 2.31983125e-01
    1.40632540e-01 9.68377650e-01 9.90893841e-01 1.88322663e-01
    1.74307823e-01 8.57314348e-01 7.57388115e-01 7.18186438e-01
    9.22986984e-01 1.86676651e-01 6.75674379e-01 2.72821724e-01
    6.42089844e-01 1.62049651e-01 4.15106654e-01 7.35574782e-01
    3.48885119e-01 7.44147956e-01 2.63750225e-01 3.80484015e-01
    4.99871254e-01 1.01798832e-01 1.78342611e-01 3.47955763e-01
    1.21195287e-01 9.02979851e-01 9.93318379e-01 6.22342348e-01
    8.99688125e-01 9.74882841e-01 7.83872962e-01 7.86294699e-01
    6.40573204e-02 2.76083589e-01 6.52723193e-01 8.16586316e-01
    8.57714176e-01 5.62602460e-01 3.45077336e-01 5.47801137e-01
    5.30445635e-01 2.79089093e-01 3.37801814e-01 8.69892001e-01
    2.39338785e-01 9.22182202e-03 9.11160350e-01 8.23996723e-01
    6.60315990e-01 5.74433565e-01 2.80754209e-01 1.41685158e-01
    5.31528294e-02 9.62004960e-02 9.97134566e-01 6.25486314e-01
    8.05728078e-01 5.34418166e-01 3.88179123e-01 9.40224409e-01
    1.10658556e-01 4.93078291e-01 6.82239950e-01 3.27550620e-01
    7.00067401e-01 7.86369801e-01 3.62062454e-01 9.58867431e-01
    8.33497345e-01 1.18776500e-01 6.82750821e-01 2.48649955e-01
    2.57175922e-01 5.96380293e-01 2.48109341e-01 8.21004748e-01
    2.31437981e-02 3.65864396e-01 1.00539625e-01 3.28911066e-01
    4.15839523e-01 8.19823444e-02 4.78752851e-02 2.63609529e-01
    6.90019190e-01 3.21744800e-01 4.72001106e-01 2.61457443e-01
    6.50430441e-01 7.91832507e-01 4.82760310e-01 5.23686945e-01
    5.81047237e-01 9.68009949e-01 4.57742751e-01 4.27561074e-01
    6.27754986e-01 5.01440883e-01 3.50140750e-01 6.51498556e-01
    8.08745563e-01 7.98691511e-02 8.14133346e-01 3.37147474e-01
    4.24345285e-01 3.18408012e-02 3.93237263e-01 5.80366910e-01
    4.65111643e-01 1.77739471e-01 3.39031279e-01 9.97449636e-01
    6.10634089e-01 4.84108537e-01 9.57659483e-01 7.50680089e-01
    6.44075692e-01 5.61280310e-01 3.77618968e-02 6.91541255e-01
    5.47472596e-01 3.70672107e-01 1.24068797e-01 8.68243039e-01
    6.83007836e-02 4.92254019e-01 5.65102696e-02 5.62309146e-01
    1.05433255e-01 8.92471611e-01 8.29490542e-01 9.73308027e-01
    8.03552210e-01 2.07837969e-01 5.59279382e-01 1.52627051e-01
    6.13547325e-01 3.04905176e-02 9.39462125e-01 7.82499433e-01
    9.12823558e-01 7.41497517e-01 5.91531217e-01 3.65507126e-01
    4.77932572e-01 6.24844432e-03 6.72994852e-02 4.14417237e-01
    7.20184982e-01 9.97565031e-01 3.15848410e-01 5.70087075e-01
    3.99535596e-01 8.15237761e-01 5.78113675e-01 2.10890651e-01
    7.64791846e-01 5.21903574e-01 1.81507587e-01 5.77706218e-01
    5.56443334e-02 2.88811207e-01 2.08602279e-01 4.32385802e-01
    3.80475938e-01 5.38221896e-01 2.58795887e-01 1.94773078e-01
    3.04100871e-01 9.29805756e-01 2.78452396e-01 8.70053053e-01
    5.38841128e-01 3.96394134e-02 8.00920963e-01 7.84551322e-01
    5.78102350e-01 7.70792902e-01 4.17552531e-01 5.21789372e-01
    1.59119844e-01 2.21114427e-01 1.72382802e-01 2.06171721e-01
    5.13787925e-01 1.21022105e-01 1.65039808e-01 6.58234119e-01
    4.06141132e-01 6.77451193e-01 5.89013755e-01 7.91156650e-01
    2.86737561e-01 4.41572666e-01 8.38626981e-01 7.51479030e-01
    1.56408310e-01 8.23354721e-01 1.84637666e-01 5.07957041e-02
    8.06102276e-01 6.55759215e-01 6.39271140e-01 6.88217103e-01
    8.70028496e-01 8.34106088e-01 3.41268778e-02 7.03338861e-01
    5.48672438e-01 8.53113770e-01 4.42320287e-01 5.81467032e-01
    4.37773257e-01 8.78682733e-03 5.07837355e-01 4.75524843e-01
    2.25326717e-02 4.28644717e-01 4.23082441e-01 9.31784511e-01
    3.86168897e-01 9.61858630e-01 6.65163517e-01 8.04345369e-01
    9.73345637e-01 1.35694236e-01 5.80217540e-01 1.81469917e-02
    2.73567617e-01 1.68776512e-02 2.85675943e-01 8.38811696e-02
    6.61080956e-01 6.15527391e-01 9.57851648e-01 3.47310901e-02
    6.13182306e-01 7.65716553e-01 3.45638365e-01 6.01057053e-01
    1.61017329e-01 7.99408197e-01 1.99012816e-01 7.62280405e-01
    1.58325166e-01 1.72266454e-01 8.21725607e-01 2.70075411e-01
    7.13338196e-01 7.46340573e-01 8.03475857e-01 3.19921732e-01
    9.71797705e-01 1.57664239e-01 7.83133507e-02 8.66834521e-01
    9.92774487e-01 6.48888588e-01 3.65557998e-01 3.79866898e-01
    8.38214219e-01 2.07612306e-01 7.97096312e-01 6.62919343e-01
    9.76030231e-02 9.17375088e-03 4.74655688e-01 5.06440163e-01
    6.15364015e-02 5.27719796e-01 1.21918499e-01 7.25935638e-01
    8.22756231e-01 4.47943628e-01 1.10431880e-01 7.38080204e-01
    7.26499200e-01 3.73132110e-01 9.65312779e-01 4.26334143e-03
    3.00788224e-01 6.32139981e-01 2.12944090e-01 3.88982117e-01
    3.62589598e-01 6.07271791e-02 5.69426179e-01 6.81999505e-01
    4.10403371e-01 9.24948990e-01 1.20524228e-01 9.54738259e-01
    7.60567784e-01 6.46638572e-02 9.39836979e-01 8.85478079e-01
    6.83686972e-01 3.56249958e-01 8.30694437e-01 9.72775400e-01
    1.75123572e-01 8.85336637e-01 4.65727001e-01 5.06402850e-02
    5.57217002e-02 5.00727475e-01 2.08918869e-01 2.76187122e-01
    3.64416242e-02 3.25803190e-01 6.15073502e-01 3.05277765e-01
    6.30545914e-01 5.42627752e-01 3.26571941e-01 2.59206951e-01
    1.13324761e-01 6.35461330e-01 1.08704060e-01 2.26029009e-01
    7.67977834e-02 4.12761629e-01 1.91954225e-01 4.13845062e-01
    6.55699849e-01 4.96939331e-01 9.56279039e-01 6.59404159e-01
    2.05999017e-01 3.51961851e-02 3.71650755e-02 2.17025816e-01
    7.09259212e-01 9.76847529e-01 7.26807177e-01 1.31610870e-01
    1.19298577e-01 5.94324827e-01 2.42498279e-01 5.41112304e-01
    7.71997869e-02 6.01152718e-01 3.96191239e-01 3.82139087e-02
    4.26744848e-01 4.38433886e-03 9.63036895e-01 8.90681744e-01
    2.67632008e-02 3.28503877e-01 2.23311543e-01 4.57380444e-01
    4.26647842e-01 5.54238260e-01 2.32023895e-01 4.82516795e-01
    5.11872828e-01 6.27452850e-01 7.74450421e-01 9.75066423e-01
    8.89375925e-01 7.85381854e-01 6.40730977e-01 4.27290857e-01
    4.07883257e-01 5.42300940e-01 7.95450568e-01 4.89886582e-01
    1.88577175e-02 8.11288953e-01 9.24377918e-01 8.73646140e-01
    1.58992112e-02 3.67490262e-01 4.72425342e-01 5.87911904e-02
    7.05558062e-01 8.80540013e-01 8.23707223e-01 6.20961607e-01
    8.73320282e-01 5.19563079e-01 6.71388030e-01 1.51061803e-01
    8.26493442e-01 8.74606669e-01 2.27090478e-01 3.52444410e-01
    7.06399918e-01 1.31205708e-01 9.75804687e-01 3.75270009e-01
    6.03487253e-01 6.59895420e-01 5.28498650e-01 5.22983015e-01
    3.20569575e-01 3.93074155e-02 8.82503986e-01 8.56790781e-01
    2.45863467e-01 1.39378816e-01 1.92090094e-01 8.65753651e-01
    2.49300212e-01 3.49240243e-01 4.40418452e-01 6.36726499e-01
    9.38825905e-01 5.86382031e-01 5.76167107e-01 8.57394338e-01
    3.15818369e-01 3.07479620e-01 1.13404632e-01 4.43311840e-01
    2.00068742e-01 7.11331725e-01 1.92423582e-01 4.27171290e-02
    1.84696108e-01 3.43012482e-01 6.79715991e-01 7.13130534e-01
    4.58926857e-01 8.58395576e-01 7.60059357e-02 1.11481696e-01
    5.04240453e-01 8.77031207e-01 1.65763915e-01 7.54726946e-01
    8.67263794e-01 6.86355531e-01 3.16104919e-01 3.20130557e-01
    8.32438588e-01 5.33295095e-01 5.59454918e-01 4.56881195e-01
    2.98607826e-01 1.30288333e-01 6.92327440e-01 2.43872881e-01
    5.97713172e-01 2.07077444e-01 9.22308922e-01 3.64916444e-01
    1.25662774e-01 1.04022920e-01 2.21054435e-01 5.99724531e-01
    6.73763156e-01 3.36577713e-01 6.14051044e-01 2.94480592e-01
    1.58711374e-01 3.17273557e-01 8.97857487e-01 5.91378927e-01
    4.03254509e-01 5.01124740e-01 2.27371067e-01 2.26589411e-01
    5.68107188e-01 1.58340037e-02 4.94198859e-01 4.88433540e-02
    1.71019405e-01 2.62555897e-01 6.51513636e-01 3.68537307e-01
    8.83692026e-01 3.77002865e-01 6.46817148e-01 4.19265985e-01
    6.06035292e-02 4.81355786e-01 9.48351026e-01 1.87593043e-01
    7.14134336e-01 8.37044120e-01 7.70387173e-01 1.87358409e-01
    6.32630885e-01 5.86758792e-01 2.38821685e-01 2.13819593e-01
    8.62939537e-01 5.48006952e-01 1.04089916e-01 3.31599325e-01
    9.55024838e-01 6.94194078e-01 4.11494017e-01 9.46223736e-01
    5.52178562e-01 8.92998934e-01 4.01219368e-01 2.06252635e-01
    5.55272698e-01 4.90731895e-02 2.96485543e-01 1.49678975e-01
    2.69323587e-01 7.46991813e-01 8.56181502e-01 8.24613512e-01
    6.42163038e-01 2.65717208e-02 6.86172247e-01 7.19920576e-01
    7.65665174e-01 3.12484443e-01 4.44086790e-02 6.91450953e-01
    8.26070666e-01 2.88688093e-01 4.67074782e-01 3.14886987e-01
    6.52834773e-03 1.46637201e-01 3.29973757e-01 1.27274901e-01
    6.17031276e-01 2.46972352e-01 1.98256403e-01 7.83771217e-01
    1.58862054e-01 4.01987314e-01 7.92831182e-04 6.20252728e-01
    2.79848456e-01 4.89534795e-01 8.81814063e-01 4.13975537e-01
    8.75694394e-01 5.20170569e-01 5.21936417e-02 9.16180611e-02
    5.46357870e-01 1.71687454e-01 2.04960793e-01 4.74116832e-01
    3.15117836e-01 1.08522266e-01 4.48362321e-01 5.20224571e-02
    5.98361433e-01 1.83292687e-01 5.65988779e-01 3.90836269e-01
    7.72264481e-01 5.05713105e-01 9.73907113e-01 6.23339951e-01
    9.83282208e-01 2.26478875e-02 4.51244771e-01 9.59208548e-01
    9.36256647e-01 9.78548169e-01 5.50591648e-01 6.00212634e-01
    9.65503216e-01 9.25986528e-01 9.59386766e-01 4.62257773e-01
    1.89218849e-01 9.48772550e-01 8.17880869e-01 5.11661470e-01
    4.32647109e-01 9.60546255e-01 2.23312706e-01 5.64133346e-01
    9.73575830e-01 7.04904318e-01 8.87610912e-01 2.00209320e-01
    8.74890924e-01 8.69143367e-01 9.31300998e-01 5.19113660e-01
    2.77625620e-02 7.34595954e-02 6.78406656e-01 7.07792878e-01
    2.76180625e-01 3.19287479e-01 8.76386642e-01 1.74996018e-01
    4.32046682e-01 3.56502205e-01 1.79014057e-01 2.88848937e-01
    4.86806512e-01 9.07035708e-01 2.98008919e-01 5.87413311e-02
    5.65615356e-01 2.42758393e-02 6.94295347e-01 8.84936810e-01
    6.42723083e-01 1.59374714e-01 3.40151489e-01 4.35756624e-01
    5.83570242e-01 8.40864420e-01 5.10004342e-01 3.90919209e-01
    5.94732225e-01 6.75339699e-02 3.96127671e-01 8.44402373e-01
    3.87935340e-01 2.64632493e-01 2.32021213e-02 6.53558135e-01
    1.71807140e-01 3.48940611e-01 5.96545100e-01 3.84778708e-01
    1.39153779e-01 8.57642353e-01 6.30545139e-01 8.24443042e-01
    9.70328331e-01 2.65322268e-01 5.63273132e-02 3.18805873e-01
    8.35371256e-01 9.93717015e-02 4.20465529e-01 5.17111242e-01
    3.29947472e-03 8.78461599e-02 3.81114513e-01 9.96141732e-02
    6.90541387e-01 8.84066105e-01 7.47536123e-01 5.51243961e-01
    7.69934058e-01 5.88980973e-01 9.71320450e-01 3.29468369e-01
    9.11774576e-01 3.40328127e-01 7.62327850e-01 2.37500161e-01
    3.37351650e-01 8.53621185e-01 2.78836906e-01 2.47226238e-01
    3.00726712e-01 8.25280547e-01 8.99959147e-01 8.76035690e-01
    4.79320347e-01 2.16534525e-01 4.66738582e-01 3.55226010e-01
    7.73007631e-01 7.29027033e-01 5.48935533e-01 4.69894826e-01
    4.47721481e-02 1.63137287e-01 6.75054550e-01 1.91301227e-01
    3.03197682e-01 8.47255588e-01 2.92285502e-01 3.79851699e-01
    5.65993011e-01 6.14969552e-01 7.76366413e-01 1.19511485e-02
    5.70160806e-01 5.13983309e-01 4.58181888e-01 7.00728714e-01
    5.91942072e-02 1.36873603e-01 3.82986248e-01 6.52955234e-01
    3.61860275e-01 7.39110708e-02 6.98182702e-01 2.10147709e-01
    9.29809511e-02 8.28361273e-01 4.38400626e-01 2.60858297e-01
    7.24346042e-01 1.23064905e-01 5.30887783e-01 8.53787363e-02
    4.58834469e-01 2.78923869e-01 9.69962120e-01 7.19281197e-01
    1.91029429e-01 6.61783457e-01 5.68938673e-01 9.91610587e-02
    4.90212202e-01 3.43362510e-01 7.62931049e-01 8.81569028e-01
    2.93223321e-01 4.40975398e-01 3.56627226e-01 3.56724322e-01
    4.41055715e-01 1.87028319e-01 7.14244246e-01 2.35686064e-01
    4.62526083e-01 7.48078287e-01 5.08655548e-01 7.00402021e-01
    5.62028527e-01 3.11812520e-01 4.17129755e-01 3.01879197e-01
    6.46710575e-01 1.46216571e-01 6.32806063e-01 4.68502313e-01
    8.38935375e-04 4.17170882e-01 5.83932698e-02 2.47546405e-01
    7.03358173e-01 7.04421639e-01 4.61330205e-01 1.08503312e-01
    9.40300822e-02 2.79714137e-01 7.27575541e-01 6.05088234e-01
    7.62439489e-01 9.87802565e-01 9.09841776e-01 4.40249920e-01
    2.89289236e-01 3.72721732e-01 7.50200093e-01 9.64648485e-01
    2.67474473e-01 9.34998989e-01 4.51970667e-01 6.96023524e-01
    4.50252831e-01 1.84328616e-01 4.03668791e-01 8.72070968e-01
    3.58681381e-01 8.32632184e-01 5.53353250e-01 9.72525477e-01
    3.34496558e-01 7.31899142e-02 7.49083757e-01 4.91419941e-01
    3.13496411e-01 1.02779925e-01 5.15457034e-01 3.37899625e-01
    9.94892478e-01 6.47963166e-01 5.08484721e-01 8.72811675e-02
    7.32010841e-01 6.22516096e-01 1.71172112e-01 4.86275285e-01
    1.64407670e-01 1.30141795e-01 8.85279715e-01 3.83991659e-01
    1.91246331e-01 4.61299837e-01 1.89620256e-03 9.13604498e-01
    9.85672116e-01 8.20607305e-01 8.27584386e-01 8.02969098e-01
    4.46986675e-01 9.45594013e-01 9.46963787e-01 6.08580828e-01
    1.84619427e-03 7.10202932e-01 7.05272794e-01 2.62877584e-01
    2.21045554e-01 5.59136391e-01 3.73100400e-01 6.82164192e-01
    8.07454109e-01 4.33165371e-01 2.95029104e-01 2.04611033e-01
    3.73901099e-01 2.67810524e-01 5.10354340e-01 8.90040159e-01
    9.88245010e-03 5.54994047e-02 1.98182464e-02 9.07479465e-01
    6.86758876e-01 2.94924229e-01 6.67788029e-01 5.79014421e-01
    9.95285988e-01 6.32332027e-01 2.43648946e-01 2.27111161e-01
    2.95455754e-01 1.17546499e-01 8.88416648e-01 6.67061687e-01
    1.70188189e-01 1.60877973e-01 4.52897042e-01 6.76638842e-01
    4.81847465e-01 6.13802195e-01 9.55826879e-01 7.13332117e-01
    7.92893410e-01 5.42192757e-02 8.14509511e-01 8.23413372e-01
    2.23834068e-01 4.43771720e-01 7.93451071e-01 6.59433961e-01
    9.38762069e-01 2.07496554e-01 1.61399841e-02 3.76016289e-01
    1.44641250e-01 3.56089294e-01 5.26728392e-01 5.73862195e-02
    4.89170671e-01 5.32542825e-01 7.98338950e-02 2.71657526e-01
    9.95507956e-01 9.29316401e-01 5.07161498e-01 9.25545216e-01
    3.57758999e-02 9.42157984e-01 5.59221923e-01 2.97992706e-01
    4.93372858e-01 1.64918214e-01 4.20653403e-01 8.49829435e-01
    1.51390284e-01 7.01913655e-01 4.21633422e-01 6.74577057e-02
    3.57818812e-01 5.34956932e-01 6.93065166e-01 8.47941220e-01
    5.08214593e-01 9.55803394e-01 6.27954900e-01 2.70099193e-01
    1.38787985e-01 6.49668038e-01 4.99193519e-01 4.57091630e-01
    8.01177144e-01 8.15458596e-01 4.35508251e-01 6.68265998e-01
    1.06815249e-01 6.92088008e-01 9.23068762e-01 2.10496306e-01
    8.83611202e-01 4.36456084e-01 5.70104718e-02 1.97765261e-01
    4.24153447e-01 9.80095863e-01 7.58891940e-01 8.20365548e-01
    5.66862702e-01 3.28058124e-01 3.07864487e-01 9.22370255e-02
    6.85999572e-01 6.85993433e-01 9.41496134e-01 8.50292444e-02
    4.49248403e-01 8.33819509e-01 9.87326562e-01 2.12791890e-01
    8.08577895e-01 9.33037519e-01 1.52515858e-01 5.85733652e-01
    7.58519650e-01 5.65551996e-01 6.21918559e-01 3.12387288e-01
    2.51026005e-01 2.09083974e-01 9.29418564e-01 2.91546404e-01
    4.62777555e-01 3.86365861e-01 4.16840702e-01 6.23208284e-03
    7.36998677e-01 6.83265507e-01 1.27677351e-01 1.24137968e-01
    8.57038915e-01 4.50033545e-02 9.67270732e-01 9.85720456e-01
    1.04902804e-01 7.74950743e-01 1.36971802e-01 3.40695798e-01
    1.21295363e-01 4.13366258e-01 5.45536935e-01 7.34632909e-01
    2.14698792e-01 3.97191614e-01 3.11129719e-01 5.13763249e-01
    8.95374656e-01 9.72094834e-02 1.18636966e-01 8.41677189e-01
    1.00980401e-01 5.54491103e-01 2.88103491e-01 2.09018737e-01
    8.41942251e-01 4.68938619e-01 6.41711473e-01 8.83002639e-01
    3.54334235e-01 6.02678478e-01 4.65852112e-01 4.07849610e-01
    2.31317997e-01 4.09188807e-01 2.54167259e-01 4.54074860e-01
    5.65036952e-01 3.13931704e-01 6.13596559e-01 4.06452358e-01
    4.42930669e-01 8.97733927e-01 6.09164894e-01 1.42318755e-01
    9.56163287e-01 6.11413896e-01 6.16914570e-01 5.66726625e-02
    8.89248610e-01 1.62673682e-01 9.87260282e-01 3.44375610e-01
    2.94671655e-02 3.53057683e-02 2.40459025e-01 6.60699606e-01
    4.50320244e-02 8.14967990e-01 8.21205735e-01 1.94622219e-01
    7.97248721e-01 2.61413634e-01 4.29752558e-01 8.26334238e-01
    8.82841647e-01 3.88959020e-01 9.73092377e-01 6.61389172e-01
    1.15635961e-01 8.49465251e-01 8.35848927e-01 2.87560523e-01
    2.26577103e-01 7.06692338e-01 9.99372900e-01 7.38764644e-01
    8.39018345e-01 6.01231694e-01 1.20671600e-01 6.31455421e-01
    5.07225096e-01 7.08068550e-01 5.85311532e-01 2.72350103e-01
    6.80993080e-01 7.22110271e-02 8.80039811e-01 2.81052232e-01
    9.45388794e-01 8.91150773e-01 6.29114866e-01 4.81586128e-01
    8.23279858e-01 4.81187046e-01 5.04956961e-01 6.03322864e-01
    7.72030711e-01 1.48174554e-01 6.65646672e-01 2.78179675e-01
    1.98662281e-04 3.39601874e-01 7.22331583e-01 7.74586916e-01
    9.32366192e-01 4.64615822e-01 9.99532819e-01 9.16320205e-01
    9.95451570e-01 5.02850413e-02 1.16351545e-01 6.06411040e-01
    7.79543161e-01 6.64763331e-01 8.10792685e-01 8.14085603e-01
    8.36825609e-01 1.11212432e-01 7.76766241e-01 3.32030654e-03
    9.07856584e-01 1.73193961e-01 4.97151256e-01 5.15399039e-01
    1.67428881e-01 7.84516513e-01 3.13866436e-02 8.14301729e-01
    7.10925698e-01 7.00722337e-02 6.45155430e-01 8.08332026e-01
    6.74319685e-01 9.66654718e-02 7.49834180e-02 8.30087721e-01
    8.54777992e-02 6.33156717e-01 7.68794417e-01 9.45316970e-01
    9.96131539e-01 3.00947994e-01 3.30034107e-01 6.97928071e-02
    5.65618157e-01 7.90885925e-01 4.27643239e-01 6.39652491e-01
    3.99316847e-01 3.83782446e-01 5.97621381e-01 6.07143164e-01
    5.33643365e-03 7.08805501e-01 5.46320856e-01 7.63902783e-01
    7.78805494e-01 2.17497826e-01 1.82552755e-01 3.39096129e-01
    7.61049509e-01 6.11001670e-01 4.44669664e-01 7.93954730e-01
    4.41751093e-01 9.89524543e-01 7.84538150e-01 4.68263000e-01
    4.06377703e-01 4.19040382e-01 7.34164536e-01 3.22028250e-01
    2.41152912e-01 6.72211766e-01 5.40120542e-01 1.11679316e-01
    3.42807591e-01 2.83138931e-01 5.54808617e-01 1.79848403e-01
    3.05388093e-01 7.03832805e-02 1.07205063e-01 7.20666826e-01
    3.47068310e-02 7.00142920e-01 4.60816503e-01 2.81014442e-02
    4.61724401e-02 6.58962786e-01 9.26470518e-01 7.64219522e-01
    6.54366493e-01 2.16438353e-01 4.88596618e-01 4.59594667e-01
    6.23001814e-01 2.46866226e-01 1.31424367e-01 6.25407338e-01
    7.35568523e-01 2.19181657e-01 4.01491821e-02 4.04292107e-01
    7.29416251e-01 9.60298657e-01 1.64698869e-01 6.27266049e-01
    2.36521184e-01 8.41667950e-02 5.91322303e-01 4.16430444e-01
    4.54807222e-01 1.97355241e-01 1.98662579e-02 4.29606318e-01
    4.57378477e-01 5.76862693e-01 9.49141741e-01 5.27171135e-01
    6.61139131e-01 2.54934043e-01 2.56080627e-01 5.20763993e-01
    6.99906349e-01 1.53754056e-01 7.97726631e-01 5.52691519e-01
    5.99610806e-02 1.33055925e-01 8.61688018e-01 2.04050928e-01
    5.42926490e-01 2.09907264e-01 9.83529449e-01 5.39727747e-01
    9.38436985e-01 5.63749373e-01 2.31503844e-02 8.09191108e-01
    2.23483652e-01 3.31422687e-03 4.81019348e-01 6.19675815e-01
    5.39302230e-02 8.57306898e-01 9.96202171e-01 6.25484526e-01
    7.25113153e-02 1.38900548e-01 8.48730564e-01 6.08386576e-01
    8.70486796e-01 1.65726542e-02 5.34792662e-01 8.72685552e-01
    2.99046069e-01 6.25723422e-01 4.64060694e-01 6.93889260e-01
    1.96404696e-01 8.46726775e-01 3.46618325e-01 4.31731552e-01
    2.53106624e-01 5.31933606e-01 2.63591796e-01 3.13909054e-01
    1.69491678e-01 1.25756264e-01 5.87069154e-01 8.62532258e-02
    5.53739190e-01 7.33834982e-01 2.34146148e-01 1.79256707e-01
    2.91814417e-01 3.61604691e-01 9.34381723e-01 4.96966898e-01
    8.05051923e-01 6.45630538e-01 7.88566947e-01 3.63407731e-02
    6.34137273e-01 6.77435279e-01 9.38502789e-01 2.66484588e-01
    3.55259776e-01 1.81477576e-01 5.65979481e-01 3.12395990e-02
    9.41292167e-01 2.97322929e-01 3.74118507e-01 3.13128680e-01
    9.03663754e-01 2.87666172e-01 2.33374238e-01 2.30001003e-01
    5.86627305e-01 9.01703000e-01 6.75697565e-01 6.18973374e-01
    9.14023280e-01 9.50387597e-01 7.48701811e-01 8.43515754e-01
    1.64067745e-03 5.59493542e-01 2.37263024e-01 8.32990170e-01
    3.96285444e-01 8.15327048e-01 4.30642664e-01 9.33670402e-02
    6.59749389e-01 6.85485005e-02 1.84899509e-01 6.23504400e-01
    2.67417669e-01 1.83746755e-01 2.56769001e-01 8.61793399e-01
    8.50674629e-01 1.32399052e-01 7.47848630e-01 9.52607989e-01
    3.06525528e-01 7.44179726e-01 4.39718366e-01 1.85062289e-02
    4.53122079e-01 7.03571200e-01 4.48241204e-01 8.58486056e-01
    9.29982543e-01 7.25182891e-01 8.75109434e-01 5.86556911e-01
    6.51568890e-01 7.55617082e-01 7.98376739e-01 1.84982210e-01
    8.21888566e-01 2.03432947e-01 3.97276491e-01 7.13736117e-02
    7.39991665e-05 9.09210384e-01 7.82719254e-01 4.40940291e-01
    3.84315401e-01 4.76658136e-01 2.24300146e-01 4.97480333e-01
    7.12439179e-01 8.86244655e-01 4.28123951e-01 7.86638975e-01
    1.57911092e-01 5.06143093e-01 7.18843818e-01 7.88402915e-01
    8.52555394e-01 8.05968761e-01 9.23921108e-01 2.23358601e-01
    6.70301557e-01 5.82405269e-01 1.75668895e-01 8.68857801e-02
    4.36538070e-01 7.43911922e-01 3.51229399e-01 2.39252061e-01
    8.16413045e-01 2.12882131e-01 7.87300587e-01 1.79943711e-01
    2.38533080e-01 9.71067548e-02 9.85885561e-02 6.66505337e-01
    7.75667250e-01 4.75312084e-01 9.38846409e-01 3.05909812e-02
    6.54314101e-01 1.92703724e-01 4.64791059e-03 9.81497765e-02
    1.96281493e-01 8.63239169e-01 2.74118990e-01 2.14601427e-01
    3.66112113e-01 8.47914100e-01 2.86637187e-01 2.86918104e-01
    5.23814857e-01 4.45893824e-01 9.89920497e-01 2.06863582e-02
    4.49141830e-01 9.62229371e-01 1.28192604e-02 4.17551935e-01
    1.59305662e-01 8.90811980e-02 2.73360133e-01 3.53137672e-01
    1.92391455e-01 9.95366693e-01 9.12499726e-02 7.11614728e-01
    3.78829628e-01 9.85437512e-01 6.72321439e-01 3.12584937e-01
    1.45990819e-01 8.09152901e-01 1.46635294e-01 5.18712223e-01
    3.75534296e-01 1.93406373e-01 8.07818532e-01 1.49750203e-01
    6.22155964e-01 2.10605711e-01 1.32627457e-01 1.62040532e-01
    8.86098385e-01 7.26047873e-01 6.50528491e-01 3.41211438e-01
    4.37215000e-01 4.08044755e-02 5.65981269e-02 7.30857372e-01
    2.42949337e-01 9.07948554e-01 3.87413502e-02 4.01973754e-01
    1.90118581e-01 2.15401053e-01 3.93140376e-01 7.91971266e-01
    6.56287313e-01 4.97084498e-01 8.48665476e-01 4.82923627e-01
    1.57383382e-02 3.07784289e-01 3.34733069e-01 9.54031825e-01
    6.31450713e-01 8.15122128e-01 7.51531541e-01 5.75750470e-01
    5.00423670e-01 4.89658296e-01 7.08572626e-01 1.06562316e-01
    5.11184931e-02 2.40741402e-01 2.18032449e-01 3.11264396e-01
    4.41392720e-01 3.12735498e-01 5.46714664e-03 8.75245988e-01
    5.13671517e-01 1.36357844e-02 4.06198144e-01 6.15313768e-01
    3.54386449e-01 2.77332634e-01 7.41259992e-01 3.89957935e-01
    1.14983231e-01 4.37149405e-03 2.08994180e-01 7.65535951e-01
    7.27005601e-02 1.77548230e-01 1.52572542e-01 2.34597117e-01
    3.27881217e-01 5.16076863e-01 2.51484692e-01 2.74581492e-01
    6.68509483e-01 9.00905430e-01 6.09606564e-01 3.82050335e-01
    3.64970565e-02 1.27041668e-01 6.12008274e-02 6.89609110e-01
    5.68724573e-02 5.13838828e-02 2.59991795e-01 6.08821213e-01
    4.68257308e-01 7.43125081e-01 8.40345979e-01 1.81767672e-01
    8.56533229e-01 5.41486084e-01 8.60963941e-01 2.38070548e-01
    5.84560871e-01 1.15579724e-01 6.15923285e-01 1.13239020e-01
    6.51553154e-01 5.37916541e-01 6.14792049e-01 4.51010764e-02
    4.47630882e-02 5.40547371e-01 9.65119958e-01 4.20764089e-02
    3.36027741e-01 1.67438388e-01 9.53490853e-01 8.34146738e-02
    1.55859739e-01 9.79153752e-01 3.99717987e-01 4.57818449e-01
    1.82035983e-01 5.32251120e-01 3.06791455e-01 8.74694943e-01
    9.49741602e-02 4.13803339e-01 2.96742409e-01 2.24522859e-01
    2.56038845e-01 7.39163578e-01 9.26316082e-02 7.02687800e-01
    4.67930704e-01 6.87057257e-01 5.58840096e-01 2.56597459e-01
    5.84813356e-01 5.06996691e-01 5.71402609e-01 7.45980859e-01
    9.17629242e-01 8.94110680e-01 9.32018101e-01 5.99136114e-01
    7.65376329e-01 5.19013762e-01 6.66429996e-02 9.72921848e-01
    9.83311892e-01 6.07683182e-01 5.60545027e-01 3.97530586e-01
    2.90752828e-01 1.50109023e-01 6.74365401e-01 1.61408305e-01
    2.78870136e-01 7.36875296e-01 2.54621238e-01 1.10640407e-01
    7.11348951e-02 8.20630550e-01 6.00866258e-01 9.76895332e-01
    4.14194733e-01 5.66110015e-01 6.65870547e-01 7.53620028e-01
    2.59424627e-01 4.18051332e-01 6.85442626e-01 8.07099938e-01
    4.41516399e-01 6.94323838e-01 8.89649630e-01 2.73551047e-01
    7.85545826e-01 5.71549594e-01 7.33743846e-01 4.47437435e-01
    8.15648615e-01 9.30515826e-02 3.40882659e-01 2.87987828e-01
    5.23106456e-01 7.23809540e-01 7.78590679e-01 9.93353128e-01
    7.02665687e-01 7.23531425e-01 5.05473435e-01 5.78290343e-01
    5.99647045e-01 1.62672102e-01 7.79500008e-01 7.88773298e-01
    2.19796062e-01 6.47999763e-01 4.25587416e-01 4.16767508e-01
    3.80379409e-01 1.00229084e-02 4.96617228e-01 1.83405131e-01
    3.33167672e-01 7.74884641e-01 6.85802996e-02 5.75494409e-01
    9.72466350e-01 2.48651743e-01 8.16188693e-01 7.85333931e-01
    3.74903977e-01 6.94322646e-01 5.39844394e-01 8.56845617e-01
    3.10462624e-01 9.84948575e-02 3.95463228e-01 9.09377098e-01
    9.59487677e-01 1.55498713e-01 5.70609272e-01 2.98502922e-01
    6.67811513e-01 7.29332268e-02 3.20598185e-02 6.96553946e-01
    9.97130752e-01 1.50297701e-01 1.81151986e-01 5.50547898e-01
    4.44973081e-01 9.84711707e-01 4.65753019e-01 9.84311402e-01
    6.01233721e-01 6.82804942e-01 8.09676647e-01 8.27608347e-01
    6.33061647e-01 9.85160589e-01 2.07728505e-01 5.53958058e-01
    2.98661947e-01 2.63049901e-01 8.64684820e-01 4.72000837e-02
    9.36551094e-02 4.78863120e-01 7.45036960e-01 4.79095846e-01
    8.48791242e-01 6.07009828e-02 7.31325626e-01 5.25729597e-01
    5.49107194e-01 9.50429440e-01 7.53938198e-01 1.58491582e-01
    6.89221919e-01 7.40859509e-02 9.74462032e-01 2.22650588e-01
    5.13438582e-01 8.61726224e-01 7.72890329e-01 1.18651509e-01
    4.88549203e-01 7.88026929e-01 8.58239293e-01 5.71266294e-01
    5.15876174e-01 8.27186346e-01 4.23457682e-01 6.29461348e-01
    2.06981719e-01 3.00855696e-01 2.40675867e-01 5.52325189e-01
    1.35337055e-01 6.67441487e-02 7.26593733e-01 8.80515575e-01
    8.41545105e-01 8.75304818e-01 5.93408108e-01 6.61152661e-01
    8.88885975e-01 7.75811791e-01 2.19174951e-01 7.39758193e-01
    7.70350218e-01 6.31320179e-02 4.11512226e-01 3.39646995e-01
    1.94087446e-01 2.43143380e-01 7.69564450e-01 8.93818855e-01
    6.32314801e-01 6.50656164e-01 9.53265190e-01 3.90806824e-01
    9.22475934e-01 2.42016643e-01 2.38143146e-01 3.57229769e-01
    4.39564019e-01 6.22963905e-01 4.77470726e-01 4.78852361e-01
    4.25868809e-01 8.94295335e-01 5.64281881e-01 2.32523680e-01
    2.33934939e-01 3.30515504e-02 8.08270752e-01 7.55494237e-01
    2.09867597e-01 8.92411947e-01 6.25284970e-01 6.25040412e-01
    5.07399142e-01 1.36982888e-01 8.33610058e-01 8.46267700e-01
    7.63670921e-01 4.34780180e-01 4.55160022e-01 6.95424318e-01
    1.27871126e-01 9.47591782e-01 5.49925923e-01 4.64670777e-01
    7.36752450e-01 1.21627867e-01 6.06823206e-01 4.62868005e-01
    4.03016388e-01 3.47415268e-01 5.12141883e-01 3.38009417e-01
    8.00253749e-02 9.00098681e-02 8.54242027e-01 4.27427083e-01
    9.72991943e-01 2.13114828e-01 4.69798028e-01 7.60737777e-01
    8.54620874e-01 9.76139605e-01 3.06513935e-01 9.71226335e-01
    2.27411389e-02 2.39479154e-01 2.35395133e-02 3.79442036e-01
    6.28789067e-02 6.68801427e-01 4.93685186e-01 7.32258141e-01
    5.73215723e-01 2.54898489e-01 1.11731768e-01 4.43785578e-01
    7.38758504e-01 2.79465497e-01 8.91954720e-01 3.15747619e-01
    1.30402803e-01 2.04002917e-01 6.01301610e-01 2.48339444e-01
    3.10404748e-01 4.78337973e-01 7.35831976e-01 9.88435745e-02
    3.30625206e-01 3.41975361e-01 4.63864088e-01 2.70461679e-01
    3.35693955e-01 8.62330437e-01 8.74898314e-01 5.77622950e-01
    9.76649106e-01 4.44023848e-01 1.36741459e-01 6.03972673e-01
    7.70684958e-01 8.77963901e-01 5.88020682e-03 5.09473443e-01
    4.94226485e-01 2.31870234e-01 6.91046119e-02 2.58758456e-01
    7.59418488e-01 4.66482520e-01 5.34796655e-01 7.76704669e-01
    6.04525268e-01 5.73516071e-01 6.91327035e-01 1.74754262e-01
    8.45717251e-01 5.52134514e-01 2.40093052e-01 8.05483818e-01
    5.55921793e-02 5.52517772e-01 5.72491944e-01 6.87377810e-01
    4.91722524e-01 7.04794526e-01 7.28349388e-01 7.00183213e-01
    2.70144880e-01 2.41633564e-01 7.34309316e-01 3.67805749e-01
    4.99235719e-01 8.19856048e-01 3.58517081e-01 1.37778044e-01
    5.60459673e-01 5.86194754e-01 5.98516583e-01 6.70589805e-01
    8.47007751e-01 2.94142008e-01 4.99874055e-01 3.23729813e-01
    1.54671073e-01 8.36014092e-01 2.43311048e-01 4.49911892e-01
    2.00653255e-01 5.52336872e-01 4.11781132e-01 6.55389130e-02
    8.13255489e-01 7.48723507e-01 9.92161512e-01 7.36916184e-01
    4.70876038e-01 2.38779813e-01 6.13199234e-01 2.82060862e-01
    9.31747139e-01 7.58173883e-01 8.84331763e-02 1.66113794e-01
    7.92551279e-01 7.01035976e-01 4.24980700e-01 8.54316890e-01
    2.27948427e-01 5.58240712e-02 6.62986159e-01 7.29294777e-01
    1.68278486e-01 7.18519568e-01 6.56488538e-03 2.29710370e-01
    1.67338192e-01 8.67371678e-01 2.48789191e-01 3.86497140e-01
    8.30479980e-01 4.80160534e-01 2.60547400e-01 5.58162272e-01
    5.32234490e-01 8.03725123e-01 3.80949199e-01 2.73420155e-01
    3.69379997e-01 1.25109315e-01 1.23851955e-01 5.09471118e-01
    5.88638544e-01 9.83948588e-01 5.51640153e-01 4.67339545e-01
    3.09336871e-01 4.48050559e-01 9.97566342e-01 6.78289652e-01
    6.17267728e-01 7.90610611e-01 6.39643908e-01 2.79877663e-01
    1.96162224e-01 2.16529548e-01 9.70714629e-01 7.36046672e-01
    8.11455727e-01 6.00240469e-01 7.32839108e-04 2.27307379e-02
    3.07427645e-02 2.62372345e-01 4.70901400e-01 1.04236782e-01
    4.44978058e-01 5.62045038e-01 4.95946050e-01 6.22218907e-01
    3.83894712e-01 1.77727163e-01 1.58127636e-01 1.91967726e-01
    6.43123269e-01 2.22541988e-02 4.78605717e-01 8.79612207e-01
    3.57780695e-01 8.89628530e-01 3.56942594e-01 8.09769213e-01
    4.95032787e-01 4.83776689e-01 6.33152723e-02 1.40914321e-03
    1.01891994e-01 6.55987859e-02 8.36927235e-01 7.96124995e-01
    5.14627755e-01 6.30783439e-01 8.60312283e-02 6.92925453e-01
    5.73663294e-01 1.19722128e-01 8.65938067e-01 2.36602783e-01
    5.31075656e-01 9.18209016e-01 2.00452656e-01 4.20061707e-01
    4.87833053e-01 2.58722961e-01 5.96913815e-01 6.82792842e-01
    4.21216100e-01 6.25777721e-01 4.83765990e-01 8.64804983e-01
    4.11712527e-02 4.71792281e-01 7.78594434e-01 1.65715933e-01
    1.85191572e-01 5.28489470e-01 5.26209474e-02 3.33104908e-01
    1.01060539e-01 3.90823752e-01 7.49667406e-01 6.53430700e-01
    5.89039445e-01 9.12598372e-02 4.48295861e-01 3.18471193e-01
    3.07928979e-01 7.80202031e-01 3.45393151e-01 9.00720954e-02
    1.87867135e-01 5.84799647e-01 7.01849461e-01 4.09624755e-01
    2.65873939e-01 7.66793609e-01 4.74184006e-01 1.85282320e-01
    6.83042645e-01 5.67260385e-03 7.59608150e-01 9.46645677e-01
    9.01292801e-01 9.62813795e-02 3.35004896e-01 9.83668327e-01
    5.47654152e-01 4.60996419e-01 2.15923011e-01 1.45151347e-01
    9.00648773e-01 5.82669973e-01 6.18351161e-01 5.62099159e-01
    7.91538298e-01 6.72565043e-01 6.60091639e-01 6.82753861e-01
    1.27545029e-01 2.58252352e-01 7.36100078e-01 1.54311717e-01
    3.04424435e-01 4.07804787e-01 9.36409831e-01 4.85777557e-01
    6.78867102e-02 3.75735521e-01 7.91730046e-01 8.29048634e-01
    5.23403108e-01 8.52950692e-01 7.90267646e-01 6.92969084e-01
    5.02740860e-01 3.90820205e-02 7.10696340e-01 4.11283910e-01
    6.18686080e-02 3.41260672e-01 7.19858527e-01 1.87232673e-01
    4.74939317e-01 4.53764409e-01 7.04698086e-01 6.97969317e-01
    6.39651835e-01 2.69577146e-01 4.70416099e-01 3.83466184e-01
    2.38010615e-01 7.31438339e-01 7.34960616e-01 8.91323984e-02
    7.36895919e-01 8.65082264e-01 3.55582237e-01 2.40910262e-01
    3.72489452e-01 1.51462197e-01 3.68096888e-01 5.76681495e-02
    1.11820936e-01 3.68065000e-01 3.40594351e-01 5.88627279e-01
    6.33177996e-01 5.30548871e-01 6.96870923e-01 6.63686335e-01
    3.33866954e-01 4.13961947e-01 3.45318079e-01 7.54668832e-01
    9.32037771e-01 8.40445101e-01 6.15875125e-01 1.76635563e-01
    1.09126240e-01 5.36122441e-01 1.81981087e-01 3.23083341e-01
    3.53224576e-01 4.90244120e-01 6.10604882e-02 8.73555362e-01
    9.24947977e-01 5.12448013e-01 8.11142087e-01 9.43662107e-01
    6.23764634e-01 1.95414424e-02 2.77577460e-01 2.86587775e-02
    8.86738956e-01 4.53859180e-01 5.23378313e-01 3.32707524e-01
    9.88567829e-01 6.15082860e-01 7.01488376e-01 6.04862511e-01
    5.39656699e-01 8.81027102e-01 5.79145014e-01 3.07532996e-01
    4.94683981e-01 4.07499582e-01 4.11092520e-01 8.91339540e-01
    5.81425607e-01 5.73760509e-01 1.56123072e-01 3.13493252e-01
    1.99663848e-01 9.97917771e-01 1.34773850e-02 4.79471087e-02
    1.97769821e-01 5.09894073e-01 7.27059066e-01 4.22114253e-01
    3.40742588e-01 3.42406571e-01 1.67482615e-01 3.17832232e-01
    5.29353321e-01 6.60121739e-01 6.46288157e-01 3.24874699e-01
    5.92998028e-01 8.79772425e-01 7.29365706e-01 7.53193259e-01
    2.56124020e-01 1.87553763e-02 5.36391199e-01 9.04525876e-01
    5.00340402e-01 9.02336240e-01 9.32533383e-01 3.62021148e-01
    4.80748147e-01 9.23788846e-02 3.35164070e-01 7.84987032e-01
    8.91375244e-02 3.82930279e-01 4.09765124e-01 5.21885455e-01
    3.80286455e-01 2.43222326e-01 5.38173318e-01 7.81225324e-01
    4.76332188e-01 5.18863976e-01 3.75931263e-02 2.85070419e-01
    1.08409315e-01 2.69047320e-01 7.23507404e-01 2.69719064e-02
    3.67828459e-01 4.54306334e-01 7.64617562e-01 9.48054492e-02
    3.71689945e-01 1.83859497e-01 9.76557910e-01 1.06123090e-01
    8.00841212e-01 3.65201890e-01 6.07027411e-01 1.41754866e-01
    6.69672668e-01 5.09802878e-01 8.94163430e-01 1.52129441e-01
    8.98410738e-01 1.23155236e-01 8.54827046e-01 8.19435835e-01
    4.86011893e-01 4.44997936e-01 5.07847309e-01 4.61203009e-01
    6.48679554e-01 9.53709483e-01 6.16355717e-01 6.33128166e-01
    6.18247986e-01 6.67306185e-02 1.88362598e-02 7.16065764e-01
    3.24350893e-02 4.82672155e-01 5.18307805e-01 7.65604317e-01
    7.40512311e-02 6.96839571e-01 8.60337198e-01 9.83845294e-02
    8.83770943e-01 6.12231195e-01 5.24313807e-01 2.84169674e-01
    8.66993964e-01 3.82263958e-01 5.83161116e-01 8.64442587e-01
    8.79055381e-01 2.71893054e-01 4.83042836e-01 1.22609884e-01
    7.46133924e-01 8.71728003e-01 8.80284190e-01 2.63662517e-01
    6.16031826e-01 6.01726234e-01 1.61042988e-01 1.22785538e-01
    4.59498912e-01 2.80914307e-01 9.65023637e-02 9.08831060e-02
    3.46211225e-01 1.17678046e-02 5.49103141e-01 5.54996312e-01
    5.44148028e-01 5.92534840e-02 4.11873698e-01 1.77797735e-01
    3.49539250e-01 1.18668318e-01 8.11102629e-01 8.27012777e-01
    7.76934266e-01 4.82528657e-01 1.01690471e-01 1.56967044e-02
    5.94354272e-01 8.51227701e-01 8.25502276e-01 5.86164773e-01
    7.64476895e-01 2.10220814e-02 7.43030369e-01 5.04782021e-01
    7.71932006e-01 1.10309988e-01 7.31719911e-01 9.34261560e-01
    5.92746019e-01 5.04056633e-01 2.75763959e-01 3.59000444e-01
    2.61811286e-01 9.93491471e-01 4.09473240e-01 4.41691697e-01
    5.14943898e-01 3.38890254e-01 7.33354926e-01 5.42860806e-01
    2.30578095e-01 4.41622168e-01 6.91969931e-01 5.32990575e-01
    6.50394678e-01 9.16790128e-01 7.13206172e-01 5.05847454e-01
    3.50006074e-01 7.09829390e-01 2.39997357e-01 8.53924870e-01
    2.74820179e-01 6.36046946e-01 5.27856112e-01 1.66907549e-01
    7.57034063e-01 9.16469395e-01 3.34497839e-01 7.97247887e-01
    5.67190349e-01 8.49056244e-01 9.36573863e-01 5.13240695e-02
    2.77408540e-01 8.32865119e-01 5.39376259e-01 6.35566890e-01
    7.59039104e-01 5.51721931e-01 4.87602353e-02 8.81109595e-01
    8.78762305e-02 8.15936804e-01 4.57084179e-03 6.70419514e-01
    2.61343360e-01 5.91820717e-01 6.98910773e-01 3.58449280e-01
    6.56827986e-02 2.65943944e-01 7.91058064e-01 5.53964853e-01
    2.77664363e-01 7.67586410e-01 4.82924700e-01 2.73540586e-01
    4.80888575e-01 3.92825186e-01 1.99550509e-01 4.37036574e-01
    9.03078616e-02 8.59875739e-01 3.70875508e-01 5.00089705e-01
    3.21752131e-01 4.07451987e-01 2.89237499e-01 9.06334579e-01
    7.29604959e-02 4.82734025e-01 5.42613745e-01 9.05220747e-01
    4.19516444e-01 9.27610934e-01 4.99593079e-01 8.78951192e-01
    1.94791943e-01 9.68284369e-01 4.79739815e-01 9.77352977e-01
    6.78876042e-01 3.49619895e-01 6.74657345e-01 4.57112402e-01
    2.33378857e-01 9.15475845e-01 9.88050997e-01 6.82066441e-01
    8.78063679e-01 3.23817253e-01 8.79692435e-01 8.15739214e-01
    9.64617133e-01 4.21923935e-01 1.80429280e-01 8.47331762e-01
    8.89601588e-01 7.87082374e-01 5.99322736e-01 7.52844095e-01
    8.74778152e-01 1.84051812e-01 2.41371214e-01 6.34532392e-01
    3.39090198e-01 7.44344592e-01 1.31982416e-01 8.86692882e-01
    9.73718286e-01 9.63929296e-02 1.60657018e-01 9.33018208e-01
    5.42469144e-01 4.98135924e-01 8.51287186e-01 9.33470130e-01
    8.28922808e-01 7.88409710e-01 9.10382748e-01 1.41499817e-01
    7.96637714e-01 1.02240145e-01 8.55090618e-01 9.24301028e-01
    2.90396333e-01 4.34800327e-01 8.98675621e-01 4.52243418e-01
    1.26420021e-01 4.02141154e-01 9.46902514e-01 6.18266761e-02
    5.19151628e-01 3.63891512e-01 7.70305514e-01 1.49676114e-01
    4.50748146e-01 1.90561533e-01 5.82602441e-01 7.28454888e-01
    2.99394727e-01 4.29154426e-01 5.10723293e-01 7.50185847e-01
    4.20151949e-02 5.04191458e-01 8.85377645e-01 2.05901563e-02
    9.54944015e-01 3.38108897e-01 3.59875560e-02 7.98106849e-01
    1.18543059e-01 7.52835989e-01 6.11815631e-01 4.28630501e-01
    8.21608186e-01 8.85635376e-01 1.47954583e-01 1.70712352e-01
    8.81580293e-01 3.31909180e-01 9.13002193e-01 7.11082339e-01
    5.39191961e-01 2.57363021e-01 8.37567568e-01 1.24032587e-01
    5.05970657e-01 4.89962280e-01 9.56192255e-01 1.06853604e-01
    1.22726142e-01 7.29167342e-01 2.61622310e-01 5.92112899e-01
    8.54405224e-01 2.79345870e-01 6.67923808e-01 9.35121059e-01
    6.87658966e-01 4.02987123e-01 4.74549592e-01 3.03569794e-01
    2.52840877e-01 3.49487066e-02 5.43579876e-01 1.73105180e-01
    9.47142839e-02 1.17245048e-01 7.97034860e-01 6.89580500e-01
    4.25064564e-02 5.97893238e-01 8.36381912e-02 7.23330021e-01
    6.71970248e-01 5.32011986e-01 2.69633740e-01 7.09881425e-01
    1.76986158e-02 3.45449746e-02 1.61984444e-01 1.89724922e-01
    5.24266303e-01 9.84870672e-01 8.10234427e-01 6.60706282e-01
    9.69922662e-01 4.52234507e-01 1.46280795e-01 6.93480015e-01
    9.22730923e-01 3.04959416e-02 5.30408025e-01 9.61339116e-01
    9.56701756e-01 8.92031193e-02 2.18403548e-01 8.71962190e-01
    5.69169223e-01 6.16360605e-01 3.53863955e-01 8.03497195e-01
    9.17022467e-01 3.63615990e-01 3.58573675e-01 3.11744928e-01
    5.25317192e-01 3.83423805e-01 6.97024465e-01 3.80356610e-01
    5.42610526e-01 4.64890420e-01 9.13699985e-01 6.76513553e-01
    6.75036728e-01 4.72881585e-01 8.90164495e-01 4.72829103e-01
    5.38850248e-01 3.83919120e-01 5.49678862e-01 1.36566252e-01
    5.39946556e-02 8.97713900e-01 3.67177755e-01 9.52334046e-01
    6.05836749e-01 9.51318324e-01 8.28338385e-01 5.24216652e-01
    8.67354870e-01 4.43159640e-01 6.42291248e-01 2.22665280e-01
    2.55565941e-01 7.56371677e-01 1.82082444e-01 1.64280802e-01
    1.41101003e-01 7.41977572e-01 1.74707264e-01 4.46338594e-01
    3.53765488e-02 6.79443777e-02 6.48192644e-01 3.43636662e-01
    2.29411185e-01 4.88325179e-01 9.69339252e-01 6.97381973e-01
    1.14066601e-01 2.67251343e-01 7.46742427e-01 1.76485866e-01
    6.51374400e-01 5.46762049e-01 5.62112629e-02 3.23824823e-01
    6.79972649e-01 3.96983564e-01 3.45765442e-01 8.95015836e-01
    3.54406297e-01 4.24977392e-01 6.25362337e-01 5.02031744e-02
    1.87523901e-01 4.71345901e-01 4.83788878e-01 1.89700902e-01
    7.79646873e-01 9.76857126e-01 2.04553157e-01 7.33126163e-01
    9.78257895e-01 8.54544997e-01 5.29705286e-01 5.31504512e-01
    1.75744683e-01 7.77060390e-01 2.67615855e-01 3.14333677e-01
    3.26491475e-01 2.56314456e-01 4.31632787e-01 7.31358886e-01
    6.21701479e-01 8.16349626e-01 1.64352149e-01 8.05526733e-01
    2.89339006e-01 8.43148589e-01 6.26599789e-02 6.35142088e-01
    9.79558825e-01 1.32926673e-01 3.07261139e-01 4.93465364e-01
    2.57158279e-03 6.15897477e-01 7.61755586e-01 9.80304182e-02
    8.88869762e-01 7.24435031e-01 9.55370128e-01 6.02116585e-01
    4.81658965e-01 3.09802234e-01 1.23570025e-01 9.31219757e-02
    1.82743400e-01 2.72483706e-01 2.38585442e-01 5.86008191e-01
    1.58375144e-01 6.77994132e-01 2.36629486e-01 6.99139297e-01
    6.63897395e-01 4.35691237e-01 6.08642876e-01 5.01749396e-01
    5.39900303e-01 6.19398654e-01 2.64078557e-01 6.96696043e-02
    2.17002332e-01 3.16731334e-02 1.25141144e-02 9.30498362e-01
    3.20823431e-01 3.79044950e-01 5.93560457e-01 4.50555056e-01
    8.37158799e-01 4.20884311e-01 7.54970074e-01 7.30586231e-01
    7.77828932e-01 3.63523364e-01 1.43317729e-01 6.43893182e-02
    7.22726583e-01 7.49212861e-01 1.34822547e-01 7.19622076e-01
    6.16346359e-01 2.26650596e-01 1.71030939e-01 1.94457769e-01
    7.51448393e-01 1.39659047e-01 9.78809655e-01 7.19611526e-01
    7.02215791e-01 6.59597397e-01 1.45164728e-01 1.61800355e-01
    2.34610438e-01 6.46256685e-01 7.21249342e-01 6.83259070e-02
    2.00363398e-02 6.33275747e-01 2.05406219e-01 3.33536863e-01
    3.08630288e-01 3.56437892e-01 9.23859358e-01 9.31578159e-01
    2.94651836e-01 1.73873901e-02 1.24616742e-01 7.87725687e-01
    3.77031267e-01 8.71301770e-01 3.87109786e-01 8.07182908e-01
    3.60081941e-01 6.25139177e-01 9.23328996e-01 7.95180857e-01
    4.76519108e-01 2.05271035e-01 4.02152240e-01 5.01848519e-01
    4.68237400e-02 4.85181391e-01 5.47123551e-02 4.95087743e-01
    7.41203785e-01 9.27938938e-01 8.28466415e-02 5.78220904e-01
    3.05406034e-01 8.65991294e-01 4.94944364e-01 2.78230131e-01
    2.21625686e-01 5.13159692e-01 7.43058264e-01 5.88595331e-01
    9.74081516e-01 3.79543543e-01 7.15790987e-01 6.23168528e-01
    1.33236021e-01 3.03982854e-01 6.73532605e-01 1.34089559e-01
    9.34806108e-01 6.69440627e-02 1.79553032e-01 3.40695143e-01
    8.29937458e-01 5.28038740e-01 3.81939888e-01 8.12286377e-01
    3.64858001e-01 7.26159513e-01 7.27477551e-01 7.01568842e-01
    5.82206726e-01 7.99911857e-01 8.38460922e-01 5.68801165e-02
    7.40421057e-01 9.86204267e-01 5.73969841e-01 2.89366871e-01
    6.44467115e-01 6.23613596e-01 4.14879084e-01 6.83271587e-02
    4.38123405e-01 6.11650229e-01 3.25166464e-01 5.27156353e-01
    7.38205016e-01 3.93623114e-02 6.66780353e-01 3.46573889e-01
    4.24801946e-01 2.18511790e-01 9.71151352e-01 3.31896663e-01
    3.17650139e-02 2.62562007e-01 7.83498883e-02 4.76519167e-01
    6.97187066e-01 3.66282225e-01 6.17733479e-01 3.89045775e-01
    8.93061101e-01 6.97116554e-02 5.10237634e-01 1.63300812e-01
    2.20005244e-01 7.66831279e-01 5.84267914e-01 6.20304525e-01
    7.99051166e-01 4.91979837e-01 2.65529752e-02 8.52475405e-01
    8.10272336e-01 3.41521740e-01 6.51186705e-01 4.52335775e-01
    7.91247487e-01 5.94347537e-01 2.34262139e-01 3.06548744e-01
    2.77074277e-01 2.10218400e-01 4.12868261e-02 4.58533108e-01
    1.95379972e-01 6.10219359e-01 1.71797663e-01 3.61015916e-01
    3.80449295e-02 1.28392100e-01 7.60316551e-02 6.38136148e-01
    4.70535040e-01 4.72512841e-01 4.28822756e-01 7.91251898e-01
    3.17605376e-01 8.68859649e-01 1.81589901e-01 6.69202209e-03
    9.70228732e-01 2.99141794e-01 7.99183130e-01 3.47655118e-01
    7.90021420e-02 2.52261966e-01 1.37647986e-01 8.17989111e-01
    2.87541509e-01 4.22450006e-02 8.95128250e-02 6.94078803e-02
    6.61566854e-01 1.72031879e-01 1.63879156e-01 6.74905300e-01
    4.30779874e-01 3.46781015e-02 4.05883789e-01 7.38614798e-03
    4.00154352e-01 7.48246968e-01 5.01334071e-01 7.58216679e-01
    2.74608433e-02 5.33971250e-01 3.63321066e-01 8.67364645e-01
    7.40441382e-02 6.02404654e-01 7.54729748e-01 6.81178093e-01
    4.35569406e-01 6.39362335e-02 1.99035585e-01 8.15874398e-01
    3.27545434e-01 8.03498268e-01 3.18775386e-01 1.21955127e-01
    5.85722029e-01 2.02317983e-01 9.23338771e-01 5.34129441e-01
    3.17755193e-01 4.88880277e-03 7.94421732e-01 5.13669729e-01
    4.77495164e-01 9.51469600e-01 8.83025110e-01 5.79160810e-01
    8.37277293e-01 8.41494739e-01 2.11499751e-01 8.39768648e-01
    2.44075805e-01 3.80021721e-01 3.89785796e-01 5.28792381e-01
    1.54830575e-01 6.87657475e-01 2.44222343e-01 9.37707782e-01
    9.88523960e-01 5.07593691e-01 6.10835254e-01 9.91388857e-02
    2.87841558e-02 3.69721413e-01 9.88766670e-01 6.27521038e-01
    4.72043693e-01 7.74550200e-01 3.45359683e-01 3.85510147e-01
    5.90561152e-01 3.38320613e-01 5.68487525e-01 7.84635901e-01
    6.71868324e-01 2.75814086e-01 2.42031544e-01 2.71378845e-01
    1.71610922e-01 4.38159287e-01 8.59508634e-01 2.56300151e-01
    3.74564528e-02 9.05735791e-02 5.24050295e-02 3.51801068e-01
    3.16965759e-01 9.09967422e-02 1.32105052e-02 3.11452150e-03
    7.06957519e-01 1.05294555e-01 3.11560929e-01 6.80247307e-01
    1.36795551e-01 6.87966824e-01 4.79540259e-01 9.66359854e-01
    6.95712686e-01 2.33588815e-01 8.81769896e-01 2.07311362e-01
    1.95998490e-01 7.03441381e-01 2.82688200e-01 3.65021169e-01
    8.78444314e-01 3.71765196e-01 5.16090214e-01 5.14622033e-01
    4.64014024e-01 4.38918650e-01 7.22509921e-01 5.85827231e-01
    1.70845091e-01 8.78495872e-02 6.58405125e-01 5.87469518e-01
    1.89288825e-01 7.58422852e-01 8.55996728e-01 7.59351850e-02
    3.83089602e-01 7.58508921e-01 2.26781100e-01 9.25822258e-01
    4.18453753e-01 6.40909076e-01 4.00305748e-01 6.65517449e-02
    1.06380492e-01 9.88459349e-01 5.11641085e-01 7.33461320e-01
    1.98716700e-01 6.27809346e-01 6.39010370e-01 9.00855005e-01
    4.11362946e-01 5.41506767e-01 4.67325568e-01 6.00874901e-01
    8.47710669e-02 5.27850688e-01 7.07265496e-01 9.84993458e-01
    2.99523652e-01 4.28495020e-01 6.50783896e-01 4.32884991e-02
    7.88654387e-02 7.72962391e-01 6.21718049e-01 4.78226483e-01
    7.72833109e-01 4.37670559e-01 1.14755690e-01 3.65106821e-01
    1.01310194e-01 2.13097245e-01 1.24802858e-01 5.78925431e-01
    6.70745671e-02 5.57034314e-02 3.53864610e-01 7.11595595e-01
    8.79752278e-01 6.96980000e-01 7.27730155e-01 5.08979917e-01
    1.16613179e-01 7.61800289e-01 8.66687655e-01 2.25819737e-01
    6.51820302e-01 7.73268521e-01 1.49641335e-01 3.09902221e-01
    2.78733075e-01 2.41375417e-01 4.55041677e-01 7.69088387e-01
    6.58128798e-01 8.35312247e-01 7.27468491e-01 5.23335636e-02
    8.50127935e-01 3.14702272e-01 3.80630851e-01 7.65708923e-01
    9.62541103e-02 5.89808524e-01 9.73875403e-01 9.99733806e-03
    6.96860433e-01 1.58468902e-01 8.64045024e-02 8.91965151e-01
    1.54570729e-01 9.37757432e-01 5.83154440e-01 8.47560167e-03
    7.49202371e-01 4.39767957e-01 6.37700200e-01 3.54673505e-01
    3.70881855e-01 9.86438990e-01 4.95289773e-01 4.17223245e-01
    7.56005645e-01 6.75615907e-01 8.32254052e-01 3.22655082e-01
    7.30811834e-01 5.11116326e-01 1.13916427e-01 8.21287155e-01
    1.05242074e-01 8.90112519e-01 8.10448110e-01 2.93854833e-01
    4.43128943e-01 3.87903988e-01 7.25479126e-01 3.08854103e-01
    1.61383927e-01 1.68136001e-01 5.54876328e-02 1.50835276e-01
    8.12226236e-01 5.21991909e-01 3.87373626e-01 9.14457202e-01
    7.77818918e-01 9.73139048e-01 1.86374724e-01 5.42585015e-01
    7.28487730e-01 6.61978364e-01 1.24425441e-01 9.05686677e-01
    1.45664901e-01 2.97974288e-01 5.52789986e-01 4.06767130e-01
    6.53348863e-01 3.85752976e-01 7.22704053e-01 1.67346567e-01
    7.09974766e-01 5.17139852e-01 2.56224334e-01 7.51270771e-01
    8.52899075e-01 1.92993462e-01 4.72220480e-02 7.90786445e-02
    8.23134303e-01 5.93626499e-01 1.99887216e-01 7.76623189e-02
    6.82794809e-01 7.57545590e-01 8.45075011e-01 4.12022293e-01
    1.89388007e-01 4.22591209e-01 7.60616660e-01 1.57405734e-01
    8.61378670e-01 2.52076507e-01 7.44689226e-01 1.28151983e-01
    1.64875090e-01 8.03836048e-01 7.31382906e-01 9.80082154e-01
    6.21147215e-01 5.21066189e-01 5.01944542e-01 3.82840902e-01
    9.20768499e-01 3.72046202e-01 9.79590654e-01 8.24969172e-01
    7.05860555e-01 6.77635908e-01 7.84823537e-01 2.40816206e-01
    2.50460148e-01 4.09082115e-01 6.64160490e-01 5.98213792e-01
    3.34296823e-02 3.91382635e-01 7.14775562e-01 3.40922356e-01
    1.59853041e-01 1.07626319e-01 8.18094611e-01 1.74030662e-03
    1.21990144e-02 4.54629362e-01 1.02892190e-01 4.69176084e-01
    7.90634751e-02 9.43796933e-02 8.21692824e-01 1.05335563e-01
    4.11644936e-01 8.25111449e-01 1.26266867e-01 3.90675336e-01
    9.95482326e-01 4.54131216e-01 5.76095223e-01 3.26199651e-01
    6.58858240e-01 2.93251216e-01 6.21611834e-01 1.78675890e-01
    2.46350795e-01 9.29617405e-01 9.75929499e-02 3.31039995e-01
    7.56832838e-01 4.62090135e-01 2.71227658e-02 1.65890515e-01
    8.42836440e-01 6.92655206e-01 2.76296556e-01 5.92771649e-01
    4.88233864e-01 1.42969817e-01 9.13800120e-01 1.83928192e-01
    9.87438321e-01 4.15262282e-01 4.57161963e-01 8.96318913e-01
    6.04485571e-02 9.90689158e-01 1.54233396e-01 9.87066627e-01
    9.25550103e-01 2.02438623e-01 2.25634158e-01 6.35382473e-01
    8.49557400e-01 1.68752223e-01 1.92419827e-01 1.61721379e-01
    2.28254199e-02 4.78397727e-01 9.23202276e-01 7.30585456e-01
    9.63028729e-01 6.74346685e-01 2.89928198e-01 8.96687388e-01
    5.26271701e-01 7.06911325e-01 6.58194721e-01 7.18962550e-01
    9.81242418e-01 9.44287539e-01 6.64693654e-01 8.24506283e-01
    1.99507892e-01 8.17426562e-01 1.75973207e-01 9.78833437e-02
    8.11150014e-01 5.93575478e-01 4.76670146e-01 7.42915154e-01
    9.95124936e-01 2.77458280e-01 7.99724102e-01 7.11767972e-01
    4.78523910e-01 5.90634048e-01 5.21268606e-01 4.29000974e-01
    8.44269335e-01 4.94319230e-01 3.43994617e-01 3.75317514e-01
    6.36799574e-01 8.32393408e-01 7.35858023e-01 8.55523527e-01
    4.39358503e-01 3.63576829e-01 4.01276499e-01 6.58161640e-01
    6.96327686e-01 8.16952050e-01 5.06230772e-01 8.79153609e-03
    6.79436564e-01 9.47388768e-01 7.43609309e-01 6.95631325e-01
    8.24157596e-01 3.11822712e-01 2.22413898e-01 9.04090285e-01
    2.14921623e-01 1.12887859e-01 1.03024840e-01 2.43869066e-01
    1.50591344e-01 3.68750989e-01 7.59582698e-01 3.27142656e-01
    4.99790281e-01 1.34303838e-01 6.94198966e-01 8.58668447e-01
    8.05398703e-01 2.86855400e-01 9.09835935e-01 6.79444373e-02
    4.66038585e-02 8.30725908e-01 3.74306440e-01 9.23848987e-01
    6.86616004e-01 4.34293658e-01 7.59811938e-01 1.31789446e-02
    5.12560248e-01 1.36184603e-01 1.50495529e-01 5.12557387e-01
    3.52686077e-01 2.62286603e-01 3.61757010e-01 5.39775848e-01
    2.72496700e-01 5.62688529e-01 8.37967455e-01 5.40596545e-01
    4.04080719e-01 9.61229384e-01 3.55515122e-01 7.46272564e-01
    1.12354755e-03 4.55152631e-01 8.16150069e-01 6.23736918e-01
    1.49918705e-01 7.57334590e-01 8.94264817e-01 1.46924824e-01
    8.56509566e-01 7.20662951e-01 9.36278999e-02 6.44687057e-01
    2.14587122e-01 9.69159245e-01 8.72240424e-01 7.24163473e-01
    7.29887366e-01 1.24149412e-01 7.99469054e-01 1.79911375e-01
    7.74560571e-01 5.78288138e-02 5.62436402e-01 8.36834311e-01
    3.53290945e-01 8.78931642e-01 2.21915841e-02 7.79285192e-01
    5.55458367e-01 5.60443759e-01 9.39262688e-01 3.84892672e-01
    2.56249607e-01 1.21005893e-01 2.00684816e-01 9.76827145e-01
    2.47236162e-01 5.68535864e-01 5.96121311e-01 3.70012581e-01
    2.99158990e-01 1.67319059e-01 9.39383388e-01 8.28356266e-01
    3.90666425e-02 9.94291663e-01 1.95289344e-01 4.04140174e-01
    4.01688874e-01 2.67930329e-01 6.77524507e-01 9.16244864e-01
    4.68922883e-01 8.90475333e-01 8.52023482e-01 1.90722853e-01
    7.49837816e-01 9.36692894e-01 7.84285545e-01 8.83484364e-01
    9.55118537e-02 6.67263567e-02 9.28638339e-01 7.87838340e-01
    4.39172685e-02 5.92237353e-01 1.86884701e-01 3.78480703e-01
    7.54863560e-01 8.08045268e-03 6.30568027e-01 5.70114732e-01
    2.62321711e-01 4.40205723e-01 9.32460427e-02 5.16134024e-01
    5.05396783e-01 5.34563601e-01 8.92337978e-01 4.51073557e-01
    7.34398365e-02 6.74073815e-01 6.77092552e-01 9.81471896e-01
    3.67841125e-01 3.31070960e-01 4.96927470e-01 3.08194786e-01
    4.51096565e-01 9.90986824e-01 5.91066957e-01 3.74417633e-01
    8.71724963e-01 2.84311891e-01 5.04141212e-01 5.42767942e-01
    6.90671086e-01 5.56448221e-01 8.15583229e-01 5.77448964e-01
    5.24963200e-01 3.01559091e-01 7.14926958e-01 2.94903278e-01
    7.52805889e-01 7.14047968e-01 8.45135808e-01 6.00474894e-01
    5.91179848e-01 2.34086037e-01 9.96866822e-01 2.72754610e-01
    2.41212130e-01 1.67725742e-01 8.67916346e-01 7.75168777e-01
    3.70243907e-01 7.61436641e-01 8.33457947e-01 3.49954575e-01
    7.62381792e-01 1.74576372e-01 4.22123432e-01 3.90397280e-01
    8.10200453e-01 9.81472135e-02 9.65696931e-01 9.15006161e-01
    9.33784723e-01 6.89158022e-01 3.63762379e-01 5.60237885e-01
    6.48285508e-01 9.83903527e-01 1.17298543e-01 7.63622999e-01
    9.52982187e-01 1.79476053e-01 9.03948128e-01 6.00482166e-01
    6.14422500e-01 4.51623797e-02 7.37730861e-01 9.98261154e-01
    2.90288240e-01 2.61599392e-01 3.58094633e-01 1.50471210e-01
    3.71810436e-01 3.45316052e-01 6.59954131e-01 8.99163485e-01
    2.84272909e-01 4.75301981e-01 6.99998140e-02 1.22391224e-01
    5.23591518e-01 8.18043828e-01 8.09071302e-01 4.00507569e-01
    4.96902257e-01 8.80890310e-01 7.06911385e-01 9.46183681e-01
    5.71915090e-01 8.13706219e-02 4.53415811e-01 1.13886893e-01
    3.20003450e-01 1.32225752e-01 9.26796556e-01 1.95685327e-01
    2.90687978e-02 3.86720419e-01 2.38175690e-02 7.81088352e-01
    7.68025100e-01 7.07048059e-01 3.23046446e-01 6.23196304e-01
    4.81220186e-02 2.02765554e-01 9.36722755e-02 1.50591761e-01
    1.99267507e-01 5.42808712e-01 2.10400701e-01 8.46233964e-02
    4.34684515e-01 2.39291281e-01 7.00277448e-01 7.74155855e-01
    1.37677103e-01 6.12883091e-01 7.66815960e-01 8.38348866e-02
    2.26455808e-01 9.66808498e-01 2.92668164e-01 6.33806646e-01
    1.58425063e-01 3.06151688e-01 7.52768874e-01 9.03709650e-01
    3.98096114e-01 1.72657371e-01 3.04516912e-01 8.56577218e-01
    3.61364722e-01 1.09640688e-01 9.47137952e-01 8.74358892e-01
    8.69876027e-01 7.33959377e-01 5.02917826e-01 7.30779588e-01
    7.93534696e-01 9.35177326e-01 6.67681813e-01 4.48346883e-01
    1.00501478e-01 4.86807704e-01 9.78651404e-01 5.74030578e-02
    8.15913320e-01 6.35318160e-01 3.45715523e-01 9.97900486e-01
    9.28378224e-01 5.39757073e-01 2.24077970e-01 9.75886226e-01
    6.91280365e-02 2.58044660e-01 5.06271183e-01 7.37988472e-01
    9.84407187e-01 1.31802738e-01 6.82696819e-01 5.03884137e-01
    6.73087537e-01 8.56666863e-01 1.48929387e-01 2.96547949e-01
    3.69115293e-01 8.69664073e-01 6.63897514e-01 4.58987653e-01
    7.29776800e-01 7.52669275e-02 9.94015813e-01 7.69519687e-01
    9.71447587e-01 1.58736706e-01 2.65748441e-01 6.75771594e-01
    8.60755920e-01 4.74562585e-01 3.61297369e-01 4.31443125e-01
    8.93594682e-01 1.26059711e-01 3.92553002e-01 5.91347992e-01
    5.86635709e-01 6.80550814e-01 8.13016057e-01 4.84049618e-02
    6.48483694e-01 7.75418520e-01 5.03804684e-01 7.94426382e-01
    4.60074842e-01 9.30676818e-01 5.39009213e-01 5.25460899e-01
    5.21485031e-01 7.80823708e-01 5.50125659e-01 7.49974549e-01
    6.24782920e-01 9.40569282e-01 8.89579654e-01 7.61540055e-01
    8.75792265e-01 9.99937415e-01 3.03824663e-01 1.26141846e-01
    1.39413923e-01 2.18146980e-01 1.65641159e-01 9.00822639e-01
    2.88849056e-01 1.05257928e-01 5.71833313e-01 6.41409576e-01
    5.04909039e-01 2.58338094e-01 1.58645570e-01 7.13027656e-01
    9.81808424e-01 3.17757905e-01 2.19844252e-01 1.06650263e-01
    8.25465918e-01 9.74516392e-01 6.71624243e-02 2.59624362e-01
    1.12561882e-01 6.62371039e-01 6.52477622e-01 9.96814013e-01
    1.55072600e-01 5.56109250e-02 2.16188133e-01 5.82788408e-01
    7.94939518e-01 5.02266824e-01 2.69447148e-01 9.19087470e-01
    3.29099447e-01 9.44788277e-01 6.46812677e-01 8.23443890e-01
    3.24825525e-01 3.72899890e-01 2.39965469e-01 9.06459808e-01
    2.13599503e-01 9.24190760e-01 3.87164414e-01 3.62459064e-01
    5.61826289e-01 8.52805376e-03 2.58164644e-01 8.74299765e-01
    5.45354068e-01 1.95793301e-01 4.61631715e-02 5.91549397e-01
    2.38355637e-01 7.38989294e-01 1.99693978e-01 8.18436980e-01
    6.37441278e-01 3.12273920e-01 7.43388653e-01 4.77115393e-01
    1.64178163e-01 4.73403424e-01 7.52295792e-01 4.28932458e-01
    7.47884035e-01 4.56341505e-02 5.99224627e-01 2.03529537e-01
    7.58981645e-01 4.72363234e-02 9.27313089e-01 6.11637056e-01
    2.28255033e-01 9.86299574e-01 6.62540317e-01 5.18834531e-01
    3.23932528e-01 2.46596634e-01 1.63337886e-02 4.40914214e-01
    2.83014953e-01 1.16139352e-01 9.94352341e-01 8.48694563e-01
    3.86186242e-02 5.86454391e-01 4.17448550e-01 7.00333238e-01
    4.05009717e-01 5.89959383e-01 1.13532215e-01 5.33302844e-01
    1.68088913e-01 6.85753703e-01 1.47468358e-01 1.11092895e-01
    5.20003736e-02 3.21018100e-01 2.04969764e-01 5.79976976e-01
    8.44533086e-01 1.39948905e-01 5.04468858e-01 9.07895565e-01
    4.48078513e-01 3.09716225e-01 4.30975467e-01 9.53982115e-01
    3.65331471e-02 1.37060881e-04 3.56954515e-01 8.30265045e-01
    5.03166616e-01 9.06677663e-01 1.91768557e-01 7.23129869e-01
    1.71896517e-02 8.03612173e-02 2.88827717e-02 5.59687018e-01
    1.97372913e-01 3.85696292e-01 7.19368637e-01 4.08703804e-01
    2.35702515e-01 6.84902191e-01 4.43963140e-01 1.81643248e-01
    9.59512770e-01 7.85013080e-01 7.80157387e-01 2.28107721e-01
    3.14506114e-01 1.82716489e-01 4.50591326e-01 4.71483469e-02
    1.19176209e-02 1.61272913e-01 1.10954076e-01 1.82776779e-01
    9.79030132e-03 5.70372760e-01 5.43775260e-02 3.53973925e-01
    4.82035756e-01 4.23763156e-01 4.51243401e-01 7.15163946e-01
    5.80950320e-01 5.48013508e-01 1.94603205e-03 1.77808493e-01
    2.82663882e-01 4.38135564e-01 2.08442539e-01 9.33977664e-01
    2.24046648e-01 1.49574965e-01 8.55867267e-01 2.06491649e-02
    5.09485662e-01 1.77385688e-01 8.73530984e-01 4.18680012e-02
    6.78144932e-01 4.72030878e-01 1.93561345e-01 5.81453085e-01
    8.59302044e-01 6.21736646e-01 4.84261602e-01 1.20139033e-01
    1.62408948e-02 4.26614136e-01 5.29808402e-01 2.57137537e-01
    2.60012329e-01 8.04091334e-01 8.91082287e-01 7.77335763e-01
    3.83430660e-01 8.72227669e-01 7.79708147e-01 6.59809351e-01
    9.46500242e-01 6.78013682e-01 6.70894384e-01 9.93010402e-02
    8.93434882e-02 4.24207449e-02 2.11251080e-02 8.46995234e-01
    4.79594827e-01 1.48984790e-02 8.83025944e-01 5.00814736e-01
    2.94196606e-01 7.90620446e-01 2.90939212e-02 1.76382840e-01
    2.73102224e-01 2.94037163e-01 5.90580523e-01 8.75984788e-01
    4.83074993e-01 7.73042738e-02 4.44296837e-01 2.02524453e-01
    5.22085369e-01 7.30085373e-02 2.86047399e-01 1.51227951e-01
    6.20714605e-01 5.68849206e-01 3.75334531e-01 6.02024198e-02
    7.58511424e-01 2.21564233e-01 3.04500312e-01 9.16404963e-01
    5.71149468e-01 9.61715341e-01 7.22667098e-01 5.72178185e-01
    3.66980791e-01 9.42706764e-02 2.92641521e-01 3.53205502e-01
    1.35618776e-01 2.69375324e-01 7.57558346e-02 5.27959347e-01
    2.00836420e-01 8.20241928e-01 7.03650713e-01 6.86645031e-01
    8.68286848e-01 3.59892786e-01 9.09364820e-01 8.56470108e-01
    2.76320577e-01 8.36583734e-01 5.09958744e-01 7.22699761e-01
    8.82856905e-01 7.06952691e-01 2.01882392e-01 9.09870267e-01
    2.75565773e-01 2.84315705e-01 3.17175746e-01 6.99908674e-01
    6.46546602e-01 3.38644415e-01 3.95841599e-02 4.10093904e-01
    4.32172060e-01 8.64127874e-02 2.71642148e-01 7.55077183e-01
    4.10188735e-01 5.51359415e-01 7.51461864e-01 3.21340442e-01
    4.44378436e-01 1.06873453e-01 4.11975920e-01 2.60836720e-01
    9.12306309e-01 8.56185675e-01 5.56860507e-01 8.71616125e-01
    9.39549685e-01 4.52315509e-01 5.52078843e-01 6.56131804e-01
    6.25825703e-01 1.94707513e-03 2.82855481e-01 7.38853693e-01
    3.69514316e-01 5.54907322e-01 4.50181693e-01 7.53811300e-02
    1.04387820e-01 2.19874382e-01 5.47908843e-01 4.37531739e-01
    4.99225229e-01 7.33623385e-01 6.20752573e-04 8.62042785e-01
    8.54674578e-01 2.59971023e-01 4.62184519e-01 7.19955266e-01
    5.62366664e-01 1.74775630e-01 9.41284478e-01 1.95315033e-01
    9.24524665e-03 3.89200985e-01 1.58515543e-01 8.27024877e-02
    3.62212777e-01 3.14278096e-01 2.21761405e-01 1.02361619e-01
    9.15876389e-01 2.49563009e-01 9.04440641e-01 2.06994295e-01
    1.75549239e-01 2.31914639e-01 1.02642924e-01 9.52937484e-01
    7.43939400e-01 7.50943065e-01 2.38674462e-01 8.48663211e-01
    1.28849477e-01 1.08918548e-02 8.14990699e-02 8.32530379e-01
    8.58471632e-01 4.70409602e-01 1.17667764e-01 8.42568874e-02
    5.18994927e-01 9.46993947e-01 9.04968858e-01 4.89622444e-01
    1.70693696e-02 4.01086390e-01 3.12227011e-01 8.61730218e-01
    9.88947153e-01 2.79098451e-01 3.84521008e-01 1.28216714e-01
    1.67513251e-01 7.12859809e-01 6.03234768e-03 1.17447287e-01
    8.34688663e-01 4.85455751e-01 3.02380919e-02 4.81430769e-01
    8.91145110e-01 1.67535484e-01 4.14324969e-01 8.29061508e-01
    4.01176363e-01 6.18399501e-01 2.83241957e-01 7.46673226e-01
    9.37277436e-01 5.84871113e-01 7.31546819e-01 5.60941637e-01
    4.16202307e-01 4.46129143e-01 3.67404103e-01 9.16750371e-01
    5.29870927e-01 2.00166762e-01 2.23898798e-01 2.84817994e-01
    1.36283338e-01 9.34526801e-01 2.14823425e-01 8.17541003e-01
    2.03358442e-01 5.84025025e-01 6.88646078e-01 4.95618254e-01
    2.84404904e-01 9.50265050e-01 8.80642891e-01 7.60954022e-01
    9.27902818e-01 8.03780913e-01 5.84785104e-01 8.22266459e-01
    1.93298966e-01 9.64689255e-01 5.77766359e-01 5.00445127e-01
    3.57523620e-01 2.37663299e-01 4.32759523e-03 6.35126531e-01
    1.15064323e-01 5.02348483e-01 6.14313245e-01 9.42022622e-01
    3.86737972e-01 4.35778648e-01 5.73022842e-01 9.00759101e-01
    4.31672037e-02 7.19045341e-01 8.86182070e-01 5.65104187e-01
    3.95416617e-01 3.12817037e-01 5.33063054e-01 8.30456614e-03
    7.57106841e-02 6.23852134e-01 7.48137951e-01 1.52270287e-01
    9.09911394e-01 8.01001906e-01 8.43058944e-01 6.20543718e-01
    2.03542024e-01 5.62047184e-01 5.08043051e-01 1.91269904e-01
    5.40977180e-01 1.02744251e-01 4.53628421e-01 9.76798415e-01
    1.81215972e-01 7.03044772e-01 6.45010769e-01 6.98198736e-01
    6.11283302e-01 6.82584286e-01 3.11643124e-01 3.24577808e-01
    5.54474235e-01 7.63163686e-01 5.81990361e-01 7.77729988e-01
    7.75899231e-01 5.64524770e-01 5.96481740e-01 5.11554360e-01
    2.71160543e-01 6.68628156e-01 6.96043253e-01 4.07617062e-01
    5.75176835e-01 3.65472198e-01 1.50188804e-03 6.99176729e-01
    9.93042231e-01 6.06684744e-01 2.70967633e-01 7.52801776e-01
    5.11906981e-01 7.36915588e-01 3.46082866e-01 2.39245236e-01
    5.81117094e-01 9.72711504e-01 6.53329968e-01 4.77406621e-01
    8.43092918e-01 2.88828850e-01 8.08364987e-01 1.95100069e-01
    3.47950190e-01 5.02524078e-01 1.94864303e-01 7.45542645e-02
    2.90019751e-01 6.96851969e-01 1.76586598e-01 7.50556171e-01
    3.60197037e-01 3.01740646e-01 7.90827870e-01 6.14182472e-01
    9.46187556e-01 8.48862231e-01 8.35789442e-01 6.33464932e-01
    3.15238625e-01 2.14202076e-01 3.31582040e-01 1.40999258e-02
    8.16022575e-01 3.89324605e-01 2.01016068e-01 9.68509138e-01
    8.10426593e-01 5.87469161e-01 6.07478857e-01 1.87972188e-02
    6.66845083e-01 1.68398380e-01 8.64760995e-01 2.43147671e-01
    3.37666214e-01 9.58367944e-01 2.16005474e-01 9.87511873e-02
    4.32519257e-01 4.77102637e-01 4.20350224e-01 9.54165459e-01
    9.64604855e-01 9.59611535e-02 6.82473540e-01 5.18969059e-01
    6.13633394e-01 4.68393117e-01 3.38330388e-01 6.32606566e-01
    4.40458924e-01 6.42943144e-01 3.34791213e-01 6.07041717e-01
    3.87378633e-01 6.76620960e-01 9.22840238e-01 5.15999556e-01
    3.48335743e-01 2.95015484e-01 9.38959599e-01 7.87711203e-01
    5.45800567e-01 4.97337162e-01 9.13681388e-01 2.42580920e-01
    2.14313388e-01 1.80209875e-01 3.33926827e-01 7.24880576e-01
    5.68518102e-01 4.54718173e-01 6.93559468e-01 2.49632895e-01
    3.09842497e-01 2.76188344e-01 1.47641718e-01 5.09580851e-01
    9.69929338e-01 2.50756979e-01 1.89515024e-01 5.46995342e-01
    7.04560876e-01 4.10739899e-01 7.09815264e-01 6.87534213e-02
    1.66212201e-01 8.72762382e-01 1.64326370e-01 9.21829462e-01
    6.45670772e-01 1.29347771e-01 5.80251992e-01 4.31158930e-01
    2.52894938e-01 8.27226758e-01 7.12164402e-01 2.04692513e-01
    4.17457521e-02 5.55836499e-01 1.45379603e-02 4.51079607e-02
    4.56739783e-01 3.85333776e-01 3.10022086e-01 1.69159472e-02
    7.08709478e-01 8.80600095e-01 7.77298331e-01 5.83761036e-02
    4.68902528e-01 9.24780607e-01 1.15178049e-01 6.99366748e-01
    6.50940537e-01 7.06977129e-01 3.47618222e-01 6.00983202e-01
    3.78380686e-01 2.50661820e-01 2.25038856e-01 3.64820093e-01
    7.10887671e-01 2.35603362e-01 7.84245968e-01 6.39175177e-01
    4.38023388e-01 7.43975937e-01 2.77732074e-01 9.90826070e-01
    7.53489852e-01 2.33259559e-01 7.64481425e-02 9.10479605e-01
    2.31514871e-02 4.24620926e-01 1.08962417e-01 4.16045427e-01
    9.15886343e-01 1.44703597e-01 6.32810712e-01 7.80222535e-01
    1.66984320e-01 3.10630888e-01 9.03536558e-01 3.46481144e-01
    5.64761400e-01 1.83658302e-02 4.62679654e-01 3.10505509e-01
    8.00181031e-02 1.57025248e-01 3.90481651e-02 4.34336901e-01
    4.65761483e-01 7.90869772e-01 8.05237770e-01 4.75721687e-01
    6.92549169e-01 4.88290727e-01 8.48539829e-01 1.26112014e-01
    8.03917050e-01 4.32540715e-01 6.62095428e-01 9.51897264e-01
    7.17847943e-01 3.27732176e-01 7.88577914e-01 7.20643699e-02
    8.12245131e-01 5.44039965e-01 7.04690218e-02 5.78271508e-01
    8.20534527e-02 2.96620727e-01 1.42732263e-01 9.58962440e-01
    3.68365526e-01 2.81490028e-01 8.06861520e-01 2.16047764e-02
    7.05394864e-01 8.77142191e-01 8.54180098e-01 5.33483207e-01
    1.08652711e-01 4.21784401e-01 7.36107230e-01 8.14843595e-01
    4.02671218e-01 2.30328619e-01 3.47432643e-01 3.70785058e-01
    7.46485531e-01 3.11459690e-01 7.80969262e-02 9.91955459e-01
    8.66150558e-02 1.83057606e-01 5.16420841e-01 7.31803775e-01
    6.45024717e-01 1.53512716e-01 7.06806540e-01 5.81230760e-01
    9.45901871e-01 5.65787852e-01 1.17560774e-01 1.78738773e-01
    8.89286876e-01 2.41428107e-01 5.05269349e-01 1.30353421e-01
    4.57714826e-01 6.73577905e-01 6.13018692e-01 4.94266480e-01
    8.99839044e-01 3.01935107e-01 6.54324293e-02 2.09049910e-01
    6.08425438e-02 5.07198513e-01 9.96801257e-01 2.07759142e-01
    1.06076151e-01 1.55925632e-01 3.32504809e-02 5.07206857e-01
    3.30576450e-01 7.11917400e-01 4.32783663e-01 5.69129348e-01
    6.63222671e-01 5.14253259e-01 8.87412608e-01 3.56743932e-01
    2.35436738e-01 5.63971698e-01 6.03799164e-01 3.47691059e-01
    4.19120789e-02 8.48142266e-01 6.54654860e-01 3.57385099e-01
    8.01179945e-01 8.41397405e-01 7.91803002e-02 3.68054301e-01
    6.80818319e-01 1.56305641e-01 2.55279571e-01 9.50827003e-01
    5.46983480e-02 7.61468768e-01 8.63410115e-01 5.54882646e-01
    6.01693869e-01 2.89523244e-01 7.99479485e-02 1.29592299e-01
    1.63477361e-01 4.07542795e-01 4.21819478e-01 7.11853743e-01
    6.84147775e-01 8.76786590e-01 9.85741735e-01 3.23954642e-01
    4.69958723e-01 2.27509588e-01 8.73906553e-01 3.99444133e-01
    8.86155367e-01 2.39979446e-01 8.31598401e-01 7.31443465e-01
    7.26398945e-01 2.30257511e-01 2.63700485e-02 6.06185675e-01
    8.04076552e-01 1.82130933e-01 4.86434877e-01 2.28179932e-01
    3.06590587e-01 2.11661518e-01 8.37752044e-01 6.90298259e-01
    4.69115824e-01 1.39031559e-01 4.97987539e-01 8.36191893e-01
    8.75010133e-01 3.62688214e-01 4.35380101e-01 1.19456232e-01
    1.06190681e-01 8.48338008e-02 1.97464019e-01 8.15376341e-01
    5.81186533e-01 2.97348440e-01 6.05499327e-01 7.10627675e-01
    5.38598537e-01 1.92727387e-01 4.02251989e-01 1.58087879e-01
    3.49364936e-01 1.59860730e-01 9.96288300e-01 1.91241324e-01
    9.54077184e-01 6.14184320e-01 3.56288016e-01 2.23128796e-01
    3.88062537e-01 9.89269376e-01 5.24303615e-01 7.01013684e-01
    7.42295682e-01 3.38786125e-01 8.71802926e-01 6.30526960e-01
    7.15675533e-01 4.34757441e-01 1.00740910e-01 3.73988390e-01
    1.45948857e-01 1.59788698e-01 3.27503920e-01 7.44830966e-02
    5.97952008e-01 4.96073306e-01 9.00632799e-01 7.96415806e-02
    6.39661193e-01 9.69916344e-01 6.08323753e-01 9.78078663e-01
    3.65081966e-01 5.06119728e-02 7.69056797e-01 4.61276829e-01
    9.55741405e-01 9.83761072e-01 2.65727341e-02 3.49176913e-01
    6.90585136e-01 5.96907079e-01 6.67306125e-01 8.30280066e-01
    3.18363428e-01 9.48001266e-01 9.30845499e-01 3.16993594e-02
    6.82543635e-01 3.97831172e-01 6.57610059e-01 6.03567004e-01
    2.27794498e-01 5.55207074e-01 5.77358305e-01 6.35035634e-01
    1.64017022e-01 4.71449018e-01 3.04113507e-01 2.34110594e-01
    4.91480798e-01 8.89998078e-01 6.93274856e-01 4.52205390e-01
    5.90541780e-01 2.36881405e-01 9.94925737e-01 1.38869911e-01
    4.43976283e-01 9.76274312e-02 8.86263132e-01 4.17083502e-02
    1.47478908e-01 4.62708354e-01 6.25881433e-01 9.92581487e-01
    6.09118342e-01 9.75946665e-01 5.72506070e-01 4.18303221e-01
    1.55650556e-01 6.39103591e-01 6.98497295e-01 4.63150769e-01
    9.16558564e-01 9.22121048e-01 8.10699582e-01 6.35799885e-01
    4.26769704e-01 3.19669366e-01 7.31597245e-01 9.89551902e-01
    4.41737831e-01 4.82773244e-01 7.32775033e-01 2.14188576e-01
    6.54617250e-01 9.92427349e-01 2.17030942e-02 6.13228679e-01
    6.62291944e-01 3.25266033e-01 4.12339956e-01 2.96655357e-01
    4.72916067e-01 5.81685543e-01 3.66273940e-01 2.69000411e-01
    1.98635310e-01 7.98283696e-01 7.04881310e-01 9.59077656e-01
    2.00112164e-01 8.03008318e-01 4.26133901e-01 7.09500909e-03
    9.62383389e-01 9.43820834e-01 8.11343670e-01 6.36829197e-01
    1.00522041e-02 3.22010696e-01 9.53084707e-01 5.39594829e-01
    5.68142891e-01 6.30060673e-01 4.37175840e-01 5.52927554e-01
    4.68924910e-01 2.28606433e-01 8.15634489e-01 4.14456934e-01
    7.14159310e-01 7.13338256e-01 4.24581349e-01 3.67757678e-02
    5.92870712e-02 1.41768754e-01 6.19164824e-01 9.79298830e-01
    2.19991773e-01 8.45888257e-02 1.35264844e-01 7.91169584e-01
    1.81995153e-01 3.06671232e-01 1.45443946e-01 3.29346001e-01
    9.87888455e-01 8.92940044e-01 7.01496482e-01 9.72539783e-01
    8.77737522e-01 4.22266722e-02 4.93693978e-01 3.73845220e-01
    4.79049057e-01 2.69687921e-01 6.71538830e-01 9.28698003e-01
    3.22429746e-01 4.48929220e-01 9.57072437e-01 5.45864701e-02
    8.91872406e-01 3.03962946e-01 7.09136605e-01 4.07297164e-01
    9.33614790e-01 9.99181032e-01 9.20432687e-01 7.47355938e-01
    5.00655651e-01 2.97639370e-02 4.35938835e-01 4.22943205e-01
    8.67435336e-01 4.60243404e-01 1.43362284e-02 4.78492022e-01
    8.68288994e-01 2.84469366e-01 3.51878107e-02 2.19334364e-02
    1.60024703e-01 2.10631788e-02 5.79682410e-01 3.65846455e-01
    7.18121409e-01 8.30911160e-01 8.86554837e-01 7.59130716e-02
    9.13337708e-01 3.52324218e-01 7.74959147e-01 1.68069661e-01
    9.73970771e-01 1.86924428e-01 2.00655341e-01 6.29040837e-01
    2.56350040e-01 1.49505079e-01 2.46115029e-02 6.18255198e-01
    5.90927780e-01 5.81496596e-01 8.75797093e-01 5.49573302e-01
    1.99341238e-01 1.86100483e-01 5.91385603e-01 5.11313975e-02
    9.84247327e-01 9.34316635e-01 8.96492243e-01 4.64875579e-01
    4.51146871e-01 6.67272449e-01 4.59685087e-01 1.41123205e-01
    8.07711959e-01 1.72730386e-01 7.14984059e-01 6.20467126e-01
    1.51229918e-01 8.13810945e-01 8.07589531e-01 9.03614759e-02
    3.03267896e-01 4.28022712e-01 3.90400559e-01 5.55325389e-01
    3.52029204e-01 3.92200917e-01 3.29070538e-01 9.82722998e-01
    2.59265780e-01 7.11080432e-01 1.01689130e-01 5.14133751e-01
    7.86269605e-02 5.29793262e-01 6.65969133e-01 2.23395139e-01
    2.61235237e-01 1.87960744e-01 4.94583338e-01 3.00075680e-01
    5.41459620e-02 8.45076382e-01 7.00722098e-01 6.43386304e-01
    6.23615980e-01 8.33504915e-01 3.92257720e-01 8.25399816e-01
    5.36436200e-01 5.38311779e-01 4.05845344e-02 3.09943706e-01
    6.58117056e-01 2.18884945e-01 6.60734534e-01 8.82366061e-01
    2.84853369e-01 2.14218110e-01 1.51450843e-01 1.96618527e-01
    3.58597338e-01 3.59463453e-01 8.72290134e-03 9.65753317e-01
    4.69359756e-03 4.86917555e-01 6.14705980e-01 8.77366602e-01
    2.13585943e-01 5.96799374e-01 8.40701759e-02 3.31445575e-01
    2.09653974e-01 7.64181495e-01 7.43690729e-01 7.77306497e-01
    6.35513604e-01 4.76839125e-01 5.02735674e-01 9.55422163e-01
    4.85700786e-01 6.87269986e-01 5.21794319e-01 3.05660248e-01
    5.12675583e-01 9.26423311e-01 3.35528910e-01 4.85264421e-01
    5.82838953e-01 3.27706695e-01 6.84067488e-01 3.13493878e-01
    4.92501676e-01 6.40674233e-01 8.15692782e-01 8.16949964e-01
    4.71282601e-01 9.26368356e-01 9.43045020e-01 7.37532258e-01
    2.95672417e-02 7.51618385e-01 1.71837211e-03 4.65714872e-01
    4.41440672e-01 3.88826728e-01 2.87995964e-01 1.27417654e-01
    9.54280019e-01 5.16722441e-01 3.94422114e-01 8.85523796e-01
    2.48826712e-01 5.15691578e-01 6.85937881e-01 7.64919043e-01
    9.46935892e-01 7.99186707e-01 7.11666882e-01 2.64095902e-01
    6.98049188e-01 3.03203642e-01 5.81675589e-01 6.56545460e-02
    5.72566152e-01 7.84933329e-01 8.01981091e-01 5.29667139e-01
    2.83895731e-01 6.07883334e-01 2.18654394e-01 9.06963587e-01
    1.06733739e-02 6.95623815e-01 8.23675036e-01 4.00517106e-01
    1.27858341e-01 6.11583352e-01 2.67415881e-01 3.47022235e-01
    7.05119252e-01 9.32895184e-01 7.38576889e-01 9.10426557e-01
    2.36243665e-01 5.72598994e-01 7.45422065e-01 4.06912953e-01
    4.83230382e-01 1.90485239e-01 7.08023667e-01 2.25968063e-01
    3.59423578e-01 7.16912270e-01 7.91879296e-01 4.63553309e-01
    1.48021787e-01 8.47166538e-01 5.28827667e-01 6.37413800e-01
    8.52591276e-01 3.28072309e-01 6.03099465e-01 5.13852537e-01
    7.26012826e-01 3.49528193e-02 1.16780549e-01 5.75537443e-01
    8.22278798e-01 5.93312442e-01 4.16409075e-01 2.97348261e-01
    9.78781104e-01 1.50619030e-01 1.53812408e-01 3.43965590e-02
    5.97706735e-02 2.64051318e-01 6.74347103e-01 8.62163544e-01
    5.43993831e-01 3.47493768e-01 7.75541186e-01 2.66138911e-01
    5.17731071e-01 9.41955328e-01 7.43734658e-01 3.68735790e-02
    7.78037667e-01 1.40527457e-01 9.70340848e-01 6.24100626e-01
    6.31446838e-02 4.61787701e-01 1.58924907e-01 4.92019117e-01
    9.22917128e-02 2.53445685e-01 1.57197028e-01 1.37847096e-01
    7.90294766e-01 3.54948997e-01 7.94923782e-01 6.36942685e-02
    1.53553039e-01 8.31540227e-01 5.93514502e-01 5.32344520e-01
    4.32249606e-01 5.51001847e-01 7.85006762e-01 5.57843089e-01
    9.62800503e-01 2.76673853e-01 7.69545078e-01 6.94310904e-01
    2.38929689e-02 2.98978508e-01 7.50732660e-01 8.80785406e-01
    9.56335068e-01 4.77466613e-01 2.90755033e-01 1.79032058e-01
    8.81329179e-01 4.56806600e-01 1.26128167e-01 3.71575028e-01
    5.28363168e-01 4.02902663e-02 8.78935754e-02 7.80412018e-01
    7.69163668e-02 8.33649516e-01 6.12995028e-01 7.76949525e-01
    4.84841317e-01 4.47605431e-01 3.27081680e-01 5.93216598e-01
    7.26188898e-01 9.59607005e-01 5.10685444e-02 2.11598366e-01
    6.75797522e-01 3.93271297e-01 7.70290971e-01 8.49395871e-01
    8.98444176e-01 8.24152410e-01 1.80176944e-01 1.22886568e-01
    9.26876545e-01 9.89972353e-01 5.71649075e-01 6.40245795e-01
    9.86147583e-01 9.74222541e-01 2.31006235e-01 5.88089764e-01
    7.12832868e-01 3.76632392e-01 8.24907780e-01 9.63576138e-01
    2.84629405e-01 4.31448221e-01 8.09111953e-01 4.97194111e-01
    3.11444283e-01 1.66253060e-01 8.35705698e-02 3.67312014e-01
    4.71075922e-01 4.95499641e-01 2.77639449e-01 4.56281602e-01
    7.88927436e-01 4.59077448e-01 6.26307487e-01 7.20616043e-01
    8.82153988e-01 7.01569557e-01 8.26593399e-01 8.54619145e-01
    8.57453465e-01 2.98141569e-01 8.12582552e-01 7.26193905e-01
    6.66315734e-01 2.66341388e-01 9.80125248e-01 3.74282718e-01
    1.60557568e-01 8.31344366e-01 9.69052434e-01 4.02166724e-01
    9.56265390e-01 9.83756363e-01 7.52835274e-02 6.22246325e-01
    6.60272419e-01 1.48333013e-02 9.67755198e-01 8.30085874e-01
    4.25538361e-01 9.36251342e-01 6.05225921e-01 4.78693783e-01
    9.48156714e-01 5.40583551e-01 7.42358804e-01 6.04234934e-02
    4.20675099e-01 2.11153179e-01 9.44596410e-01 3.10355306e-01
    5.20257235e-01 1.59537524e-01 6.15592718e-01 9.36719835e-01
    2.37104088e-01 4.73622501e-01 2.59795606e-01 6.64469242e-01
    7.49019682e-01 8.61175776e-01 3.76998186e-02 3.14430177e-01
    3.52081060e-02 8.86006355e-02 2.03455091e-02 7.96863616e-01
    1.34363532e-01 1.39678627e-01 2.34786361e-01 2.80116379e-01
    2.21195489e-01 8.19154024e-01 4.25388813e-02 3.89693856e-01
    8.46242189e-01 8.73079658e-01 3.73427480e-01 1.73761994e-01
    6.54901564e-01 5.43053210e-01 7.84721315e-01 8.91751170e-01
    8.06581676e-02 4.44233716e-01 5.99109113e-01 1.88547194e-01
    1.26615226e-01 7.18248188e-01 7.99777806e-01 5.32108486e-01
    8.63178670e-02 4.81602728e-01 8.92177701e-01 9.19066191e-01
    5.40670335e-01 9.24152017e-01 3.39146972e-01 5.12885451e-02
    3.70447218e-01 9.42845106e-01 8.18230867e-01 6.22635901e-01
    3.95004988e-01 1.96730644e-01 6.75499439e-01 1.33361697e-01
    7.64246583e-01 9.60812211e-01 1.77726150e-02 6.48491740e-01
    3.19791228e-01 1.44675434e-01 5.13658881e-01 6.63525641e-01
    5.20362496e-01 1.13063455e-02 4.87787426e-01 2.58843005e-01
    4.24017549e-01 8.64062488e-01 3.87807548e-01 4.18649793e-01
    4.63641435e-01 5.36258638e-01 4.21568125e-01 6.57582223e-01
    7.20517278e-01 7.54187346e-01 6.86712861e-01 5.38994968e-01
    1.42248541e-01 8.46742392e-01 9.90249157e-01 4.31970090e-01
    3.67026329e-01 7.65109122e-01 4.61230725e-01 2.17492402e-01
    8.57350588e-01 8.64570141e-01 2.09049284e-02 3.56231749e-01
    8.49497557e-01 6.68733776e-01 7.09370971e-01 6.41233921e-01
    5.83052814e-01 8.27009499e-01 3.28522325e-01 4.80979383e-01
    6.13077939e-01 1.54959470e-01 6.08138442e-01 8.71824980e-01
    2.07406908e-01 4.61176842e-01 3.86211991e-01 3.44867289e-01
    2.75100410e-01 2.58489162e-01 7.65131593e-01 5.50970793e-01
    1.41045749e-02 8.55426788e-01 9.05846953e-02 8.73185039e-01
    7.03051090e-01 4.20013368e-02 8.88325930e-01 8.29226255e-01
    6.90877438e-04 9.59833145e-01 7.59446621e-01 9.49294686e-01
    2.40265787e-01 4.17365938e-01 1.53862298e-01 5.08807361e-01
    7.72025943e-01 9.43292499e-01 5.80446303e-01 8.70225847e-01
    3.96892250e-01 1.38215631e-01 9.04339314e-01 4.87773716e-02
    8.94001245e-01 5.75604498e-01 7.39209354e-01 6.56653643e-01
    1.40628815e-02 1.83343887e-03 1.45558059e-01 7.41004348e-01
    4.39227104e-01 1.03881955e-01 8.16243529e-01 9.24038231e-01
    8.08031321e-01 2.02329814e-01 4.41919118e-01 2.18746066e-02
    8.04943919e-01 4.62157607e-01 2.73085892e-01 2.71819592e-01
    9.95515943e-01 5.04218817e-01 6.41044378e-01 1.16777241e-01
    9.68960762e-01 3.79328936e-01 2.71045864e-01 5.44799626e-01
    1.75429344e-01 5.64002037e-01 4.25790608e-01 8.16322923e-01
    4.38354194e-01 5.79566717e-01 9.56614017e-01 1.86587363e-01
    4.01699692e-01 1.48013085e-01 1.81951284e-01 4.15453404e-01
    8.93936515e-01 6.06888533e-01 6.77012444e-01 7.07280636e-01
    1.78056151e-01 7.94220567e-01 8.61414790e-01 2.82277614e-01
    4.35823739e-01 9.04678226e-01 1.60648555e-01 1.03347152e-01
    1.52804554e-01 8.61050189e-02 1.58713371e-01 8.62880766e-01
    2.65224487e-01 7.87804961e-01 1.96722180e-01 9.85344052e-01
    3.35979700e-01 4.23025787e-01 1.58291161e-01 6.60783052e-03
    6.90813363e-01 2.20992744e-01 1.10920519e-01 3.54567468e-01
    9.47528481e-01 5.13126612e-01 9.96607542e-01 6.13156259e-01
    7.04402685e-01 8.79078627e-01 2.88292348e-01 3.62272233e-01
    1.65149480e-01 3.02951664e-01 1.04275227e-01 8.98472607e-01
    4.54766452e-01 6.03827417e-01 6.01208806e-02 2.84770519e-01
    1.55789316e-01 9.31972384e-01 9.08930719e-01 5.28883934e-01
    3.80444825e-02 7.67917871e-01 8.49335134e-01 3.43752265e-01
    9.26171660e-01 8.46122980e-01 6.02445304e-02 4.48776156e-01
    9.14507210e-01 1.23018861e-01 1.37626082e-01 6.98502660e-01
    2.60638505e-01 2.65701592e-01 5.80375433e-01 4.75067466e-01
    6.52155876e-02 3.47810090e-01 1.70385540e-02 1.60952598e-01
    4.56548989e-01 9.45124269e-01 5.17593443e-01 3.33418399e-01
    4.96493340e-01 5.16974390e-01 8.49903464e-01 5.88465691e-01
    2.29387045e-01 6.29429042e-01 2.07901448e-01 8.77738535e-01
    3.27663541e-01 3.71598274e-01 5.31994641e-01 2.26804972e-01
    6.30361795e-01 4.32426274e-01 3.05576086e-01 1.97811723e-02
    1.37690693e-01 3.05670321e-01 1.50579214e-02 6.93591475e-01
    6.09463811e-01 7.82755911e-02 9.62013841e-01 1.29258186e-01
    3.95790040e-02 7.58936107e-01 8.07822049e-02 7.94690490e-01
    7.93123603e-01 7.83847809e-01 9.65990782e-01 6.40493333e-01
    2.76292235e-01 7.71858215e-01 5.07876694e-01 3.01655263e-01
    8.77195716e-01 7.53364325e-01 4.84646887e-01 3.73941302e-01
    5.17297328e-01 2.85719901e-01 2.70631611e-02 9.64600325e-01
    2.92783082e-01 1.65454119e-01 2.29073584e-01 4.57051039e-01
    6.49713576e-01 4.01304126e-01 3.66756618e-01 8.95601690e-01
    7.19912887e-01 2.96250045e-01 9.66556549e-01 6.08350873e-01
    5.15952468e-01 1.65572882e-01 7.38482118e-01 5.03391862e-01
    6.19315505e-02 5.38697958e-01 8.08953345e-02 5.65630317e-01
    7.08029866e-02 1.40477270e-01 8.63042831e-01 8.52176309e-01
    2.19187140e-02 5.80530643e-01 7.30121613e-01 6.49091959e-01
    6.34839892e-01 7.97377229e-01 1.59210324e-01 2.63850451e-01
    5.54686904e-01 5.21520317e-01 9.38398361e-01 2.19206452e-01
    3.01068246e-01 2.41454691e-01 4.27911967e-01 9.16370749e-01
    7.73545861e-01 4.21907485e-01 8.07587504e-01 7.18387485e-01
    5.70515335e-01 6.81488276e-01 2.78369963e-01 4.15087938e-02
    9.68908429e-01 9.95353103e-01 9.34074163e-01 1.32112712e-01
    5.16829729e-01 2.23522365e-01 3.88485789e-01 7.17040420e-01
    8.97525728e-01 8.16754401e-02 9.32118118e-01 3.52334678e-01
    4.90104735e-01 3.40147734e-01 6.85134828e-02 3.46493125e-01
    3.99153084e-01 8.04856181e-01 8.40029001e-01 2.05206364e-01
    3.75810891e-01 1.42502189e-01 3.12203586e-01 5.76105833e-01
    7.98893869e-02 6.51760221e-01 8.68929505e-01 1.25276387e-01
    9.18206811e-01 9.80672598e-01 5.79111934e-01 6.18675530e-01
    3.57985437e-01 7.92919874e-01 2.55901277e-01 4.23074067e-01
    3.68782997e-01 6.22283697e-01 9.19984698e-01 5.38426638e-02
    8.39449763e-01 2.22259462e-01 4.15694475e-01 5.23391485e-01
    9.54494834e-01 8.76662493e-01 5.23718536e-01 4.97148782e-01
    4.32962179e-03 4.57404703e-01 2.62063682e-01 7.83456683e-01
    7.33800888e-01 7.65633106e-01 9.39454138e-01 4.36777771e-01
    4.05549765e-01 3.36557567e-01 1.46670461e-01 8.54571760e-02
    5.39375782e-01 2.35452026e-01 1.93184704e-01 3.12298208e-01
    1.22096390e-01 1.60948455e-01 6.82323098e-01 2.01759011e-01
    3.72653782e-01 6.06302977e-01 1.84852719e-01 1.99034870e-01
    4.45726484e-01 5.52980363e-01 3.89168561e-02 3.44560921e-01
    6.41136944e-01 7.05781937e-01 5.41687608e-01 9.87631679e-01
    3.29147875e-01 1.89623982e-01 1.54709935e-01 4.78853673e-01
    7.11605370e-01 7.27966309e-01 5.91264725e-01 8.42183828e-03
    2.96256423e-01 6.20932341e-01 3.91456127e-01 8.85573864e-01
    6.86360538e-01 7.69951940e-01 3.04991424e-01 4.07607913e-01
    3.10403824e-01 4.59124357e-01 2.09080011e-01 8.78800035e-01
    6.87393427e-01 4.50612038e-01 4.87751812e-01 4.43737805e-02
    8.58420253e-01 7.57835746e-01 6.28234565e-01 2.16567218e-02
    3.81138712e-01 1.09471321e-01 7.90478110e-01 1.72287971e-01
    1.22955859e-01 6.98766232e-01 7.36288607e-01 1.51673406e-01
    3.80954087e-01 2.17934608e-01 1.55093074e-01 2.61775613e-01
    2.41461039e-01 3.06164056e-01 3.02169144e-01 7.60321915e-02
    5.80185711e-01 3.47566903e-01 2.89487660e-01 7.11859584e-01
    9.45580304e-01 8.30714285e-01 4.20004189e-01 6.13790333e-01
    9.53575373e-01 1.67853415e-01 8.37028563e-01 6.75794482e-03
    4.27296519e-01 8.62006426e-01 1.32541269e-01 2.81433761e-02
    5.54538488e-01 3.18018198e-02 5.25274396e-01 8.17452788e-01
    7.41555452e-01 4.73903596e-01 7.26536334e-01 3.76852930e-01
    4.01865810e-01 7.11053371e-01 8.25980544e-01 7.74902761e-01
    8.48661900e-01 5.91199398e-01 3.54071915e-01 5.20743072e-01
    5.19522190e-01 3.54689002e-01 3.60360920e-01 8.57794225e-01
    3.48163128e-01 1.06232285e-01 7.41872668e-01 1.47513598e-01
    1.57579511e-01 9.76088524e-01 5.58263063e-01 3.50063980e-01
    8.84255409e-01 6.27709448e-01 6.53647780e-01 2.78344244e-01
    8.68804932e-01 8.40823114e-01 1.37797683e-01 1.88033938e-01
    8.25455070e-01 4.73856360e-01 6.40189528e-01 6.65700078e-01
    4.88213569e-01 2.39942670e-02 6.00934446e-01 7.65956998e-01
    9.56208348e-01 3.18011791e-01 5.96495509e-01 6.80565357e-01
    9.35361028e-01 4.70002294e-01 1.32793188e-03 8.31001282e-01
    4.16091412e-01 5.22160053e-01 8.01007986e-01 6.30572319e-01
    4.07514453e-01 7.15316772e-01 3.11505318e-01 2.55027294e-01
    2.96339899e-01 8.42136741e-01 9.10575628e-01 1.14834398e-01
    4.81885284e-01 9.62382197e-01 1.78920865e-01 2.00926334e-01
    9.33966994e-01 5.65029681e-01 6.34722412e-01 9.57013965e-01
    1.22301966e-01 4.43893611e-01 3.21698070e-01 7.16023445e-01
    9.23614860e-01 3.36832881e-01 8.22914004e-01 5.38195848e-01
    3.02768648e-01 7.45128095e-02 3.36816490e-01 5.42762399e-01
    9.55393434e-01 3.91569048e-01 2.05998689e-01 6.57242537e-01
    5.61519861e-01 5.12006700e-01 4.33144659e-01 1.15881264e-01
    7.37887025e-01 1.56578988e-01 3.42470229e-01 4.89561945e-01
    8.49736214e-01 7.50729799e-01 9.56456661e-01 3.08056027e-01
    6.84328198e-01 9.26887453e-01 2.99027026e-01 8.26369226e-02
    9.49974000e-01 6.25928223e-01 5.03882587e-01 6.35218680e-01
    9.72809970e-01 5.67500591e-01 1.96159154e-01 5.93708396e-01
    5.57524085e-01 5.08007050e-01 5.75589955e-01 1.61939830e-01
    2.29986608e-01 5.39727867e-01 3.68477046e-01 5.16586900e-02
    7.21565366e-01 4.42007244e-01 9.42439437e-01 2.35985726e-01
    8.49553347e-01 9.46983933e-01 2.96107709e-01 3.30051124e-01
    6.65468574e-01 2.17901140e-01 3.39569747e-01 8.13561678e-02
    3.97217453e-01 6.39041245e-01 1.20986640e-01 7.17279434e-01
    6.51833534e-01 2.82052666e-01 6.80598497e-01 9.02454019e-01
    3.43127429e-01 8.20682049e-01 1.25084460e-01 6.74277782e-01
    7.29875207e-01 1.72020644e-01 1.90517962e-01 6.76478863e-01
    4.08747643e-01 8.84272814e-01 9.58990335e-01 3.25960934e-01
    4.01215851e-01 3.49185348e-01 3.14236283e-02 3.93760800e-01
    8.72424603e-01 7.50059843e-01 1.10617816e-01 3.14276099e-01
    2.90678412e-01 9.35911179e-01 8.14863682e-01 3.72946262e-02
    1.11526102e-01 3.88646603e-01 5.24167657e-01 2.39467591e-01
    2.63774097e-01 8.75178993e-01 4.27894920e-01 3.23543131e-01
    4.93933618e-01 7.16446519e-01 3.74697953e-01 8.57872069e-02
    1.74490422e-01 8.30503702e-02 3.11441541e-01 8.88294101e-01
    8.08889627e-01 7.66690135e-01 8.82650137e-01 5.31431139e-01
    7.90136456e-02 4.61161375e-01 1.58964276e-01 2.17524320e-01
    5.80656111e-01 2.80339301e-01 5.27388453e-02 5.52264571e-01
    2.57968426e-01 4.68386352e-01 4.06415462e-01 7.00197339e-01
    2.48664171e-01 2.99599230e-01 8.28974903e-01 9.44535971e-01
    9.26876903e-01 3.57207596e-01 7.58134723e-01 6.70461476e-01
    8.18787336e-01 5.47562182e-01 2.18366414e-01 9.68366385e-01
    5.99374473e-01 9.12985802e-01 9.10700798e-01 5.46975374e-01
    5.18144727e-01 3.79437208e-01 7.60384619e-01 8.28703046e-01
    6.74111784e-01 3.79449308e-01 5.67777336e-01 9.92110372e-02
    1.36132985e-01 7.76669264e-01 4.44080085e-01 8.58927548e-01
    3.29608083e-01 9.66418982e-02 8.11610878e-01 6.79625809e-01
    5.70839643e-01 8.29567194e-01 4.12509680e-01 1.44321740e-01
    3.16368192e-01 7.99425125e-01 4.91779834e-01 6.12410784e-01
    8.15230608e-01 2.56314576e-01 1.56515628e-01 8.53098869e-01
    6.11032426e-01 1.48683548e-01 1.43444151e-01 6.00226104e-01
    7.68998623e-01 9.05169725e-01 9.57732856e-01 3.55047822e-01
    9.33168232e-02 8.57460737e-01 7.31987357e-02 9.60976005e-01
    5.29178917e-01 6.99474335e-01 5.64405322e-03 8.39652777e-01
    2.71098077e-01 1.03109926e-01 7.03299105e-01 7.34931409e-01
    7.07132578e-01 9.99784946e-01 1.03218913e-01 9.41616952e-01
    6.62106276e-01 5.39276063e-01 6.11428022e-01 7.71226406e-01
    1.27370417e-01 1.97276860e-01 1.32765263e-01 8.83674383e-01
    2.77920663e-01 6.66866899e-01 7.06642568e-01 3.71351302e-01
    2.22200572e-01 8.74490738e-01 4.74345982e-02 3.16905081e-02
    4.79170918e-01 1.65580094e-01 6.02449715e-01 9.40815508e-02
    5.35307944e-01 3.72022092e-02 2.31096208e-01 1.96211249e-01
    6.72401786e-02 1.97065473e-02 2.07982540e-01 6.68511927e-01
    6.52344882e-01 3.44914824e-01 9.05282736e-01 4.57077950e-01
    1.28702372e-01 2.38612592e-01 8.37634563e-01 8.05504739e-01
    1.19754642e-01 2.19833344e-01 9.06430006e-01 4.84445810e-01
    3.77764523e-01 2.48770684e-01 5.46517789e-01 2.55196810e-01
    2.56513953e-01 6.11126304e-01 3.36674929e-01 1.52745068e-01
    8.01438987e-02 7.58023560e-01 1.68291211e-01 9.41813707e-01
    5.84676623e-01 8.32559586e-01 7.06466913e-01 2.34535277e-01
    3.98808777e-01 1.35660082e-01 3.26462626e-01 1.48728281e-01
    6.95686817e-01 7.08952546e-01 5.16133726e-01 6.53121471e-01
    6.36599362e-01 6.69916332e-01 5.29871047e-01 7.56841898e-01
    3.21805477e-01 8.71200919e-01 2.18923092e-02 5.16302824e-01
    8.06217670e-01 2.87351549e-01 8.85523558e-01 4.25120354e-01
    4.14583504e-01 3.67546856e-01 1.40312850e-01 3.42477381e-01
    2.49621242e-01 5.61953485e-01 6.83117032e-01 7.17716932e-01
    5.27212143e-01 4.55160648e-01 9.01720285e-01 2.00234860e-01
    4.43546414e-01 5.80864251e-01 1.34055167e-01 4.62071031e-01
    7.62984931e-01 2.87149727e-01 8.74472380e-01 4.87365097e-01
    9.64763045e-01 3.91865045e-01 2.37545371e-03 2.59093076e-01
    2.95416057e-01 7.92081833e-01 7.81893194e-01 2.88947135e-01
    1.82307333e-01 8.63315105e-01 4.05799121e-01 1.19693756e-01
    5.11418343e-01 1.68622404e-01 2.47125745e-01 4.29716766e-01
    9.40784216e-02 4.60729122e-01 5.74644506e-01 7.24580169e-01
    5.68085313e-01 4.71632868e-01 7.96189249e-01 5.34126639e-01
    7.07101047e-01 6.36285543e-02 7.50136137e-01 2.24377841e-01
    3.94618809e-01 5.47674358e-01 7.48056769e-02 1.80639178e-01
    5.43129802e-01 3.74067783e-01 2.26980150e-02 8.53993297e-01
    5.27917624e-01 7.24882185e-01 4.10349965e-01 1.10479891e-01
    3.91691029e-01 2.31365949e-01 9.24825549e-01 3.71006668e-01
    9.62223172e-01 1.85465962e-01 7.84940958e-01 3.11941803e-02
    2.37711966e-01 8.86282325e-01 1.49947852e-01 1.21040612e-01
    5.69533408e-02 8.94316435e-01 9.52215910e-01 1.24362111e-03
    3.04985434e-01 5.94846725e-01 3.01567435e-01 9.93147612e-01
    2.52563208e-01 9.33749199e-01 1.65377468e-01 2.49614030e-01
    9.14540410e-01 2.40198195e-01 8.12279820e-01 2.68082321e-01
    8.62021685e-01 7.89646745e-01 8.29466701e-01 6.18295372e-01
    1.93919986e-01 1.68693364e-01 1.67864054e-01 3.03684205e-01
    5.65618038e-01 2.54614145e-01 5.10528982e-01 4.21027720e-01
    9.32849884e-01 5.30251324e-01 3.97050887e-01 5.34197688e-02
    6.03094101e-02 7.45845437e-01 3.47387135e-01 9.16482985e-01
    1.79208875e-01 1.60322279e-01 3.42705131e-01 5.76240838e-01
    7.26075172e-01 5.12869895e-01 1.66910052e-01 2.32090861e-01
    7.84500539e-02 9.42128420e-01 7.26639330e-01 2.37370372e-01
    1.12647295e-01 4.86986756e-01 3.39502335e-01 7.57321715e-01
    9.04273033e-01 7.08092690e-01 5.41341305e-03 3.77867848e-01
    5.22261083e-01 1.79810971e-01 5.04026651e-01 9.35691595e-01
    1.20940030e-01 7.11641371e-01 4.82052416e-01 3.10633838e-01
    7.25008249e-02 4.36139345e-01 1.02660656e-01 3.57877612e-01
    7.69491732e-01 3.79258275e-01 8.73704970e-01 5.64213097e-02
    8.05087984e-01 3.19587052e-01 7.60988712e-01 7.03910589e-01
    2.80358374e-01 1.64255500e-01 1.58375531e-01 6.96081042e-01
    2.22800791e-01 1.16486251e-01 2.38459200e-01 4.33378994e-01
    9.75763440e-01 8.71414125e-01 5.49654484e-01 6.42451644e-03
    9.23977375e-01 9.73799586e-01 4.39759612e-01 9.16252017e-01
    4.70436394e-01 4.71462935e-01 9.62103486e-01 5.78636229e-01
    3.47641766e-01 9.67901945e-02 6.89225316e-01 8.55190992e-01
    7.01200366e-01 7.08656073e-01 4.46514755e-01 5.62280774e-01
    2.90552676e-01 1.86840147e-01 7.87236631e-01 2.63917744e-01
    6.50471628e-01 7.71457911e-01 2.26981640e-01 4.29914653e-01
    9.11052465e-01 6.62932098e-02 6.46070242e-01 8.37715507e-01
    8.16235781e-01 7.22887993e-01 3.85548234e-01 1.76230192e-01
    5.63009322e-01 9.60199893e-01 2.71667361e-01 9.43706036e-02
    5.77661395e-03 9.57268596e-01 3.44722629e-01 5.24210513e-01
    1.95229471e-01 2.89671481e-01 2.10137278e-01 3.05405945e-01
    1.51799619e-02 5.11753738e-01 5.97175956e-03 2.13392973e-02
    7.61124849e-01 3.96007955e-01 9.89099622e-01 9.60056305e-01
    3.83516401e-01 3.19339275e-01 3.13955247e-02 9.83806133e-01
    7.19927669e-01 3.63188088e-01 3.80257368e-02 4.31314349e-01
    4.79504883e-01 7.64599919e-01 9.80252743e-01 9.37381506e-01
    4.94377255e-01 1.45946562e-01 8.94486845e-01 2.92894542e-02
    3.17235589e-02 9.16397274e-02 1.98469996e-01 1.63871050e-02
    6.66243315e-01 7.11064041e-02 3.51850390e-02 1.80937439e-01
    4.58726257e-01 3.60248059e-01 6.34820640e-01 6.00106180e-01
    1.26872003e-01 9.21337247e-01 7.09182441e-01 3.21342766e-01
    7.26862311e-01 6.54352784e-01 6.24078691e-01 6.07815325e-01
    2.72195935e-01 9.09176946e-01 8.38054419e-01 2.25089818e-01
    6.97236478e-01 4.13927466e-01 5.49059212e-01 2.16519415e-01
    6.15092635e-01 1.63686603e-01 3.06886256e-01 7.87900031e-01
    2.84167528e-01 2.39769876e-01 9.39988852e-01 9.52067375e-01
    9.53391671e-01 9.54089522e-01 9.68872726e-01 2.11689472e-02
    6.78483129e-01 5.14618456e-01 7.05293477e-01 1.77842885e-01
    1.96838826e-01 7.92388916e-02 7.73967326e-01 2.15142965e-04
    2.83816665e-01 8.86735916e-01 1.93232417e-01 4.26183403e-01
    8.70012522e-01 6.72779322e-01 9.06325579e-01 9.03120279e-01
    7.72184014e-01 1.89353466e-01 7.67957389e-01 6.41343653e-01
    2.35674143e-01 2.94799030e-01 1.95361912e-01 9.43949819e-01
    4.85009700e-01 6.39335930e-01 9.69393253e-01 4.94486988e-02
    6.70585632e-01 9.52604651e-01 7.85676301e-01 2.03688532e-01
    9.71792400e-01 7.94125915e-01 6.74687147e-01 5.64166784e-01
    1.99875385e-01 2.33955294e-01 4.37356710e-01 9.81664777e-01
    1.36762857e-01 2.59113133e-01 5.30821919e-01 8.87700200e-01
    9.15358663e-01 6.44154787e-01 9.02424872e-01 8.35282624e-01
    4.49788749e-01 7.98879087e-01 1.86259031e-01 1.36424184e-01
    3.83061588e-01 2.61135310e-01 3.22579026e-01 6.23388529e-01
    8.13943505e-01 7.84141481e-01 7.27208018e-01 1.21092051e-01
    7.54060149e-01 2.32585251e-01 6.48805976e-01 5.43429434e-01
    9.64852512e-01 7.43421614e-02 2.36578614e-01 6.30847156e-01
    6.57524943e-01 3.68762612e-01 5.62412620e-01 7.00898468e-02
    9.41620171e-01 5.16123950e-01 5.95492423e-02 6.35811210e-01
    3.45626593e-01 9.97731686e-01 6.49126589e-01 1.48511171e-01
    1.68055952e-01 7.22182512e-01 4.42403078e-01 2.55999774e-01
    3.97345722e-02 5.23809791e-01 9.92079973e-02 2.84614652e-01
    9.18685794e-01 7.95841873e-01 8.66001010e-01 3.91371340e-01
    3.28448057e-01 8.75856459e-01 4.03926611e-01 7.40303159e-01
    7.70762086e-01 8.63230526e-01 3.19487572e-01 3.85656595e-01
    7.50513315e-01 5.64580083e-01 6.82383835e-01 7.51881957e-01
    4.80689347e-01 3.28597844e-01 6.49995029e-01 3.15309286e-01
    6.14504993e-01 8.50246072e-01 7.18092024e-02 2.65997052e-02
    1.71642333e-01 8.70306611e-01 4.18355703e-01 6.36368990e-03
    7.53728867e-01 4.45733249e-01 5.87048829e-01 5.39287865e-01
    7.13169456e-01 2.20105886e-01 8.36611271e-01 9.32065845e-02
    9.86047745e-01 9.16742563e-01 2.73577631e-01 8.47285628e-01
    6.35845363e-01 3.53218585e-01 5.76125026e-01 4.85735744e-01
    2.42964029e-02 4.34224337e-01 6.98731661e-01 4.86480564e-01
    9.30483639e-02 7.11580157e-01 4.22382951e-02 7.06385136e-01
    4.49969918e-01 5.13445437e-01 4.19253111e-02 1.27257913e-01
    2.27203608e-01 6.43186688e-01 7.20086575e-01 2.12963670e-01
    8.73730242e-01 1.52881205e-01 2.51809597e-01 4.16818559e-02
    5.62679291e-01 3.57839376e-01 8.32571507e-01 4.57727075e-01
    9.62802768e-01 4.96394336e-01 8.84397626e-01 1.58710152e-01
    9.34555531e-01 3.47248554e-01 2.03281224e-01 1.74711674e-01
    6.40399277e-01 4.27616417e-01 1.90615952e-01 1.06694341e-01
    9.63564277e-01 7.99301922e-01 6.79966331e-01 6.09931946e-01
    9.97397423e-01 9.43101525e-01 8.65022063e-01 7.49076068e-01
    5.93448997e-01 9.35931206e-02 3.17040682e-01 5.96193671e-01
    1.14242077e-01 4.22311306e-01 8.43309045e-01 2.91268170e-01
    4.04540479e-01 6.81591272e-01 1.59831762e-01 5.29534101e-01
    8.22539926e-01 3.35673928e-01 5.96097887e-01 1.98844165e-01
    4.50731993e-01 7.42950678e-01 6.61659777e-01 8.70267272e-01
    3.23510259e-01 4.60287094e-01 7.28390813e-02 4.36072052e-02
    4.03614372e-01 5.21530747e-01 5.16446114e-01 8.04273784e-01
    4.21945453e-01 5.31465590e-01 2.00837135e-01 2.18860686e-01
    3.81515533e-01 1.13541365e-01 1.27221823e-01 5.83155632e-01
    2.35150188e-01 5.92586994e-02 9.88979459e-01 9.38246548e-02
    7.63678908e-01 6.72876894e-01 4.37373102e-01 7.99484730e-01
    1.48846149e-01 6.64180517e-02 6.37346327e-01 9.32998419e-01
    2.55451709e-01 5.75829923e-01 6.80438817e-01 1.57794088e-01
    5.68593383e-01 2.68486857e-01 4.84681398e-01 5.69850564e-01
    7.36978531e-01 4.17538524e-01 1.81368589e-01 6.03848398e-02
    3.95033240e-01 1.66338384e-01 3.09644997e-01 3.31066072e-01
    5.93799651e-01 7.39930391e-01 8.61392856e-01 2.63085783e-01
    2.86867559e-01 6.51760817e-01 6.66820645e-01 3.51667166e-01
    4.58242595e-01 8.49449337e-01 2.12307602e-01 5.81030190e-01
    8.47700596e-01 1.51434690e-01 5.88172555e-01 5.59636772e-01
    3.15574229e-01 7.68899798e-01 3.15422714e-01 7.41030693e-01
    9.85445082e-01 7.67537951e-01 2.28492200e-01 4.18873101e-01
    8.09518397e-02 3.91589403e-01 6.58797324e-02 3.55941594e-01
    9.45540965e-02 3.99284899e-01 2.90343225e-01 8.54748607e-01
    7.35276937e-02 7.62031555e-01 9.83746231e-01 2.50332773e-01
    6.65258527e-01 1.30461186e-01 3.43871355e-01 7.64096379e-01
    2.60997862e-01 2.91063935e-01 7.86175966e-01 7.79034972e-01
    1.81766421e-01 4.13674325e-01 1.67411953e-01 4.58245933e-01
    8.09864938e-01 1.56663477e-01 2.70508945e-01 6.61079526e-01
    2.48996347e-01 6.17048681e-01 2.09412485e-01 4.13369954e-01
    8.90309453e-01 8.09324980e-02 1.67827129e-01 8.58922899e-01
    2.33726025e-01 4.19678271e-01 6.96921349e-02 1.12645566e-01
    8.10731530e-01 2.33320922e-01 1.03170276e-01 9.10448849e-01
    3.75750244e-01 3.10958326e-01 4.75943834e-01 6.72217607e-01
    4.29435670e-01 7.38220215e-02 6.31248355e-01 9.80649531e-01
    3.55922461e-01 8.34874332e-01 7.94867098e-01 4.52443093e-01
    1.71992481e-02 6.51988387e-01 8.47253025e-01 4.60693240e-02
    6.42474771e-01 9.44752574e-01 3.97068024e-01 4.89714801e-01
    3.68805379e-01 5.12492836e-01 7.11702287e-01 8.22507143e-01
    8.53283703e-02 1.20414376e-01 8.34873796e-01 3.65538895e-02
    6.26536965e-01 5.59724629e-01 5.32473087e-01 5.74243367e-01
    8.67638946e-01 4.85423923e-01 1.74249381e-01 4.91216004e-01
    6.02026284e-02 2.51640737e-01 5.79124749e-01 7.55115747e-01
    6.64507151e-01 6.75147951e-01 9.18068171e-01 2.82581121e-01
    8.40339482e-01 3.51216972e-01 5.55710077e-01 4.81621981e-01
    7.16100097e-01 4.98014510e-01 9.82122660e-01 6.01097405e-01
    6.18768692e-01 5.69567502e-01 8.05985093e-01 6.10387802e-01
    4.38987702e-01 6.54906631e-01 3.10373604e-02 5.10199845e-01
    2.35097528e-01 2.30860263e-01 6.69149995e-01 7.38598824e-01
    2.24866420e-01 8.80875230e-01 9.19520497e-01 9.82734799e-01
    2.50627041e-01 5.73852599e-01 3.86350363e-01 7.83199549e-01
    7.42390633e-01 7.90625095e-01 1.14020407e-01 8.87781203e-01
    2.78205335e-01 4.46818590e-01 1.60434157e-01 6.00330353e-01
    7.57047236e-01 6.59113348e-01 9.16552067e-01 4.58990067e-01
    3.97125602e-01 8.39662790e-01 9.79820609e-01 2.96790004e-01
    1.20568007e-01 2.97525227e-02 4.37695086e-01 9.22231197e-01
    3.46945316e-01 1.72078609e-02 8.15131128e-01 9.70869958e-01
    1.51103646e-01 6.93330169e-01 7.24407077e-01 3.08427215e-03
    4.32265341e-01 8.61725569e-01 2.40394473e-01 5.17894208e-01
    3.99135470e-01 5.91819763e-01 7.19436765e-01 4.37361360e-01
    3.69952023e-01 5.49614012e-01 2.03189254e-03 5.21203578e-01
    6.59304082e-01 7.78808534e-01 8.95333886e-01 2.40704387e-01
    6.69010699e-01 9.76211190e-01 8.96436512e-01 7.21645117e-01
    1.05076998e-01 9.00120139e-01 8.07909369e-01 6.72390759e-02
    6.31394982e-02 2.59694099e-01 1.68529063e-01 9.81102228e-01
    7.42817879e-01 8.61417651e-02 9.84976888e-01 3.18606257e-01
    7.80747771e-01 2.74067700e-01 7.67038941e-01 3.79904538e-01
    3.78761619e-01 4.19719070e-01 4.83955443e-01 5.55572271e-01
    8.15216064e-01 5.81307113e-02 6.59113109e-01 6.53484464e-02
    4.20720875e-02 6.62889898e-01 7.17482567e-01 9.22199309e-01
    1.17984653e-01 6.41622603e-01 2.16264963e-01 8.00383568e-01
    9.32078362e-02 8.46457839e-01 5.22713661e-02 4.68600512e-01
    9.12156463e-01 5.80776334e-01 3.14590722e-01 9.10442114e-01
    4.77604628e-01 3.11284959e-02 1.77764893e-02 9.94033873e-01
    4.07635570e-01 3.51141274e-01 1.32712364e-01 7.08245039e-02
    7.64471292e-02 2.09900558e-01 4.63638186e-01 2.33036548e-01
    3.82728726e-01 6.37174726e-01 2.96187878e-01 2.10385114e-01
    7.02428162e-01 2.57148027e-01 5.87871671e-03 3.82887095e-01
    9.06435847e-02 6.83932483e-01 3.82831663e-01 9.90352988e-01
    7.93147922e-01 5.69113016e-01 3.81560743e-01 1.10139936e-01
    4.21394259e-01 5.56054354e-01 5.03979087e-01 2.29257107e-01
    8.89138103e-01 2.41552293e-02 3.42765361e-01 3.17240536e-01
    3.30484807e-01 6.82318687e-01 1.96143448e-01 9.64117348e-02
    4.35815573e-01 4.08216417e-01 9.94103432e-01 9.52559114e-01
    5.36862254e-01 1.21298522e-01 6.67425513e-01 4.76574600e-01
    6.30555153e-01 4.48897004e-01 9.72476482e-01 8.84953797e-01
    9.34137404e-01 3.72535676e-01 6.89265966e-01 1.09636396e-01
    7.09429145e-01 3.80666852e-02 5.99804699e-01 3.74917924e-01
    1.84100032e-01 8.50018859e-03 1.34551823e-01 4.09866691e-01
    1.09042525e-01 3.11923027e-03 6.92454875e-01 2.59713590e-01
    3.21651846e-01 1.56376123e-01 1.56107515e-01 6.16963029e-01
    3.13003689e-01 5.17863929e-01 6.24989629e-01 1.78374052e-02
    6.21518850e-01 4.02921498e-01 1.62073761e-01 1.29413724e-01
    6.29949331e-01 8.16763043e-01 2.29956120e-01 3.43752116e-01
    3.74093890e-01 1.60537720e-01 9.55416203e-01 5.48122048e-01
    9.21272516e-01 4.31329995e-01 3.30972493e-01 2.74162889e-01
    2.72826016e-01 1.69807553e-01 4.21853006e-01 5.76746643e-01
    7.51623511e-03 5.99620342e-01 7.13108361e-01 1.52413785e-01
    8.92714620e-01 9.08924818e-01 5.86918354e-01 7.37583756e-01
    3.44374180e-01 6.34188533e-01 5.49678802e-01 5.57614386e-01
    4.05805618e-01 2.05200315e-01 4.28488791e-01 3.82437885e-01
    6.06657267e-01 4.43451941e-01 3.69693696e-01 5.89014232e-01
    2.02349186e-01 3.06804359e-01 3.94595563e-02 5.49056709e-01
    1.83441222e-01 5.81371307e-01 2.88224459e-01 5.99953294e-01
    5.60231030e-01 9.47843075e-01 7.18980551e-01 6.43139362e-01
    2.07623005e-01 6.88291073e-01 5.19238770e-01 9.11283255e-01
    3.97487968e-01 8.66531909e-01 8.87357593e-02 2.67416120e-01
    6.19783938e-01 5.47294378e-01 5.07329285e-01 8.94178867e-01
    5.21679282e-01 4.78640348e-01 5.56177199e-01 1.15589231e-01
    1.71571851e-01 1.94011629e-01 7.32296944e-01 1.99569285e-01
    7.30174065e-01 3.24119151e-01 8.23816478e-01 6.17570877e-02
    9.25982952e-01 8.66656244e-01 7.74078608e-01 4.07656133e-01
    3.81199121e-01 2.80000836e-01 6.83107615e-01 8.71815205e-01
    7.30785668e-01 5.58381319e-01 9.99720216e-01 8.72271776e-01
    6.96525872e-01 4.91451979e-01 8.34724188e-01 9.67120290e-01
    9.83631134e-01 4.12866086e-01 2.86442935e-02 5.49099445e-01
    2.50804484e-01 7.61196971e-01 8.59143376e-01 7.26172626e-01
    5.00861645e-01 6.12857521e-01 8.32567096e-01 3.79583716e-01
    9.20554519e-01 5.56571841e-01 2.07811475e-01 5.00965297e-01
    2.10037380e-01 5.26381373e-01 7.84271121e-01 8.95635843e-01
    9.43867326e-01 3.03785741e-01 1.13849521e-01 1.74391866e-02
    3.91885996e-01 8.76626015e-01 2.60207534e-01 2.51854181e-01
    8.38797450e-01 7.74935424e-01 3.97198141e-01 2.11410463e-01
    5.88203549e-01 8.25284958e-01 2.00005561e-01 8.32453132e-01
    8.62702370e-01 6.25586033e-01 8.89528096e-01 2.47516960e-01
    8.29744935e-01 2.46343344e-01 7.03201354e-01 3.46773088e-01
    1.08666599e-01 5.39677024e-01 5.92224240e-01 4.63744938e-01
    4.57285285e-01 4.77599442e-01 5.03636539e-01 3.78749192e-01
    9.13400888e-01 8.01086664e-01 1.23069197e-01 8.87771845e-01
    4.82712686e-02 8.59019160e-03 6.86998367e-02 1.01337165e-01
    4.81720954e-01 4.22865361e-01 5.38409591e-01 1.58018380e-01
    7.12107539e-01 5.49920082e-01 8.49899769e-01 3.01859856e-01
    6.29718661e-01 6.37647331e-01 6.42057538e-01 5.83809435e-01
    3.18257093e-01 4.97877926e-01 7.55973399e-01 3.76918018e-01
    2.56783664e-02 4.17910695e-01 1.14393860e-01 9.86117482e-01
    8.47078204e-01 4.49545741e-01 5.38853467e-01 9.45324183e-01
    4.32530344e-01 7.77857542e-01 3.17885697e-01 8.87117028e-01
    7.44866312e-01 4.25341427e-02 5.76878786e-02 7.24413812e-01
    9.09806788e-01 1.41546607e-01 7.71633506e-01 5.72710574e-01
    4.77599710e-01 3.05829704e-01 8.02410901e-01 3.91065687e-01
    4.87283736e-01 7.57478714e-01 5.66955209e-02 4.05351937e-01
    7.10857153e-01 2.62909710e-01 5.05176544e-01 4.76166934e-01
    3.42446923e-01 4.10557032e-01 4.24129367e-02 6.24483526e-01
    2.95766324e-01 8.01311135e-01 6.71330214e-01 6.45811677e-01
    4.06271160e-01 6.33941889e-01 7.20862567e-01 1.35111243e-01
    1.46477163e-01 8.47975969e-01 7.28221714e-01 6.52891457e-01
    7.88274407e-01 6.73737586e-01 2.07374543e-01 3.66017342e-01
    5.45357466e-01 4.84611124e-01 3.32128704e-02 5.27975202e-01
    6.01882815e-01 6.25415325e-01 6.66820407e-02 1.96788490e-01
    5.64886808e-01 8.01100969e-01 8.78341794e-02 6.58703327e-01
    1.71400070e-01 7.29489923e-01 4.96309608e-01 4.15145546e-01
    2.28276551e-01 2.41716743e-01 1.94820672e-01 2.73317397e-01
    2.25742280e-01 2.83482552e-01 5.50807595e-01 9.03464794e-01
    1.65520042e-01 1.88497901e-01 1.79779589e-01 1.49466813e-01
    3.81647825e-01 9.70200539e-01 9.05648291e-01 2.04065770e-01
    8.75130773e-01 6.90844417e-01 7.34294474e-01 3.03861976e-01
    2.01027215e-01 6.52963519e-02 6.17080450e-01 3.83443534e-02
    5.53360522e-01 2.01456308e-01 4.83615786e-01 4.88150656e-01
    9.54624116e-01 6.84345245e-01 4.59744394e-01 6.45083666e-01
    8.32237005e-01 2.07485497e-01 4.35693681e-01 8.91225576e-01
    6.39496207e-01 2.61238873e-01 2.39118665e-01 7.39979506e-01
    3.31965208e-01 5.24357677e-01 2.48978198e-01 2.81893611e-02
    1.19975537e-01 8.48467350e-01 7.63235688e-02 1.92371160e-01
    7.20940053e-01 6.24986947e-01 5.88015676e-01 1.71163678e-01
    6.28696442e-01 7.49957204e-01 6.18982077e-01 6.53170109e-01
    6.31239414e-01 1.57442570e-01 2.69979537e-02 7.49730706e-01
    7.73907602e-01 9.11616564e-01 7.64887333e-01 3.76033694e-01
    4.75528121e-01 1.48932189e-01 3.51737201e-01 7.07504392e-01
    9.97968018e-02 1.24909014e-01 7.56996572e-01 3.80314589e-02
    5.53658962e-01 2.33099282e-01 2.84894228e-01 2.59255171e-01
    6.56536281e-01 4.47474420e-02 3.79425317e-01 6.61870003e-01
    2.16145992e-01 4.18140829e-01 2.68913835e-01 5.76278865e-02
    4.86609489e-01 4.95810509e-01 3.15013617e-01 5.85284173e-01
    1.20723009e-01 5.37999868e-01 6.75738692e-01 3.83584619e-01
    1.54302448e-01 3.99446309e-01 3.18776011e-01 2.68757701e-01
    2.08649307e-01 5.89557648e-01 6.43022776e-01 8.54982674e-01
    3.98839146e-01 2.54774541e-01 1.08006448e-01 9.17961478e-01
    8.48160744e-01 8.96317482e-01 8.88760448e-01 5.79290986e-02
    4.79845226e-01 5.29706538e-01 5.79167724e-01 3.66912574e-01
    6.25648618e-01 8.77996087e-02 7.24934101e-01 9.21366215e-01
    2.01188028e-01 7.95151472e-01 1.90855145e-01 8.29283476e-01
    2.96986282e-01 8.53218496e-01 4.51493114e-01 7.45832860e-01
    9.05368090e-01 3.62279296e-01 4.70123976e-01 3.86716664e-01
    3.70550096e-01 9.70736980e-01 9.76856411e-01 9.05792892e-01
    4.14307684e-01 9.20551181e-01 5.10383129e-01 8.43667507e-01
    5.99413216e-01 2.48763055e-01 5.23596227e-01 6.52795076e-01
    2.95828581e-02 2.66731977e-01 7.64600277e-01 7.70353496e-01
    1.92023128e-01 8.07938278e-02 8.30741525e-01 5.25563657e-01
    9.93036330e-02 7.79795408e-01 5.20418406e-01 8.64709377e-01
    1.90893143e-01 8.35749269e-01 8.68079305e-01 8.26510787e-01
    4.97150004e-01 6.77350044e-01 4.57349300e-01 4.61055636e-01
    8.22394490e-01 5.04156768e-01 9.60661530e-01 7.60306835e-01
    7.52370119e-01 5.92339456e-01 7.97527730e-02 1.25969231e-01
    2.51821846e-01 4.73778456e-01 5.26805818e-01 8.69592428e-01
    1.96978986e-01 8.11421454e-01 3.13636720e-01 7.89320946e-01
    5.18203735e-01 4.97758836e-01 3.86556625e-01 3.04133177e-01
    4.98034298e-01 9.40897465e-01 1.09895855e-01 9.29272175e-01
    4.11343664e-01 8.61197472e-01 8.08842301e-01 6.59549713e-01
    3.18674594e-01 7.03883767e-02 1.07281387e-01 2.04793513e-01
    3.25959027e-01 6.87937200e-01 5.68812191e-02 6.91290617e-01
    5.11600554e-01 2.56279320e-01 1.00665092e-02 9.54217732e-01
    3.21289033e-01 2.18132138e-02 4.42872137e-01 7.72345781e-01
    1.66212410e-01 6.03362143e-01 7.94910252e-01 2.81289876e-01
    3.97615880e-01 2.82095283e-01 7.44843006e-01 3.66365314e-02
    1.16731137e-01 9.79542494e-01 7.27891803e-01 8.91306221e-01
    9.59976435e-01 1.35971934e-01 3.40487301e-01 6.34760618e-01
    3.93489063e-01 8.70715916e-01 6.60902679e-01 7.63801455e-01
    8.75301361e-01 2.17496306e-01 4.76339519e-01 6.40932322e-01
    4.41659689e-01 1.40923887e-01 2.83750296e-01 1.34692669e-01
    3.72304559e-01 1.57549411e-01 2.15032697e-03 4.04624701e-01
    5.50663769e-02 7.33556390e-01 6.81882441e-01 1.81225628e-01
    5.88961959e-01 8.70033145e-01 7.75827527e-01 5.44999540e-01
    3.15681607e-01 1.77110225e-01 3.48961949e-01 8.79536271e-01
    2.36242265e-01 5.70381582e-02 8.64707291e-01 5.00666320e-01
    3.72666478e-01 2.12725043e-01 1.59500569e-01 8.62192154e-01
    5.35735488e-01 4.55459148e-01 4.60078508e-01 6.99387789e-02
    7.56187141e-02 1.74915195e-01 8.73579144e-01 7.60056674e-02
    3.45093846e-01 7.26420283e-01 8.88522685e-01 5.03133833e-01
    8.39354396e-02 1.64861351e-01 7.77526498e-01 8.34732413e-01
    8.06357682e-01 5.86936355e-01 8.38113666e-01 2.16979831e-01
    3.67205262e-01 5.33627093e-01 9.91419673e-01 5.93994439e-01
    2.19537497e-01 5.60755730e-01 7.58936286e-01 9.97216046e-01
    3.51800740e-01 3.55194807e-01 4.65645373e-01 8.66178393e-01
    7.96146393e-01 4.35847342e-01 5.47404170e-01 5.95668077e-01
    1.09119654e-01 6.44017994e-01 8.05302501e-01 5.02184093e-01
    1.49561375e-01 6.46581650e-02 6.40493751e-01 2.55284727e-01
    8.07231426e-01 4.55591083e-01 2.51187325e-01 6.42873824e-01
    6.95514381e-02 4.94166017e-01 5.48130870e-01 8.81269872e-01
    5.07713258e-02 4.23854738e-01 7.82233000e-01 8.27939630e-01
    3.09658468e-01 8.34363699e-02 2.35772967e-01 7.66677499e-01
    3.49443704e-01 1.73298538e-01 4.69410241e-01 4.51440513e-02
    8.21308613e-01 6.29246354e-01 4.20438260e-01 1.16396993e-01
    2.47998506e-01 7.84043789e-01 2.01112330e-01 9.60082471e-01
    1.69896871e-01 9.11023974e-01 3.71466428e-01 7.29282677e-01
    6.81008637e-01 8.03752720e-01 8.68164182e-01 1.78985834e-01
    5.46068370e-01 7.00322270e-01 5.85978925e-02 4.27505195e-01
    2.01222122e-01 4.89373326e-01 6.82325363e-01 1.08920276e-01
    5.19054174e-01 9.42537487e-02 1.20299339e-01 2.99054921e-01
    8.49827111e-01 1.64900959e-01 9.02310908e-01 8.28047633e-01
    9.88772154e-01 4.58616257e-01 2.49219775e-01 7.81247377e-01
    3.90682101e-01 9.78532434e-02 3.94146144e-02 9.84731674e-01
    7.44923234e-01 9.03431177e-01 9.15200353e-01 2.01648235e-01
    4.54264164e-01 2.09640980e-01 6.01902425e-01 8.39320540e-01
    4.91913915e-01 9.39961672e-01 7.12670326e-01 4.35201228e-01
    8.21631193e-01 8.03306043e-01 3.62063527e-01 8.87089849e-01
    3.36754918e-01 2.24362850e-01 9.64037180e-01 3.82261515e-01
    6.74204648e-01 2.88434088e-01 3.92838866e-01 7.77030408e-01
    1.77103639e-01 3.15527737e-01 9.30295229e-01 1.65937781e-01
    1.60244823e-01 7.49546945e-01 3.53976279e-01 2.40045428e-01
    3.53667140e-01 5.11197567e-01 3.88514698e-01 8.13203156e-01
    6.64090633e-01 9.47154880e-01 8.52960110e-01 5.90641975e-01
    8.79731059e-01 4.89547700e-01 9.50878024e-01 1.69154167e-01
    3.18925083e-01 2.14611441e-01 4.02875453e-01 9.15275753e-01
    6.67994738e-01 5.68435609e-01 1.07958108e-01 5.06012619e-01
    7.27037370e-01 5.00118732e-01 6.16811752e-01 6.17533803e-01
    7.96633184e-01 9.27577853e-01 5.36049664e-01 2.83251375e-01
    2.72926539e-01 1.88355356e-01 7.12029994e-01 5.67744255e-01
    1.51042342e-01 7.61835694e-01 2.77580768e-01 4.92553383e-01
    2.20124424e-01 2.63759255e-01 3.22580516e-01 6.98265076e-01
    4.61656719e-01 2.39607692e-01 6.51535392e-01 7.83997893e-01
    6.37116253e-01 9.05297041e-01 6.83769226e-01 6.16080165e-01
    3.28874648e-01 9.90523756e-01 6.75478876e-01 3.89222622e-01
    1.89549923e-02 5.62047958e-01 5.21634579e-01 3.88937950e-01
    6.41561866e-01 1.68029070e-02 8.11452329e-01 2.77158171e-01
    3.84850889e-01 4.98023897e-01 5.07940590e-01 2.26374775e-01
    9.11869287e-01 6.81308568e-01 9.31003273e-01 3.37513626e-01
    9.68659520e-01 6.50788069e-01 1.72349811e-02 1.01807326e-01
    1.76394165e-01 3.87889415e-01 7.75325775e-01 9.78442371e-01
    4.72428024e-01 3.43921185e-02 1.05867982e-01 2.88029939e-01
    1.68887347e-01 5.12777746e-01 6.15334690e-01 6.49215281e-02
    9.24729049e-01 6.19459748e-02 5.64849734e-01 5.37292361e-02
    4.56236064e-01 2.19239146e-01 6.87902570e-02 2.56787121e-01
    5.96933126e-01 8.26144218e-02 8.30552995e-01 9.89427626e-01
    3.14964414e-01 3.62557858e-01 6.52778268e-01 7.50667572e-01
    2.60535896e-01 3.95444781e-01 7.67220378e-01 6.64036214e-01
    3.56709301e-01 5.84298551e-01 4.32324797e-01 4.40239906e-01
    1.08135104e-01 7.96727896e-01 5.44117808e-01 4.56454605e-01
    5.68668604e-01 1.86316520e-01 7.28174984e-01 2.22086132e-01
    3.63396168e-01 8.53348732e-01 7.15775430e-01 2.15184689e-03
    5.32417893e-01 5.66320896e-01 2.00560182e-01 8.18754315e-01
    9.14732575e-01 3.46398503e-01 5.12259543e-01 9.89431143e-01
    1.29142433e-01 6.11665964e-01 3.87910753e-01 8.39994192e-01
    1.07402921e-01 9.98648405e-01 5.83832264e-01 6.44826293e-01
    6.73192024e-01 1.65672898e-02 6.36402130e-01 3.65080059e-01
    4.32529926e-01 3.91769469e-01 9.06606317e-01 5.82808256e-01
    9.08774137e-03 1.04775429e-01 5.74281514e-01 8.27219665e-01
    6.78623080e-01 1.84856415e-01 1.36148065e-01 2.31900156e-01
    2.30206728e-01 3.14869732e-01 3.35454464e-01 3.93368781e-01
    8.82701278e-01 4.05167729e-01 9.56258297e-01 7.98227608e-01
    5.29510677e-02 4.37968761e-01 3.35733354e-01 9.66196179e-01
    6.88914359e-01 3.37504566e-01 3.09258610e-01 5.20322561e-01
    9.54136968e-01 4.01544452e-01 6.43126905e-01 6.34886563e-01
    7.85408974e-01 9.96981442e-01 2.87513971e-01 6.59205616e-02
    5.90538859e-01 5.48622072e-01 3.93730789e-01 1.59770072e-01
    4.01874304e-01 5.40654063e-01 8.25798512e-01 9.23219025e-02
    1.70729429e-01 1.61467105e-01 3.85895491e-01 6.33253336e-01
    9.72854972e-01 1.76904798e-01 1.91759318e-01 2.43678331e-01
    6.87431753e-01 7.11606085e-01 8.10639262e-01 4.93376315e-01
    5.97833693e-01 4.99275297e-01 6.04029596e-01 4.02618349e-01
    1.29751980e-01 4.46687281e-01 4.80166852e-01 5.28847575e-01
    2.51460373e-01 8.09897304e-01 5.29439092e-01 3.47312331e-01
    5.68721175e-01 7.06982732e-01 7.56070733e-01 5.51867664e-01
    8.05420995e-01 7.75967360e-01 5.74276149e-02 9.64388251e-01
    8.28283072e-01 3.65805924e-01 2.84988821e-01 6.44792318e-02
    5.84846318e-01 6.07632697e-01 1.48576200e-01 2.35221773e-01
    7.07908154e-01 8.03266048e-01 8.36306930e-01 5.62768281e-01
    4.37218428e-01 6.40934706e-03 1.32593006e-01 7.27226138e-01
    9.11262333e-01 5.35748482e-01 4.55317944e-01 4.59967196e-01
    1.54055715e-01 8.16254139e-01 4.73006994e-01 8.38543773e-01
    9.42396283e-01 2.93952942e-01 6.89578950e-02 2.34348863e-01
    5.77770412e-01 7.20875382e-01 6.77098572e-01 3.63393724e-01
    2.32959062e-01 8.22355270e-01 2.97666430e-01 9.65944469e-01
    8.68153274e-01 2.03582615e-01 8.73618424e-02 2.06270248e-01
    6.90732241e-01 6.08617902e-01 5.21400690e-01 8.65832329e-01
    9.20665562e-01 7.99336493e-01 5.83025634e-01 7.07062721e-01
    2.32160747e-01 4.03592885e-01 6.55431449e-01 6.38959169e-01
    8.13019097e-01 8.78188491e-01 9.92162049e-01 6.68281794e-01
    3.84394884e-01 6.34739518e-01 9.07043636e-01 2.79402912e-01
    7.68436968e-01 3.83518666e-01 9.37523425e-01 1.62313968e-01
    4.64221597e-01 2.59107292e-01 3.13203812e-01 7.75728464e-01
    6.04038656e-01 8.54416251e-01 4.89502013e-01 5.00516713e-01
    3.72283578e-01 9.31388140e-01 3.64864409e-01 3.08442235e-01
    8.00807834e-01 5.44562340e-01 2.15372890e-01 9.26536441e-01
    7.28910029e-01 1.61402673e-01 9.94327068e-01 6.37539923e-01
    4.16463554e-01 9.85621810e-01 6.97047412e-01 8.72278273e-01
    3.57670456e-01 6.92865968e-01 2.88125873e-02 8.26525688e-02
    5.65118313e-01 8.16743910e-01 4.38957155e-01 9.26517904e-01
    9.70861852e-01 7.65203059e-01 4.82850999e-01 3.18332642e-01
    8.73206556e-01 4.03482437e-01 1.91849321e-01 1.95479512e-01
    3.06146860e-01 3.69973272e-01 1.78068191e-01 2.10785806e-01
    5.65844536e-01 2.45097131e-01 4.62094516e-01 3.06183100e-03
    4.09536302e-01 5.97387552e-01 4.55524653e-01 8.49700928e-01
    6.83344901e-01 6.80048943e-01 4.36375022e-01 2.68272668e-01
    3.46426547e-01 9.58885908e-01 5.15976667e-01 6.99330449e-01
    1.82937086e-01 5.14573276e-01 2.67644465e-01 2.45293409e-01
    8.67853403e-01 6.52088284e-01 2.67733127e-01 4.46765423e-01
    9.53538537e-01 3.47407460e-01 2.46348590e-01 1.13552332e-01
    5.25179088e-01 7.34792233e-01 6.80306315e-01 7.62968183e-01
    4.65535343e-01 7.87155926e-01 7.63577282e-01 1.77409232e-01
    1.04918569e-01 3.60831976e-01 9.85396743e-01 3.77909899e-01
    4.02137160e-01 6.92092240e-01 3.39833021e-01 1.82040215e-01
    3.31569761e-01 8.85440588e-01 1.71958387e-01 5.37624180e-01
    1.00874007e-02 6.16903484e-01 9.97744501e-01 4.19133514e-01
    8.85551333e-01 4.26025271e-01 3.90671194e-02 2.81488299e-01
    3.11068594e-02 4.02573943e-01 1.97991908e-01 7.63664305e-01
    5.64247072e-01 4.13699895e-01 7.00942755e-01 1.64824903e-01
    3.90707076e-01 5.19123673e-01 8.32635522e-01 1.45513296e-01
    5.94649971e-01 9.24730241e-01 6.49531126e-01 3.58642697e-01
    1.64806426e-01 3.30180466e-01 8.31823647e-02 5.72970510e-01
    1.94634259e-01 5.72586060e-02 1.96314663e-01 4.03770447e-01
    8.70468080e-01 8.96003842e-03 8.31521988e-01 2.32606471e-01
    2.05068588e-01 1.13457143e-01 6.95289016e-01 2.80336559e-01
    1.06514812e-01 2.32791334e-01 9.35347319e-01 5.73174059e-01
    6.50514841e-01 1.30707651e-01 6.60633922e-01 2.91914523e-01
    1.53914988e-02 1.59850895e-01 6.35912359e-01 2.15269029e-02
    7.09287882e-01 6.69543445e-02 1.26962721e-01 7.13331163e-01
    2.07811147e-01 8.36908281e-01 4.39917356e-01 3.73544931e-01
    4.45319802e-01 8.88894677e-01 7.47790575e-01 1.57567799e-01
    9.64377224e-01 2.97497451e-01 2.64049947e-01 8.45231473e-01
    7.78715193e-01 9.31909800e-01 8.60888898e-01 3.71218204e-01
    7.10145354e-01 3.58915210e-01 2.71486908e-01 4.95586574e-01
    7.63699293e-01 7.74321437e-01 3.79552931e-01 3.99398983e-01
    2.11407274e-01 7.07533360e-01 1.14694118e-01 2.45211512e-01
    7.54577160e-01 1.94878906e-01 6.18797660e-01 4.47759241e-01
    7.95940757e-01 6.09265566e-01 5.80838919e-01 9.22602415e-02
    1.18961096e-01 3.42966616e-01 7.50839472e-01 8.11234057e-01
    4.76003885e-02 6.23665094e-01 5.54130495e-01 8.44144464e-01
    7.59452820e-01 8.37634325e-01 4.72902268e-01 9.37814236e-01
    2.25443631e-01 6.66567206e-01 5.45903027e-01 1.62209034e-01
    6.61110103e-01 2.58175552e-01 1.53274983e-01 1.54276639e-01
    4.78636086e-01 2.82830238e-01 5.53719282e-01 6.49695158e-01
    9.58834589e-01 9.28352714e-01 4.30918038e-02 7.12792575e-02
    3.03964615e-02 3.30920935e-01 7.24720359e-02 8.94231915e-01
    1.30625129e-01 9.07533765e-01 8.75806212e-01 2.58491039e-02
    1.33830518e-01 3.38020116e-01 9.76961851e-02 1.54917389e-01
    8.45015883e-01 2.64949501e-02 2.71181464e-01 3.81481618e-01
    8.21474433e-01 7.93082356e-01 7.08778560e-01 9.19425189e-02
    3.24188679e-01 1.56568736e-01 2.01348662e-02 3.13351184e-01
    5.21030426e-02 9.26525116e-01 8.28468800e-01 3.80303591e-01
    8.19133282e-01 3.95697504e-01 1.84241265e-01 3.63888621e-01
    2.25384623e-01 8.29691172e-01 5.50087571e-01 9.71465111e-01
    5.92399180e-01 3.31155628e-01 7.72653878e-01 9.00337577e-01
    7.19522417e-01 7.89806426e-01 2.94193089e-01 3.70651424e-01
    4.75011349e-01 4.37603414e-01 6.56696081e-01 5.02186656e-01
    3.77920121e-01 7.60537446e-01 1.09656453e-01 9.15916681e-01
    1.82684332e-01 9.66385603e-01 4.30418193e-01 3.27614844e-02
    4.22244579e-01 9.64880347e-01 9.24128294e-01 8.73962641e-01
    3.77407551e-01 3.56288195e-01 8.25849891e-01 2.56835938e-01
    8.47656846e-01 2.45091110e-01 3.32259148e-01 5.63924074e-01
    2.23379433e-01 2.52150357e-01 4.85272169e-01 5.39216995e-01
    6.07561171e-02 1.34814680e-02 3.95399332e-02 6.43770218e-01
    7.73757100e-01 3.31108809e-01 7.86593914e-01 9.34377134e-01
    2.04893917e-01 9.74975526e-01 5.87412000e-01 9.49153066e-01
    8.52218390e-01 3.65430117e-01 2.49736011e-01 9.83512163e-01
    2.23145097e-01 7.14915156e-01 7.67117977e-01 1.17915273e-02
    5.64605772e-01 7.73953557e-01 3.37373495e-01 2.42180586e-01
    2.53308952e-01 3.25701594e-01 6.02347553e-01 8.85392785e-01
    6.66978359e-01 7.80822039e-02 9.36686873e-01 9.51560438e-02
    7.14228451e-02 5.91530323e-01 4.26276624e-01 9.63989973e-01
    2.61612356e-01 1.36684388e-01 2.86767840e-01 1.38004035e-01
    5.87272584e-01 8.07146966e-01 9.49567676e-01 4.94956493e-01
    2.31410891e-01 5.38079441e-01 5.77966809e-01 2.97730744e-01
    8.32814097e-01 2.73449957e-01 1.56470180e-01 6.76584482e-01
    8.00623655e-01 2.27505505e-01 2.92847812e-01 5.33374012e-01
    5.91298938e-01 3.53506207e-03 1.21911764e-01 9.65718389e-01
    2.28588521e-01 8.30190182e-01 9.56213057e-01 7.58727551e-01
    9.64610577e-01 1.91993713e-01 7.67852962e-02 4.45951015e-01
    1.93291008e-01 3.03580105e-01 4.50361729e-01 4.20972824e-01
    1.33826613e-01 1.39659613e-01 3.37794244e-01 6.52915478e-01
    7.74519384e-01 8.41429591e-01 9.35524702e-04 4.77562249e-01
    2.83062339e-01 5.11097491e-01 4.09613073e-01 4.91763055e-01
    3.51240754e-01 3.44513953e-01 8.89851570e-01 2.08961248e-01
    9.29990411e-02 8.21900487e-01 2.15276390e-01 6.54810965e-01
    5.54869115e-01 2.54317760e-01 1.33665144e-01 2.74760097e-01
    7.46136963e-01 6.18176818e-01 9.00716782e-01 2.55809367e-01
    8.73498380e-01 3.13271135e-01 4.06720340e-01 3.23062181e-01
    9.12989616e-01 4.58523244e-01 3.33272755e-01 9.01001811e-01
    7.84218848e-01 2.31823236e-01 2.29509771e-02 8.53692770e-01
    5.33225238e-01 5.68074167e-01 1.48946643e-02 2.41903543e-01
    2.24794716e-01 4.07980144e-01 4.04568315e-02 5.53158522e-02
    7.92235792e-01 7.97373652e-02 7.08940387e-01 6.89705014e-02
    6.71441078e-01 6.92865014e-01 1.29139572e-01 3.15907598e-01
    2.35629976e-01 1.38541162e-01 4.04797494e-02 8.83262455e-02
    2.67511964e-01 7.38557458e-01 1.79909229e-01 4.36985642e-01
    9.48395371e-01 1.50013983e-01 8.37749243e-01 5.23141026e-02
    7.50654042e-01 7.17529595e-01 7.03406036e-01 6.53849542e-01
    1.07021332e-02 6.75972939e-01 4.92846668e-02 4.01143104e-01
    4.55735177e-01 1.69857025e-01 5.05689204e-01 6.78645670e-02
    1.65533423e-01 8.73158574e-02 5.06256819e-02 9.34704781e-01
    9.39105392e-01 9.83867943e-01 6.67323828e-01 2.91959196e-01
    9.34911728e-01 1.88680410e-01 1.21893257e-01 7.20160365e-01
    3.95154238e-01 4.75166023e-01 5.43345153e-01 7.73897052e-01
    7.06376433e-01 9.83538985e-01 3.31789970e-01 6.51862621e-01
    4.05681849e-01 5.09611368e-01 5.37652612e-01 5.06985426e-01
    7.24324405e-01 5.45708418e-01 4.25276995e-01 7.62630701e-01
    3.71762514e-01 5.61716914e-01 5.74259758e-01 3.22477102e-01
    7.16358125e-02 5.95359981e-01 7.77020991e-01 8.26612473e-01
    7.64359415e-01 6.81713223e-01 4.41625863e-01 3.30205142e-01
    2.86037534e-01 2.40985125e-01 8.42409134e-02 7.34688818e-01
    2.02527106e-01 7.60871053e-01 5.73926568e-01 7.34278858e-01
    5.90528667e-01 4.90894437e-01 7.54211068e-01 9.16632652e-01
    3.52344215e-02 7.16946304e-01 3.72747183e-01 5.29501379e-01
    2.17683733e-01 3.41151088e-01 2.86499143e-01 9.19776201e-01
    9.08882856e-01 3.00599933e-01 6.28772795e-01 3.29312742e-01
    2.18001306e-02 9.80231643e-01 5.34634948e-01 3.07304114e-01
    1.32308602e-01 6.30475044e-01 9.71256137e-01 8.39886069e-01
    1.85899287e-01 6.33949280e-01 5.10336578e-01 6.12896562e-01
    5.72105169e-01 3.98692787e-01 8.94952714e-01 2.82920063e-01
    5.51686764e-01 8.35911393e-01 3.99959266e-01 4.72402960e-01
    5.38571239e-01 8.01572442e-01 6.48548543e-01 9.57207620e-01
    4.22547698e-01 4.51399118e-01 1.87615275e-01 8.31146240e-01
    1.42086953e-01 4.78639156e-01 5.42838871e-02 7.33861804e-01
    2.91846067e-01 4.99450833e-01 1.72826231e-01 4.41708893e-01
    4.17335838e-01 3.08697224e-01 2.57817328e-01 1.92883492e-01
    5.48817933e-01 3.62819880e-01 3.21366340e-01 9.25076365e-01
    3.20749283e-01 2.90640175e-01 3.74144137e-01 8.39352846e-01
    4.68269646e-01 9.17407811e-01 9.83671784e-01 1.98959678e-01
    5.93477249e-01 9.24889743e-01 5.69187701e-02 9.10860598e-01
    2.11300373e-01 2.74077982e-01 5.93581915e-01 6.68251395e-01
    5.31644881e-01 1.47245347e-01 3.21947038e-02 3.09298068e-01
    7.13451147e-01 8.15425277e-01 5.12632370e-01 8.77535760e-01
    1.80890888e-01 1.39019847e-01 1.09205276e-01 2.19510794e-01
    8.59458923e-01 3.88981551e-01 3.04168284e-01 7.32719362e-01
    9.30703461e-01 8.64695311e-02 8.69348586e-01 6.23265803e-02
    6.53223336e-01 5.06171584e-01 1.30371392e-01 8.07991266e-01
    6.18868887e-01 8.69673848e-01 5.77206969e-01 6.04748964e-01
    3.39337647e-01 1.33340418e-01 1.04525238e-01 5.85573375e-01
    5.39502621e-01 4.09808308e-01 6.09272420e-01 1.04261994e-01
    8.32870483e-01 3.49752963e-01 1.17550701e-01 6.47768378e-02
    7.68004060e-02 2.43195176e-01 4.60483432e-01 4.25353616e-01
    6.40388548e-01 9.50360298e-01 2.92258620e-01 5.05830824e-01
    7.39557087e-01 8.10866237e-01 8.54433894e-01 5.02622068e-01
    1.91163123e-02 3.60612363e-01 2.49862373e-02 3.04080129e-01
    2.34570950e-01 3.21978688e-01 8.42208385e-01 4.08532530e-01
    4.68943566e-01 5.90942025e-01 3.10797691e-01 8.10522974e-01
    7.53535748e-01 6.81286335e-01 3.61582220e-01 1.48687422e-01
    6.32477283e-01 6.23342872e-01 8.14450085e-01 6.96183443e-01
    1.56162381e-01 5.45319498e-01 6.47596061e-01 1.43095255e-02
    2.80240059e-01 7.85696626e-01 1.06109679e-01 2.66032338e-01
    5.12950242e-01 5.48183799e-01 7.06786990e-01 8.41705203e-01
    9.87091601e-01 1.60326600e-01 7.74829388e-02 3.56823206e-01
    9.47671413e-01 3.60199958e-01 1.98741555e-02 3.03661466e-01
    5.98089457e-01 9.98859286e-01 8.97654653e-01 6.81571603e-01
    8.11250031e-01 6.09770596e-01 9.48242664e-01 7.73282170e-01
    1.64232492e-01 1.49700105e-01 7.36674964e-01 4.10924941e-01
    1.29749805e-01 3.26312661e-01 4.84387875e-02 8.46780241e-02
    6.61152780e-01 7.10410476e-01 7.47368217e-01 5.16263962e-01
    1.88410401e-01 3.69590163e-01 1.61021471e-01 6.63032591e-01
    2.63336778e-01 5.15428662e-01 9.97023940e-01 9.04500127e-01
    5.24097502e-01 7.66235471e-01 4.86131072e-01 3.58407319e-01
    2.15011060e-01 6.29121065e-01 6.20307922e-02 4.08080846e-01
    3.93576801e-01 8.51530075e-01 6.37946427e-01 8.26068044e-01
    4.00747448e-01 3.35352659e-01 5.18883765e-02 4.41504896e-01
    2.64404297e-01 5.89708686e-02 8.78056288e-01 5.62333047e-01
    3.14158827e-01 8.07538033e-01 3.72989357e-01 1.20851964e-01
    2.38125622e-01 7.45366514e-01 6.47182822e-01 8.92839730e-01
    6.53953791e-01 3.77951860e-01 8.79819989e-01 1.66153342e-01
    5.74658275e-01 9.68782902e-01 1.16864175e-01 9.93322849e-01
    9.76163030e-01 3.85038167e-01 2.40177333e-01 9.68849301e-01
    8.40431094e-01 2.51089662e-01 1.93523765e-01 4.09596860e-02
    7.06085265e-01 2.95239031e-01 2.91026771e-01 5.60150623e-01
    4.75754917e-01 7.96144843e-01 4.21412587e-02 6.87504053e-01
    8.87939692e-01 2.49549240e-01 2.28364378e-01 7.45356023e-01
    1.52762800e-01 4.42422211e-01 3.99000823e-01 1.20452613e-01
    4.00924474e-01 8.55490148e-01 6.67766213e-01 1.60066098e-01
    1.24462634e-01 8.33624244e-01 4.57941473e-01 1.75595611e-01
    1.11258268e-01 7.57094383e-01 3.71487200e-01 8.41398001e-01
    9.59524095e-01 5.28962195e-01 6.17053270e-01 1.23191297e-01
    5.32404840e-01 2.17948467e-01 9.89907622e-01 5.02007008e-01
    1.78078562e-01 7.55863845e-01 9.99158025e-01 1.72547579e-01
    6.77898169e-01 2.40980208e-01 6.14201725e-01 6.92222774e-01
    1.93360060e-01 9.06887054e-01 6.93967998e-01 1.36608243e-01
    8.65226984e-02 9.93213415e-01 9.77531672e-02 6.22416258e-01
    2.07472563e-01 2.59019017e-01 3.90889913e-01 1.07748449e-01
    2.92526662e-01 6.55464411e-01 8.52482438e-01 6.54906332e-02
    9.82748628e-01 3.81619215e-01 8.66631091e-01 2.74456739e-02
    4.72892523e-01 5.46949446e-01 7.16541469e-01 4.67810929e-01
    2.31163770e-01 1.21927321e-01 7.80399442e-01 3.47792804e-01
    7.83993244e-01 6.03421867e-01 1.32101208e-01 3.46530795e-01
    7.99079001e-01 7.95446873e-01 5.41466057e-01 6.63685262e-01
    7.25610971e-01 4.60833669e-01 8.80507231e-01 4.68234986e-01
    3.38421673e-01 7.78893352e-01 7.74621606e-01 2.46722877e-01
    2.42083132e-01 2.97915041e-02 3.07481527e-01 9.38447416e-02
    5.47027946e-01 4.90329564e-02 4.39214706e-03 8.81599784e-01
    1.36470795e-02 4.73481715e-01 7.44597912e-01 8.88909578e-01
    1.82177424e-01 6.09724224e-01 1.23512089e-01 9.84479487e-01
    8.79422784e-01 7.55413175e-02 9.58308995e-01 1.10789686e-01
    9.70999122e-01 7.55508184e-01 2.78950870e-01 9.36841011e-01
    4.14687574e-01 3.64406705e-01 5.38417101e-02 2.49504030e-01
    6.33967817e-02 8.88161778e-01 6.41065598e-01 1.85829401e-03
    9.14663672e-01 9.89120960e-01 4.39362139e-01 9.30142224e-01
    5.34663498e-01 7.45053947e-01 2.84322083e-01 2.96460658e-01
    2.46328503e-01 5.00811398e-01 6.59488082e-01 1.77465677e-01
    9.41462040e-01 1.13274455e-01 5.90341628e-01 2.69708931e-01
    9.37744975e-01 5.16734123e-01 6.04797542e-01 5.34321070e-01
    4.21552211e-01 5.14894605e-01 3.25748622e-02 1.92448139e-01
    4.28711563e-01 7.31731653e-01 2.11993754e-02 6.99444652e-01
    1.16261691e-01 6.22741282e-02 7.27076054e-01 6.44309759e-01
    5.79597473e-01 5.24147570e-01 3.78777772e-01 9.64035630e-01
    6.66972935e-01 8.63886118e-01 2.65142113e-01 5.07200480e-01
    5.79860985e-01 7.84875453e-01 8.69825482e-01 5.53036273e-01
    6.43065631e-01 9.40389812e-01 9.78418469e-01 7.03624249e-01
    6.28877938e-01 5.24907649e-01 7.30341315e-01 5.71889997e-01
    7.83791304e-01 2.33928412e-01 4.23262984e-01 5.25759935e-01
    2.47679353e-01 4.64401841e-02 8.09903502e-01 5.94347954e-01
    1.04715645e-01 7.32136130e-01 4.95398670e-01 6.04124486e-01
    1.05921924e-02 4.35282290e-02 2.04771101e-01 5.88628292e-01
    8.32551241e-01 7.38829672e-02 1.35665357e-01 1.65999830e-02
    1.67403907e-01 9.48685765e-01 7.69088328e-01 8.58936191e-01
    6.38342619e-01 9.97238517e-01 4.31185097e-01 8.40358794e-01
    6.29149318e-01 9.40343380e-01 2.61683822e-01 9.31542754e-01
    4.85666215e-01 5.98991454e-01 6.06600106e-01 5.00441730e-01
    6.03108346e-01 3.94448817e-01 3.18274140e-01 6.73026562e-01
    1.97771847e-01 9.57236707e-01 7.26464748e-01 7.72141635e-01
    5.46289682e-01 7.53218353e-01 4.13802505e-01 3.79070878e-01
    2.42473632e-01 6.15280449e-01 7.24546134e-01 7.70145237e-01
    6.89655066e-01 8.63095641e-01 9.12801802e-01 8.31182003e-02
    6.80715144e-01 3.94929439e-01 7.93100893e-02 3.36515009e-01
    2.81958878e-01 8.59262764e-01 9.70702171e-02 2.20836669e-01
    8.78725767e-01 6.93138957e-01 9.27559614e-01 5.95748425e-02
    5.03587186e-01 8.04389775e-01 5.21953046e-01 8.83442283e-01
    7.53461838e-01 6.29655361e-01 3.29075485e-01 6.73350513e-01
    6.96971357e-01 7.15039253e-01 3.50465685e-01 7.69953489e-01
    2.03682333e-01 3.25424731e-01 4.89721537e-01 6.81552291e-03
    7.91711688e-01 8.43573928e-01 2.51553178e-01 7.28209257e-01
    5.32147586e-02 8.05391669e-01 8.36168706e-01 7.00920522e-02
    3.68469924e-01 8.11916590e-03 7.40854621e-01 7.80093968e-02
    1.24338567e-02 2.42233813e-01 9.89546418e-01 6.64056242e-02
    5.24792254e-01 1.88420445e-01 7.64850676e-01 8.84211957e-01
    4.04115915e-01 1.10827506e-01 8.72050345e-01 7.05549955e-01
    1.20034128e-01 4.45419759e-01 8.16691399e-01 5.80591440e-01
    3.93673897e-01 5.81289470e-01 9.56434786e-01 3.17975283e-02
    2.09241569e-01 5.95671177e-01 2.64315158e-01 4.00434226e-01
    2.61784852e-01 7.07396209e-01 8.47142458e-01 3.98910731e-01
    4.33595777e-02 1.94390208e-01 6.94868982e-01 1.52175814e-01
    7.05876470e-01 7.41398454e-01 9.63581383e-01 5.68259060e-01
    6.88527167e-01 2.64824271e-01 4.99812931e-01 7.08850026e-01
    2.61281580e-01 9.57592845e-01 7.45870709e-01 4.69874352e-01
    1.22872084e-01 8.26479197e-01 5.43877721e-01 7.36821413e-01
    6.77382052e-01 4.14706409e-01 1.73609585e-01 9.94326711e-01
    1.30012035e-02 8.08594584e-01 7.64523983e-01 7.28130341e-04
    4.32025790e-02 4.66038674e-01 5.96315145e-01 7.85465002e-01
    7.05574930e-01 9.34633434e-01 2.22027063e-01 5.81425190e-01
    3.41560185e-01 7.40796566e-01 8.08153272e-01 2.59668797e-01
    6.00976825e-01 3.76071930e-01 9.11569118e-01 3.13825458e-01
    5.64167619e-01 7.70653009e-01 4.59552258e-01 6.96636260e-01
    3.19846034e-01 6.52816653e-01 8.92966568e-01 6.85919702e-01
    4.31561142e-01 4.97170180e-01 6.53064072e-01 8.72467577e-01
    5.56977630e-01 2.78413802e-01 1.84299588e-01 6.83029950e-01
    7.23778546e-01 2.08703846e-01 5.90011060e-01 9.60738063e-01
    4.15507257e-02 7.91091204e-01 4.26015884e-01 6.15906775e-01
    5.82765043e-01 7.26394832e-01 2.73883939e-01 2.25754440e-01
    5.23567736e-01 1.81121856e-01 3.23576927e-01 3.13538611e-01
    5.99676371e-02 4.41855073e-01 5.59742272e-01 8.87384057e-01
    8.86921525e-01 3.66812646e-01 9.97389376e-01 2.18772858e-01
    9.13016319e-01 7.12382972e-01 4.96889591e-01 5.05364716e-01
    7.89622664e-01 3.27401519e-01 1.48498118e-01 2.66524702e-01
    2.58271515e-01 9.61727977e-01 7.04879880e-01 7.81376958e-01
    4.55511570e-01 2.54869461e-01 8.39268267e-01 8.52417350e-01
    3.10675919e-01 4.21117246e-01 6.12761021e-01 3.06756437e-01
    4.82845694e-01 6.24947488e-01 2.01717138e-01 1.93498015e-01
    2.70690918e-02 4.82918203e-01 4.13757265e-01 6.40364408e-01
    1.72575712e-01 4.10825551e-01 1.25411093e-01 3.35079879e-01
    9.22922432e-01 5.99763334e-01 6.13527298e-02 8.05210352e-01
    4.17105794e-01 3.62266839e-01 6.71168745e-01 3.06127757e-01
    9.28107560e-01 5.86965799e-01 6.39762580e-01 2.44248539e-01
    2.28453368e-01 6.26409888e-01 8.17735195e-01 4.50874627e-01
    4.48164344e-02 2.36981928e-01 8.70472968e-01 6.95919871e-01
    4.51406658e-01 3.82396489e-01 7.29133368e-01 3.81269693e-01
    5.74993849e-01 4.98175830e-01 5.64171314e-01 4.19388533e-01
    5.10512769e-01 8.38585138e-01 2.99279988e-02 8.40058923e-01
    8.70565832e-01 7.16828346e-01 8.09828758e-01 1.67759478e-01
    3.50409269e-01 6.68498993e-01 8.46865654e-01 3.30978930e-01
    5.69197476e-01 6.98108375e-01 2.58817703e-01 6.71075225e-01
    5.91820419e-01 4.94816512e-01 4.42796320e-01 5.19770563e-01
    8.64628673e-01 7.49440491e-01 1.15384251e-01 6.33524358e-01
    7.54684806e-01 7.80959010e-01 9.66678321e-01 2.95149386e-02
    1.83656514e-01 4.26700473e-01 6.51443481e-01 8.51064444e-01
    6.93531692e-01 6.74021602e-01 8.64319801e-01 1.45199925e-01
    1.76043749e-01 5.17441690e-01 3.07850778e-01 4.49877977e-01
    2.25266665e-01 1.15495831e-01 2.16425896e-01 4.29921716e-01
    1.22209340e-01 4.87088680e-01 6.03856504e-01 3.78265351e-01
    9.26526904e-01 9.33625221e-01 2.55511761e-01 7.63892472e-01
    2.10908800e-01 8.26517284e-01 2.46505111e-01 4.26068842e-01
    2.05955893e-01 7.26631641e-01 7.31193244e-01 3.59991878e-01
    3.29498470e-01 4.20032233e-01 1.40696794e-01 7.96340466e-01
    5.09478211e-01 1.92281365e-01 9.61422920e-04 7.06310630e-01
    4.52164739e-01 4.33767945e-01 8.39023530e-01 3.61242831e-01
    4.67249840e-01 7.22161353e-01 2.56732643e-01 7.36546814e-01
    5.60386598e-01 4.78672326e-01 4.03493881e-01 3.19801211e-01
    9.58973050e-01 5.80802202e-01 6.38180256e-01 4.91858274e-01
    7.89376855e-01 7.63457537e-01 1.07250661e-01 2.66129524e-01
    9.91691649e-01 9.61602926e-02 8.06853771e-01 5.62393367e-01
    7.59436965e-01 7.60724366e-01 7.25863636e-01 5.17782748e-01
    7.24146247e-01 6.74243152e-01 8.47322345e-01 1.53357029e-01
    4.91917104e-01 4.02509063e-01 2.77588010e-01 2.27443695e-01
    2.64234841e-01 2.44919628e-01 5.90049624e-01 4.06246305e-01
    1.15950137e-01 5.48132181e-01 7.46497989e-01 4.79811311e-01
    4.30661291e-01 9.93817449e-01 8.72176945e-01 6.57781005e-01
    7.14565516e-02 2.79524803e-01 9.16633308e-01 2.09064931e-01
    8.27808380e-01 1.33367926e-01 9.06457722e-01 1.40560418e-01
    2.94299006e-01 7.34423459e-01 7.35803962e-01 1.53201103e-01
    5.59671640e-01 1.33017331e-01 5.07910669e-01 6.04343593e-01
    7.93704391e-03 4.43561882e-01 9.82324839e-01 9.70097065e-01
    1.97014570e-01 4.85449404e-01 5.85700274e-01 9.08148885e-02
    9.52854276e-01 6.76917791e-01 3.64229918e-01 6.07637644e-01
    8.49914193e-01 5.20493746e-01 7.22349644e-01 6.71477735e-01
    5.69890261e-01 2.12027103e-01 5.95773578e-01 7.69751668e-02
    7.74997473e-03 9.16161358e-01 4.41684395e-01 1.89487219e-01
    2.56042689e-01 9.17971551e-01 1.12169743e-01 1.26012444e-01
    2.53770828e-01 2.39716232e-01 8.84346366e-01 5.17963469e-01
    4.40531373e-02 5.02457440e-01 5.61674774e-01 1.58425480e-01
    4.82910752e-01 7.12981880e-01 3.16001058e-01 5.61186314e-01
    1.88696355e-01 8.14120531e-01 9.02112126e-01 3.04039806e-01
    7.31789410e-01 9.17692304e-01 1.21619582e-01 5.79176486e-01
    3.71664762e-03 8.03415000e-01 6.73984885e-01 8.41585100e-02
    2.05439627e-01 4.32217985e-01 2.43623346e-01 7.48625398e-01
    9.39231515e-01 6.80308998e-01 4.99119759e-01 7.49912262e-02
    1.70744777e-01 9.93788421e-01 3.42012167e-01 9.25242007e-02
    3.46729398e-01 1.43173426e-01 8.99308801e-01 1.41221344e-01
    5.77998161e-03 2.35311359e-01 9.33683395e-01 8.53998840e-01
    7.65197873e-02 2.23771036e-01 4.23670411e-01 7.46443391e-01
    9.74257350e-01 2.68753946e-01 7.60643303e-01 5.30439913e-02
    4.78230447e-01 4.42176700e-01 8.58703911e-01 3.13929319e-01
    4.16795313e-01 2.32725561e-01 4.58393425e-01 6.33590698e-01
    6.33068979e-02 6.31401539e-01 5.56810379e-01 9.62952793e-01
    6.02865219e-01 4.07387048e-01 1.58284962e-01 5.74972570e-01
    5.23577213e-01 8.01445067e-01 3.49446267e-01 6.11096621e-01
    3.30163717e-01 1.50273889e-01 5.26685834e-01 3.82426679e-02
    1.43147230e-01 1.41842604e-01 2.09825605e-01 5.87767422e-01
    9.51471567e-01 6.67344034e-02 9.31635201e-02 3.15281838e-01
    5.37641525e-01 7.79492319e-01 6.04355454e-01 5.74297667e-01
    7.16780424e-01 7.79246807e-01 5.60103178e-01 4.59957391e-01
    2.21822888e-01 1.31340981e-01 2.93290913e-01 1.33436620e-01
    9.96448398e-01 4.45871741e-01 8.90962481e-01 5.34882843e-02
    6.16082370e-01 3.02355409e-01 3.21110010e-01 7.07507432e-01
    6.93275571e-01 6.08558536e-01 5.72202981e-01 7.78808117e-01
    7.75475681e-01 1.12960011e-01 9.47120547e-01 1.50964975e-01
    8.89891267e-01 7.78773963e-01 2.34844983e-01 9.03199196e-01
    9.23737109e-01 6.88568950e-01 6.63807750e-01 2.12607771e-01
    6.71395004e-01 9.90672708e-02 4.08446372e-01 8.07048917e-01
    8.92617941e-01 4.39281225e-01 4.40274835e-01 9.08563137e-01
    4.65926319e-01 2.76149809e-01 2.24391758e-01 4.16967213e-01
    4.53272760e-01 5.20512640e-01 1.02374643e-01 3.53884101e-02
    6.90183342e-02 8.41067076e-01 7.76403308e-01 2.84692764e-01
    6.98956192e-01 8.25118959e-01 1.17910743e-01 2.13160485e-01
    5.17326891e-01 9.06138718e-02 3.82557631e-01 1.95512772e-02
    7.77363062e-01 4.85789061e-01 5.19050181e-01 3.84984642e-01
    5.39163768e-01 2.16999978e-01 4.03320789e-02 5.40740848e-01
    2.95538247e-01 7.76512384e-01 1.47988677e-01 3.31541061e-01
    9.32789147e-01 9.20030951e-01 9.82259214e-01 3.37205231e-02
    6.48734748e-01 1.26870304e-01 1.23063415e-01 6.42090738e-02
    8.54819536e-01 8.70883882e-01 5.56229472e-01 9.79288399e-01
    2.51384497e-01 3.46400082e-01 4.62149501e-01 2.73868442e-03
    4.73507464e-01 3.05688918e-01 4.70319986e-01 9.15217578e-01
    3.13212246e-01 9.04985785e-01 8.34121644e-01 9.06904817e-01
    8.89625907e-01 3.23922902e-01 9.51068163e-01 1.98009908e-02
    1.22569472e-01 2.64090896e-02 1.37253463e-01 1.27667248e-01
    5.02484262e-01 3.70490849e-01 2.94101834e-01 3.95638168e-01
    6.39020503e-02 9.18606639e-01 9.44114804e-01 5.58234572e-01
    6.60388827e-01 6.79344177e-01 3.69600743e-01 9.48359966e-01
    7.34106779e-01 7.25745201e-01 4.46580946e-02 1.64895117e-01
    1.30118757e-01 3.56868207e-02 7.91418791e-01 3.19792658e-01
    5.29957056e-01 6.49385929e-01 9.64212060e-01 8.40086162e-01
    5.40353894e-01 1.60716563e-01 2.65318424e-01 8.87329578e-02
    3.80086362e-01 6.46269619e-01 6.50491834e-01 8.94610882e-01
    2.39399999e-01 4.43955690e-01 7.22242892e-02 3.78224194e-01
    1.96834654e-01 7.90458322e-01 7.20381856e-01 2.33040243e-01
    3.46598923e-01 1.51032150e-01 2.97786444e-01 6.85185730e-01
    6.63151145e-01 7.74048686e-01 8.80334437e-01 6.30721688e-01
    3.46545249e-01 9.92357731e-01 8.29866111e-01 7.13585854e-01
    7.25088000e-01 2.03611135e-01 3.96654636e-01 5.25324047e-02
    3.57802391e-01 9.70201254e-01 9.45968568e-01 3.11757267e-01
    4.40668285e-01 9.54073071e-01 5.64010561e-01 4.05332625e-01
    4.33042169e-01 4.36727166e-01 6.37291491e-01 3.77064824e-01
    3.55029404e-02 1.39951050e-01 9.06930149e-01 8.46270561e-01
    7.21144736e-01 7.73461461e-01 3.52751911e-01 1.14770472e-01
    6.26222253e-01 4.93330777e-01 1.88909441e-01 5.72050214e-02
    7.76263237e-01 2.61224985e-01 4.37524557e-01 4.15107310e-01
    8.90879035e-02 3.15740645e-01 3.53788674e-01 3.62281680e-01
    9.87521410e-01 2.62341559e-01 2.98761487e-01 2.08680570e-01
    9.72650111e-01 8.35097671e-01 1.37776107e-01 1.57143444e-01
    3.97865117e-01 6.45009041e-01 4.34364110e-01 9.05345917e-01
    2.50684083e-01 6.50870204e-02 3.17519128e-01 2.44360358e-01
    8.77126753e-01 2.80092031e-01 6.65836871e-01 9.11232591e-01
    9.55629945e-01 9.40555334e-01 3.05867493e-02 6.21776760e-01
    7.44079113e-01 3.61609608e-01 2.25655049e-01 1.82265490e-01
    1.64950222e-01 8.09621096e-01 5.23317575e-01 9.11990047e-01
    7.42726505e-01 9.89138722e-01 2.42611825e-01 6.72664106e-01
    2.54901290e-01 1.80048376e-01 3.35548013e-01 5.74460983e-01
    2.00555414e-01 3.50693524e-01 6.48180902e-01 6.27665460e-01
    1.14880681e-01 4.43183631e-01 6.64451301e-01 1.51490062e-01
    8.31165910e-01 3.28830719e-01 3.52178156e-01 3.92953157e-01
    5.92419624e-01 2.46427625e-01 3.73169899e-01 1.46881282e-01
    9.30676699e-01 1.32430732e-01 9.11992252e-01 3.71643126e-01
    5.13549268e-01 2.35927254e-01 5.63462198e-01 9.85507846e-01
    8.31171870e-02 8.14480186e-01 7.25629210e-01 7.13537931e-02
    8.38418067e-01 5.94291449e-01 8.90054762e-01 8.42660666e-02
    3.37255418e-01 3.69432986e-01 4.30961013e-01 2.09948540e-01
    8.25918436e-01 7.05885887e-01 9.67893481e-01 8.79160404e-01
    1.15481317e-02 6.39609277e-01 6.63918495e-01 2.46776342e-01
    2.07439929e-01 9.07076478e-01 4.49464768e-01 6.19364619e-01
    9.42688704e-01 7.97753155e-01 9.54183340e-01 1.87441885e-01
    5.82284153e-01 4.22726363e-01 4.64076549e-01 7.83919573e-01
    8.90429080e-01 6.83584571e-01 6.46615386e-01 4.26346123e-01
    5.72403669e-02 3.80009204e-01 3.02413702e-01 4.94108558e-01
    5.98229408e-01 9.23393130e-01 2.81542301e-01 6.74329877e-01
    2.91674614e-01 8.74261498e-01 9.99857187e-02 4.02999341e-01
    6.04460835e-01 6.40457869e-03 4.27143663e-01 2.42121518e-01
    3.88466060e-01 8.68680954e-01 8.70050550e-01 4.89050150e-02
    9.84986901e-01 8.16226721e-01 4.72674847e-01 7.55011857e-01
    5.33586442e-01 2.89583713e-01 9.38599467e-01 3.29279244e-01
    6.23163164e-01 6.89300656e-01 4.27813888e-01 5.83572149e-01
    6.34722114e-01 8.87048364e-01 8.50677788e-02 4.73727942e-01
    9.43183959e-01 3.74258965e-01 3.31021309e-01 6.11607671e-01
    2.75273085e-01 7.37890482e-01 2.42930293e-01 2.30944544e-01
    6.69036508e-01 9.08487797e-01 5.95287681e-01 7.00619996e-01
    3.19095284e-01 3.41336966e-01 3.58562052e-01 3.71901333e-01
    3.29714626e-01 6.42868161e-01 7.72639394e-01 5.18460691e-01
    8.46693873e-01 4.28814590e-02 7.23686516e-02 5.38445354e-01
    6.21374249e-01 8.13999772e-03 6.76117778e-01 2.12728232e-01
    3.44067514e-02 8.82646322e-01 5.56656837e-01 9.54908550e-01
    1.09695882e-01 8.04906249e-01 6.08074546e-01 4.32959378e-01
    6.20518804e-01 4.82544303e-03 3.68462473e-01 8.43462110e-01
    6.63976192e-01 8.20563912e-01 3.51399004e-01 9.35415268e-01
    8.32713246e-01 7.03294158e-01 1.65776759e-01 4.57925409e-01
    7.06250012e-01 4.44433481e-01 2.41854489e-02 4.18298364e-01
    8.14041793e-02 8.88411582e-01 4.32174265e-01 1.07977062e-01
    9.29892361e-01 6.76586807e-01 1.47988260e-01 6.83103502e-01
    2.62710035e-01 3.02451134e-01 4.19367045e-01 2.68340886e-01
    7.58752525e-02 1.80214643e-01 1.29209459e-01 8.02493811e-01
    9.52151418e-02 1.98687315e-01 8.17175865e-01 1.43033922e-01
    3.50225151e-01 9.56096351e-02 1.81078017e-02 3.07533324e-01
    5.25779068e-01 7.71401584e-01 6.03896797e-01 6.41249299e-01
    5.39875984e-01 9.45163071e-01 4.54872847e-03 1.46937430e-01
    5.93588948e-02 5.21730244e-01 2.49548137e-01 4.41963375e-01
    3.41459215e-02 3.91817391e-02 7.11379647e-01 7.77022898e-01
    2.88440228e-01 8.77395153e-01 9.25274014e-01 7.63254702e-01
    6.06378555e-01 9.18395042e-01 6.86516702e-01 1.64064914e-01
    5.62809825e-01 2.72475541e-01 4.11381215e-01 9.49558318e-02
    9.47124124e-01 8.98955584e-01 4.36106861e-01 2.93160081e-01
    9.97973800e-01 9.16715205e-01 6.62074566e-01 9.69647527e-01
    7.80246973e-01 7.70062447e-01 8.16364169e-01 7.87068963e-01
    5.14357865e-01 1.18051469e-02 1.40832722e-01 5.79744101e-01
    5.13538003e-01 3.03937912e-01 1.23914480e-02 8.65760207e-01
    9.44857001e-01 7.74875522e-01 4.43071872e-01 8.33168507e-01
    4.33259726e-01 1.87110066e-01 5.39652407e-02 8.74807477e-01
    2.02174366e-01 3.57909381e-01 2.33115137e-01 4.44521636e-01
    7.11889982e-01 7.97075629e-01 9.91408288e-01 2.54756391e-01
    1.95402503e-01 7.96646833e-01 4.03467357e-01 2.89851367e-01
    2.28279442e-01 5.53684592e-01 6.13840699e-01 9.80922878e-02
    6.98155582e-01 8.44546556e-01 9.07104015e-01 6.30891025e-02
    6.31274819e-01 9.61401701e-01 6.15101516e-01 9.00950730e-01
    2.83348322e-01 6.59082770e-01 1.02739751e-01 6.31052315e-01
    9.66397226e-01 5.86640239e-02 9.80609179e-01 8.12670887e-02
    2.75382578e-01 1.93060607e-01 8.69098425e-01 1.50679201e-01
    9.15151834e-01 7.41555929e-01 4.92257327e-01 3.61940324e-01
    8.15610409e-01 5.42297363e-01 1.52168095e-01 7.36680031e-01
    3.70895416e-01 1.10966176e-01 6.50527298e-01 2.77849376e-01
    2.45342851e-01 5.39281666e-01 1.76652879e-01 2.66639292e-02
    8.26735377e-01 5.77500165e-02 4.30679917e-01 3.55433375e-01
    5.49394548e-01 2.97176838e-03 3.32138121e-01 9.91212070e-01
    5.96833646e-01 3.94703388e-01 1.08216405e-01 6.66773140e-01
    3.03063631e-01 5.10836542e-02 9.18836772e-01 7.50758648e-01
    7.71416426e-01 2.92667508e-01 4.79750246e-01 2.59388447e-01
    3.09834719e-01 2.16798395e-01 6.90497339e-01 7.81972706e-02
    2.01807499e-01 1.53564751e-01 7.40887523e-02 5.17086387e-01
    3.25292706e-01 5.28995931e-01 9.64074433e-01 6.67119324e-02
    2.12554425e-01 7.90767550e-01 5.57795048e-01 9.14259493e-01
    9.09283996e-01 3.71173263e-01 3.08531880e-01 2.06130445e-01
    9.06829834e-01 6.16582632e-01 3.39569837e-01 9.30220246e-01
    6.46981418e-01 6.00618660e-01 4.40507740e-01 2.18026578e-01
    5.70133984e-01 5.36517084e-01 6.57447875e-01 8.22575569e-01
    2.87892878e-01 7.39869356e-01 1.67342812e-01 9.76093411e-01
    7.15249181e-01 6.81151152e-01 3.91662657e-01 3.79033685e-01
    4.12677437e-01 3.48010957e-01 6.90530241e-01 9.41939771e-01
    2.28510469e-01 3.26833904e-01 6.60949528e-01 6.52048588e-02
    4.11407620e-01 3.70314479e-01 2.92165279e-02 2.13351488e-01
    5.18706977e-01 5.29194117e-01 6.53462768e-01 6.16329432e-01
    6.34043932e-01 9.46728587e-01 3.80403578e-01 4.42556560e-01
    4.48128790e-01 4.40712750e-01 7.38386273e-01 6.49025679e-01
    1.54050112e-01 4.21224803e-01 1.11957908e-01 1.70398474e-01
    5.06683469e-01 6.11096025e-01 2.78467000e-01 5.86937129e-01
    6.96487546e-01 7.30216146e-01 9.80492473e-01 6.18463218e-01
    9.61354017e-01 4.23849642e-01 7.08999038e-01 3.23168755e-01
    3.78035903e-01 4.68071282e-01 4.39397812e-01 6.46726370e-01
    4.12365556e-01 6.51886046e-01 3.05373073e-01 8.90080333e-01
    5.55745363e-02 4.34330821e-01 7.12608993e-01 5.26104748e-01
    5.89881718e-01 3.58759046e-01 2.80443370e-01 7.60820389e-01
    4.88757789e-01 5.71885407e-01 7.53814995e-01 1.46698982e-01
    3.33784342e-01 4.00372237e-01 6.98186517e-01 1.62796646e-01
    1.25168920e-01 7.42473722e-01 6.18675768e-01 8.48644376e-02
    5.99320948e-01 1.29602611e-01 2.61186928e-01 6.24495208e-01
    3.99210811e-01 3.94656837e-01 1.71702534e-01 1.56152010e-01
    8.02711129e-01 7.00673401e-01 9.47656572e-01 1.10536814e-02
    3.66591513e-01 5.03338039e-01 2.04987228e-02 6.12834096e-02
    3.10530305e-01 1.17734432e-01 2.74556279e-02 8.53773713e-01
    3.30227792e-01 3.81247431e-01 6.97712600e-02 6.80122733e-01
    8.59519243e-01 4.13206279e-01 5.38262188e-01 5.19410372e-01
    1.65585548e-01 1.75526023e-01 7.19342709e-01 5.88253975e-01
    7.64693379e-01 3.86854172e-01 4.23942864e-01 7.06220388e-01
    5.65127075e-01 1.48462147e-01 3.10384333e-01 4.24702525e-01
    8.14273238e-01 6.80598438e-01 2.93419361e-01 6.48439407e-01
    5.86945772e-01 4.81567979e-02 1.32306516e-01 3.81226569e-01
    7.61863530e-01 7.04123378e-02 5.27819812e-01 3.39113712e-01
    5.63952863e-01 3.98598135e-01 4.49434340e-01 4.19117749e-01
    7.12253690e-01 1.41133606e-01 2.89313644e-01 2.65585423e-01
    2.70368993e-01 6.90399110e-01 7.51578808e-02 3.86504054e-01
    1.13073260e-01 6.88256502e-01 8.85492265e-02 2.14129984e-01
    6.94784284e-01 7.78234959e-01 3.78564268e-01 6.52833223e-01
    6.91903234e-01 3.93967658e-01 3.41413379e-01 5.27622998e-01
    5.27120829e-01 6.33848071e-01 8.93184900e-01 1.92946017e-01
    5.67440093e-01 6.35010660e-01 1.64988160e-01 8.80835295e-01
    8.12042892e-01 9.30120230e-01 6.21342182e-01 1.13245189e-01
    8.58627200e-01 9.61302519e-01 4.83119816e-01 9.66632128e-01
    6.38205945e-01 5.22511184e-01 3.57095301e-01 6.66946352e-01
    1.47674382e-01 2.72531360e-01 1.93028182e-01 2.28461891e-01
    5.90574443e-01 5.56020975e-01 7.95939803e-01 5.09639204e-01
    3.65247071e-01 8.55790734e-01 7.28304803e-01 2.77369916e-01
    9.20195818e-01 8.52620363e-01 6.67816997e-02 6.85161710e-01
    6.23389900e-01 8.90743136e-01 7.35859454e-01 4.59613502e-01
    2.88978577e-01 1.46960437e-01 1.23339742e-01 3.72654617e-01
    5.74772358e-01 4.20717984e-01 7.43466616e-02 9.18572247e-01
    4.78518248e-01 2.68036067e-01 4.56811309e-01 3.34461868e-01
    4.08440620e-01 4.73878801e-01 6.16696477e-03 9.49437618e-01
    4.75146860e-01 9.28752899e-01 7.19913483e-01 5.36576629e-01
    4.31262344e-01 7.74875700e-01 5.36431253e-01 5.45764863e-01
    8.44772220e-01 4.70953375e-01 9.45259690e-01 7.25983441e-01
    4.71556664e-01 5.08823395e-01 9.90666866e-01 9.30217743e-01
    6.29344463e-01 8.08607101e-01 5.11327326e-01 9.24251318e-01
    9.71980155e-01 1.16736352e-01 7.57339597e-03 5.15186787e-01
    9.68053162e-01 2.99817860e-01 6.17792189e-01 3.37952614e-01
    5.17103612e-01 8.04391205e-02 6.50159717e-01 1.18342102e-01
    5.98581791e-01 1.88254178e-01 1.43688172e-01 3.64948332e-01
    1.42773449e-01 4.57048416e-04 5.15258849e-01 4.43468988e-02
    2.76487976e-01 2.98190892e-01 8.68439078e-01 5.17031789e-01
    7.14065790e-01 1.96812481e-01 6.56443536e-02 3.75719488e-01
    6.98627234e-01 7.44974375e-01 1.32285178e-01 8.05861056e-02
    6.27911031e-01 6.67319894e-01 8.14162135e-01 8.31782341e-01
    3.04979861e-01 1.87268794e-01 2.11414367e-01 7.84453452e-01
    1.97498649e-01 6.55122817e-01 1.01518631e-02 3.02967519e-01
    7.55658984e-01 8.57062638e-01 4.77389604e-01 6.54269576e-01
    9.34268355e-01 7.69547343e-01 5.63958347e-01 6.88505828e-01
    2.55350202e-01 6.67483866e-01 3.10649633e-01 3.82440388e-01
    9.52360809e-01 6.16241574e-01 1.65482134e-01 1.31053984e-01
    4.15088385e-01 3.89968723e-01 2.51794398e-01 7.97209144e-01
    8.16308498e-01 5.20072460e-01 2.52463788e-01 7.73412228e-01
    1.64582312e-01 8.30568731e-01 8.00017893e-01 6.00822926e-01
    8.54576766e-01 3.51130068e-01 5.00909984e-01 8.70826244e-02
    8.31392050e-01 3.17557484e-01 8.05779934e-01 3.53981674e-01
    9.78369415e-02 7.67056346e-01 7.83541441e-01 2.86144435e-01
    1.85394704e-01 6.33074045e-01 8.64227891e-01 9.03622627e-01
    8.80462408e-01 9.34932351e-01 2.51654863e-01 3.82287353e-01
    7.75057793e-01 2.57225215e-01 1.46695733e-01 5.40794432e-01
    1.16676718e-01 4.05099005e-01 8.69630277e-02 2.81843573e-01
    7.97027647e-02 5.70837617e-01 5.25746882e-01 2.25862980e-01
    2.02205032e-01 3.04404259e-01 9.73077416e-01 5.85969388e-01
    5.58660567e-01 9.65284109e-02 5.34641504e-01 1.11535102e-01
    4.39643383e-01 3.12316537e-01 5.91802716e-01 9.73644078e-01
    3.88832569e-01 5.86180449e-01 2.74765253e-01 5.70202768e-02
    5.58672607e-01 3.58206034e-01 9.04309750e-02 2.10822195e-01
    6.13410294e-01 1.45934045e-01 8.33179057e-01 5.14953673e-01
    5.51950932e-02 2.09690154e-01 3.36933553e-01 6.07941866e-01
    8.40118468e-01 9.32684541e-02 3.67464930e-01 1.02693647e-01
    6.73742354e-01 4.42468613e-01 2.39375055e-01 4.14445668e-01
    9.65003490e-01 1.65597767e-01 3.35327089e-02 4.42911804e-01
    5.03581941e-01 7.48271227e-01 6.51399434e-01 2.46064067e-01
    4.98318881e-01 1.33727700e-01 5.86099386e-01 4.30371761e-02
    1.41881704e-01 4.19805944e-01 3.51134449e-01 7.93745518e-01
    5.92063546e-01 1.36180133e-01 8.99481058e-01 3.84356111e-01
    4.59464043e-01 8.97638142e-01 9.07049417e-01 3.72144878e-02
    2.94707566e-01 1.45943433e-01 6.69999719e-02 6.07472062e-01
    4.37869310e-01 5.93161881e-01 5.02647638e-01 1.73990548e-01
    7.00373948e-02 5.19840777e-01 2.10755169e-01 7.79728651e-01
    2.25427002e-01 2.81404972e-01 7.59256124e-01 5.23983777e-01
    5.25553882e-01 8.29223871e-01 1.07431591e-01 3.29123199e-01
    4.95847732e-01 7.59979367e-01 8.24149251e-02 7.31432736e-02
    9.65729356e-01 4.99683976e-01 5.43771505e-01 8.24479342e-01
    6.13034368e-01 8.50216985e-01 3.60290766e-01 1.80484056e-01
    3.66143882e-01 8.81796539e-01 8.62522602e-01 5.59071779e-01
    1.37794286e-01 4.38606054e-01 5.07477582e-01 7.13481367e-01
    2.08206981e-01 2.43535489e-01 5.60342312e-01 2.11797655e-01
    6.64683878e-02 7.71170437e-01 6.12657964e-01 6.31410003e-01
    6.50057197e-03 9.49197412e-01 4.49099123e-01 9.69139576e-01
    4.54584420e-01 9.72648084e-01 9.56478238e-01 7.38303065e-01
    6.93483055e-02 2.64455974e-01 6.44802868e-01 2.64043927e-01
    2.98388243e-01 1.30656719e-01 1.96304619e-01 7.83791840e-01
    4.05664206e-01 8.01385164e-01 5.42191267e-01 1.05288029e-02
    5.64072847e-01 4.49530661e-01 5.28845608e-01 5.07033408e-01
    1.02354437e-01 5.99041343e-01 5.09867728e-01 3.09386909e-01
    7.48671889e-01 2.29732573e-01 6.64912283e-01 2.57093251e-01
    3.88248771e-01 5.73073685e-01 1.82168067e-01 1.25309408e-01
    4.55008686e-01 3.62922549e-01 3.67894262e-01 8.33138227e-01
    9.04803991e-01 4.13029790e-01 3.94255817e-01 5.41820884e-01
    1.77494198e-01 3.31214368e-02 2.21775979e-01 1.86100990e-01
    6.56549811e-01 1.78800255e-01 8.75706315e-01 7.55883813e-01
    5.33810616e-01 6.56509519e-01 9.25047100e-01 9.15616274e-01
    3.73456955e-01 1.39523029e-01 3.66420329e-01 5.97302496e-01
    2.37516403e-01 9.84123409e-01 3.42329293e-01 5.87841153e-01
    3.67973626e-01 4.62709457e-01 6.02755427e-01 7.70040035e-01
    1.87397212e-01 4.30118799e-01 7.09031940e-01 6.12845242e-01
    9.07346964e-01 9.61125731e-01 6.82464063e-01 8.35326970e-01
    9.70059097e-01 5.42204976e-02 6.28797710e-02 7.32388794e-01
    7.21174061e-01 1.51560962e-01 8.05954456e-01 5.15467167e-01
    9.89489675e-01 8.87989044e-01 1.59615159e-01 5.36978245e-02
    6.97255015e-01 2.52202332e-01 3.12573344e-01 2.44313985e-01
    5.46381474e-02 1.44745559e-01 8.69277358e-01 7.61502087e-02
    9.32375669e-01 2.51374662e-01 2.41329968e-02 7.62674809e-01
    5.71831226e-01 7.66829491e-01 5.55184901e-01 9.64078784e-01
    6.80074394e-01 7.05310404e-02 8.57961178e-01 8.48211408e-01
    6.94696069e-01 6.03986144e-01 8.74330699e-02 6.65515363e-01
    5.67179561e-01 9.92991090e-01 3.06836814e-01 6.57345533e-01
    9.15030003e-01 2.81077802e-01 8.06837916e-01 2.16575533e-01
    7.42878437e-01 7.00100958e-01 7.39053488e-02 3.77234966e-01
    2.76885778e-01 6.21067047e-01 9.89510536e-01 5.33001482e-01
    7.06211329e-01 1.22437477e-01 1.91142142e-01 6.17425442e-02
    8.06007624e-01 3.52564067e-01 6.99484646e-01 2.48748928e-01
    4.84018385e-01 2.84583002e-01 5.58683574e-02 3.84231925e-01
    2.40975946e-01 1.39813125e-01 7.84895658e-01 3.49568546e-01
    7.67948151e-01 2.55965590e-02 2.31160641e-01 2.99499542e-01
    2.98351347e-01 8.39670300e-01 5.97070754e-01 7.93675780e-01
    1.25395656e-01 5.75314403e-01 1.10485077e-01 9.99772251e-01
    2.66635120e-01 3.48007441e-01 3.35229456e-01 3.80973697e-01
    6.45318568e-01 7.76331604e-01 6.81675375e-01 3.15598190e-01
    6.96316421e-01 1.39662206e-01 6.85684800e-01 7.03525722e-01
    7.84793973e-01 2.74165511e-01 8.47114086e-01 3.30147296e-01
    6.79451227e-01 5.04281044e-01 1.36963546e-01 2.38508999e-01
    3.25849742e-01 2.82016516e-01 4.64619547e-01 6.61155462e-01
    2.22405463e-01 6.60983503e-01 7.06428885e-01 4.58912253e-01
    2.47910082e-01 7.61933148e-01 1.43733501e-01 4.24668789e-02
    2.96820581e-01 9.31455374e-01 4.76695299e-02 6.88125670e-01
    1.68831825e-01 1.06653214e-01 2.44423658e-01 8.43103528e-01
    6.52060568e-01 4.99764144e-01 7.53473461e-01 7.55215406e-01
    4.04452622e-01 3.73080432e-01 6.47070110e-01 7.98032522e-01
    1.59707069e-01 2.88130760e-01 5.92657864e-01 8.52779925e-01
    7.10123777e-01 4.99063224e-01 6.44269049e-01 4.88563418e-01
    7.75470853e-01 6.28095448e-01 8.56221676e-01 7.72754669e-01
    4.62640524e-02 6.76018000e-01 4.27209377e-01 3.61124873e-01
    8.47702444e-01 5.84327698e-01 3.54010403e-01 6.23028755e-01
    5.12158990e-01 1.54430002e-01 4.90270913e-01 8.04660380e-01
    9.08799410e-01 7.49322236e-01 3.96492690e-01 9.60155964e-01
    2.03451812e-02 7.06161082e-01 6.23777747e-01 5.29527724e-01
    7.18139291e-01 3.64645183e-01 4.72486913e-01 6.80548370e-01
    6.41368747e-01 1.22729063e-01 1.38544738e-01 4.54185069e-01
    4.24576551e-01 9.11832809e-01 8.25797081e-01 3.91281277e-01
    6.27598166e-03 1.03553623e-01 5.57299137e-01 9.32943285e-01
    5.17186821e-02 9.67193305e-01 6.58880591e-01 4.36924517e-01
    4.94637161e-01 5.23796558e-01 1.48073286e-01 1.99669749e-01
    8.96824777e-01 2.59709775e-01 1.87254667e-01 6.95782065e-01
    9.66809750e-01 9.80440378e-01 4.08865452e-01 8.72405291e-01
    8.75812292e-01 6.06877506e-01 1.54010624e-01 1.89981163e-01
    3.33676994e-01 6.84825063e-01 7.45803833e-01 7.86938846e-01
    6.80695117e-01 9.73016143e-01 5.34758866e-01 6.49744034e-01
    7.59866238e-01 6.67811334e-02 9.70424175e-01 6.97272420e-02
    4.55755591e-01 9.27726865e-01 5.54360092e-01 7.60578513e-01
    8.17338109e-01 9.72790956e-01 5.44137716e-01 2.03442216e-01
    1.44648612e-01 8.57467294e-01 4.50370699e-01 3.43097508e-01
    9.65468407e-01 1.41238868e-02 5.43950319e-01 6.85332775e-01
    2.91073620e-01 1.00357115e-01 4.82319444e-01 3.52838576e-01
    6.09139144e-01 1.91665739e-01 2.87087858e-01 1.86036110e-01
    2.93394387e-01 5.74454784e-01 9.51848626e-01 9.50602412e-01
    2.72139639e-01 5.30774713e-01 3.13342184e-01 8.86384249e-01
    1.74873680e-01 1.72650754e-01 9.37013745e-01 7.79282272e-01
    2.49368221e-01 4.48207408e-01 4.21033800e-01 9.71715450e-02
    7.84886539e-01 7.01210558e-01 4.66790229e-01 8.29837561e-01
    6.03826463e-01 1.61329895e-01 9.31258202e-02 8.56769383e-01
    1.94527209e-01 1.48083657e-01 5.44840991e-02 3.90275121e-01
    4.11943018e-01 4.33755755e-01 2.87938923e-01 4.84910816e-01
    1.95601434e-01 5.51484466e-01 4.55354750e-02 7.12066293e-01
    1.89055324e-01 7.36045361e-01 6.96338534e-01 9.81521249e-01
    9.92526412e-02 2.43814975e-01 9.58898425e-01 7.18346775e-01
    6.30663693e-01 3.90962124e-01 7.73998082e-01 6.70981288e-01
    9.54817891e-01 7.06256568e-01 3.43853951e-01 3.22629392e-01
    2.95195580e-01 4.47448969e-01 3.01273942e-01 5.84797919e-01
    3.90351266e-01 4.23238486e-01 6.39927447e-01 3.23541403e-01
    7.32316375e-01 4.69022423e-01 3.04594249e-01 3.51513326e-01
    7.04789221e-01 6.44389033e-01 9.32488322e-01 4.36002672e-01
    4.52966511e-01 7.38331795e-01 5.94902873e-01 5.42377710e-01
    4.68044043e-01 7.78407574e-01 1.01541221e-01 2.39214718e-01
    4.50442642e-01 8.14073265e-01 7.75578856e-01 9.06106710e-01
    4.07701641e-01 2.52124965e-01 4.25223708e-01 5.71967959e-02
    2.28276551e-01 8.34709883e-01 7.73918688e-01 8.37902129e-01
    9.47763681e-01 3.64799559e-01 4.46261883e-01 8.56284499e-01
    2.36279815e-01 8.73537421e-01 1.80048048e-02 4.41448450e-01
    3.86250317e-01 1.71668231e-01 2.88616359e-01 2.94822395e-01
    5.53449094e-01 7.85491347e-01 1.67303324e-01 3.45437288e-01
    4.21248496e-01 1.44482493e-01 2.36567289e-01 5.02505898e-01
    4.77826983e-01 7.49163330e-01 1.34941012e-01 1.54731870e-02
    1.36921883e-01 3.26574385e-01 8.96459460e-01 2.04942256e-01
    6.24702454e-01 4.80451912e-01 1.44099951e-01 4.68800783e-01
    6.49726987e-01 1.84381008e-01 8.17240596e-01 1.52624428e-01
    9.07844901e-01 4.56296116e-01 2.35612392e-01 7.16405809e-01
    5.86716235e-01 5.90679407e-01 6.32943869e-01 3.65526497e-01
    2.94536531e-01 9.01965141e-01 6.25628054e-01 4.25198257e-01
    6.61785841e-01 3.34817827e-01 4.25197035e-01 1.05243921e-03
    9.02489483e-01 6.46389127e-01 2.71253705e-01 2.61519372e-01
    1.42616808e-01 3.74670208e-01 8.76214445e-01 4.93683517e-02
    2.93258846e-01 7.81908989e-01 5.09390771e-01 7.60104775e-01
    1.73520893e-01 4.31540906e-02 6.93486989e-01 5.52249372e-01
    1.59308016e-02 1.96277827e-01 3.12874436e-01 8.77056837e-01
    5.93234897e-02 6.96144342e-01 9.04864788e-01 3.50054026e-01
    2.02774584e-01 7.76814342e-01 8.46080542e-01 6.17335021e-01
    7.10638762e-01 7.89635479e-01 9.33021009e-02 9.08481717e-01
    3.53315532e-01 2.05253422e-01 6.59166694e-01 3.83592665e-01
    9.28296268e-01 6.70256138e-01 1.05818719e-01 7.43658364e-01
    4.73397613e-01 1.42460704e-01 8.61131310e-01 6.11734092e-01
    6.57302976e-01 3.32571208e-01 1.18424445e-01 2.04121888e-01
    9.59944606e-01 4.27570969e-01 3.07353675e-01 7.89549351e-01
    9.75622535e-01 6.94290578e-01 1.74808502e-03 1.74977273e-01
    7.43083417e-01 5.27776778e-02 1.33934170e-01 5.85108042e-01
    5.17385781e-01 7.51893640e-01 6.72235787e-01 9.73613501e-01
    1.69597954e-01 4.21100855e-03 9.54273343e-03 5.47363997e-01
    5.73078096e-01 7.19130099e-01 9.47881699e-01 5.94966531e-01
    8.53907108e-01 4.75376904e-01 5.59666276e-01 5.28390288e-01
    7.33534753e-01 8.97544384e-01 8.99516940e-01 3.58543515e-01
    5.94475567e-02 6.95982873e-02 1.83185220e-01 2.58090556e-01
    1.83185607e-01 8.08712542e-01 7.25799739e-01 8.27630401e-01
    4.03817624e-01 7.66160131e-01 2.09776998e-01 6.95955873e-01
    5.18871069e-01 2.92933553e-01 3.28770816e-01 4.58161235e-02
    3.11793923e-01 3.29353869e-01 3.78814518e-01 4.53885227e-01
    5.05414963e-01 9.30477679e-01 8.78472030e-02 4.30269659e-01
    3.60563695e-01 8.61893177e-01 7.59746432e-02 6.36405766e-01
    4.66025740e-01 3.19477856e-01 5.17068326e-01 3.55245709e-01
    5.04508436e-01 4.05098498e-02 1.18989766e-01 6.92932189e-01
    5.86320579e-01 7.82451034e-01 5.15143573e-01 6.00876808e-01
    3.86942834e-01 2.44363576e-01 7.10128248e-01 2.65460849e-01
    7.88381100e-01 4.49027628e-01 8.42654705e-01 9.60446417e-01
    6.66599274e-01 1.41015917e-01 4.48725522e-02 2.67893970e-01
    8.37574482e-01 9.16986227e-01 4.25583124e-03 6.00789666e-01
    2.57794827e-01 7.60990024e-01 7.25234091e-01 9.48322892e-01
    3.45901549e-01 3.20791841e-01 5.50568640e-01 9.59559858e-01
    4.16243285e-01 9.09676313e-01 7.46592522e-01 2.26383984e-01
    5.20060420e-01 2.82619894e-02 1.19782686e-01 2.48298645e-02
    1.13517702e-01 4.82833833e-01 3.47872615e-01 5.21677554e-01
    7.95277357e-01 1.12888426e-01 6.55327320e-01 5.16633570e-01
    8.93231690e-01 7.17717707e-01 2.22373635e-01 4.95448768e-01
    4.94318247e-01 9.81488764e-01 6.53812170e-01 8.99442136e-02
    3.71622592e-01 3.24968129e-01 6.61417603e-01 3.24165940e-01
    2.77786732e-01 5.76249659e-01 6.11485660e-01 4.53729987e-01
    4.81847882e-01 5.87123752e-01 3.89792204e-01 4.40008521e-01
    5.01686215e-01 3.66679132e-01 1.67053491e-01 7.69981384e-01
    1.82836264e-01 2.21467018e-03 9.60969150e-01 2.25364387e-01
    1.05209857e-01 3.61288369e-01 5.92741489e-01 7.05594420e-02
    8.48555565e-01 5.77912629e-02 1.57869369e-01 9.01853204e-01
    5.21255851e-01 4.10889894e-01 8.13658834e-01 9.88480210e-01
    4.34612274e-01 8.05910408e-01 6.55791581e-01 1.19532377e-01
    1.50747061e-01 9.03506279e-01 8.97315741e-01 4.94621247e-01
    5.55556238e-01 3.10003549e-01 3.28253090e-01 9.73292410e-01
    2.63963580e-01 6.31452799e-01 6.88322365e-01 3.13846052e-01
    4.70570296e-01 3.15556198e-01 2.65217304e-01 9.33460534e-01
    9.97850060e-01 5.37995100e-01 7.19910145e-01 8.61804485e-01
    6.51799500e-01 6.46089077e-01 2.83931196e-01 6.50722623e-01
    2.94152200e-02 1.79918557e-01 7.41757751e-01 1.07803166e-01
    1.16492778e-01 2.41691321e-01 7.25166321e-01 1.91784263e-01
    8.52925003e-01 8.10180664e-01 5.55134773e-01 4.03607905e-01
    1.82711780e-01 2.79698312e-01 5.29362917e-01 3.67078841e-01
    1.17987722e-01 6.10702634e-01 4.08608705e-01 7.86072016e-02
    1.34437978e-01 5.20746827e-01 9.06987906e-01 8.12971950e-01
    6.80255592e-01 4.32453454e-01 8.67479384e-01 3.25733125e-01
    3.33028138e-01 3.88136625e-01 2.94108331e-01 7.65752316e-01
    1.10007048e-01 1.20069385e-01 4.17097390e-01 3.93232942e-01
    3.48831117e-02 6.12410903e-01 7.42241800e-01 3.85690719e-01
    3.38935375e-01 7.12532401e-01 6.56896412e-01 6.34634972e-01
    2.02572048e-02 9.55850482e-01 7.01464117e-01 3.56191397e-02
    3.79413068e-02 8.07193100e-01 5.48308015e-01 7.30995059e-01
    9.60453629e-01 1.28184736e-01 1.89436495e-01 5.42370558e-01
    6.36808991e-01 8.50216746e-02 8.00141454e-01 6.74247742e-02
    3.77362639e-01 9.12984133e-01 3.36510479e-01 9.07127559e-02
    4.38097566e-01 1.45858973e-01 1.66778266e-01 8.46240759e-01
    8.34190965e-01 4.49117333e-01 9.26227748e-01 8.49715114e-01
    9.50648069e-01 3.79586458e-01 4.53167439e-01 4.51481164e-01
    4.39219952e-01 5.36492944e-01 6.74545765e-02 5.61455607e-01
    1.72508657e-02 4.27866161e-01 9.30683076e-01 8.06453943e-01
    7.74649143e-01 3.58772695e-01 2.49997646e-01 6.89644814e-01
    7.65970588e-01 2.59244859e-01 3.20339262e-01 3.11179698e-01
    7.83457160e-01 2.17179030e-01 4.15656686e-01 2.64371186e-01
    7.62559712e-01 9.52149868e-01 6.46969855e-01 3.71869832e-01
    8.39008927e-01 1.79753572e-01 2.18189567e-01 9.08531487e-01
    2.89808184e-01 8.43058348e-01 9.19990182e-01 2.85176098e-01
    9.06456470e-01 9.09041643e-01 7.25616693e-01 1.19235814e-02
    3.35426092e-01 6.64259732e-01 8.20007563e-01 8.42190623e-01
    7.29134977e-02 8.52241635e-01 1.46902740e-01 1.38684511e-01
    8.29930007e-02 1.39972448e-01 9.34013307e-01 1.47759020e-02
    6.98107839e-01 1.08875036e-02 6.48536742e-01 4.99797702e-01
    6.97410405e-01 9.80963826e-01 7.66518831e-01 7.09392786e-01
    8.14385176e-01 2.59618342e-01 2.53014147e-01 3.58009279e-01
    3.28236431e-01 3.88961583e-01 2.64660299e-01 4.53858078e-02
    8.78886819e-01 4.33827758e-01 8.71325433e-02 1.96065992e-01
    3.03021848e-01 1.15065753e-01 6.09348238e-01 4.98749077e-01
    9.09970105e-02 5.75588584e-01 7.42524862e-04 4.76226896e-01
    6.10773802e-01 3.32051516e-03 9.78905201e-01 1.67723089e-01
    7.76160717e-01 3.69516909e-02 5.38720191e-01 5.06843984e-01
    7.07204342e-01 6.24442279e-01 5.96453786e-01 5.34444451e-01
    5.31781971e-01 7.50507176e-01 7.81013250e-01 3.95483971e-02
    8.80407095e-01 1.40590698e-01 6.56012416e-01 7.92865753e-01
    2.64684200e-01 4.24489975e-01 3.23451698e-01 9.68777239e-01
    4.14697796e-01 7.07545698e-01 4.44925278e-01 4.22970355e-02
    2.48516411e-01 5.44079423e-01 5.56759000e-01 5.06031096e-01
    2.79841244e-01 5.67313790e-01 8.94940674e-01 2.16916412e-01
    7.88930595e-01 4.38868999e-01 8.11597466e-01 5.10348022e-01
    2.61413872e-01 7.47615695e-01 9.86605406e-01 3.52038264e-01
    2.92957962e-01 5.30273139e-01 3.92320752e-02 3.56110126e-01
    2.04041481e-01 2.33234346e-01 5.03359139e-02 4.35509861e-01
    8.52574170e-01 6.13411903e-01 3.60734224e-01 6.18326485e-01
    9.29276586e-01 1.69250816e-01 5.14881909e-01 9.27592695e-01
    4.00991857e-01 7.06348181e-01 9.81288075e-01 5.10617852e-01
    9.39303517e-01 9.76928055e-01 1.31751478e-01 2.81599164e-01
    1.84368193e-01 7.24434257e-02 9.91246104e-01 4.84508753e-01
    1.72450900e-01 9.25636649e-01 4.45703149e-01 1.39873266e-01
    7.25985646e-01 9.11173344e-01 1.60487682e-01 7.30989933e-01
    5.05001366e-01 5.85809469e-01 6.00941658e-01 3.31525326e-01
    6.72539294e-01 3.10564995e-01 3.64331692e-01 6.45518124e-01
    2.26144969e-01 3.96043062e-02 2.04269290e-02 1.00201607e-01
    4.31827188e-01 7.81512856e-01 2.73137331e-01 7.81400621e-01
    2.74781555e-01 5.72610617e-01 2.76405215e-01 7.97646523e-01
    7.68087089e-01 3.54736507e-01 2.75667310e-01 5.09434342e-01
    3.57268631e-01 3.26113582e-01 9.05087233e-01 8.41650844e-01
    9.02737379e-01 7.37782121e-01 7.05564737e-01 6.39461517e-01
    2.79273629e-01 5.73581874e-01 9.45790589e-01 4.01446223e-03
    7.70714521e-01 2.58983433e-01 6.92951441e-01 9.39405620e-01
    3.32665563e-01 2.59797275e-01 9.53229666e-02 6.21427357e-01
    1.92457974e-01 7.94653594e-01 7.57745981e-01 8.55016708e-01
    9.50418234e-01 4.69899595e-01 9.04123187e-02 9.68857288e-01
    5.32922745e-02 7.46182740e-01 4.15954858e-01 2.98063815e-01
    5.03570914e-01 1.37340754e-01 7.52274692e-01 7.54384458e-01
    2.41632432e-01 1.33993357e-01 3.98380637e-01 2.77040035e-01
    5.04458189e-01 5.38517356e-01 4.23062295e-01 9.23892260e-01
    8.31550717e-01 8.25480103e-01 9.37886119e-01 7.22688198e-01
    4.73105937e-01 7.48830140e-02 1.37146413e-02 7.43764400e-01
    7.85140395e-01 9.70625520e-01 6.93387091e-01 4.17520106e-02
    2.98795134e-01 6.15692675e-01 3.98140460e-01 9.89658237e-01
    1.17515981e-01 3.65230620e-01 4.39399391e-01 8.95884275e-01
    1.86111331e-02 5.28132677e-01 7.55369067e-01 8.16369951e-01
    1.19606048e-01 6.78643763e-01 6.00626945e-01 2.53698528e-01
    5.36163092e-01 9.25712585e-02 4.73363578e-01 7.65261173e-01
    5.06776571e-01 4.60373580e-01 3.12046289e-01 4.52174127e-01
    6.85831666e-01 6.52304292e-01 9.86993909e-01 7.92067289e-01
    6.73522890e-01 5.82230330e-01 3.08806539e-01 2.19727099e-01
    3.07942122e-01 9.48900342e-01 8.28339100e-01 2.81819791e-01
    1.85943216e-01 8.49520147e-01 4.36064750e-01 8.88353944e-01
    4.95509923e-01 4.54703420e-01 8.56008351e-01 6.38419032e-01
    9.39441323e-01 3.48222196e-01 3.80899370e-01 5.32467186e-01
    8.25372696e-01 3.47922146e-01 2.20561773e-01 1.98160022e-01
    4.71515954e-02 8.07359397e-01 1.32832617e-01 5.75819612e-02
    8.77850711e-01 5.07553160e-01 6.17329001e-01 7.38322794e-01
    4.85065848e-01 7.14096785e-01 9.23736095e-01 2.95240819e-01
    9.00620580e-01 2.15385526e-01 2.47921973e-01 1.04668587e-01
    6.54975176e-02 3.70761752e-01 7.22783327e-01 9.46596384e-01
    4.91955876e-01 8.73434842e-02 1.01782173e-01 4.21973139e-01
    1.48359537e-02 7.55093336e-01 5.95215917e-01 6.73079014e-01
    5.09443402e-01 5.89244425e-01 7.68607259e-01 3.34295809e-01
    2.75031626e-01 2.68508852e-01 1.98161006e-02 3.49670053e-01
    6.99966073e-01 5.77346087e-02 1.19501144e-01 7.34950304e-01
    9.31276679e-01 1.25899225e-01 9.62698579e-01 1.19539797e-01
    3.64691079e-01 3.03572774e-01 7.37201393e-01 9.23342228e-01
    1.11075222e-01 6.31768465e-01 1.88407570e-01 1.75938547e-01
    2.04132736e-01 2.32570440e-01 4.66570139e-01 6.10194802e-01
    2.11553305e-01 3.32133234e-01 4.05345261e-01 3.37713867e-01
    9.54025149e-01 2.50518918e-02 4.34696227e-01 7.94976354e-02
    1.60607785e-01 7.29378879e-01 6.54705405e-01 2.12565154e-01
    6.27020955e-01 7.96202898e-01 4.43572849e-01 6.69427037e-01
    4.82980996e-01 7.38416374e-01 3.68463933e-01 3.18331569e-01
    5.48992097e-01 8.05151224e-01 9.92638707e-01 7.19978809e-01
    2.41441041e-01 4.35427397e-01 5.37654817e-01 4.45017695e-01
    3.96710306e-01 5.78614056e-01 5.07290423e-01 5.50016880e-01
    5.77382088e-01 2.13740230e-01 8.39013517e-01 4.27109212e-01
    5.56452572e-02 3.14430237e-01 9.36821580e-01 5.45505464e-01
    8.41928601e-01 3.66911322e-01 8.62444818e-01 9.09022093e-01
    6.92087412e-03 6.57727718e-01 2.69242883e-01 6.77699864e-01
    6.78323507e-02 7.46116757e-01 3.88583541e-01 6.88962221e-01
    8.12144041e-01 3.26700628e-01 7.06007242e-01 8.49099040e-01
    6.43580079e-01 7.01629758e-01 3.70760769e-01 7.97256470e-01
    4.72121149e-01 4.28586125e-01 3.73861670e-01 3.28920901e-01
    6.86450124e-01 3.81755829e-01 9.07523155e-01 4.73614097e-01
    5.11752009e-01 7.53168225e-01 9.97127175e-01 7.39904583e-01
    3.39712799e-01 4.45126534e-01 3.61045688e-01 1.31855547e-01
    6.98474765e-01 4.70773906e-01 3.84634882e-01 5.45740128e-01
    5.49171090e-01 8.86882365e-01 2.72866249e-01 4.80704606e-02
    6.56469405e-01 5.94722629e-02 8.38678837e-01 8.25549603e-01
    3.79643828e-01 2.29681611e-01 9.39259768e-01 8.07701111e-01
    9.10872579e-01 4.34064329e-01 9.55112219e-01 9.04903412e-01
    2.02505589e-02 6.38260007e-01 8.51385713e-01 7.56039798e-01
    1.26358151e-01 3.80622745e-01 8.48895311e-01 5.26410997e-01
    4.02885199e-01 2.46803224e-01 4.87780869e-02 9.84706581e-01
    2.97911763e-02 7.88255811e-01 2.39380538e-01 1.32751763e-02
    3.42815578e-01 4.89914864e-01 4.02069092e-02 8.36297870e-01
    1.29635394e-01 8.85698438e-01 7.21546471e-01 3.52321565e-02
    7.85000682e-01 5.58387756e-01 1.23401344e-01 7.62871504e-01
    2.20059335e-01 3.24300736e-01 7.18244433e-01 8.80227804e-01
    7.02171266e-01 9.13669944e-01 3.82911950e-01 2.52498031e-01
    4.66167182e-01 8.98214877e-02 6.73862636e-01 6.43901765e-01
    4.29071933e-01 7.04614758e-01 6.14465952e-01 8.02911460e-01
    4.40254927e-01 7.42819667e-01 4.18455690e-01 6.02126002e-01
    3.54465783e-01 3.09943259e-01 8.91472816e-01 7.00077653e-01
    7.40240157e-01 4.01396871e-01 3.93422753e-01 3.18124294e-02
    9.26578522e-01 6.00941062e-01 9.77481902e-02 6.27573907e-01
    7.78035223e-01 4.37733680e-01 4.54590619e-01 9.05423164e-01
    2.26899803e-01 1.13679826e-01 1.92571849e-01 6.22779429e-01
    3.83776903e-01 7.57440090e-01 8.99977922e-01 9.27613020e-01
    4.79596883e-01 2.70717114e-01 5.51545501e-01 3.34754586e-01
    7.58168697e-01 5.73998690e-02 3.24291170e-01 3.05576026e-02
    4.29871053e-01 2.65101016e-01 9.14949179e-02 8.09284925e-01
    5.09174764e-01 8.59930634e-01 5.18403828e-01 9.01907682e-01
    8.21089268e-01 6.96412802e-01 3.98080856e-01 4.03442383e-02
    3.50885868e-01 6.08234704e-01 2.46666491e-01 4.83711183e-01
    7.64510155e-01 3.30175817e-01 3.21255237e-01 8.43624353e-01
    5.66630125e-01 1.70426577e-01 6.91992879e-01 3.85272145e-01
    4.84333247e-01 6.95037067e-01 4.08133656e-01 2.64282703e-01
    3.08159053e-01 6.64520741e-01 9.64196801e-01 8.97860885e-01
    8.13380241e-01 3.37457061e-01 6.64838195e-01 6.45141244e-01
    6.06518805e-01 4.48626578e-01 6.24666452e-01 2.25258470e-01
    3.01209629e-01 8.38848352e-01 1.54970527e-01 3.10060680e-02
    4.58090723e-01 2.78987110e-01 8.26852620e-01 9.57990885e-02
    8.56747985e-01 2.10523605e-03 3.74480724e-01 9.05262828e-01
    2.71550179e-01 9.46905732e-01 3.03855002e-01 3.80192518e-01
    5.33822656e-01 4.89427269e-01 4.49406087e-01 2.13111639e-02
    2.07622349e-02 8.32785606e-01 7.74833202e-01 9.26541209e-01
    8.08616102e-01 3.04998279e-01 9.93655920e-02 4.27878499e-02
    2.10859269e-01 3.35236549e-01 6.23457015e-01 7.17332304e-01
    1.30089670e-01 1.64798111e-01 9.92950678e-01 1.55594289e-01
    4.85540330e-01 7.23155618e-01 5.68235040e-01 6.37626648e-01
    9.98626709e-01 5.73444009e-01 9.32405114e-01 6.53446913e-01
    8.09294820e-01 4.31750059e-01 9.47843194e-01 6.07746840e-01
    3.32315683e-01 9.78884101e-01 3.43394339e-01 4.88807112e-01
    6.35582745e-01 1.75906897e-01 9.47549582e-01 2.34296739e-01
    7.79417515e-01 4.42829609e-01 6.57164037e-01 9.11182463e-02
    2.35908478e-01 2.20160425e-01 6.29519224e-01 7.07476020e-01
    8.05690587e-02 6.42540455e-01 5.02430439e-01 8.60700011e-03
    3.04759115e-01 2.33951062e-01 8.97210479e-01 7.84280002e-01
    8.17935705e-01 3.63369942e-01 7.57514358e-01 2.45230645e-01
    9.48637843e-01 2.23739535e-01 7.41928756e-01 6.78355515e-01
    9.09622312e-01 9.39873934e-01 3.28884721e-02 8.63279939e-01
    8.96087289e-01 4.53830659e-02 7.17490613e-02 1.96908414e-02
    5.74769974e-01 4.17174459e-01 6.82553828e-01 2.90439844e-01
    8.88094485e-01 3.75791937e-01 2.17077434e-01 1.91654891e-01
    8.71742189e-01 7.27487981e-01 9.93250847e-01 7.32037961e-01
    1.92260712e-01 5.74410319e-01 1.66703165e-02 7.37775326e-01
    8.66301298e-01 2.50736117e-01 4.29290384e-01 1.28666997e-01
    7.72926569e-01 9.49607313e-01 5.45037448e-01 9.02395189e-01
    9.17086184e-01 4.19769526e-01 9.99261677e-01 8.24675798e-01
    1.19568110e-02 2.30995238e-01 4.25421923e-01 9.62497234e-01
    2.93635428e-02 4.15737599e-01 6.29943967e-01 6.01328909e-01
    3.69955540e-01 1.36280239e-01 9.60598946e-01 4.82260883e-01
    8.23634386e-01 3.60650420e-01 5.36850810e-01 4.31120098e-01
    4.69187796e-02 6.46004617e-01 5.67250073e-01 1.96245402e-01
    1.51064485e-01 9.91819859e-01 2.49751240e-01 5.51841795e-01
    2.17940331e-01 1.50780350e-01 4.27097678e-02 6.57284617e-01
    3.06469440e-01 7.33403683e-01 5.36808848e-01 3.22600424e-01
    8.44133615e-01 1.08772486e-01 8.59912217e-01 9.82918024e-01
    1.44118279e-01 3.38175893e-01 3.43047023e-01 1.31925642e-01
    6.22198999e-01 5.42818725e-01 8.18291306e-03 4.21274871e-01
    1.69991285e-01 1.70172453e-01 4.31612551e-01 4.03574884e-01
    7.67312050e-01 9.40139294e-02 5.75364172e-01 6.47167981e-01
    1.71225071e-02 4.73381609e-01 1.68640345e-01 1.95581049e-01
    7.46925533e-01 8.71241033e-01 2.81589001e-01 8.94793272e-01
    1.87468052e-01 1.32424325e-01 7.85067916e-01 7.98288882e-01
    5.15030503e-01 8.16762328e-01 4.80368495e-01 3.53619546e-01
    9.42164779e-01 5.51987529e-01 6.50260568e-01 1.01257861e-01
    8.79808068e-01 4.70364869e-01 2.79880404e-01 3.92222852e-01
    5.29815972e-01 2.14040875e-01 7.72902727e-01 3.81414384e-01
    5.86309016e-01 7.18884230e-01 3.75575662e-01 8.92252445e-01
    2.81926870e-01 7.22462237e-02 4.90475744e-01 4.68017608e-01
    8.53373647e-01 9.18421209e-01 1.37416214e-01 4.77440655e-02
    9.73437190e-01 3.34899247e-01 8.62274885e-01 5.89488208e-01
    4.20721501e-01 1.81166679e-01 1.82520866e-01 9.55003858e-01
    1.78699017e-01 1.84128225e-01 7.81954885e-01 1.79852247e-01
    7.06819952e-01 7.72799790e-01 2.79116094e-01 1.61825567e-01
    7.31267333e-02 6.65467858e-01 5.14308512e-01 4.81294692e-01
    1.98214263e-01 4.07860607e-01 4.11971062e-01 7.06015110e-01
    2.56256223e-01 7.97427416e-01 4.57837313e-01 7.84595132e-01
    8.71664822e-01 6.07730508e-01 9.27487493e-01 2.83227563e-01
    1.30006313e-01 3.15544486e-01 2.50975698e-01 2.94119686e-01
    8.01491022e-01 5.14223099e-01 6.13585413e-01 5.37472904e-01
    6.54878736e-01 5.15954137e-01 8.23973715e-02 1.58439785e-01
    7.78453290e-01 6.54423952e-01 1.59683794e-01 4.90082413e-01
    3.93652588e-01 4.88885522e-01 6.81864977e-01 3.96376848e-01
    3.11764061e-01 7.71292388e-01 6.03703618e-01 7.30824590e-01
    4.42012906e-01 3.21808279e-01 2.23103166e-02 8.61134171e-01
    8.04887474e-01 2.48340964e-01 4.58358616e-01 1.36945695e-01
    6.12330735e-01 8.17208946e-01 5.10665417e-01 3.71810496e-02
    3.07436943e-01 9.51725721e-01 5.27913630e-01 9.58245039e-01
    4.74990100e-01 1.07811987e-02 2.54681051e-01 4.24543947e-01
    3.69970053e-01 4.33428586e-02 5.63722432e-01 8.74324024e-01
    5.26031613e-01 8.43889832e-01 2.08723068e-01 7.42119074e-01
    4.78430331e-01 5.45154870e-01 2.57552892e-01 3.15088838e-01
    3.15565825e-01 4.65371937e-01 4.25159752e-01 1.57894790e-01
    4.36987847e-01 7.24370003e-01 5.27561367e-01 4.52989757e-01
    8.48632216e-01 4.26671386e-01 3.97635698e-02 2.09694564e-01
    4.63707924e-01 8.70081663e-01 2.35091805e-01 6.28070295e-01
    5.40083110e-01 7.26373315e-01 3.58570099e-01 6.26857877e-01
    4.58312660e-01 8.75119746e-01 9.51447845e-01 4.55454886e-02
    1.80073202e-01 8.65656316e-01 6.23521030e-01 9.81065512e-01
    9.02302384e-01 1.55427665e-01 6.65403306e-02 3.31435800e-01
    1.29862964e-01 8.12451482e-01 1.97482675e-01 6.56584978e-01
    3.31692994e-02 5.44764757e-01 1.91374332e-01 2.88971424e-01
    7.49621391e-01 9.50722575e-01 4.91246223e-01 7.12941229e-01
    6.41865253e-01 9.14153039e-01 1.32400125e-01 9.33183432e-01
    2.07141370e-01 5.01786292e-01 2.36873031e-02 9.62660074e-01
    6.71935201e-01 2.62554884e-01 8.08848143e-01 9.25038099e-01
    4.31393772e-01 7.87413120e-01 4.46055233e-01 3.33822012e-01
    2.55877674e-02 1.98935837e-01 4.71006334e-01 9.20313597e-01
    2.49243945e-01 3.90514731e-01 1.53130084e-01 4.75398809e-01
    9.96066928e-01 2.29497403e-01 6.96020722e-02 9.49869633e-01
    7.25217342e-01 8.27032328e-01 5.45352995e-01 1.80263937e-01
    1.39794111e-01 5.87956131e-01 1.63609356e-01 6.56412721e-01
    8.17649364e-01 8.31958771e-01 8.00444841e-01 6.77729011e-01
    6.96066260e-01 1.98596209e-01 9.06693578e-01 6.94733858e-03
    9.87086713e-01 4.72535044e-01 5.27310908e-01 5.28447449e-01
    2.46837914e-01 6.99919581e-01 6.84052110e-02 4.68710572e-01
    4.02916938e-01 1.01060212e-01 6.57437444e-02 7.38853216e-01
    6.27704680e-01 3.41525733e-01 5.82494915e-01 2.54718482e-01
    8.36253345e-01 1.04863912e-01 2.48130590e-01 5.86596131e-01
    2.42193043e-01 3.49566340e-03 2.56467760e-02 3.08353603e-01
    1.31864011e-01 1.11447155e-01 1.07634962e-02 5.76119602e-01
    4.82296646e-02 7.26027489e-01 7.96412110e-01 8.99256468e-02
    2.27539808e-01 6.78374052e-01 1.76363945e-01 5.92975020e-01
    9.46926892e-01 5.46259880e-01 6.92929327e-01 9.92478728e-01
    9.82199609e-01 3.47594202e-01 8.03984702e-02 5.27680337e-01
    5.02941728e-01 7.60440946e-01 1.74751580e-01 8.31748128e-01
    5.03123224e-01 5.60184240e-01 8.15154076e-01 7.66085505e-01
    8.84459376e-01 4.84069586e-01 8.36638451e-01 2.81981468e-01
    2.76703775e-01 6.80916905e-01 2.42274165e-01 5.08610368e-01
    4.04219538e-01 2.69067287e-01 8.05941522e-01 2.28241146e-01
    1.78599238e-01 7.45730400e-01 8.55719566e-01 3.38476598e-01
    7.46579289e-01 7.00840175e-01 5.09555280e-01 4.96492296e-01
    7.47698963e-01 1.16699219e-01 9.56817031e-01 3.25185180e-01
    4.90034401e-01 3.20321441e-01 2.59500861e-01 5.62159181e-01
    1.76767886e-01 3.46385479e-01 8.18091989e-01 7.94896066e-01
    4.68018949e-01 8.42153788e-01 7.41997838e-01 1.30399257e-01
    1.25776291e-01 1.06487066e-01 3.99508566e-01 3.79652619e-01
    6.72053397e-01 9.71063435e-01 3.12784135e-01 6.25315905e-01
    9.36675429e-01 3.27926815e-01 2.21684963e-01 1.06650352e-01
    8.67551088e-01 5.13841391e-01 5.01969874e-01 9.41724062e-01
    2.06885695e-01 5.59979916e-01 1.35078907e-01 8.77419710e-01
    3.97462279e-01 3.89166385e-01 7.70010591e-01 7.54271388e-01
    7.64189959e-01 2.50691891e-01 2.40653783e-01 1.59716815e-01
    8.97264481e-01 6.79667413e-01 3.62370223e-01 1.22712314e-01
    5.64212501e-01 6.98088348e-01 4.51723576e-01 5.34039557e-01
    9.56657529e-01 7.73600817e-01 2.99846888e-01 6.19170666e-01
    7.88881600e-01 1.16630733e-01 4.07130241e-01 9.47613120e-02
    3.40440154e-01 7.99167514e-01 2.80057490e-02 8.44504058e-01
    8.23077559e-02 5.37420034e-01 9.07934010e-02 9.45938051e-01
    6.54954910e-01 8.35721254e-01 7.30438650e-01 3.30660969e-01
    7.89968789e-01 9.07174945e-01 8.12155604e-01 1.18759006e-01
    6.27272189e-01 2.57233977e-02 9.02967453e-02 4.94003832e-01
    6.84388936e-01 5.66075265e-01 4.22105461e-01 2.99507797e-01
    6.53667033e-01 3.60444605e-01 7.56811500e-01 2.13423401e-01
    7.16062069e-01 2.61962354e-01 1.49903297e-02 8.66507649e-01
    9.14988518e-01 9.67149258e-01 4.82984126e-01 3.59494150e-01
    7.95832276e-03 1.47525996e-01 7.66694188e-01 9.85600293e-01
    9.50768054e-01 8.23029280e-01 2.18198270e-01 5.31238139e-01
    2.94123054e-01 7.00221181e-01 2.40988731e-01 9.51174855e-01
    9.47634280e-01 1.03286028e-01 8.16704273e-01 8.46611917e-01
    9.67448950e-01 2.85603166e-01 8.01133990e-01 1.69184744e-01
    5.88071823e-01 5.22139788e-01 4.50316817e-01 1.33851171e-03
    8.53309631e-01 6.29657030e-01 5.37864089e-01 3.09515893e-01
    6.84483528e-01 8.50395083e-01 3.93678486e-01 6.33288622e-01
    7.78528810e-01 4.05090421e-01 4.98284191e-01 9.08635020e-01
    2.24616557e-01 4.18186992e-01 3.50669920e-01 2.05338657e-01
    1.87280416e-01 8.22385907e-01 1.21909976e-02 1.89150125e-01
    3.26637030e-01 5.40647686e-01 3.52627933e-01 2.97975540e-01
    1.32883161e-01 4.71401542e-01 5.40423751e-01 2.11535752e-01
    6.77923262e-01 5.80376208e-01 7.62563229e-01 9.89745140e-01
    7.88449883e-01 9.53417778e-01 3.95812511e-01 4.30299312e-01
    2.57060528e-02 2.38584280e-01 9.12750959e-01 5.98918557e-01
    2.30160654e-01 6.66479111e-01 1.42963231e-02 9.66855228e-01
    9.64961052e-01 1.33329928e-01 4.04606313e-01 3.70846659e-01
    8.23459327e-01 2.46132731e-01 6.63159192e-01 5.60978830e-01
    1.89163059e-01 7.62796998e-02 3.77010792e-01 4.01639640e-01
    2.66346365e-01 5.47889471e-01 1.31445765e-01 7.77882636e-01
    5.43493807e-01 7.77264595e-01 5.57452559e-01 4.98144031e-01
    5.69032729e-02 6.65504873e-01 8.95863295e-01 7.20199227e-01
    4.56982642e-01 9.67649400e-01 5.44712067e-01 3.91787648e-01
    3.82156342e-01 3.11837792e-01 7.71632671e-01 6.35436654e-01
    4.53271449e-01 1.34310842e-01 8.94086361e-01 3.60906303e-01
    4.51490045e-01 7.27417409e-01 5.47125041e-02 6.21545732e-01
    3.52117658e-01 2.34628618e-01 2.90427595e-01 8.14511180e-01</data></test_img>
<test_filter type_id="opencv-matrix">
  <rows>11</rows>
  <cols>11</cols>
  <dt>f</dt>
  <data>
    7.43813157e-01 7.06869125e-01 2.92287201e-01 3.30740869e-01
    6.13989294e-01 1.03186280e-01 2.77666092e-01 7.83547819e-01
    3.02634358e-01 6.07188702e-01 3.10764343e-01 7.17261672e-01
    2.93182343e-01 7.20118761e-01 4.56437707e-01 6.34180188e-01
    8.91766250e-02 3.92335176e-01 2.57938236e-01 2.04880476e-01
    7.27031350e-01 5.05936444e-02 5.87174118e-01 5.91470242e-01
    5.82865953e-01 8.11064661e-01 3.72428715e-01 2.73759037e-01
    4.82546180e-01 8.03956985e-01 8.24254513e-01 3.26706588e-01
    6.26322329e-01 6.99464381e-01 1.75778955e-01 6.14281774e-01
    7.04216659e-01 7.41009295e-01 9.55471456e-01 1.83237910e-01
    9.01076496e-02 5.74902892e-01 6.74148381e-01 4.33325768e-01
    6.52420938e-01 2.74770647e-01 9.53463435e-01 5.59085965e-01
    9.46654916e-01 8.09728503e-01 2.25240201e-01 7.99721420e-01
    3.03589046e-01 3.91152203e-01 1.90196425e-01 6.36890769e-01
    7.29403257e-01 1.42062694e-01 1.80129021e-01 6.58936977e-01
    5.08973837e-01 3.37951303e-01 2.35480815e-01 5.00210166e-01
    6.90942526e-01 2.00180411e-02 1.61747634e-01 6.24139786e-01
    4.39357609e-01 1.16640329e-03 3.98149967e-01 4.62774485e-01
    4.22489643e-02 9.68767524e-01 7.50782728e-01 2.45917767e-01
    3.61774951e-01 5.98755598e-01 5.31244934e-01 8.90122175e-01
    1.86812282e-01 8.56257975e-01 5.91168880e-01 9.51756597e-01
    9.11011934e-01 3.81984293e-01 8.62676978e-01 1.64620668e-01
    2.81208813e-01 6.18364513e-01 5.49579263e-01 6.76579118e-01
    8.65762949e-01 4.30998027e-01 4.24317241e-01 3.80446881e-01
    7.61075437e-01 9.03015077e-01 4.30877388e-01 7.92514443e-01
    4.52720225e-01 9.80995059e-01 8.52953076e-01 6.19386613e-01
    6.55876994e-02 7.70087242e-01 8.00580263e-01 2.11171895e-01
    3.06735933e-02 8.55945706e-01 3.31528306e-01 7.22025096e-01
    9.88328159e-02 4.71634865e-02 4.41341579e-01 4.59489495e-01
    4.67571110e-01 4.48069572e-02 7.93802619e-01 4.66280311e-01
    2.95746684e-01</data></test_filter>
<my_img type_id="opencv-matrix">
  <rows>118</rows>
  <cols>246</cols>
  <dt>f</dt>
  <data>
    3.03584938e+01 3.07198906e+01 2.95731239e+01 3.13642445e+01
    2.92812767e+01 3.16359119e+01 3.13454056e+01 3.22345695e+01
    3.24426231e+01 3.41706390e+01 3.20322571e+01 3.21100616e+01
    3.33119125e+01 3.19189529e+01 3.21271019e+01 3.23737259e+01
    3.25875053e+01 2.99191628e+01 3.05430508e+01 2.80616894e+01
    2.93109932e+01 3.00663605e+01 3.11790257e+01 3.01012840e+01
    2.96924553e+01 3.06067028e+01 2.89958820e+01 2.88575554e+01
    3.07241879e+01 2.92540855e+01 2.89752827e+01 2.88474312e+01
    2.84914474e+01 2.79171906e+01 2.85507240e+01 3.06038456e+01
    3.14609814e+01 2.99747734e+01 3.27652283e+01 3.35696831e+01
    3.06042099e+01 3.12321644e+01 3.07388916e+01 3.19007378e+01
    3.06727085e+01 2.92876873e+01 3.04775734e+01 2.71142941e+01
    2.82187004e+01 2.28566818e+01 2.70783443e+01 2.67264938e+01
    2.67256794e+01 2.72381840e+01 2.69041195e+01 2.60676212e+01
    2.75556602e+01 2.81648293e+01 2.87753372e+01 2.92191181e+01
    3.12082558e+01 3.35431900e+01 2.97179890e+01 3.19704361e+01
    3.03866253e+01 3.31029167e+01 3.24110184e+01 3.00298386e+01
    3.09501228e+01 3.26798325e+01 3.08460770e+01 3.08836880e+01
    2.83608284e+01 3.03721142e+01 3.06403866e+01 3.02499371e+01
    2.89143600e+01 3.00173969e+01 3.08339882e+01 3.02069569e+01
    3.02698593e+01 3.13198223e+01 3.14285297e+01 3.29557762e+01
    3.28511124e+01 3.12392330e+01 3.28446198e+01 3.39359779e+01
    3.31928749e+01 3.31184464e+01 3.26115990e+01 3.28216095e+01
    3.15201969e+01 3.29329414e+01 3.23708954e+01 3.04662495e+01
    3.06165180e+01 3.17949390e+01 3.22323723e+01 3.10499706e+01
    3.15649223e+01 3.21637535e+01 3.03334560e+01 3.20307503e+01
    3.24881325e+01 3.13972130e+01 2.96805534e+01 3.25397148e+01
    3.06795616e+01 3.01468468e+01 3.14698391e+01 3.19913692e+01
    2.99265881e+01 3.22234344e+01 2.93257885e+01 3.06670208e+01
    3.30183449e+01 3.15922642e+01 2.87715225e+01 2.88750343e+01
    3.12973633e+01 2.89508400e+01 2.91099415e+01 3.37674522e+01
    3.14474068e+01 3.02706337e+01 3.29670868e+01 3.29859886e+01
    3.09936829e+01 3.31844902e+01 3.26837921e+01 3.31522942e+01
    3.30470810e+01 3.08480225e+01 3.16443367e+01 3.13027744e+01
    2.94651508e+01 3.19775925e+01 3.07831154e+01 3.09451752e+01
    2.99743996e+01 3.19807816e+01 3.27612114e+01 2.89755058e+01
    2.94046707e+01 2.97943192e+01 3.18184376e+01 2.75631046e+01
    2.86999302e+01 2.93377457e+01 2.69550209e+01 2.75152607e+01
    2.78774071e+01 2.73796101e+01 2.64145279e+01 2.78115520e+01
    2.82012825e+01 2.66261101e+01 2.86192627e+01 3.05677814e+01
    2.79362125e+01 3.02846622e+01 3.15043278e+01 3.03881016e+01
    3.21677284e+01 3.04744339e+01 3.09075775e+01 3.20099449e+01
    3.18871899e+01 3.26280441e+01 3.10639591e+01 3.20594864e+01
    3.21743164e+01 3.09433479e+01 2.98053360e+01 3.07655201e+01
    3.11439342e+01 3.03936996e+01 3.02171040e+01 3.15396347e+01
    3.13998051e+01 3.29097977e+01 3.17151947e+01 2.83404770e+01
    3.03746471e+01 2.96129570e+01 3.01832085e+01 3.06619053e+01
    3.18543873e+01 3.16382904e+01 3.18241196e+01 3.13739529e+01
    3.01378460e+01 3.07260971e+01 3.33429184e+01 3.17163277e+01
    3.17062569e+01 2.96511726e+01 3.17369270e+01 3.09669781e+01
    2.99407120e+01 2.89977016e+01 2.87709713e+01 3.07338600e+01
    2.93292885e+01 3.09498501e+01 3.19135132e+01 3.01294041e+01
    3.09693203e+01 2.97911072e+01 3.06143169e+01 2.98701019e+01
    2.95038223e+01 3.03048763e+01 3.20172768e+01 3.23390732e+01
    3.00397129e+01 3.06237068e+01 2.83926888e+01 2.90116653e+01
    3.00736122e+01 3.01322384e+01 3.16173000e+01 3.06429539e+01
    3.05584564e+01 3.08003845e+01 3.21564636e+01 3.17505398e+01
    3.25703354e+01 3.18130112e+01 3.17169476e+01 3.31082993e+01
    3.21123428e+01 3.13476677e+01 3.25771408e+01 3.31397896e+01
    3.09865227e+01 3.26091423e+01 3.34165077e+01 3.11583576e+01
    3.21779022e+01 3.11418514e+01 3.04625797e+01 3.06505241e+01
    3.12010689e+01 3.09294090e+01 3.11121521e+01 3.10967026e+01
    2.88263779e+01 3.10160484e+01 3.05367508e+01 3.09584866e+01
    2.99954052e+01 3.10566025e+01 3.40683022e+01 3.31263275e+01
    3.06850662e+01 3.21960144e+01 3.22714157e+01 3.33078461e+01
    3.25308990e+01 3.16833019e+01 3.12950974e+01 3.12319794e+01
    3.03708820e+01 2.79688683e+01 3.01087704e+01 2.91247845e+01
    3.05929070e+01 3.15937557e+01 2.99710426e+01 3.04362545e+01
    2.83673191e+01 3.04175072e+01 2.99860363e+01 2.83024273e+01
    2.91275253e+01 3.03418121e+01 2.81292686e+01 2.78611908e+01
    2.87747517e+01 2.98911095e+01 3.10667858e+01 3.02493782e+01
    3.27413979e+01 3.30197144e+01 3.37450142e+01 3.34166641e+01
    3.12303543e+01 3.30662727e+01 3.18012562e+01 3.01342831e+01
    3.02259464e+01 2.90643864e+01 2.91217976e+01 2.60879650e+01
    2.68848782e+01 2.66776047e+01 2.88827744e+01 2.68815651e+01
    2.81545811e+01 2.89911842e+01 2.83596325e+01 2.77225552e+01
    2.67834320e+01 3.04305515e+01 2.91827431e+01 2.95057087e+01
    3.03883038e+01 3.13217030e+01 3.07852306e+01 3.11330185e+01
    2.89769745e+01 3.03666000e+01 3.13143997e+01 3.09653492e+01
    3.08507881e+01 3.05033588e+01 2.85961456e+01 2.86437607e+01
    2.84521713e+01 2.99641857e+01 2.89820919e+01 2.98063393e+01
    3.10611210e+01 2.77800941e+01 2.93936176e+01 3.12738857e+01
    3.22650833e+01 3.19606628e+01 3.25021553e+01 3.48592606e+01
    3.43654709e+01 3.30247383e+01 3.15045376e+01 3.51992340e+01
    3.48834152e+01 3.36136398e+01 3.29498978e+01 3.28608589e+01
    3.08183117e+01 3.36152611e+01 3.16044559e+01 3.05005264e+01
    3.21275482e+01 3.24850082e+01 3.16882229e+01 3.02029762e+01
    3.19894829e+01 3.02677193e+01 3.16747952e+01 3.15639477e+01
    2.97361317e+01 3.15166664e+01 2.98748684e+01 3.17857513e+01
    3.10387516e+01 3.05986843e+01 3.08184395e+01 2.91349506e+01
    3.03188877e+01 3.09169674e+01 3.13712616e+01 3.16343899e+01
    2.96872959e+01 3.24221382e+01 3.19090157e+01 3.06493969e+01
    3.15970230e+01 3.23176956e+01 3.18130665e+01 3.32492104e+01
    3.09862194e+01 3.17768402e+01 3.23619614e+01 3.32503738e+01
    3.10033302e+01 3.32389717e+01 3.28395615e+01 3.16718616e+01
    3.13731384e+01 3.04236755e+01 3.22351685e+01 3.11635513e+01
    3.04903679e+01 3.23058586e+01 3.14616871e+01 3.17200241e+01
    3.11663227e+01 2.99639359e+01 2.96772537e+01 2.90182095e+01
    2.95322876e+01 2.82287922e+01 2.81977158e+01 2.76013756e+01
    2.79960327e+01 2.63277435e+01 2.53404789e+01 2.61558495e+01
    2.77979984e+01 2.61936722e+01 2.90788746e+01 2.76622753e+01
    2.83250523e+01 2.84196911e+01 2.99364166e+01 3.19695339e+01
    3.02761726e+01 3.19138184e+01 3.22877693e+01 3.21618614e+01
    3.16309605e+01 3.15741253e+01 3.11959133e+01 3.28241310e+01
    3.03931828e+01 3.05271530e+01 3.04912777e+01 2.97305984e+01
    2.88932610e+01 2.88623085e+01 3.07521362e+01 3.12655449e+01
    3.01944027e+01 3.34418678e+01 3.11133423e+01 3.28662148e+01
    3.12943020e+01 2.98671284e+01 3.08325634e+01 3.06464748e+01
    3.26000786e+01 3.15635204e+01 3.12953396e+01 3.19317074e+01
    3.26644287e+01 3.12123833e+01 3.18861256e+01 3.16390133e+01
    3.13192959e+01 3.35214691e+01 3.22492638e+01 3.17765827e+01
    3.14414139e+01 3.03536758e+01 3.06585789e+01 2.99707241e+01
    3.10557995e+01 2.90510750e+01 2.82163620e+01 3.04813652e+01
    3.03904381e+01 2.86479053e+01 2.86416130e+01 3.10769329e+01
    2.94347553e+01 3.04635735e+01 3.15395985e+01 2.94990711e+01
    3.24572563e+01 2.98062592e+01 2.96054649e+01 2.88606625e+01
    2.90138435e+01 2.95247040e+01 2.72343311e+01 2.93421497e+01
    3.24082832e+01 3.08957653e+01 3.04961491e+01 3.01307259e+01
    3.18545647e+01 3.33390808e+01 3.21514244e+01 3.31330566e+01
    3.37165489e+01 3.21949348e+01 3.25631866e+01 3.24176369e+01
    3.33736916e+01 2.98700352e+01 3.27912674e+01 3.20725098e+01
    3.06935310e+01 3.11861229e+01 3.19568748e+01 3.05701790e+01
    2.94649105e+01 3.06055241e+01 3.03098602e+01 3.08634911e+01
    2.89047222e+01 2.89444065e+01 3.04213295e+01 3.12358150e+01
    2.94634342e+01 2.99344711e+01 3.11698380e+01 3.29519348e+01
    3.33438950e+01 3.24110260e+01 3.10629539e+01 3.12998295e+01
    3.18269482e+01 3.08913021e+01 3.14947605e+01 3.16165085e+01
    3.13395672e+01 3.15391922e+01 2.98282051e+01 2.88475971e+01
    3.06430206e+01 3.11438141e+01 3.16642933e+01 3.06590137e+01
    3.13552971e+01 3.30886078e+01 3.02534885e+01 2.95366154e+01
    2.87022266e+01 3.15960102e+01 2.91814861e+01 2.92857990e+01
    2.86246319e+01 2.95333309e+01 2.82224960e+01 2.95554352e+01
    3.03282700e+01 2.98571320e+01 3.22190857e+01 3.27248383e+01
    3.25205460e+01 3.18140144e+01 3.23495216e+01 3.14839821e+01
    3.10168610e+01 2.84842319e+01 2.79964542e+01 3.05443745e+01
    2.65244312e+01 2.50022850e+01 2.63718929e+01 2.76645718e+01
    2.59474125e+01 2.70540199e+01 2.93776627e+01 2.69500866e+01
    2.75916443e+01 2.86601181e+01 2.74244537e+01 2.87846851e+01
    2.85958920e+01 3.02054482e+01 3.00395241e+01 2.88631878e+01
    3.04150238e+01 3.11510658e+01 3.13099918e+01 3.03769913e+01
    2.85210876e+01 3.13546448e+01 3.05285759e+01 3.02116642e+01
    3.09484425e+01 2.81051350e+01 2.87334747e+01 2.98776035e+01
    2.81924686e+01 2.88402214e+01 3.04256916e+01 2.97367573e+01
    3.00887909e+01 2.99834423e+01 3.23987312e+01 3.26616783e+01
    3.28193855e+01 3.34581490e+01 3.27028732e+01 3.27672195e+01
    3.39879608e+01 3.33927307e+01 3.34230881e+01 3.57568588e+01
    3.35314445e+01 3.40274239e+01 3.29743195e+01 3.14540939e+01
    3.19638271e+01 3.27624435e+01 3.15344849e+01 3.21498642e+01
    3.04678593e+01 3.11767769e+01 2.97540703e+01 3.05365868e+01
    3.06580982e+01 2.83110676e+01 2.91948681e+01 3.21581726e+01
    3.14836388e+01 3.17431202e+01 3.05959072e+01 3.23379326e+01
    3.03939705e+01 3.13046799e+01 3.08483925e+01 3.05299797e+01
    3.21184769e+01 3.19430599e+01 3.20003700e+01 3.01473389e+01
    2.94419422e+01 3.16761627e+01 3.16819954e+01 3.13849792e+01
    3.13149872e+01 3.04258385e+01 3.09294834e+01 3.19888573e+01
    3.14119148e+01 3.16239605e+01 3.06777344e+01 3.10565338e+01
    3.24457588e+01 3.22647247e+01 3.08537998e+01 2.94437618e+01
    3.06716766e+01 2.96048203e+01 3.01411228e+01 3.09749966e+01
    2.85049343e+01 3.13847351e+01 2.96891842e+01 2.94036789e+01
    2.81749516e+01 2.91269512e+01 2.92398720e+01 2.98397312e+01
    2.81646900e+01 2.78776989e+01 2.93740005e+01 2.67464600e+01
    2.59085827e+01 2.55789986e+01 2.70210438e+01 2.91927185e+01
    2.73690948e+01 2.91264992e+01 2.74150715e+01 2.86353016e+01
    2.91276417e+01 2.93555470e+01 3.22946243e+01 3.11253796e+01
    3.21204453e+01 3.11868668e+01 3.04175510e+01 3.08618736e+01
    2.88750553e+01 3.10435524e+01 3.08235931e+01 3.18744202e+01
    3.09736290e+01 3.01710911e+01 2.83314018e+01 2.83540363e+01
    2.92205753e+01 2.90984154e+01 2.98340454e+01 3.19543266e+01
    3.08005619e+01 3.21024208e+01 3.11260204e+01 3.13490734e+01
    3.18211288e+01 3.25215454e+01 3.17748280e+01 3.19828415e+01
    3.23169403e+01 3.22564430e+01 3.09508610e+01 3.26625175e+01
    3.13968678e+01 3.05718040e+01 3.23104706e+01 3.07628651e+01
    3.17010384e+01 2.97212601e+01 2.92071476e+01 3.09383812e+01
    3.00115662e+01 2.85379200e+01 2.91370926e+01 3.07601414e+01
    3.09423542e+01 2.90417442e+01 2.97902412e+01 3.05514030e+01
    2.90331249e+01 2.95669937e+01 3.14486771e+01 3.15577221e+01
    2.85626812e+01 3.07045918e+01 2.92165318e+01 2.78054523e+01
    2.93321972e+01 2.90839233e+01 2.86978130e+01 2.67050762e+01
    3.00879536e+01 2.91212063e+01 3.00021801e+01 3.11031399e+01
    3.00636768e+01 3.08735180e+01 3.14680729e+01 3.27727165e+01
    3.21836205e+01 3.32985229e+01 3.34789963e+01 3.38205719e+01
    3.15222492e+01 3.25963516e+01 3.17614498e+01 3.05921650e+01
    3.19756832e+01 2.87878304e+01 3.04201603e+01 3.04730606e+01
    2.99460754e+01 2.95905914e+01 3.19922962e+01 3.01882191e+01
    2.88988934e+01 3.02933769e+01 2.94982967e+01 3.09722023e+01
    2.96304512e+01 2.76490822e+01 2.85797329e+01 3.01400528e+01
    2.88354645e+01 3.04304180e+01 3.27834587e+01 3.25561447e+01
    3.17395859e+01 3.09200840e+01 2.98722420e+01 2.98941517e+01
    3.13628922e+01 2.93459454e+01 3.18552189e+01 3.08726273e+01
    3.03336601e+01 3.02227116e+01 2.98373947e+01 3.00739346e+01
    2.94266529e+01 3.08972263e+01 3.02964420e+01 3.08230743e+01
    3.05762119e+01 3.16343422e+01 2.96477375e+01 2.97545414e+01
    2.98141327e+01 3.00164585e+01 2.97388363e+01 2.85976868e+01
    2.81993313e+01 3.07600842e+01 3.00404320e+01 3.16893005e+01
    3.35139771e+01 3.25871048e+01 3.16838818e+01 3.37168312e+01
    3.07043819e+01 3.15907288e+01 3.07733288e+01 3.08148041e+01
    3.03195896e+01 3.02938995e+01 2.87144165e+01 2.67707996e+01
    2.61557732e+01 2.51581211e+01 2.95472469e+01 2.83572960e+01
    2.67393436e+01 2.79453487e+01 2.90877151e+01 2.63818665e+01
    2.65631104e+01 2.97038517e+01 2.85299911e+01 2.93281136e+01
    2.82473946e+01 3.01413708e+01 2.99367046e+01 3.09618664e+01
    2.99195061e+01 2.93430309e+01 3.13582306e+01 2.99648724e+01
    2.93269596e+01 2.95933571e+01 2.94876232e+01 3.00897713e+01
    2.94462738e+01 2.92313404e+01 2.72760754e+01 3.03979206e+01
    2.87736206e+01 2.98722191e+01 2.89079552e+01 2.97993622e+01
    3.21481667e+01 3.13326817e+01 2.99325581e+01 3.30268364e+01
    3.46615639e+01 3.20896072e+01 3.26033707e+01 3.49936295e+01
    3.39520035e+01 3.49185257e+01 3.40743904e+01 3.38767929e+01
    3.22391167e+01 3.07948189e+01 3.06433277e+01 3.02357426e+01
    3.00544567e+01 3.24571953e+01 2.95446243e+01 3.00399323e+01
    3.00981312e+01 3.15056610e+01 3.05606346e+01 3.06365700e+01
    3.06678410e+01 3.19066429e+01 3.23336906e+01 3.25429382e+01
    2.98223667e+01 3.21445541e+01 3.19794025e+01 3.28187103e+01
    3.08475208e+01 3.25303688e+01 3.17744999e+01 3.14554176e+01
    2.97108116e+01 3.06246471e+01 3.20352364e+01 2.99582729e+01
    3.00873032e+01 2.98204422e+01 3.06447887e+01 3.01093998e+01
    3.01678085e+01 3.06791954e+01 3.02753220e+01 3.22388611e+01
    3.18729496e+01 3.24272346e+01 3.34545517e+01 3.22648697e+01
    3.32070465e+01 3.01411304e+01 3.05137348e+01 3.16838551e+01
    2.98422508e+01 3.02718067e+01 3.04219303e+01 3.12702847e+01
    3.02500687e+01 2.93112965e+01 2.97273769e+01 2.85584831e+01
    2.89832821e+01 2.93078175e+01 2.89506531e+01 2.84266911e+01
    2.85890656e+01 2.73161449e+01 2.64460106e+01 2.63340130e+01
    2.88191376e+01 2.87258301e+01 2.68803082e+01 2.92588406e+01
    2.90525246e+01 2.77986012e+01 2.81922913e+01 3.09082584e+01
    3.14749374e+01 3.20447464e+01 3.09249783e+01 3.10982609e+01
    3.08906021e+01 3.11831970e+01 2.94546623e+01 3.15140438e+01
    2.95787544e+01 3.05114384e+01 2.95603638e+01 2.97893314e+01
    2.79952431e+01 2.54455395e+01 2.81461658e+01 3.04327831e+01
    2.96173897e+01 2.92737617e+01 3.24466553e+01 3.09495182e+01
    2.99595737e+01 3.15891171e+01 2.96032791e+01 3.13924236e+01
    3.28797035e+01 3.29686890e+01 2.99735718e+01 3.07179050e+01
    2.94369164e+01 3.06422062e+01 2.97349606e+01 2.90855217e+01
    3.05284004e+01 2.95274391e+01 3.02962475e+01 2.98486099e+01
    2.95419140e+01 2.87168922e+01 2.77689705e+01 2.84057484e+01
    2.93797016e+01 3.05489292e+01 2.95261765e+01 2.84966469e+01
    2.91407356e+01 2.97921276e+01 3.20408897e+01 2.79151173e+01
    3.10154839e+01 2.91832008e+01 2.92997513e+01 2.76122265e+01
    2.77232418e+01 3.01623173e+01 2.73278370e+01 2.69363480e+01
    2.85222263e+01 2.82444859e+01 2.73921661e+01 2.61617489e+01
    2.99080296e+01 2.94349632e+01 3.09797058e+01 2.80751247e+01
    3.04293537e+01 3.17604389e+01 3.16156273e+01 3.12531223e+01
    3.40450821e+01 3.28592796e+01 3.13322639e+01 3.14151402e+01
    3.17837849e+01 3.17238655e+01 3.11123295e+01 3.11879158e+01
    3.22558975e+01 2.96899700e+01 3.16622791e+01 3.04647770e+01
    3.07350521e+01 3.11273785e+01 2.97627106e+01 2.97196026e+01
    2.76526203e+01 2.75034428e+01 2.95627270e+01 2.99101486e+01
    3.02569046e+01 2.94208927e+01 2.77342491e+01 2.93734169e+01
    3.16415501e+01 3.20246468e+01 3.11968060e+01 3.07190819e+01
    3.07513351e+01 3.12248650e+01 2.94893932e+01 3.00076580e+01
    3.30243874e+01 3.13683319e+01 3.12482738e+01 2.99232464e+01
    3.08706818e+01 3.13004513e+01 3.10118256e+01 2.97683182e+01
    3.15136261e+01 3.14810143e+01 3.15746288e+01 3.05557613e+01
    3.01835251e+01 2.97358799e+01 2.93477955e+01 2.96515026e+01
    2.76969814e+01 2.81093998e+01 2.76998730e+01 3.08483944e+01
    2.99597454e+01 2.86694965e+01 3.23230705e+01 3.17067947e+01
    3.19450130e+01 2.95253506e+01 3.02812824e+01 3.33703461e+01
    3.04708786e+01 3.07040005e+01 2.95857220e+01 2.99739628e+01
    2.91706028e+01 2.72761002e+01 2.81848831e+01 2.79927158e+01
    2.94228153e+01 2.82642460e+01 2.90706310e+01 2.89268894e+01
    2.68547897e+01 2.75789986e+01 2.85261612e+01 2.94719467e+01
    3.02486324e+01 3.04276066e+01 2.91453705e+01 2.92995586e+01
    2.74632282e+01 3.18083191e+01 3.07222691e+01 3.06960659e+01
    2.90467567e+01 2.94626503e+01 2.76260376e+01 2.76706963e+01
    3.03179417e+01 2.96925430e+01 2.97282410e+01 2.95053596e+01
    2.92694855e+01 2.83182468e+01 2.94680023e+01 3.04258785e+01
    3.04086018e+01 3.02567196e+01 3.07469578e+01 3.18338852e+01
    3.10401058e+01 3.28976555e+01 3.17481575e+01 3.27873268e+01
    3.36041183e+01 3.33093338e+01 3.29578781e+01 3.38999710e+01
    3.45917625e+01 3.36226883e+01 3.16730080e+01 3.28270340e+01
    2.95406456e+01 3.13286400e+01 3.12974415e+01 3.09190483e+01
    3.05992203e+01 3.10527248e+01 2.99571056e+01 3.10797634e+01
    3.08690243e+01 3.09677277e+01 3.05184498e+01 3.11794662e+01
    3.30107613e+01 3.24295006e+01 3.11850243e+01 3.30745544e+01
    3.25028496e+01 3.23537560e+01 3.30000916e+01 3.16986790e+01
    3.17316704e+01 3.13447094e+01 3.10172672e+01 2.94786263e+01
    3.00596352e+01 2.98636551e+01 3.00157337e+01 2.95182743e+01
    3.17721882e+01 3.02589169e+01 2.99332066e+01 3.22817459e+01
    3.02434521e+01 3.22830658e+01 3.08774853e+01 3.23810120e+01
    3.19462109e+01 3.12856617e+01 3.10143719e+01 3.05453396e+01
    3.10221329e+01 2.79499073e+01 2.88846722e+01 2.91925983e+01
    2.96510429e+01 2.80795822e+01 2.97108879e+01 2.98688717e+01
    2.93158493e+01 2.85544357e+01 3.05322170e+01 2.95731850e+01
    3.03698196e+01 2.88581238e+01 2.91844673e+01 2.96395969e+01
    2.94166546e+01 2.91722736e+01 2.57166862e+01 2.84175014e+01
    3.03822327e+01 2.79643345e+01 2.82547264e+01 2.86885567e+01
    2.91699104e+01 3.04353180e+01 2.84734535e+01 3.18418922e+01
    2.99827595e+01 3.12481976e+01 2.96033077e+01 3.02182732e+01
    3.04126949e+01 3.11817532e+01 3.06576042e+01 3.11314011e+01
    2.93768520e+01 2.95230732e+01 2.68073864e+01 2.62844200e+01
    2.76657372e+01 2.73439217e+01 2.83680344e+01 3.09263268e+01
    3.04607334e+01 2.90461426e+01 3.11393852e+01 2.94358025e+01
    3.10540867e+01 3.19509430e+01 3.17100887e+01 3.16567841e+01
    3.04941902e+01 3.02546158e+01 3.06598663e+01 3.10276737e+01
    2.88505554e+01 2.90634708e+01 2.90812168e+01 2.87264805e+01
    2.91601143e+01 2.95947208e+01 2.95176449e+01 3.01164265e+01
    2.82372837e+01 2.79931316e+01 2.90397263e+01 2.84558163e+01
    3.05255737e+01 2.99525375e+01 2.87872639e+01 2.90044537e+01
    2.91439438e+01 2.85105286e+01 2.81194897e+01 2.84109097e+01
    2.73663120e+01 2.88609772e+01 2.88606911e+01 2.82250938e+01
    2.87652760e+01 2.73809261e+01 2.91410942e+01 2.69779091e+01
    2.75046520e+01 2.91705990e+01 2.95642872e+01 3.07169170e+01
    2.89131069e+01 3.12504539e+01 3.15796261e+01 3.09714718e+01
    3.06726398e+01 3.26175270e+01 3.41698761e+01 3.17034416e+01
    3.34472351e+01 3.17647514e+01 3.22115059e+01 3.24730453e+01
    3.34698067e+01 2.99881363e+01 3.24377022e+01 3.23222427e+01
    3.03298588e+01 2.93440399e+01 3.21510963e+01 2.98413429e+01
    2.99163151e+01 3.04888382e+01 2.77876549e+01 2.93910618e+01
    3.06944542e+01 2.74982681e+01 2.79121475e+01 2.80306110e+01
    2.88242416e+01 2.99843578e+01 3.03641644e+01 3.17270279e+01
    3.22032127e+01 2.98251266e+01 3.02480412e+01 2.93648911e+01
    2.94624786e+01 3.08405571e+01 3.06937332e+01 3.07990551e+01
    3.05726414e+01 2.82324867e+01 2.85004387e+01 3.02225933e+01
    3.00390415e+01 2.88925610e+01 3.04526997e+01 2.96434250e+01
    2.86815510e+01 2.96455631e+01 3.01558037e+01 2.86769829e+01
    2.82466183e+01 2.88459549e+01 2.85748291e+01 2.91081505e+01
    2.79653378e+01 2.88621044e+01 2.84964790e+01 2.81511669e+01
    3.23607330e+01 2.94067287e+01 3.04665318e+01 2.85517330e+01
    2.95185680e+01 3.06154728e+01 3.00110397e+01 2.94066391e+01
    3.01240082e+01 2.94741364e+01 2.93969746e+01 2.83385181e+01
    2.71251698e+01 2.87961311e+01 3.15720863e+01 3.02946129e+01
    2.90520973e+01 2.94677467e+01 2.92208366e+01 2.89344940e+01
    3.04987679e+01 3.00327988e+01 3.09515476e+01 3.01838856e+01
    2.87155895e+01 2.85726948e+01 2.90339184e+01 3.04365044e+01
    3.00244446e+01 2.88018551e+01 3.03864632e+01 2.99175949e+01
    2.73942757e+01 2.75066681e+01 2.74116650e+01 2.89175396e+01
    3.07901917e+01 3.03041306e+01 2.95216045e+01 3.03645725e+01
    2.94595089e+01 2.94049053e+01 2.96581554e+01 3.01022587e+01
    3.08803234e+01 3.10272160e+01 3.21813164e+01 3.13874702e+01
    3.10611000e+01 3.34357719e+01 3.01791134e+01 3.34704094e+01
    3.45471954e+01 3.47800522e+01 3.42193336e+01 3.50581322e+01
    3.22657776e+01 3.14934464e+01 3.19054298e+01 3.19512806e+01
    3.13222828e+01 3.34969368e+01 3.11669731e+01 3.11530647e+01
    3.08444786e+01 3.05864754e+01 3.14249496e+01 3.14706650e+01
    2.89575138e+01 3.00861530e+01 3.32722092e+01 3.24925613e+01
    3.01232529e+01 3.15045738e+01 3.12116718e+01 2.98756313e+01
    2.97907658e+01 3.03247719e+01 3.13728085e+01 3.09438381e+01
    2.97571907e+01 2.87954521e+01 3.16776676e+01 3.17113171e+01
    2.92396755e+01 3.02001762e+01 3.08236980e+01 3.08354416e+01
    3.16733570e+01 3.13039017e+01 3.18822727e+01 3.10442085e+01
    3.22113419e+01 3.12085838e+01 3.09657040e+01 3.09843559e+01
    3.03891525e+01 2.94456367e+01 2.81380634e+01 2.93665047e+01
    2.97610512e+01 2.74055195e+01 2.86392326e+01 3.02272282e+01
    2.95908833e+01 2.99780045e+01 2.74973335e+01 3.00749569e+01
    3.30064011e+01 2.99166203e+01 3.11232719e+01 2.98580799e+01
    3.33630867e+01 3.06009598e+01 2.97605820e+01 2.94195328e+01
    2.95998363e+01 2.93147335e+01 2.95993080e+01 2.86092262e+01
    2.86713085e+01 3.03717899e+01 2.95014286e+01 2.77344189e+01
    3.00597878e+01 3.12341557e+01 3.12397385e+01 3.01834316e+01
    3.10080318e+01 3.12704105e+01 3.08087807e+01 3.06725464e+01
    3.16808472e+01 3.10860348e+01 2.89421272e+01 3.00210114e+01
    2.88623791e+01 2.64970627e+01 2.80607052e+01 2.92996902e+01
    2.88545494e+01 2.79898319e+01 2.89804192e+01 3.03409557e+01
    3.02069359e+01 2.95458183e+01 3.09835110e+01 3.08767166e+01
    3.20039749e+01 3.23657341e+01 3.01163387e+01 2.96862240e+01
    3.07826424e+01 2.98545055e+01 2.94290791e+01 2.89451942e+01
    2.98565140e+01 2.91587372e+01 3.01907425e+01 2.99959717e+01
    2.89139557e+01 3.04790230e+01 2.96016922e+01 2.68603935e+01
    2.79849415e+01 2.77323532e+01 2.92787952e+01 2.79854088e+01
    2.75889816e+01 2.88715382e+01 2.90797176e+01 2.68554897e+01
    2.79917564e+01 2.97189312e+01 2.90171032e+01 2.95307369e+01
    2.85228348e+01 2.99568291e+01 2.96721859e+01 2.65540390e+01
    3.00930061e+01 2.85475788e+01 2.87213936e+01 2.83805790e+01
    2.88346214e+01 3.04970818e+01 2.86495686e+01 2.96335182e+01
    2.95492363e+01 3.14578171e+01 2.95842514e+01 3.07613735e+01
    3.23853760e+01 3.27908134e+01 3.15256405e+01 3.20654221e+01
    3.32930679e+01 3.20678978e+01 3.14579868e+01 3.07420692e+01
    3.32277489e+01 3.00241146e+01 2.91624165e+01 2.98742867e+01
    2.96920948e+01 2.92128220e+01 2.95708122e+01 2.97876377e+01
    3.11964149e+01 2.85992889e+01 2.72986012e+01 3.03716412e+01
    2.94316902e+01 2.78301239e+01 2.91858177e+01 2.83381195e+01
    2.99124031e+01 3.21153755e+01 3.18238697e+01 3.09014683e+01
    3.29073105e+01 3.07805367e+01 3.21595383e+01 3.07855015e+01
    3.20568428e+01 3.06432438e+01 3.03623447e+01 2.94741402e+01
    2.92137718e+01 3.11703415e+01 3.02503262e+01 3.02574787e+01
    3.01223583e+01 2.76766396e+01 2.89844093e+01 2.75738487e+01
    2.77205753e+01 2.81927166e+01 2.86338367e+01 2.88731251e+01
    2.78498650e+01 2.79196472e+01 2.62670078e+01 2.75933781e+01
    2.84373150e+01 2.84694252e+01 2.92370510e+01 2.85334949e+01
    3.13285046e+01 3.00507927e+01 2.91328468e+01 3.06169777e+01
    3.03787880e+01 3.12568340e+01 3.12861195e+01 3.13904991e+01
    3.24655075e+01 2.93137894e+01 2.95467167e+01 3.01576176e+01
    3.20639458e+01 3.13249416e+01 3.10526333e+01 3.06817646e+01
    2.87878399e+01 2.70004063e+01 3.03147583e+01 3.07132301e+01
    3.07378101e+01 3.17743626e+01 2.92374649e+01 2.98541698e+01
    2.89495049e+01 2.82020702e+01 3.02516594e+01 3.12923794e+01
    3.01443958e+01 2.83804264e+01 2.91799717e+01 2.74603767e+01
    2.87294502e+01 2.90991650e+01 3.07720127e+01 2.94838409e+01
    2.95902939e+01 3.05071259e+01 2.75018635e+01 2.92662373e+01
    2.70083351e+01 2.86105709e+01 2.93041458e+01 2.90382786e+01
    3.12529259e+01 3.00315361e+01 3.14879608e+01 3.01928692e+01
    3.09189034e+01 3.20449715e+01 3.33804741e+01 3.50477104e+01
    3.34109077e+01 3.37862740e+01 3.37926636e+01 3.27073860e+01
    3.19439335e+01 3.14450588e+01 3.39274940e+01 3.17634258e+01
    3.13197823e+01 3.01434669e+01 2.99956856e+01 3.08795433e+01
    2.96522579e+01 3.14731312e+01 3.03295174e+01 3.06661682e+01
    3.22848320e+01 3.10390472e+01 2.99829197e+01 3.20532227e+01
    3.21506920e+01 3.09129410e+01 2.97129879e+01 3.22398643e+01
    3.17785473e+01 3.11218605e+01 3.17869453e+01 3.10079327e+01
    3.22786827e+01 3.04653416e+01 3.23328094e+01 3.22936630e+01
    3.15818787e+01 3.37332153e+01 3.24939308e+01 3.25393753e+01
    3.16473312e+01 3.24602966e+01 3.03180065e+01 2.96307678e+01
    3.23106232e+01 3.21753578e+01 3.05022850e+01 2.96584721e+01
    3.12181892e+01 3.04756393e+01 2.93185043e+01 3.08836803e+01
    3.10792084e+01 2.99447174e+01 2.96585960e+01 3.04757080e+01
    3.09275417e+01 2.91203518e+01 3.14401360e+01 3.04039421e+01
    3.12727661e+01 3.08214245e+01 3.01696568e+01 2.81969376e+01
    2.90680332e+01 2.91546307e+01 2.72735119e+01 2.82320576e+01
    2.93261852e+01 2.92130566e+01 2.71889744e+01 2.96553802e+01
    2.94714813e+01 3.02056255e+01 2.93374405e+01 2.91100845e+01
    3.16165104e+01 3.07889385e+01 2.89048443e+01 2.87389088e+01
    2.97793045e+01 3.02781296e+01 2.98322563e+01 3.05319710e+01
    2.96172161e+01 2.87382679e+01 2.55643311e+01 2.68009148e+01
    2.77523975e+01 2.64155521e+01 2.85110760e+01 2.88398666e+01
    2.93308125e+01 2.82540264e+01 3.15391407e+01 3.17423019e+01
    3.08766060e+01 3.26249580e+01 3.17598000e+01 3.19574184e+01
    3.19310989e+01 3.13357410e+01 3.07436600e+01 3.07749233e+01
    3.23424454e+01 3.03812027e+01 2.92405758e+01 3.08014526e+01
    3.01256752e+01 2.98894444e+01 3.12112865e+01 3.02968502e+01
    2.99954472e+01 2.81615696e+01 2.66567764e+01 2.75932541e+01
    2.85620861e+01 2.80958462e+01 2.73596325e+01 2.88105545e+01
    2.88023891e+01 2.81216946e+01 2.95026855e+01 2.91097450e+01
    2.90018578e+01 2.95316238e+01 2.94271469e+01 2.97717533e+01
    2.79991035e+01 2.98879547e+01 2.97959728e+01 2.95927353e+01
    2.86996937e+01 2.99155865e+01 2.94568882e+01 2.80833359e+01
    2.97758465e+01 2.92500515e+01 2.85223007e+01 3.14190731e+01
    2.96753044e+01 3.09563103e+01 3.29542160e+01 3.24366493e+01
    3.04949989e+01 3.23505707e+01 3.12579899e+01 3.17282524e+01
    3.22274284e+01 3.12941456e+01 3.27418480e+01 3.08706417e+01
    3.13570118e+01 2.77364845e+01 3.06968136e+01 2.98025856e+01
    3.06645012e+01 3.10153084e+01 2.94394703e+01 2.98227310e+01
    3.03196259e+01 3.04720249e+01 2.87789249e+01 2.89621658e+01
    2.88598366e+01 2.99244823e+01 3.07320461e+01 3.02661057e+01
    3.04062862e+01 3.19508343e+01 3.09315758e+01 3.15608444e+01
    3.28943138e+01 3.33588905e+01 3.28899384e+01 3.19476643e+01
    3.23235855e+01 3.09949265e+01 3.02534332e+01 3.17608891e+01
    3.11324100e+01 3.05629330e+01 3.16246624e+01 3.18118973e+01
    2.90909348e+01 2.66814213e+01 3.15038986e+01 2.95469513e+01
    2.89763451e+01 2.88640060e+01 2.73588314e+01 2.86239605e+01
    2.84933224e+01 2.91259880e+01 2.61739120e+01 2.52514038e+01
    3.02326584e+01 3.06549644e+01 3.04498482e+01 2.90823307e+01
    3.07013683e+01 3.09537010e+01 3.01380634e+01 3.20094299e+01
    3.35939903e+01 3.27448120e+01 3.24534492e+01 3.04284992e+01
    3.02534618e+01 3.23462486e+01 3.21357193e+01 3.17157478e+01
    3.23095512e+01 3.02368031e+01 3.02050514e+01 2.80005989e+01
    3.02651596e+01 3.26192245e+01 3.01974430e+01 3.09450417e+01
    2.96506824e+01 2.91574135e+01 2.73373318e+01 2.92716675e+01
    2.98240662e+01 2.95191174e+01 3.04534054e+01 3.05458202e+01
    2.96508236e+01 3.00712929e+01 2.92266884e+01 2.89356422e+01
    2.95257339e+01 2.89445515e+01 3.00522060e+01 2.85746918e+01
    2.85471096e+01 2.85201912e+01 2.82322273e+01 2.80384560e+01
    2.83149872e+01 3.10268745e+01 2.94606953e+01 3.02395935e+01
    3.05192337e+01 3.08637047e+01 3.05763817e+01 3.15275688e+01
    3.31894226e+01 3.43673248e+01 3.51423759e+01 3.48065567e+01
    3.35312538e+01 3.29489784e+01 3.29359093e+01 3.35856667e+01
    3.16033325e+01 3.32096558e+01 3.09458199e+01 3.05889950e+01
    2.86881828e+01 2.92587738e+01 3.21651497e+01 3.10775433e+01
    3.03491402e+01 2.98308392e+01 3.02312527e+01 2.97052975e+01
    2.89858627e+01 2.98007202e+01 3.10948410e+01 3.19223728e+01
    2.98575439e+01 3.02073326e+01 3.18025341e+01 3.19386921e+01
    3.06490135e+01 3.05315895e+01 3.30168152e+01 3.24671631e+01
    3.20102196e+01 3.24555702e+01 3.19508514e+01 3.01509609e+01
    3.22903366e+01 3.33122902e+01 2.96777611e+01 3.26990738e+01
    3.02146015e+01 3.13855228e+01 3.15341606e+01 3.25191917e+01
    3.14847126e+01 3.04918137e+01 3.03244019e+01 3.07377033e+01
    3.23057823e+01 3.05413055e+01 2.88481407e+01 3.04691391e+01
    2.98364277e+01 2.83535347e+01 2.92098465e+01 2.88786888e+01
    3.16689472e+01 3.01128883e+01 3.10272827e+01 2.92574673e+01
    2.87221546e+01 2.99815502e+01 2.83548355e+01 2.87907276e+01
    2.91810589e+01 2.91578045e+01 2.99246655e+01 2.85422173e+01
    2.90296059e+01 2.87002792e+01 2.91051521e+01 3.15093937e+01
    2.96860523e+01 3.03854408e+01 3.07661457e+01 3.03964825e+01
    2.99058704e+01 2.90283375e+01 2.86034832e+01 3.12939701e+01
    3.02739010e+01 2.96539288e+01 2.97841167e+01 2.72271996e+01
    2.63462143e+01 2.55277157e+01 2.63867931e+01 2.70964947e+01
    2.87867889e+01 2.77214184e+01 2.98765736e+01 2.98144283e+01
    2.97045631e+01 2.81021309e+01 3.13869934e+01 3.25841789e+01
    3.10467777e+01 3.13723755e+01 3.25187111e+01 3.14186954e+01
    3.15865688e+01 3.13753662e+01 3.19503574e+01 3.17329483e+01
    2.99169445e+01 3.17927475e+01 3.06707706e+01 3.04027081e+01
    3.06692657e+01 3.02200394e+01 3.03832245e+01 2.89212551e+01
    2.76551628e+01 2.79786549e+01 2.79732533e+01 2.64430046e+01
    2.79151783e+01 2.80781517e+01 2.89776077e+01 2.91772594e+01
    2.92988014e+01 2.77430916e+01 3.02461872e+01 3.12129745e+01
    3.11361065e+01 3.09065075e+01 2.91481972e+01 3.16102791e+01
    3.09061317e+01 2.94404221e+01 3.01694469e+01 2.99299660e+01
    3.01845741e+01 2.80116978e+01 2.86107159e+01 2.91736794e+01
    3.06064625e+01 3.07313404e+01 3.04313564e+01 3.18390884e+01
    3.24266281e+01 3.48738861e+01 3.24769173e+01 3.12410641e+01
    3.36642456e+01 3.29436722e+01 2.85389156e+01 3.21728287e+01
    3.22480774e+01 3.23284569e+01 3.10341091e+01 2.91872120e+01
    3.01605854e+01 2.99929485e+01 2.93214493e+01 2.78398819e+01
    3.08292160e+01 2.88273125e+01 2.93053513e+01 2.97701397e+01
    2.76991749e+01 2.88551846e+01 2.69871197e+01 2.89832325e+01
    2.92045498e+01 3.00049229e+01 3.06706562e+01 3.05030499e+01
    3.11651382e+01 3.07268372e+01 3.05956726e+01 3.20637512e+01
    3.03136654e+01 3.02925968e+01 3.10366745e+01 3.09469376e+01
    2.99423771e+01 2.98939457e+01 3.11696091e+01 2.96515007e+01
    3.06780910e+01 2.79529552e+01 2.97371502e+01 2.79105282e+01
    2.85890789e+01 2.83868294e+01 2.85003033e+01 2.77333279e+01
    2.75697956e+01 2.93695507e+01 2.62433872e+01 2.79709206e+01
    2.79803543e+01 2.95102634e+01 2.82128601e+01 2.91792164e+01
    3.08434906e+01 3.00220776e+01 3.12933254e+01 3.18649349e+01
    3.21538620e+01 3.13480167e+01 3.05449104e+01 3.26068001e+01
    3.28491631e+01 3.09321041e+01 2.97690964e+01 3.10006905e+01
    3.24969254e+01 3.21133041e+01 3.03967285e+01 3.11376324e+01
    2.91301975e+01 2.90893860e+01 2.96348381e+01 3.21693916e+01
    3.00617123e+01 2.92806206e+01 2.90005627e+01 2.78648853e+01
    2.82557907e+01 2.81586819e+01 2.76660519e+01 3.07311268e+01
    2.96157112e+01 2.90269127e+01 2.77558231e+01 2.80284290e+01
    2.78205109e+01 2.87964401e+01 2.86231747e+01 2.67098923e+01
    2.77387371e+01 2.95595837e+01 3.07748508e+01 2.80170307e+01
    2.86179142e+01 2.91840305e+01 2.96479664e+01 2.84261703e+01
    3.16958351e+01 3.10852375e+01 3.07283401e+01 3.13221321e+01
    3.09523449e+01 3.30061035e+01 3.17778492e+01 3.38015518e+01
    3.63329163e+01 3.24596901e+01 3.47273293e+01 3.23512230e+01
    3.24752579e+01 3.29376030e+01 3.29957695e+01 3.40881958e+01
    3.07619820e+01 3.17482166e+01 3.02530003e+01 2.84896908e+01
    3.07757149e+01 2.99169197e+01 3.08763714e+01 2.98685398e+01
    2.88848114e+01 3.05616474e+01 2.94109402e+01 3.13845882e+01
    3.24600067e+01 3.13617706e+01 3.11694336e+01 3.03525372e+01
    3.07699852e+01 3.16274738e+01 3.06774445e+01 3.21372032e+01
    3.34429321e+01 3.23750114e+01 3.10496559e+01 3.24001198e+01
    3.17732029e+01 3.24378204e+01 3.18852921e+01 3.09963608e+01
    3.26840172e+01 3.21082954e+01 3.13956299e+01 3.23332520e+01
    3.24683456e+01 3.22862358e+01 3.05881176e+01 3.08940639e+01
    3.08335361e+01 3.11254025e+01 2.83843956e+01 3.11451321e+01
    2.93965397e+01 2.95580044e+01 3.01282501e+01 2.79389000e+01
    2.84127655e+01 2.94697704e+01 3.04080582e+01 3.07496185e+01
    2.93090515e+01 2.94826622e+01 3.08780022e+01 2.84323635e+01
    3.03060703e+01 2.96258545e+01 2.92281303e+01 2.89108582e+01
    2.97148781e+01 3.12841568e+01 2.96795483e+01 2.81918163e+01
    3.04892979e+01 3.18630009e+01 3.07982502e+01 3.18841591e+01
    2.99051247e+01 3.05362549e+01 3.02342682e+01 2.85813007e+01
    2.83532162e+01 2.88993511e+01 3.19687710e+01 2.94166431e+01
    2.84058514e+01 2.89099503e+01 2.72243652e+01 2.77656898e+01
    2.48048820e+01 2.74723835e+01 2.89770660e+01 2.92546177e+01
    2.83520603e+01 2.78215561e+01 3.06166458e+01 2.95260162e+01
    3.02290649e+01 3.12158909e+01 3.22521362e+01 3.11372089e+01
    3.11481228e+01 3.16081619e+01 3.12116261e+01 3.15461254e+01
    3.07219219e+01 2.89897175e+01 3.03173447e+01 3.00005989e+01
    3.01137562e+01 2.96930141e+01 2.90788956e+01 2.95283871e+01
    2.99341793e+01 2.87903538e+01 2.65169945e+01 2.71567097e+01
    2.69650555e+01 2.60882168e+01 2.65847664e+01 2.66436386e+01
    2.86078300e+01 2.74441013e+01 2.73258839e+01 2.91684952e+01
    2.93861961e+01 2.95902290e+01 2.96642933e+01 3.07121582e+01
    3.03859043e+01 3.00577679e+01 3.11935711e+01 2.94098511e+01
    3.03301754e+01 2.96761665e+01 2.92162266e+01 3.10020752e+01
    3.01528988e+01 2.99698410e+01 3.00421906e+01 3.14787464e+01
    3.08188725e+01 3.07654839e+01 3.36445541e+01 3.25260849e+01
    3.14134636e+01 3.15600929e+01 3.24978065e+01 2.91478634e+01
    3.18853493e+01 3.10855770e+01 3.09967403e+01 3.12393150e+01
    2.86783257e+01 2.87805576e+01 2.85412292e+01 2.93697376e+01
    2.83127232e+01 2.97863827e+01 2.78307362e+01 2.80061398e+01
    2.98974228e+01 2.84576416e+01 2.79702282e+01 2.57412052e+01
    2.64760933e+01 2.74129906e+01 2.73292904e+01 2.94696693e+01
    2.86969948e+01 2.83795757e+01 3.12269497e+01 2.86895313e+01
    3.01564465e+01 3.07524681e+01 3.08727131e+01 3.03673115e+01
    3.00846710e+01 3.18746796e+01 2.85620842e+01 3.08716221e+01
    2.88539066e+01 2.95374165e+01 2.98273067e+01 3.06670780e+01
    3.21597862e+01 2.86900654e+01 2.99845543e+01 2.91737480e+01
    2.97672462e+01 2.97998772e+01 2.86600342e+01 2.94179688e+01
    2.82777767e+01 2.95689583e+01 2.81836605e+01 2.78613434e+01
    2.83923588e+01 2.97385864e+01 2.97274761e+01 3.02156448e+01
    3.05720367e+01 3.09799442e+01 3.09533710e+01 3.10728188e+01
    3.06544113e+01 3.37571487e+01 3.20319061e+01 3.08419113e+01
    3.07595596e+01 3.08550930e+01 3.34924393e+01 3.12559929e+01
    3.14823055e+01 3.10314198e+01 2.94652538e+01 3.03355122e+01
    2.89494228e+01 3.03353596e+01 3.22753334e+01 2.96642990e+01
    2.84728374e+01 3.03341942e+01 2.96254215e+01 2.80924129e+01
    2.92521763e+01 2.96513233e+01 2.85353661e+01 2.96184597e+01
    2.94579182e+01 2.86044159e+01 3.04759941e+01 2.85163612e+01
    2.89553432e+01 2.98816814e+01 2.92385921e+01 2.92842064e+01
    2.90389423e+01 3.13247738e+01 2.80056973e+01 2.93389168e+01
    2.87757187e+01 3.04867821e+01 2.89481869e+01 2.92228489e+01
    3.28852730e+01 2.96886845e+01 2.98555584e+01 3.24910126e+01
    3.14734497e+01 3.53441544e+01 3.51404457e+01 3.41122627e+01
    3.27829475e+01 3.26056786e+01 3.39960403e+01 3.23101273e+01
    3.25185471e+01 3.28777046e+01 3.24519386e+01 2.87915154e+01
    2.91492634e+01 2.86976509e+01 2.89772930e+01 2.90436993e+01
    2.85316010e+01 2.94815197e+01 3.01404896e+01 2.93663712e+01
    2.94884663e+01 3.09100590e+01 3.09771080e+01 3.15998859e+01
    3.20408859e+01 3.07466583e+01 3.12774544e+01 3.13894615e+01
    3.16869469e+01 3.14525661e+01 3.22810669e+01 3.18273315e+01
    3.23237267e+01 3.24497643e+01 3.10423698e+01 3.23640938e+01
    3.21232147e+01 3.21381416e+01 3.09287853e+01 3.15983295e+01
    3.16272125e+01 2.98461552e+01 3.07611637e+01 3.16070004e+01
    3.22460594e+01 3.00666904e+01 2.89962883e+01 2.99679317e+01
    2.85570545e+01 3.03614273e+01 3.04633713e+01 3.05960865e+01
    2.96693363e+01 2.93823490e+01 2.96474705e+01 2.96244717e+01
    2.88358078e+01 3.16228142e+01 3.13513165e+01 2.94330101e+01
    2.91491261e+01 3.18923855e+01 3.01035175e+01 2.88080921e+01
    3.01454067e+01 3.09810162e+01 2.98967953e+01 3.05930710e+01
    3.01786480e+01 3.01504192e+01 3.22569809e+01 3.33760719e+01
    3.27982025e+01 3.33009033e+01 3.17391453e+01 3.12689400e+01
    3.04229584e+01 2.97362118e+01 3.07193108e+01 2.99033394e+01
    3.02269630e+01 3.03539124e+01 2.85060787e+01 2.74081268e+01
    2.78548527e+01 2.69530849e+01 2.46242275e+01 2.79851971e+01
    2.74859123e+01 2.89222012e+01 2.72915516e+01 2.81194496e+01
    2.78776512e+01 2.88981304e+01 2.97343998e+01 3.04493370e+01
    3.06474724e+01 2.99645557e+01 3.11027660e+01 3.02925720e+01
    3.11799355e+01 3.01360340e+01 2.88504066e+01 2.95726337e+01
    2.88070698e+01 3.02267609e+01 3.02774982e+01 3.01703243e+01
    2.92825298e+01 2.87595730e+01 2.82495632e+01 2.71329727e+01
    2.60318356e+01 2.74275970e+01 2.70715256e+01 2.68748589e+01
    2.61674995e+01 2.58979111e+01 2.70172462e+01 2.80764122e+01
    2.79009609e+01 2.65544491e+01 2.91535454e+01 2.94821949e+01
    2.92712784e+01 2.86720390e+01 3.02032776e+01 2.84454918e+01
    3.01996937e+01 2.77362061e+01 3.02891216e+01 2.94404583e+01
    2.97346287e+01 3.11282120e+01 2.94620552e+01 2.99673367e+01
    2.91058617e+01 3.02686062e+01 2.98146591e+01 2.91280670e+01
    3.27396736e+01 3.01953125e+01 3.24591331e+01 2.95215702e+01
    3.03931484e+01 3.10106735e+01 2.98677597e+01 2.90871830e+01
    3.02622013e+01 3.15621338e+01 3.03445053e+01 3.00599327e+01
    2.86405125e+01 3.04663696e+01 3.10339355e+01 2.85587635e+01
    2.74152813e+01 2.94706688e+01 2.83793526e+01 2.83471966e+01
    2.78172817e+01 2.58533783e+01 2.56626873e+01 2.71869583e+01
    2.60699883e+01 2.84212780e+01 2.87528095e+01 2.86541672e+01
    2.86881905e+01 2.77878532e+01 3.05094719e+01 3.02913475e+01
    2.96457653e+01 2.81353817e+01 3.01759853e+01 2.98490067e+01
    3.00888424e+01 3.01558170e+01 2.97672176e+01 2.98378448e+01
    2.91348057e+01 2.96199741e+01 3.05379505e+01 2.91767235e+01
    3.14594212e+01 2.98048954e+01 3.10245724e+01 2.84310341e+01
    2.85703888e+01 2.96324368e+01 2.77237740e+01 3.05746822e+01
    2.85072842e+01 2.80707874e+01 2.93504658e+01 2.75878124e+01
    2.87667294e+01 2.86741104e+01 2.93032150e+01 2.97940884e+01
    3.20742569e+01 3.18603420e+01 3.02485409e+01 3.13688107e+01
    3.15156918e+01 3.22460060e+01 3.11423340e+01 3.13279610e+01
    3.19154377e+01 3.17185955e+01 3.26477165e+01 3.03335381e+01
    2.84355984e+01 2.85451202e+01 3.06559181e+01 3.07869987e+01
    2.99684238e+01 2.99979496e+01 2.93315849e+01 2.78236008e+01
    2.78653469e+01 2.88091164e+01 2.78060875e+01 2.99538460e+01
    2.99886799e+01 2.82576256e+01 2.86031513e+01 2.96927872e+01
    3.13447628e+01 3.12860298e+01 3.17977600e+01 3.00589046e+01
    3.03651257e+01 2.93026276e+01 3.00291309e+01 2.90321751e+01
    2.83519783e+01 2.87602158e+01 2.78332005e+01 2.98870068e+01
    2.75767040e+01 3.01648006e+01 3.03319454e+01 2.74135838e+01
    3.00556431e+01 3.14360008e+01 3.19968910e+01 3.37332764e+01
    3.33584976e+01 3.36062698e+01 3.15783882e+01 3.23335991e+01
    3.28472595e+01 3.25917931e+01 3.35022507e+01 3.25379601e+01
    3.11811428e+01 2.94266644e+01 2.81096268e+01 2.86061420e+01
    2.78595734e+01 2.91961861e+01 3.04705391e+01 2.95386791e+01
    3.10282001e+01 3.06161995e+01 2.81546841e+01 2.90589314e+01
    3.24636688e+01 3.16881580e+01 3.17494984e+01 3.12698994e+01
    3.19003544e+01 3.17658386e+01 3.11280136e+01 3.15172176e+01
    3.20143356e+01 3.17905350e+01 3.14503651e+01 3.30121956e+01
    3.23461266e+01 3.25204124e+01 3.10729542e+01 3.12905197e+01
    3.05200386e+01 3.04176369e+01 3.03159847e+01 3.08619537e+01
    3.27004128e+01 3.12629967e+01 3.11717434e+01 2.98799248e+01
    3.00589008e+01 3.04493771e+01 3.11160278e+01 2.85667229e+01
    3.00243549e+01 2.95254993e+01 2.93590450e+01 2.90942268e+01
    2.74588528e+01 2.80474205e+01 2.98535328e+01 3.03586330e+01
    3.08048801e+01 2.95647888e+01 3.21525459e+01 3.05210457e+01
    3.01503181e+01 3.29270744e+01 3.06592827e+01 3.08722382e+01
    3.17538433e+01 3.13296127e+01 3.20600700e+01 3.09161854e+01
    3.17880573e+01 3.21383286e+01 3.23684845e+01 3.27262650e+01
    3.18413410e+01 3.10102291e+01 2.96905117e+01 3.00350838e+01
    2.89327621e+01 2.97571049e+01 2.98971004e+01 2.90719090e+01
    2.79409332e+01 2.73888912e+01 2.75603313e+01 2.66544437e+01
    2.61932793e+01 2.65077553e+01 2.58218327e+01 2.73748951e+01
    2.84123497e+01 2.70287209e+01 2.71547127e+01 3.02064972e+01
    2.94624825e+01 2.84489021e+01 2.88570576e+01 2.90302124e+01
    2.96754341e+01 2.86014309e+01 3.00132675e+01 3.00814838e+01
    2.78409634e+01 2.64948730e+01 2.86045189e+01 2.85901814e+01
    2.87966824e+01 3.03869991e+01 3.01773586e+01 2.85351143e+01
    2.77059574e+01 2.74412708e+01 2.58091717e+01 2.80330009e+01
    2.85224667e+01 2.83634090e+01 2.72617493e+01 2.70637856e+01
    2.69297085e+01 2.66774216e+01 2.69029312e+01 2.89610844e+01
    2.83867054e+01 2.68148270e+01 2.93748512e+01 2.95528240e+01
    2.94893951e+01 2.84643497e+01 2.98168697e+01 2.89905338e+01
    2.78617878e+01 2.73077374e+01 2.97825699e+01 2.99127960e+01
    3.06753674e+01 2.94375591e+01 3.03306103e+01 2.90940819e+01
    2.86673241e+01 2.82889576e+01 2.97430973e+01 3.06991119e+01
    3.09207745e+01 3.08653069e+01 2.99543285e+01 2.89043179e+01
    2.95916290e+01 3.08021164e+01 2.90322723e+01 3.02675629e+01
    2.99413910e+01 2.87438087e+01 3.06013050e+01 3.01363735e+01
    3.04964848e+01 2.98692322e+01 2.75098000e+01 2.72521133e+01
    2.83309689e+01 2.73553047e+01 2.65257568e+01 2.77011986e+01
    2.67767048e+01 2.77645016e+01 2.82184029e+01 2.97369804e+01
    2.94395905e+01 2.91531563e+01 2.96491680e+01 3.08971138e+01
    3.14657288e+01 2.97179699e+01 3.08051434e+01 3.01802959e+01
    3.05785141e+01 2.92551785e+01 2.98596630e+01 2.93786201e+01
    2.94286041e+01 2.85597458e+01 2.96217480e+01 2.75322742e+01
    2.95456715e+01 2.96155891e+01 3.09183578e+01 2.84611340e+01
    2.83371086e+01 2.86750298e+01 2.86556950e+01 2.70615788e+01
    2.78625145e+01 2.98966808e+01 2.69704399e+01 2.76322021e+01
    2.67111721e+01 2.79222260e+01 2.79234180e+01 2.79191475e+01
    2.84832668e+01 3.00295734e+01 3.19147396e+01 2.95602341e+01
    3.04064064e+01 3.04206848e+01 3.12360268e+01 2.99061108e+01
    3.06390266e+01 3.11567554e+01 3.36174660e+01 3.32668915e+01
    2.98762436e+01 3.05762100e+01 2.92104626e+01 3.08299046e+01
    3.11144619e+01 3.17319279e+01 3.29890251e+01 3.05216370e+01
    2.92594948e+01 2.75216389e+01 2.88650608e+01 2.88050423e+01
    2.86551647e+01 3.04679661e+01 2.90206165e+01 2.89533501e+01
    2.81573219e+01 3.10698605e+01 3.14361343e+01 3.02082520e+01
    3.14473820e+01 3.25213699e+01 3.14950333e+01 3.06507626e+01
    3.12130737e+01 2.99306297e+01 3.13599072e+01 2.72515659e+01
    2.94983101e+01 3.13958092e+01 2.94916286e+01 3.05285339e+01
    2.89135361e+01 2.99149971e+01 3.05033550e+01 3.00910168e+01
    3.26219215e+01 3.24802666e+01 3.46942062e+01 3.35173264e+01
    3.19878864e+01 3.11996670e+01 3.13669472e+01 3.36786308e+01
    3.24148483e+01 3.22184601e+01 3.06687222e+01 3.02771645e+01
    2.70464439e+01 3.04701023e+01 2.91412258e+01 2.93730831e+01
    3.00759888e+01 2.86761360e+01 3.04242363e+01 2.98755913e+01
    3.07341938e+01 3.17637272e+01 2.92359238e+01 2.97189026e+01
    3.27013397e+01 2.96963692e+01 3.19383259e+01 3.14842587e+01
    3.28126526e+01 3.25449181e+01 3.13314018e+01 3.29468956e+01
    3.21381645e+01 3.19891605e+01 3.20459213e+01 3.26539879e+01
    3.27900696e+01 3.15677414e+01 3.01169510e+01 2.92249622e+01
    3.16686707e+01 3.13422699e+01 3.19224224e+01 3.17839737e+01
    3.24530563e+01 3.19534073e+01 2.93027782e+01 3.13439503e+01
    3.15051270e+01 3.01426563e+01 3.09276390e+01 3.02341671e+01
    2.98210888e+01 2.78538055e+01 2.91279469e+01 2.97593594e+01
    3.01132088e+01 3.08356152e+01 3.14994946e+01 3.17767258e+01
    3.16192379e+01 3.01270828e+01 3.30384674e+01 3.26259232e+01
    3.17851639e+01 3.05729141e+01 3.25107880e+01 3.26636009e+01
    3.10204391e+01 2.94402199e+01 3.20564117e+01 3.30357590e+01
    3.22827110e+01 3.24352837e+01 3.14357624e+01 3.19891930e+01
    3.18326321e+01 2.93364334e+01 3.04708767e+01 3.08159447e+01
    3.02340984e+01 3.03396931e+01 2.79804535e+01 2.73908367e+01
    2.73566132e+01 2.75392952e+01 2.68471527e+01 2.41372051e+01
    2.71276665e+01 2.82361851e+01 2.64184608e+01 2.56494598e+01
    2.75248470e+01 2.98671494e+01 2.86872692e+01 3.03946800e+01
    2.94554996e+01 2.95958309e+01 3.06092606e+01 2.88345032e+01
    2.94572029e+01 2.79309406e+01 2.79202919e+01 2.84236832e+01
    2.73553333e+01 2.66738510e+01 2.97391014e+01 2.92217007e+01
    3.01780663e+01 2.98103409e+01 3.02614536e+01 2.78516331e+01
    2.76803493e+01 2.98784809e+01 2.83307095e+01 3.04131374e+01
    2.70170593e+01 2.88624039e+01 2.96498623e+01 2.82611694e+01
    2.92194328e+01 2.75452957e+01 2.90270901e+01 2.96063328e+01
    2.98593540e+01 3.00230885e+01 2.96255989e+01 2.99185123e+01
    3.21462097e+01 2.95253010e+01 2.90395317e+01 2.77396641e+01
    2.99680099e+01 2.98598042e+01 2.95511856e+01 2.85349445e+01
    3.03696537e+01 2.67916012e+01 2.76541672e+01 2.81865349e+01
    2.82261429e+01 2.86952496e+01 2.86934624e+01 2.93194332e+01
    2.79235954e+01 2.89286289e+01 2.88034344e+01 2.81185074e+01
    2.97991543e+01 3.05811539e+01 2.92999668e+01 3.00525112e+01
    3.01748791e+01 3.01777058e+01 3.05625534e+01 2.93698921e+01
    2.80693817e+01 2.83269253e+01 2.97279224e+01 2.88789806e+01
    2.85236320e+01 2.78551388e+01 2.90624275e+01 2.81835880e+01
    2.80128498e+01 2.93989849e+01 2.94974289e+01 3.03175774e+01
    3.01040840e+01 3.03178043e+01 3.26570854e+01 3.01166744e+01
    3.06479683e+01 3.02222958e+01 2.96671677e+01 2.83538132e+01
    2.84038563e+01 3.15423050e+01 2.84501495e+01 2.84618931e+01
    2.87381592e+01 2.83049183e+01 2.88015614e+01 2.72587738e+01
    3.00790291e+01 2.87972813e+01 2.90832882e+01 2.85795650e+01
    2.89141331e+01 2.85123482e+01 2.71474514e+01 2.93349590e+01
    2.86624146e+01 2.72104912e+01 2.75077248e+01 2.62804585e+01
    2.60946388e+01 2.73676090e+01 2.63583164e+01 2.74217415e+01
    2.99374161e+01 3.03269501e+01 2.99062500e+01 2.97347927e+01
    3.05652180e+01 3.00552330e+01 3.25164375e+01 3.14155502e+01
    3.05625095e+01 3.14493103e+01 3.30057716e+01 3.20040855e+01
    2.93044472e+01 3.01455612e+01 3.13588123e+01 3.22423363e+01
    3.09206161e+01 2.96960754e+01 3.10192547e+01 2.85237427e+01
    2.89964943e+01 2.98344555e+01 2.99476318e+01 2.95219975e+01
    2.99513969e+01 3.01110458e+01 2.96554356e+01 3.19360981e+01
    3.11083336e+01 3.07131557e+01 3.18713455e+01 3.16302166e+01
    3.00681210e+01 3.03386326e+01 2.98342018e+01 2.97394123e+01
    2.78053074e+01 2.83432140e+01 2.87324734e+01 3.01978989e+01
    2.78858109e+01 2.96766243e+01 3.07601986e+01 2.95966396e+01
    2.91110020e+01 3.05988159e+01 3.26807785e+01 3.38705063e+01
    3.31941261e+01 3.22670746e+01 3.21998253e+01 3.12008457e+01
    3.30755463e+01 3.17263584e+01 3.24460220e+01 3.04996090e+01
    3.15134964e+01 2.94561577e+01 2.74374924e+01 2.94746094e+01
    2.92066078e+01 3.04350891e+01 2.79082146e+01 2.78737144e+01
    2.83377552e+01 2.95494404e+01 2.98654518e+01 3.00244236e+01
    3.08038292e+01 3.15179195e+01 3.05979977e+01 2.90667095e+01
    3.24958344e+01 3.04643021e+01 3.28840179e+01 3.01513214e+01
    3.16201534e+01 3.22533455e+01 2.94814892e+01 3.30042877e+01
    3.10915775e+01 3.21794052e+01 3.19974461e+01 3.20572853e+01
    3.11571503e+01 3.17718449e+01 3.12784157e+01 3.00519657e+01
    3.05919762e+01 3.24469223e+01 3.04369965e+01 3.10413952e+01
    3.13791866e+01 3.13656864e+01 3.05172653e+01 3.18047905e+01
    3.10052204e+01 2.88356285e+01 2.92932281e+01 2.89212933e+01
    3.13850021e+01 2.93860092e+01 3.12727757e+01 3.18524609e+01
    3.21657295e+01 3.07054062e+01 3.17720833e+01 3.34629059e+01
    3.16936855e+01 3.16718903e+01 3.41385574e+01 3.17173462e+01
    3.27320976e+01 3.11806202e+01 3.03821201e+01 3.06249771e+01
    3.05626183e+01 3.09366894e+01 3.13523350e+01 3.26536674e+01
    3.20893860e+01 3.09195576e+01 3.02143002e+01 3.05573273e+01
    3.01458435e+01 2.97077942e+01 3.22283821e+01 3.07586803e+01
    2.81735458e+01 2.86456852e+01 2.73688259e+01 2.68070240e+01
    2.76236553e+01 2.75741081e+01 2.56703110e+01 2.93796558e+01
    2.72485561e+01 2.55564671e+01 2.70252991e+01 2.85041847e+01
    2.98223209e+01 2.95080929e+01 2.88209038e+01 2.94463062e+01
    2.94679241e+01 2.71582108e+01 3.02994652e+01 3.00255051e+01
    2.95702419e+01 2.81598721e+01 2.82033482e+01 2.83161201e+01
    2.92928200e+01 3.08344765e+01 3.03533993e+01 3.04838524e+01
    3.01964378e+01 3.03945141e+01 2.98273010e+01 2.82965584e+01
    2.88047905e+01 2.97388191e+01 2.69751129e+01 3.05206203e+01
    2.94835873e+01 2.82709103e+01 2.89206753e+01 2.81845722e+01
    2.90055046e+01 3.02078953e+01 3.12762680e+01 2.96680813e+01
    2.98919239e+01 3.23957901e+01 3.06390972e+01 2.96520977e+01
    2.85972214e+01 2.80378704e+01 2.90299530e+01 2.80406151e+01
    2.71708794e+01 2.92692852e+01 2.97225170e+01 2.74514389e+01
    2.83710518e+01 2.85184402e+01 2.89106236e+01 2.78275509e+01
    2.99108524e+01 2.83530445e+01 2.79914665e+01 2.76733265e+01
    2.85477638e+01 3.10655327e+01 3.01890869e+01 3.08184738e+01
    2.96901627e+01 3.01957169e+01 3.08716030e+01 3.09551411e+01
    2.99418945e+01 3.26797829e+01 2.94886799e+01 2.85068455e+01
    2.90689564e+01 3.02410927e+01 3.09721489e+01 2.97202435e+01
    3.05894661e+01 3.11148434e+01 2.99704685e+01 2.96653709e+01
    2.91962337e+01 3.11941051e+01 3.14257469e+01 3.06308041e+01
    3.21257515e+01 3.17065678e+01 3.17702923e+01 3.04055195e+01
    3.02478065e+01 3.01865292e+01 2.90247517e+01 2.92185383e+01
    2.84732952e+01 2.89345188e+01 2.69692249e+01 2.71589375e+01
    2.87893829e+01 2.81823673e+01 2.85308895e+01 2.82909794e+01
    3.12319088e+01 3.04804363e+01 2.89033432e+01 2.82289867e+01
    2.89914265e+01 3.03215637e+01 2.86953468e+01 2.95182877e+01
    2.88300495e+01 2.85378056e+01 2.85344467e+01 2.85573769e+01
    2.82387123e+01 3.03515205e+01 2.91668358e+01 3.14845486e+01
    3.09775620e+01 3.11895771e+01 3.26085777e+01 3.16993885e+01
    3.08413715e+01 3.10091724e+01 3.26832886e+01 3.30423660e+01
    3.23686943e+01 3.06569862e+01 3.22358551e+01 3.00618324e+01
    3.18082352e+01 3.19589138e+01 2.98326302e+01 3.16577396e+01
    2.92370262e+01 3.05498333e+01 3.02388744e+01 2.83266163e+01
    2.83756027e+01 3.03536968e+01 2.89821930e+01 2.96717911e+01
    2.89622726e+01 2.90763474e+01 2.99773235e+01 3.04195194e+01
    2.98163128e+01 2.97969265e+01 3.15705223e+01 3.05418987e+01
    2.94160919e+01 2.82976017e+01 2.94384537e+01 2.77568111e+01
    2.72624798e+01 2.94606686e+01 2.93389225e+01 2.98278217e+01
    2.98991451e+01 2.93708725e+01 3.22389259e+01 2.99292679e+01
    3.12777309e+01 3.41664276e+01 3.28861961e+01 3.28756981e+01
    3.00217247e+01 3.22195892e+01 3.16551228e+01 3.07343941e+01
    3.37489662e+01 3.26587448e+01 3.19128571e+01 3.05022659e+01
    3.03488007e+01 2.95255299e+01 2.84833584e+01 2.96375923e+01
    2.88251209e+01 2.93372421e+01 2.85957489e+01 2.94951553e+01
    3.08623943e+01 2.99786243e+01 2.95314636e+01 2.85331821e+01
    2.99968643e+01 3.16092834e+01 2.98578491e+01 3.14103413e+01
    3.18380775e+01 3.13127995e+01 3.09833393e+01 3.15086994e+01
    3.21212730e+01 3.17162380e+01 3.07024097e+01 3.21620522e+01
    3.26223755e+01 3.19871216e+01 3.18171482e+01 3.21236076e+01
    3.24109726e+01 3.00669079e+01 3.15947323e+01 3.17992477e+01
    3.27066536e+01 3.10406799e+01 3.16126595e+01 3.16562176e+01
    3.17842369e+01 3.40437241e+01 3.12937775e+01 3.20309944e+01
    3.04677715e+01 2.97165985e+01 2.89325008e+01 2.96714630e+01
    3.16786079e+01 2.99800911e+01 3.16801243e+01 3.08343182e+01
    3.06952152e+01 2.99428787e+01 3.20983887e+01 3.11188183e+01
    3.12026405e+01 3.14481926e+01 3.12877369e+01 3.15053444e+01
    3.07649002e+01 2.86187592e+01 3.07994328e+01 3.12073498e+01
    3.39875031e+01 3.09588203e+01 3.03822556e+01 3.13225250e+01
    2.91763172e+01 2.96892967e+01 2.87280483e+01 2.94276161e+01
    3.14706020e+01 2.94748135e+01 2.83794861e+01 2.64278069e+01
    2.61769543e+01 2.78228989e+01 2.77926006e+01 2.73351650e+01
    2.95419464e+01 2.89767456e+01 2.66388969e+01 2.69581833e+01
    2.76616745e+01 2.98340588e+01 3.00215855e+01 3.05178642e+01
    2.88874989e+01 2.87391644e+01 2.98295021e+01 2.92482624e+01
    3.02054844e+01 2.98385048e+01 2.97843513e+01 3.04792595e+01
    2.95415936e+01 2.97325745e+01 3.05042191e+01 3.06075249e+01
    3.12919426e+01 3.26023903e+01 3.17866554e+01 3.07547131e+01
    2.80604706e+01 2.82011967e+01 2.99340591e+01 3.11099930e+01
    3.03624096e+01 2.98973713e+01 2.96674194e+01 3.02454739e+01
    2.99158192e+01 2.99876213e+01 2.97884598e+01 2.95441132e+01
    3.07042351e+01 2.99978848e+01 3.11735954e+01 3.16035328e+01
    2.99150829e+01 3.28020630e+01 2.98959332e+01 2.92079773e+01
    2.92246208e+01 2.88799496e+01 2.97588367e+01 2.85297680e+01
    2.88019924e+01 2.91112747e+01 2.96315174e+01 2.92761745e+01
    2.71338139e+01 2.97934189e+01 2.86422310e+01 2.78914909e+01
    2.93035927e+01 2.98686218e+01 2.94783745e+01 2.94888287e+01
    2.95623150e+01 3.06732578e+01 2.97734222e+01 3.01125793e+01
    3.01784630e+01 3.07004395e+01 3.12533951e+01 3.19560280e+01
    2.86907215e+01 3.04575272e+01 2.98568687e+01 2.95012207e+01
    3.08767204e+01 3.02113190e+01 2.99367218e+01 3.10362034e+01
    3.10825348e+01 3.12382050e+01 3.12561111e+01 3.18672600e+01
    3.16063347e+01 3.17466698e+01 3.18209324e+01 3.25001945e+01
    3.11850281e+01 3.05094910e+01 3.12837276e+01 2.89962273e+01
    2.75686207e+01 2.73313084e+01 2.77940788e+01 2.76897240e+01
    2.73679161e+01 2.81847134e+01 2.81445541e+01 2.76476440e+01
    2.80174599e+01 3.00163898e+01 3.06135025e+01 3.02277203e+01
    2.97893372e+01 2.90217190e+01 2.97256794e+01 2.95705204e+01
    2.92639656e+01 2.92971821e+01 2.78554420e+01 2.93015060e+01
    2.77556763e+01 2.75062523e+01 2.87136421e+01 2.91541481e+01
    2.95552807e+01 3.13433495e+01 3.11768761e+01 3.13218212e+01
    3.10618801e+01 3.02475891e+01 3.27011108e+01 3.15366096e+01
    3.13820992e+01 3.25354996e+01 2.99067421e+01 3.28692284e+01
    2.91744442e+01 3.08524437e+01 3.09132595e+01 3.24032326e+01
    3.16083851e+01 3.12023678e+01 3.24309082e+01 3.23423233e+01
    2.98463764e+01 3.08180676e+01 3.13505306e+01 3.20023956e+01
    3.06918945e+01 3.10667458e+01 2.99876175e+01 3.32394905e+01
    3.00697021e+01 2.97449265e+01 3.25292969e+01 3.09618454e+01
    3.10480328e+01 2.93326797e+01 2.92520466e+01 2.88614216e+01
    2.83100853e+01 2.57615452e+01 2.79437790e+01 2.88397179e+01
    2.89500237e+01 2.89889889e+01 2.98283615e+01 3.05780849e+01
    2.90771809e+01 2.98163433e+01 3.23528023e+01 3.11307163e+01
    3.21573143e+01 3.18637791e+01 3.11024456e+01 3.01797867e+01
    3.22544098e+01 3.19327507e+01 3.06933327e+01 3.11207581e+01
    3.18867359e+01 2.89148846e+01 3.09331589e+01 2.86700077e+01
    2.72977009e+01 2.78922558e+01 2.80843410e+01 2.79423122e+01
    2.91322098e+01 2.87337589e+01 2.84916325e+01 3.13958340e+01
    3.08529110e+01 3.00761948e+01 2.97734680e+01 2.98869972e+01
    3.03147736e+01 2.95186367e+01 3.14959602e+01 2.94232941e+01
    3.04227829e+01 3.14147053e+01 2.95578346e+01 3.33048782e+01
    3.12944221e+01 3.01172390e+01 3.02006569e+01 3.19083214e+01
    3.04525394e+01 3.24801826e+01 3.27456894e+01 3.06242905e+01
    3.16154118e+01 3.13445969e+01 3.35754013e+01 3.18871822e+01
    3.14306736e+01 3.30131302e+01 3.22835121e+01 3.25070801e+01
    3.27588501e+01 3.25353203e+01 2.98429470e+01 2.97240448e+01
    2.98558979e+01 3.03271770e+01 2.91178036e+01 3.16426392e+01
    3.04962196e+01 2.98447056e+01 3.06852074e+01 3.00241356e+01
    3.26502380e+01 3.12906837e+01 3.18598728e+01 3.11256485e+01
    3.22278214e+01 3.11361084e+01 3.01887169e+01 3.17857876e+01
    3.13576546e+01 3.23018265e+01 3.24452400e+01 3.18066616e+01
    3.17406006e+01 3.08684349e+01 3.03867340e+01 2.98398895e+01
    3.09084263e+01 3.03637161e+01 2.97905254e+01 3.08080864e+01
    2.85629749e+01 2.78160534e+01 2.60983467e+01 2.83214741e+01
    2.99051437e+01 2.77196445e+01 2.91667004e+01 2.84284115e+01
    2.90866165e+01 2.84750767e+01 2.84253979e+01 2.87782059e+01
    3.06286621e+01 2.88542290e+01 2.81125488e+01 3.02248344e+01
    3.05077896e+01 3.07279778e+01 3.06563530e+01 3.10363750e+01
    3.19717941e+01 2.98506241e+01 2.79516926e+01 3.00468140e+01
    3.10054035e+01 3.03392639e+01 3.13411770e+01 3.05880871e+01
    3.23692856e+01 3.07940216e+01 2.99764385e+01 3.27374458e+01
    2.97634010e+01 3.17787724e+01 2.88858566e+01 2.96686916e+01
    3.12259254e+01 3.00849037e+01 3.21198425e+01 3.05549564e+01
    2.98364182e+01 3.14415684e+01 3.10573616e+01 3.07299500e+01
    2.96584053e+01 3.18858166e+01 3.33803596e+01 3.27224808e+01
    3.09147758e+01 3.20943604e+01 3.04104252e+01 2.97731686e+01
    3.04930820e+01 3.05355053e+01 3.03636570e+01 2.87123528e+01
    3.08436565e+01 2.88682518e+01 2.81571350e+01 3.02836227e+01
    2.81037140e+01 2.89992466e+01 3.09212856e+01 2.73938999e+01
    3.00316391e+01 3.04156170e+01 2.99849300e+01 3.07219772e+01
    3.12668915e+01 2.92443676e+01 3.04546051e+01 2.97430401e+01
    3.10868797e+01 3.14324055e+01 2.93960838e+01 2.93240871e+01
    3.04722843e+01 2.83209248e+01 3.13601303e+01 2.96157742e+01
    2.98559780e+01 3.07835293e+01 3.09081154e+01 3.08894157e+01
    3.01622868e+01 3.00785904e+01 3.16068039e+01 3.04418545e+01
    3.14846668e+01 3.10780315e+01 3.07204800e+01 2.92497902e+01
    2.91246605e+01 2.90919189e+01 2.62323475e+01 2.83740387e+01
    2.77341881e+01 2.75334549e+01 2.68616314e+01 2.77406406e+01
    2.80688267e+01 2.76487007e+01 3.15515957e+01 2.86611176e+01
    2.96224556e+01 3.19567051e+01 3.01032333e+01 3.03429813e+01
    3.03160343e+01 3.05077686e+01 3.02271614e+01 2.89235668e+01
    2.92902298e+01 2.73398857e+01 2.91546459e+01 3.02977905e+01
    2.84438248e+01 3.01177559e+01 2.90376797e+01 3.10243778e+01
    2.97504368e+01 3.08543835e+01 3.11821995e+01 3.32683601e+01
    3.16570435e+01 3.01316910e+01 3.21198349e+01 3.10674324e+01
    3.12162838e+01 3.00824509e+01 2.91070404e+01 3.02197018e+01
    3.07621536e+01 3.18174210e+01 2.98170242e+01 3.03752613e+01
    3.07515087e+01 3.03364449e+01 3.08522682e+01 3.03094444e+01
    2.93253880e+01 3.08635941e+01 3.03953762e+01 2.97140675e+01
    3.07334595e+01 3.10086193e+01 2.96210537e+01 3.19221954e+01
    3.13154392e+01 2.99116344e+01 3.13160210e+01 3.03822746e+01
    2.87377949e+01 2.85776310e+01 2.98165436e+01 2.83937778e+01
    2.78967495e+01 2.99264069e+01 3.01682205e+01 2.78044987e+01
    2.98702087e+01 2.98749905e+01 2.89260483e+01 3.04904537e+01
    3.03401852e+01 3.09429855e+01 3.19171581e+01 3.05164852e+01
    3.11729736e+01 3.08590813e+01 3.23752136e+01 3.16616325e+01
    3.21173058e+01 3.25588875e+01 3.12946262e+01 3.10508862e+01
    3.08520985e+01 2.80067654e+01 2.92566624e+01 2.97762794e+01
    2.80815525e+01 2.71892796e+01 2.81169491e+01 2.90186882e+01
    2.84993877e+01 2.94162045e+01 3.14781456e+01 3.05300865e+01
    3.13150921e+01 3.12776012e+01 3.11659679e+01 2.95996132e+01
    3.10089741e+01 2.89478855e+01 3.04048805e+01 3.02332935e+01
    3.12835102e+01 3.22815399e+01 2.81264496e+01 3.21824799e+01
    3.09639091e+01 2.86715870e+01 3.12359600e+01 3.40982628e+01
    3.13264046e+01 3.14925156e+01 3.09578247e+01 3.01324921e+01
    3.01599598e+01 3.04465103e+01 3.08373833e+01 3.18804283e+01
    3.07417316e+01 3.22215881e+01 3.08980541e+01 3.17825661e+01
    3.11286316e+01 2.94157524e+01 2.99225998e+01 2.92275276e+01
    2.96614094e+01 3.21142883e+01 3.03690891e+01 3.13237457e+01
    3.20132179e+01 2.96088085e+01 3.25630264e+01 3.15085144e+01
    3.17248402e+01 3.07045975e+01 3.18875790e+01 3.04413986e+01
    3.01746159e+01 3.05017910e+01 3.15476170e+01 3.03136082e+01
    3.09307175e+01 3.28070831e+01 3.03386211e+01 3.06503887e+01
    3.03868046e+01 3.16401958e+01 2.98025913e+01 3.03283672e+01
    3.10018539e+01 2.89262638e+01 2.97201157e+01 2.69377232e+01
    2.74424381e+01 2.99608078e+01 2.82768536e+01 2.80604153e+01
    2.81209679e+01 2.93360882e+01 2.76587715e+01 2.86512337e+01
    2.90975323e+01 2.84832115e+01 2.91286926e+01 2.95881958e+01
    2.88322697e+01 2.95159779e+01 3.03144817e+01 2.97244072e+01
    3.14213696e+01 2.91293182e+01 2.78170300e+01 2.74033508e+01
    2.86990490e+01 2.94631367e+01 2.88260307e+01 2.96441841e+01
    3.05378780e+01 3.03649540e+01 3.04333935e+01 3.10223255e+01
    3.21040840e+01 3.17084866e+01 3.27708435e+01 3.29122925e+01
    3.08954868e+01 3.23249016e+01 3.02382202e+01 2.97663403e+01
    3.01987400e+01 2.90157757e+01 3.16461849e+01 3.09760494e+01
    3.09039135e+01 3.01101513e+01 3.13763008e+01 3.22159729e+01
    3.04474792e+01 3.33633003e+01 3.08444614e+01 3.15010014e+01
    3.13679352e+01 3.17676239e+01 3.18134212e+01 2.97543316e+01
    2.95517406e+01 2.97197189e+01 2.88634949e+01 2.81141682e+01
    2.99818745e+01 3.07862225e+01 2.90892086e+01 2.99478588e+01
    2.91751881e+01 2.74409485e+01 2.95269852e+01 2.92814198e+01
    2.97344246e+01 3.06831150e+01 2.96356831e+01 3.10172405e+01
    3.03264122e+01 3.02261829e+01 3.09526196e+01 3.04924183e+01
    2.74849453e+01 2.89585667e+01 2.86701336e+01 2.86602783e+01
    3.02466888e+01 3.03970242e+01 3.11493320e+01 2.98852825e+01
    3.14332256e+01 3.28971024e+01 3.05861549e+01 3.00740223e+01
    3.21589622e+01 2.96182384e+01 3.14215031e+01 3.17014885e+01
    2.99991398e+01 2.82888870e+01 2.74698238e+01 2.90031128e+01
    2.74247532e+01 2.75889111e+01 2.82030411e+01 2.89418163e+01
    2.60869274e+01 2.91236572e+01 2.91163998e+01 2.86663246e+01
    2.97248745e+01 2.88918476e+01 3.28520737e+01 3.15066090e+01
    3.24101219e+01 3.07437420e+01 3.07593193e+01 3.07604389e+01
    3.10396557e+01 2.89230652e+01 2.81434460e+01 2.77558746e+01
    2.77520027e+01 2.78150215e+01 3.11055374e+01 2.92281513e+01
    3.03327770e+01 3.04661884e+01 3.02203789e+01 2.95867805e+01
    3.02310257e+01 3.27790489e+01 3.24127808e+01 3.23290367e+01
    3.14557934e+01 3.07628326e+01 2.96602917e+01 3.10853653e+01
    3.07352829e+01 3.03496609e+01 3.20379066e+01 3.24836807e+01
    3.08404503e+01 3.03396778e+01 3.00403290e+01 3.11725674e+01
    2.98894882e+01 3.14264202e+01 2.95776234e+01 3.14287930e+01
    3.03633423e+01 3.12618237e+01 3.01049957e+01 3.05913467e+01
    3.27757072e+01 2.99903946e+01 3.14713955e+01 3.22188644e+01
    3.17653713e+01 3.14188614e+01 2.89991093e+01 3.09430733e+01
    3.02556877e+01 2.80236454e+01 3.04025631e+01 3.01331558e+01
    2.92292004e+01 2.65473099e+01 2.99993248e+01 2.90765820e+01
    2.98588753e+01 2.99770355e+01 3.23983421e+01 3.07004356e+01
    3.03864803e+01 3.09756374e+01 3.07002754e+01 3.06851463e+01
    2.98465996e+01 3.10485229e+01 3.30590172e+01 3.04550667e+01
    3.08348713e+01 2.90707512e+01 2.99319649e+01 2.86204567e+01
    3.07785301e+01 2.57310486e+01 2.68891544e+01 2.85839977e+01
    2.74855328e+01 2.84339886e+01 2.86071243e+01 2.94612026e+01
    3.01619167e+01 2.88507710e+01 3.19123745e+01 3.09337063e+01
    3.02208309e+01 3.07160988e+01 2.98596592e+01 3.18243790e+01
    3.03588753e+01 3.05238361e+01 3.01289177e+01 3.22497330e+01
    3.10511341e+01 3.11665630e+01 2.99782581e+01 3.13272171e+01
    3.13178902e+01 3.13579674e+01 3.33050461e+01 3.08318939e+01
    3.06311607e+01 3.08653431e+01 3.10845337e+01 2.99409065e+01
    2.91155853e+01 3.20027733e+01 3.15570374e+01 3.14109840e+01
    3.01974888e+01 3.02801285e+01 2.91584492e+01 2.93198586e+01
    2.91561584e+01 3.01553764e+01 3.09880409e+01 3.06597652e+01
    3.02582188e+01 3.05787544e+01 3.00563164e+01 2.98046207e+01
    3.17223473e+01 3.08296719e+01 3.27233658e+01 3.14109631e+01
    3.12918873e+01 3.12179108e+01 3.11520176e+01 3.11866665e+01
    3.23647614e+01 3.07439041e+01 3.15616074e+01 3.16193676e+01
    3.15397110e+01 3.10920830e+01 3.18159924e+01 3.26691589e+01
    3.07319126e+01 2.94289265e+01 2.99533291e+01 2.98709526e+01
    2.97221680e+01 2.88455334e+01 2.72158737e+01 2.64916096e+01
    2.77383194e+01 2.82972927e+01 2.77920418e+01 2.86143055e+01
    2.86425056e+01 2.97015057e+01 2.81326733e+01 2.87080631e+01
    3.07028999e+01 3.00098190e+01 2.87472477e+01 3.01824379e+01
    3.05139198e+01 2.91799850e+01 2.90707302e+01 2.80815907e+01
    2.79883461e+01 2.63344917e+01 2.61871643e+01 2.69886360e+01
    2.81636963e+01 2.94639874e+01 2.88831463e+01 3.11596699e+01
    3.03561211e+01 3.21422310e+01 3.13620586e+01 3.07102432e+01
    3.23710060e+01 3.24374084e+01 3.27666206e+01 3.17313728e+01
    3.05613289e+01 2.98773804e+01 2.99392662e+01 2.85432072e+01
    2.98777351e+01 2.80389023e+01 3.09440689e+01 2.94286404e+01
    2.94234180e+01 2.98900814e+01 3.18822403e+01 3.17379494e+01
    2.97561550e+01 3.16944199e+01 2.95976963e+01 3.16404629e+01
    3.24507904e+01 2.98663445e+01 3.01111698e+01 2.95686283e+01
    3.00036793e+01 2.92879639e+01 3.06847210e+01 3.04626141e+01
    3.02068119e+01 3.00426102e+01 3.06204433e+01 2.91551647e+01
    3.13878288e+01 2.97440567e+01 3.17373924e+01 3.15394859e+01
    3.07764606e+01 3.09721203e+01 2.85646420e+01 3.25182953e+01
    3.17519989e+01 3.17320881e+01 2.91963787e+01 2.80889626e+01
    2.69990215e+01 2.97690201e+01 2.84211597e+01 2.80832996e+01
    3.04975376e+01 3.02281475e+01 3.11111832e+01 3.19166222e+01
    3.05498104e+01 3.02235260e+01 2.99731388e+01 3.09847450e+01
    3.13934479e+01 2.97668514e+01 2.87595253e+01 2.73449402e+01
    3.03545609e+01 2.75477428e+01 2.75589581e+01 2.83856316e+01
    2.90925007e+01 2.65300045e+01 2.81438389e+01 2.86517353e+01
    2.77825584e+01 2.96823025e+01 3.08721714e+01 3.16734829e+01
    3.14272099e+01 3.04463596e+01 3.22121887e+01 2.94156380e+01
    3.03097897e+01 2.95281391e+01 3.01350117e+01 2.60436115e+01
    2.70081463e+01 2.66976261e+01 2.70150051e+01 2.97505760e+01
    2.89180088e+01 2.95603065e+01 2.92099781e+01 3.06406937e+01
    3.08565388e+01 2.91110821e+01 3.18706551e+01 3.26084862e+01
    3.31405792e+01 2.95725708e+01 3.19555550e+01 3.03705940e+01
    3.17557526e+01 3.14030933e+01 2.68767662e+01 3.00193272e+01
    3.25250511e+01 3.08510265e+01 2.93004074e+01 2.89646587e+01
    3.04537525e+01 3.01338596e+01 2.92529507e+01 3.05352497e+01
    3.00296516e+01 3.04444675e+01 3.00910721e+01 2.98762360e+01
    3.02078037e+01 3.25929337e+01 3.05192699e+01 3.07303238e+01
    3.11974621e+01 3.13453331e+01 3.42159462e+01 3.21160507e+01
    3.24226685e+01 3.00048199e+01 3.19755306e+01 3.12278748e+01
    2.98500099e+01 3.17722244e+01 3.04378433e+01 3.01517181e+01
    2.96792145e+01 2.89539604e+01 2.95513935e+01 3.03201771e+01
    3.15181789e+01 3.03812351e+01 3.07827663e+01 2.90654144e+01
    2.95729504e+01 3.03343048e+01 2.97006016e+01 2.90529556e+01
    3.09852867e+01 2.86773357e+01 3.04050198e+01 2.92210312e+01
    2.91881790e+01 2.66933689e+01 3.00831394e+01 2.69750500e+01
    2.69433079e+01 2.69024315e+01 2.84772091e+01 2.80953236e+01
    2.83533726e+01 3.00199547e+01 2.98284836e+01 3.05673962e+01
    3.17143154e+01 3.11569557e+01 3.08333855e+01 2.98569584e+01
    3.05897160e+01 2.85361118e+01 3.04964809e+01 3.01545830e+01
    3.15566158e+01 3.05946522e+01 2.98275661e+01 2.99522648e+01
    3.05060959e+01 3.16230793e+01 3.08774128e+01 3.07175331e+01
    3.02097130e+01 2.94017563e+01 2.91199932e+01 2.88009491e+01
    3.11203289e+01 2.87182388e+01 2.81870327e+01 3.07937431e+01
    3.01656303e+01 2.91360912e+01 2.80432949e+01 2.98589668e+01
    2.92110157e+01 3.06724796e+01 2.91533852e+01 3.00960083e+01
    3.13658695e+01 3.10700283e+01 3.08050289e+01 3.16322098e+01
    3.26285057e+01 3.09418011e+01 3.22958260e+01 3.31432724e+01
    3.37531013e+01 3.32675629e+01 3.16205578e+01 2.93336945e+01
    3.03021774e+01 3.03458252e+01 2.98558121e+01 3.02212086e+01
    3.18684826e+01 3.13759022e+01 3.29350510e+01 3.07015648e+01
    3.12230320e+01 3.13472252e+01 3.00227242e+01 3.10822430e+01
    3.17787361e+01 3.02060337e+01 3.02271194e+01 2.86841068e+01
    2.76969395e+01 2.91280384e+01 3.04323864e+01 3.06035099e+01
    2.87625866e+01 2.91682243e+01 3.04832859e+01 2.97194347e+01
    2.91889515e+01 3.09592342e+01 3.09781475e+01 2.99899311e+01
    2.77345982e+01 2.74393902e+01 2.88392372e+01 2.78220634e+01
    2.75765095e+01 2.73595314e+01 2.57545891e+01 2.55702057e+01
    2.64956379e+01 2.68633919e+01 2.73777504e+01 2.68183346e+01
    2.88135624e+01 2.95499191e+01 3.11521378e+01 3.11455841e+01
    3.02542362e+01 3.31678772e+01 3.20062523e+01 3.29824524e+01
    3.08120766e+01 3.10996208e+01 3.14754028e+01 2.98434620e+01
    2.97824802e+01 2.90073338e+01 2.98205070e+01 2.90835838e+01
    3.16219234e+01 3.01180191e+01 3.01200466e+01 2.94695072e+01
    3.17320118e+01 3.21218796e+01 3.13317776e+01 3.26127281e+01
    3.24242325e+01 3.37025795e+01 3.20199738e+01 3.06403370e+01
    3.21280594e+01 3.09184341e+01 2.83859997e+01 2.99555912e+01
    3.15970383e+01 2.89863453e+01 2.82429447e+01 3.01131992e+01
    2.79945602e+01 2.72587223e+01 2.99894028e+01 2.99040718e+01
    3.02013359e+01 2.88038654e+01 3.11567497e+01 3.05873661e+01
    2.98714294e+01 3.15165405e+01 3.24729309e+01 3.20987663e+01
    2.88281937e+01 2.79138107e+01 2.88814888e+01 2.85466537e+01
    3.02027016e+01 3.05414085e+01 3.27378006e+01 3.06307297e+01
    3.04942093e+01 3.27793274e+01 3.02237453e+01 3.15889511e+01
    3.23323326e+01 2.94502106e+01 2.89709015e+01 3.03128948e+01
    2.97683754e+01 2.66758900e+01 2.91455421e+01 2.66139603e+01
    2.66315899e+01 2.73974457e+01 2.85566216e+01 2.82113533e+01
    2.73863621e+01 2.71194859e+01 2.87415371e+01 3.04545212e+01
    2.91544342e+01 2.83544140e+01 3.04420490e+01 3.01041126e+01
    2.78958549e+01 2.94589806e+01 2.91995831e+01 2.79771080e+01
    2.96218987e+01 2.70995731e+01 2.85340157e+01 2.52600250e+01
    2.71787624e+01 2.61428375e+01 2.91554909e+01 2.98467789e+01
    2.88083248e+01 2.89123058e+01 3.01497059e+01 2.92866020e+01
    2.92432938e+01 2.98497944e+01 3.30145607e+01 3.20862579e+01
    3.18742695e+01 3.00683403e+01 3.13648510e+01 3.13956852e+01
    3.10784950e+01 3.02138863e+01 3.00627518e+01 3.04564056e+01
    2.98024216e+01 2.86752968e+01 2.93108597e+01 3.04834843e+01
    2.91645012e+01 2.91345081e+01 2.79314804e+01 3.00246429e+01
    3.01025753e+01 2.97645569e+01 2.98906384e+01 3.01005478e+01
    3.10616417e+01 3.09256554e+01 3.07870445e+01 3.28933525e+01
    3.34431915e+01 3.23345261e+01 3.19559364e+01 3.10690441e+01
    3.22868004e+01 3.05671139e+01 3.15318451e+01 3.19257183e+01
    3.07759991e+01 2.88625374e+01 2.82048016e+01 2.98260059e+01
    2.89552460e+01 2.95588608e+01 2.93430004e+01 3.00793648e+01
    3.05622025e+01 2.83882046e+01 3.00111561e+01 2.79962730e+01
    2.85635109e+01 2.80247383e+01 2.93525162e+01 3.02611504e+01
    3.03581905e+01 2.94627914e+01 2.71313591e+01 2.74950733e+01
    2.91261368e+01 2.60166607e+01 2.92422352e+01 2.81330986e+01
    2.92313042e+01 2.90778847e+01 2.84327316e+01 3.07166672e+01
    2.81718426e+01 2.90856209e+01 3.22507629e+01 3.12666454e+01
    3.11239605e+01 2.83950787e+01 2.92404976e+01 2.96141567e+01
    2.90292797e+01 3.06356220e+01 2.98770237e+01 2.98552380e+01
    3.09961643e+01 3.13217010e+01 3.05088978e+01 3.11544933e+01
    3.28944206e+01 3.21358757e+01 3.03679485e+01 3.01857433e+01
    2.86724014e+01 2.97844601e+01 2.82325211e+01 2.68990841e+01
    2.73576527e+01 2.73523941e+01 2.75087719e+01 2.79729156e+01
    2.84855518e+01 2.78557892e+01 2.83447266e+01 2.73976460e+01
    2.86239491e+01 3.03321896e+01 3.04382114e+01 3.13343105e+01
    3.09337502e+01 3.07090187e+01 2.98437634e+01 3.15692635e+01
    3.33035278e+01 3.21205368e+01 3.23046379e+01 3.22300110e+01
    3.16575317e+01 3.06651688e+01 3.04439011e+01 2.89093132e+01
    2.92391205e+01 3.08801517e+01 3.18832722e+01 2.98089905e+01
    2.98338757e+01 2.95380497e+01 3.01715889e+01 3.22514267e+01
    3.05855980e+01 3.01674995e+01 3.07003994e+01 3.05788631e+01
    3.09101105e+01 2.89798565e+01 3.11858864e+01 3.06778259e+01
    3.02459145e+01 3.19282494e+01 3.10340385e+01 3.12845840e+01
    3.14375687e+01 3.17455769e+01 3.04760418e+01 3.20764923e+01
    3.07606049e+01 3.24892006e+01 2.93147221e+01 2.81339722e+01
    2.81675377e+01 2.83422604e+01 2.90366306e+01 2.78807907e+01
    2.89693756e+01 2.59253273e+01 2.72207355e+01 2.73980980e+01
    2.77971306e+01 2.86881428e+01 3.01138477e+01 3.12638836e+01
    3.10028019e+01 3.01607018e+01 3.27633286e+01 3.43541183e+01
    3.25614548e+01 3.40383110e+01 3.28836823e+01 3.24595604e+01
    3.03590431e+01 3.09811516e+01 3.17260456e+01 2.99824944e+01
    2.95034218e+01 2.74739456e+01 3.07384663e+01 3.07065773e+01
    2.88492374e+01 3.08044376e+01 3.10123940e+01 3.19037380e+01
    3.04412746e+01 2.99290257e+01 3.17168560e+01 3.14361763e+01
    3.25789680e+01 3.14583454e+01 3.09491692e+01 3.03068752e+01
    2.88800297e+01 2.89199486e+01 2.74855022e+01 2.79818821e+01
    2.76323147e+01 2.86978569e+01 2.82784824e+01 2.84006042e+01
    2.97850075e+01 3.01652355e+01 3.15394135e+01 3.11949902e+01
    3.06822681e+01 3.12692719e+01 3.10973244e+01 3.31903076e+01
    3.35206757e+01 3.28339005e+01 2.98066540e+01 2.86442585e+01
    2.79122906e+01 2.98413067e+01 2.87556076e+01 3.14122868e+01
    3.18642464e+01 3.13130627e+01 3.29642105e+01 3.45139160e+01
    3.16526871e+01 3.10272198e+01 3.10145664e+01 3.21942558e+01
    3.20827789e+01 3.10938759e+01 3.04221306e+01 2.87987671e+01
    2.90666389e+01 2.84237270e+01 2.66134357e+01 2.68335991e+01
    2.77532291e+01 2.82578716e+01 2.83791065e+01 2.76425819e+01
    2.74976673e+01 2.76844807e+01 2.91587543e+01 2.83680992e+01
    3.00364876e+01 2.89507732e+01 2.90078697e+01 2.78124180e+01
    2.80474129e+01 2.92489548e+01 2.79709301e+01 2.91124172e+01
    2.80746365e+01 2.48352890e+01 2.61235695e+01 2.85053101e+01
    2.87176819e+01 2.61634159e+01 2.94937229e+01 3.04583855e+01
    3.06794739e+01 2.83045177e+01 2.93639297e+01 3.14838428e+01
    3.19454632e+01 3.11436348e+01 3.16838512e+01 3.03870354e+01
    3.31687355e+01 3.32411842e+01 2.92026348e+01 2.97856503e+01
    2.97921085e+01 3.01926193e+01 2.98384953e+01 2.90564270e+01
    3.19639397e+01 3.04389648e+01 2.91201115e+01 3.05288582e+01
    2.87550888e+01 3.09289246e+01 2.96398945e+01 2.96282082e+01
    3.02289009e+01 3.16640549e+01 3.17956734e+01 3.23858299e+01
    3.27254753e+01 3.27550011e+01 3.24437523e+01 3.43116150e+01
    3.26908875e+01 3.23429947e+01 3.11596756e+01 3.18478279e+01
    3.14813747e+01 3.12616997e+01 3.13836441e+01 2.93055477e+01
    2.96520557e+01 2.76067963e+01 2.79639244e+01 2.87019405e+01
    2.97520695e+01 2.96433773e+01 2.84537735e+01 2.88190975e+01
    2.84661770e+01 2.84681034e+01 2.74366989e+01 2.83656559e+01
    2.60962620e+01 2.90296898e+01 2.94349823e+01 2.78596630e+01
    2.78618546e+01 2.71052513e+01 2.71959820e+01 2.59672928e+01
    2.86289883e+01 2.86872253e+01 2.89471855e+01 2.78525600e+01
    2.89097214e+01 2.89982853e+01 2.79847832e+01 3.02235050e+01
    2.96441917e+01 3.03948803e+01 3.15395184e+01 2.94885750e+01
    2.78660374e+01 2.70678062e+01 2.90128727e+01 2.92068863e+01
    3.00577564e+01 3.14533348e+01 2.80605316e+01 2.81787891e+01
    3.06742954e+01 3.07927246e+01 3.07446136e+01 3.18314152e+01
    3.20820847e+01 2.95051193e+01 2.83075924e+01 2.96252041e+01
    2.88619461e+01 2.93620262e+01 2.64348049e+01 2.71399765e+01
    2.84736919e+01 2.84009914e+01 2.81658611e+01 2.89987392e+01
    2.86722183e+01 2.95477867e+01 2.86871185e+01 2.89134293e+01
    3.13427372e+01 2.97695808e+01 3.27608414e+01 3.18349438e+01
    3.09941273e+01 3.21548691e+01 3.12546520e+01 3.06251335e+01
    3.18640881e+01 3.20315094e+01 3.14316254e+01 2.95158730e+01
    2.94038620e+01 2.84608364e+01 2.94529457e+01 3.07244129e+01
    3.03255672e+01 2.93650761e+01 2.92705402e+01 2.96636524e+01
    2.95162716e+01 3.10243874e+01 3.07732010e+01 3.09967289e+01
    3.11904106e+01 3.04040852e+01 3.27888489e+01 2.91755238e+01
    3.04422874e+01 3.02106895e+01 3.20460930e+01 3.09657345e+01
    2.98576889e+01 3.14524307e+01 3.12529297e+01 3.19208565e+01
    3.04467239e+01 3.16764793e+01 3.11599407e+01 3.06605835e+01
    2.97595043e+01 2.81256180e+01 2.93782825e+01 3.20902138e+01
    3.02493954e+01 2.89670506e+01 2.86874638e+01 2.77625256e+01
    2.89366264e+01 2.84779339e+01 2.91743374e+01 3.09237232e+01
    2.88483238e+01 3.02590656e+01 3.11999588e+01 3.12656860e+01
    3.16272888e+01 3.31136971e+01 3.22347488e+01 3.30794792e+01
    3.31892242e+01 3.29323463e+01 3.17100868e+01 3.20896301e+01
    3.40806618e+01 3.10344772e+01 2.94451427e+01 3.04433460e+01
    3.09360065e+01 3.01330643e+01 2.96020756e+01 3.20069695e+01
    2.99035072e+01 3.18533230e+01 3.06947250e+01 2.89476528e+01
    2.84403172e+01 3.18572273e+01 2.99797325e+01 2.85345135e+01
    2.82986813e+01 2.81158829e+01 2.65532551e+01 2.91415367e+01
    2.66334686e+01 2.80320988e+01 2.86356506e+01 2.92042580e+01
    2.86890469e+01 2.97680969e+01 3.00578156e+01 3.13734665e+01
    3.18980713e+01 3.16540546e+01 3.32196426e+01 3.35078125e+01
    3.11438293e+01 3.29268761e+01 3.20191650e+01 3.43680305e+01
    2.98672390e+01 2.82154827e+01 3.01388206e+01 3.06754627e+01
    2.82295418e+01 2.99236984e+01 3.04610825e+01 3.08030815e+01
    3.27201424e+01 3.21064720e+01 3.14238491e+01 3.30697327e+01
    3.30075035e+01 3.14428749e+01 3.29678192e+01 3.19124031e+01
    3.11113319e+01 3.04935169e+01 3.03876896e+01 2.75272713e+01
    2.79239483e+01 2.85873013e+01 2.75143337e+01 2.88571415e+01
    2.81223888e+01 2.65881882e+01 2.68575859e+01 2.80744038e+01
    2.66147938e+01 2.97787552e+01 2.85813789e+01 2.91689777e+01
    2.95956230e+01 2.77460175e+01 2.86690731e+01 2.91531029e+01
    2.90625248e+01 2.81199493e+01 2.80841885e+01 2.88699951e+01
    2.59623623e+01 2.74702873e+01 2.99070759e+01 2.91053982e+01
    2.99349556e+01 2.94210892e+01 3.22010956e+01 2.97922134e+01
    3.21470222e+01 3.15003281e+01 3.30320129e+01 3.15939350e+01
    3.14165726e+01 3.22041550e+01 3.16295700e+01 3.09871235e+01
    2.88623295e+01 2.83185081e+01 2.95380554e+01 2.99168682e+01
    2.92782288e+01 2.86954021e+01 2.93958588e+01 3.01803379e+01
    2.83779850e+01 2.62645035e+01 2.77697182e+01 2.91587849e+01
    2.92039356e+01 3.03099861e+01 2.93409176e+01 3.11996517e+01
    2.97194633e+01 3.28162918e+01 3.08323784e+01 3.23759575e+01
    3.18347836e+01 3.20167580e+01 3.26594734e+01 3.10119209e+01
    3.21384125e+01 3.29330864e+01 3.15898762e+01 3.04311790e+01
    2.96346245e+01 2.98267059e+01 2.91415081e+01 2.86544971e+01
    2.98341808e+01 2.73308449e+01 2.83879414e+01 2.78907051e+01
    2.89628620e+01 2.94721394e+01 2.94283104e+01 2.87869759e+01
    2.87539043e+01 2.73895493e+01 2.75376434e+01 2.85325012e+01
    3.02099495e+01 2.94378853e+01 2.76135406e+01 2.77099743e+01
    2.66649361e+01 2.62495537e+01 2.74825268e+01 2.80086441e+01
    2.85407829e+01 2.82773495e+01 2.78579121e+01 2.76021500e+01
    2.62879162e+01 2.88836689e+01 3.00035858e+01 2.97307777e+01
    2.80701294e+01 2.87238235e+01 2.74647598e+01 2.68684196e+01
    2.82942581e+01 2.91849194e+01 2.95592918e+01 2.95864468e+01
    3.03060360e+01 3.05212803e+01 3.02014637e+01 3.08008575e+01
    3.30369720e+01 3.33498459e+01 3.29987717e+01 3.07071018e+01
    2.84543724e+01 2.83880596e+01 2.78140125e+01 2.64032707e+01
    2.77715721e+01 2.74969730e+01 2.94926033e+01 2.86033344e+01
    2.81607552e+01 2.79897785e+01 2.85034313e+01 2.93320484e+01
    2.74121799e+01 2.90369930e+01 3.07333889e+01 3.03619995e+01
    3.18056660e+01 3.00000801e+01 2.96356068e+01 2.86048508e+01
    3.15942783e+01 3.16348934e+01 2.96940823e+01 3.20520859e+01
    2.98975697e+01 2.96081562e+01 3.12260571e+01 2.98599243e+01
    2.82585411e+01 2.83732014e+01 2.96621685e+01 2.82726765e+01
    2.89547005e+01 2.94466324e+01 2.87583504e+01 3.00410500e+01
    3.04234371e+01 2.90468845e+01 3.04512901e+01 3.10740738e+01
    3.07227192e+01 3.01903305e+01 3.02192402e+01 3.15368061e+01
    3.08986092e+01 3.15743961e+01 3.18312454e+01 3.06975803e+01
    3.12444763e+01 3.29972382e+01 3.15272541e+01 3.06665211e+01
    2.92786713e+01 3.05704441e+01 2.98905602e+01 2.91207771e+01
    3.02409763e+01 2.79860725e+01 3.03794594e+01 3.01527500e+01
    2.90788918e+01 2.95255642e+01 2.93587265e+01 2.84282742e+01
    3.08269176e+01 3.01963043e+01 2.99511070e+01 3.02480850e+01
    3.10986881e+01 3.15592175e+01 3.21465721e+01 3.27309570e+01
    3.39569435e+01 3.49784546e+01 3.48483315e+01 3.34359741e+01
    3.25327377e+01 3.21014023e+01 3.13523445e+01 3.36747322e+01
    3.19686966e+01 3.16737175e+01 3.07432728e+01 3.00269966e+01
    3.19634647e+01 3.03720989e+01 3.09466896e+01 3.15911713e+01
    2.93325005e+01 2.98706360e+01 2.91996746e+01 3.04556923e+01
    3.00730057e+01 2.93445606e+01 2.89204559e+01 2.77928791e+01
    2.75890560e+01 2.79758091e+01 2.69806957e+01 2.98539181e+01
    3.09242992e+01 2.86105995e+01 2.95888901e+01 2.96525688e+01
    3.19530945e+01 3.16070919e+01 3.30601921e+01 3.30264091e+01
    3.28731537e+01 3.17358799e+01 3.13760490e+01 3.24692955e+01
    3.14388409e+01 3.28508835e+01 3.02728634e+01 2.86727314e+01
    3.08627243e+01 2.65308208e+01 2.80424042e+01 3.05691795e+01
    3.00867443e+01 3.08295937e+01 3.09848404e+01 3.38419991e+01
    3.09508667e+01 3.13260994e+01 3.09843102e+01 3.13342056e+01
    3.18070660e+01 3.25125542e+01 2.96393223e+01 2.84554882e+01
    2.84687996e+01 2.88412933e+01 2.96890087e+01 2.74082355e+01
    2.88782406e+01 2.86023502e+01 2.94979095e+01 2.78897381e+01
    2.83030777e+01 2.93139572e+01 2.81282845e+01 2.83739758e+01
    3.09600830e+01 3.14437847e+01 2.90697651e+01 2.92427044e+01
    2.89835796e+01 2.91660538e+01 2.78621902e+01 2.92776680e+01
    2.81568966e+01 2.72977715e+01 2.54406414e+01 2.83901577e+01
    2.90595455e+01 2.99233570e+01 2.84215164e+01 3.00304852e+01
    3.14839268e+01 3.07476883e+01 3.09348965e+01 3.09855289e+01
    3.22885208e+01 2.96299114e+01 3.07707539e+01 3.08726997e+01
    3.14771404e+01 3.11773186e+01 3.01057186e+01 2.99385967e+01
    2.90024338e+01 2.94474201e+01 2.89310493e+01 2.92267361e+01
    2.75669041e+01 2.77733955e+01 2.86636372e+01 2.90221500e+01
    2.77210083e+01 2.86312256e+01 3.08812065e+01 2.95680790e+01
    2.97117348e+01 2.99750156e+01 3.14152012e+01 3.12041664e+01
    2.93327637e+01 3.26350174e+01 3.13908367e+01 3.11099434e+01
    3.25352631e+01 3.25530052e+01 3.31253548e+01 3.18395157e+01
    3.21636238e+01 3.16557083e+01 3.14056664e+01 3.19949341e+01
    3.01581421e+01 3.07960873e+01 2.89539070e+01 2.86894779e+01
    2.97415600e+01 2.88037510e+01 3.00024643e+01 2.99014969e+01
    2.85755062e+01 2.88009300e+01 2.85504341e+01 2.75290108e+01
    2.76376495e+01 2.78514900e+01 3.04993591e+01 2.84037533e+01
    2.80142956e+01 2.91092052e+01 2.51882572e+01 2.55977306e+01
    2.67124729e+01 2.81507988e+01 2.95012131e+01 2.75430794e+01
    2.76332073e+01 2.69298935e+01 2.78533039e+01 2.80458775e+01
    2.69005280e+01 2.96131439e+01 2.90139923e+01 2.78472748e+01
    2.68352146e+01 2.68831272e+01 2.97906208e+01 2.73294296e+01
    3.01289082e+01 3.04318008e+01 2.95392380e+01 2.86729507e+01
    3.23588219e+01 3.39627495e+01 3.27168312e+01 3.45940399e+01
    3.39799614e+01 3.16326962e+01 3.06501331e+01 3.05794163e+01
    2.92706890e+01 2.90619793e+01 2.79370804e+01 3.06466904e+01
    2.81948128e+01 2.82110920e+01 2.79955120e+01 2.99738998e+01
    2.86609039e+01 2.81695118e+01 2.99545155e+01 2.89132042e+01
    3.21524696e+01 3.19693737e+01 3.02665100e+01 3.12382927e+01
    3.06047573e+01 3.01610336e+01 2.98408108e+01 3.06781673e+01
    3.06847286e+01 3.05954857e+01 3.14650707e+01 3.02931843e+01
    2.93397903e+01 2.90087643e+01 2.81892033e+01 2.87449608e+01
    2.89863949e+01 2.81769028e+01 2.87742920e+01 2.93879128e+01
    2.96484871e+01 2.86407547e+01 2.96198463e+01 2.91093616e+01
    2.99084377e+01 3.05380917e+01 3.13823967e+01 3.11269188e+01
    3.11986027e+01 2.92398415e+01 3.25066299e+01 3.32458153e+01
    3.06200466e+01 3.06369686e+01 3.09086800e+01 3.23990936e+01
    3.06149616e+01 3.10571136e+01 3.13605442e+01 3.24381714e+01
    2.97760849e+01 3.11231270e+01 3.13137379e+01 3.03158340e+01
    2.98408146e+01 3.15449371e+01 3.06219025e+01 2.94167919e+01
    3.00636635e+01 3.13235035e+01 3.03947601e+01 3.09199162e+01
    2.96801128e+01 3.07488842e+01 3.05108261e+01 3.04159069e+01
    3.26593513e+01 3.15421371e+01 3.31227150e+01 3.54247322e+01
    3.49196472e+01 3.50195312e+01 3.26620255e+01 3.16133289e+01
    3.51646805e+01 3.25320282e+01 3.07749481e+01 3.16205864e+01
    3.12051487e+01 3.19915562e+01 2.97968445e+01 2.96204224e+01
    3.25023232e+01 3.11285896e+01 3.05977783e+01 3.04101715e+01
    2.93031311e+01 3.07266502e+01 3.01031055e+01 2.94789238e+01
    2.76796265e+01 2.86904507e+01 2.97853451e+01 2.79919128e+01
    2.61370964e+01 3.11572628e+01 2.82742329e+01 2.98645000e+01
    3.05942459e+01 2.93830872e+01 3.18630295e+01 3.11613560e+01
    3.21515427e+01 3.27909355e+01 3.34717369e+01 3.24605141e+01
    3.26268120e+01 3.26715355e+01 3.30931931e+01 3.22262573e+01
    2.81447983e+01 2.81771126e+01 2.95321941e+01 2.81912251e+01
    2.98640423e+01 2.85416183e+01 2.95908146e+01 3.08983898e+01
    3.26019096e+01 3.23960571e+01 3.11886673e+01 3.20753212e+01
    3.24076729e+01 3.17035484e+01 3.14853249e+01 3.15009270e+01
    3.11836548e+01 2.96987152e+01 3.12393436e+01 2.96863079e+01
    2.88277779e+01 2.85463619e+01 2.93056602e+01 3.10167904e+01
    2.97490597e+01 3.00902195e+01 2.91682320e+01 2.82934322e+01
    3.08823376e+01 2.86399765e+01 2.83948460e+01 2.90464001e+01
    3.00443172e+01 2.91296444e+01 2.70979309e+01 2.73163948e+01
    2.84999371e+01 2.87970314e+01 2.84318810e+01 2.69238052e+01
    2.84706268e+01 2.76078300e+01 2.95934811e+01 2.92168369e+01
    3.03285275e+01 3.00438805e+01 3.18995914e+01 3.04202232e+01
    3.15988789e+01 3.08865719e+01 3.10536938e+01 3.03393383e+01
    2.97638626e+01 2.89444199e+01 3.07846451e+01 3.01413975e+01
    2.96986961e+01 2.89281387e+01 2.89166756e+01 2.88861580e+01
    2.72611256e+01 2.60661926e+01 2.82063065e+01 2.89673252e+01
    2.79495144e+01 2.92679462e+01 2.74738483e+01 3.02642365e+01
    2.87994156e+01 3.05936165e+01 3.08474808e+01 2.89338379e+01
    3.01483097e+01 3.03582516e+01 3.05926914e+01 3.35163536e+01
    3.18093758e+01 3.24137955e+01 3.10973892e+01 3.07825527e+01
    3.22802467e+01 3.20767860e+01 3.22621536e+01 3.20494041e+01
    3.01867542e+01 2.85302410e+01 3.04528065e+01 2.83620548e+01
    3.02863712e+01 2.87300568e+01 2.88186989e+01 2.90623322e+01
    2.92280006e+01 3.14002838e+01 3.00479965e+01 2.97827377e+01
    3.02464809e+01 2.97113895e+01 2.75909309e+01 2.95177269e+01
    3.06410961e+01 2.97480450e+01 2.74835091e+01 2.60476761e+01
    2.60896759e+01 2.71080322e+01 2.56106071e+01 2.71628399e+01
    2.88642769e+01 2.83953266e+01 2.86740284e+01 2.68846416e+01
    2.76361847e+01 2.71071739e+01 2.87205181e+01 2.96413212e+01
    2.61794529e+01 2.81706753e+01 2.70349751e+01 2.72329178e+01
    2.80194206e+01 2.93582191e+01 3.02391605e+01 2.83081913e+01
    3.01178951e+01 3.25193253e+01 3.18380146e+01 3.07526207e+01
    3.24089355e+01 3.27967224e+01 3.22094345e+01 3.18012753e+01
    2.96559124e+01 3.05636711e+01 3.02437630e+01 2.97779446e+01
    2.93185101e+01 2.77882767e+01 3.01856766e+01 2.84921608e+01
    2.74257145e+01 2.94790974e+01 2.92763157e+01 3.02955914e+01
    3.09035492e+01 3.10701008e+01 3.17903233e+01 3.13121567e+01
    3.19740143e+01 3.06178207e+01 3.11587257e+01 2.97583694e+01
    2.99793377e+01 3.14663162e+01 3.07668362e+01 3.09717579e+01
    2.92809219e+01 2.85980511e+01 2.95308018e+01 2.95901394e+01
    2.90415554e+01 2.77046509e+01 2.79602852e+01 2.96126766e+01
    2.85470791e+01 2.86619034e+01 3.01771126e+01 2.88959045e+01
    2.87576351e+01 2.90136757e+01 3.06648026e+01 3.01645412e+01
    3.00691147e+01 3.14525623e+01 3.20409164e+01 3.12236862e+01
    3.26010399e+01 3.19792309e+01 3.25849266e+01 3.03671207e+01
    3.20692291e+01 3.22564659e+01 3.27977676e+01 3.26961670e+01
    3.12412281e+01 3.02864094e+01 2.89216404e+01 3.00466881e+01
    3.08523331e+01 2.93185291e+01 3.14202137e+01 3.10252609e+01
    3.04600964e+01 3.08132133e+01 3.07176514e+01 3.05144978e+01
    3.07569466e+01 3.16948967e+01 3.10259800e+01 3.33644638e+01
    3.10436363e+01 3.16628628e+01 3.29080048e+01 3.26598740e+01
    3.32745628e+01 3.32400398e+01 3.52661629e+01 3.46628494e+01
    3.44213562e+01 3.31270790e+01 3.17880898e+01 3.01382675e+01
    3.11436901e+01 2.95750446e+01 3.10323982e+01 2.85866928e+01
    3.00372124e+01 2.90542126e+01 3.07313385e+01 3.23537483e+01
    3.11170082e+01 3.08078213e+01 3.16333237e+01 3.05911369e+01
    3.00914059e+01 2.92010307e+01 2.93773746e+01 2.88046036e+01
    2.94681339e+01 2.65926476e+01 2.90508385e+01 2.83511028e+01
    2.90905304e+01 3.03152313e+01 2.90110149e+01 3.02699051e+01
    3.18110447e+01 3.25701141e+01 3.27212677e+01 3.31293297e+01
    3.18155594e+01 3.26998100e+01 3.34701118e+01 3.30314980e+01
    3.25027809e+01 3.08482189e+01 2.87663841e+01 2.81104450e+01
    2.87805824e+01 2.79435234e+01 2.83189659e+01 3.00746536e+01
    2.88930664e+01 3.05958385e+01 3.01804028e+01 3.19446373e+01
    3.27609711e+01 3.09753952e+01 3.27667694e+01 3.02934589e+01
    3.13338966e+01 3.23475723e+01 3.25362244e+01 2.99464264e+01
    2.87677441e+01 2.99532337e+01 2.80611305e+01 2.98315067e+01
    3.15619946e+01 2.88752117e+01 2.89225101e+01 3.08273907e+01
    2.93344116e+01 3.00733967e+01 2.79264107e+01 3.00502338e+01
    2.86667633e+01 3.05401516e+01 2.85506191e+01 2.71594162e+01
    2.84389324e+01 2.99280567e+01 2.72983913e+01 2.64856129e+01
    2.88679886e+01 2.82292061e+01 2.78265381e+01 2.84565315e+01
    3.06299839e+01 3.10670528e+01 2.93833008e+01 2.78445358e+01
    3.15438538e+01 2.85280552e+01 3.10459557e+01 3.04391441e+01
    3.15615330e+01 3.10062714e+01 3.02473755e+01 2.94750443e+01
    3.16691418e+01 3.02255211e+01 3.13985672e+01 2.79699669e+01
    2.80732307e+01 2.75987091e+01 2.68886223e+01 2.71542072e+01
    2.81060257e+01 2.60538597e+01 2.85933132e+01 2.84057446e+01
    2.82232914e+01 2.80162640e+01 2.83760262e+01 3.16799164e+01
    2.83238716e+01 3.06264076e+01 3.17208538e+01 3.24249840e+01
    3.23599815e+01 3.22683868e+01 3.34215317e+01 3.28639565e+01
    3.24726257e+01 3.14429436e+01 3.12114067e+01 3.12431812e+01
    3.21709099e+01 3.02670631e+01 2.99502125e+01 2.70611401e+01
    3.04348564e+01 2.81746864e+01 2.81353340e+01 2.81666050e+01
    3.00473080e+01 2.79449501e+01 2.92992363e+01 3.02966290e+01
    2.98337250e+01 2.78459301e+01 2.87899780e+01 2.79691734e+01
    2.96983604e+01 2.88223248e+01 2.79802113e+01 2.86662636e+01
    2.74182396e+01 2.64048481e+01 2.65116367e+01 2.54700909e+01
    2.59581852e+01 2.69249535e+01 2.98726254e+01 2.85449257e+01
    2.73915558e+01 2.75058784e+01 2.96553802e+01 2.81963692e+01
    3.06503525e+01 2.92069454e+01 3.03883991e+01 2.85983562e+01
    2.53902493e+01 2.84705181e+01 2.91749096e+01 2.98516827e+01
    2.90710201e+01 3.02825699e+01 3.03478832e+01 2.95138397e+01
    3.12535400e+01 3.35996513e+01 3.34915085e+01 3.27167435e+01
    3.28927460e+01 3.01066113e+01 3.15239086e+01 2.92568207e+01
    2.95751629e+01 2.91833000e+01 2.98475990e+01 2.81950684e+01
    2.82569180e+01 2.97554111e+01 2.96767368e+01 2.87235336e+01
    3.03283577e+01 3.05952282e+01 2.93131733e+01 3.01015949e+01
    3.08955593e+01 3.20852585e+01 3.24746399e+01 3.05256157e+01
    3.20617218e+01 3.06237640e+01 3.23640366e+01 3.00897102e+01
    3.01855583e+01 3.10880432e+01 2.94425468e+01 2.93123016e+01
    2.83381920e+01 2.79187088e+01 2.91256905e+01 2.77619610e+01
    3.00460567e+01 2.83369675e+01 2.74729443e+01 2.97191162e+01
    3.07795887e+01 3.02242584e+01 2.84757500e+01 2.79183559e+01
    3.10973949e+01 3.04699745e+01 3.12656708e+01 3.13498154e+01
    3.32159157e+01 3.04422874e+01 3.05840797e+01 3.49181709e+01
    3.19831734e+01 3.13669529e+01 3.15128918e+01 3.31881981e+01
    3.30779686e+01 3.28165932e+01 3.28706207e+01 3.18272915e+01
    3.06040745e+01 3.04744091e+01 3.05901279e+01 2.89301586e+01
    3.14040394e+01 3.14124451e+01 3.00424633e+01 2.95382729e+01
    2.95676670e+01 3.23494644e+01 2.96887760e+01 3.07993183e+01
    3.05351238e+01 3.09721184e+01 3.04215527e+01 3.24050636e+01
    3.41466942e+01 3.19455452e+01 3.26475639e+01 3.38419304e+01
    3.42321167e+01 3.44781799e+01 3.32493439e+01 3.19689064e+01
    3.19910851e+01 3.05527687e+01 3.21028671e+01 2.80378151e+01
    3.10784283e+01 3.01249962e+01 2.97036533e+01 3.00173569e+01
    3.19232464e+01 3.04679985e+01 3.11237335e+01 3.09136734e+01
    3.02450466e+01 3.14906769e+01 3.19350796e+01 3.04778900e+01
    2.80721378e+01 2.96916828e+01 2.90709629e+01 2.84745731e+01
    2.82951202e+01 3.03484783e+01 2.99437847e+01 2.99763737e+01
    3.07997799e+01 3.07895622e+01 3.39416008e+01 3.12257652e+01
    3.17429428e+01 3.14055386e+01 3.30868797e+01 3.36093292e+01
    3.17591553e+01 3.28171272e+01 3.20542603e+01 3.11929436e+01
    2.85112762e+01 2.78151035e+01 2.78152618e+01 2.78638401e+01
    2.95428505e+01 2.89938583e+01 3.02296047e+01 3.07014027e+01
    3.14353218e+01 3.37878838e+01 3.10955315e+01 3.14226646e+01
    3.20438766e+01 3.06620007e+01 3.20117950e+01 3.07252464e+01
    3.11284027e+01 3.05670185e+01 3.00057030e+01 2.92242336e+01
    3.05183182e+01 2.81814671e+01 2.90458794e+01 3.16187897e+01
    3.20057182e+01 2.91169300e+01 2.83888893e+01 2.81653614e+01
    2.89376144e+01 2.75825176e+01 2.74482384e+01 2.61816273e+01
    2.62048874e+01 2.76625500e+01 2.69054012e+01 2.80234756e+01
    2.63599339e+01 2.83603630e+01 2.85285797e+01 2.85177898e+01
    2.86102982e+01 3.00728588e+01 3.01429691e+01 2.91947746e+01
    3.02139549e+01 2.83060093e+01 3.09738522e+01 2.98368073e+01
    3.26520691e+01 3.02657452e+01 3.03278942e+01 3.05744896e+01
    3.06690960e+01 2.91827888e+01 3.06101856e+01 3.02631760e+01
    2.96801796e+01 2.62457657e+01 2.83530273e+01 2.75100670e+01
    2.70314045e+01 2.74590244e+01 2.72275620e+01 2.62911472e+01
    2.78406181e+01 2.73415833e+01 2.67516518e+01 2.84570427e+01
    2.89635010e+01 3.16083031e+01 3.13202496e+01 3.19303474e+01
    3.06871433e+01 3.35596352e+01 3.24503593e+01 3.23300591e+01
    3.39281044e+01 3.27826347e+01 3.35207329e+01 2.95788746e+01
    3.05286636e+01 3.05249557e+01 2.93567581e+01 3.06541634e+01
    2.71777496e+01 2.78604069e+01 2.88583183e+01 2.72001572e+01
    2.92837162e+01 2.86982040e+01 2.97580223e+01 2.82861214e+01
    2.91179466e+01 3.00316658e+01 2.89373150e+01 2.95507488e+01
    2.76327515e+01 2.74816074e+01 2.73219986e+01 2.64564915e+01
    2.78790436e+01 2.74771385e+01 2.81471004e+01 2.39449959e+01
    2.55435448e+01 2.72079792e+01 2.55630379e+01 2.82437458e+01
    2.98200779e+01 2.72575150e+01 2.97004166e+01 2.97744026e+01
    2.86976223e+01 2.81487999e+01 3.08926773e+01 3.01588936e+01
    2.84263020e+01 2.84292030e+01 2.79974060e+01 2.76194763e+01
    2.74141254e+01 3.11076565e+01 3.01637897e+01 2.81097088e+01
    2.86290321e+01 3.07153950e+01 3.06812954e+01 3.07181187e+01
    3.14339123e+01 3.23297615e+01 3.21728096e+01 3.11341476e+01
    2.90199604e+01 2.92328148e+01 2.90565052e+01 2.96351891e+01
    2.77509441e+01 2.93416748e+01 3.08357563e+01 2.86767349e+01
    2.92356930e+01 2.86917553e+01 3.06744461e+01 3.09089756e+01
    2.96843662e+01 2.98127518e+01 3.13605251e+01 3.26156197e+01
    3.16245861e+01 3.32415123e+01 3.09748993e+01 2.95731335e+01
    3.00750198e+01 3.06897793e+01 3.09210033e+01 3.10107708e+01
    2.99061546e+01 2.88599205e+01 2.88435135e+01 3.07275734e+01
    2.93248882e+01 2.87425556e+01 2.93515205e+01 2.83500671e+01
    2.95825863e+01 2.96679840e+01 2.92559013e+01 2.96916599e+01
    2.94684372e+01 3.05379047e+01 2.96372223e+01 2.86524963e+01
    3.19460964e+01 3.25011673e+01 3.37920570e+01 3.23430214e+01
    3.35313263e+01 3.45153313e+01 3.39565201e+01 3.31625443e+01
    3.30504761e+01 3.44021568e+01 3.36531372e+01 3.22376595e+01
    3.03186226e+01 3.34511299e+01 2.99021015e+01 3.15315342e+01
    2.97302799e+01 3.15452785e+01 3.24256973e+01 2.77364407e+01
    3.00675278e+01 3.11860218e+01 2.93083744e+01 3.03769493e+01
    2.96613178e+01 3.13391762e+01 2.90899830e+01 3.14079323e+01
    3.17186756e+01 3.21887283e+01 3.22137108e+01 3.36501350e+01
    3.23903046e+01 3.29662666e+01 3.41350975e+01 3.35573235e+01
    3.27213783e+01 3.18657608e+01 3.44469833e+01 3.08038807e+01
    3.12663479e+01 3.04471798e+01 3.19689045e+01 3.24990578e+01
    3.18166904e+01 3.09377251e+01 3.25208664e+01 3.28898659e+01
    3.30009003e+01 2.96158009e+01 3.02540569e+01 3.22539253e+01
    3.17026520e+01 3.02499218e+01 2.97575130e+01 3.02572918e+01
    2.73765202e+01 3.04703770e+01 3.15159340e+01 2.78332729e+01
    2.86199512e+01 3.03874035e+01 2.93233738e+01 2.90167961e+01
    3.03014240e+01 3.25763474e+01 3.29341278e+01 3.16394997e+01
    3.24193649e+01 3.19436264e+01 3.16355858e+01 3.27808151e+01
    3.27329445e+01 3.24573975e+01 2.74154091e+01 2.86278534e+01
    2.89113922e+01 2.93119049e+01 2.90000820e+01 2.77793026e+01
    3.19156246e+01 2.92859192e+01 2.99088097e+01 3.22262688e+01
    3.05847893e+01 3.29094467e+01 3.24765472e+01 3.00616894e+01
    3.04783154e+01 3.16177235e+01 3.26036491e+01 3.06233654e+01
    3.15955601e+01 3.05111485e+01 2.95419483e+01 3.02524529e+01
    3.20776176e+01 2.94333687e+01 3.17406178e+01 3.05465641e+01
    2.95641842e+01 2.81416187e+01 2.87435989e+01 2.86393757e+01
    2.65469666e+01 2.66864357e+01 2.68332081e+01 2.55511379e+01
    2.58755150e+01 2.60778599e+01 2.81170082e+01 2.73215504e+01
    2.75230408e+01 2.85300903e+01 2.86795502e+01 2.85260429e+01
    2.85225067e+01 2.96033955e+01 2.77290382e+01 2.88822975e+01
    3.02976990e+01 3.07997665e+01 3.09228554e+01 2.99655056e+01
    3.05567589e+01 2.93979473e+01 3.06243191e+01 2.93598309e+01
    2.97627640e+01 2.99112377e+01 2.96261673e+01 2.67700577e+01
    2.72144833e+01 2.86896095e+01 2.65506439e+01 2.63937263e+01
    2.77708836e+01 2.61170692e+01 2.73631001e+01 2.59405727e+01
    2.82113094e+01 2.80974236e+01 2.88676186e+01 2.96257439e+01
    2.94366302e+01 3.05207062e+01 3.07648869e+01 3.17056541e+01
    3.25002861e+01 3.14779263e+01 3.15424824e+01 3.18458767e+01
    3.15361099e+01 3.16526623e+01 2.93195019e+01 2.77026825e+01
    3.16729870e+01 2.94460354e+01 2.88828526e+01 2.94938316e+01
    2.87864056e+01 2.87795162e+01 2.80592327e+01 2.70951271e+01
    2.85535107e+01 2.84849358e+01 2.99856529e+01 3.01575603e+01
    3.00119267e+01 2.84882221e+01 2.59443722e+01 2.72055912e+01
    2.75339699e+01 2.79137859e+01 2.88344040e+01 2.77418766e+01
    2.75356102e+01 2.50880051e+01 2.66437054e+01 2.56145992e+01
    2.73903618e+01 2.78139858e+01 2.86582680e+01 2.97053051e+01
    2.85306797e+01 2.75926094e+01 2.96721516e+01 3.01607246e+01
    3.05617523e+01 2.86482487e+01 2.90342503e+01 2.73426418e+01
    2.78543396e+01 2.73578644e+01 2.85084896e+01 3.01546936e+01
    3.03758049e+01 3.01699429e+01 3.03683338e+01 3.03936329e+01
    3.09680653e+01 3.22727852e+01 3.23038177e+01 3.39031601e+01
    3.23282013e+01 2.97420521e+01 2.91585102e+01 3.00808010e+01
    2.81543255e+01 2.94768677e+01 3.04883080e+01 3.04865837e+01
    2.96815662e+01 2.97636242e+01 2.93607693e+01 2.99675426e+01
    2.97428169e+01 3.11214504e+01 2.89501305e+01 2.92758617e+01
    3.23666229e+01 3.21918564e+01 3.25186119e+01 3.19720612e+01
    3.25784111e+01 3.11620922e+01 3.12231407e+01 3.07442417e+01
    3.10058174e+01 2.92670212e+01 2.94712543e+01 2.89426289e+01
    3.05748749e+01 3.03920460e+01 2.64322147e+01 2.87827606e+01
    2.88093281e+01 2.90591354e+01 2.79857922e+01 2.91155891e+01
    2.83283081e+01 2.96835194e+01 3.03658581e+01 2.89847012e+01
    3.02887745e+01 3.08922501e+01 3.31591301e+01 3.21322670e+01
    3.27064781e+01 3.27134132e+01 3.27101707e+01 3.39827576e+01
    3.40535545e+01 3.39653358e+01 3.29635773e+01 3.20964241e+01
    3.35323029e+01 3.32882118e+01 3.08993778e+01 3.22247658e+01
    3.18880386e+01 3.34189301e+01 2.96623993e+01 3.18006516e+01
    3.10910835e+01 3.05919838e+01 3.17066536e+01 2.80209465e+01
    3.04359283e+01 3.04990692e+01 3.01971416e+01 3.16447201e+01
    2.97501106e+01 3.19620724e+01 2.88099155e+01 3.18774300e+01
    3.09235134e+01 3.15110397e+01 3.15929356e+01 3.11462822e+01
    3.25424690e+01 3.09624691e+01 3.12005939e+01 3.30463371e+01
    3.25157127e+01 3.21246147e+01 3.06237316e+01 3.00773258e+01
    2.98642788e+01 3.07537003e+01 3.03711510e+01 3.11756840e+01
    2.99752502e+01 2.94143944e+01 3.25604324e+01 3.02063828e+01
    2.96496620e+01 3.05694466e+01 3.08466644e+01 3.04642124e+01
    2.82611446e+01 2.98488464e+01 2.74672089e+01 2.82810040e+01
    2.73714027e+01 2.98406143e+01 2.97611637e+01 2.71547909e+01
    2.96125641e+01 3.17338581e+01 3.01040726e+01 3.39986267e+01
    3.33200455e+01 3.28768806e+01 3.12972927e+01 3.24484558e+01
    3.46293945e+01 3.21977539e+01 3.33996239e+01 3.17252159e+01
    2.86832542e+01 2.88001404e+01 2.80539131e+01 2.75169621e+01
    2.73614864e+01 2.86997280e+01 2.97962265e+01 2.79643383e+01
    2.98019485e+01 3.11216793e+01 3.09016762e+01 2.93606472e+01
    2.99568729e+01 3.15663567e+01 3.05726566e+01 2.95451050e+01
    3.07745419e+01 3.04822445e+01 3.11801739e+01 3.12526760e+01
    3.03741894e+01 3.02543297e+01 3.00871353e+01 3.02279224e+01
    3.30105095e+01 3.01646576e+01 2.96090031e+01 2.89113045e+01
    2.86901970e+01 2.82094479e+01 2.78092804e+01 2.81213055e+01
    2.66025848e+01 2.64721813e+01 2.76492996e+01 2.68998470e+01
    2.68441811e+01 2.72874508e+01 2.84516716e+01 2.71588516e+01
    2.88311768e+01 2.83391857e+01 3.05110855e+01 2.92015095e+01
    2.97953033e+01 3.09933853e+01 3.00426235e+01 3.25466080e+01
    3.20491066e+01 3.06352329e+01 3.02879925e+01 2.96685543e+01
    3.09029312e+01 2.88344688e+01 3.13325481e+01 3.01068573e+01
    3.04494705e+01 2.76937943e+01 2.81582851e+01 2.87074471e+01
    2.89391727e+01 2.86245270e+01 2.57273121e+01 2.79727173e+01
    2.93172913e+01 2.87753582e+01 2.85905132e+01 2.90277863e+01
    3.02929039e+01 3.03112545e+01 3.00542450e+01 3.17037392e+01
    3.14050865e+01 3.17613811e+01 3.31146736e+01 3.16312103e+01
    3.20778313e+01 3.28590622e+01 3.29127846e+01 3.14548874e+01
    2.89871750e+01 2.89361782e+01 2.94889679e+01 2.80689335e+01
    2.78221054e+01 2.76583080e+01 2.90145779e+01 2.58199825e+01
    2.71259441e+01 2.66301327e+01 2.93746052e+01 2.89938736e+01
    2.94501686e+01 3.07448425e+01 3.01969166e+01 2.99385262e+01
    2.80387611e+01 2.84590435e+01 2.66637058e+01 2.93882980e+01
    2.84440384e+01 2.85155621e+01 2.79887276e+01 2.68468800e+01
    2.39912376e+01 2.58205223e+01 2.77229691e+01 2.78829174e+01
    2.94559784e+01 2.81431618e+01 2.88956337e+01 2.86667595e+01
    2.76620216e+01 2.96999722e+01 2.86107693e+01 2.99311199e+01
    2.88225327e+01 2.91492825e+01 2.73889942e+01 2.77693195e+01
    2.75216866e+01 3.03088493e+01 2.88668671e+01 2.93266144e+01
    2.87465534e+01 3.05510654e+01 2.94031963e+01 3.12049007e+01
    3.10548115e+01 3.17691669e+01 3.10525589e+01 3.10765972e+01
    3.03213081e+01 2.89657593e+01 3.01749802e+01 3.12291412e+01
    3.01922512e+01 3.05463390e+01 3.19289341e+01 3.13107319e+01
    2.95632362e+01 3.04081631e+01 3.01710243e+01 3.20729561e+01
    3.17427616e+01 3.26938782e+01 3.20079422e+01 3.07881603e+01
    3.18632717e+01 3.20015335e+01 3.16293755e+01 3.16559734e+01
    3.10355721e+01 3.04549732e+01 3.05436153e+01 3.14839420e+01
    3.08306503e+01 2.94884262e+01 2.91348248e+01 3.00052223e+01
    2.79195271e+01 2.78265762e+01 2.93087215e+01 2.81294174e+01
    2.93952999e+01 3.13788662e+01 2.93172970e+01 2.95604649e+01
    2.89999599e+01 3.19831524e+01 3.05828915e+01 3.05297184e+01
    3.21380577e+01 3.43806076e+01 3.51621437e+01 3.39396400e+01
    3.48226166e+01 3.34424362e+01 3.32143173e+01 3.48221092e+01
    3.31859894e+01 3.40807152e+01 3.50009232e+01 3.18851185e+01
    3.19863567e+01 3.28500099e+01 3.25179482e+01 3.31590614e+01
    2.96629372e+01 3.16955166e+01 3.06591129e+01 3.00656548e+01
    2.91976700e+01 3.09497623e+01 3.14929714e+01 3.02641621e+01
    2.90849113e+01 3.13872585e+01 2.92526188e+01 3.05441494e+01
    2.97644958e+01 3.17503662e+01 3.06984425e+01 3.21577721e+01
    3.14146023e+01 3.16825886e+01 3.26702461e+01 3.41071663e+01
    3.30880928e+01 3.17021866e+01 3.32481117e+01 3.35276375e+01
    2.97796001e+01 3.05435772e+01 3.20440979e+01 3.22587738e+01
    3.16258297e+01 3.10571308e+01 3.09082813e+01 3.09993820e+01
    3.12607327e+01 2.95186882e+01 2.88624249e+01 3.23074493e+01
    2.79862156e+01 3.01021214e+01 3.05692101e+01 2.78610096e+01
    2.61683846e+01 2.77663155e+01 2.63501015e+01 2.69240856e+01
    2.80236130e+01 2.90939426e+01 2.89520493e+01 2.98331451e+01
    3.30522156e+01 3.17105122e+01 3.14957390e+01 3.29176407e+01
    3.32464218e+01 3.17569866e+01 3.23115540e+01 3.42373314e+01
    3.30668068e+01 3.06098022e+01 2.77556438e+01 2.62716522e+01
    2.81789665e+01 2.98241291e+01 2.58362103e+01 2.65706348e+01
    2.72735558e+01 2.87611370e+01 2.87187595e+01 2.96266804e+01
    2.99609776e+01 3.08060913e+01 2.97413197e+01 2.99751415e+01
    2.87268200e+01 3.13892632e+01 3.05701675e+01 3.07602024e+01
    3.07959423e+01 3.08072300e+01 3.05540390e+01 3.13556824e+01
    2.97607536e+01 3.05187054e+01 3.14476738e+01 3.08601608e+01
    2.88709202e+01 2.75322971e+01 2.84128819e+01 2.76788330e+01
    2.65853367e+01 2.68265858e+01 2.69446201e+01 2.54672642e+01
    2.49543839e+01 2.55354958e+01 2.67553749e+01 2.80618706e+01
    2.49795895e+01 2.85115128e+01 2.93890190e+01 2.92647820e+01
    3.08992538e+01 2.94702301e+01 3.10073128e+01 2.93773689e+01
    3.04254150e+01 3.11603699e+01 3.08882961e+01 2.98350658e+01
    3.05323257e+01 2.87992935e+01 2.78845615e+01 2.93735733e+01
    3.02449741e+01 3.00647907e+01 2.87375183e+01 2.79583969e+01
    2.79869308e+01 2.69514103e+01 2.75597878e+01 2.73153954e+01
    2.77671680e+01 2.92510204e+01 2.79527130e+01 2.84174232e+01
    2.94236546e+01 2.94270287e+01 2.72196980e+01 3.09466133e+01
    3.08065300e+01 3.02353554e+01 2.93318844e+01 3.23665962e+01
    3.10923367e+01 3.06209946e+01 3.17058620e+01 2.97127533e+01
    3.03062172e+01 3.10112514e+01 3.05659790e+01 2.84737911e+01
    2.81727276e+01 2.71057510e+01 2.61113529e+01 2.68138905e+01
    2.64687462e+01 2.74462032e+01 2.80515022e+01 2.64670715e+01
    2.78849335e+01 2.94373703e+01 3.06641121e+01 3.21854706e+01
    2.98265514e+01 3.12664661e+01 2.87620926e+01 2.85104084e+01
    3.00925560e+01 2.82736912e+01 2.93538113e+01 2.85786858e+01
    2.56603184e+01 2.61571388e+01 2.46379986e+01 2.61541557e+01
    2.62157078e+01 2.93510609e+01 2.86837006e+01 2.70842724e+01
    3.09075909e+01 2.61943436e+01 2.72150879e+01 2.90886555e+01
    3.05651093e+01 2.91270866e+01 2.83801708e+01 2.97553883e+01
    3.05593338e+01 2.84619408e+01 2.78860340e+01 2.98589191e+01
    2.93913689e+01 3.18453693e+01 3.02806816e+01 2.96353493e+01
    3.12448769e+01 2.96683178e+01 3.04569244e+01 3.16587296e+01
    3.23166084e+01 3.10328655e+01 3.05171623e+01 3.21760216e+01
    3.05044155e+01 3.17780533e+01 3.01774559e+01 3.15118561e+01
    3.07693768e+01 3.04559612e+01 3.19073315e+01 3.03970814e+01
    3.15684376e+01 3.43652420e+01 3.11379776e+01 3.27540627e+01
    3.23098640e+01 3.18808784e+01 3.27000389e+01 3.29592285e+01
    3.07938366e+01 3.20329704e+01 3.06342278e+01 2.99601536e+01
    3.15640526e+01 3.03806686e+01 2.92026463e+01 2.97441292e+01
    3.01874619e+01 3.13479424e+01 2.82222538e+01 2.84548397e+01
    3.00186081e+01 3.22122536e+01 3.11419907e+01 3.25302849e+01
    3.05706940e+01 2.94591198e+01 3.14824963e+01 3.06783791e+01
    3.13615189e+01 3.29680519e+01 3.23807602e+01 3.30547218e+01
    3.38550568e+01 3.24996300e+01 3.22691727e+01 3.37579575e+01
    3.49856834e+01 3.31462021e+01 3.25867233e+01 3.38520088e+01
    3.28277893e+01 3.26334496e+01 3.19182224e+01 3.05552177e+01
    3.16550179e+01 3.12807903e+01 3.23692017e+01 3.30155144e+01
    2.98268738e+01 3.03929462e+01 3.05244141e+01 3.04269695e+01
    3.10753899e+01 3.02135887e+01 3.05989227e+01 3.09098167e+01
    3.05980415e+01 3.02039757e+01 2.97309399e+01 3.03619785e+01
    3.29832954e+01 3.13964920e+01 3.10868378e+01 3.25874672e+01
    3.33663597e+01 3.32593842e+01 3.22440605e+01 3.20181084e+01
    3.18848820e+01 3.21227798e+01 3.01482639e+01 3.06900196e+01
    3.24465485e+01 3.12810097e+01 3.29322243e+01 3.12561550e+01
    2.94824829e+01 2.94784031e+01 3.10339985e+01 2.83927670e+01
    2.82089424e+01 2.90234814e+01 2.77468510e+01 2.93915348e+01
    2.57851353e+01 2.71663475e+01 2.72638588e+01 2.69295616e+01
    2.63612957e+01 2.77958393e+01 2.83597584e+01 2.89630165e+01
    2.93495712e+01 3.14960861e+01 2.97445240e+01 3.02738533e+01
    3.20120735e+01 3.08764935e+01 3.31851349e+01 3.20725479e+01
    3.28540573e+01 3.18974800e+01 3.18093128e+01 3.24316368e+01
    2.78611393e+01 2.66437111e+01 2.77113132e+01 2.53679943e+01
    2.46147957e+01 2.67408009e+01 2.69642963e+01 2.55108013e+01
    2.77641964e+01 2.86458607e+01 2.96011448e+01 3.01745758e+01
    2.89927788e+01 2.81196823e+01 2.99623203e+01 3.04275837e+01
    2.84617062e+01 3.14814968e+01 3.11896229e+01 3.06689968e+01
    2.95843315e+01 3.07985764e+01 2.93100510e+01 2.99834442e+01
    3.15404930e+01 2.99186687e+01 3.04889278e+01 2.95036144e+01
    2.84810829e+01 2.74341602e+01 2.94260483e+01 2.81100101e+01
    2.48742981e+01 2.63876114e+01 2.68344135e+01 2.77187290e+01
    2.50105610e+01 2.74562912e+01 2.77477264e+01 2.93974571e+01
    3.00811806e+01 3.03819408e+01 3.05401726e+01 2.98214645e+01
    2.95742397e+01 2.72397289e+01 2.75570393e+01 3.17101383e+01
    3.24357491e+01 2.96303940e+01 3.02888546e+01 2.84093971e+01
    3.07337208e+01 2.93514709e+01 2.89860020e+01 2.99284058e+01
    2.85037842e+01 2.79959183e+01 2.78114071e+01 2.66855259e+01
    2.84218807e+01 2.84071922e+01 2.74136868e+01 2.82917843e+01
    3.00161476e+01 2.83837795e+01 2.98241043e+01 2.86137218e+01
    3.05924206e+01 2.99611454e+01 2.93433933e+01 3.14503002e+01
    2.96889095e+01 3.27065506e+01 3.12604256e+01 3.07131119e+01
    3.06505775e+01 3.12268734e+01 3.09337673e+01 2.99802303e+01
    2.93119869e+01 2.78950405e+01 2.76442642e+01 2.76703033e+01
    2.64705315e+01 2.62760868e+01 2.63838043e+01 2.90654621e+01
    2.81253643e+01 2.63714008e+01 3.02062531e+01 2.95883255e+01
    3.16721783e+01 3.19388809e+01 3.02253437e+01 3.19387665e+01
    3.05015583e+01 3.07018566e+01 2.79785728e+01 3.08247871e+01
    2.95088921e+01 2.86402397e+01 2.80717735e+01 2.78357220e+01
    2.46328487e+01 2.64953117e+01 2.56792202e+01 2.86134281e+01
    2.91746216e+01 2.96163616e+01 2.72236366e+01 2.75507488e+01
    2.90603504e+01 2.91660957e+01 2.90737419e+01 2.95376720e+01
    2.82664547e+01 3.05121803e+01 2.89735413e+01 2.71923428e+01
    2.87173615e+01 2.98949680e+01 3.03543568e+01 3.11118641e+01
    2.83506641e+01 3.05597782e+01 3.05484409e+01 2.90659237e+01
    3.03742180e+01 3.03837051e+01 2.98846588e+01 3.27715569e+01
    3.04448128e+01 3.06284504e+01 2.98302155e+01 3.00331306e+01
    3.12041378e+01 3.12534714e+01 3.04193306e+01 3.18160992e+01
    3.21748505e+01 3.11683998e+01 3.26735954e+01 3.06026077e+01
    3.23325615e+01 3.33099365e+01 3.33192406e+01 3.21314659e+01
    3.12209797e+01 3.18216267e+01 3.16580467e+01 3.05262337e+01
    3.10694904e+01 3.02861843e+01 2.95433273e+01 2.90772839e+01
    3.05591125e+01 2.82699356e+01 2.88814964e+01 3.02550583e+01
    2.90233307e+01 3.07597694e+01 3.09081688e+01 3.08174648e+01
    3.08608456e+01 3.03499317e+01 3.22026520e+01 3.13664589e+01
    2.89374523e+01 3.25496902e+01 3.19032688e+01 3.19835205e+01
    3.25269165e+01 3.08220501e+01 3.23098488e+01 3.07087097e+01
    3.19867420e+01 3.15351219e+01 3.20399857e+01 3.17228794e+01
    3.16846371e+01 3.45594902e+01 3.32543068e+01 3.14768562e+01
    3.11203346e+01 3.04830284e+01 3.17742672e+01 3.28152618e+01
    3.15066242e+01 3.22470894e+01 3.07356682e+01 3.18116722e+01
    3.09622784e+01 3.01128254e+01 3.17144928e+01 3.15619488e+01
    3.20173645e+01 2.99370384e+01 3.10599041e+01 3.22297134e+01
    3.11714287e+01 3.34941788e+01 3.17706547e+01 3.18448887e+01
    3.22310066e+01 3.24165955e+01 3.29011726e+01 3.32722282e+01
    3.36068993e+01 3.25531120e+01 3.15232391e+01 3.27698441e+01
    3.23705711e+01 3.08226814e+01 3.11082592e+01 3.30727577e+01
    3.23717003e+01 3.10533104e+01 2.99088287e+01 3.16490211e+01
    2.87765999e+01 2.75402031e+01 3.02951756e+01 2.90013371e+01
    2.99573040e+01 2.80698013e+01 2.68583164e+01 2.78570900e+01
    2.71953888e+01 2.80352249e+01 2.82325726e+01 2.85071011e+01
    2.73576279e+01 2.74274540e+01 2.98851929e+01 2.82871037e+01
    3.05704193e+01 2.94097290e+01 2.86531200e+01 3.19827900e+01
    3.19139767e+01 3.26860390e+01 3.16801682e+01 3.06116543e+01
    3.23767128e+01 2.87791595e+01 2.57829876e+01 2.60961971e+01
    2.63446159e+01 2.72905121e+01 2.72830124e+01 2.59436703e+01
    2.61803818e+01 2.70569248e+01 2.84025078e+01 2.83530216e+01
    3.03817959e+01 3.07482338e+01 2.90866299e+01 2.92325058e+01
    2.89085102e+01 3.05922699e+01 3.06191044e+01 3.12946415e+01
    3.16105118e+01 3.14401226e+01 2.99029865e+01 3.11768055e+01
    3.03304691e+01 3.05996857e+01 3.01909981e+01 3.16907539e+01
    2.81963787e+01 2.90744152e+01 2.90478897e+01 2.75040741e+01
    2.67888603e+01 2.67734756e+01 2.64264030e+01 2.79650192e+01
    2.56084881e+01 2.91512623e+01 2.65350170e+01 2.83479252e+01
    2.78900013e+01 3.04975586e+01 2.89227638e+01 3.03607426e+01
    3.23857193e+01 2.77199516e+01 2.85224285e+01 3.02196846e+01
    2.98461742e+01 3.17087135e+01 2.96093559e+01 3.00322018e+01
    2.92362366e+01 2.77287273e+01 2.88191166e+01 2.77417927e+01
    2.84406338e+01 2.95701771e+01 3.04845810e+01 2.51936855e+01
    2.73786373e+01 2.89062462e+01 2.88235149e+01 2.75499477e+01
    3.00092907e+01 3.00414181e+01 2.86335945e+01 2.94912968e+01
    3.12002792e+01 2.96168690e+01 3.09685097e+01 3.04515438e+01
    3.35496407e+01 3.08054256e+01 3.10011120e+01 3.18053913e+01
    3.01305237e+01 3.17276306e+01 3.02785835e+01 3.05781441e+01
    3.03167782e+01 3.03864803e+01 2.81527901e+01 2.88555851e+01
    2.76042728e+01 2.60592957e+01 2.50556412e+01 2.78604279e+01
    2.80393524e+01 2.77200642e+01 2.89948578e+01 2.81748066e+01
    2.86329346e+01 3.04696579e+01 3.19698544e+01 3.21712265e+01
    3.17316761e+01 3.25556831e+01 3.10351162e+01 2.92090588e+01
    3.08334885e+01 3.13650284e+01 3.00842667e+01 3.07838879e+01
    2.67918129e+01 2.91828365e+01 2.83564529e+01 2.86794739e+01
    2.88166199e+01 2.93832378e+01 2.85144482e+01 2.88892498e+01
    2.97133656e+01 2.79641781e+01 2.83823509e+01 2.83632736e+01
    3.06786880e+01 3.07044735e+01 2.88930397e+01 3.03458443e+01
    3.11755428e+01 2.93292961e+01 3.09652023e+01 3.04074135e+01
    3.10659599e+01 3.12434025e+01 3.08221588e+01 3.03250046e+01
    3.03993473e+01 3.03789921e+01 3.05414677e+01 3.04501934e+01
    3.33528099e+01 3.16095505e+01 2.90507298e+01 3.03622017e+01
    3.08140278e+01 3.03304520e+01 2.95753441e+01 3.14632130e+01
    3.09887829e+01 3.18927994e+01 3.23444481e+01 3.16115971e+01
    3.15598507e+01 3.28150139e+01 3.28460045e+01 3.27235832e+01
    3.42990608e+01 3.25353699e+01 3.18888512e+01 3.13095398e+01
    3.06344471e+01 3.02052727e+01 3.00273190e+01 2.97111549e+01
    2.88974228e+01 3.09013348e+01 2.96259041e+01 2.95058651e+01
    2.90467358e+01 3.09610023e+01 3.04625454e+01 2.93996334e+01
    2.95098286e+01 3.09990654e+01 3.26204948e+01 3.23423309e+01
    3.12553959e+01 3.04441643e+01 3.10358486e+01 3.11619968e+01
    3.07271366e+01 3.13410301e+01 3.18116436e+01 3.29259911e+01
    3.30693398e+01 3.00608997e+01 3.10630398e+01 3.13645115e+01
    3.39534645e+01 3.08983154e+01 3.11903439e+01 3.12277088e+01
    3.01619339e+01 3.23588066e+01 3.19632759e+01 3.09386921e+01
    3.15623188e+01 3.16392765e+01 3.10449181e+01 3.43363991e+01
    3.21207733e+01 3.03620205e+01 2.93656445e+01 3.23619576e+01
    3.28090401e+01 3.13502598e+01 3.19499550e+01 3.15628929e+01
    3.29426003e+01 3.06009636e+01 2.97774277e+01 3.29491158e+01
    3.25614738e+01 3.26422691e+01 3.11025696e+01 3.14257240e+01
    3.23717957e+01 3.19608994e+01 3.15167332e+01 3.22850685e+01
    3.28883629e+01 3.20024147e+01 3.19803391e+01 3.10961952e+01
    3.10190067e+01 3.21583977e+01 3.24260216e+01 2.95923500e+01
    3.00054512e+01 3.06503792e+01 2.97549686e+01 2.84852448e+01
    2.97917614e+01 2.89805565e+01 2.99523582e+01 3.04092293e+01
    2.79608746e+01 2.77166862e+01 2.86417007e+01 2.97722435e+01
    2.65215702e+01 2.80839882e+01 2.64290714e+01 2.74806271e+01
    2.71124611e+01 2.74951057e+01 2.87924137e+01 2.79924793e+01
    2.99047794e+01 2.92017765e+01 2.98882217e+01 3.09938831e+01
    3.04763832e+01 3.06723499e+01 3.00048733e+01 2.92891254e+01
    2.53645000e+01 2.64064007e+01 2.85795956e+01 2.77612133e+01
    2.57787132e+01 2.66363106e+01 2.51683350e+01 2.77851753e+01
    2.82565022e+01 2.98523617e+01 3.12833023e+01 3.12448997e+01
    2.91558495e+01 2.95625134e+01 3.03092194e+01 3.04478989e+01
    3.05786171e+01 3.31305923e+01 3.18692818e+01 3.01509762e+01
    3.03612766e+01 3.19342804e+01 3.06872311e+01 3.12689247e+01
    3.25961876e+01 3.01218796e+01 3.06636906e+01 2.91296158e+01
    2.84928284e+01 2.68882313e+01 2.93322220e+01 2.74786568e+01
    2.75366955e+01 2.76093502e+01 2.70357876e+01 2.84052525e+01
    2.66804752e+01 2.81038094e+01 2.77054768e+01 2.99563980e+01
    2.80962029e+01 2.97021980e+01 2.96305103e+01 2.97887383e+01
    3.10104866e+01 3.01909237e+01 3.05592537e+01 3.00097694e+01
    3.25056877e+01 3.22038002e+01 2.98863525e+01 2.87546692e+01
    2.97197704e+01 3.02336617e+01 3.02623253e+01 3.07688923e+01
    2.90029583e+01 2.81810055e+01 2.93857689e+01 2.81795254e+01
    2.95095825e+01 2.93604088e+01 2.87400227e+01 3.04074440e+01
    2.96098442e+01 3.06241436e+01 2.87765789e+01 3.04411888e+01
    2.93409443e+01 3.16818256e+01 3.24738884e+01 3.09261551e+01
    3.20794373e+01 3.02449150e+01 3.12645168e+01 3.05447979e+01
    2.89670887e+01 2.84939041e+01 3.03543339e+01 2.89049969e+01
    2.56803188e+01 2.66564140e+01 2.64297638e+01 2.62198219e+01
    2.72220459e+01 2.47713890e+01 2.58967533e+01 2.77489109e+01
    2.89106369e+01 2.75355873e+01 2.98648453e+01 3.10055485e+01
    3.09204903e+01 3.31449547e+01 3.19661236e+01 3.11495552e+01
    3.04557590e+01 3.17076454e+01 3.14354305e+01 3.16568375e+01
    3.28398438e+01 3.11180897e+01 2.85129051e+01 2.96276951e+01
    2.78735695e+01 3.02459583e+01 2.95068588e+01 2.98045216e+01
    2.99239578e+01 3.17101326e+01 2.88833981e+01 2.91182747e+01
    2.94490204e+01 2.99903965e+01 3.09275475e+01 2.87723045e+01
    3.12214813e+01 3.03987293e+01 3.14203796e+01 3.30420036e+01
    3.06444569e+01 3.05553951e+01 3.34445877e+01 3.18254490e+01
    2.97843285e+01 3.10206680e+01 3.31165771e+01 3.17358189e+01
    3.14907990e+01 3.07327271e+01 3.09903793e+01 2.97806969e+01
    3.02669811e+01 3.05843811e+01 2.93092003e+01 3.09826317e+01
    3.31711311e+01 3.07774105e+01 3.14405556e+01 3.14699268e+01
    3.34100342e+01 3.12951126e+01 3.21110115e+01 3.15686054e+01
    3.19169979e+01 3.41321106e+01 3.19554672e+01 3.31471291e+01
    3.16894817e+01 3.04610710e+01 3.01513615e+01 3.01887302e+01
    2.97767105e+01 2.95306263e+01 2.81534100e+01 3.02541199e+01
    2.91680527e+01 2.92114468e+01 3.01833172e+01 2.91163712e+01
    2.69308109e+01 3.06864777e+01 2.97928467e+01 2.88936863e+01
    3.05836849e+01 3.15450535e+01 3.17248325e+01 3.25774651e+01
    3.10437183e+01 3.11070442e+01 3.09735336e+01 3.23580284e+01
    3.09100628e+01 3.04293213e+01 3.07076912e+01 3.03310585e+01
    3.10035572e+01 3.16943302e+01 3.14211750e+01 3.08245831e+01
    3.19446907e+01 3.00018177e+01 3.11138477e+01 3.22016525e+01
    3.10512314e+01 2.97677097e+01 3.14719448e+01 3.24744072e+01
    3.17099762e+01 3.00531006e+01 2.96507664e+01 3.22675095e+01
    2.92822418e+01 3.10737629e+01 3.05842438e+01 3.27561684e+01
    3.05885296e+01 3.15650005e+01 3.14731541e+01 3.07803841e+01
    3.08891449e+01 3.21043854e+01 3.29264526e+01 3.18207855e+01
    3.07172394e+01 3.21228485e+01 3.18094330e+01 3.31395721e+01
    3.07918243e+01 3.05328407e+01 3.10079517e+01 3.02351627e+01
    2.96564636e+01 2.99151173e+01 3.17873440e+01 3.03836632e+01
    3.25403938e+01 3.08543720e+01 2.82089863e+01 3.03950653e+01
    3.13076649e+01 3.02638435e+01 2.94403496e+01 3.00016727e+01
    3.09616776e+01 3.16567478e+01 2.95298653e+01 3.07518063e+01
    2.97852745e+01 2.79057713e+01 3.09495811e+01 2.76529942e+01
    2.71892471e+01 2.78487034e+01 2.75437355e+01 2.89288616e+01
    2.87880898e+01 3.00897846e+01 2.96202183e+01 3.00707455e+01
    3.15044079e+01 3.14631195e+01 3.11810246e+01 3.24984093e+01
    3.02678719e+01 3.13976707e+01 2.70462284e+01 2.93161411e+01
    2.82624245e+01 2.79115849e+01 2.89271355e+01 2.63424702e+01
    2.71029720e+01 2.73303051e+01 2.69871082e+01 2.88778019e+01
    3.02885494e+01 2.91261616e+01 2.93172703e+01 2.72172947e+01
    3.00961304e+01 2.93589497e+01 2.81012821e+01 3.16168556e+01
    2.96264534e+01 3.25240211e+01 3.00911922e+01 3.07773323e+01
    3.08528633e+01 3.04779110e+01 3.04416542e+01 3.10714111e+01
    3.01610565e+01 2.77529354e+01 2.97988949e+01 3.04346714e+01
    2.93991451e+01 2.68793049e+01 2.78435917e+01 2.94136124e+01
    2.82128201e+01 2.77910442e+01 2.79319458e+01 2.84746475e+01
    2.78392029e+01 2.98295689e+01 2.87418594e+01 3.00744553e+01
    3.05946941e+01 3.01569023e+01 2.82660751e+01 3.01033916e+01
    2.97195873e+01 3.07275372e+01 3.18541489e+01 2.85462990e+01
    2.80296822e+01 2.80160942e+01 3.02251091e+01 2.91348839e+01
    2.93244457e+01 2.99541817e+01 3.07099648e+01 2.97481251e+01
    2.67628040e+01 2.81744576e+01 2.94850883e+01 2.69597301e+01
    3.06692715e+01 2.98419819e+01 3.08624744e+01 2.97973022e+01
    3.19975033e+01 2.91930161e+01 3.15165253e+01 3.08020573e+01
    3.13255444e+01 3.30623512e+01 3.12885799e+01 3.28435135e+01
    2.90116901e+01 2.91508141e+01 2.99405174e+01 2.75360584e+01
    2.84612350e+01 2.77739754e+01 2.73589649e+01 2.67508869e+01
    2.75118504e+01 2.69443722e+01 2.49798870e+01 2.72835064e+01
    2.76644115e+01 2.70259762e+01 2.88548031e+01 2.81186428e+01
    3.00570393e+01 2.81152859e+01 3.25734558e+01 3.14312820e+01
    3.09060822e+01 3.25554962e+01 3.13283978e+01 2.94671688e+01
    2.98809204e+01 3.11683521e+01 3.18104134e+01 3.09242954e+01
    2.93887882e+01 2.94185371e+01 2.91485252e+01 2.95867538e+01
    3.01520977e+01 3.07693977e+01 2.93970242e+01 2.83085556e+01
    3.05287132e+01 3.16490993e+01 2.98333359e+01 3.14155750e+01
    3.07578144e+01 3.15119553e+01 3.18550797e+01 3.10900097e+01
    3.08759136e+01 3.04801159e+01 3.02833900e+01 3.24409294e+01
    3.13127747e+01 3.21664200e+01 3.16375828e+01 3.06846848e+01
    3.03741989e+01 3.18071594e+01 2.99017506e+01 2.91733456e+01
    3.23247986e+01 2.91514511e+01 2.83106499e+01 3.01659393e+01
    3.04393444e+01 3.15230904e+01 3.06089649e+01 3.18952065e+01
    3.02532673e+01 3.15612411e+01 3.18259926e+01 3.06262836e+01
    3.22633705e+01 3.31855736e+01 3.27552528e+01 3.20187988e+01
    3.25052452e+01 3.20106850e+01 3.11052456e+01 3.27481766e+01
    3.22366562e+01 3.09665031e+01 3.15505848e+01 2.86170864e+01
    2.75353546e+01 2.94293594e+01 2.80862331e+01 2.79297428e+01
    2.76762981e+01 2.96985359e+01 2.84623642e+01 2.77138538e+01
    2.87581921e+01 2.89129219e+01 2.84120579e+01 3.25194817e+01
    3.03213787e+01 2.85300503e+01 3.04448967e+01 3.13974705e+01
    3.04692574e+01 2.99286232e+01 3.14315662e+01 3.18860226e+01
    3.20155907e+01 3.10380001e+01 2.92742863e+01 3.16365013e+01
    3.04354095e+01 3.14969578e+01 3.18235340e+01 3.01769848e+01
    3.06183186e+01 3.18083649e+01 3.11980324e+01 3.25470428e+01
    3.13690529e+01 3.09453087e+01 3.04544353e+01 3.11912422e+01
    3.11956501e+01 3.12965775e+01 3.07446461e+01 3.13851490e+01
    3.15787754e+01 3.21703453e+01 3.10836487e+01 3.09850521e+01
    3.30688324e+01 3.22033882e+01 2.97292233e+01 3.26343307e+01
    3.29370766e+01 3.19519405e+01 2.95971680e+01 3.15001335e+01
    3.06602535e+01 3.15528126e+01 3.09971485e+01 3.17376232e+01
    2.91187439e+01 3.12731419e+01 3.02649612e+01 3.00795135e+01
    3.17009659e+01 3.14962673e+01 3.11116085e+01 3.04496841e+01
    3.00562382e+01 2.93389931e+01 3.10542164e+01 3.15431194e+01
    3.14255180e+01 3.06978188e+01 3.28711319e+01 3.10091515e+01
    3.21508484e+01 3.20324707e+01 2.89064236e+01 3.01323700e+01
    2.97689743e+01 2.81229324e+01 2.89018784e+01 2.94090233e+01
    2.94146957e+01 2.89164791e+01 2.99910355e+01 2.96246452e+01
    2.80204849e+01 3.11967487e+01 2.91069908e+01 3.07724628e+01
    3.26115379e+01 3.07772141e+01 3.26815872e+01 2.97962875e+01
    2.57875290e+01 2.85744858e+01 3.01433926e+01 2.88564034e+01
    2.98453140e+01 2.71223831e+01 2.90424080e+01 2.59790802e+01
    2.89781380e+01 3.03229179e+01 2.96547527e+01 3.03046799e+01
    2.96275902e+01 2.89953766e+01 2.98300076e+01 3.00606689e+01
    3.08892765e+01 2.98085232e+01 3.03697681e+01 3.16829052e+01
    3.07040653e+01 3.16841507e+01 2.96405621e+01 3.00924816e+01
    3.21599083e+01 2.93148918e+01 2.90288849e+01 2.95590706e+01
    2.94402580e+01 2.88921185e+01 3.04995117e+01 2.81694221e+01
    2.78269615e+01 2.69201736e+01 2.83474159e+01 2.97662773e+01
    2.76987782e+01 2.93242645e+01 2.84591751e+01 3.08599815e+01
    3.06048832e+01 3.25122375e+01 3.00530643e+01 2.85761795e+01
    3.07812748e+01 3.06304703e+01 3.10773430e+01 3.07895737e+01
    3.03532085e+01 3.18979893e+01 2.91683617e+01 2.98914452e+01
    2.77638950e+01 2.75980453e+01 3.03458652e+01 3.05908031e+01
    2.99926109e+01 2.76303062e+01 2.80148354e+01 2.96621418e+01
    2.78411465e+01 2.88419609e+01 2.95792065e+01 2.93797855e+01
    3.29829178e+01 3.23223419e+01 3.09672070e+01 3.06570950e+01
    3.09081039e+01 3.08963661e+01 3.17351227e+01 3.26007843e+01
    3.17496872e+01 3.09992123e+01 3.09893913e+01 3.11265697e+01
    2.69218960e+01 2.81258984e+01 2.84757595e+01 2.99931870e+01
    2.95418530e+01 2.86146393e+01 2.63972054e+01 2.79884510e+01
    2.63877316e+01 2.56231594e+01 2.67996292e+01 2.80769024e+01
    2.96147461e+01 2.76459713e+01 2.84946461e+01 2.75133076e+01
    3.01531067e+01 3.05539513e+01 3.04464912e+01 2.99966507e+01
    3.06322613e+01 3.15762672e+01 2.90134144e+01 2.88312073e+01
    3.19155769e+01 3.01091938e+01 2.71780281e+01 2.98564205e+01
    2.84813976e+01 2.94795170e+01 2.99434547e+01 2.87116947e+01
    2.92080383e+01 3.00733814e+01 3.00871792e+01 2.90751476e+01
    2.94910011e+01 2.91935673e+01 2.97769203e+01 3.14442272e+01
    3.11499653e+01 3.03947048e+01 3.16012516e+01 3.17972164e+01
    2.96428127e+01 2.98569889e+01 3.19030399e+01 3.20969429e+01
    2.99865837e+01 3.05512314e+01 3.03460350e+01 3.03336830e+01
    2.82152538e+01 3.01379471e+01 3.04818420e+01 3.03723621e+01
    3.11368523e+01 3.15038414e+01 2.91873722e+01 3.03263779e+01
    3.07153721e+01 3.01062222e+01 3.04853573e+01 3.18261700e+01
    3.10110779e+01 3.13823872e+01 3.38778572e+01 3.33101501e+01
    2.99223537e+01 3.35273132e+01 3.35964890e+01 3.28991203e+01
    3.21880074e+01 3.30704346e+01 3.15130291e+01 3.06992435e+01
    2.87140865e+01 2.86812897e+01 2.76392021e+01 2.76960258e+01
    2.59980392e+01 2.65192547e+01 2.77673836e+01 2.85350895e+01
    2.69653931e+01 2.80359821e+01 2.85877800e+01 2.80550365e+01
    2.96115475e+01 3.02913666e+01 2.97864189e+01 3.09587727e+01
    2.98580284e+01 3.02708931e+01 3.04770851e+01 3.10269547e+01
    3.06330490e+01 3.10979023e+01 3.05095329e+01 3.13212662e+01
    3.20198021e+01 3.10342541e+01 3.10774841e+01 3.19027157e+01
    3.27398338e+01 2.97527790e+01 3.07232647e+01 3.17710724e+01
    2.91892414e+01 3.11443806e+01 3.10312424e+01 3.16732502e+01
    3.10568848e+01 3.13814392e+01 3.03846989e+01 3.00749588e+01
    3.01104450e+01 3.22611809e+01 3.17659836e+01 3.02627087e+01
    3.02568703e+01 3.27935410e+01 3.02430077e+01 3.07200947e+01
    2.97903862e+01 3.21148262e+01 3.09360390e+01 3.00753822e+01
    2.86888962e+01 3.07036190e+01 3.05393829e+01 3.13076458e+01
    3.07800293e+01 2.91936035e+01 2.84086189e+01 2.88865891e+01
    2.93133011e+01 3.05649967e+01 3.11344643e+01 3.00979671e+01
    3.10600357e+01 2.91958389e+01 2.94699669e+01 2.86316013e+01
    3.14480991e+01 3.37307358e+01 2.93049603e+01 3.04843121e+01
    3.14736404e+01 3.03224163e+01 2.94294605e+01 3.31354141e+01
    3.16841030e+01 3.05684586e+01 2.96749229e+01 2.96428642e+01
    2.86936550e+01 2.94392967e+01 3.00442295e+01 3.07139683e+01
    3.02004948e+01 3.11191349e+01 3.15431843e+01 3.10468636e+01
    3.32010765e+01 3.32671890e+01 3.21686020e+01 3.33032265e+01
    3.20783615e+01 3.28180199e+01 2.73482342e+01 2.84844112e+01
    2.95454235e+01 2.91600018e+01 2.76407738e+01 2.69998817e+01
    2.87103176e+01 2.57375374e+01 2.68209686e+01 2.71821518e+01
    2.87146091e+01 2.90869217e+01 2.65451851e+01 2.73857517e+01
    2.74271164e+01 2.81516151e+01 2.97374763e+01 3.02404537e+01
    3.02440681e+01 3.06070251e+01 3.02325993e+01 3.03517017e+01
    3.10273495e+01 3.14789886e+01 2.88861809e+01 3.05237007e+01
    3.07862263e+01 3.01181202e+01 2.81071987e+01 2.94101391e+01
    2.98433552e+01 2.62523861e+01 2.79634209e+01 2.83297119e+01
    2.97558994e+01 2.85104542e+01 2.78827305e+01 2.86873055e+01
    2.85438328e+01 3.12533226e+01 3.03820744e+01 3.11618614e+01
    3.02809353e+01 3.11208172e+01 2.92761631e+01 2.94444351e+01
    3.05467529e+01 3.25272789e+01 3.22481956e+01 3.08438110e+01
    3.03551846e+01 2.85809517e+01 2.93056107e+01 2.97720890e+01
    2.86495724e+01 2.98047104e+01 2.92763748e+01 2.98651905e+01
    2.89990387e+01 2.86159515e+01 2.87468414e+01 2.75121384e+01
    2.96066074e+01 3.06844883e+01 3.13186493e+01 3.04849491e+01
    3.16706257e+01 2.98293152e+01 3.08209572e+01 2.94837246e+01
    3.06509743e+01 3.09335537e+01 3.15671673e+01 3.16836777e+01
    2.99154968e+01 2.81169319e+01 2.83062458e+01 3.01137867e+01
    2.83536434e+01 2.80982304e+01 3.09920502e+01 2.86537819e+01
    2.80495644e+01 2.97782421e+01 2.88168049e+01 2.79429054e+01
    2.93068562e+01 2.92423096e+01 2.92663803e+01 3.01399059e+01
    2.93261299e+01 2.90072403e+01 3.00994587e+01 3.03474445e+01
    3.00744267e+01 3.23838768e+01 3.21881256e+01 2.98057079e+01
    2.95113449e+01 3.09993591e+01 3.02972355e+01 2.91539268e+01
    3.07664032e+01 2.82299614e+01 2.80625858e+01 3.03234177e+01
    2.85783691e+01 2.84752960e+01 2.97526760e+01 2.93587837e+01
    2.86648235e+01 2.92128181e+01 3.02901783e+01 3.09362946e+01
    2.98954105e+01 3.01330261e+01 3.09985199e+01 2.96902466e+01
    3.25365295e+01 2.96090069e+01 2.96976986e+01 3.26252747e+01
    3.08774624e+01 3.20843163e+01 3.07739124e+01 3.02583599e+01
    2.89635105e+01 2.93715076e+01 2.94749222e+01 2.97218952e+01
    2.97115383e+01 3.05851021e+01 2.99773445e+01 2.95895081e+01
    2.82307701e+01 3.05135384e+01 2.96361389e+01 2.98145962e+01
    3.02937965e+01 3.02317810e+01 3.24344635e+01 3.27380295e+01
    3.17838116e+01 3.24476433e+01 3.36313782e+01 3.47771263e+01
    3.38743172e+01 3.44219894e+01 3.23008614e+01 3.48293343e+01
    3.12221870e+01 3.10573616e+01 3.13281059e+01 2.79869022e+01
    2.67929382e+01 2.82790947e+01 2.87419872e+01 2.77254772e+01
    2.86521587e+01 3.02101593e+01 2.98344727e+01 3.03283672e+01
    2.90846519e+01 2.87081184e+01 2.83541374e+01 3.07997169e+01
    3.19859581e+01 2.98673134e+01 3.20532875e+01 3.17114258e+01
    3.24833870e+01 3.12693558e+01 3.15518951e+01 3.22266998e+01
    3.20925980e+01 3.16188812e+01 3.21160202e+01 3.23345680e+01
    3.13551826e+01 3.16070900e+01 3.16847534e+01 2.98246593e+01
    3.15032997e+01 2.97219849e+01 2.96172771e+01 3.16917076e+01
    3.12478294e+01 3.24840698e+01 3.06316605e+01 3.03729992e+01
    2.81481495e+01 3.03535194e+01 2.97610188e+01 3.08749199e+01
    2.93904839e+01 3.20442848e+01 3.01484451e+01 3.10270958e+01
    3.01386795e+01 3.12145901e+01 3.11381779e+01 3.09831829e+01
    3.18670254e+01 3.20811768e+01 2.97014141e+01 3.07696209e+01
    3.29046478e+01 3.30532150e+01 3.17859535e+01 3.21706276e+01
    2.97076187e+01 3.06909962e+01 3.10161762e+01 3.04942036e+01
    2.97528496e+01 3.08581047e+01 3.03958988e+01 2.97683487e+01
    3.05287037e+01 2.86157436e+01 3.09731140e+01 3.06908951e+01
    3.07459831e+01 3.20830688e+01 3.00564060e+01 3.11963120e+01
    3.11331120e+01 3.12564869e+01 3.16163616e+01 3.16808624e+01
    3.01034832e+01 2.95439243e+01 3.06649399e+01 2.91480160e+01
    2.84687824e+01 3.22395172e+01 3.11407948e+01 2.94868469e+01
    3.06136112e+01 3.21445961e+01 3.35711327e+01 3.12484875e+01
    3.35910225e+01 3.27558632e+01 3.20103798e+01 3.12315559e+01
    2.94139004e+01 2.99610405e+01 2.88695965e+01 2.84502544e+01
    2.86491528e+01 2.74359875e+01 2.66450024e+01 2.63234634e+01
    2.76536617e+01 2.70982189e+01 2.78842297e+01 2.82704067e+01
    2.79807663e+01 2.65991306e+01 2.78245430e+01 3.00516033e+01
    2.92152214e+01 3.07556858e+01 2.94163704e+01 2.95133991e+01
    2.97947006e+01 2.97934494e+01 2.84479046e+01 2.95904121e+01
    3.09749851e+01 3.08480682e+01 2.85365753e+01 2.98771782e+01
    2.89479790e+01 2.86828709e+01 2.98553753e+01 2.86385155e+01
    2.93354034e+01 2.72289391e+01 2.99182224e+01 2.84507809e+01
    2.86350632e+01 2.83040142e+01 2.81540623e+01 3.03188839e+01
    3.08222008e+01 3.11174545e+01 3.08387680e+01 2.93498535e+01
    2.91479073e+01 3.05455017e+01 3.12081013e+01 3.24212379e+01
    2.98376198e+01 3.03592720e+01 3.01096783e+01 2.83361988e+01
    2.82087173e+01 2.85245857e+01 2.96102524e+01 3.21080399e+01
    2.94407310e+01 3.02507248e+01 2.85058117e+01 3.10937195e+01
    2.91935997e+01 2.94377689e+01 2.97239132e+01 3.03334789e+01
    3.03346577e+01 3.07858124e+01 3.19384422e+01 3.07346478e+01
    3.06137695e+01 3.08134899e+01 2.95544834e+01 3.05274944e+01
    2.79226608e+01 2.90545616e+01 2.99142246e+01 3.04538555e+01
    2.89914017e+01 2.93004436e+01 3.03350163e+01 3.19641762e+01
    2.92105465e+01 3.02455006e+01 3.16740608e+01 3.03496475e+01
    2.90248146e+01 2.99390583e+01 3.00090942e+01 3.06552830e+01
    3.13224506e+01 3.01228008e+01 3.02585888e+01 2.96670780e+01
    2.95259018e+01 3.16253643e+01 3.03791981e+01 3.09357853e+01
    3.12306881e+01 3.35407677e+01 3.05693264e+01 2.99640522e+01
    3.05617561e+01 2.99510078e+01 2.77239208e+01 2.96903496e+01
    2.85021057e+01 2.95977345e+01 2.88043079e+01 2.89954185e+01
    2.71016998e+01 2.91545830e+01 3.04770679e+01 2.91589146e+01
    2.66372871e+01 2.99222870e+01 3.07544727e+01 3.08787632e+01
    3.09710083e+01 3.02236881e+01 3.24206200e+01 3.11966953e+01
    3.02473755e+01 2.92915001e+01 3.07688179e+01 3.25592194e+01
    3.01846180e+01 3.11772957e+01 3.02671795e+01 3.02187519e+01
    2.90989780e+01 3.22433128e+01 2.84395046e+01 3.02319603e+01
    3.11758289e+01 3.02420959e+01 2.84541073e+01 3.01213207e+01
    2.82793541e+01 2.97749252e+01 3.10651741e+01 3.17568092e+01
    2.97129612e+01 3.03659286e+01 3.24567528e+01 3.38565254e+01
    3.31229401e+01 3.37700691e+01 3.41896362e+01 3.28896255e+01
    3.32682114e+01 3.25360069e+01 3.09524879e+01 3.17433548e+01
    3.25884666e+01 3.01506577e+01 3.03914204e+01 2.92989960e+01
    2.93636913e+01 2.87786903e+01 2.95265884e+01 3.10926647e+01
    3.02438126e+01 3.22592316e+01 3.07121887e+01 2.99995899e+01
    3.19557590e+01 3.20021362e+01 3.03747749e+01 3.36379662e+01
    3.15460720e+01 3.22471733e+01 3.36136169e+01 3.22821159e+01
    3.29975700e+01 3.25731812e+01 3.28479004e+01 3.12845078e+01
    3.26089363e+01 3.18743000e+01 3.05362568e+01 3.21610832e+01
    3.13355560e+01 2.94751301e+01 3.19149914e+01 2.91008224e+01
    3.05329037e+01 3.01243458e+01 3.09990044e+01 3.01283245e+01
    3.00384254e+01 3.09241867e+01 3.08254242e+01 2.96941261e+01
    2.88068676e+01 3.23333855e+01 3.37278404e+01 3.03317871e+01
    2.98715553e+01 3.18217106e+01 3.10971470e+01 3.05794411e+01
    2.97458992e+01 3.16142673e+01 3.31357689e+01 3.07909832e+01
    3.00776138e+01 3.04994907e+01 3.06213608e+01 3.24528656e+01
    3.09971218e+01 3.01267223e+01 3.02459450e+01 3.00064163e+01
    3.03267784e+01 2.91531906e+01 3.02617550e+01 2.85196075e+01
    2.90264130e+01 2.93635845e+01 2.62394371e+01 2.97438297e+01
    3.01824017e+01 3.02163696e+01 2.93167458e+01 3.07430439e+01
    2.85987701e+01 3.02707596e+01 3.09772968e+01 3.18367844e+01
    3.05365448e+01 3.11836910e+01 2.95069237e+01 2.83655605e+01
    3.03005905e+01 2.91843987e+01 3.19911652e+01 3.01055660e+01
    2.98042374e+01 3.07221470e+01 3.07862129e+01 3.10473824e+01
    3.14809036e+01 3.27593994e+01 3.20680389e+01 3.01285362e+01
    3.21588097e+01 3.07584686e+01 2.93697948e+01 2.85674934e+01
    2.74645748e+01 3.07547455e+01 2.69276371e+01 2.56951656e+01
    2.64638996e+01 2.65640068e+01 2.71470070e+01 2.73285389e+01
    2.68170471e+01 2.80988846e+01 2.72904110e+01 2.69154625e+01
    2.73900452e+01 2.89470387e+01 2.99983234e+01 3.07660427e+01
    3.07097683e+01 2.91932182e+01 2.90416317e+01 3.15829887e+01
    2.96276875e+01 3.16739883e+01 2.90131550e+01 3.04699078e+01
    2.86757011e+01 2.94252300e+01 2.93729687e+01 2.73939304e+01
    2.97704697e+01 2.94350834e+01 2.84703159e+01 2.87964821e+01
    2.93587875e+01 2.81868324e+01 2.81600800e+01 2.73590813e+01
    2.72109432e+01 2.89913387e+01 2.95612812e+01 3.07082558e+01
    3.04503288e+01 3.00504093e+01 2.69864216e+01 3.02921600e+01
    2.96705799e+01 3.00291672e+01 3.15114498e+01 3.05202656e+01
    2.97857895e+01 2.77826538e+01 2.74439373e+01 3.03010654e+01
    3.03703842e+01 2.90314159e+01 2.93408661e+01 2.94428864e+01
    2.93815975e+01 2.86362553e+01 3.04606018e+01 2.84389343e+01
    2.94260654e+01 3.16009083e+01 2.92183094e+01 2.96408501e+01
    3.04898396e+01 3.02120724e+01 3.09359531e+01 3.04029789e+01
    3.13066273e+01 2.99907093e+01 2.91545849e+01 3.13801670e+01
    3.04798603e+01 3.01164169e+01 3.07570591e+01 3.07230587e+01
    3.05737972e+01 3.11692276e+01 3.05937347e+01 3.13364925e+01
    3.09436607e+01 3.20532303e+01 2.88989964e+01 3.10458641e+01
    3.01782627e+01 3.23504105e+01 2.98315487e+01 3.21908379e+01
    3.13020248e+01 2.99322433e+01 3.08420200e+01 3.12795029e+01
    2.92508812e+01 3.22399788e+01 3.38064613e+01 3.14310570e+01
    3.11973400e+01 3.25634384e+01 3.07801228e+01 3.11019192e+01
    2.89778461e+01 2.98874226e+01 2.92512798e+01 3.01196060e+01
    2.95317078e+01 2.95723667e+01 2.89563618e+01 2.99636803e+01
    2.97527065e+01 2.84341373e+01 2.91786175e+01 2.99966221e+01
    2.99358406e+01 3.17489491e+01 2.97809982e+01 3.20625114e+01
    3.36739464e+01 3.13073120e+01 3.04102974e+01 3.24735909e+01
    2.93748188e+01 3.16694355e+01 3.20056381e+01 3.09683151e+01
    3.05887280e+01 2.97349110e+01 3.11753101e+01 3.01575146e+01
    2.77962875e+01 3.28654442e+01 2.87252846e+01 3.03479595e+01
    2.99359531e+01 2.88863163e+01 2.94944553e+01 2.87031479e+01
    2.88670807e+01 2.99958954e+01 2.94196529e+01 3.17515812e+01
    3.18837185e+01 3.25397339e+01 3.22417870e+01 3.34844894e+01
    3.53368187e+01 3.27837486e+01 3.20242882e+01 3.39212379e+01
    3.26439857e+01 3.22295418e+01 3.29019394e+01 3.06094913e+01
    2.97854767e+01 2.98800812e+01 2.88815308e+01 3.02620029e+01
    2.92956505e+01 3.12029190e+01 2.90218029e+01 3.19856625e+01
    3.07848530e+01 3.17447147e+01 3.14220791e+01 3.25871048e+01
    3.45931625e+01 3.30889854e+01 3.26329308e+01 3.42628212e+01
    3.19392223e+01 3.20163193e+01 3.32406654e+01 3.23805618e+01
    3.22497826e+01 3.12213154e+01 3.30090408e+01 3.03838787e+01
    3.06238689e+01 3.05411682e+01 2.97338352e+01 2.83897476e+01
    2.96421413e+01 2.82567139e+01 2.94768124e+01 2.88402767e+01
    2.99633846e+01 3.07673893e+01 3.19623623e+01 3.03075657e+01
    3.14150829e+01 3.07493019e+01 3.23405418e+01 3.23188362e+01
    3.04034710e+01 3.12372799e+01 3.20457726e+01 3.23760529e+01
    3.14176464e+01 3.13368149e+01 3.11690483e+01 3.13076668e+01
    3.32867355e+01 3.14630833e+01 3.10889835e+01 3.16937351e+01
    3.19315205e+01 3.14045277e+01 3.22211227e+01 3.25199203e+01
    2.96181717e+01 3.17669926e+01 3.04867744e+01 3.14492397e+01
    3.12725315e+01 2.99897976e+01 3.00452213e+01 2.82098503e+01
    2.81188107e+01 2.79851341e+01 2.97716885e+01 3.09520931e+01
    2.91767006e+01 3.09911709e+01 2.97036877e+01 3.11777420e+01
    3.14203377e+01 3.06276379e+01 3.06321011e+01 3.20404396e+01
    2.83145618e+01 3.02582951e+01 2.87728405e+01 2.97887859e+01
    2.93323689e+01 2.99663868e+01 3.01264915e+01 2.79305172e+01
    3.10233669e+01 3.18141232e+01 3.27170067e+01 3.07349548e+01
    3.20157471e+01 3.23894119e+01 3.11409912e+01 3.05787735e+01
    3.15011406e+01 3.28217010e+01 2.91778126e+01 2.89776325e+01
    2.84606018e+01 2.68590279e+01 2.66461411e+01 2.68948994e+01
    2.88018990e+01 2.58296738e+01 2.81649780e+01 2.89475231e+01
    2.53126202e+01 2.73407345e+01 2.67367306e+01 2.95989609e+01
    2.87493172e+01 2.97062263e+01 3.16114368e+01 2.82964478e+01
    2.89963074e+01 3.16747913e+01 2.84919071e+01 2.81284027e+01
    2.91719894e+01 3.19451866e+01 2.85633602e+01 2.97580357e+01
    2.88672981e+01 3.03877792e+01 2.99267159e+01 2.94280071e+01
    3.05564404e+01 3.07355423e+01 3.10630646e+01 3.02453327e+01
    2.89409809e+01 2.70590763e+01 2.95579453e+01 2.84340611e+01
    3.07656097e+01 2.90583858e+01 3.08573952e+01 2.83981171e+01
    2.87496395e+01 2.91865864e+01 3.07230778e+01 3.11578007e+01
    3.06510429e+01 2.92441730e+01 2.95076847e+01 2.89049816e+01
    2.94547348e+01 2.93171253e+01 3.05695267e+01 3.07968521e+01
    2.82878971e+01 3.01912785e+01 2.83699417e+01 2.97468376e+01
    2.94481411e+01 2.78296909e+01 3.06605415e+01 3.00835304e+01
    2.87442665e+01 2.93581486e+01 2.97541866e+01 2.86463070e+01
    3.03268719e+01 2.91463757e+01 2.97546349e+01 3.02471962e+01
    3.10470123e+01 3.01685925e+01 2.92397232e+01 3.21710739e+01
    3.22047768e+01 2.97956104e+01 3.14695072e+01 3.26797485e+01
    3.24967575e+01 3.03962421e+01 3.21241913e+01 3.06834812e+01
    2.98935719e+01 2.95685253e+01 3.07003536e+01 3.17166958e+01
    2.96833553e+01 3.11657066e+01 3.05211334e+01 3.15766735e+01
    2.96869736e+01 3.13537731e+01 3.13531303e+01 3.13638878e+01
    2.98884945e+01 3.30207062e+01 3.44161301e+01 3.22552338e+01
    3.16679363e+01 3.20087318e+01 3.00934238e+01 3.16796093e+01
    3.07819557e+01 3.06400394e+01 2.92945442e+01 3.08386478e+01
    2.85692062e+01 2.86111698e+01 3.10137596e+01 3.06397724e+01
    2.79462452e+01 2.95160904e+01 3.25387077e+01 3.24551010e+01
    3.14898586e+01 3.16279831e+01 3.23478966e+01 3.19382267e+01
    3.35679550e+01 3.06698074e+01 3.27145195e+01 3.33060570e+01
    3.14924850e+01 3.24507294e+01 3.08054905e+01 3.07412605e+01
    3.02076721e+01 3.06768208e+01 2.97800255e+01 3.10026131e+01
    3.02077293e+01 3.06209183e+01 2.86178837e+01 2.78330593e+01
    2.83872604e+01 2.85036144e+01 2.96043797e+01 2.79447556e+01
    2.96475677e+01 2.97462864e+01 3.19086304e+01 3.26249657e+01
    3.22375755e+01 3.30930023e+01 3.20978394e+01 3.26774216e+01
    3.28783722e+01 3.38824234e+01 3.18361855e+01 3.17528954e+01
    3.19736156e+01 2.97105083e+01 2.88070641e+01 3.05181255e+01
    2.99866543e+01 2.84313297e+01 3.07244205e+01 3.27167969e+01
    3.21406898e+01 3.06110287e+01 2.99603386e+01 3.36237030e+01
    3.13408947e+01 3.20437431e+01 3.18297024e+01 3.30587158e+01
    3.24342918e+01 3.33466492e+01 3.35617409e+01 3.13317223e+01
    3.36561890e+01 3.43321152e+01 3.13677635e+01 3.21169930e+01
    3.28170204e+01 3.28125458e+01 3.02599316e+01 3.14260864e+01
    3.26728592e+01 2.98014545e+01 3.06180229e+01 2.90821476e+01
    3.01966133e+01 2.97071915e+01 2.96464348e+01 3.05569477e+01
    3.00013905e+01 3.10270100e+01 3.09252548e+01 3.04721470e+01
    2.83690300e+01 3.01336842e+01 3.18406982e+01 3.26078148e+01
    3.18442707e+01 3.00445633e+01 3.15018883e+01 3.28341904e+01
    2.77758198e+01 3.11359444e+01 3.34025993e+01 3.09675884e+01
    3.16941776e+01 3.04765453e+01 3.27634087e+01 3.16044865e+01
    3.32655296e+01 3.02081528e+01 3.05971165e+01 3.11639175e+01
    3.07466717e+01 3.02587395e+01 2.97206802e+01 2.91451626e+01
    2.85345535e+01 2.84816647e+01 2.71589165e+01 2.81186390e+01
    2.88109703e+01 2.91286812e+01 2.93808250e+01 3.09522381e+01
    2.93076172e+01 3.21653290e+01 3.00872612e+01 3.11678181e+01
    3.02583332e+01 3.01064644e+01 3.11174679e+01 3.02829094e+01
    3.10378475e+01 3.02560349e+01 3.07545395e+01 3.07819691e+01
    2.97920704e+01 2.95768681e+01 2.99617729e+01 3.10208035e+01
    3.30174484e+01 3.14770679e+01 3.23238182e+01 3.05394611e+01
    3.33429031e+01 2.94040756e+01 3.14042778e+01 3.00068188e+01
    3.02014122e+01 2.96537991e+01 2.88484612e+01 2.79296131e+01
    2.65707340e+01 2.64506912e+01 2.77784290e+01 2.91813812e+01
    2.81600723e+01 2.82352753e+01 3.00559139e+01 2.90617619e+01
    2.73326225e+01 3.11031132e+01 2.95985470e+01 3.03710117e+01
    3.01427612e+01 2.93873997e+01 3.01266937e+01 2.80060902e+01
    2.87488384e+01 2.88392506e+01 2.93427925e+01 2.80170994e+01
    2.88137836e+01 3.00123672e+01 2.96041756e+01 3.11655140e+01
    2.91602478e+01 2.96155262e+01 2.90270023e+01 3.02146530e+01
    3.13340797e+01 2.95955906e+01 3.05928288e+01 2.90309505e+01
    2.82489471e+01 2.83373680e+01 3.13542309e+01 3.09128170e+01
    3.01491470e+01 3.00307121e+01 2.85813293e+01 3.09953480e+01
    3.00314503e+01 3.01612320e+01 3.02278423e+01 3.08160877e+01
    3.02643738e+01 2.83960533e+01 2.79228153e+01 2.91067963e+01
    3.12078857e+01 3.05331535e+01 2.98812428e+01 2.85052223e+01
    2.88545284e+01 3.13110790e+01 2.94665470e+01 3.17292728e+01
    3.01910019e+01 3.13335533e+01 3.16730843e+01 2.82087593e+01
    2.91457996e+01 2.80310135e+01 2.87256413e+01 3.01609650e+01
    3.21253052e+01 3.13485756e+01 3.03168526e+01 3.14155979e+01
    3.08795872e+01 2.91958332e+01 3.07002754e+01 3.00162601e+01
    3.33881035e+01 3.33878860e+01 3.23101311e+01 3.18926239e+01
    3.26003036e+01 3.04844742e+01 3.05395012e+01 3.02732964e+01
    3.10472507e+01 3.26187134e+01 3.26975822e+01 3.20347710e+01
    3.11005802e+01 3.03548927e+01 3.06761265e+01 3.22197990e+01
    2.96458874e+01 3.10425987e+01 3.19713573e+01 3.27078629e+01
    3.04575882e+01 3.10842686e+01 3.11403904e+01 3.07586994e+01
    2.98494816e+01 3.00066643e+01 2.96738949e+01 3.12241764e+01
    2.77013836e+01 2.89389305e+01 2.87584419e+01 3.05203323e+01
    2.78420448e+01 2.94800129e+01 3.09021053e+01 3.04591427e+01
    3.11734676e+01 3.18775959e+01 3.20149117e+01 3.11698399e+01
    3.11497955e+01 3.21382751e+01 3.23144112e+01 3.15339985e+01
    3.21852989e+01 3.13713875e+01 3.30941505e+01 3.15533390e+01
    2.99190292e+01 3.35327530e+01 3.02930794e+01 2.98644829e+01
    3.17698593e+01 3.27672424e+01 2.97757664e+01 3.10587158e+01
    3.00061932e+01 2.88404503e+01 2.66011734e+01 2.86434059e+01
    2.88508625e+01 2.87801800e+01 2.81357384e+01 3.01764622e+01
    2.86019115e+01 3.05760994e+01 3.21167374e+01 3.04180679e+01
    3.31643372e+01 3.30190430e+01 3.20281754e+01 3.28540993e+01
    3.21141357e+01 3.00208397e+01 3.18256168e+01 3.17339020e+01
    3.06430035e+01 3.03701706e+01 2.90596828e+01 3.22513580e+01
    3.00364685e+01 3.10070953e+01 3.15658607e+01 3.33062325e+01
    2.96633453e+01 3.09301281e+01 3.02600670e+01 3.04383907e+01
    3.15044441e+01 3.25003128e+01 3.07911568e+01 3.15033131e+01
    3.13933372e+01 3.18991280e+01 3.29977684e+01 3.18709049e+01
    3.31079674e+01 3.00967369e+01 3.22514801e+01 3.20138741e+01
    2.86512890e+01 3.03920841e+01 3.03721256e+01 3.04153080e+01
    2.90471783e+01 2.81483307e+01 3.00998154e+01 2.86888542e+01
    3.00886917e+01 3.03131332e+01 2.96867657e+01 3.10009708e+01
    2.98617344e+01 2.94887581e+01 3.05267506e+01 3.23417816e+01
    3.14870338e+01 3.27744293e+01 3.18404770e+01 3.16891174e+01
    3.19905834e+01 3.11566639e+01 3.07175541e+01 3.11504421e+01
    3.21127968e+01 3.01131401e+01 2.99389038e+01 3.16414413e+01
    3.18827515e+01 3.19471092e+01 3.17174358e+01 3.08218155e+01
    3.20253830e+01 3.10241642e+01 3.08227158e+01 3.10720634e+01
    3.04542427e+01 3.02132187e+01 2.90244007e+01 2.61324825e+01
    2.82769146e+01 2.97568321e+01 2.89328117e+01 2.95588760e+01
    2.85115414e+01 3.14682980e+01 3.05047054e+01 3.13389206e+01
    3.06131763e+01 3.13329430e+01 3.13796368e+01 3.23947029e+01
    3.03047562e+01 3.09612656e+01 3.11037292e+01 3.26138916e+01
    3.21837540e+01 3.27959404e+01 3.09689312e+01 3.25702362e+01
    3.09952927e+01 3.29410400e+01 3.48755150e+01 3.12620144e+01
    3.17405128e+01 3.31439781e+01 3.38091049e+01 3.28604927e+01
    2.90271988e+01 3.14417744e+01 2.98932457e+01 3.00363693e+01
    2.80977859e+01 2.73493919e+01 2.90434837e+01 2.72864571e+01
    2.89771481e+01 2.90203953e+01 2.93040257e+01 3.11145496e+01
    2.86072865e+01 2.97549133e+01 3.15456200e+01 3.03298073e+01
    3.10331059e+01 3.37105560e+01 3.10674706e+01 2.86017857e+01
    2.88746738e+01 3.08072319e+01 2.98200779e+01 2.75145874e+01
    2.88579006e+01 2.97138996e+01 3.01812744e+01 2.95897484e+01
    3.03341141e+01 3.05806122e+01 3.01325493e+01 3.34058037e+01
    3.19835682e+01 3.22330208e+01 3.27394600e+01 3.28164062e+01
    3.15584278e+01 2.77768307e+01 3.20052452e+01 3.01363583e+01
    3.02942810e+01 3.13380642e+01 3.07956429e+01 2.98527641e+01
    2.94836159e+01 2.97954865e+01 2.92717857e+01 3.08009491e+01
    3.16840572e+01 3.03135624e+01 2.97790108e+01 3.08166218e+01
    3.00036850e+01 2.98511295e+01 3.10875607e+01 3.09116020e+01
    3.07564907e+01 3.11171608e+01 3.15841866e+01 3.02678394e+01
    2.93621540e+01 3.06607990e+01 3.00032043e+01 3.15234013e+01
    2.81363697e+01 2.86360931e+01 2.73678055e+01 2.74125156e+01
    2.86831551e+01 2.72261906e+01 2.93424625e+01 2.94691296e+01
    3.07241421e+01 2.97155018e+01 2.73825626e+01 3.05647087e+01
    3.16956043e+01 3.04207287e+01 3.20564079e+01 3.11408291e+01
    3.28273773e+01 3.33840218e+01 3.25426636e+01 3.11394558e+01
    3.11240902e+01 3.08590355e+01 3.07057629e+01 3.22206802e+01
    3.31963081e+01 3.14873390e+01 3.18261662e+01 3.24307823e+01
    3.03122559e+01 3.05938931e+01 3.21039963e+01 3.21045418e+01
    3.19472294e+01 3.15380363e+01 3.30560455e+01 3.30626106e+01
    3.09624748e+01 3.10606251e+01 2.88209896e+01 2.99030819e+01
    2.91206837e+01 2.86799145e+01 2.95344334e+01 2.94274044e+01
    2.77434025e+01 2.89286823e+01 2.94970856e+01 3.17596588e+01
    3.07522697e+01 3.23178101e+01 3.18941917e+01 3.11324348e+01
    3.25663300e+01 3.12164822e+01 3.05054436e+01 3.25023918e+01
    3.26409645e+01 3.06953735e+01 3.13838139e+01 3.17815781e+01
    3.09707184e+01 3.12543392e+01 3.16738415e+01 3.19782791e+01
    3.11426373e+01 3.15449009e+01 3.06067696e+01 3.14722443e+01
    3.03352795e+01 3.28115349e+01 3.02918587e+01 2.85432243e+01
    2.91412621e+01 2.71872330e+01 2.79668674e+01 2.97170830e+01
    2.84999657e+01 2.79122849e+01 2.90702229e+01 3.11577606e+01
    2.97258759e+01 3.17467213e+01 3.23355980e+01 3.09974899e+01
    3.29653015e+01 3.23645325e+01 3.08780327e+01 3.29058762e+01
    3.28008270e+01 3.02298470e+01 3.01243496e+01 3.01178608e+01
    2.89455738e+01 3.01552639e+01 2.89558201e+01 3.07659397e+01
    3.03637829e+01 3.12143402e+01 2.94526367e+01 2.91590519e+01
    2.89415169e+01 3.21269035e+01 3.09725933e+01 3.12661934e+01
    3.33781433e+01 3.24697266e+01 3.20390053e+01 3.15534973e+01
    3.23866806e+01 3.42046585e+01 3.28162956e+01 3.19630108e+01
    3.34639320e+01 3.24316330e+01 3.12712059e+01 3.09086609e+01
    3.09134407e+01 3.08238449e+01 2.87643929e+01 2.83204594e+01
    2.88918095e+01 2.76955929e+01 2.98805199e+01 2.69063530e+01
    2.79530010e+01 2.98705597e+01 2.88959961e+01 2.91818905e+01
    3.06232357e+01 3.09413338e+01 3.29425926e+01 3.38172226e+01
    3.13127937e+01 3.16948547e+01 3.07973595e+01 3.13977852e+01
    3.02540398e+01 3.21881485e+01 3.03022919e+01 3.04274044e+01
    3.34073029e+01 3.17749653e+01 3.29400444e+01 3.24216576e+01
    3.26626282e+01 3.08404102e+01 3.00976734e+01 3.16549225e+01
    3.07919369e+01 2.97433071e+01 3.10597706e+01 2.78537121e+01
    2.74092617e+01 2.93448257e+01 3.02073631e+01 2.89200478e+01
    3.01634731e+01 3.07339821e+01 3.13003826e+01 3.05209770e+01
    3.13663292e+01 3.39908905e+01 3.28339424e+01 3.24779320e+01
    3.36586075e+01 3.32725334e+01 3.10591373e+01 3.38375015e+01
    3.08658905e+01 3.35309448e+01 3.15868626e+01 3.26657410e+01
    3.27795067e+01 3.36657104e+01 3.30129204e+01 3.45512390e+01
    3.40416451e+01 3.42952118e+01 3.25552940e+01 3.32784538e+01
    3.42709579e+01 3.26544266e+01 3.13761330e+01 3.02403488e+01
    3.03318539e+01 3.08587036e+01 2.97507534e+01 2.99786263e+01
    2.86595497e+01 2.73479271e+01 2.93734646e+01 2.84656067e+01
    2.93786869e+01 2.83544006e+01 3.06720886e+01 2.91208477e+01
    2.91236382e+01 2.98038979e+01 3.09867344e+01 3.05074883e+01
    2.94472122e+01 2.97873898e+01 2.85309124e+01 2.90275269e+01
    2.82601604e+01 3.02934361e+01 2.90389481e+01 3.04499550e+01
    3.00847549e+01 3.11815472e+01 3.19827309e+01 3.20225563e+01
    3.40782318e+01 3.34136429e+01 3.13018360e+01 3.34880104e+01
    3.37013321e+01 3.30807381e+01 3.19701805e+01 3.11864052e+01
    3.09924736e+01 3.04367657e+01 3.21179352e+01 3.11757755e+01
    3.05636311e+01 2.89081879e+01 2.88847237e+01 2.92307987e+01
    3.04413929e+01 3.17943745e+01 3.04470863e+01 3.01288605e+01
    3.16532097e+01 3.01923389e+01 2.95943336e+01 3.08681087e+01
    3.26884766e+01 3.20369110e+01 3.19337502e+01 3.07532272e+01
    2.97503548e+01 3.08395939e+01 3.11927986e+01 3.00958195e+01
    3.08456631e+01 2.95301361e+01 2.98156624e+01 2.88562851e+01
    2.72661819e+01 2.95539818e+01 2.76082249e+01 2.76715355e+01
    3.01021519e+01 2.89124851e+01 2.85770206e+01 2.84903450e+01
    3.00948715e+01 3.07167301e+01 3.08894444e+01 3.04010181e+01
    3.27154884e+01 3.23543320e+01 3.16433945e+01 3.29968300e+01
    3.16742115e+01 3.29696732e+01 3.22626114e+01 2.99459667e+01
    3.04277782e+01 3.22538872e+01 3.23539963e+01 3.08516693e+01
    3.18327770e+01 3.09762630e+01 2.95197601e+01 3.17469444e+01
    3.01928692e+01 3.20241127e+01 3.18531265e+01 3.25346947e+01
    3.03382549e+01 3.02561569e+01 3.10918102e+01 3.03378544e+01
    2.93488331e+01 2.92252579e+01 2.74906006e+01 2.92943344e+01
    2.97246437e+01 2.86076488e+01 2.87167645e+01 2.92393837e+01
    3.17154503e+01 2.95666866e+01 3.14861870e+01 3.27490196e+01
    3.07858658e+01 3.16599770e+01 3.13995266e+01 3.15994663e+01
    3.19088802e+01 3.25263901e+01 2.92931957e+01 3.01008377e+01
    3.34938316e+01 3.03166180e+01 3.14351349e+01 3.21621094e+01
    3.18525429e+01 3.24722443e+01 3.12763710e+01 3.00717430e+01
    3.00149860e+01 3.02286415e+01 3.18433228e+01 3.29410515e+01
    2.99510765e+01 3.04441414e+01 2.82216339e+01 2.86885128e+01
    2.80774670e+01 2.80475883e+01 3.11210499e+01 2.78658104e+01
    2.96667786e+01 3.00729351e+01 3.09140434e+01 3.18407440e+01
    3.26857262e+01 3.13324966e+01 3.12705002e+01 3.34307709e+01
    3.07211285e+01 3.35941124e+01 3.08317280e+01 3.22245979e+01
    2.96160583e+01 2.82527771e+01 2.94214993e+01 2.83157902e+01
    3.13253708e+01 3.10177402e+01 2.95878544e+01 3.13519859e+01
    2.95427914e+01 2.96810684e+01 2.94964581e+01 3.04594288e+01
    3.03982029e+01 3.18970280e+01 3.29029312e+01 3.10025444e+01
    3.18614006e+01 3.33610077e+01 3.36012802e+01 3.28170204e+01
    3.22172890e+01 3.27760544e+01 3.21273689e+01 3.24840050e+01
    3.19023552e+01 2.96530437e+01 3.08710461e+01 3.09645309e+01
    3.05559883e+01 2.88823929e+01 2.92329483e+01 2.79535828e+01
    3.01421757e+01 2.90669670e+01 2.93902721e+01 3.20915184e+01
    3.07756329e+01 3.06476536e+01 2.94135094e+01 3.18385811e+01
    3.23742104e+01 3.09252205e+01 3.11214371e+01 3.12572823e+01
    3.06934738e+01 3.06425705e+01 3.05323830e+01 3.00508499e+01
    3.03119373e+01 3.00612545e+01 3.06920357e+01 3.11376972e+01
    3.31861458e+01 3.19046936e+01 3.15201588e+01 3.20300865e+01
    3.03922234e+01 3.12740993e+01 3.13486919e+01 3.10721130e+01
    2.81567574e+01 2.89611015e+01 2.93347321e+01 2.59534893e+01
    2.66687527e+01 3.06973362e+01 3.16584454e+01 2.92722836e+01
    2.87114792e+01 3.06137943e+01 3.17381573e+01 3.19336548e+01
    3.12766380e+01 3.27902794e+01 3.34983253e+01 3.23520317e+01
    3.24956665e+01 3.35751991e+01 3.31575470e+01 3.44878311e+01
    3.33975983e+01 3.28121414e+01 3.48630600e+01 3.24939232e+01
    3.43412170e+01 3.39989471e+01 3.56725235e+01 3.53271637e+01
    3.20139122e+01 3.45536118e+01 3.38184853e+01 3.33985252e+01
    2.97830353e+01 3.22852898e+01 3.15148792e+01 2.84641418e+01
    3.07590694e+01 2.73737984e+01 2.84999657e+01 2.74604073e+01
    2.94500637e+01 2.92276917e+01 2.81532536e+01 2.91171341e+01
    2.92555771e+01 3.00070572e+01 3.21797104e+01 3.15599937e+01
    3.10365849e+01 3.14220276e+01 2.92414494e+01 2.79771061e+01
    2.81617069e+01 2.90192833e+01 2.93156967e+01 2.87948284e+01
    2.85482426e+01 3.08258705e+01 3.02713280e+01 3.07779827e+01
    3.19097919e+01 3.21946373e+01 3.28627357e+01 3.47034569e+01
    3.35980492e+01 3.39029541e+01 3.31723404e+01 3.22103806e+01
    3.15582237e+01 3.12882977e+01 3.16166286e+01 3.04871292e+01
    3.27117424e+01 3.13501740e+01 3.18831024e+01 2.90848618e+01
    2.96332378e+01 3.22436981e+01 3.12977791e+01 3.24948692e+01
    3.20128937e+01 3.35889740e+01 3.29458923e+01 3.24616661e+01
    3.13102264e+01 3.32194672e+01 3.22741127e+01 3.33132172e+01
    3.25778198e+01 3.12247314e+01 3.10205116e+01 3.07124386e+01
    2.93098373e+01 2.95002136e+01 3.07853432e+01 3.18152943e+01
    2.96837082e+01 3.04826736e+01 2.94524803e+01 2.79687996e+01
    2.81606655e+01 3.03953667e+01 2.66261482e+01 2.65935898e+01
    2.90019760e+01 2.85302563e+01 2.92923908e+01 3.06507225e+01
    3.10306969e+01 2.95497112e+01 3.20263863e+01 3.08347301e+01
    3.24820557e+01 3.19879646e+01 3.25479774e+01 3.22198868e+01
    3.07874947e+01 2.99531155e+01 2.96625233e+01 3.15020771e+01
    3.08941975e+01 3.06463013e+01 3.18193932e+01 3.16283741e+01
    3.03983727e+01 2.92780399e+01 3.12823086e+01 3.13171310e+01
    3.18612690e+01 3.15687866e+01 2.99936924e+01 2.98770103e+01
    2.84012203e+01 2.85136566e+01 2.75803795e+01 2.76250782e+01
    2.73387089e+01 2.69995975e+01 2.60942440e+01 2.86433449e+01
    2.74950771e+01 2.75284367e+01 2.88419971e+01 2.95099602e+01
    3.04818287e+01 3.05047340e+01 3.19190636e+01 3.20210037e+01
    3.24646606e+01 3.16543274e+01 3.06239910e+01 3.09890156e+01
    3.02225819e+01 2.95037117e+01 3.03257389e+01 3.02687397e+01
    3.18006954e+01 3.16055126e+01 3.25931816e+01 3.05048752e+01
    2.89469795e+01 3.21831474e+01 2.86778030e+01 3.13371544e+01
    3.02326241e+01 3.09000797e+01 2.99341221e+01 2.98717880e+01
    2.97169094e+01 2.84784222e+01 2.60432510e+01 3.09109898e+01
    2.85847702e+01 2.95618534e+01 3.05469761e+01 2.98169708e+01
    3.16500702e+01 3.16994934e+01 3.17106438e+01 3.12683697e+01
    3.30295334e+01 3.46425095e+01 3.24235535e+01 3.16484299e+01
    3.29865799e+01 3.22825279e+01 2.99944534e+01 3.01819096e+01
    2.92983990e+01 2.91238079e+01 2.95164165e+01 3.12632771e+01
    2.96600952e+01 3.03274403e+01 3.16484756e+01 2.97916470e+01
    2.86649837e+01 3.13744602e+01 3.08942623e+01 3.07203331e+01
    3.11159916e+01 3.22749634e+01 3.19970875e+01 3.20008965e+01
    3.22127190e+01 3.48110428e+01 3.42067757e+01 3.18556976e+01
    3.33649292e+01 3.19036808e+01 2.96582012e+01 3.08858452e+01
    3.18762779e+01 2.96839447e+01 2.92477379e+01 2.90835190e+01
    2.85757332e+01 2.76251602e+01 3.00620708e+01 2.82301464e+01
    3.10151653e+01 3.00484734e+01 2.97434120e+01 3.07991390e+01
    3.02630787e+01 3.04551468e+01 3.17268333e+01 3.19390945e+01
    3.19688187e+01 3.02813911e+01 3.09087486e+01 3.11960793e+01
    3.15980320e+01 2.96916027e+01 3.15387554e+01 3.14407196e+01
    3.07513332e+01 3.20293427e+01 3.31713562e+01 3.14033165e+01
    3.15285549e+01 3.07955437e+01 2.94770927e+01 2.89501553e+01
    2.95402069e+01 2.84283295e+01 2.83891964e+01 2.77481632e+01
    2.52705231e+01 2.54556789e+01 2.87352390e+01 2.99006329e+01
    2.99929199e+01 3.09779472e+01 3.03326492e+01 3.17480507e+01
    3.11006737e+01 3.24106331e+01 3.15038738e+01 3.32684593e+01
    3.26152077e+01 3.30494232e+01 3.24787636e+01 3.38665123e+01
    3.10120354e+01 3.35499191e+01 3.36760941e+01 3.43185501e+01
    3.38147583e+01 3.46360245e+01 3.54397583e+01 3.54097443e+01
    3.38762665e+01 3.48312492e+01 3.36097565e+01 3.13433285e+01
    3.24218178e+01 3.19018269e+01 3.07396088e+01 3.06816578e+01
    2.70273209e+01 3.08111267e+01 2.94114742e+01 2.79857101e+01
    2.76977482e+01 2.71873779e+01 2.89546814e+01 2.74595699e+01
    2.95772228e+01 2.80430813e+01 2.93412704e+01 2.94593105e+01
    3.01799850e+01 2.95513134e+01 3.00830631e+01 3.02329159e+01
    2.88961887e+01 3.04499187e+01 2.71069317e+01 2.76916885e+01
    2.93805199e+01 2.93292751e+01 2.93457947e+01 3.17459240e+01
    3.14160709e+01 3.16671467e+01 3.09486542e+01 3.15436554e+01
    3.29151268e+01 3.45080414e+01 3.21059303e+01 3.48191757e+01
    3.39845161e+01 3.26222687e+01 3.18862247e+01 3.17313194e+01
    3.24980965e+01 3.12753067e+01 3.19492817e+01 2.97787342e+01
    3.02634830e+01 3.21062698e+01 2.83558979e+01 3.09469624e+01
    3.21855125e+01 3.27310677e+01 3.10198917e+01 3.17191734e+01
    3.43064613e+01 3.20630989e+01 3.15088654e+01 3.25472488e+01
    3.27072029e+01 3.12949009e+01 3.12302494e+01 3.03757477e+01
    2.99541798e+01 2.98169746e+01 3.03423290e+01 2.85272751e+01
    3.18747749e+01 3.22276688e+01 2.97009449e+01 2.90885773e+01
    2.95578690e+01 2.90328236e+01 2.79384365e+01 2.56351814e+01
    2.77502785e+01 2.72553692e+01 2.61170731e+01 2.84002495e+01
    2.87069569e+01 2.92190418e+01 2.94236336e+01 2.97790451e+01
    3.20140495e+01 3.16656380e+01 3.30312500e+01 3.23710594e+01
    3.32210693e+01 3.20598068e+01 3.12138653e+01 3.06739082e+01
    3.02949219e+01 3.15814228e+01 2.83931160e+01 3.06528492e+01
    3.13381157e+01 2.91122837e+01 2.97285213e+01 3.02671165e+01
    2.95065041e+01 2.93659687e+01 3.21666794e+01 3.15472755e+01
    2.92348862e+01 2.97681122e+01 2.76505470e+01 2.89144440e+01
    2.82663670e+01 2.76346054e+01 2.64150791e+01 2.75295563e+01
    2.64345436e+01 2.64000206e+01 2.60602436e+01 2.79082890e+01
    2.97398224e+01 2.93096504e+01 2.97839451e+01 3.23288116e+01
    3.04913654e+01 3.20979309e+01 3.15591240e+01 2.99089756e+01
    3.24135437e+01 3.25792503e+01 3.03138523e+01 3.17535324e+01
    3.15599194e+01 3.10138226e+01 3.16243324e+01 3.22543907e+01
    3.16717262e+01 3.08745842e+01 3.14541302e+01 3.13842697e+01
    2.90557594e+01 3.14085121e+01 3.08793755e+01 3.03930187e+01
    2.87057362e+01 3.18806973e+01 2.96402340e+01 2.92078972e+01
    2.76041546e+01 2.84240227e+01 2.82647781e+01 2.90620251e+01
    3.02237072e+01 3.02633247e+01 2.99593945e+01 3.13778934e+01
    3.26149750e+01 3.30686836e+01 3.42122345e+01 3.37285233e+01
    3.33643570e+01 3.40284386e+01 3.20963402e+01 3.32385483e+01
    3.03151493e+01 3.01674500e+01 2.99754887e+01 2.90758781e+01
    2.91360779e+01 3.05019989e+01 2.91634235e+01 2.92356110e+01
    2.89520283e+01 2.86044216e+01 3.01236038e+01 2.97183323e+01
    3.00766659e+01 3.12313976e+01 3.27457657e+01 3.04610481e+01
    3.23774452e+01 3.42775345e+01 3.28027115e+01 3.42808990e+01
    3.30500259e+01 3.23736954e+01 3.33691750e+01 3.18108139e+01
    3.12287598e+01 3.00619736e+01 3.04868813e+01 2.83392353e+01
    2.85498638e+01 3.00963573e+01 2.94861240e+01 2.89200878e+01
    3.03214073e+01 3.07192001e+01 3.26684570e+01 3.16410370e+01
    3.22722435e+01 3.20963440e+01 2.98800030e+01 3.05076656e+01
    3.40371284e+01 3.20080299e+01 3.10029354e+01 3.11830196e+01
    2.92459316e+01 3.04876995e+01 3.13009701e+01 2.99424553e+01
    3.02078743e+01 3.06240520e+01 3.18172455e+01 2.95240192e+01
    3.35892296e+01 3.22368889e+01 3.18472595e+01 3.13786106e+01
    2.95568886e+01 3.03326855e+01 2.86013432e+01 2.89080162e+01
    2.73837166e+01 2.74601917e+01 2.87643280e+01 2.75395851e+01
    2.75029221e+01 2.86081371e+01 3.18847656e+01 3.19395370e+01
    3.20552635e+01 3.14620686e+01 3.35719986e+01 3.21637611e+01
    3.09446278e+01 3.22749023e+01 3.06677151e+01 3.27203712e+01
    3.27545738e+01 3.31641502e+01 3.21085892e+01 3.36926842e+01
    3.21299362e+01 3.17030640e+01 3.17669125e+01 3.22024002e+01
    3.23917732e+01 3.31152229e+01 3.28788223e+01 3.35711327e+01
    3.05127602e+01 3.02793388e+01 3.16897411e+01 2.83283577e+01
    2.99442883e+01 3.06258717e+01 3.03598595e+01 3.02628651e+01
    2.85352230e+01 2.97288818e+01 2.81355267e+01 3.02290573e+01
    2.92715340e+01 2.98905621e+01 3.03861446e+01 2.95219994e+01
    3.07045269e+01 3.05098267e+01 3.26999283e+01 3.16855984e+01
    3.23374138e+01 3.13788815e+01 3.00999393e+01 2.99202213e+01
    2.82272835e+01 2.97377205e+01 2.86849594e+01 2.92994041e+01
    2.79302330e+01 3.02109146e+01 2.98961201e+01 3.10894833e+01
    3.02319756e+01 3.04182472e+01 3.25997849e+01 3.12833595e+01
    3.24110107e+01 3.43098526e+01 3.20977325e+01 3.23150787e+01
    3.03572216e+01 3.06460571e+01 3.13013763e+01 2.92687588e+01
    3.21484756e+01 3.10008926e+01 3.24713173e+01 2.91703758e+01
    2.95025311e+01 3.29921646e+01 3.16290321e+01 3.15688210e+01
    3.28275833e+01 3.37318306e+01 3.39694939e+01 3.17997475e+01
    3.34091873e+01 3.30383301e+01 3.15877666e+01 3.30101089e+01
    3.02118568e+01 3.14809494e+01 3.12138920e+01 3.04166374e+01
    3.08409843e+01 3.01053772e+01 2.98920364e+01 3.22966690e+01
    3.08672028e+01 3.02279644e+01 2.94672012e+01 2.90143089e+01
    2.77794418e+01 2.85617752e+01 2.93544884e+01 2.74560738e+01
    2.70438957e+01 2.76080341e+01 2.91184769e+01 2.81614113e+01
    3.06856880e+01 3.06272354e+01 3.19452438e+01 3.20858002e+01
    3.12187500e+01 3.16926556e+01 3.24246635e+01 3.12070312e+01
    3.18987713e+01 2.86800804e+01 3.03631153e+01 3.18359699e+01
    2.91867790e+01 3.04559822e+01 2.98726158e+01 2.97596931e+01
    3.04784241e+01 3.15336990e+01 3.08342628e+01 3.24473648e+01
    3.20933685e+01 3.26656380e+01 3.14268036e+01 2.93522453e+01
    2.96669159e+01 2.90547504e+01 2.86596794e+01 2.84571896e+01
    2.70176716e+01 2.87504482e+01 2.51685162e+01 2.68735981e+01
    2.82974911e+01 2.88287697e+01 3.01053371e+01 2.96551418e+01
    3.09441185e+01 3.13207664e+01 3.05778751e+01 3.25637512e+01
    2.92464123e+01 3.12210045e+01 3.06617680e+01 2.99569969e+01
    3.12455082e+01 3.09577885e+01 3.12046528e+01 2.97047482e+01
    3.06840935e+01 3.25501900e+01 3.19732933e+01 3.34869347e+01
    3.13121700e+01 3.16184597e+01 3.16729431e+01 3.10213184e+01
    3.04581871e+01 3.02333889e+01 2.95895863e+01 2.96119442e+01
    2.85809841e+01 2.90779266e+01 2.78448429e+01 2.89159660e+01
    2.70812302e+01 2.88158588e+01 3.05372810e+01 2.94593163e+01
    3.08254642e+01 3.14788666e+01 3.30624237e+01 3.20324326e+01
    3.23698196e+01 3.58870392e+01 3.24217873e+01 3.15643635e+01
    3.05600758e+01 3.28838959e+01 3.16101971e+01 3.12362213e+01
    2.99188633e+01 2.86126270e+01 3.12224350e+01 3.02938538e+01
    3.00942020e+01 3.09822006e+01 2.94653568e+01 2.90549488e+01
    3.07557774e+01 3.01191349e+01 3.06317749e+01 3.27572632e+01
    3.16097107e+01 3.18134270e+01 3.42696228e+01 3.35705833e+01
    3.37943840e+01 3.49928207e+01 3.47331619e+01 3.24429893e+01
    3.08720207e+01 3.25045471e+01 2.94723625e+01 3.10425167e+01
    3.22440491e+01 2.99860516e+01 3.00701427e+01 2.77408390e+01
    3.00500660e+01 2.94700222e+01 3.09403210e+01 3.06463165e+01
    3.26649437e+01 3.21085777e+01 3.13380432e+01 3.15418587e+01
    3.20697708e+01 3.03838882e+01 3.06333122e+01 3.14268875e+01
    3.08111362e+01 3.03174763e+01 2.96873055e+01 3.14267559e+01
    3.00049725e+01 3.03363361e+01 3.12977581e+01 3.05645771e+01
    3.19714355e+01 3.14679489e+01 3.16980762e+01 3.10641232e+01
    3.26672287e+01 3.02554512e+01 3.03047943e+01 3.04273529e+01
    2.86859436e+01 2.79802074e+01 2.74786873e+01 2.86112957e+01
    2.69994011e+01 2.66606236e+01 2.89519157e+01 2.83666840e+01
    3.01750679e+01 3.05239639e+01 3.01973743e+01 3.15270615e+01
    3.18611069e+01 3.15036964e+01 3.13986950e+01 3.13923359e+01
    2.99081860e+01 3.16630955e+01 2.96595917e+01 3.14731064e+01
    3.24000282e+01 3.18190727e+01 3.25160446e+01 3.23883209e+01
    3.16904297e+01 3.29072304e+01 3.23537445e+01 3.14221783e+01
    3.26706200e+01 3.20163765e+01 3.05810013e+01 3.10930901e+01
    3.05051136e+01 3.00441990e+01 3.08986282e+01 3.05690022e+01
    2.81150379e+01 3.06769581e+01 3.09451714e+01 2.66504002e+01
    2.96032887e+01 2.86057968e+01 2.93516827e+01 3.01683636e+01
    3.05901165e+01 3.08705235e+01 3.01827526e+01 3.19813175e+01
    3.12070808e+01 3.21283989e+01 3.24573860e+01 3.26067352e+01
    3.16237392e+01 2.96361504e+01 2.85311871e+01 2.88448982e+01
    2.86308517e+01 2.81405182e+01 2.91182957e+01 3.05919991e+01
    3.09193401e+01 3.16816692e+01 3.14196224e+01 3.12977047e+01
    3.31230621e+01 3.41263809e+01 3.48092041e+01 3.46826782e+01
    3.24165955e+01 3.23127747e+01 3.12985001e+01 2.88022118e+01
    3.00109844e+01 3.08857784e+01 2.99197083e+01 2.83586864e+01
    2.99548683e+01 3.02894955e+01 2.86921196e+01 2.88316956e+01
    3.12860413e+01 3.29628868e+01 3.17333755e+01 3.11009579e+01
    3.28157082e+01 3.41900826e+01 3.27748032e+01 3.17955799e+01
    3.29260178e+01 3.09254341e+01 3.16818180e+01 3.13329353e+01
    3.20902023e+01 3.17532787e+01 2.97889137e+01 3.16840801e+01
    3.07613735e+01 2.93191624e+01 3.01735897e+01 3.14325809e+01
    2.96822052e+01 3.03608894e+01 2.86848221e+01 2.92886562e+01
    2.86249485e+01 2.90942516e+01 2.83886509e+01 2.76968670e+01
    2.96379147e+01 2.91180916e+01 3.04965572e+01 2.92876148e+01
    3.12638454e+01 3.01035633e+01 3.20249062e+01 3.10560894e+01
    3.05953903e+01 3.07284470e+01 2.92000618e+01 2.95469913e+01
    2.90153580e+01 2.95116596e+01 2.93552570e+01 2.99961414e+01
    2.99201374e+01 3.15521317e+01 3.09210453e+01 3.04790230e+01
    3.14428444e+01 3.29974060e+01 3.22127724e+01 3.15142689e+01
    3.13095932e+01 3.22835579e+01 2.88358402e+01 2.82689495e+01
    2.78311901e+01 2.94141312e+01 2.67544689e+01 2.83450489e+01
    2.71586494e+01 2.89364758e+01 2.76892090e+01 2.89069672e+01
    3.12768421e+01 2.98803844e+01 3.09631691e+01 3.27051964e+01
    3.21073914e+01 3.21408997e+01 2.92940979e+01 3.28150520e+01
    3.06339855e+01 3.24369316e+01 3.11426868e+01 2.93904572e+01
    3.13137798e+01 3.07891388e+01 3.28194160e+01 3.19284229e+01
    3.14290390e+01 3.24035759e+01 3.23037987e+01 3.16372013e+01
    3.11773071e+01 3.26170044e+01 3.25683708e+01 3.21055641e+01
    3.06764717e+01 3.08702602e+01 2.94365959e+01 3.13663235e+01
    2.82101746e+01 2.99152470e+01 2.87676945e+01 3.05601807e+01
    2.99804668e+01 2.92915478e+01 3.12230453e+01 3.07711601e+01
    3.16432686e+01 3.25127449e+01 3.26575966e+01 3.26259003e+01
    3.27399712e+01 3.25099068e+01 3.05320530e+01 3.17578335e+01
    3.06942558e+01 3.06838760e+01 2.96086922e+01 3.08421021e+01
    3.08830757e+01 2.93980408e+01 3.02462521e+01 3.08566952e+01
    2.99433022e+01 2.93386917e+01 2.94305992e+01 3.09192696e+01
    2.84756069e+01 3.08302155e+01 3.15445251e+01 3.15473156e+01
    3.08789978e+01 3.23960762e+01 3.37207031e+01 3.30757790e+01
    3.31493340e+01 3.37326317e+01 3.37777405e+01 3.21395531e+01
    3.19040375e+01 3.15751762e+01 3.04451885e+01 3.09387531e+01
    3.07193298e+01 3.00202045e+01 2.96887207e+01 3.04451008e+01
    2.96944733e+01 2.80895615e+01 3.10537262e+01 3.01931229e+01
    3.16041756e+01 3.10600166e+01 2.96311092e+01 3.20835648e+01
    3.12951984e+01 3.14408474e+01 3.18548126e+01 3.11307449e+01
    3.18120728e+01 3.13134956e+01 3.06948280e+01 3.15544910e+01
    3.27892532e+01 3.11885300e+01 3.22215042e+01 3.18326530e+01
    3.25528259e+01 3.04288483e+01 3.16906738e+01 3.27333832e+01
    2.98952980e+01 3.05185413e+01 3.00257702e+01 2.58744640e+01
    2.80176220e+01 2.74115543e+01 2.96893539e+01 2.89150715e+01
    2.99625912e+01 2.84597511e+01 2.93126316e+01 3.05040932e+01
    3.14006233e+01 3.15048656e+01 3.19686489e+01 3.23871384e+01
    3.24285889e+01 3.05695343e+01 3.02829895e+01 3.10978355e+01
    3.06754951e+01 3.10062408e+01 3.22695351e+01 3.15708275e+01
    3.13221722e+01 3.14225426e+01 3.00411072e+01 3.23255005e+01
    3.07704659e+01 3.07130184e+01 3.26893387e+01 3.13274784e+01
    3.05504150e+01 2.91684399e+01 3.01953888e+01 2.91796017e+01
    2.88724747e+01 2.74497337e+01 3.02197361e+01 2.97814503e+01
    2.81380196e+01 2.97780514e+01 2.96502514e+01 2.86719818e+01
    2.96749268e+01 3.13069172e+01 3.19970016e+01 3.15599613e+01
    3.21596184e+01 3.28811493e+01 3.26331253e+01 3.50111580e+01
    3.37075844e+01 3.21220818e+01 3.22372093e+01 3.06291847e+01
    2.86143017e+01 2.85552177e+01 2.74556503e+01 2.99588470e+01
    2.90600090e+01 2.75636330e+01 2.81403503e+01 3.05313892e+01
    3.14337883e+01 3.12547760e+01 3.11489296e+01 3.34357529e+01
    3.31791344e+01 3.32439919e+01 3.27140465e+01 3.29878197e+01
    3.14259968e+01 2.94117603e+01 3.15970459e+01 3.01855679e+01
    3.06262646e+01 2.80353680e+01 3.05543537e+01 2.69722328e+01
    2.77426701e+01 3.02822666e+01 3.06622734e+01 3.12698765e+01
    3.07908649e+01 3.18764858e+01 3.10487118e+01 3.04262066e+01
    3.15732899e+01 3.15201092e+01 3.40640793e+01 3.11359348e+01
    2.98874187e+01 2.99353065e+01 2.97582664e+01 3.03905087e+01
    3.05931149e+01 3.04923344e+01 3.01117725e+01 3.21746635e+01
    3.21967697e+01 3.10355434e+01 3.30183220e+01 3.20393524e+01
    3.11464481e+01 3.21872292e+01 3.16888580e+01 3.04191704e+01
    2.85125561e+01 3.08716831e+01 3.03979988e+01 2.94725838e+01
    3.02062397e+01 2.94940224e+01 3.30390015e+01 3.00199890e+01
    2.93062305e+01 2.87972298e+01 2.93214703e+01 3.00980148e+01
    2.90161209e+01 2.90188484e+01 2.70640755e+01 2.93823376e+01
    2.93824520e+01 2.92755165e+01 2.78091908e+01 2.82389450e+01
    3.09066906e+01 2.92684288e+01 3.04803658e+01 3.00224590e+01
    3.08402729e+01 3.16133499e+01 3.14515934e+01 2.94753056e+01
    3.03256207e+01 3.13196259e+01 2.82890625e+01 2.74161263e+01
    2.92370510e+01 2.92516575e+01 2.79865780e+01 2.85844841e+01
    2.81804504e+01 2.99509277e+01 2.90025845e+01 3.11752796e+01
    3.04647465e+01 3.11947575e+01 3.26526566e+01 3.21953621e+01
    3.12759953e+01 3.23125267e+01 3.05324707e+01 3.07873268e+01
    3.08854179e+01 2.96476021e+01 3.09732132e+01 3.06146412e+01
    3.04259357e+01 3.11075249e+01 3.05922050e+01 3.26680031e+01
    3.00697346e+01 2.92203922e+01 3.31316452e+01 3.31670113e+01
    2.92238655e+01 3.15745487e+01 3.04892292e+01 2.94049187e+01
    3.06971951e+01 3.04129753e+01 2.97089901e+01 3.03157005e+01
    2.83401508e+01 3.09359055e+01 2.98558712e+01 2.96839447e+01
    2.99379826e+01 2.96164474e+01 3.14234238e+01 2.82165298e+01
    3.24442101e+01 3.32506447e+01 3.25561447e+01 3.18618469e+01
    3.03769722e+01 3.22538986e+01 3.06519451e+01 3.01244144e+01
    3.09876347e+01 3.01459751e+01 3.05854912e+01 3.01317787e+01
    2.99705467e+01 2.97106438e+01 2.99698448e+01 2.95559578e+01
    3.03946400e+01 2.84206829e+01 3.09051094e+01 3.05474796e+01
    3.04153767e+01 3.19255352e+01 3.28470764e+01 3.21851234e+01
    3.11864452e+01 3.46123924e+01 3.23477821e+01 3.03423595e+01
    3.32411003e+01 3.18419456e+01 3.01404648e+01 3.02868786e+01
    3.09692650e+01 3.12516212e+01 3.04078541e+01 2.93302975e+01
    2.71310787e+01 3.00634098e+01 2.92788620e+01 3.12063427e+01
    2.93179665e+01 3.02572975e+01 3.13541431e+01 2.92565098e+01
    3.15400639e+01 3.01891823e+01 3.01615753e+01 3.20725021e+01
    3.12918491e+01 3.00993938e+01 3.06687660e+01 3.04373531e+01
    3.03631420e+01 2.89972286e+01 3.13803177e+01 3.10429039e+01
    3.03739128e+01 3.09099998e+01 3.18299007e+01 2.96416836e+01
    3.14323368e+01 3.08939495e+01 2.94673004e+01 3.18957806e+01
    2.97307606e+01 2.97452202e+01 2.86555805e+01 2.80156555e+01
    2.98183098e+01 2.72351513e+01 2.98794174e+01 2.92493591e+01
    3.20752335e+01 2.99348354e+01 3.00882053e+01 3.24294701e+01
    3.20800171e+01 3.05168495e+01 3.13185654e+01 3.01386528e+01
    3.11956692e+01 3.07340927e+01 2.98694210e+01 3.10594788e+01
    3.11951542e+01 3.31442070e+01 3.18182983e+01 3.26343498e+01
    3.14892406e+01 3.09161777e+01 3.22316170e+01 3.18928661e+01
    3.33970642e+01 3.05464630e+01 3.11433506e+01 3.11457157e+01
    2.98327065e+01 2.89913158e+01 2.86322041e+01 2.78222179e+01
    2.59037590e+01 2.80004311e+01 2.90375977e+01 2.77911777e+01
    2.86481609e+01 2.76162090e+01 2.95247726e+01 3.19398365e+01
    3.10297737e+01 3.14640675e+01 3.22926636e+01 3.26378212e+01
    3.45596199e+01 3.20124626e+01 3.32847824e+01 3.43698654e+01
    3.15746021e+01 3.02806721e+01 2.88276234e+01 2.86733856e+01
    3.03559380e+01 2.92041645e+01 2.96200790e+01 2.91818848e+01
    3.08611317e+01 2.94233780e+01 3.13952427e+01 3.06923084e+01
    3.07604923e+01 3.60548782e+01 3.46457863e+01 3.27113495e+01
    3.33607521e+01 3.30862617e+01 3.07826099e+01 3.10282040e+01
    3.04963646e+01 2.97651653e+01 2.92019882e+01 2.82981701e+01
    2.95416908e+01 2.78464050e+01 2.98314533e+01 2.81073589e+01
    2.89118328e+01 3.05997257e+01 3.20487251e+01 3.03852386e+01
    3.23401070e+01 3.20541878e+01 3.19421883e+01 3.15971489e+01
    3.10326881e+01 3.13176060e+01 3.05909519e+01 2.95221329e+01
    2.96790524e+01 2.80014248e+01 2.89937782e+01 2.99565964e+01
    3.00713558e+01 3.09193268e+01 2.90650520e+01 3.05012932e+01
    2.98292236e+01 3.14283657e+01 3.08251343e+01 3.10553837e+01
    3.04485703e+01 2.95962353e+01 2.93576241e+01 2.94676743e+01
    2.88625164e+01 2.95959797e+01 3.00345058e+01 2.87765694e+01
    2.83002167e+01 2.90580654e+01 2.98213215e+01 2.69072704e+01
    3.06636887e+01 2.85564213e+01 2.85412273e+01 2.74901314e+01
    2.95635529e+01 2.94416294e+01 2.89602661e+01 2.78054581e+01
    2.97590027e+01 3.24243698e+01 3.00116920e+01 3.05707607e+01
    3.19371872e+01 3.12606850e+01 3.25849915e+01 3.10813923e+01
    3.19698505e+01 3.28259621e+01 2.96146259e+01 2.98814888e+01
    2.99690571e+01 2.95252514e+01 2.74966507e+01 2.77642803e+01
    2.76491375e+01 2.82596397e+01 3.02190285e+01 2.97757721e+01
    3.13981743e+01 2.98381557e+01 2.99819431e+01 3.23612442e+01
    3.31635513e+01 3.29885559e+01 3.15417366e+01 3.09320087e+01
    3.12938614e+01 3.30489578e+01 3.07650032e+01 2.85553360e+01
    3.03058624e+01 3.10083885e+01 3.22659607e+01 3.01771431e+01
    3.12786388e+01 3.14885693e+01 3.04732666e+01 3.20186996e+01
    3.25083618e+01 3.08637638e+01 3.24019737e+01 3.18352470e+01
    3.07105579e+01 3.20595589e+01 3.01440487e+01 3.08461170e+01
    3.02366695e+01 2.97340794e+01 2.92657509e+01 3.02537804e+01
    2.91191711e+01 2.98362217e+01 3.02626820e+01 2.87023239e+01
    3.10355434e+01 3.04644051e+01 3.07405663e+01 3.18913536e+01
    3.18068275e+01 3.02618904e+01 2.98940563e+01 3.02070808e+01
    3.08829575e+01 3.04246063e+01 2.90187874e+01 3.01550255e+01
    2.95902214e+01 2.82482376e+01 2.92544231e+01 2.89176750e+01
    2.93108120e+01 2.88255138e+01 2.76897774e+01 2.83810711e+01
    2.91141396e+01 2.92247982e+01 2.95230865e+01 3.26884422e+01
    3.19760208e+01 3.30555725e+01 3.19806499e+01 3.26307716e+01
    3.22163048e+01 3.34481621e+01 3.20295410e+01 3.19021511e+01
    3.03395386e+01 3.01815701e+01 3.05737400e+01 2.94992409e+01
    3.03752918e+01 2.88556995e+01 2.83383884e+01 2.94817085e+01
    2.67420349e+01 2.93422890e+01 2.94291496e+01 3.16449032e+01
    3.03833275e+01 2.96599159e+01 3.13645821e+01 3.09275627e+01
    3.17813263e+01 3.17169304e+01 3.00840874e+01 3.22786102e+01
    3.05632076e+01 3.09804039e+01 3.10534134e+01 3.17741356e+01
    3.10281143e+01 3.08213577e+01 3.27034340e+01 3.03880501e+01
    3.20287704e+01 3.07965183e+01 3.12309799e+01 2.97290230e+01
    3.11043911e+01 3.08332958e+01 2.90693264e+01 2.96036530e+01
    2.89816990e+01 2.68033199e+01 2.90531406e+01 3.16008129e+01
    3.04347820e+01 2.98241978e+01 3.23378754e+01 3.02657776e+01
    3.21242065e+01 3.21813889e+01 3.11529732e+01 3.15666046e+01
    3.00597248e+01 2.95355530e+01 3.03586330e+01 3.12965755e+01
    3.20260315e+01 3.16383591e+01 2.85836048e+01 3.36785469e+01
    3.23256950e+01 3.09214020e+01 3.18762741e+01 3.25630035e+01
    3.18587818e+01 3.09727554e+01 3.08629322e+01 3.09263134e+01
    3.15907669e+01 2.92960701e+01 2.92585220e+01 3.16055946e+01
    2.87600880e+01 2.74145374e+01 2.76622372e+01 2.92620716e+01
    2.76179562e+01 2.89791832e+01 2.96042366e+01 2.84837646e+01
    2.89047527e+01 2.89040318e+01 2.94187527e+01 3.23260994e+01
    3.32823868e+01 3.19306049e+01 3.39292870e+01 3.29961815e+01
    3.28349571e+01 3.22859764e+01 3.16496334e+01 3.07303867e+01
    2.84774456e+01 2.89106503e+01 2.82949295e+01 2.94472694e+01
    3.02994156e+01 2.81771812e+01 2.93712502e+01 2.87851028e+01
    3.02395954e+01 2.98007755e+01 3.16815434e+01 3.47497673e+01
    3.32041740e+01 3.37973175e+01 3.31305733e+01 3.28650208e+01
    3.20023308e+01 2.99392090e+01 2.89220104e+01 2.96510239e+01
    2.80395107e+01 2.81494312e+01 2.92876949e+01 2.63021126e+01
    3.03904285e+01 2.87105598e+01 3.15473633e+01 2.96146164e+01
    3.05934067e+01 3.31878738e+01 3.31650467e+01 3.32471428e+01
    3.28155289e+01 3.07895145e+01 3.23413620e+01 3.21940498e+01
    3.09687786e+01 3.01234531e+01 2.92317829e+01 2.88211689e+01
    2.94733925e+01 2.98738861e+01 3.07553654e+01 3.12247448e+01
    2.99040756e+01 2.95017796e+01 3.01696873e+01 3.14259434e+01
    2.91975880e+01 3.04888077e+01 3.17164383e+01 2.91462364e+01
    2.89752579e+01 3.01726398e+01 2.95517063e+01 2.84334450e+01
    3.02992363e+01 2.89590416e+01 2.96833305e+01 2.99070435e+01
    3.09897842e+01 2.96021004e+01 2.94599800e+01 2.96741772e+01
    3.02244682e+01 2.92643585e+01 2.84886189e+01 2.84851646e+01
    2.89494762e+01 2.89533730e+01 2.90561829e+01 3.04976196e+01
    3.01327381e+01 3.07195225e+01 3.15435371e+01 3.04493313e+01
    3.07879696e+01 3.18830910e+01 3.21079788e+01 2.89245262e+01
    3.00307655e+01 3.03912659e+01 2.94200497e+01 2.77919655e+01
    2.71896038e+01 2.90133400e+01 2.76612568e+01 3.01065445e+01
    2.92592049e+01 2.94304028e+01 3.12993717e+01 2.92923260e+01
    3.22110863e+01 3.12494926e+01 3.25845337e+01 3.25310211e+01
    3.14805889e+01 3.22416916e+01 3.14604435e+01 3.14667492e+01
    2.88866329e+01 2.87847633e+01 3.01490917e+01 2.93075027e+01
    3.03204670e+01 2.96603470e+01 3.13494072e+01 3.18803844e+01
    2.99169140e+01 3.05198250e+01 3.02865314e+01 3.11224213e+01
    3.32013245e+01 3.24546051e+01 3.06158752e+01 3.12632866e+01
    3.29168625e+01 3.29115372e+01 2.84298935e+01 3.13063316e+01
    3.08944893e+01 2.90572090e+01 2.93649559e+01 3.12730999e+01
    3.10258808e+01 2.99566326e+01 3.07658405e+01 3.02808456e+01
    2.96166286e+01 3.03643932e+01 3.26389236e+01 3.18523312e+01
    3.05376568e+01 3.08581676e+01 3.03195076e+01 3.07407951e+01
    2.99628983e+01 2.88377018e+01 2.92695618e+01 2.97047405e+01
    2.97002201e+01 2.89447098e+01 2.94826603e+01 3.08050842e+01
    2.76613064e+01 2.84967003e+01 2.79483223e+01 3.17523499e+01
    3.20400658e+01 2.95735931e+01 3.29915047e+01 3.19282951e+01
    3.11649036e+01 3.26672058e+01 3.17390194e+01 3.05674839e+01
    3.19843540e+01 3.33375053e+01 3.00389099e+01 2.99552975e+01
    2.98482914e+01 3.04097652e+01 3.12955894e+01 2.98634987e+01
    3.02326717e+01 2.94025383e+01 3.06565361e+01 3.12416592e+01
    3.16011238e+01 3.04394588e+01 3.04542675e+01 2.97763615e+01
    3.00561180e+01 2.99359016e+01 3.15496807e+01 3.13309956e+01
    3.13538837e+01 3.02565212e+01 2.96788902e+01 3.02767029e+01
    3.00193710e+01 3.08264771e+01 3.01456985e+01 3.11347656e+01
    3.19134254e+01 3.09514732e+01 3.05738087e+01 3.03803177e+01
    3.17974033e+01 2.94678669e+01 3.00207882e+01 3.08410149e+01
    2.90855846e+01 2.90454178e+01 2.90868683e+01 2.84451504e+01
    2.98459988e+01 2.84380093e+01 2.91844673e+01 2.95877266e+01
    3.12176418e+01 3.21334000e+01 3.19416943e+01 3.27383385e+01
    3.25168114e+01 3.11574211e+01 3.05369301e+01 3.20318375e+01
    3.23365364e+01 3.14171047e+01 3.19487648e+01 3.18422585e+01
    2.98643379e+01 2.98374233e+01 3.05860519e+01 3.16703491e+01
    3.17924423e+01 3.13165779e+01 3.21211624e+01 3.12501793e+01
    3.09334431e+01 3.17894058e+01 2.94145374e+01 3.09131355e+01
    3.04255276e+01 2.79074879e+01 2.62031937e+01 2.92018013e+01
    2.67785702e+01 2.54138126e+01 2.74625130e+01 2.72446251e+01
    2.90261250e+01 2.63377934e+01 2.91053944e+01 2.80654545e+01
    2.93194962e+01 3.04291935e+01 3.18313007e+01 3.30390816e+01
    3.29818840e+01 3.16068630e+01 3.10407734e+01 3.03085213e+01
    2.93634281e+01 3.05361080e+01 2.71422138e+01 2.77028790e+01
    2.73582668e+01 2.73492794e+01 2.88269939e+01 2.79421463e+01
    2.91235008e+01 2.83198032e+01 3.01267815e+01 3.02350082e+01
    3.15091114e+01 3.30216141e+01 3.14086494e+01 3.29009857e+01
    3.21528969e+01 3.08249264e+01 2.93261318e+01 3.05338955e+01
    3.01380806e+01 2.94676285e+01 2.95745735e+01 2.92745419e+01
    2.90221386e+01 2.91996975e+01 2.88158398e+01 2.86825733e+01
    2.93010902e+01 2.97617626e+01 3.12397099e+01 3.15795383e+01
    3.29152107e+01 3.20069199e+01 3.26110802e+01 3.04954567e+01
    3.23047791e+01 3.00310535e+01 3.19281559e+01 3.21451378e+01
    2.98217068e+01 2.89818153e+01 2.85818386e+01 2.91796322e+01
    2.97756824e+01 3.08363934e+01 3.10149536e+01 3.08306274e+01
    2.97079182e+01 3.07806931e+01 3.19931183e+01 3.27605934e+01
    3.20397491e+01 3.12824306e+01 3.03214588e+01 2.92605801e+01
    2.97302151e+01 2.80246429e+01 2.86370773e+01 2.75954838e+01
    2.74786224e+01 2.93007965e+01 2.97670326e+01 2.83307056e+01
    2.94669495e+01 3.00261669e+01 2.95063076e+01 2.87037182e+01
    2.76271725e+01 3.09040642e+01 3.10250626e+01 2.83938503e+01
    2.97826462e+01 2.98990002e+01 3.17978439e+01 2.96188660e+01
    3.10387745e+01 2.94082699e+01 3.03754349e+01 3.09514675e+01
    2.85977497e+01 2.91688175e+01 2.96051102e+01 2.94475613e+01
    2.83472404e+01 2.78908272e+01 2.73523407e+01 2.74859180e+01
    2.78115520e+01 3.02901440e+01 3.08301430e+01 2.93885956e+01
    3.12092094e+01 3.09846172e+01 3.08179913e+01 3.28764839e+01
    3.12183113e+01 3.22746658e+01 3.12466087e+01 3.19156132e+01
    3.03693295e+01 3.09114456e+01 3.19144859e+01 2.77002735e+01
    2.97436466e+01 2.92719669e+01 3.01848564e+01 2.89274445e+01
    3.07688160e+01 3.16959934e+01 2.95645313e+01 3.05342445e+01
    3.06881638e+01 3.01022358e+01 3.17195854e+01 3.12273579e+01
    3.25543594e+01 3.12395477e+01 3.11018524e+01 3.09500275e+01
    3.08329754e+01 3.10308132e+01 3.00742493e+01 3.06476059e+01
    3.16131954e+01 3.04996109e+01 2.97366219e+01 2.98687878e+01
    3.21361122e+01 3.00907135e+01 2.94788437e+01 3.00814056e+01
    3.06974010e+01 3.07021275e+01 3.08512669e+01 3.14382782e+01
    3.06296387e+01 2.97409229e+01 2.90567265e+01 2.89969406e+01
    2.95714722e+01 2.88372288e+01 2.83490314e+01 2.83794441e+01
    3.01615925e+01 2.90920105e+01 2.81174736e+01 2.90902061e+01
    2.94510517e+01 2.86128349e+01 2.91048679e+01 3.14045582e+01
    3.04997368e+01 3.10150757e+01 3.10742340e+01 3.04902763e+01
    2.96423416e+01 2.96988640e+01 3.09684238e+01 2.95699615e+01
    3.17337093e+01 2.96004524e+01 2.87923260e+01 2.82381725e+01
    2.81478500e+01 3.03811455e+01 2.99922562e+01 3.23889351e+01
    2.98484554e+01 3.03123302e+01 3.07571754e+01 3.26649284e+01
    3.20890808e+01 3.15386028e+01 3.18367462e+01 2.89765854e+01
    3.24117584e+01 3.20302162e+01 3.04364491e+01 3.16341782e+01
    3.21403313e+01 3.13381577e+01 3.07815781e+01 2.99158115e+01
    3.23940201e+01 3.20681534e+01 3.02859783e+01 3.04109650e+01
    3.08433418e+01 3.24299660e+01 3.01949196e+01 3.02959518e+01
    3.14558315e+01 2.98196754e+01 2.84161777e+01 2.94566345e+01
    2.90810280e+01 2.97448959e+01 3.12527905e+01 2.97198524e+01
    2.94715538e+01 3.01675606e+01 3.17355518e+01 3.27397041e+01
    3.24169388e+01 3.29786110e+01 3.33433418e+01 3.30832329e+01
    3.17646961e+01 3.14486790e+01 3.12163696e+01 3.10974121e+01
    3.14643650e+01 3.30977554e+01 2.93832817e+01 3.03340950e+01
    3.15810661e+01 3.26509209e+01 3.02926331e+01 3.27462311e+01
    3.24570808e+01 3.12712078e+01 3.04726105e+01 3.03506489e+01
    3.03970528e+01 2.93241100e+01 3.05407829e+01 2.88225822e+01
    2.83123398e+01 2.81571598e+01 2.81988297e+01 2.87721920e+01
    2.84832191e+01 2.76809063e+01 2.80391464e+01 2.82297401e+01
    2.87566986e+01 2.90093002e+01 2.98348923e+01 3.12307930e+01
    3.21715279e+01 3.05225487e+01 3.34073830e+01 3.11366062e+01
    3.13394527e+01 2.97973442e+01 3.13396492e+01 2.95981693e+01
    2.72987881e+01 2.75295277e+01 2.94536209e+01 2.87973289e+01
    2.98044529e+01 2.88204136e+01 2.99899044e+01 2.83635769e+01
    3.02901173e+01 3.00032673e+01 3.09459190e+01 3.36876068e+01
    3.20590553e+01 3.27283363e+01 3.04516563e+01 3.07515163e+01
    3.02231407e+01 2.99364243e+01 2.88901405e+01 2.85806599e+01
    3.04908009e+01 2.93586464e+01 2.91045742e+01 3.02697754e+01
    2.94360676e+01 3.01908989e+01 3.06714668e+01 3.01642418e+01
    3.05586376e+01 3.09444485e+01 3.13881435e+01 3.21247139e+01
    3.11907043e+01 3.09467525e+01 2.90690689e+01 2.96924362e+01
    2.95450630e+01 3.04417706e+01 2.95607338e+01 2.92194118e+01
    2.87248592e+01 2.75119324e+01 2.90393219e+01 2.91777439e+01
    2.96979847e+01 3.00722809e+01 2.98942604e+01 3.09322186e+01
    3.00375004e+01 3.09661655e+01 3.19380856e+01 3.08465767e+01
    3.04555836e+01 2.92885799e+01 2.97909374e+01 2.88480167e+01
    2.92648315e+01 2.90806599e+01 3.05685596e+01 2.85562592e+01
    3.08708267e+01 2.86039066e+01 3.03207264e+01 2.73919411e+01
    2.82686615e+01 2.97447891e+01 2.84449444e+01 2.93792229e+01
    2.90036526e+01 2.87410450e+01 3.13903046e+01 2.99049358e+01
    3.04558792e+01 2.95778046e+01 3.07012939e+01 3.00774994e+01
    3.14050713e+01 2.91367111e+01 3.09908009e+01 3.00930824e+01
    2.89918118e+01 2.94474373e+01 2.86218414e+01 2.87346592e+01
    2.79811935e+01 2.96045723e+01 2.95157032e+01 2.96595917e+01
    2.89100075e+01 3.09521713e+01 3.14186134e+01 3.09585457e+01
    3.22142601e+01 3.20612068e+01 3.10882797e+01 3.23039093e+01
    3.02784901e+01 3.21661987e+01 3.13397789e+01 3.18460598e+01
    2.93400688e+01 2.93496876e+01 3.11772213e+01 3.12286606e+01
    3.07930279e+01 3.10656834e+01 2.94966564e+01 3.14082909e+01
    3.21734467e+01 3.15545349e+01 3.06612644e+01 3.16534615e+01
    3.38973961e+01 3.11585484e+01 3.22798042e+01 3.29802132e+01
    3.22723923e+01 3.22634506e+01 3.13022785e+01 3.12259159e+01
    3.25721054e+01 2.95369186e+01 2.90943165e+01 3.01543713e+01
    3.00387173e+01 3.13124752e+01 3.07983284e+01 2.90954838e+01
    3.10662594e+01 2.88933926e+01 2.90695877e+01 2.93708553e+01
    3.06118069e+01 2.98939781e+01 2.89401226e+01 2.92507114e+01
    2.95334148e+01 2.85708675e+01 2.78875523e+01 2.81164551e+01
    2.76233997e+01 2.83098660e+01 2.88989239e+01 2.81061478e+01
    2.72995434e+01 2.90604362e+01 2.67867451e+01 2.95676785e+01
    3.06557312e+01 2.86290970e+01 3.14132690e+01 3.19120655e+01
    3.11500206e+01 3.10997353e+01 3.19127502e+01 3.19189014e+01
    2.97730942e+01 3.22226028e+01 2.97524776e+01 2.90891228e+01
    3.10262604e+01 3.07257156e+01 3.24996338e+01 3.32074280e+01
    3.01187553e+01 3.18363762e+01 3.20077133e+01 3.21574974e+01
    3.14266930e+01 3.24409409e+01 3.24527550e+01 3.17187939e+01
    3.18619633e+01 2.98443470e+01 3.23630219e+01 3.06042004e+01
    3.09447098e+01 3.26296463e+01 2.89914551e+01 2.95072403e+01
    2.95194073e+01 3.11865978e+01 3.00555534e+01 3.09419956e+01
    3.15579453e+01 3.06317520e+01 3.13219852e+01 3.21324615e+01
    3.14824314e+01 3.13123379e+01 3.06718864e+01 3.01309376e+01
    2.95355892e+01 2.82524471e+01 3.17461853e+01 3.00084972e+01
    3.05414486e+01 3.18483925e+01 3.10808773e+01 3.16259079e+01
    3.11716366e+01 3.33127327e+01 3.31468430e+01 3.39912910e+01
    3.41293335e+01 3.42118874e+01 3.22201385e+01 3.24088249e+01
    3.21814461e+01 3.13171577e+01 3.10189629e+01 2.98976746e+01
    3.08919277e+01 3.11209908e+01 2.94475117e+01 3.07586498e+01
    2.88968697e+01 3.16459827e+01 3.15302811e+01 2.99138813e+01
    3.07509232e+01 2.88758240e+01 2.98500957e+01 2.76223888e+01
    3.00910816e+01 2.99220257e+01 2.85794487e+01 2.95104065e+01
    3.02685299e+01 2.98729305e+01 2.76878929e+01 2.91861820e+01
    2.98395786e+01 2.81147537e+01 2.78968086e+01 3.11986427e+01
    3.00341892e+01 2.98013229e+01 2.99290886e+01 3.16152191e+01
    3.02798653e+01 3.07569599e+01 2.89370766e+01 2.86381283e+01
    2.86333160e+01 2.84122925e+01 2.79390335e+01 2.75944042e+01
    2.75072060e+01 2.79147110e+01 2.73348808e+01 2.89667244e+01
    3.08262043e+01 2.76894245e+01 2.90919971e+01 2.90546913e+01
    2.92328739e+01 3.05779285e+01 2.99350796e+01 3.12228832e+01
    2.84998550e+01 2.98121471e+01 3.05460510e+01 2.90598335e+01
    2.84428673e+01 2.96039791e+01 2.86345177e+01 2.96792336e+01
    2.80082741e+01 2.90349159e+01 3.02391987e+01 2.95352592e+01
    3.01635017e+01 3.07000523e+01 3.05092487e+01 3.12206154e+01
    3.06464520e+01 3.17520161e+01 3.14807243e+01 3.20645866e+01
    3.23800468e+01 2.85961266e+01 2.84568024e+01 3.04413891e+01
    2.90311089e+01 2.87491207e+01 2.83525505e+01 2.88211117e+01
    3.07795448e+01 2.88220539e+01 3.00381584e+01 3.05887299e+01
    2.91522179e+01 3.09658642e+01 3.10563431e+01 3.20606384e+01
    3.13705635e+01 3.10185795e+01 3.01288414e+01 2.99484062e+01
    3.09336109e+01 2.73200417e+01 2.92597694e+01 2.89072876e+01
    2.89127197e+01 2.79979095e+01 2.89192657e+01 2.90683193e+01
    3.12962513e+01 2.81936722e+01 3.02425442e+01 3.09551029e+01
    2.82834377e+01 3.04794502e+01 3.00828075e+01 3.11597614e+01
    2.88662491e+01 2.95533180e+01 3.05553303e+01 3.12922535e+01
    2.85311756e+01 2.91907272e+01 2.97256775e+01 3.05603180e+01
    3.01525574e+01 2.80253143e+01 2.96080055e+01 2.86084881e+01
    2.82668457e+01 2.83010216e+01 2.75854263e+01 2.86287746e+01
    3.07602882e+01 3.12412720e+01 3.07249222e+01 3.22215080e+01
    3.31008072e+01 3.11095161e+01 3.09985809e+01 3.11957531e+01
    3.12398243e+01 3.14707108e+01 3.03374023e+01 3.16520157e+01
    2.97242432e+01 3.04521236e+01 3.04328613e+01 2.98269501e+01
    2.87556877e+01 2.92315865e+01 2.89596386e+01 2.92667789e+01
    2.96416016e+01 3.08181877e+01 2.97615395e+01 3.02960300e+01
    3.08608303e+01 3.13825550e+01 3.03200169e+01 2.97943840e+01
    3.20787048e+01 3.24859047e+01 3.07701740e+01 3.13084049e+01
    3.23550758e+01 3.17193108e+01 2.98054295e+01 3.00417595e+01
    3.14529762e+01 3.00013714e+01 2.86965199e+01 3.08999043e+01
    2.97383690e+01 3.01788368e+01 3.02855892e+01 3.08981628e+01
    2.83896389e+01 2.91428661e+01 3.01844788e+01 2.98217239e+01
    2.97191639e+01 3.02982941e+01 3.06611576e+01 2.82430325e+01
    3.10249653e+01 2.88751125e+01 2.76642494e+01 2.88031979e+01
    3.06501083e+01 2.93704758e+01 2.77506676e+01 2.91365891e+01
    2.76991959e+01 2.82656612e+01 2.90067368e+01 3.10609150e+01
    3.16573124e+01 3.09621544e+01 3.22081146e+01 3.03181896e+01
    3.03010254e+01 2.97792187e+01 3.21371765e+01 3.00075741e+01
    3.01788998e+01 3.01023693e+01 2.93814182e+01 2.96395092e+01
    2.91476898e+01 2.99100208e+01 3.11252880e+01 3.19323826e+01
    3.22968864e+01 3.16822624e+01 3.05398369e+01 3.09983368e+01
    3.20368805e+01 3.20779152e+01 3.11963997e+01 3.09465141e+01
    3.20597229e+01 3.15457249e+01 2.90704937e+01 3.03773193e+01
    2.98190212e+01 3.10485325e+01 2.94020252e+01 2.90097027e+01
    2.97672062e+01 3.11633682e+01 3.05874252e+01 3.06039772e+01
    2.97033157e+01 3.05098419e+01 3.08848400e+01 3.02401028e+01
    2.90723095e+01 2.95989590e+01 2.94851494e+01 2.87092113e+01
    2.85901756e+01 2.76672573e+01 3.19586334e+01 2.96060696e+01
    2.92726021e+01 3.10611401e+01 3.10223007e+01 3.18932629e+01
    3.15806637e+01 3.10169907e+01 3.18058987e+01 3.02283630e+01
    3.18495903e+01 3.16054554e+01 3.05849762e+01 3.23639221e+01
    3.12921619e+01 3.15606499e+01 3.14432907e+01 3.09443836e+01
    2.91854115e+01 3.09111500e+01 3.06140060e+01 3.12930355e+01
    2.86735344e+01 3.07516842e+01 3.11222420e+01 2.77917233e+01
    2.81940517e+01 2.89893570e+01 2.99544373e+01 2.73317413e+01
    3.14378185e+01 2.91881199e+01 2.86774597e+01 3.14754353e+01
    2.96894093e+01 2.92839203e+01 3.15439873e+01 3.01054573e+01
    2.82633629e+01 3.06161747e+01 3.14956799e+01 3.08042660e+01
    3.06446342e+01 3.06261387e+01 3.00036316e+01 3.21308403e+01
    2.99623051e+01 2.99136086e+01 3.09656925e+01 2.89966202e+01
    2.76429920e+01 2.87121487e+01 2.82075882e+01 3.05871868e+01
    2.89676971e+01 3.01678047e+01 2.88485718e+01 2.66921234e+01
    2.86240292e+01 2.93033314e+01 2.94253445e+01 3.04755383e+01
    3.10308933e+01 3.03823853e+01 2.97647877e+01 2.91833954e+01
    3.10277119e+01 2.91444931e+01 2.78401318e+01 2.94630222e+01
    2.94821339e+01 2.85887871e+01 2.98329563e+01 3.13108215e+01
    3.01982899e+01 3.15779629e+01 3.04477119e+01 3.08291168e+01
    3.14055500e+01 3.14859772e+01 3.18510799e+01 3.28309174e+01
    3.10922241e+01 3.13682537e+01 3.00383720e+01 2.96790485e+01
    2.96544666e+01 2.88234501e+01 2.95087929e+01 2.90674171e+01
    3.01802139e+01 2.90077152e+01 2.92914124e+01 2.81381779e+01
    2.99562950e+01 3.14705582e+01 2.99760818e+01 3.25480766e+01
    3.08215389e+01 3.19197788e+01 3.25866776e+01 3.16925201e+01
    3.20584412e+01 3.13259811e+01 3.18564205e+01 2.92707157e+01
    2.95800018e+01 2.94263840e+01 2.84569149e+01 2.91424503e+01
    2.98114319e+01 3.05382977e+01 2.93468914e+01 2.98872032e+01
    3.15159454e+01 3.09473801e+01 3.06842937e+01 3.16129932e+01
    3.08455200e+01 3.00597706e+01 3.03096752e+01 3.23651199e+01
    3.16992054e+01 3.01072464e+01 3.01129398e+01 3.02691708e+01
    2.93164577e+01 2.85589008e+01 2.83382416e+01 2.88466148e+01
    3.00668392e+01 2.87586975e+01 2.93228130e+01 2.85472584e+01
    3.03706570e+01 2.92288284e+01 3.04551487e+01 3.21389160e+01
    3.04471245e+01 3.01252556e+01 3.08244209e+01 3.08909092e+01
    3.12964802e+01 3.09917107e+01 3.08172817e+01 3.04026699e+01
    3.05423603e+01 3.01771488e+01 2.90199032e+01 3.07342262e+01
    3.06861038e+01 2.82168446e+01 2.83262253e+01 2.99665813e+01
    2.84950581e+01 3.03215160e+01 2.82436466e+01 3.03761826e+01
    3.04713612e+01 2.98105831e+01 3.13934937e+01 3.11703262e+01
    3.27023544e+01 3.02845268e+01 3.23661079e+01 2.97340927e+01
    3.11540661e+01 3.09218121e+01 3.09870300e+01 3.02861729e+01
    2.88846989e+01 2.93066902e+01 2.89774303e+01 2.86080284e+01
    2.80843830e+01 2.93481197e+01 2.81260929e+01 2.77338104e+01
    2.76769505e+01 3.01374054e+01 2.80083008e+01 3.04587326e+01
    2.87637444e+01 3.13859768e+01 3.06758537e+01 3.10057468e+01
    2.90332165e+01 3.13835812e+01 2.84344101e+01 2.94822788e+01
    2.83944836e+01 2.95873299e+01 2.86119690e+01 2.76276016e+01
    2.89798222e+01 2.83817730e+01 2.92356853e+01 3.11227932e+01
    3.01387863e+01 3.07933159e+01 3.30623703e+01 3.25625458e+01
    3.19280319e+01 3.04678154e+01 3.26068382e+01 3.24094620e+01
    3.08985062e+01 3.06899052e+01 3.05246906e+01 3.08334770e+01
    3.01985741e+01 2.94910946e+01 3.17475643e+01 3.20031929e+01
    3.05031948e+01 3.15105267e+01 3.13321438e+01 3.30319824e+01
    3.19379463e+01 3.13464127e+01 3.22749939e+01 3.09266586e+01
    3.11115761e+01 3.11612587e+01 3.15610371e+01 2.93911972e+01
    2.80718250e+01 3.05832500e+01 2.83060322e+01 2.98595505e+01
    3.00250988e+01 2.97133808e+01 2.99341698e+01 3.06639080e+01
    3.03858414e+01 2.88722363e+01 2.91898098e+01 3.06482773e+01
    3.09181461e+01 3.00855274e+01 3.05366211e+01 3.17965012e+01
    2.93354282e+01 2.76710644e+01 3.07434692e+01 3.04926167e+01
    3.17890453e+01 3.25273972e+01 3.23191147e+01 3.07039471e+01
    3.12840176e+01 3.26028786e+01 3.06730614e+01 3.18593082e+01
    3.18512363e+01 3.13791904e+01 3.14296741e+01 3.08133965e+01
    3.30415306e+01 3.24575691e+01 3.32353706e+01 3.08058224e+01
    2.93862724e+01 3.16547966e+01 3.05653591e+01 3.07129631e+01
    2.96369495e+01 3.12558041e+01 3.03864517e+01 2.98598652e+01
    3.02280045e+01 3.00524883e+01 2.91200809e+01 2.87413082e+01
    2.79509201e+01 2.95798721e+01 3.18757629e+01 3.02934132e+01
    3.13418999e+01 3.13405914e+01 3.04152355e+01 3.12041283e+01
    3.10206757e+01 2.94061012e+01 2.89594173e+01 3.09561729e+01
    3.08177910e+01 3.29636383e+01 2.98552551e+01 2.97165241e+01
    3.01384411e+01 3.00661259e+01 3.06221886e+01 2.93594475e+01
    3.04196892e+01 2.97036266e+01 2.84864922e+01 2.74225368e+01
    2.94478111e+01 3.14470272e+01 2.73235168e+01 2.93392754e+01
    2.79368000e+01 2.94578915e+01 2.98941708e+01 2.81989441e+01
    2.86541195e+01 3.02766876e+01 2.99694576e+01 3.03845520e+01
    3.01014919e+01 2.96831741e+01 2.93843842e+01 2.84342747e+01
    2.83826714e+01 2.81873055e+01 2.92827091e+01 2.92976875e+01
    3.03559761e+01 3.05689545e+01 3.04119968e+01 3.04118614e+01
    3.09662380e+01 3.06051598e+01 3.04479103e+01 3.24329338e+01
    3.16520061e+01 2.97119427e+01 2.92925415e+01 2.93968563e+01
    2.94680576e+01 2.89400826e+01 2.91575890e+01 2.91240978e+01
    2.89789391e+01 3.00834579e+01 2.81706104e+01 2.87700729e+01
    2.84504318e+01 2.83920937e+01 2.97718964e+01 2.97467003e+01
    3.06696930e+01 3.22048264e+01 2.96121655e+01 3.25207405e+01
    3.22896919e+01 3.27794304e+01 3.20390434e+01 3.24810333e+01
    3.21470947e+01 2.86253910e+01 2.91428051e+01 3.04790859e+01
    3.06959286e+01 2.85677528e+01 3.04923477e+01 3.06103764e+01
    3.12617054e+01 3.04612846e+01 2.98742905e+01 3.13294926e+01
    3.11064453e+01 3.00418453e+01 3.05399551e+01 3.19177856e+01
    2.99783592e+01 3.00137119e+01 3.08488808e+01 3.15302677e+01
    3.08827400e+01 3.02692852e+01 3.01472473e+01 2.98198910e+01
    2.92057629e+01 3.01119728e+01 2.96616211e+01 3.11568584e+01
    2.98797340e+01 2.79600811e+01 2.80079765e+01 2.87050514e+01
    3.04397907e+01 2.98810768e+01 3.05346718e+01 2.97230968e+01
    3.02291317e+01 3.22714729e+01 3.07359619e+01 2.97414570e+01
    3.16267033e+01 3.08268547e+01 2.97803516e+01 2.98962765e+01
    2.92933102e+01 2.96927052e+01 2.95581436e+01 2.80046062e+01
    2.88513184e+01 2.70630493e+01 2.88311920e+01 2.86054344e+01
    2.93824425e+01 3.12165012e+01 3.01155243e+01 2.93620396e+01
    2.89553242e+01 3.39581490e+01 3.20066452e+01 3.14038715e+01
    3.22637253e+01 3.11001053e+01 3.30353394e+01 3.09232845e+01
    3.25514107e+01 3.14771156e+01 3.13073483e+01 3.03908234e+01
    2.94635792e+01 2.92383156e+01 2.91499805e+01 2.84128361e+01
    2.74435387e+01 2.86872120e+01 3.00270004e+01 2.95999908e+01
    2.98942204e+01 3.18264370e+01 3.11271954e+01 3.05301857e+01
    3.20357971e+01 3.22140656e+01 3.16914577e+01 3.27932816e+01
    3.20164146e+01 3.13806171e+01 3.12707214e+01 3.11631203e+01
    2.96449242e+01 3.08399048e+01 2.95726337e+01 3.04037209e+01
    2.87111912e+01 3.29548111e+01 3.12897911e+01 3.20406723e+01
    3.18558884e+01 3.14372940e+01 3.26074142e+01 3.10800419e+01
    3.08839760e+01 3.13391037e+01 3.28906975e+01 3.25475578e+01
    2.92509060e+01 2.96933384e+01 2.86040916e+01 2.91117268e+01
    3.13831577e+01 3.08149948e+01 3.00660496e+01 3.42576523e+01
    3.26182518e+01 3.22171059e+01 3.10835648e+01 3.01109715e+01
    3.24706383e+01 3.22048683e+01 3.13467789e+01 2.93078194e+01
    3.15148773e+01 3.12991524e+01 3.00147362e+01 2.93206005e+01
    2.90034332e+01 3.09312859e+01 2.80382996e+01 2.92771931e+01
    2.98411293e+01 3.05869770e+01 3.09894180e+01 3.03385620e+01
    2.93536358e+01 3.10217667e+01 3.07638607e+01 3.29093895e+01
    3.16153526e+01 3.03287659e+01 3.18877468e+01 3.09691544e+01
    3.18186188e+01 3.10889015e+01 3.27563362e+01 3.23331871e+01
    3.06044369e+01 3.08685513e+01 3.18099327e+01 3.11644802e+01
    3.16690960e+01 3.29508095e+01 2.95464058e+01 3.01318302e+01
    3.19038296e+01 3.19238205e+01 3.27267418e+01 3.16232204e+01
    3.11956520e+01 3.06583767e+01 3.09286842e+01 3.11277466e+01
    2.93529739e+01 3.08699722e+01 3.00146656e+01 3.06488056e+01
    2.99204025e+01 2.99453220e+01 3.17905445e+01 2.72128601e+01
    2.90006065e+01 3.07371845e+01 2.89876480e+01 2.98125210e+01
    3.09208584e+01 3.06389656e+01 2.91702251e+01 3.05766945e+01
    2.79608307e+01 2.98222103e+01 3.07828236e+01 2.97584763e+01
    2.91466064e+01 2.98798733e+01 2.84297581e+01 3.09773693e+01
    3.05791054e+01 3.06252422e+01 3.07556057e+01 2.95922165e+01
    2.95727100e+01 2.96466236e+01 3.13253937e+01 2.93957787e+01
    2.85419331e+01 2.93217392e+01 3.04065495e+01 2.95998764e+01
    3.01605568e+01 2.94362698e+01 2.87270622e+01 2.95176697e+01
    2.99765129e+01 2.96134338e+01 3.06937332e+01 3.22533264e+01
    3.02351570e+01 2.97095890e+01 3.13641758e+01 3.15773087e+01
    2.85225430e+01 2.95915947e+01 2.90469265e+01 2.83075542e+01
    3.13780937e+01 2.93862000e+01 2.96623554e+01 3.14014816e+01
    3.04398193e+01 3.07777653e+01 3.17304840e+01 3.27352409e+01
    3.14265594e+01 3.19854870e+01 3.17865009e+01 3.11921062e+01
    3.08057117e+01 3.18034153e+01 3.09177074e+01 2.93901062e+01
    3.09214764e+01 2.95120430e+01 3.01839371e+01 2.80277252e+01
    2.84323463e+01 2.98773098e+01 2.92677097e+01 2.97803040e+01
    3.03999844e+01 3.05682125e+01 2.96079407e+01 3.28026123e+01
    3.19788475e+01 3.28836098e+01 3.27569427e+01 3.26271782e+01
    3.26809082e+01 3.26056671e+01 3.26855583e+01 2.88408070e+01
    2.91490135e+01 2.94403839e+01 2.99472466e+01 2.95251026e+01
    3.00514488e+01 3.00485744e+01 3.12399025e+01 2.90145302e+01
    3.19070702e+01 3.06886806e+01 3.20562057e+01 3.28411751e+01
    3.11656990e+01 3.22459755e+01 3.07649727e+01 3.22636070e+01
    3.23640900e+01 3.16363831e+01 3.20351601e+01 3.22450981e+01
    3.09791679e+01 3.05008316e+01 3.05841980e+01 2.90737228e+01
    3.02650909e+01 2.94365749e+01 2.95396290e+01 2.81622448e+01
    2.82639008e+01 2.85362148e+01 2.89056129e+01 2.86385841e+01
    2.94297810e+01 3.03951912e+01 3.02367954e+01 3.03333721e+01
    3.17124481e+01 3.24631653e+01 3.24018745e+01 3.17458038e+01
    3.17086773e+01 3.02984123e+01 3.08071632e+01 3.22511940e+01
    2.93259258e+01 2.88285522e+01 2.97330933e+01 2.65060368e+01
    2.89459114e+01 2.95241203e+01 2.82871056e+01 2.95894318e+01
    2.79911423e+01 2.88650856e+01 2.90231457e+01 3.04640598e+01
    2.95530510e+01 3.18392906e+01 3.17245693e+01 3.25193481e+01
    3.00747032e+01 3.10909576e+01 3.30957985e+01 3.29539337e+01
    3.10353184e+01 2.92910919e+01 2.92143612e+01 2.77907448e+01
    2.93538952e+01 2.91244888e+01 2.84903316e+01 2.90889931e+01
    2.75250359e+01 2.84454708e+01 2.97060738e+01 3.11825447e+01
    3.05134468e+01 3.06558590e+01 3.02418518e+01 2.82814751e+01
    3.10950909e+01 3.12096767e+01 3.08397217e+01 3.02463512e+01
    3.10825500e+01 3.12412224e+01 3.12579823e+01 3.02265854e+01
    3.08216858e+01 3.02245026e+01 2.99050236e+01 3.05028629e+01
    3.10051270e+01 3.17061672e+01 3.30227013e+01 3.26486664e+01
    3.04799099e+01 2.97433434e+01 3.19969788e+01 3.26391487e+01
    3.21855545e+01 3.34216270e+01 3.14441948e+01 3.03788395e+01
    3.09295559e+01 2.97756367e+01 3.04507504e+01 3.37253876e+01
    3.38113289e+01 3.31942596e+01 3.29153442e+01 3.29629402e+01
    3.30911102e+01 3.28211212e+01 3.15801487e+01 3.13178825e+01
    2.94656620e+01 2.92085876e+01 3.00448017e+01 3.09778233e+01
    3.13503170e+01 2.90026474e+01 2.95461483e+01 2.84085369e+01
    2.86111641e+01 3.01555462e+01 2.86033344e+01 3.03571854e+01
    2.90161705e+01 2.91687527e+01 2.93695965e+01 2.91712551e+01
    3.11413174e+01 3.08477993e+01 2.91387882e+01 3.09486141e+01
    3.09951553e+01 2.89662762e+01 3.15389481e+01 3.04743900e+01
    3.09902554e+01 3.09363327e+01 3.11310329e+01 2.96346130e+01
    2.95847015e+01 3.33186569e+01 3.10050449e+01 2.93898945e+01
    3.11423492e+01 3.12139988e+01 2.94231052e+01 2.94069881e+01
    3.15488510e+01 3.18208313e+01 3.14102325e+01 3.12591743e+01
    3.12477379e+01 2.99461308e+01 3.05398178e+01 2.93946762e+01
    3.04057007e+01 3.02000942e+01 3.02258434e+01 3.18612061e+01
    2.80590038e+01 2.99483280e+01 3.04607201e+01 2.88359547e+01
    3.01033268e+01 3.07705917e+01 3.00515575e+01 2.93764172e+01
    3.03083344e+01 3.06646252e+01 2.81274185e+01 2.88386059e+01
    2.90765629e+01 2.83512077e+01 2.84323006e+01 2.93305111e+01
    2.90391331e+01 3.07374516e+01 3.02082329e+01 2.85342178e+01
    2.96997776e+01 3.11321735e+01 3.05454559e+01 2.95207214e+01
    2.93005238e+01 3.05946312e+01 2.93566284e+01 2.74791317e+01
    2.96266365e+01 3.04641953e+01 3.02693825e+01 3.01945667e+01
    2.91743164e+01 2.98382435e+01 3.04982224e+01 2.98833256e+01
    3.25232620e+01 3.19521675e+01 3.17081070e+01 2.95578861e+01
    3.25346107e+01 3.02893085e+01 3.04840813e+01 2.92267647e+01
    3.02194061e+01 2.94097137e+01 2.99913044e+01 3.24702454e+01
    3.04900360e+01 2.94891205e+01 3.01358738e+01 3.30359077e+01
    3.15334778e+01 3.05298634e+01 3.42165871e+01 3.10963821e+01
    3.18425961e+01 3.21634407e+01 3.23441658e+01 3.16503620e+01
    2.99829140e+01 3.18734303e+01 2.96509457e+01 2.96058254e+01
    3.07617760e+01 2.87302551e+01 3.00278912e+01 2.77788525e+01
    2.84196968e+01 2.92889156e+01 2.93921757e+01 3.05502110e+01
    3.08353634e+01 3.37151108e+01 3.16337833e+01 3.26642838e+01
    3.32812920e+01 3.26276970e+01 3.06149025e+01 3.26635857e+01
    3.13642159e+01 3.02338448e+01 3.03576469e+01 3.14500065e+01
    3.11850319e+01 2.97079620e+01 3.05285969e+01 2.94304562e+01
    3.23748970e+01 3.16011925e+01 3.01873512e+01 3.16990356e+01
    3.28473892e+01 3.17933998e+01 3.18841572e+01 3.14326935e+01
    3.02670135e+01 3.14852657e+01 3.02863998e+01 3.11563320e+01
    3.15272484e+01 3.13225803e+01 3.16636963e+01 3.03738003e+01
    2.96785278e+01 2.89553356e+01 2.92653828e+01 2.89877090e+01
    2.80257149e+01 2.71392040e+01 2.84466724e+01 2.68155327e+01
    2.76744785e+01 2.91430016e+01 3.10818367e+01 3.10257950e+01
    3.02742462e+01 3.18594570e+01 3.20574532e+01 3.06965580e+01
    3.37583008e+01 3.25012054e+01 3.40185242e+01 3.18760986e+01
    3.25732384e+01 3.32286644e+01 3.11040802e+01 3.09011955e+01
    3.10294838e+01 3.00392475e+01 3.02394428e+01 3.01891384e+01
    2.89712276e+01 3.11220989e+01 2.96665745e+01 3.01276779e+01
    2.89664898e+01 2.94333019e+01 3.24542122e+01 3.18615913e+01
    3.14149132e+01 3.25783043e+01 3.22158890e+01 3.20233421e+01
    3.22228966e+01 3.09293365e+01 3.12549496e+01 2.94716511e+01
    2.90024509e+01 2.87514172e+01 2.98980198e+01 2.88391876e+01
    2.88715992e+01 2.77103901e+01 2.84472713e+01 2.83849773e+01
    2.78624973e+01 2.89962788e+01 2.88283844e+01 3.16582413e+01
    3.00873260e+01 2.95284195e+01 3.17823429e+01 3.04920788e+01
    3.11711769e+01 2.94852753e+01 3.19063416e+01 3.20135727e+01
    3.15997467e+01 3.30420990e+01 3.16764774e+01 3.13622017e+01
    3.11564503e+01 3.16066360e+01 3.37919235e+01 3.47097359e+01
    3.14005318e+01 3.10814972e+01 3.38526459e+01 2.94862862e+01
    3.01699333e+01 3.12785873e+01 3.09385052e+01 3.05094795e+01
    2.84989147e+01 2.98191566e+01 2.98449612e+01 3.09323463e+01
    3.16619434e+01 3.14661026e+01 3.12701912e+01 3.45786629e+01
    3.40640869e+01 3.42414970e+01 3.35646477e+01 3.23652916e+01
    3.29238205e+01 3.16640491e+01 3.14505939e+01 3.09585876e+01
    2.86449032e+01 3.05553303e+01 2.93797932e+01 2.92968483e+01
    2.83926411e+01 2.94598942e+01 2.86168022e+01 2.95712967e+01
    3.02700863e+01 3.14182892e+01 3.12935848e+01 3.05633526e+01
    2.89209785e+01 3.03123283e+01 3.05483265e+01 3.06199970e+01
    3.08740025e+01 3.09937820e+01 2.93766460e+01 3.04254417e+01
    3.04701099e+01 3.04604073e+01 3.32123985e+01 3.08519669e+01
    3.26870079e+01 3.18347340e+01 3.16038036e+01 3.08797188e+01
    3.09101906e+01 3.19844589e+01 3.02667427e+01 2.99387150e+01
    2.96105576e+01 2.94898148e+01 3.01786785e+01 3.12890701e+01
    2.93378067e+01 3.21356125e+01 3.12443562e+01 3.18799095e+01
    3.05348167e+01 3.26722717e+01 3.28047714e+01 3.01265411e+01
    3.25291939e+01 3.14032688e+01 3.13025055e+01 2.98054199e+01
    3.01992893e+01 3.08004608e+01 3.04037018e+01 3.07475109e+01
    3.00412102e+01 2.99335155e+01 2.98721848e+01 2.98110542e+01
    3.00430622e+01 2.73855534e+01 2.85920906e+01 3.00156727e+01
    2.89535103e+01 2.88492489e+01 2.90825062e+01 3.06693287e+01
    2.99563084e+01 2.97470284e+01 3.08015842e+01 2.81044464e+01
    2.72084808e+01 2.91878662e+01 2.93242569e+01 2.89376793e+01
    2.74406757e+01 2.81825066e+01 2.97715149e+01 2.95655994e+01
    3.06402130e+01 3.19246330e+01 2.95197487e+01 2.97092743e+01
    2.90363426e+01 3.09331837e+01 3.15542717e+01 3.08028793e+01
    3.17536659e+01 3.00027885e+01 3.16680984e+01 3.12797642e+01
    3.05254898e+01 3.09243584e+01 3.12826748e+01 2.97612076e+01
    3.15962601e+01 3.16101704e+01 3.11700916e+01 3.07062473e+01
    3.18901367e+01 3.15932236e+01 3.28823586e+01 3.22215614e+01
    3.34306564e+01 3.43911362e+01 3.33293610e+01 3.41260681e+01
    3.39096184e+01 3.23046951e+01 3.27367783e+01 2.97450314e+01
    2.83155193e+01 3.02957458e+01 2.89577770e+01 2.94796238e+01
    3.01210480e+01 2.99539833e+01 2.92357521e+01 2.79826069e+01
    2.99778805e+01 2.78622379e+01 2.83470287e+01 3.16390133e+01
    3.16523380e+01 3.36284790e+01 2.97433720e+01 3.16089668e+01
    3.03929787e+01 2.91930141e+01 3.25627594e+01 2.92761669e+01
    3.05432186e+01 3.06480522e+01 3.03008041e+01 2.90428753e+01
    3.22315178e+01 3.08240147e+01 3.40190544e+01 3.15779171e+01
    3.17574635e+01 3.21395721e+01 3.26353989e+01 3.27223129e+01
    3.18266907e+01 3.07466087e+01 2.95459137e+01 2.87365017e+01
    3.14299545e+01 2.95015240e+01 3.07371044e+01 3.09613705e+01
    3.16051922e+01 3.06866283e+01 3.05975971e+01 2.89959469e+01
    2.88372173e+01 2.87248592e+01 2.89511814e+01 2.74625206e+01
    2.83647823e+01 2.83662319e+01 2.96597538e+01 3.09153194e+01
    3.19864960e+01 3.13939438e+01 3.32913017e+01 3.08306484e+01
    3.08990822e+01 3.42093163e+01 3.27446518e+01 3.34926643e+01
    3.33849831e+01 3.20533180e+01 3.14374466e+01 3.07283287e+01
    3.15510254e+01 3.05992947e+01 2.87763500e+01 2.99981518e+01
    2.97553406e+01 3.00023212e+01 3.04191647e+01 3.14296684e+01
    2.89494228e+01 3.01210823e+01 2.98128109e+01 3.08268223e+01
    3.07205181e+01 3.04503479e+01 3.14220963e+01 3.28433952e+01
    3.21293297e+01 3.15125179e+01 3.22318077e+01 3.14994392e+01
    3.15823879e+01 3.01574631e+01 3.10857697e+01 2.88562984e+01
    2.89177647e+01 2.74539471e+01 2.94505749e+01 2.87706661e+01
    2.61649399e+01 2.66129208e+01 2.92431126e+01 2.82263012e+01
    2.83147507e+01 3.02980709e+01 3.04509602e+01 3.10113621e+01
    3.10628223e+01 3.02405167e+01 3.26920700e+01 2.95811710e+01
    3.28950157e+01 3.13282700e+01 3.25614319e+01 3.34409142e+01
    2.99047546e+01 3.22029610e+01 3.01766071e+01 3.07287254e+01
    3.38880806e+01 3.33882675e+01 3.44441528e+01 3.14698353e+01
    3.01587505e+01 3.03923874e+01 3.11412582e+01 3.06558323e+01
    3.15856876e+01 3.06951504e+01 2.95477409e+01 2.93229885e+01
    2.85891018e+01 3.01032696e+01 2.89053497e+01 3.07583256e+01
    3.30127792e+01 3.28235245e+01 3.22472649e+01 3.35765991e+01
    3.35077171e+01 3.29973717e+01 3.22150345e+01 3.26342659e+01
    3.19937859e+01 3.00970879e+01 3.13975563e+01 2.98056774e+01
    2.89337635e+01 3.12070293e+01 3.04678841e+01 2.95212517e+01
    2.74213619e+01 2.99804115e+01 2.97873077e+01 3.03645077e+01
    2.95608330e+01 2.92351074e+01 2.97287464e+01 2.94247551e+01
    2.88898220e+01 3.00784912e+01 3.06028957e+01 3.01429596e+01
    3.04558697e+01 3.00487385e+01 3.06821556e+01 3.18730240e+01
    3.22863617e+01 3.27836533e+01 3.27521210e+01 3.09184761e+01
    3.31852608e+01 3.10108166e+01 3.14505711e+01 3.14874134e+01
    3.08403435e+01 3.09218235e+01 3.06473122e+01 3.06946697e+01
    3.18891144e+01 3.09132042e+01 3.20748825e+01 3.03733101e+01
    3.16825447e+01 3.16247921e+01 3.09250088e+01 3.18239555e+01
    3.16818752e+01 3.12815113e+01 2.99641552e+01 3.16704044e+01
    3.04825764e+01 3.03544807e+01 3.01270351e+01 3.01488228e+01
    3.01917706e+01 3.04301834e+01 2.99014530e+01 3.09524899e+01
    3.20767212e+01 3.00743237e+01 2.89879475e+01 2.96664162e+01
    3.03525429e+01 3.00552292e+01 2.84426575e+01 2.88431358e+01
    3.00735378e+01 3.06430511e+01 2.86368961e+01 2.83398113e+01
    2.99320927e+01 2.99151478e+01 2.90147381e+01 2.91766396e+01
    2.91938629e+01 2.70259342e+01 2.90993805e+01 2.83232632e+01
    2.94580002e+01 3.26017647e+01 3.11043549e+01 3.03821793e+01
    3.10242004e+01 3.06508331e+01 2.97422314e+01 3.25622864e+01
    3.03215714e+01 3.27933998e+01 3.31711540e+01 3.06060429e+01
    3.26809998e+01 3.19347496e+01 3.28873138e+01 3.19171371e+01
    3.11498127e+01 3.09322338e+01 3.09585819e+01 3.11612072e+01
    3.25743980e+01 3.09057579e+01 3.07374725e+01 3.17727070e+01
    3.03666229e+01 3.15202408e+01 3.35638046e+01 3.17362728e+01
    3.23779793e+01 3.22969360e+01 3.32425003e+01 3.20562553e+01
    3.17828712e+01 3.14112911e+01 2.94887066e+01 3.07392254e+01
    3.07379913e+01 3.06947594e+01 3.14631271e+01 3.06982059e+01
    2.99520359e+01 2.89310875e+01 2.83416996e+01 2.85598526e+01
    3.00617332e+01 3.03853245e+01 3.25481682e+01 3.10795670e+01
    2.98351173e+01 3.26880569e+01 2.88054600e+01 2.89129238e+01
    3.04114647e+01 2.95807495e+01 2.97243977e+01 2.90330753e+01
    2.96523533e+01 2.97662125e+01 3.03755913e+01 2.98537846e+01
    3.31197243e+01 3.15752430e+01 3.12668419e+01 3.26596756e+01
    3.19485550e+01 3.17395058e+01 3.17641144e+01 3.14933243e+01
    2.98963966e+01 3.02993870e+01 3.15260334e+01 3.11235180e+01
    3.01316833e+01 3.06381016e+01 2.98836327e+01 2.98744221e+01
    3.08687038e+01 3.14732552e+01 3.13910275e+01 3.02370434e+01
    2.83643799e+01 2.70010109e+01 2.88935471e+01 2.87950363e+01
    3.10697803e+01 3.12674007e+01 3.18900070e+01 3.07442646e+01
    3.18119984e+01 3.12985821e+01 3.12702198e+01 3.12161007e+01
    3.33945847e+01 3.36490593e+01 3.28633881e+01 3.29262352e+01
    3.25445824e+01 3.02960205e+01 3.18979473e+01 3.23499298e+01
    3.15851116e+01 3.06477108e+01 3.09069080e+01 3.09948807e+01
    3.09307690e+01 3.15428467e+01 3.02473888e+01 3.18789768e+01
    3.07929077e+01 3.27349014e+01 3.17583580e+01 3.08938026e+01
    3.01247177e+01 3.20114365e+01 3.20033455e+01 3.16634636e+01
    3.21900787e+01 3.04171200e+01 3.36553421e+01 3.12504330e+01
    2.97166576e+01 2.90397148e+01 3.11927147e+01 2.87887688e+01
    2.90458698e+01 2.68979969e+01 2.79256096e+01 2.96442928e+01
    2.81030521e+01 2.71411934e+01 3.03539143e+01 3.14531212e+01
    3.05127850e+01 3.01924286e+01 3.11711025e+01 3.02415962e+01
    3.08510361e+01 3.01858540e+01 3.12540073e+01 3.07125568e+01
    3.33736649e+01 3.06717510e+01 3.27323112e+01 3.15642815e+01
    3.09461727e+01 3.18891354e+01 3.08954182e+01 3.29415932e+01
    3.20153770e+01 3.19778728e+01 3.18010426e+01 3.02274399e+01
    3.18092098e+01 2.95282364e+01 3.08999538e+01 3.00327835e+01
    3.03252201e+01 3.09596291e+01 3.12360992e+01 3.05545998e+01
    3.14465466e+01 3.13990364e+01 3.02031860e+01 3.26423187e+01
    3.45912552e+01 3.27444000e+01 3.35763931e+01 3.25794220e+01
    3.12760048e+01 3.13591003e+01 2.98234634e+01 3.09944878e+01
    3.08020210e+01 2.93155041e+01 3.02852135e+01 2.89581070e+01
    3.06130886e+01 2.89331627e+01 3.08011398e+01 3.14302597e+01
    2.82388382e+01 3.11709480e+01 2.89225273e+01 3.09793167e+01
    2.85188808e+01 2.85309372e+01 2.99780407e+01 3.10653286e+01
    3.07451839e+01 3.10540562e+01 3.00113773e+01 3.02994556e+01
    3.26632919e+01 3.12497234e+01 3.35215225e+01 3.42332687e+01
    3.28077164e+01 3.08612156e+01 3.32751923e+01 3.23830452e+01
    3.02994423e+01 3.25281677e+01 3.25031281e+01 3.04234753e+01
    3.01855602e+01 3.07272339e+01 2.98210602e+01 2.99588890e+01
    3.05435543e+01 2.93262424e+01 3.11320477e+01 3.14520664e+01
    3.22268410e+01 3.09745331e+01 3.25339050e+01 3.30667229e+01
    3.28823280e+01 2.94983196e+01 3.18428230e+01 3.24550934e+01
    3.03863907e+01 2.98519611e+01 3.12176476e+01 3.11660786e+01
    3.26659164e+01 3.10596161e+01 2.95226822e+01 3.05685139e+01
    3.24733200e+01 3.07629395e+01 3.11019516e+01 3.10950699e+01
    3.20781288e+01 3.01321487e+01 2.97757034e+01 3.10407581e+01
    3.06082287e+01 3.18910904e+01 2.88057652e+01 2.89969997e+01
    2.84088726e+01 2.76378174e+01 2.93887043e+01 2.91715393e+01
    2.88310146e+01 2.77509251e+01 3.02463665e+01 2.90266399e+01
    2.89847908e+01 2.98011932e+01 3.13523960e+01 3.00662003e+01
    3.00765820e+01 3.00557098e+01 3.04140854e+01 3.20609779e+01
    3.16660213e+01 3.26862335e+01 3.35793953e+01 3.11041336e+01
    3.21552162e+01 3.12416153e+01 3.07214584e+01 3.02223072e+01
    3.03367538e+01 3.17360897e+01 3.09799423e+01 3.12600193e+01
    3.09715691e+01 3.08349438e+01 3.15460358e+01 3.27478447e+01
    2.94927006e+01 3.24396744e+01 3.39408722e+01 3.18597050e+01
    3.30217857e+01 3.22883377e+01 3.27680588e+01 3.09836102e+01
    3.04225426e+01 3.13658943e+01 3.03823738e+01 3.02488422e+01
    3.11911945e+01 2.94010048e+01 3.12599239e+01 3.06643772e+01
    2.93571224e+01 3.12661285e+01 3.04430542e+01 3.16816177e+01
    3.26343346e+01 3.38826714e+01 3.32771988e+01 3.05983143e+01
    3.11998100e+01 3.03164177e+01 2.94335270e+01 2.86134014e+01
    2.86464195e+01 2.96310349e+01 3.10056839e+01 2.88023758e+01
    2.92864265e+01 3.11084461e+01 3.20803528e+01 3.04354649e+01
    3.03965111e+01 3.23417511e+01 3.24591370e+01 3.17532463e+01
    3.27608910e+01 3.10761719e+01 3.02307110e+01 3.03621864e+01
    3.05163975e+01 3.07918129e+01 2.94689693e+01 3.04009151e+01
    2.93678513e+01 3.04154644e+01 2.98675518e+01 2.92282162e+01
    3.15807762e+01 3.05990486e+01 2.93871193e+01 2.84998951e+01
    2.89241848e+01 2.88601398e+01 2.98471279e+01 3.28103218e+01
    3.20293732e+01 3.11499958e+01 3.10601196e+01 3.12667294e+01
    3.25212555e+01 3.26281891e+01 3.30410843e+01 3.19406738e+01
    3.37875099e+01 3.13665829e+01 3.20131454e+01 3.13354740e+01
    3.11542130e+01 2.92534599e+01 2.91710739e+01 3.05257111e+01
    2.84152451e+01 2.86999836e+01 3.08028507e+01 2.95351620e+01
    2.92805023e+01 2.94189415e+01 3.01657257e+01 3.09819775e+01
    3.13111706e+01 3.08334312e+01 2.97733307e+01 2.96757030e+01
    3.14008465e+01 3.18602886e+01 3.23873749e+01 3.20733643e+01
    3.14477501e+01 2.95976849e+01 3.09606400e+01 2.91740589e+01
    2.99737129e+01 2.75165615e+01 2.92959270e+01 2.82316513e+01
    2.77076168e+01 2.82175999e+01 2.83610306e+01 2.98373528e+01
    2.91948223e+01 3.05771980e+01 2.91234436e+01 3.25292931e+01
    3.19933453e+01 3.19378490e+01 3.15681400e+01 3.25148354e+01
    3.08098259e+01 3.19111176e+01 3.35941353e+01 3.24814034e+01
    3.23661461e+01 3.33140831e+01 3.24018517e+01 3.14403496e+01
    3.46739502e+01 3.27038231e+01 3.23731422e+01 3.30239716e+01
    3.24246826e+01 3.12080231e+01 3.16609154e+01 3.06563606e+01
    3.12533531e+01 3.04775581e+01 2.96081619e+01 3.03625660e+01
    2.96734047e+01 3.02558308e+01 3.09320240e+01 3.04456158e+01
    3.24123573e+01 3.30107193e+01 3.44135895e+01 3.17531090e+01
    3.34046516e+01 3.24343033e+01 3.31293564e+01 3.27418022e+01
    3.14838886e+01 3.14582500e+01 3.07034721e+01 3.28472786e+01
    2.82738380e+01 2.97384796e+01 3.11903114e+01 2.87411747e+01
    2.84221954e+01 2.80714531e+01 2.97021313e+01 3.07985458e+01
    2.88772240e+01 2.97300377e+01 2.96349907e+01 2.92931767e+01
    2.99897385e+01 3.07159672e+01 3.01135254e+01 3.04990482e+01
    3.22263603e+01 3.20052261e+01 3.13819008e+01 3.14673710e+01
    3.07628803e+01 3.13119926e+01 3.13630238e+01 3.11552582e+01
    3.14862576e+01 3.10873795e+01 3.14876995e+01 2.98372822e+01
    3.09745255e+01 2.89073200e+01 3.01196346e+01 2.97197628e+01
    2.81425781e+01 2.85838623e+01 2.90317345e+01 3.08415165e+01
    2.93555775e+01 3.10342464e+01 3.19915390e+01 3.21989632e+01
    3.01806965e+01 3.26949615e+01 3.19860325e+01 3.11199932e+01
    3.06618977e+01 3.12027187e+01 3.00769424e+01 3.22049980e+01
    3.13762760e+01 3.07437325e+01 3.21120415e+01 2.98765945e+01
    3.16008930e+01 3.19572887e+01 3.02462463e+01 3.07849045e+01
    3.28054504e+01 3.31117096e+01 3.07157192e+01 2.98378353e+01
    3.19164791e+01 3.06686459e+01 3.02868214e+01 3.00279503e+01
    2.93225307e+01 2.76207581e+01 2.90535431e+01 2.90273914e+01
    2.83431244e+01 2.90373955e+01 2.72266903e+01 2.82473507e+01
    2.76315403e+01 2.90568600e+01 2.92884293e+01 3.05093555e+01
    2.99449883e+01 3.09745655e+01 3.14950562e+01 3.16351395e+01
    3.12196465e+01 3.23360481e+01 3.24813194e+01 3.22373962e+01
    3.33213348e+01 3.11955013e+01 3.30666885e+01 3.20369949e+01
    3.14339771e+01 3.12959843e+01 3.26665382e+01 3.06210880e+01
    3.14595604e+01 3.13851070e+01 3.29823303e+01 3.19841995e+01
    3.10708141e+01 2.97895393e+01 3.15514793e+01 3.13377857e+01
    3.02330513e+01 3.12595463e+01 3.11075897e+01 3.25295486e+01
    3.10627441e+01 3.02288551e+01 3.12358627e+01 3.04008350e+01
    2.99540768e+01 3.11741543e+01 3.19247589e+01 3.04209347e+01
    3.24212494e+01 3.05828838e+01 3.07863426e+01 2.98305073e+01
    3.07662411e+01 3.21181641e+01 3.08952980e+01 3.21258049e+01
    3.12738190e+01 3.25208206e+01 3.01559391e+01 3.12268333e+01
    2.98272247e+01 2.89094067e+01 3.04267979e+01 2.99224968e+01
    2.88212471e+01 3.02845135e+01 3.17114201e+01 3.03271751e+01
    3.32049446e+01 3.07472916e+01 3.31490440e+01 3.18092613e+01
    3.11126366e+01 3.30700417e+01 3.15566654e+01 3.27868347e+01
    2.99242706e+01 2.96194172e+01 3.03901119e+01 2.93693943e+01
    3.10475159e+01 2.97665024e+01 2.96756020e+01 3.20145416e+01
    2.87456779e+01 3.08845749e+01 3.28378754e+01 3.05165882e+01
    3.13731518e+01 2.90748463e+01 2.76101913e+01 2.76266098e+01
    3.01234112e+01 3.08443699e+01 3.01459198e+01 3.09778633e+01
    3.18838177e+01 3.09877625e+01 3.09220562e+01 3.23974037e+01
    3.29087067e+01 3.05471649e+01 3.20804138e+01 3.18025169e+01
    3.10222340e+01 2.89413471e+01 2.92647686e+01 2.72552643e+01
    2.79769268e+01 2.85350266e+01 2.74270172e+01 2.76838951e+01
    2.79308319e+01 2.79915314e+01 2.87779865e+01 2.88063660e+01
    2.89229927e+01 2.98283482e+01 2.97727833e+01 2.98954563e+01
    3.04835739e+01 2.93882046e+01 3.11279583e+01 3.07499390e+01
    3.07551842e+01 3.10017605e+01 3.09130058e+01 2.82023773e+01
    2.89088039e+01 2.81841793e+01 2.95811577e+01 2.83599205e+01
    2.85645885e+01 2.75260944e+01 2.53156185e+01 2.92539711e+01
    2.90140781e+01 2.78401337e+01 2.83303337e+01 3.01095943e+01
    2.95423679e+01 3.17057018e+01 3.13607845e+01 3.20402565e+01
    3.21926308e+01 3.06873322e+01 3.15727062e+01 3.17266216e+01
    3.19805679e+01 3.15132942e+01 3.20531883e+01 3.26852341e+01
    3.14329433e+01 3.30782471e+01 3.08440018e+01 3.30558014e+01
    3.28710480e+01 3.07787552e+01 3.34021950e+01 3.05307655e+01
    3.13835201e+01 3.03613415e+01 3.38272820e+01 2.92691460e+01
    3.11994305e+01 3.08007965e+01 2.93825607e+01 2.86873131e+01
    2.85983028e+01 3.16873264e+01 3.17380772e+01 3.09603424e+01
    3.19847984e+01 3.18997269e+01 3.31482658e+01 3.16781101e+01
    3.21909523e+01 3.12173233e+01 3.09445820e+01 3.05468769e+01
    3.27817688e+01 2.97665997e+01 2.97898521e+01 3.05644608e+01
    2.89790955e+01 2.71703033e+01 2.91147594e+01 2.98367367e+01
    3.00751991e+01 2.97796879e+01 2.93489494e+01 3.02001343e+01
    3.09770031e+01 3.03802643e+01 2.90472469e+01 3.04291801e+01
    3.14356823e+01 3.15365486e+01 2.93850746e+01 3.24496002e+01
    3.13370304e+01 2.92834797e+01 3.21675339e+01 3.31115189e+01
    3.08053646e+01 3.10630569e+01 3.25497169e+01 3.13006573e+01
    3.08209457e+01 3.11072922e+01 3.11111526e+01 3.04290466e+01
    3.00705547e+01 2.89839973e+01 2.84066658e+01 3.10122013e+01
    2.94579487e+01 2.92962265e+01 3.08379879e+01 3.14661942e+01
    3.11028614e+01 3.05562325e+01 3.19832420e+01 3.34070206e+01
    3.23317642e+01 3.12919559e+01 3.11582661e+01 3.11705780e+01
    3.04401379e+01 3.11164837e+01 3.09849949e+01 3.19338322e+01
    3.14046402e+01 3.25164452e+01 3.11939278e+01 3.08999863e+01
    3.23976402e+01 3.11676445e+01 3.11096535e+01 3.10782108e+01
    3.07503567e+01 3.10873337e+01 2.98905468e+01 3.03697338e+01
    3.02073002e+01 2.89644260e+01 2.73007317e+01 2.78036423e+01
    2.88267765e+01 2.68627338e+01 2.92353554e+01 3.05980167e+01
    2.75397682e+01 2.78732338e+01 2.93010674e+01 3.10276508e+01
    3.07137222e+01 3.01159554e+01 3.05322552e+01 3.18878479e+01
    3.11168232e+01 3.18031273e+01 3.12657051e+01 3.21616554e+01
    3.21623268e+01 3.21447525e+01 3.42789688e+01 3.29857140e+01
    3.14424858e+01 3.28642044e+01 3.40168915e+01 3.31656342e+01
    3.27525902e+01 3.10880222e+01 3.25582809e+01 3.19902382e+01
    3.18549271e+01 2.96292706e+01 3.18251419e+01 3.19278698e+01
    2.93437901e+01 3.15010281e+01 3.17120323e+01 3.19934998e+01
    3.28851738e+01 3.29977989e+01 3.17001877e+01 3.14331322e+01
    2.96993294e+01 3.19184303e+01 3.12698231e+01 2.97126923e+01
    3.04590969e+01 3.08553867e+01 3.00417995e+01 3.00707493e+01
    3.20407333e+01 3.02860126e+01 3.08239288e+01 3.03051014e+01
    3.19610672e+01 3.13803024e+01 3.27382622e+01 3.30752144e+01
    2.99160213e+01 3.10473137e+01 2.98302898e+01 3.09324017e+01
    2.99805126e+01 2.93912659e+01 3.08200073e+01 3.17073288e+01
    3.05396938e+01 3.19942436e+01 3.24754333e+01 3.16493759e+01
    3.15353889e+01 3.03596592e+01 3.20364723e+01 3.11856880e+01
    3.16456566e+01 3.17290401e+01 2.86222286e+01 2.93697948e+01
    3.04620266e+01 3.04727802e+01 3.08104439e+01 3.05997982e+01
    3.09050865e+01 3.09163094e+01 2.86551952e+01 3.06322956e+01
    3.13006630e+01 3.32322388e+01 3.03473034e+01 2.84047260e+01
    2.88158073e+01 2.79416656e+01 2.67742348e+01 3.11875305e+01
    3.14448471e+01 3.11197987e+01 2.99515324e+01 3.07134075e+01
    3.15935249e+01 3.17931919e+01 3.36618462e+01 3.26271362e+01
    3.29671974e+01 3.11291218e+01 3.05772038e+01 3.01372814e+01
    2.77470798e+01 2.81016140e+01 2.93819580e+01 2.72843876e+01
    2.86593914e+01 2.76742134e+01 2.94807606e+01 2.76474915e+01
    2.78628387e+01 2.79044285e+01 2.78494816e+01 3.07798977e+01
    3.08244019e+01 3.02534657e+01 3.01717072e+01 3.07511082e+01
    3.03693657e+01 3.15422459e+01 2.99393711e+01 3.04609585e+01
    3.17139912e+01 2.89881039e+01 2.98325291e+01 2.78397694e+01
    2.99217834e+01 2.78990993e+01 2.79824562e+01 2.65102444e+01
    2.68841591e+01 2.73441696e+01 2.71637211e+01 2.92410583e+01
    2.87741356e+01 2.92845516e+01 3.20708275e+01 3.12520809e+01
    3.00998001e+01 3.39546432e+01 3.20897446e+01 3.10979939e+01
    3.13319206e+01 3.18842335e+01 3.29567528e+01 3.27765007e+01
    3.34162712e+01 3.14248734e+01 3.16631737e+01 3.24916534e+01
    3.23778763e+01 3.42812881e+01 3.08980293e+01 3.26034317e+01
    3.20292892e+01 3.24395943e+01 3.15866642e+01 3.06173553e+01
    3.06022663e+01 2.93654766e+01 3.07365532e+01 2.86280766e+01
    3.06371841e+01 3.05360451e+01 2.92776222e+01 2.91667595e+01
    3.04200287e+01 3.19533195e+01 3.24309769e+01 3.28131866e+01
    3.43111115e+01 3.10368462e+01 3.19080086e+01 3.37238350e+01
    3.22053146e+01 3.10900574e+01 3.17057285e+01 3.11558990e+01
    3.06712894e+01 3.03124657e+01 3.04934387e+01 2.88691826e+01
    2.99390945e+01 2.92285538e+01 3.01006203e+01 3.07600994e+01
    3.14947453e+01 2.97460575e+01 3.03719521e+01 3.21592636e+01
    3.05972366e+01 3.12804852e+01 3.10220413e+01 3.12375507e+01
    2.99378147e+01 2.96900482e+01 3.04510632e+01 3.17733803e+01
    3.05408039e+01 3.03866615e+01 3.14019527e+01 3.40052795e+01
    3.11217880e+01 2.94188862e+01 3.09882011e+01 3.14367523e+01
    2.80622234e+01 3.00686874e+01 3.10894794e+01 2.80828037e+01
    2.84128723e+01 2.80489712e+01 2.89546795e+01 2.74286842e+01
    3.08644848e+01 3.03290977e+01 3.06566257e+01 3.08624153e+01
    3.16529541e+01 3.22230988e+01 3.12200603e+01 3.37740898e+01
    3.22471504e+01 3.27252922e+01 3.07368336e+01 3.27071419e+01
    3.11623268e+01 3.08892212e+01 3.12228832e+01 3.18058510e+01
    3.03881245e+01 3.19171257e+01 3.12683773e+01 3.00450039e+01
    3.05181961e+01 2.99706745e+01 3.06496735e+01 3.02867165e+01
    2.95427608e+01 2.84975948e+01 2.86292381e+01 2.74538860e+01
    2.68775806e+01 2.70938740e+01 2.70330753e+01 2.79235077e+01
    2.95027790e+01 2.72432232e+01 2.83107719e+01 2.84758549e+01
    3.01288376e+01 3.02064095e+01 3.00085449e+01 3.18062592e+01
    3.02490520e+01 3.11331615e+01 3.00043221e+01 3.16566525e+01
    3.25256615e+01 3.28616905e+01 3.15775909e+01 3.35603638e+01
    3.28657036e+01 3.30688400e+01 3.56441231e+01 3.37010345e+01
    3.28685417e+01 3.42889175e+01 3.38746986e+01 3.19169655e+01
    3.19618626e+01 3.00835590e+01 3.19550686e+01 3.03993721e+01
    3.23868828e+01 2.94692097e+01 3.07649689e+01 3.31642418e+01
    3.14950619e+01 3.25860252e+01 3.16279297e+01 3.18841572e+01
    3.08731976e+01 3.01973076e+01 2.99390774e+01 3.14892635e+01
    3.19449940e+01 3.11068668e+01 3.18271465e+01 2.96857681e+01
    3.13021679e+01 3.03769016e+01 3.09633121e+01 3.07663689e+01
    3.21933823e+01 3.21739998e+01 3.30787468e+01 3.01205196e+01
    3.07943287e+01 3.25227814e+01 3.09760647e+01 3.18333416e+01
    3.17492161e+01 3.09715881e+01 3.02515125e+01 3.04422607e+01
    3.05020714e+01 3.06566200e+01 3.16918697e+01 3.10818481e+01
    3.12308197e+01 3.20790977e+01 3.09833374e+01 3.06997890e+01
    3.21559372e+01 3.16109104e+01 3.15633698e+01 2.90638294e+01
    3.07073803e+01 2.91806965e+01 3.00440025e+01 3.07363510e+01
    3.08968639e+01 3.11292267e+01 2.93081779e+01 3.09638443e+01
    3.05097542e+01 3.00486355e+01 2.88645706e+01 3.18470230e+01
    3.04815235e+01 2.93834057e+01 2.85591087e+01 2.86255131e+01
    2.87544537e+01 3.03760433e+01 3.09640846e+01 3.20032578e+01
    3.20529327e+01 3.07259998e+01 3.21743240e+01 3.37063065e+01
    3.44357338e+01 3.32825584e+01 3.27482262e+01 3.23415489e+01
    3.05537128e+01 2.99603958e+01 2.94748020e+01 2.81279259e+01
    2.96815186e+01 2.70520363e+01 2.81429195e+01 2.78556042e+01
    2.82203026e+01 2.78214855e+01 2.73200512e+01 2.86245441e+01
    2.78137436e+01 2.97473125e+01 2.92059269e+01 3.11686935e+01
    3.06305695e+01 3.17774525e+01 3.16531200e+01 3.02765274e+01
    3.18816490e+01 3.35061073e+01 3.10179977e+01 3.09117775e+01
    3.12099247e+01 2.80825062e+01 3.06649990e+01 2.84801712e+01
    3.06313858e+01 2.64110184e+01 2.89177284e+01 2.77433434e+01
    2.91109810e+01 2.98916626e+01 3.01047497e+01 2.98745823e+01
    3.13252983e+01 3.06331196e+01 3.19220238e+01 3.27551689e+01
    3.15566730e+01 3.08603039e+01 3.11218243e+01 3.20865211e+01
    3.07599487e+01 3.19769192e+01 3.12680359e+01 3.06087551e+01
    3.18607559e+01 3.14373837e+01 3.21569901e+01 3.18342876e+01
    3.20228920e+01 3.16921349e+01 3.09990501e+01 3.05534649e+01
    3.00796261e+01 3.16374836e+01 3.02208786e+01 2.95497551e+01
    2.95336609e+01 3.05590324e+01 3.06174717e+01 3.00452614e+01
    2.95516148e+01 2.88412323e+01 3.01111584e+01 3.12548370e+01
    3.21407089e+01 3.05687084e+01 3.22335854e+01 2.93275852e+01
    3.23713417e+01 2.87775707e+01 2.91364098e+01 2.99459763e+01
    2.96988182e+01 3.02610416e+01 2.76908875e+01 3.01947880e+01
    2.82737160e+01 2.82966499e+01 2.97809696e+01 2.92124252e+01
    2.99953976e+01 3.25964584e+01 2.98029289e+01 3.00622597e+01
    3.01147575e+01 3.10372810e+01 3.01295090e+01 3.03733826e+01
    3.06324463e+01 2.92480373e+01 3.13295689e+01 2.98856163e+01
    2.99123497e+01 2.94046879e+01 3.11861038e+01 3.26514549e+01
    3.04422836e+01 3.07433147e+01 3.12645874e+01 3.09473934e+01
    2.93010540e+01 3.01326656e+01 3.12207336e+01 2.98442955e+01
    2.96866627e+01 2.90904064e+01 2.70956650e+01 2.62832355e+01
    2.79852409e+01 2.73404160e+01 2.84011326e+01 3.04523125e+01
    2.99566116e+01 3.03513756e+01 3.17874126e+01 3.30556183e+01
    3.42355804e+01 3.40684929e+01 3.26381950e+01 3.34438820e+01
    3.35510864e+01 3.40333519e+01 3.33833733e+01 3.23963547e+01
    3.09986458e+01 2.87388210e+01 3.04818382e+01 3.02886162e+01
    2.95627918e+01 2.96700325e+01 3.07932606e+01 3.05178738e+01
    2.91571407e+01 3.01734257e+01 3.12230549e+01 3.16533718e+01
    3.08025761e+01 2.94557457e+01 2.82779255e+01 3.00332890e+01
    2.79546432e+01 2.90597610e+01 2.99225368e+01 2.97512417e+01
    3.01506634e+01 2.87260571e+01 2.91262341e+01 3.08394642e+01
    3.11284866e+01 3.18457451e+01 3.28631516e+01 3.02881908e+01
    3.12312756e+01 3.20272331e+01 3.23394165e+01 3.24839020e+01
    3.24363747e+01 3.50803986e+01 3.32321472e+01 3.44930649e+01
    3.17778225e+01 3.20415726e+01 3.30836258e+01 3.21073380e+01
    3.20486336e+01 3.29527817e+01 3.18222675e+01 2.99823895e+01
    3.32310295e+01 2.94320698e+01 2.99334469e+01 3.12576962e+01
    3.16374054e+01 3.19023476e+01 3.07718372e+01 3.19777088e+01
    3.13140831e+01 3.02421017e+01 3.03970833e+01 3.07059174e+01
    3.01080341e+01 3.10454865e+01 3.09260559e+01 3.16572037e+01
    3.04305305e+01 3.13149319e+01 3.07337132e+01 2.99970894e+01
    3.03691025e+01 3.16620941e+01 3.12155552e+01 2.98416691e+01
    3.09352551e+01 3.04047947e+01 3.21895180e+01 2.95708675e+01
    3.17324467e+01 3.03638210e+01 2.98057003e+01 3.08319111e+01
    3.06591263e+01 3.06467419e+01 3.16160107e+01 3.12542877e+01
    3.07119656e+01 3.18870926e+01 3.22967110e+01 3.07558651e+01
    3.25867844e+01 3.15041294e+01 3.13497944e+01 3.01346874e+01
    2.98329601e+01 3.12513390e+01 2.98769569e+01 2.76341724e+01
    3.07893944e+01 2.88183346e+01 2.91675205e+01 3.01813469e+01
    3.00497570e+01 2.93694324e+01 2.99686584e+01 2.95486183e+01
    3.13556557e+01 2.98530712e+01 2.98367767e+01 2.77976227e+01
    2.93773785e+01 3.06676826e+01 2.83089752e+01 3.18287697e+01
    3.08354454e+01 3.11932716e+01 3.16066322e+01 3.31947212e+01
    3.33952217e+01 3.42441711e+01 3.57990112e+01 3.62105789e+01
    3.40512276e+01 3.39409676e+01 3.28467216e+01 3.23724976e+01
    3.05123158e+01 3.25943489e+01 3.09142399e+01 2.86025448e+01
    2.83164291e+01 2.81776581e+01 2.80931835e+01 2.87364426e+01
    2.77671585e+01 2.90948181e+01 2.94671593e+01 2.95963058e+01
    3.07359524e+01 3.07996292e+01 2.96543026e+01 3.27061882e+01
    3.25465279e+01 3.22135429e+01 3.17075996e+01 3.40465202e+01
    3.32857513e+01 3.18222637e+01 3.23349648e+01 3.09462910e+01
    3.04851837e+01 3.11049023e+01 2.93565502e+01 2.89319210e+01
    3.10673466e+01 2.98198586e+01 3.06372910e+01 2.98028355e+01
    2.98367939e+01 3.01974316e+01 3.16455288e+01 3.07598972e+01
    3.09235096e+01 3.15624962e+01 3.40801506e+01 3.17155857e+01
    3.15438404e+01 3.12701015e+01 3.33744392e+01 3.20755463e+01
    3.18493004e+01 3.09766750e+01 3.18904686e+01 3.12587299e+01
    3.17704849e+01 3.19821587e+01 3.10486221e+01 3.19383163e+01
    3.07257271e+01 2.93865395e+01 2.93315525e+01 2.90160446e+01
    3.12648983e+01 2.97398796e+01 3.07116394e+01 3.03775158e+01
    3.06586704e+01 2.92777309e+01 2.85160370e+01 2.74013958e+01
    2.93719673e+01 3.06279564e+01 3.10054741e+01 3.09731712e+01
    3.17810726e+01 2.99324322e+01 3.00110378e+01 2.96565647e+01
    3.02914886e+01 2.96598377e+01 3.25743408e+01 3.04077206e+01
    2.91460800e+01 3.25617828e+01 3.07904873e+01 3.07381496e+01
    3.05458164e+01 3.08522663e+01 3.08963928e+01 3.03398209e+01
    3.04220333e+01 3.16231174e+01 3.03359699e+01 3.00996342e+01
    3.08498878e+01 3.16200027e+01 3.09035263e+01 3.16422787e+01
    3.04159851e+01 3.07532997e+01 2.89175091e+01 3.20879784e+01
    3.35005493e+01 2.98473797e+01 3.32130165e+01 3.20218697e+01
    3.10777836e+01 3.14765511e+01 3.15803680e+01 3.18939075e+01
    3.19766464e+01 3.10535450e+01 3.10987949e+01 2.82401791e+01
    3.00776367e+01 2.81160278e+01 2.82196083e+01 2.89321480e+01
    2.91950741e+01 3.09746246e+01 3.10672092e+01 3.12024422e+01
    3.11148987e+01 3.30165749e+01 3.25832710e+01 3.36932869e+01
    3.48944740e+01 3.39143791e+01 3.47079659e+01 3.35582695e+01
    3.22972565e+01 3.02970219e+01 2.98279762e+01 2.97435303e+01
    2.85711918e+01 3.03266487e+01 2.98377132e+01 3.23397598e+01
    3.01706638e+01 2.91696949e+01 3.20002747e+01 3.16409435e+01
    3.03347397e+01 3.18375225e+01 3.18338070e+01 2.91154575e+01
    3.00432549e+01 2.81439972e+01 2.79778290e+01 2.94186153e+01
    2.88204079e+01 3.10063343e+01 2.87555561e+01 2.95958881e+01
    2.74955559e+01 3.23625870e+01 3.14820576e+01 3.11326866e+01
    3.33590851e+01 3.19885120e+01 3.09503021e+01 3.02295723e+01
    3.15752125e+01 3.16988850e+01 3.37441902e+01 3.35854836e+01
    3.26520462e+01 3.13230152e+01 3.26733360e+01 3.25504227e+01
    3.13599548e+01 3.24516106e+01 3.23135185e+01 3.17136478e+01
    3.20108871e+01 2.96174965e+01 3.10242424e+01 2.95791988e+01
    3.13688049e+01 2.87934093e+01 3.12969093e+01 3.10805950e+01
    2.98350239e+01 3.10918064e+01 2.99681797e+01 2.99160309e+01
    3.06939487e+01 3.00307713e+01 2.99959469e+01 3.10145531e+01
    2.98709183e+01 3.09675312e+01 2.98235550e+01 3.01882782e+01
    3.03239307e+01 3.10033436e+01 3.10506420e+01 2.95851669e+01
    3.04852104e+01 2.96129246e+01 2.96954651e+01 2.96568184e+01
    2.90481319e+01 3.00442581e+01 2.97488422e+01 3.12816887e+01
    3.12081203e+01 3.09527740e+01 3.13820248e+01 3.24909859e+01
    3.18731422e+01 3.15169220e+01 3.20006866e+01 3.11541214e+01
    3.12948570e+01 3.25133438e+01 3.09530621e+01 3.15045757e+01
    3.20538063e+01 3.01979618e+01 3.15908604e+01 2.98027802e+01
    2.87204437e+01 2.91223011e+01 3.00835533e+01 2.90065041e+01
    2.96837158e+01 2.94690056e+01 2.82331276e+01 2.74795856e+01
    2.99078484e+01 2.96526108e+01 2.92909412e+01 3.07860394e+01
    3.16780605e+01 2.90824547e+01 3.02974205e+01 2.93983746e+01
    3.12416706e+01 3.27826424e+01 3.25468292e+01 3.42098694e+01
    3.36989670e+01 3.33438683e+01 3.41515350e+01 3.61252518e+01
    3.56512222e+01 3.49473839e+01 3.67443695e+01 3.64422836e+01
    3.51663170e+01 3.28800926e+01 3.15663681e+01 3.25821762e+01
    2.98405170e+01 3.21079102e+01 2.98608170e+01 2.95957661e+01
    3.09362984e+01 3.01937485e+01 3.00030079e+01 2.86870975e+01
    2.97591419e+01 3.09509659e+01 3.01759510e+01 3.14140224e+01
    3.11976776e+01 3.23932037e+01 3.28370590e+01 3.29762497e+01
    3.30443153e+01 3.33284149e+01 3.25171776e+01 3.41323357e+01
    3.22173233e+01 3.08572025e+01 3.23630829e+01 3.00909634e+01
    3.15428600e+01 3.10956287e+01 3.07361622e+01 2.94780579e+01
    2.92390366e+01 2.95816250e+01 3.11528187e+01 2.94751015e+01
    3.03573818e+01 3.02479763e+01 3.31551895e+01 3.15258694e+01
    3.21407700e+01 3.42674828e+01 3.18664341e+01 3.15189629e+01
    3.27227440e+01 3.34162407e+01 3.13169098e+01 3.33780670e+01
    3.27623520e+01 3.05629177e+01 3.17936897e+01 2.99154816e+01
    3.11915798e+01 2.98826008e+01 2.98818398e+01 2.97898712e+01
    2.81857567e+01 2.85335484e+01 3.05042725e+01 2.75088272e+01
    2.82910461e+01 2.89897976e+01 2.86715183e+01 2.89411602e+01
    2.90759945e+01 2.81650963e+01 2.79900532e+01 2.90197678e+01
    2.90528812e+01 3.06066952e+01 3.04127617e+01 2.79077950e+01
    3.07392578e+01 2.97074451e+01 2.92815876e+01 2.93675346e+01
    3.14406872e+01 2.89598370e+01 3.17064762e+01 3.19336109e+01
    2.90870914e+01 2.94392242e+01 3.03180962e+01 2.88456364e+01
    3.11131897e+01 3.17536030e+01 3.15075226e+01 2.78439293e+01
    2.81738625e+01 3.01026268e+01 2.90349770e+01 3.08907166e+01
    3.11244965e+01 3.07896461e+01 3.12369423e+01 3.04829750e+01
    2.96090202e+01 2.98842716e+01 3.10297356e+01 3.17455196e+01
    3.06370068e+01 3.27291451e+01 3.32600327e+01 3.27170334e+01
    3.27075844e+01 3.16601124e+01 3.20551720e+01 3.29805450e+01
    2.98338280e+01 2.94282169e+01 2.97318249e+01 2.72457886e+01
    2.78918991e+01 2.82249851e+01 2.97405987e+01 2.85746040e+01
    3.11599808e+01 3.00719833e+01 3.13915558e+01 3.01264362e+01
    3.27881126e+01 3.54071541e+01 3.29880333e+01 3.47649040e+01
    3.34007263e+01 3.65212135e+01 3.44074020e+01 3.27564049e+01
    2.82969189e+01 2.77730885e+01 3.04710560e+01 2.89062538e+01
    2.89520988e+01 2.87360382e+01 3.09094048e+01 3.05899487e+01
    2.99845467e+01 3.02366257e+01 3.21234703e+01 3.15304127e+01
    3.02719879e+01 2.95981655e+01 2.97788639e+01 2.75314274e+01
    2.86938801e+01 2.96594486e+01 2.93184681e+01 3.03055916e+01
    3.07613239e+01 3.05226707e+01 2.93769073e+01 3.15600395e+01
    3.17872658e+01 3.19402351e+01 3.33820801e+01 3.08742065e+01
    3.05563374e+01 3.07922344e+01 2.91009731e+01 3.22093697e+01
    3.20869293e+01 3.15060215e+01 3.08694363e+01 3.18347149e+01
    3.14112511e+01 3.19341888e+01 3.28730583e+01 3.25121994e+01
    3.14970531e+01 3.35463028e+01 3.25746536e+01 3.09798584e+01
    3.31226044e+01 3.10359840e+01 2.91515160e+01 2.83512688e+01
    3.06966763e+01 3.01425247e+01 2.96378880e+01 3.00987053e+01
    3.05720329e+01 3.08307457e+01 3.00590496e+01 2.89787865e+01
    2.96435890e+01 2.93860645e+01 2.95983028e+01 3.00284100e+01
    2.83719711e+01 3.09295139e+01 3.13188572e+01 2.86322403e+01
    2.92795486e+01 2.87979870e+01 2.90486393e+01 3.08254452e+01
    2.93004684e+01 3.06477013e+01 3.15931797e+01 3.32062645e+01
    3.02672081e+01 3.14834480e+01 3.27089157e+01 3.20362587e+01
    3.07692471e+01 3.21874886e+01 3.18298759e+01 3.06570454e+01
    3.16418724e+01 3.21081543e+01 3.05940933e+01 3.05053749e+01
    2.84008865e+01 3.14714222e+01 3.18604088e+01 2.92061539e+01
    2.96023445e+01 2.90701809e+01 2.95173264e+01 2.65092831e+01
    2.98750496e+01 2.93600960e+01 2.82327213e+01 2.90418530e+01
    2.76775608e+01 2.94388084e+01 2.79954319e+01 2.97036724e+01
    3.07036533e+01 3.10799942e+01 2.94231567e+01 2.81832066e+01
    3.12589226e+01 2.95218964e+01 3.22692833e+01 3.28509407e+01
    3.30551262e+01 3.26232262e+01 3.36746597e+01 3.42393265e+01
    3.25282936e+01 3.36166382e+01 3.48661766e+01 3.63437424e+01
    3.47489510e+01 3.52311325e+01 3.39952316e+01 3.12204361e+01
    3.10946732e+01 3.22767944e+01 3.17704182e+01 3.18761196e+01
    3.00033226e+01 3.02870426e+01 3.01820469e+01 2.88117542e+01
    3.02199688e+01 3.01610107e+01 3.03113575e+01 3.08709908e+01
    3.05140266e+01 3.06408234e+01 2.97118282e+01 3.27078896e+01
    3.21056633e+01 3.19911308e+01 3.25221634e+01 3.21010323e+01
    3.34731522e+01 3.33604393e+01 3.21525879e+01 3.23048859e+01
    3.28619995e+01 3.16196976e+01 3.13330994e+01 3.02412987e+01
    3.01726952e+01 3.01940117e+01 3.06652851e+01 2.91585464e+01
    2.90606365e+01 3.10720024e+01 3.05774117e+01 2.94828396e+01
    3.22230988e+01 3.07373581e+01 3.20966568e+01 3.19096832e+01
    3.14342518e+01 3.30446739e+01 3.27002411e+01 3.38565979e+01
    3.28472404e+01 3.25488091e+01 3.16125317e+01 3.18660603e+01
    3.09715214e+01 2.92940903e+01 3.03798141e+01 2.91496868e+01
    3.20202789e+01 2.77001247e+01 2.85949135e+01 3.00646400e+01
    3.00641003e+01 2.78160915e+01 2.91738186e+01 2.89711227e+01
    2.90882511e+01 2.78095665e+01 2.95300999e+01 2.78495903e+01
    2.84816628e+01 2.89722443e+01 2.90721321e+01 2.91476707e+01
    3.09833527e+01 3.11322422e+01 3.09230328e+01 2.89047737e+01
    3.04666443e+01 3.05524902e+01 3.22154236e+01 3.16218929e+01
    3.02987251e+01 2.96568146e+01 2.98065414e+01 2.95262947e+01
    2.85363617e+01 3.03567581e+01 2.97823658e+01 2.98694801e+01
    3.06205425e+01 3.15040321e+01 3.13626671e+01 2.98307610e+01
    3.10559082e+01 3.12719326e+01 3.05612621e+01 3.09832973e+01
    3.13427296e+01 3.16727486e+01 2.96034222e+01 3.01726131e+01
    3.24359016e+01 3.14820080e+01 3.22682877e+01 3.22508545e+01
    3.21066513e+01 3.22321434e+01 3.21744919e+01 3.23353920e+01
    3.16548691e+01 3.05289955e+01 3.17972527e+01 2.98528004e+01
    2.82981014e+01 2.93161716e+01 2.74501743e+01 2.58319054e+01
    2.79992218e+01 2.92641010e+01 2.87650528e+01 2.90204239e+01
    3.08320427e+01 3.13702126e+01 3.23432426e+01 3.23707390e+01
    3.32937012e+01 3.57822914e+01 3.52884598e+01 3.53940506e+01
    3.27911110e+01 3.38184929e+01 2.99452190e+01 3.02443428e+01
    3.05423088e+01 2.86133804e+01 2.92988434e+01 3.01083565e+01
    3.03775253e+01 2.81124191e+01 3.17621422e+01 2.91981602e+01
    3.05200405e+01 3.21409645e+01 2.84837894e+01 3.03175201e+01
    2.81333332e+01 2.68894272e+01 2.85366154e+01 2.96516685e+01
    3.00295181e+01 2.92454510e+01 3.07219543e+01 2.81622753e+01
    2.83743420e+01 3.05483189e+01 3.04218864e+01 3.09260902e+01
    3.08619175e+01 3.13734303e+01 3.07199936e+01 3.04187107e+01
    2.93967686e+01 3.02413177e+01 3.14362297e+01 3.19348621e+01
    3.23423691e+01 3.32039185e+01 3.17921410e+01 3.30029755e+01
    3.25522614e+01 3.31887550e+01 3.28194695e+01 3.18090515e+01
    3.32618027e+01 3.17996235e+01 3.20682907e+01 3.09869118e+01
    3.14464359e+01 2.91254311e+01 2.86418247e+01 2.95635509e+01
    2.99443913e+01 2.90343952e+01 2.87878056e+01 2.91279240e+01
    2.88672581e+01 2.78824615e+01 2.99811687e+01 3.18107128e+01
    3.07939377e+01 3.00035858e+01 3.03846951e+01 3.08860931e+01
    2.99174900e+01 2.93951874e+01 3.04193020e+01 2.94384747e+01
    2.93197498e+01 2.93482533e+01 2.98392410e+01 3.00314007e+01
    3.04496555e+01 3.10132103e+01 2.95140667e+01 3.10797749e+01
    3.28197060e+01 3.23019905e+01 3.11405106e+01 3.24408150e+01
    3.35297241e+01 3.22037468e+01 3.10071507e+01 3.03246269e+01
    3.09880257e+01 3.12893753e+01 2.92423573e+01 3.18232746e+01
    3.28792229e+01 3.16355648e+01 3.13966904e+01 3.07947254e+01
    2.85960732e+01 2.88773117e+01 2.94230480e+01 2.87437096e+01
    2.77341995e+01 2.82280369e+01 2.63608017e+01 2.68238430e+01
    2.75375175e+01 2.82484665e+01 2.97800560e+01 3.08611069e+01
    2.84493847e+01 2.91998997e+01 2.88193703e+01 2.93216248e+01
    3.08653431e+01 3.29193802e+01 3.37986488e+01 3.14901581e+01
    3.27450676e+01 3.08854942e+01 3.26047440e+01 3.36819687e+01
    3.52602806e+01 3.47218056e+01 3.47437325e+01 3.43238678e+01
    3.16364422e+01 3.05638199e+01 2.93885479e+01 2.91504078e+01
    3.06354008e+01 3.13510971e+01 2.92680492e+01 3.05215626e+01
    2.90792427e+01 2.85812149e+01 2.77844429e+01 2.88300343e+01
    2.93647652e+01 3.09031868e+01 3.12797070e+01 2.91912098e+01
    3.11775093e+01 3.03883820e+01 3.02718563e+01 3.29686813e+01
    3.18187981e+01 3.19788799e+01 3.08497906e+01 3.22871475e+01
    3.22432289e+01 3.19941273e+01 3.34802818e+01 2.91850471e+01
    3.00327473e+01 3.14486446e+01 3.06722202e+01 2.84184628e+01
    3.08328075e+01 3.02831669e+01 3.03047428e+01 3.03869019e+01
    3.02059536e+01 3.16661491e+01 3.21380959e+01 3.16452026e+01
    3.31397896e+01 3.21707344e+01 3.38406372e+01 3.20491028e+01
    3.39106598e+01 3.27082291e+01 3.19923096e+01 3.26492348e+01
    3.17608185e+01 3.12865353e+01 3.15151787e+01 3.07649784e+01
    3.03709641e+01 2.96597195e+01 3.09242039e+01 3.04118233e+01
    2.82935486e+01 2.77723885e+01 2.94029922e+01 2.73074379e+01
    2.85092525e+01 2.64926758e+01 2.90674763e+01 2.77606812e+01
    2.80596561e+01 2.54881325e+01 2.89038792e+01 2.68690681e+01
    2.89967232e+01 2.96599541e+01 3.05419083e+01 2.96402435e+01
    3.14043903e+01 3.02182922e+01 3.20263481e+01 3.13344727e+01
    3.27004929e+01 3.15253849e+01 3.14646111e+01 3.27960243e+01
    3.11959915e+01 2.98904171e+01 3.02204704e+01 3.11686440e+01
    3.13772373e+01 3.28203812e+01 3.28989983e+01 3.10777512e+01
    3.21072845e+01 3.27670822e+01 3.15090923e+01 3.16583881e+01
    3.29072189e+01 3.08954582e+01 3.08748302e+01 3.10004845e+01
    3.05628872e+01 3.10329895e+01 3.14363041e+01 3.17266788e+01
    3.22304382e+01 3.23014832e+01 3.09768753e+01 3.28309479e+01
    3.03472576e+01 3.12122822e+01 3.29069595e+01 3.13067856e+01
    3.19934998e+01 3.16493168e+01 2.77552280e+01 2.72419472e+01
    2.85811615e+01 2.73795986e+01 2.83278847e+01 2.87934475e+01
    2.83163586e+01 3.08914738e+01 3.05790710e+01 3.07737350e+01
    3.08395042e+01 3.30398483e+01 3.47540550e+01 3.43194275e+01
    3.60706749e+01 3.48899307e+01 3.52643547e+01 3.37259064e+01
    2.98749580e+01 2.92731533e+01 3.00143642e+01 2.97194557e+01
    2.96348896e+01 2.81689854e+01 2.87629261e+01 2.95877304e+01
    2.99923248e+01 2.85765896e+01 3.00630131e+01 2.92869129e+01
    2.86545811e+01 2.80230846e+01 2.66856136e+01 2.75912781e+01
    2.64462509e+01 2.80297527e+01 2.74587593e+01 2.84178600e+01
    2.92370472e+01 2.69785290e+01 2.80220909e+01 2.86058311e+01
    2.93008194e+01 3.04505787e+01 3.18648586e+01 2.99958000e+01
    2.99285355e+01 2.97450752e+01 3.11662083e+01 2.96856480e+01
    3.20199509e+01 3.06534348e+01 3.11233845e+01 3.14998283e+01
    3.17069302e+01 3.16608028e+01 3.20521774e+01 3.27919464e+01
    3.28208923e+01 3.40329132e+01 3.18738289e+01 3.21598053e+01
    3.34722786e+01 3.08694935e+01 2.96321564e+01 2.77328930e+01
    2.81422043e+01 2.86952858e+01 2.95794067e+01 2.84693451e+01
    2.70303059e+01 2.92394142e+01 3.04993038e+01 2.76787853e+01
    2.99956818e+01 3.07176189e+01 3.10950012e+01 3.16323872e+01
    2.88464298e+01 3.10015335e+01 2.85503616e+01 3.00562859e+01
    2.86529522e+01 2.90974941e+01 2.96274738e+01 2.85712852e+01
    2.87685719e+01 2.74106522e+01 2.91688290e+01 3.12422123e+01
    3.11131668e+01 3.16179066e+01 3.18826313e+01 3.23565941e+01
    3.39222260e+01 3.29840889e+01 3.30412025e+01 3.28137665e+01
    3.21889076e+01 3.17084255e+01 3.20064087e+01 3.05435429e+01
    2.88080406e+01 3.22968102e+01 3.09097729e+01 3.13366661e+01
    2.97859516e+01 2.89768085e+01 2.88438072e+01 2.82404118e+01
    2.77699947e+01 2.87619896e+01 2.80134678e+01 2.77713737e+01
    2.55943565e+01 2.66601124e+01 2.78045044e+01 2.82194157e+01
    2.89874802e+01 2.94665642e+01 2.99277439e+01 2.97099724e+01
    2.88807335e+01 3.16148319e+01 3.02163792e+01 3.25915489e+01
    3.02745152e+01 3.33363533e+01 3.30298347e+01 3.14328651e+01
    3.20704956e+01 3.26730881e+01 3.47688026e+01 3.23499756e+01
    3.41302223e+01 3.31615868e+01 3.06671677e+01 3.13714104e+01
    2.90172348e+01 2.93832932e+01 3.04327793e+01 3.09518986e+01
    2.84479637e+01 2.77829552e+01 2.78625584e+01 2.75519180e+01
    2.85270348e+01 2.79575100e+01 2.87116756e+01 2.97656612e+01
    3.00426178e+01 3.00479031e+01 3.12370358e+01 3.01726303e+01
    3.30176964e+01 3.19652748e+01 3.28076782e+01 3.27326965e+01
    3.07331085e+01 3.28910484e+01 3.19296646e+01 3.08510342e+01
    3.10604820e+01 3.05048637e+01 3.13724728e+01 2.89708042e+01
    2.99902821e+01 3.05787945e+01 3.02456684e+01 3.03136597e+01
    3.08666096e+01 3.01010628e+01 2.96246471e+01 3.15017223e+01
    3.38676720e+01 3.17779465e+01 3.34065857e+01 3.18312321e+01
    3.28263779e+01 3.21312027e+01 3.16943645e+01 3.12093182e+01
    3.31280365e+01 3.21353989e+01 2.99153118e+01 3.37114105e+01
    3.09985390e+01 2.90789909e+01 3.06352386e+01 3.13018169e+01
    3.13334389e+01 2.90836658e+01 2.87698498e+01 3.04218941e+01
    2.89602795e+01 2.78008022e+01 2.84118557e+01 2.98701038e+01
    2.96383114e+01 2.66315365e+01 2.84196815e+01 2.80226135e+01
    2.80863533e+01 2.88012848e+01 2.86113625e+01 2.98757896e+01
    3.07131252e+01 3.11243763e+01 3.13135452e+01 2.90941353e+01
    3.17402000e+01 3.10778103e+01 3.24187469e+01 3.16869087e+01
    3.26971092e+01 3.24613152e+01 3.25244904e+01 3.06485233e+01
    3.17206268e+01 3.24969330e+01 3.40987358e+01 3.30660782e+01
    3.33492851e+01 3.26459084e+01 3.43360405e+01 3.41628647e+01
    3.23952827e+01 3.31894608e+01 3.16777153e+01 3.19236488e+01
    3.37068367e+01 3.17108574e+01 3.03441734e+01 3.04001408e+01
    3.04876499e+01 3.02230301e+01 3.09358578e+01 2.92774448e+01
    3.12147617e+01 3.05144711e+01 2.92431736e+01 3.26139679e+01
    3.19164810e+01 3.10719852e+01 3.06384335e+01 3.02229710e+01
    2.84615288e+01 2.83974571e+01 2.75478458e+01 2.72364864e+01
    2.71039639e+01 2.80460434e+01 2.99235287e+01 2.89572105e+01
    2.95745583e+01 3.13481636e+01 3.14825230e+01 3.33143692e+01
    3.24615746e+01 3.48766861e+01 3.52226295e+01 3.55091400e+01
    3.53712463e+01 3.45421638e+01 2.84502068e+01 2.92577267e+01
    2.98379478e+01 2.80324898e+01 2.93725910e+01 2.83436584e+01
    2.91513500e+01 2.80439816e+01 3.00657425e+01 2.84571705e+01
    3.03156471e+01 2.97332840e+01 3.08760967e+01 2.59351940e+01
    2.78563805e+01 2.56806278e+01 2.79598942e+01 2.81803570e+01
    2.79698219e+01 2.79927063e+01 2.73327732e+01 2.85390396e+01
    2.79774075e+01 3.11146812e+01 3.22708855e+01 3.30100708e+01
    3.28207016e+01 3.19691963e+01 3.18265038e+01 3.00044003e+01
    3.17184105e+01 3.19879303e+01 3.15711117e+01 3.20900307e+01
    3.22279243e+01 3.02057991e+01 3.23936691e+01 3.36459656e+01
    3.21995277e+01 3.37054482e+01 3.37027321e+01 3.35633278e+01
    3.31728249e+01 3.23466949e+01 3.35753593e+01 2.83057861e+01
    3.01074581e+01 2.98845234e+01 2.87880592e+01 2.85648785e+01
    2.81313362e+01 2.88288994e+01 2.76317730e+01 2.86553898e+01
    2.99393196e+01 2.82942276e+01 3.02790089e+01 3.06605968e+01
    3.13462257e+01 2.80254021e+01 2.97213688e+01 3.08214302e+01
    2.87086067e+01 2.83721027e+01 3.04311447e+01 2.76524487e+01
    2.76850986e+01 2.73539925e+01 2.75095329e+01 2.84965229e+01
    3.00936718e+01 3.01022167e+01 2.96885548e+01 3.21353111e+01
    3.33098145e+01 3.36909218e+01 3.51034241e+01 3.48170967e+01
    3.36840248e+01 3.46154671e+01 3.41500168e+01 3.13226166e+01
    3.27741203e+01 3.10521927e+01 3.12508049e+01 2.90119801e+01
    2.97726536e+01 2.96555462e+01 3.05030441e+01 2.99521294e+01
    2.92929459e+01 2.61640110e+01 2.92630157e+01 2.81350174e+01
    2.77875118e+01 2.91361084e+01 2.69038792e+01 2.77221603e+01
    2.66606121e+01 2.97008610e+01 3.03605404e+01 2.93413219e+01
    2.80753078e+01 2.98472996e+01 3.11173763e+01 2.90507298e+01
    2.88605404e+01 3.33691864e+01 3.21943932e+01 3.11820011e+01
    3.15865498e+01 3.27207375e+01 3.23017464e+01 3.30529633e+01
    3.39159813e+01 3.29796524e+01 3.29868927e+01 3.21005745e+01
    3.17033348e+01 3.12906208e+01 3.09156685e+01 2.93782616e+01
    3.07014923e+01 3.01201038e+01 2.86166477e+01 2.83481541e+01
    2.82348938e+01 2.89351521e+01 2.70541801e+01 2.80227623e+01
    3.02549496e+01 2.95393925e+01 3.02753353e+01 2.93430462e+01
    3.08736153e+01 3.19372253e+01 3.07366734e+01 3.27412148e+01
    3.22279930e+01 3.17056446e+01 3.32818909e+01 2.94715652e+01
    3.14790783e+01 3.15607166e+01 3.30130310e+01 3.04682121e+01
    3.10434208e+01 3.11185741e+01 2.98355465e+01 3.04592342e+01
    3.15406723e+01 3.03861675e+01 3.12531719e+01 3.20212555e+01
    3.15137978e+01 3.18830681e+01 3.23881264e+01 3.24458618e+01
    3.40888748e+01 3.27501106e+01 3.15849476e+01 3.18319740e+01
    3.25797195e+01 3.36006470e+01 3.27429848e+01 3.29794617e+01
    3.30565605e+01 3.27095375e+01 3.13178883e+01 3.08978462e+01
    3.09221916e+01 2.99387455e+01 3.11347599e+01 2.96869793e+01
    2.85581131e+01 2.83721924e+01 2.94974384e+01 3.01418324e+01
    2.78023682e+01 2.91079521e+01 2.79809189e+01 2.98348904e+01
    2.85223999e+01 2.81407852e+01 3.07603302e+01 2.99022503e+01
    2.99257431e+01 3.03343735e+01 3.11946678e+01 2.98690357e+01
    2.97353630e+01 3.21391563e+01 3.15913143e+01 2.95513191e+01
    3.27678337e+01 3.21382484e+01 3.06880398e+01 3.26612587e+01
    3.30895767e+01 2.91089859e+01 3.21191139e+01 3.22775993e+01
    3.42088127e+01 3.24599457e+01 3.26679726e+01 3.39025574e+01
    3.45349617e+01 3.34434509e+01 3.19096565e+01 3.25945892e+01
    3.46545753e+01 3.28851662e+01 2.92541904e+01 3.09590054e+01
    3.01763363e+01 3.10014629e+01 2.94013081e+01 2.92620487e+01
    3.12228947e+01 3.09004116e+01 2.95685520e+01 2.94893932e+01
    3.08397331e+01 3.14671440e+01 3.05539188e+01 3.19444523e+01
    3.25635986e+01 3.03918724e+01 3.04094219e+01 2.81676388e+01
    2.91826591e+01 2.90648441e+01 2.98249950e+01 2.93568821e+01
    2.89425697e+01 2.87656403e+01 2.94226227e+01 3.03054333e+01
    3.32680511e+01 3.27071075e+01 3.23629494e+01 3.48677330e+01
    3.44173927e+01 3.46225319e+01 3.45007591e+01 3.51848640e+01
    2.94116516e+01 2.72364273e+01 3.01759434e+01 2.84282684e+01
    3.08316860e+01 2.87316589e+01 2.80486259e+01 2.79401093e+01
    2.81614933e+01 2.81744747e+01 3.01124458e+01 2.91611900e+01
    2.84137211e+01 2.90786457e+01 2.60961132e+01 2.51078644e+01
    2.74281559e+01 2.72702503e+01 2.81631355e+01 2.79696789e+01
    3.00174179e+01 2.79072323e+01 2.79576302e+01 3.07905045e+01
    3.11876011e+01 3.38279915e+01 3.18512230e+01 3.17631073e+01
    3.08123169e+01 2.94565372e+01 3.16249905e+01 3.19393654e+01
    3.22490540e+01 3.18584499e+01 3.13383751e+01 3.03946629e+01
    3.29444695e+01 3.19334679e+01 3.28725853e+01 3.39922523e+01
    3.34832306e+01 3.35010185e+01 3.32927818e+01 3.09361553e+01
    3.24197769e+01 3.07169914e+01 3.04467926e+01 2.81425037e+01
    2.89960270e+01 2.95010452e+01 2.95405865e+01 2.94569035e+01
    2.78333416e+01 2.85732307e+01 2.70646782e+01 3.14138279e+01
    3.00176735e+01 3.02848949e+01 3.21778259e+01 2.96649189e+01
    2.83889904e+01 2.84173985e+01 2.91804199e+01 2.90206585e+01
    2.72086220e+01 2.73929501e+01 2.70787907e+01 2.54474754e+01
    2.65297298e+01 2.70037670e+01 2.88927555e+01 3.09404583e+01
    3.00208015e+01 3.11823883e+01 3.25215302e+01 3.26829033e+01
    3.30416832e+01 3.28699265e+01 3.41659889e+01 3.38848991e+01
    3.18616848e+01 3.07581501e+01 3.13071060e+01 3.13632545e+01
    2.91203060e+01 2.96776638e+01 2.91309376e+01 2.97735252e+01
    2.89745178e+01 2.82766953e+01 3.00281582e+01 2.76786060e+01
    2.76609688e+01 2.80602856e+01 2.78746052e+01 2.73250790e+01
    2.57231121e+01 2.60777493e+01 2.87450886e+01 2.73752804e+01
    2.80655327e+01 2.90464764e+01 2.91026611e+01 2.83999844e+01
    2.73041611e+01 3.11346073e+01 2.94629364e+01 3.01676102e+01
    3.24339981e+01 3.20883141e+01 3.33565598e+01 3.28409996e+01
    3.18517342e+01 3.28329582e+01 3.25438004e+01 3.37245636e+01
    3.30845757e+01 3.28519249e+01 3.16723423e+01 3.21914520e+01
    3.03365173e+01 2.90162067e+01 3.06135864e+01 3.11391125e+01
    3.07268620e+01 2.90111961e+01 2.79302578e+01 2.93729362e+01
    2.84256039e+01 2.84078960e+01 2.96713371e+01 3.04048061e+01
    3.11348610e+01 2.95227642e+01 3.13279686e+01 3.06062622e+01
    3.20759506e+01 3.42687950e+01 3.08844109e+01 3.27405472e+01
    3.11782093e+01 3.11288147e+01 2.99633961e+01 3.07236862e+01
    3.09884548e+01 3.06668987e+01 3.09688988e+01 2.99219913e+01
    2.94746628e+01 3.00797634e+01 3.11415806e+01 3.22757645e+01
    3.27127380e+01 3.11243095e+01 3.04403877e+01 3.02256985e+01
    3.32248611e+01 3.22058868e+01 3.43180084e+01 3.16852207e+01
    3.35032158e+01 3.10695686e+01 3.20423660e+01 3.23284683e+01
    3.48219833e+01 3.31240654e+01 3.16242237e+01 3.22913857e+01
    3.15603523e+01 3.08382263e+01 3.10040569e+01 3.18287296e+01
    3.11782608e+01 2.91377792e+01 3.03228626e+01 2.86093941e+01
    2.92898159e+01 2.99863949e+01 2.89381371e+01 3.15811024e+01
    3.00354424e+01 3.06131058e+01 2.96891804e+01 2.93922386e+01
    3.01706581e+01 2.97410202e+01 3.06146355e+01 2.80087852e+01
    3.03648033e+01 3.03296318e+01 2.99130554e+01 3.09559841e+01
    3.03557110e+01 3.02836342e+01 3.27090302e+01 3.31803856e+01
    3.01983566e+01 3.30487633e+01 3.09485703e+01 3.10772476e+01
    3.26028214e+01 3.19574184e+01 3.13221035e+01 3.40957909e+01
    3.26606827e+01 3.12736664e+01 3.29618416e+01 3.25647202e+01
    3.44536362e+01 3.29564552e+01 3.25251312e+01 2.91023560e+01
    3.18767776e+01 3.10448265e+01 2.94794731e+01 2.72906933e+01
    2.93232098e+01 2.83891888e+01 2.93875256e+01 3.11174126e+01
    3.15438595e+01 2.99337234e+01 2.88743191e+01 3.10163651e+01
    2.95972786e+01 3.08128452e+01 3.23404083e+01 3.01487808e+01
    2.92824249e+01 2.85458088e+01 2.93592453e+01 2.82876492e+01
    2.86793938e+01 2.97392254e+01 2.94880791e+01 3.13358212e+01
    3.06959896e+01 2.94158497e+01 3.21866798e+01 3.34149628e+01
    3.29745560e+01 3.35854187e+01 3.52020950e+01 3.33596039e+01
    3.43427505e+01 3.43064232e+01 2.94789772e+01 2.70719166e+01
    3.01095905e+01 2.97503338e+01 2.83816166e+01 2.69209328e+01
    2.89369259e+01 2.83629513e+01 2.90123425e+01 2.87871666e+01
    2.92571259e+01 2.96497478e+01 2.82546520e+01 2.65256996e+01
    2.68455658e+01 2.72393951e+01 2.76866417e+01 2.95004272e+01
    2.90631390e+01 2.96988926e+01 2.93979378e+01 2.95226860e+01
    2.97721310e+01 3.04053249e+01 3.40982170e+01 3.35668793e+01
    3.18768101e+01 3.15948544e+01 3.10498486e+01 3.02744045e+01
    3.22491837e+01 3.03190613e+01 3.21540146e+01 3.20611496e+01
    3.06313820e+01 3.17815056e+01 3.26563644e+01 3.11535110e+01
    3.31554413e+01 3.28148422e+01 3.28423843e+01 3.33380127e+01
    3.18924751e+01 3.16435642e+01 3.23991280e+01 2.98033142e+01
    3.00852184e+01 2.87563133e+01 2.84670200e+01 2.88909893e+01
    2.91392632e+01 2.67321796e+01 2.88624439e+01 2.87083797e+01
    2.79053555e+01 2.82183857e+01 3.01240101e+01 3.02314301e+01
    2.86709919e+01 2.88724060e+01 2.80622101e+01 2.82146912e+01
    2.77929306e+01 2.79652977e+01 2.83749561e+01 2.79184380e+01
    2.63068619e+01 2.56846733e+01 2.52621460e+01 2.70800247e+01
    2.92809467e+01 2.94522705e+01 2.93382626e+01 3.06469002e+01
    3.09253159e+01 3.26183777e+01 3.25186424e+01 3.28610992e+01
    3.41000061e+01 3.43442039e+01 3.37362328e+01 3.22491112e+01
    3.20780716e+01 3.01143570e+01 2.91357136e+01 3.04077816e+01
    2.96945744e+01 2.90838356e+01 2.66342659e+01 2.74568157e+01
    2.73424282e+01 2.70107365e+01 2.93049107e+01 2.63606911e+01
    2.53921680e+01 2.66102829e+01 2.66655331e+01 2.61978092e+01
    2.68533344e+01 2.68106060e+01 2.95238419e+01 2.69650707e+01
    2.78452606e+01 2.95113697e+01 3.18303967e+01 3.04451580e+01
    2.89939480e+01 3.32151794e+01 3.16081047e+01 3.18264389e+01
    3.31369896e+01 3.24822693e+01 3.33726921e+01 3.21838989e+01
    3.41336823e+01 3.33742218e+01 3.34993973e+01 3.47045441e+01
    3.42563133e+01 3.21944733e+01 3.03360100e+01 3.14552555e+01
    3.02030106e+01 3.21053886e+01 3.01730061e+01 2.98308792e+01
    2.91898079e+01 2.95261917e+01 2.88184185e+01 2.81735573e+01
    3.09214172e+01 2.98243561e+01 3.04029465e+01 2.90466022e+01
    3.11785393e+01 3.04332790e+01 3.27391129e+01 3.37925606e+01
    3.28364296e+01 3.28953056e+01 3.12177029e+01 3.19912567e+01
    3.05807915e+01 3.13869801e+01 3.19982986e+01 3.04908695e+01
    3.09602680e+01 2.91453857e+01 3.00312958e+01 3.02165337e+01
    3.06276760e+01 3.11977615e+01 3.14229507e+01 3.15649834e+01
    3.05131512e+01 2.93239841e+01 3.04855289e+01 3.21483612e+01
    3.26652908e+01 3.32154694e+01 3.29036636e+01 3.17869682e+01
    3.24423752e+01 3.31412621e+01 3.31777992e+01 3.04324970e+01
    3.41075439e+01 3.21866035e+01 2.99461021e+01 3.16479130e+01
    3.00819321e+01 2.99516373e+01 3.22872124e+01 3.17236366e+01
    2.96825733e+01 2.86608887e+01 3.12311497e+01 3.05219631e+01
    2.98061829e+01 2.92341328e+01 3.00101795e+01 3.06821556e+01
    2.95517578e+01 2.80224247e+01 2.95049419e+01 2.84197235e+01
    2.96579323e+01 2.90850105e+01 3.11979084e+01 2.93043938e+01
    3.00504513e+01 3.08137608e+01 3.03058281e+01 3.15289822e+01
    3.25458679e+01 3.07413406e+01 3.08206577e+01 3.18576298e+01
    3.12450218e+01 3.01543941e+01 3.20268593e+01 3.10853367e+01
    3.18861599e+01 3.26101875e+01 3.13703632e+01 3.14727859e+01
    3.19194927e+01 3.25147171e+01 3.13087234e+01 3.01556454e+01
    3.21381187e+01 3.20405846e+01 3.08047295e+01 2.90184593e+01
    2.91866493e+01 2.85881901e+01 3.08112259e+01 2.98989048e+01
    3.10844593e+01 3.14070740e+01 3.18640232e+01 3.11444244e+01
    3.17982769e+01 3.36595535e+01 3.10736523e+01 3.27326279e+01
    3.41323662e+01 3.12546005e+01 3.09919415e+01 3.01926479e+01
    2.78817062e+01 2.83334770e+01 3.07282772e+01 3.02231960e+01
    2.94054966e+01 2.97969913e+01 3.10612469e+01 3.05913677e+01
    3.02625580e+01 3.01846256e+01 3.24321175e+01 3.39269753e+01
    3.31138191e+01 3.40231247e+01 3.30022202e+01 3.11392918e+01
    3.02597752e+01 2.96858654e+01 2.73979263e+01 2.93245716e+01
    2.84024410e+01 2.76643734e+01 2.82611542e+01 2.82115231e+01
    2.80967445e+01 2.78855724e+01 2.93694725e+01 2.79743080e+01
    2.86790695e+01 2.70431767e+01 2.76185780e+01 2.59683247e+01
    2.92967472e+01 2.91939869e+01 3.04874115e+01 3.08321056e+01
    3.04004707e+01 3.02373619e+01 2.81899548e+01 3.17091904e+01
    3.21307564e+01 3.21450577e+01 3.36136093e+01 3.30960045e+01
    3.07828407e+01 3.08895016e+01 3.00594921e+01 3.11201172e+01
    3.39875298e+01 3.18071499e+01 3.13652325e+01 3.24092484e+01
    2.96854362e+01 3.12737103e+01 3.12571850e+01 3.31062584e+01
    3.29333954e+01 3.16942482e+01 3.32855186e+01 3.24098244e+01
    3.18788567e+01 3.26371651e+01 3.01410713e+01 2.92869930e+01
    2.86177578e+01 2.86176643e+01 2.84092846e+01 2.78451385e+01
    2.76366539e+01 2.75906754e+01 2.81220741e+01 2.82177830e+01
    3.04426880e+01 3.07465458e+01 2.97365570e+01 2.91061745e+01
    2.68230762e+01 2.71764507e+01 2.68226795e+01 2.87249908e+01
    2.76003208e+01 3.05371685e+01 2.72168617e+01 2.52033577e+01
    2.63169594e+01 2.70033455e+01 2.99550571e+01 2.96341457e+01
    3.15480709e+01 3.10653820e+01 3.09389763e+01 3.24108429e+01
    3.21591454e+01 3.26400146e+01 3.21176682e+01 3.51556473e+01
    3.26969299e+01 3.15875950e+01 3.10649223e+01 3.10543690e+01
    3.09282093e+01 2.99698925e+01 2.90033665e+01 2.90582886e+01
    2.85344219e+01 2.72179565e+01 2.77521076e+01 2.61189804e+01
    2.74611187e+01 2.65696640e+01 2.70208836e+01 2.68223572e+01
    2.67381744e+01 2.68267422e+01 2.65551453e+01 2.73606396e+01
    2.85771294e+01 2.86282787e+01 2.94475384e+01 3.04270535e+01
    3.12225361e+01 3.07566242e+01 3.09500904e+01 3.19841862e+01
    3.23162575e+01 3.21090279e+01 3.28959236e+01 3.32023239e+01
    3.31819954e+01 3.19217224e+01 3.46849327e+01 3.23672523e+01
    3.37613297e+01 3.35673027e+01 3.35819397e+01 3.28787689e+01
    3.11372757e+01 3.17479782e+01 3.28759651e+01 3.46452255e+01
    3.09204292e+01 3.05957260e+01 2.99784374e+01 2.98627949e+01
    2.97225170e+01 2.94903202e+01 3.03009052e+01 3.03202057e+01
    3.21717911e+01 3.06922607e+01 3.08378582e+01 3.04601402e+01
    3.17030106e+01 3.24787407e+01 3.23330498e+01 3.28594856e+01
    3.08452930e+01 3.03256130e+01 3.20806541e+01 3.23001099e+01
    3.13548965e+01 3.08049202e+01 3.14576740e+01 3.05648594e+01
    2.96465435e+01 3.01688442e+01 3.05209656e+01 3.20746002e+01
    3.15190697e+01 3.25264854e+01 2.92694683e+01 3.08935642e+01
    3.23752556e+01 3.17288857e+01 3.23124580e+01 3.30863533e+01
    3.43029671e+01 3.03551979e+01 3.27077942e+01 3.25570450e+01
    3.33892555e+01 3.29145050e+01 3.25190620e+01 3.02170296e+01
    3.04275627e+01 3.05770130e+01 3.12550316e+01 2.88625336e+01
    3.06126842e+01 2.79967957e+01 2.87968750e+01 2.97813873e+01
    3.07330647e+01 3.03592472e+01 2.87844982e+01 3.06795292e+01
    3.00989132e+01 3.09186993e+01 2.99203300e+01 3.01994114e+01
    3.00746956e+01 3.00408802e+01 3.07147942e+01 2.90031948e+01
    3.05369473e+01 3.07999992e+01 3.10057430e+01 3.02384338e+01
    3.10751781e+01 3.05013657e+01 3.26904182e+01 3.25676804e+01
    3.26906013e+01 3.25066948e+01 3.09323425e+01 3.21975822e+01
    3.16778736e+01 3.25488167e+01 3.35274773e+01 3.32055550e+01
    3.13533726e+01 3.11715050e+01 3.28873901e+01 3.24976006e+01
    3.08048267e+01 3.23356934e+01 3.26614876e+01 3.16465168e+01
    2.98768940e+01 2.96194820e+01 2.97903805e+01 3.11409302e+01
    3.07873306e+01 2.95826530e+01 3.16586266e+01 3.20989876e+01
    3.05059185e+01 3.00638771e+01 3.19503365e+01 3.01549225e+01
    3.16705227e+01 3.14002399e+01 3.05283852e+01 3.11365814e+01
    2.89646873e+01 2.98658829e+01 2.88326778e+01 2.88480988e+01
    2.79577293e+01 2.87110443e+01 2.96861343e+01 2.95041637e+01
    2.91356735e+01 2.83219128e+01 2.94001274e+01 2.92561321e+01
    3.00906963e+01 3.33701820e+01 3.23072395e+01 3.25633125e+01
    2.98978386e+01 3.13028774e+01 2.93933849e+01 2.81730099e+01
    2.87668571e+01 2.89691219e+01 2.76503487e+01 2.75915756e+01
    2.82379456e+01 2.84068413e+01 2.79077301e+01 2.88705978e+01
    2.92845764e+01 2.72582836e+01 2.84513111e+01 2.70621758e+01
    2.83562088e+01 2.82728386e+01 2.98017311e+01 2.99360790e+01
    3.10946903e+01 3.28309135e+01 3.17645531e+01 3.06730652e+01
    2.98717213e+01 3.08868313e+01 3.16596470e+01 3.26032600e+01
    3.13346634e+01 3.15785713e+01 2.90941219e+01 2.97606583e+01
    2.82052956e+01 2.96090832e+01 3.18049164e+01 2.91991253e+01
    3.13498802e+01 3.23892097e+01 3.15900021e+01 3.13961563e+01
    3.13788013e+01 3.17287235e+01 3.18098335e+01 3.39741821e+01
    3.24322510e+01 3.21796455e+01 3.19999752e+01 3.10936718e+01
    2.98222408e+01 2.89404488e+01 3.11786060e+01 2.92786808e+01
    3.00687828e+01 2.95779514e+01 2.84036026e+01 2.88836403e+01
    2.87584915e+01 3.12730198e+01 2.97660770e+01 3.15714474e+01
    3.10715542e+01 2.95489674e+01 2.76380520e+01 2.82747746e+01
    2.78362541e+01 2.71810093e+01 2.84148121e+01 2.83288822e+01
    2.88305321e+01 2.78214207e+01 2.58953686e+01 2.71181297e+01
    2.77432842e+01 3.21209984e+01 2.85626812e+01 3.13480911e+01
    3.31222115e+01 3.28489609e+01 3.26165276e+01 3.30991821e+01
    3.42972870e+01 3.12209454e+01 3.28613243e+01 3.22063637e+01
    3.11742935e+01 3.25041695e+01 2.91799412e+01 2.84956779e+01
    2.97637672e+01 3.06972008e+01 2.75703030e+01 2.73785133e+01
    2.70299931e+01 2.71359901e+01 2.74035206e+01 2.89038410e+01
    2.74268494e+01 2.68004627e+01 2.64401340e+01 2.71042862e+01
    2.92325516e+01 2.86216755e+01 2.75097942e+01 2.89014225e+01
    3.15937309e+01 3.12498417e+01 3.19834080e+01 3.35281601e+01
    3.04010258e+01 3.23183708e+01 3.01031075e+01 3.24529953e+01
    3.27467232e+01 3.27768745e+01 3.28170547e+01 3.33050919e+01
    3.38322220e+01 3.19577332e+01 3.20816078e+01 3.32752533e+01
    3.40566216e+01 3.24621620e+01 3.26325798e+01 3.31479149e+01
    3.03519135e+01 3.21617622e+01 3.16599445e+01 3.24571838e+01
    3.07753162e+01 3.22424812e+01 3.18321400e+01 3.07515068e+01
    3.02281647e+01 3.11094322e+01 3.15607891e+01 3.27230721e+01
    3.23486710e+01 3.25141869e+01 3.20355644e+01 3.16022511e+01
    3.13988552e+01 3.23815880e+01 3.00259457e+01 3.02159500e+01
    3.10160484e+01 3.07464123e+01 3.18914261e+01 3.04973679e+01
    3.17295380e+01 2.94132347e+01 2.90266342e+01 3.06439667e+01
    3.19669895e+01 2.88079376e+01 3.07108727e+01 3.21753502e+01
    3.00009975e+01 3.01660366e+01 3.12340240e+01 3.29425278e+01
    3.31473274e+01 3.18314972e+01 3.24321556e+01 3.12393360e+01
    3.19599438e+01 3.32470779e+01 3.23748207e+01 3.07357693e+01
    3.19235249e+01 3.28228264e+01 3.23152199e+01 3.18398705e+01
    3.12031479e+01 2.91664715e+01 2.97263927e+01 3.07391968e+01
    2.93720493e+01 2.89514370e+01 3.10128937e+01 2.99426270e+01
    2.99514580e+01 3.06090450e+01 2.97044983e+01 3.06736164e+01
    3.04491291e+01 3.11923409e+01 2.99471340e+01 2.89249420e+01
    2.89565830e+01 3.02236290e+01 3.24460297e+01 2.94458065e+01
    2.95764294e+01 2.88551998e+01 2.86864624e+01 3.02323914e+01
    3.31985588e+01 3.10957565e+01 3.29839592e+01 3.18687611e+01
    3.23860016e+01 3.23292465e+01 3.22092819e+01 3.19706078e+01
    3.20488586e+01 3.23820000e+01 3.12684307e+01 3.06341057e+01
    3.01316280e+01 3.14005356e+01 3.13686790e+01 3.00511665e+01
    3.09968510e+01 3.18113976e+01 3.02398186e+01 2.91940289e+01
    2.83285084e+01 2.88037796e+01 3.04677067e+01 2.92571335e+01
    2.91555557e+01 3.21074409e+01 3.01106243e+01 2.82474728e+01
    3.04959164e+01 3.16199112e+01 2.93012981e+01 2.90209217e+01
    3.01153259e+01 2.85348053e+01 3.09654770e+01 2.88137245e+01
    2.66402435e+01 2.80999470e+01 2.81258907e+01 2.88924923e+01
    2.77542057e+01 2.74355583e+01 2.84196930e+01 2.84460945e+01
    2.90683956e+01 2.94491539e+01 2.74124527e+01 2.95443974e+01
    3.00369282e+01 3.16722603e+01 3.20144882e+01 2.98343983e+01
    2.86163902e+01 2.89363708e+01 2.85781689e+01 2.78146687e+01
    2.70662384e+01 2.75148468e+01 2.59232178e+01 2.74794083e+01
    2.71560097e+01 2.90750866e+01 2.85758286e+01 2.95464935e+01
    2.92056046e+01 2.71492844e+01 2.94791889e+01 2.65941448e+01
    2.94779377e+01 3.06097813e+01 3.05971661e+01 3.03185253e+01
    3.01921291e+01 2.89552555e+01 3.04848385e+01 3.05478210e+01
    3.11910782e+01 3.21269073e+01 3.30721283e+01 3.16736870e+01
    3.00350533e+01 3.10426617e+01 2.89648857e+01 3.00470371e+01
    3.28679771e+01 3.14684696e+01 3.17350330e+01 3.22086449e+01
    3.27502556e+01 3.17008686e+01 3.28786354e+01 3.24590797e+01
    3.40657387e+01 3.19828930e+01 3.18492813e+01 3.30271683e+01
    3.14141331e+01 3.19329166e+01 2.98339443e+01 3.05141010e+01
    3.10767498e+01 3.02653008e+01 3.13139305e+01 2.98419647e+01
    3.07574615e+01 2.89244614e+01 3.10691986e+01 3.20229263e+01
    3.09176369e+01 3.22389870e+01 3.04489632e+01 2.99716015e+01
    2.94241734e+01 2.97120686e+01 2.73114128e+01 2.72535019e+01
    2.74131985e+01 2.78213348e+01 2.64291592e+01 2.55772762e+01
    2.77939835e+01 2.70805931e+01 2.84486294e+01 2.84149532e+01
    2.83224716e+01 3.16892014e+01 3.23888969e+01 3.26690750e+01
    3.17303772e+01 3.34539566e+01 3.20529060e+01 3.36120987e+01
    3.36523743e+01 3.48605690e+01 3.34893646e+01 3.15538349e+01
    3.07004108e+01 3.10112057e+01 3.01727333e+01 3.08779488e+01
    3.04096966e+01 2.94163094e+01 2.80109539e+01 2.88508282e+01
    2.79583168e+01 2.82704296e+01 2.71546535e+01 3.02069511e+01
    2.80817299e+01 2.72763329e+01 2.70123425e+01 2.69743462e+01
    3.08542557e+01 2.77817421e+01 3.07584095e+01 2.97866096e+01
    3.01917648e+01 3.26306686e+01 3.11147156e+01 3.22481117e+01
    3.29319763e+01 3.29460716e+01 3.32579117e+01 3.32887154e+01
    3.39322128e+01 3.33161888e+01 3.34478340e+01 3.23092918e+01
    3.18253613e+01 3.35658073e+01 3.36068840e+01 3.36106415e+01
    3.25507812e+01 3.01255436e+01 3.05960083e+01 3.36341095e+01
    2.95894089e+01 3.23292580e+01 3.04944801e+01 3.15638504e+01
    2.93518333e+01 3.10335217e+01 3.24652863e+01 3.05104046e+01
    3.19243622e+01 3.06201000e+01 3.30848961e+01 3.16748734e+01
    3.11581402e+01 3.28883514e+01 3.23828964e+01 3.26378860e+01
    3.36859283e+01 2.97503204e+01 3.00689735e+01 3.25497055e+01
    3.06994553e+01 2.86884689e+01 2.92266502e+01 2.96595097e+01
    2.85698490e+01 2.94907837e+01 2.92686958e+01 3.02506351e+01
    3.24198647e+01 3.10109005e+01 3.02525082e+01 2.95329418e+01
    3.09354210e+01 3.17622814e+01 3.11011868e+01 3.09593983e+01
    3.14643593e+01 3.03579063e+01 3.12148285e+01 3.12839813e+01
    3.04439545e+01 3.21089630e+01 3.09555054e+01 3.07109032e+01
    3.15668755e+01 2.99756947e+01 3.15159454e+01 3.19307804e+01
    3.14495049e+01 2.96467590e+01 2.97647076e+01 3.10090122e+01
    3.07803040e+01 3.19369373e+01 3.11390915e+01 2.91714764e+01
    3.11869392e+01 3.20331306e+01 3.06692448e+01 3.19060555e+01
    2.94579086e+01 3.14665146e+01 2.95422363e+01 2.86456318e+01
    3.06330547e+01 3.07337761e+01 3.14809513e+01 2.98307304e+01
    2.93255615e+01 3.13362274e+01 3.12507248e+01 3.31192932e+01
    3.31550446e+01 3.23934135e+01 3.19156914e+01 3.15556850e+01
    3.00857105e+01 3.13860989e+01 3.19529610e+01 3.23706589e+01
    3.03544121e+01 2.92708569e+01 3.10576839e+01 3.25612144e+01
    3.08037338e+01 3.02545834e+01 3.14952984e+01 3.11267395e+01
    3.05813408e+01 3.10652084e+01 3.08983994e+01 3.01292229e+01
    3.13526745e+01 2.91526527e+01 3.29111404e+01 3.06995277e+01
    3.00007114e+01 2.93348846e+01 2.93934498e+01 3.15246220e+01
    2.85613213e+01 3.08234959e+01 2.89234734e+01 3.01034603e+01
    2.84636803e+01 2.81762524e+01 2.91272678e+01 2.83431530e+01
    2.82240696e+01 2.66428261e+01 2.64684582e+01 2.82309837e+01
    2.83602772e+01 2.88705921e+01 2.80869045e+01 2.78750191e+01
    2.86131401e+01 2.85536270e+01 3.12976437e+01 3.02477913e+01
    2.86121559e+01 2.99741879e+01 3.04132252e+01 2.87403908e+01
    3.05593586e+01 2.86300640e+01 2.71402435e+01 2.75726051e+01
    2.79485836e+01 2.59366550e+01 2.77945118e+01 2.94355087e+01
    2.67868729e+01 2.84778004e+01 2.77364998e+01 2.80453415e+01
    2.83937340e+01 2.92683201e+01 3.05668507e+01 2.96109543e+01
    2.99122047e+01 2.96951084e+01 3.16162167e+01 2.98274422e+01
    3.09862328e+01 3.21185341e+01 3.24582558e+01 3.21933365e+01
    3.22706871e+01 3.08063488e+01 3.10887852e+01 3.21255379e+01
    3.04758396e+01 3.15010223e+01 3.17194443e+01 3.15016308e+01
    3.17135983e+01 3.39636765e+01 3.30199471e+01 3.27715073e+01
    3.37862358e+01 3.21625061e+01 3.25357285e+01 3.23454857e+01
    3.27311096e+01 3.30396729e+01 3.34824905e+01 3.35325089e+01
    3.17550392e+01 3.15509300e+01 3.16852341e+01 3.04772282e+01
    3.17407818e+01 3.13832779e+01 3.14661579e+01 2.97455254e+01
    3.12661743e+01 2.96094093e+01 3.16497402e+01 3.13831654e+01
    3.29119148e+01 3.09699097e+01 2.77770329e+01 2.95496387e+01
    2.89863434e+01 2.67954140e+01 2.64079399e+01 2.78269997e+01
    2.71820736e+01 2.79801235e+01 2.79038811e+01 2.76866798e+01
    2.85897446e+01 2.96357346e+01 3.04974422e+01 3.05736065e+01
    3.31068878e+01 3.22680092e+01 3.29276772e+01 3.41454277e+01
    3.27757912e+01 3.36417465e+01 3.35652084e+01 3.35189819e+01
    3.01372643e+01 3.21189766e+01 3.22117424e+01 2.91215782e+01
    2.95787773e+01 3.00315914e+01 2.92285824e+01 3.04058647e+01
    2.97510872e+01 2.80257111e+01 2.98281384e+01 2.87208328e+01
    3.00582085e+01 2.88930645e+01 2.77508545e+01 2.97821407e+01
    2.78882217e+01 3.00219460e+01 2.75638924e+01 2.74631004e+01
    2.84135895e+01 2.98491936e+01 3.02557449e+01 3.20173035e+01
    2.87361736e+01 3.15763569e+01 2.94889011e+01 3.14966354e+01
    3.35227928e+01 3.19215450e+01 3.28505249e+01 3.17892246e+01
    3.28813057e+01 3.24778481e+01 3.26021347e+01 3.28022385e+01
    3.29307861e+01 3.24440689e+01 3.00703735e+01 3.24292679e+01
    3.01178436e+01 3.13006382e+01 3.13274326e+01 3.15018063e+01
    3.02151947e+01 3.32187195e+01 3.22428360e+01 3.25738602e+01
    3.26883583e+01 3.28023148e+01 3.28839035e+01 3.27048187e+01
    3.38293228e+01 3.33932076e+01 3.27593040e+01 3.33106232e+01
    3.24552498e+01 3.03128147e+01 2.93634739e+01 3.02324848e+01
    3.07577934e+01 2.86255074e+01 3.02259197e+01 2.91107006e+01
    2.95663509e+01 2.62221050e+01 2.81595688e+01 2.96324425e+01
    3.01062469e+01 3.07068653e+01 3.06114120e+01 2.92495956e+01
    3.06272984e+01 2.99836349e+01 3.10131035e+01 3.17799282e+01
    3.10397987e+01 3.17275238e+01 3.01500893e+01 2.92404633e+01
    2.94376984e+01 2.93324604e+01 3.22602577e+01 3.10219517e+01
    2.98026009e+01 3.21165771e+01 3.05699806e+01 2.99632931e+01
    3.17182140e+01 3.03355217e+01 3.10563316e+01 3.08899727e+01
    3.09307060e+01 3.09351063e+01 2.98146000e+01 3.03649292e+01
    3.21242790e+01 3.19117451e+01 3.19932137e+01 3.11441116e+01
    3.11251373e+01 3.25151520e+01 3.15466290e+01 3.33902893e+01
    2.89745693e+01 3.01859894e+01 3.11584492e+01 2.98627892e+01
    3.15969086e+01 2.95981617e+01 3.03810215e+01 3.01267700e+01
    3.16385574e+01 3.29512825e+01 3.25751228e+01 3.26335945e+01
    3.27778854e+01 3.18239956e+01 3.10944195e+01 3.09714947e+01
    3.22466469e+01 3.16671715e+01 3.14852219e+01 3.04544392e+01
    2.98788700e+01 3.29602470e+01 3.22599945e+01 2.99621029e+01
    3.10700874e+01 3.14715137e+01 3.25823021e+01 2.93591595e+01
    2.89919147e+01 3.09779549e+01 2.83878727e+01 3.01259537e+01
    3.06780396e+01 3.02786369e+01 3.08291130e+01 2.84580631e+01
    2.88671837e+01 2.93248177e+01 2.98414459e+01 2.76069508e+01
    2.90702381e+01 2.81807404e+01 2.67461987e+01 2.78379936e+01
    2.70442543e+01 2.70171928e+01 2.72434616e+01 2.83502617e+01
    2.68776379e+01 2.90850353e+01 2.78649902e+01 2.78396893e+01
    2.71242180e+01 2.86407318e+01 2.89186001e+01 2.84688549e+01
    2.86751537e+01 2.93005714e+01 2.92975273e+01 3.10999928e+01
    2.84256401e+01 2.85099392e+01 2.83002968e+01 2.77061176e+01
    2.82609043e+01 2.79087543e+01 2.81291237e+01 2.73740501e+01
    2.86642151e+01 2.84494610e+01 2.99515591e+01 2.77663994e+01
    2.89257603e+01 2.69660416e+01 2.77908688e+01 2.81583557e+01
    2.92206364e+01 3.03665733e+01 2.93224144e+01 3.10787773e+01
    3.12260494e+01 3.14398594e+01 3.35228310e+01 3.41525841e+01
    3.16043606e+01 3.27728958e+01 3.29193230e+01 3.24925041e+01
    3.21762466e+01 3.28768692e+01 3.11426697e+01 3.10841179e+01
    3.14468784e+01 3.08004475e+01 3.31350670e+01 3.21842194e+01
    3.24776764e+01 3.38138466e+01 3.23261032e+01 3.16793098e+01
    3.23202972e+01 3.17890530e+01 3.10923901e+01 3.06337566e+01
    3.36711807e+01 3.32248573e+01 3.02830429e+01 3.03276634e+01
    3.06001568e+01 2.98304462e+01 3.14348469e+01 3.06263695e+01
    3.14413319e+01 3.05793400e+01 3.04551430e+01 2.78418026e+01
    3.15303802e+01 3.24333725e+01 3.08131294e+01 3.15304890e+01
    3.06487846e+01 2.95201817e+01 2.87783413e+01 2.78761368e+01
    2.81119823e+01 2.68161736e+01 2.89359226e+01 2.67574158e+01
    2.66991119e+01 2.84514408e+01 2.98453388e+01 2.92652950e+01
    2.82657700e+01 2.98779697e+01 3.28073349e+01 3.20125237e+01
    3.16475582e+01 3.14817162e+01 3.38268433e+01 3.30222740e+01
    3.30800209e+01 3.21388359e+01 3.18175449e+01 3.10307732e+01
    2.95573082e+01 2.95733967e+01 3.07793922e+01 2.94728928e+01
    2.94396210e+01 2.82691689e+01 2.91407337e+01 3.20314903e+01
    2.92372952e+01 2.85553703e+01 2.79748230e+01 2.83022060e+01
    2.99320850e+01 2.89179173e+01 2.80409546e+01 2.82335854e+01
    2.96176243e+01 2.93419514e+01 2.94056530e+01 3.00660114e+01
    3.10714092e+01 3.15137596e+01 3.06330776e+01 3.13126926e+01
    3.11848240e+01 3.12409191e+01 3.20950394e+01 3.29138565e+01
    3.02109184e+01 3.14631424e+01 3.25442581e+01 3.23042297e+01
    3.16822071e+01 3.20021172e+01 3.19604130e+01 3.12098598e+01
    3.19103870e+01 3.10890713e+01 3.05572662e+01 3.23271637e+01
    3.15309868e+01 3.17604790e+01 3.20050697e+01 3.15576897e+01
    3.04323215e+01 3.38001442e+01 3.36577530e+01 3.46907539e+01
    3.12816219e+01 3.24746704e+01 3.37209702e+01 3.36814423e+01
    3.39195366e+01 3.44409599e+01 3.36892815e+01 3.23773689e+01
    3.03939686e+01 2.99040298e+01 3.08607616e+01 2.97689648e+01
    2.97785072e+01 2.89146099e+01 2.83583508e+01 2.82078342e+01
    2.68593845e+01 2.97546215e+01 2.93458824e+01 3.09835224e+01
    3.09645462e+01 3.20398941e+01 3.05821552e+01 2.92466793e+01
    2.99086666e+01 3.20469666e+01 3.20702438e+01 3.05681210e+01
    2.83858604e+01 2.93374538e+01 2.97487946e+01 2.93118134e+01
    3.00668030e+01 2.95824890e+01 3.15996323e+01 3.01767921e+01
    3.00057335e+01 3.13935814e+01 3.05073090e+01 3.23527718e+01
    3.17257710e+01 3.15325069e+01 2.99907570e+01 2.96527195e+01
    3.01131268e+01 3.08056240e+01 3.23441467e+01 3.17543488e+01
    3.15153236e+01 3.17140369e+01 3.22215462e+01 3.23959885e+01
    3.11980801e+01 3.10374069e+01 3.09940987e+01 3.26906738e+01
    3.07427177e+01 3.15954094e+01 3.19611378e+01 2.89576759e+01
    3.09157314e+01 3.06143723e+01 2.98353291e+01 3.17689781e+01
    3.29451675e+01 3.13890228e+01 3.33688545e+01 3.16136799e+01
    2.99579906e+01 3.17863808e+01 3.06270962e+01 3.14375820e+01
    3.05012302e+01 2.89629707e+01 3.21459045e+01 3.10950451e+01
    3.09368629e+01 3.25099525e+01 3.26633339e+01 3.21774178e+01
    3.03951988e+01 3.18705654e+01 3.26801605e+01 3.23188324e+01
    3.14708385e+01 2.88764534e+01 3.14627647e+01 3.00881462e+01
    2.99011421e+01 2.85458374e+01 2.92715721e+01 3.01381359e+01
    3.02803211e+01 2.86459026e+01 3.00681057e+01 2.79348469e+01
    2.90637760e+01 2.71385498e+01 2.89782429e+01 2.66605892e+01
    2.80920963e+01 3.00495758e+01 2.82219601e+01 2.85203781e+01
    2.87056923e+01 2.89691734e+01 2.84989262e+01 2.75896969e+01
    2.83402328e+01 2.81537609e+01 2.88667850e+01 2.91177692e+01
    2.72835751e+01 3.00760651e+01 2.90300083e+01 2.89334278e+01
    2.86252079e+01 2.74053783e+01 2.72711926e+01 2.60621071e+01
    2.84391441e+01 2.81525860e+01 2.81514225e+01 2.83640957e+01
    2.96089211e+01 2.92777042e+01 2.87867050e+01 2.73276558e+01
    2.95366421e+01 2.81533451e+01 3.03656673e+01 3.10102940e+01
    2.93611984e+01 3.13416195e+01 2.95926208e+01 3.09762325e+01
    3.21571846e+01 3.15000992e+01 3.19446640e+01 3.17254410e+01
    3.22249298e+01 3.14958973e+01 3.01115894e+01 3.18306179e+01
    2.91213837e+01 3.11987495e+01 3.09954643e+01 2.98140755e+01
    3.08064518e+01 3.07318802e+01 3.17423134e+01 3.12253399e+01
    3.14160786e+01 3.16048069e+01 3.15321884e+01 3.05825386e+01
    3.25634575e+01 3.22078285e+01 3.25228348e+01 3.21427536e+01
    3.06370640e+01 3.26822319e+01 3.00683613e+01 2.95642338e+01
    3.02480030e+01 3.07405033e+01 3.15933113e+01 3.02329407e+01
    3.05284100e+01 2.82302914e+01 3.00957413e+01 3.13932552e+01
    3.13602428e+01 3.07580719e+01 3.01529102e+01 2.97672882e+01
    3.02061977e+01 2.98435631e+01 2.90207767e+01 2.91991158e+01
    2.78220768e+01 2.77324829e+01 2.76931667e+01 2.69154530e+01
    2.87402821e+01 2.80299168e+01 3.01048279e+01 2.96067562e+01
    3.11405678e+01 3.10322037e+01 3.15591583e+01 3.24511185e+01
    3.08767815e+01 3.21515770e+01 3.34097137e+01 3.29220848e+01
    3.03752403e+01 3.09760609e+01 3.24650154e+01 2.95765877e+01
    2.91138287e+01 3.00034790e+01 3.03221226e+01 2.97785301e+01
    3.19857826e+01 2.78031750e+01 2.93881054e+01 3.17112198e+01
    2.89778690e+01 3.06057644e+01 2.94678097e+01 2.84659557e+01
    2.99825535e+01 3.06331692e+01 3.04334106e+01 2.90270519e+01
    3.09531040e+01 2.98623924e+01 3.16327076e+01 3.11836128e+01
    2.95491734e+01 3.06535206e+01 3.02091293e+01 3.19359646e+01
    3.22028008e+01 3.27239304e+01 3.10708656e+01 3.06899014e+01
    3.24399414e+01 3.22914467e+01 3.23124123e+01 3.22040138e+01
    3.29146309e+01 3.26497116e+01 3.20150757e+01 2.91218681e+01
    3.12493534e+01 3.09103127e+01 2.94983673e+01 3.11168175e+01
    3.03451042e+01 3.23150597e+01 3.26901741e+01 3.33350067e+01
    3.29078522e+01 3.36632500e+01 3.32480125e+01 3.43705215e+01
    3.43382950e+01 3.25455780e+01 3.28353806e+01 3.37756271e+01
    3.43673058e+01 3.22967720e+01 3.02887955e+01 3.03471565e+01
    3.06686668e+01 3.00368290e+01 3.03808537e+01 2.82010384e+01
    2.63919754e+01 2.64973068e+01 2.78612823e+01 2.78664665e+01
    3.00299568e+01 3.05145569e+01 3.04227886e+01 2.96914196e+01
    3.02576694e+01 2.92331123e+01 3.15323181e+01 3.20208511e+01
    2.97551422e+01 3.06870728e+01 2.87550259e+01 2.89887142e+01
    2.81412754e+01 2.87602596e+01 3.09824486e+01 2.98184071e+01
    3.08620110e+01 2.89686813e+01 2.97383251e+01 3.01609230e+01
    3.05790787e+01 3.06151199e+01 2.94493027e+01 3.12860909e+01
    3.14387932e+01 2.97138710e+01 3.05848389e+01 3.18717766e+01
    2.91576233e+01 3.11786804e+01 3.17826309e+01 3.24700356e+01
    3.22659035e+01 3.05266609e+01 3.07560005e+01 3.20258675e+01
    3.13021488e+01 3.02626553e+01 2.96248055e+01 3.15260963e+01
    3.13909340e+01 3.08971233e+01 2.86090412e+01 3.15527573e+01
    3.21250648e+01 3.11462460e+01 3.27447815e+01 3.27556114e+01
    3.29300766e+01 3.10969830e+01 3.34772263e+01 3.13497982e+01
    3.09703312e+01 3.22191658e+01 3.07290974e+01 3.06922207e+01
    3.02370605e+01 2.97177277e+01 3.26911087e+01 3.24287796e+01
    3.12269497e+01 3.13782196e+01 3.04325829e+01 3.17873421e+01
    3.11311951e+01 3.06827736e+01 3.14401493e+01 3.21089897e+01
    3.15164814e+01 2.98459282e+01 3.04957123e+01 2.92542820e+01
    2.83171177e+01 3.03529110e+01 3.03085709e+01 2.95926971e+01
    2.88464413e+01 2.91662979e+01 2.87154732e+01 2.86612663e+01
    2.94802704e+01 2.74825039e+01 3.12452965e+01 3.07205372e+01
    2.77833118e+01 2.85692997e+01 2.89694386e+01 2.88693123e+01
    2.95943336e+01 2.69661922e+01 2.82607288e+01 2.87002220e+01
    2.98171768e+01 2.83308372e+01 2.65309658e+01 2.85432243e+01
    2.75140171e+01 2.77242165e+01 2.75800571e+01 2.64483662e+01
    2.77164745e+01 2.69609337e+01 2.73071175e+01 2.80614033e+01
    2.71660328e+01 2.82022972e+01 2.79266415e+01 2.89039879e+01
    2.75184040e+01 2.89227448e+01 2.85444279e+01 2.89372063e+01
    3.13852425e+01 3.13713856e+01 3.16282883e+01 3.28724213e+01
    3.22822266e+01 3.03069019e+01 3.19866695e+01 3.33138885e+01
    3.27164536e+01 3.24530983e+01 3.22551079e+01 2.94264355e+01
    2.95444088e+01 3.01505661e+01 2.83908634e+01 2.99776382e+01
    2.87470245e+01 2.91470203e+01 2.98905983e+01 3.10097084e+01
    3.10358696e+01 2.97831936e+01 3.16593952e+01 3.17748165e+01
    3.08761196e+01 3.05408401e+01 3.17655983e+01 3.18139400e+01
    3.03174629e+01 3.13639927e+01 3.00636768e+01 2.95036392e+01
    2.94166355e+01 3.08413086e+01 3.04096928e+01 2.80636482e+01
    2.95794563e+01 2.96012974e+01 2.85927200e+01 2.91691113e+01
    2.94229641e+01 3.00554790e+01 2.85311813e+01 3.00543880e+01
    2.91043758e+01 3.06710377e+01 2.99468651e+01 2.93441505e+01
    3.02689266e+01 2.99475250e+01 3.01028309e+01 2.94222622e+01
    2.76810608e+01 2.81860027e+01 2.89430656e+01 2.86014786e+01
    3.02981491e+01 2.79008617e+01 3.09166584e+01 3.19790077e+01
    2.99628716e+01 2.91809635e+01 3.02797318e+01 3.27416267e+01
    3.14978905e+01 3.18827057e+01 3.19676285e+01 3.22182426e+01
    2.97885494e+01 2.78372478e+01 3.01487026e+01 2.85711708e+01
    3.08034668e+01 2.78048382e+01 2.91015911e+01 2.84838219e+01
    2.97441921e+01 2.98571453e+01 3.08212242e+01 2.94410152e+01
    3.03597355e+01 3.28667221e+01 3.06262417e+01 3.06795425e+01
    3.05001698e+01 3.11355038e+01 3.20871239e+01 3.14220257e+01
    3.07443485e+01 2.92997646e+01 3.00289707e+01 2.93074265e+01
    2.98958225e+01 3.00651627e+01 3.11337147e+01 3.12015476e+01
    3.10279465e+01 3.01627159e+01 3.18789482e+01 3.11701488e+01
    3.09346066e+01 3.28657265e+01 3.22720947e+01 3.23975410e+01
    3.23519058e+01 3.11104488e+01 3.05095081e+01 3.15570221e+01
    3.10137291e+01 3.17916126e+01 3.18467083e+01 3.01894875e+01
    3.03643532e+01 3.25604019e+01 3.27610283e+01 3.21602097e+01
    3.33006439e+01 3.30142899e+01 3.37185287e+01 3.22123451e+01
    3.31855659e+01 3.40843620e+01 3.35416679e+01 3.37766914e+01
    3.16589603e+01 3.01676636e+01 3.07574635e+01 3.29109917e+01
    3.06377983e+01 2.89701633e+01 2.84792538e+01 2.87387943e+01
    2.65084362e+01 2.79943218e+01 2.97275047e+01 3.07238235e+01
    2.91000557e+01 3.02357273e+01 3.06999779e+01 2.94380875e+01
    3.07560482e+01 3.10446091e+01 3.05675411e+01 3.06493835e+01
    2.80506916e+01 2.95420589e+01 2.87879333e+01 2.91678600e+01
    3.00963135e+01 2.93805141e+01 3.10202389e+01 3.02430267e+01
    3.14097309e+01 3.10379639e+01 3.14304104e+01 2.91146240e+01
    3.13534775e+01 3.19639778e+01 3.06474171e+01 2.85828590e+01
    2.91233616e+01 2.89742680e+01 3.11639290e+01 3.17194672e+01
    3.11957588e+01 3.17431297e+01 2.92107601e+01 3.07903099e+01
    3.06124249e+01 2.98676586e+01 2.95595551e+01 3.09428082e+01
    3.13266449e+01 2.95522423e+01 2.88625660e+01 2.80925503e+01
    3.00709286e+01 3.00941830e+01 3.11366348e+01 3.19072304e+01
    2.93360310e+01 3.20865288e+01 3.08723373e+01 3.17316685e+01
    3.10953045e+01 3.00604897e+01 3.10431652e+01 3.13256054e+01
    3.01319904e+01 2.88332253e+01 3.00785007e+01 3.16413460e+01
    3.00365829e+01 3.05224895e+01 3.11976204e+01 3.36155052e+01
    3.10190296e+01 2.90884647e+01 3.16083717e+01 3.19293976e+01
    3.23745461e+01 3.20986748e+01 3.17301941e+01 3.21085129e+01
    3.03061466e+01 2.76728363e+01 2.87927876e+01 3.02925987e+01
    2.99179649e+01 2.98703423e+01 3.15509396e+01 2.86382618e+01
    2.99312496e+01 2.93732700e+01 2.93214474e+01 2.92835674e+01
    3.16958122e+01 2.89052067e+01 3.01407337e+01 2.88898106e+01
    3.13431473e+01 2.89290066e+01 2.81768169e+01 2.85404053e+01
    2.89412174e+01 2.93231697e+01 2.66021385e+01 2.95359573e+01
    2.85873432e+01 2.82885189e+01 2.85407143e+01 2.88014374e+01
    2.74320927e+01 2.72087688e+01 2.69022808e+01 2.57042465e+01
    2.68468132e+01 2.65781021e+01 2.91986256e+01 2.72354660e+01
    2.97205849e+01 2.85101776e+01 2.77561417e+01 3.10161705e+01
    3.06501007e+01 3.07858124e+01 3.04751682e+01 3.21883774e+01
    3.15107803e+01 3.04100189e+01 3.06013088e+01 3.18906555e+01
    3.31021690e+01 3.16787510e+01 3.20119247e+01 3.09622803e+01
    3.10293102e+01 2.94140759e+01 2.94012966e+01 2.93225422e+01
    2.84403152e+01 2.83406792e+01 2.84990273e+01 2.96047421e+01
    2.99931908e+01 2.98335552e+01 3.27970543e+01 3.08838406e+01
    3.22755203e+01 3.14242001e+01 3.12453880e+01 3.18558617e+01
    3.02377968e+01 3.13858356e+01 3.05597858e+01 2.95145054e+01
    2.97676220e+01 3.08442307e+01 3.17277317e+01 3.01195469e+01
    3.03930435e+01 2.90097790e+01 3.02932034e+01 2.92796402e+01
    2.98302574e+01 2.82599087e+01 3.00716438e+01 2.83754311e+01
    2.98829880e+01 2.93363037e+01 2.87263412e+01 2.95834980e+01
    3.00719357e+01 3.04408588e+01 2.88484097e+01 2.95726471e+01
    2.80837135e+01 2.87690639e+01 2.85019131e+01 2.84536667e+01
    2.86338577e+01 2.86908607e+01 2.97336540e+01 2.92932320e+01
    3.24364319e+01 2.94526501e+01 3.00040188e+01 3.15835953e+01
    3.14494915e+01 3.19451199e+01 3.32309875e+01 3.44415054e+01
    3.18177643e+01 3.15118408e+01 3.06598701e+01 3.19911060e+01
    3.00373249e+01 3.07953682e+01 3.02254734e+01 3.03213787e+01
    3.12397957e+01 2.75721493e+01 2.90074234e+01 3.03461037e+01
    3.17492733e+01 3.21231270e+01 3.20177422e+01 3.06789436e+01
    3.02283974e+01 3.04743881e+01 3.10663223e+01 3.13640251e+01
    3.02461910e+01 2.99663200e+01 3.07319584e+01 3.02956772e+01
    2.95659657e+01 2.93881130e+01 2.91809654e+01 2.97853832e+01
    3.02511005e+01 2.94778576e+01 2.97733784e+01 2.94801540e+01
    3.04231167e+01 2.99561653e+01 3.13700905e+01 3.15713768e+01
    3.23279533e+01 3.17076874e+01 2.96604977e+01 3.03774490e+01
    3.06315517e+01 3.06777802e+01 3.08792229e+01 3.16434326e+01
    3.21601067e+01 3.09149342e+01 3.15120640e+01 3.10305939e+01
    3.21319733e+01 3.21657066e+01 3.16289711e+01 3.30642929e+01
    3.31181679e+01 3.30366249e+01 3.17752743e+01 3.22440376e+01
    3.37071762e+01 3.16010399e+01 3.21409454e+01 3.01123695e+01
    3.08199940e+01 3.06585197e+01 3.15232239e+01 3.04447041e+01
    3.04622650e+01 2.85025902e+01 2.79755287e+01 2.85378551e+01
    3.04300385e+01 3.23334885e+01 3.08612099e+01 3.07934246e+01
    3.09356880e+01 3.07858925e+01 3.12623634e+01 3.17671738e+01
    3.11325684e+01 3.02695885e+01 2.91457253e+01 2.99711514e+01
    2.99503708e+01 2.99962559e+01 2.93687687e+01 3.10042953e+01
    3.17272816e+01 2.91015930e+01 2.99965916e+01 2.96586971e+01
    3.19772930e+01 3.19239731e+01 3.07629108e+01 2.84127007e+01
    2.88257809e+01 2.77989578e+01 2.81065235e+01 2.89685555e+01
    3.08162460e+01 2.95229340e+01 2.96297302e+01 2.97115326e+01
    3.00489960e+01 2.94611435e+01 2.96910343e+01 3.11163254e+01
    2.89762039e+01 2.94301147e+01 3.04854317e+01 3.02324123e+01
    2.96021729e+01 2.99406853e+01 3.03715763e+01 2.92940044e+01
    3.22183304e+01 3.02133694e+01 3.03230934e+01 3.29252014e+01
    3.05848846e+01 3.05452633e+01 3.02672386e+01 3.18526936e+01
    2.98608055e+01 2.91331749e+01 2.99258709e+01 2.90044117e+01
    2.90664253e+01 2.78236065e+01 2.86019821e+01 3.03411102e+01
    3.12698517e+01 3.28257065e+01 2.90539265e+01 3.13221741e+01
    3.20607300e+01 2.99475727e+01 3.20355606e+01 3.39614258e+01
    3.27921295e+01 3.10029068e+01 3.09387608e+01 2.67285728e+01
    2.87081356e+01 2.87642288e+01 3.04770699e+01 2.92814369e+01
    2.89226017e+01 2.95395641e+01 2.89342499e+01 2.95502491e+01
    2.89759464e+01 2.92224960e+01 3.03108273e+01 3.03349781e+01
    2.99866257e+01 2.96018276e+01 2.99078407e+01 2.97622166e+01
    3.04345665e+01 2.80330734e+01 2.83126545e+01 2.76118011e+01
    2.82934608e+01 2.83737545e+01 2.77830963e+01 2.84868355e+01
    2.84389400e+01 2.69482002e+01 2.53612595e+01 2.74780121e+01
    2.53539715e+01 2.60664558e+01 2.72260551e+01 2.63371601e+01
    2.63679619e+01 2.69487362e+01 2.80867004e+01 2.80792599e+01
    2.87620277e+01 3.06998672e+01 3.00256748e+01 3.02679367e+01
    3.03056622e+01 2.97446308e+01 2.83168926e+01 3.11446095e+01
    3.09821415e+01 2.93100605e+01 3.06473122e+01 2.96457596e+01
    2.91042938e+01 2.85059795e+01 2.96231422e+01 2.90914917e+01
    2.85227489e+01 2.87307072e+01 2.81244488e+01 2.84245052e+01
    2.91924515e+01 2.83553562e+01 2.96207848e+01 3.09312363e+01
    3.16444550e+01 2.93693199e+01 3.03602314e+01 3.01280880e+01
    2.95983505e+01 2.99941311e+01 3.01878815e+01 3.08303719e+01
    3.13376427e+01 3.10181503e+01 3.04396915e+01 3.14185143e+01
    3.10975056e+01 3.09981327e+01 3.17418785e+01 3.12637329e+01
    3.11101341e+01 2.93767891e+01 2.86221733e+01 2.87106819e+01
    3.04373322e+01 2.90051212e+01 2.94070854e+01 2.83195820e+01
    2.75432987e+01 2.94625645e+01 3.02229824e+01 3.00949268e+01
    2.91094170e+01 3.11225929e+01 3.08576221e+01 2.98230591e+01
    2.86100044e+01 2.90955868e+01 2.89616070e+01 2.95255280e+01
    3.05855122e+01 2.91534138e+01 2.99210739e+01 3.07219009e+01
    3.20087624e+01 3.11560040e+01 3.32086563e+01 3.30755119e+01
    3.34380913e+01 3.23998947e+01 3.18915691e+01 3.22856865e+01
    3.10546227e+01 3.14649734e+01 2.92865086e+01 3.08817196e+01
    3.03976192e+01 3.26213264e+01 2.92226505e+01 2.98923187e+01
    3.12060337e+01 3.10210457e+01 3.19626656e+01 3.21050491e+01
    3.19831543e+01 3.28607101e+01 3.21020432e+01 3.03883190e+01
    2.95296211e+01 3.00802288e+01 3.23845367e+01 3.01771317e+01
    2.95650692e+01 3.02355652e+01 3.05583687e+01 2.81055336e+01
    2.98389225e+01 2.96748276e+01 3.19717293e+01 3.04027939e+01
    3.01097107e+01 3.04308987e+01 3.13386765e+01 3.18695278e+01
    3.17884674e+01 3.32996445e+01 3.32396851e+01 3.33475113e+01
    3.35309143e+01 3.06897640e+01 3.16333141e+01 3.29805832e+01
    3.30111809e+01 3.11958046e+01 3.10214748e+01 3.25620575e+01
    3.05690174e+01 3.11071091e+01 3.13459969e+01 3.25210838e+01
    3.08965530e+01 3.36266975e+01 3.30786476e+01 3.21403008e+01
    3.23397064e+01 3.26657219e+01 3.28255424e+01 3.16542149e+01
    3.18324814e+01 3.00536003e+01 3.20461273e+01 3.17012749e+01
    3.25191154e+01 2.89576035e+01 2.81467419e+01 2.81119003e+01
    2.66604729e+01 2.93737354e+01 2.95563297e+01 3.06226120e+01
    3.03625393e+01 3.18970966e+01 2.93327484e+01 2.98596592e+01
    3.14268742e+01 2.86912746e+01 3.09082108e+01 2.94810753e+01
    2.87136459e+01 2.95153542e+01 2.79112587e+01 2.73984699e+01
    3.01581783e+01 3.01548367e+01 2.93812943e+01 3.06209068e+01
    2.98839283e+01 2.98429985e+01 3.20192680e+01 2.94122009e+01
    3.11776104e+01 3.19911118e+01 2.82423668e+01 2.85580940e+01
    2.79685020e+01 2.86829853e+01 3.01224003e+01 2.81892891e+01
    3.02618656e+01 2.81712437e+01 2.72395096e+01 2.77424374e+01
    2.77401600e+01 3.04673347e+01 2.78831844e+01 2.90971260e+01
    2.83905659e+01 2.91257744e+01 2.90968933e+01 2.88611221e+01
    2.89322853e+01 3.11471214e+01 3.04104614e+01 3.03283863e+01
    3.03829098e+01 2.95195084e+01 2.94949112e+01 3.06300373e+01
    2.93747807e+01 2.87109261e+01 2.97209091e+01 3.04301891e+01
    2.76660099e+01 2.83594513e+01 2.66293049e+01 2.97325134e+01
    2.91656837e+01 2.92459393e+01 3.26306381e+01 3.31793442e+01
    3.03912506e+01 3.09038830e+01 2.91901035e+01 3.14281845e+01
    3.16265984e+01 3.08819561e+01 3.22969284e+01 3.18024197e+01
    3.02041855e+01 2.75508442e+01 2.85879307e+01 3.07900429e+01
    2.99582443e+01 2.80908566e+01 3.07018356e+01 2.89431953e+01
    2.94786072e+01 2.95482273e+01 2.90524559e+01 2.95776939e+01
    3.14495049e+01 2.92787647e+01 3.00575733e+01 2.98716984e+01
    2.95593128e+01 2.83968487e+01 2.94031811e+01 2.92184925e+01
    2.80683060e+01 2.91543312e+01 3.02038288e+01 2.78633270e+01
    2.86796722e+01 2.89833241e+01 2.94465580e+01 2.53270855e+01
    2.87823009e+01 2.67895947e+01 2.54225483e+01 2.84588184e+01
    2.70394936e+01 2.80530968e+01 2.76170425e+01 2.94511013e+01
    2.78320427e+01 2.77928905e+01 2.80307541e+01 2.86613617e+01
    2.82949581e+01 2.98901978e+01 2.86706104e+01 2.92229557e+01
    2.87379990e+01 2.81502914e+01 3.01867733e+01 3.10652523e+01
    3.04072876e+01 2.91950550e+01 2.85825977e+01 2.88456211e+01
    2.99278374e+01 3.02320328e+01 3.02287674e+01 3.09169464e+01
    2.87908897e+01 2.72671375e+01 2.87591801e+01 2.85350304e+01
    2.94384499e+01 2.92318707e+01 3.06015205e+01 2.95147057e+01
    3.01811180e+01 2.75244446e+01 2.78717079e+01 3.00338650e+01
    2.99199295e+01 3.12170715e+01 3.25042305e+01 3.05924129e+01
    3.02882462e+01 3.02847748e+01 3.10971909e+01 3.13395824e+01
    3.23178596e+01 3.16203594e+01 3.18298473e+01 3.05227604e+01
    2.97394466e+01 2.97148743e+01 2.94179802e+01 3.06286278e+01
    2.97165794e+01 2.90171242e+01 3.08753834e+01 2.81500969e+01
    2.93547039e+01 2.97209129e+01 2.88052654e+01 2.98662243e+01
    2.97536831e+01 2.79129906e+01 2.96909161e+01 2.97727699e+01
    2.83325748e+01 3.08148918e+01 3.06926994e+01 2.93446426e+01
    3.31118698e+01 3.29033852e+01 3.29648132e+01 3.21821404e+01
    3.49356384e+01 3.53463173e+01 3.35865746e+01 3.39736710e+01
    3.33337059e+01 3.32535172e+01 3.26513329e+01 3.36326523e+01
    3.23984146e+01 3.22145195e+01 3.38515854e+01 3.08933563e+01
    3.42241440e+01 3.23730507e+01 3.13406982e+01 3.21286240e+01
    3.10874062e+01 3.16452026e+01 3.41926537e+01 3.30581627e+01
    3.22394295e+01 3.07830582e+01 3.12285233e+01 3.20096397e+01
    3.02279663e+01 3.10275917e+01 3.03541145e+01 3.11062450e+01
    2.93334866e+01 2.84760494e+01 2.82913322e+01 2.88571167e+01
    3.13628311e+01 2.84622784e+01 3.15330048e+01 3.18222561e+01
    3.23703613e+01 3.19566574e+01 3.34588509e+01 3.26053162e+01
    3.30770569e+01 3.41836586e+01 3.19683609e+01 3.23310089e+01
    3.15150166e+01 3.11217823e+01 3.22919693e+01 3.15560303e+01
    3.06421852e+01 3.03994694e+01 2.96982861e+01 3.06748123e+01
    3.13117142e+01 3.08934536e+01 3.10480881e+01 3.20977135e+01
    3.26576004e+01 3.24496307e+01 3.24870262e+01 3.20245590e+01
    3.13282566e+01 3.12579575e+01 3.00473747e+01 3.03748112e+01
    3.05385494e+01 3.10388088e+01 3.00694370e+01 2.85712032e+01
    3.05173054e+01 3.00602589e+01 2.99507580e+01 3.09664860e+01
    3.09306183e+01 3.02444687e+01 3.35130424e+01 3.11936646e+01
    2.94060783e+01 2.99179344e+01 3.05945110e+01 3.08684521e+01
    2.98388157e+01 2.81589489e+01 2.83264427e+01 2.95439663e+01
    2.79220524e+01 3.02713890e+01 2.85013218e+01 3.17625523e+01
    3.13677731e+01 3.04058514e+01 3.10597782e+01 2.96791096e+01
    3.16126118e+01 3.20914001e+01 3.14128551e+01 3.01522522e+01
    3.00003853e+01 2.90346432e+01 2.80381145e+01 2.86865406e+01
    2.88171558e+01 2.78419876e+01 2.84912815e+01 2.77163067e+01
    2.81568737e+01 2.80547752e+01 2.72140942e+01 2.92298050e+01
    2.63959675e+01 2.92716599e+01 2.97612705e+01 2.82196407e+01
    2.75232182e+01 2.73535290e+01 2.71279373e+01 2.83714981e+01
    3.02160301e+01 3.04381695e+01 3.05065956e+01 3.04896431e+01
    3.04763222e+01 2.95706043e+01 2.96645374e+01 3.08523846e+01
    3.16081390e+01 2.89814529e+01 2.87800560e+01 2.96910419e+01
    2.88626194e+01 2.91552010e+01 2.85465488e+01 3.10826244e+01
    3.15877743e+01 3.10877914e+01 3.07471123e+01 3.09859638e+01
    3.08654556e+01 3.04666252e+01 2.91037464e+01 3.21257668e+01
    3.03710327e+01 2.95766163e+01 2.93010464e+01 2.63319874e+01
    2.77341232e+01 2.86621590e+01 2.93640938e+01 2.89385796e+01
    2.94223423e+01 2.81663399e+01 2.89904213e+01 2.94301910e+01
    2.83047123e+01 2.95677528e+01 3.04189701e+01 2.91501732e+01
    2.86234665e+01 2.63362503e+01 2.96237278e+01 2.77174282e+01
    2.87612133e+01 2.82135315e+01 2.73675900e+01 2.86114178e+01
    2.90529518e+01 2.85733509e+01 3.05824547e+01 3.05066376e+01
    2.97157688e+01 2.77757740e+01 2.79111347e+01 2.50796089e+01
    2.74612198e+01 2.84851246e+01 2.82733555e+01 2.90932045e+01
    2.97507191e+01 2.77325191e+01 2.83659477e+01 2.86594124e+01
    2.81555939e+01 3.03683071e+01 2.91478920e+01 2.81499672e+01
    2.91199093e+01 2.92450809e+01 2.79906254e+01 2.84457664e+01
    2.95398579e+01 2.84082699e+01 3.00321407e+01 2.93461781e+01
    2.83850269e+01 2.82795238e+01 2.97098560e+01 3.01514587e+01
    2.91690388e+01 2.98500118e+01 2.86828690e+01 2.83278255e+01
    2.90491142e+01 2.73961067e+01 2.93257103e+01 2.95999947e+01
    2.96263161e+01 2.87095985e+01 3.17747173e+01 2.92572060e+01
    2.97036018e+01 2.99429073e+01 3.09559612e+01 3.13711491e+01
    3.21525955e+01 3.23990173e+01 3.16293163e+01 3.07987556e+01
    3.29163818e+01 3.12957439e+01 3.31837921e+01 3.40961876e+01
    3.37669792e+01 3.22921219e+01 3.18383598e+01 3.06407776e+01
    3.02792130e+01 3.10783577e+01 3.16287937e+01 3.09559212e+01
    2.94876366e+01 2.88831120e+01 2.88171101e+01 2.83641701e+01
    2.68892536e+01 3.16206551e+01 2.99635391e+01 2.95889053e+01
    2.91233807e+01 2.92928314e+01 2.86178551e+01 2.81898270e+01
    3.23390694e+01 3.30717316e+01 3.11303444e+01 3.07308578e+01
    3.31536255e+01 3.28310051e+01 3.30821457e+01 3.40702553e+01
    3.49137840e+01 3.32596321e+01 3.40329285e+01 3.26232147e+01
    3.26157990e+01 3.26314201e+01 3.11137733e+01 3.24171944e+01
    3.38879356e+01 3.43212318e+01 3.51394653e+01 3.42131310e+01
    3.40107613e+01 3.34829750e+01 3.22648621e+01 3.34434509e+01
    3.26618195e+01 3.33372650e+01 3.23649864e+01 3.07070866e+01
    3.05002460e+01 2.93824463e+01 3.02468376e+01 3.00368919e+01
    2.80428123e+01 2.86798630e+01 3.09073448e+01 2.85406265e+01
    2.88617649e+01 3.01657085e+01 2.98663197e+01 3.16776237e+01
    3.18393574e+01 2.87463131e+01 3.23019829e+01 3.33411713e+01
    3.33297615e+01 3.34229660e+01 3.45587616e+01 3.47462997e+01
    3.14508781e+01 3.25819664e+01 3.25587120e+01 3.17418690e+01
    3.25670433e+01 3.20213089e+01 3.23458557e+01 3.19161854e+01
    3.20393791e+01 3.03222446e+01 3.19398441e+01 3.35045128e+01
    3.03223591e+01 3.27736435e+01 3.26715469e+01 3.19484940e+01
    3.10197124e+01 3.11712780e+01 3.36484985e+01 3.22573357e+01
    3.04694538e+01 2.85732632e+01 3.09330273e+01 3.22759094e+01
    2.81349468e+01 2.93480511e+01 2.99133739e+01 2.95829582e+01
    2.94438019e+01 3.13752098e+01 3.02449360e+01 3.08236027e+01
    2.84115982e+01 2.90781078e+01 3.08741455e+01 2.86153851e+01
    3.00654411e+01 2.95255814e+01 2.93808346e+01 2.76299763e+01
    2.82256241e+01 2.97280159e+01 2.73020992e+01 2.89604568e+01
    2.92514210e+01 3.05485458e+01 3.01880093e+01 3.14450626e+01
    3.02672176e+01 3.08367977e+01 3.13755703e+01 3.14105740e+01
    3.15154495e+01 3.13958130e+01 3.08065586e+01 2.69257107e+01
    2.76153049e+01 2.81320171e+01 2.64413662e+01 2.72393417e+01
    2.80016556e+01 2.83532124e+01 2.60416088e+01 2.48911114e+01
    2.56501083e+01 2.80314751e+01 2.80210190e+01 2.81588593e+01
    2.94395084e+01 2.87712955e+01 2.88070660e+01 2.79994087e+01
    2.64832134e+01 3.06060791e+01 3.11237240e+01 3.08893261e+01
    2.99739399e+01 3.01642113e+01 2.78913860e+01 3.03726597e+01
    2.93286514e+01 2.93338985e+01 3.01988239e+01 3.01301060e+01
    3.01632519e+01 2.78305721e+01 2.97291641e+01 2.99366093e+01
    3.02632866e+01 3.06233349e+01 3.14600830e+01 3.26803131e+01
    3.08037491e+01 3.14308128e+01 3.06021118e+01 3.07518482e+01
    3.14033127e+01 3.01905823e+01 2.90608501e+01 2.85813942e+01
    2.82533417e+01 2.78746700e+01 2.70554504e+01 2.73228474e+01
    2.90593491e+01 2.88855743e+01 2.88599854e+01 2.82155304e+01
    2.81801968e+01 2.99907360e+01 2.84690266e+01 2.94450855e+01
    3.02795296e+01 2.93638859e+01 2.70986290e+01 2.89357014e+01
    2.72859211e+01 2.87321587e+01 3.07753887e+01 2.92685509e+01
    2.99304695e+01 2.92372284e+01 3.13985615e+01 2.90734367e+01
    2.84645538e+01 2.99481773e+01 2.81661720e+01 2.82442226e+01
    3.07023106e+01 2.73680534e+01 2.77095146e+01 2.80187511e+01
    2.80739727e+01 2.76375198e+01 3.01283302e+01 2.83186817e+01
    2.86796207e+01 2.75050449e+01 2.84698906e+01 2.77619209e+01
    2.82037315e+01 2.98808842e+01 2.91624641e+01 2.90557899e+01
    2.80820198e+01 2.92752781e+01 2.84344749e+01 2.72825546e+01
    3.04785728e+01 2.85740852e+01 2.84235840e+01 2.90839691e+01
    2.79088192e+01 2.89360714e+01 2.79355412e+01 2.99520779e+01
    2.82353477e+01 2.82961845e+01 2.85838013e+01 2.95338268e+01
    3.00748291e+01 2.96323185e+01 2.78624115e+01 2.90679417e+01
    2.93982983e+01 2.89376221e+01 2.85535564e+01 3.03309479e+01
    2.93828964e+01 3.18591957e+01 3.14962463e+01 3.07185097e+01
    3.05400829e+01 3.18664875e+01 3.27379532e+01 3.37602081e+01
    3.42177010e+01 3.31617470e+01 3.43139534e+01 3.48152084e+01
    3.26304092e+01 3.04078293e+01 3.25574875e+01 2.89540291e+01
    3.09011345e+01 3.03687515e+01 3.06920147e+01 2.86844730e+01
    2.83210812e+01 2.93545589e+01 2.65993233e+01 3.09148006e+01
    2.99984093e+01 3.02891026e+01 2.79574776e+01 2.96058731e+01
    2.91136093e+01 2.85432262e+01 3.23746033e+01 3.01660805e+01
    3.22123604e+01 3.23564186e+01 3.27693672e+01 3.14208775e+01
    3.24605598e+01 3.41151199e+01 3.56006279e+01 3.39360161e+01
    3.46977234e+01 3.22050819e+01 3.29679680e+01 3.29877243e+01
    3.10030880e+01 3.46306190e+01 3.27857666e+01 3.32199974e+01
    3.29329224e+01 3.36142693e+01 3.34678955e+01 3.19869671e+01
    3.40236473e+01 3.22825661e+01 3.47636566e+01 3.39848061e+01
    3.24634514e+01 3.15621414e+01 3.11974621e+01 3.14092350e+01
    3.00945759e+01 3.03413277e+01 3.00326767e+01 2.80508003e+01
    2.90047569e+01 2.86591053e+01 2.75461864e+01 2.78518448e+01
    3.06948128e+01 3.06260509e+01 2.96365471e+01 3.06401730e+01
    3.13425579e+01 3.10655060e+01 3.23829765e+01 3.35704880e+01
    3.30783272e+01 3.47291870e+01 3.29693947e+01 3.23531685e+01
    3.08246403e+01 3.04959850e+01 3.21922150e+01 3.12387924e+01
    3.07819920e+01 2.92143192e+01 2.97428017e+01 2.97780838e+01
    3.22258034e+01 3.07980309e+01 3.12586327e+01 3.24486389e+01
    2.98343735e+01 3.23843384e+01 3.07358131e+01 3.22535744e+01
    3.20260010e+01 3.20342979e+01 3.25194130e+01 2.89823303e+01
    3.19819431e+01 3.20625343e+01 3.03207836e+01 3.20515060e+01
    3.07868252e+01 3.09097862e+01 3.11311188e+01 3.13401890e+01
    2.99833298e+01 2.94371071e+01 2.95722141e+01 2.82484207e+01
    2.85224266e+01 2.88339539e+01 2.97425385e+01 2.87502193e+01
    2.88173599e+01 2.72021084e+01 2.82109718e+01 2.79707851e+01
    2.73754387e+01 2.81861477e+01 2.90275326e+01 2.93029785e+01
    3.13809261e+01 3.15407429e+01 3.11830845e+01 3.04477539e+01
    3.16967468e+01 3.19276390e+01 3.02383499e+01 3.11507835e+01
    3.03974876e+01 2.84822502e+01 2.71225014e+01 2.68264427e+01
    2.93050900e+01 2.77208805e+01 2.77346363e+01 2.81538563e+01
    2.60632095e+01 2.58859711e+01 2.66896324e+01 2.83048401e+01
    2.62960854e+01 2.85165119e+01 2.97724438e+01 2.72817917e+01
    2.76176109e+01 2.78040962e+01 2.74090252e+01 2.98235779e+01
    3.00617733e+01 3.09379120e+01 3.08012428e+01 3.09210644e+01
    2.99652061e+01 2.84734917e+01 2.79911842e+01 3.02454834e+01
    3.01257610e+01 3.04098530e+01 2.89002857e+01 2.82455273e+01
    3.01738148e+01 2.82198906e+01 3.01606617e+01 3.03745651e+01
    3.31899681e+01 3.10524120e+01 2.97329178e+01 3.03233891e+01
    3.01028862e+01 3.12394333e+01 2.84599781e+01 2.80626030e+01
    2.95083847e+01 2.80547104e+01 2.72336464e+01 2.68785782e+01
    2.69316559e+01 2.89618721e+01 3.07708015e+01 2.98948994e+01
    2.90860252e+01 2.76145439e+01 2.90539474e+01 2.92019081e+01
    2.99987507e+01 3.02208080e+01 2.99549294e+01 3.14276905e+01
    2.82560444e+01 2.95584183e+01 2.84318981e+01 2.92838688e+01
    3.08714981e+01 2.98366261e+01 3.06158905e+01 2.85355377e+01
    3.05771923e+01 2.85720615e+01 3.10200920e+01 2.95217457e+01
    2.84127502e+01 3.08701115e+01 2.97653275e+01 2.58301067e+01
    2.89251328e+01 2.97181969e+01 2.83217373e+01 3.06661930e+01
    2.96273670e+01 2.88961639e+01 2.85596638e+01 2.65091228e+01
    2.65664845e+01 2.98500290e+01 2.89233723e+01 2.76810436e+01
    2.66629715e+01 2.90112190e+01 2.68717155e+01 2.73380108e+01
    2.89474869e+01 2.87548676e+01 2.81747074e+01 2.89270439e+01
    2.76748219e+01 2.69539337e+01 2.88160820e+01 2.83678913e+01
    2.81796417e+01 2.95577755e+01 2.74720955e+01 2.77723312e+01
    2.93901253e+01 2.70475941e+01 2.85407925e+01 2.78875427e+01
    2.69414310e+01 2.83604813e+01 2.87359238e+01 2.83945007e+01
    2.91808033e+01 3.06345634e+01 3.06243439e+01 3.02788773e+01
    3.05550442e+01 3.19424953e+01 3.32222328e+01 3.18964462e+01
    3.22094803e+01 3.16413040e+01 3.18442936e+01 3.22482529e+01
    3.21070099e+01 3.15605373e+01 2.97004395e+01 3.06759186e+01
    2.99746037e+01 2.95402088e+01 2.97399521e+01 3.02272663e+01
    3.08603802e+01 2.91076069e+01 3.05500393e+01 2.91014652e+01
    2.91725121e+01 3.04469414e+01 2.96272755e+01 3.15434322e+01
    3.06471977e+01 3.02183857e+01 2.99746666e+01 3.05832233e+01
    3.18004894e+01 3.11073532e+01 3.22429123e+01 3.05268269e+01
    3.24865341e+01 3.24322739e+01 3.38312912e+01 3.21925545e+01
    3.41725235e+01 3.41184387e+01 3.31690102e+01 3.23440399e+01
    3.30088348e+01 3.23056526e+01 3.22006874e+01 3.24563942e+01
    3.11021481e+01 3.18508072e+01 3.24850426e+01 3.33819656e+01
    3.22010918e+01 3.31958771e+01 3.32405510e+01 3.21996841e+01
    3.24143944e+01 3.13835945e+01 3.21116409e+01 3.18857632e+01
    3.24779549e+01 3.02467957e+01 2.98290138e+01 2.98070450e+01
    2.81998482e+01 2.83830528e+01 3.06407108e+01 2.67985668e+01
    2.84637833e+01 2.92067719e+01 2.78516846e+01 2.97654285e+01
    2.98343487e+01 2.99488716e+01 3.08550701e+01 3.16892815e+01
    3.04464817e+01 3.15034733e+01 3.25763283e+01 3.23181076e+01
    2.90383797e+01 3.16487751e+01 3.07453880e+01 3.20171509e+01
    3.01667099e+01 3.11886215e+01 3.02136497e+01 2.94666729e+01
    2.75424614e+01 2.87244358e+01 2.98215218e+01 3.00137806e+01
    3.00128880e+01 2.91938744e+01 2.90271778e+01 2.99253922e+01
    2.97499752e+01 3.05390434e+01 3.16173134e+01 3.21244659e+01
    3.17287655e+01 2.94673538e+01 3.19661999e+01 3.17925587e+01
    3.33706932e+01 3.03676987e+01 2.99423847e+01 3.03677883e+01
    3.02495689e+01 3.12060051e+01 3.02631493e+01 3.06149960e+01
    3.07455387e+01 2.90910282e+01 2.95072899e+01 2.91766529e+01
    2.92532825e+01 2.81221027e+01 2.88782005e+01 2.75321617e+01
    2.82823944e+01 2.95422363e+01 2.89618740e+01 2.78631573e+01
    2.83255024e+01 3.23061447e+01 3.00401745e+01 3.08093929e+01
    2.97726173e+01 3.01331310e+01 3.11476631e+01 3.17569847e+01
    2.92200832e+01 2.99892788e+01 2.85232296e+01 2.76040478e+01
    2.77865562e+01 2.84615192e+01 2.71527023e+01 2.65898743e+01
    2.73979778e+01 2.62476597e+01 2.63656025e+01 2.48577843e+01
    2.73431568e+01 2.83609486e+01 2.78231602e+01 2.92427120e+01
    2.95522709e+01 2.91385937e+01 3.10858669e+01 2.95023575e+01
    2.93910217e+01 2.95812836e+01 3.07517853e+01 3.02951431e+01
    3.11638832e+01 3.16225910e+01 2.73795033e+01 2.86049538e+01
    2.92904434e+01 2.77056389e+01 2.95402069e+01 2.95692940e+01
    2.94061661e+01 2.94802952e+01 2.81886005e+01 2.93609505e+01
    2.93084450e+01 3.19560909e+01 3.16238346e+01 3.05793591e+01
    3.01365452e+01 2.91239929e+01 2.89035358e+01 3.08397274e+01
    2.99935703e+01 3.09166851e+01 2.96321259e+01 2.78092365e+01
    2.74942951e+01 2.71970234e+01 2.81734028e+01 2.92752781e+01
    3.04261436e+01 2.93769817e+01 3.02803574e+01 3.01139278e+01
    3.00463905e+01 2.95739441e+01 3.14704266e+01 2.92383575e+01
    3.15059299e+01 3.20570488e+01 2.93344803e+01 2.89643459e+01
    3.14696751e+01 3.03659973e+01 3.18297768e+01 2.87241573e+01
    2.93506927e+01 3.14588966e+01 3.07957535e+01 2.98992558e+01
    2.99308014e+01 3.05576420e+01 2.96999168e+01 2.89274979e+01
    2.79062538e+01 2.88027782e+01 2.99380074e+01 2.87741184e+01
    2.83747540e+01 2.82621593e+01 2.94854527e+01 3.00294189e+01
    2.88071384e+01 2.76202755e+01 2.96120358e+01 2.71719398e+01
    2.85161057e+01 2.83007278e+01 2.89495659e+01 2.78989697e+01
    2.63651810e+01 2.80340538e+01 2.82485409e+01 2.80302734e+01
    2.99274216e+01 2.71087151e+01 2.82825985e+01 2.75816307e+01
    2.74111328e+01 2.81641769e+01 2.67745018e+01 2.86889648e+01
    2.72101307e+01 2.62841167e+01 2.65714436e+01 2.75880165e+01
    2.90466194e+01 2.77286530e+01 2.73024673e+01 2.68601151e+01
    2.65938778e+01 2.79373474e+01 2.81309605e+01 3.00807476e+01
    2.86470070e+01 2.95137005e+01 3.00491486e+01 3.14658489e+01
    2.93680630e+01 3.26743279e+01 3.16656170e+01 3.15106468e+01
    3.22780075e+01 3.14767590e+01 3.15617733e+01 3.25158539e+01
    3.15448360e+01 3.18311749e+01 2.97615623e+01 2.99863205e+01
    2.88746719e+01 2.89662170e+01 3.00918560e+01 3.10579720e+01
    3.11303005e+01 2.82260017e+01 2.97978230e+01 3.00501900e+01
    3.15752201e+01 3.03820667e+01 3.13142071e+01 3.14690323e+01
    3.18111858e+01 3.06062489e+01 3.18372478e+01 3.04988155e+01
    3.25331192e+01 3.32139511e+01 3.24810066e+01 3.33919411e+01
    3.48491058e+01 3.38866806e+01 3.27964096e+01 3.48307152e+01
    3.32924194e+01 3.30676422e+01 3.42316971e+01 3.14797401e+01
    3.04424057e+01 3.25206757e+01 3.06700974e+01 3.01295986e+01
    3.33346291e+01 3.19653320e+01 3.21451187e+01 3.30902710e+01
    3.33292198e+01 3.30858345e+01 3.19715405e+01 3.38183479e+01
    3.26407356e+01 3.25301361e+01 3.25922012e+01 3.04736767e+01
    3.03908215e+01 2.96385441e+01 2.83293381e+01 2.98753757e+01
    2.84757805e+01 2.62818508e+01 2.71564789e+01 2.67042751e+01
    2.92066231e+01 2.80109844e+01 2.82629871e+01 2.79433918e+01
    2.93974285e+01 2.87618999e+01 3.08993340e+01 3.14764462e+01
    3.20220871e+01 3.29858208e+01 3.10076141e+01 3.18204556e+01
    3.02303143e+01 3.15167370e+01 3.19999294e+01 3.07782001e+01
    2.94576759e+01 3.00405025e+01 2.71665192e+01 2.84595337e+01
    2.85141468e+01 2.95204849e+01 3.02660618e+01 2.81020470e+01
    2.92223644e+01 2.92785568e+01 2.94073219e+01 2.94596977e+01
    3.17084427e+01 3.17091999e+01 3.14686985e+01 2.92065563e+01
    3.19342728e+01 3.21747475e+01 3.13140507e+01 2.96296291e+01
    3.19416027e+01 3.08374729e+01 3.13111744e+01 3.06367588e+01
    3.02688694e+01 3.04454269e+01 3.10067711e+01 3.02895889e+01
    2.83343201e+01 2.69275570e+01 2.97168446e+01 2.84681969e+01
    2.95572357e+01 2.89980831e+01 2.89769478e+01 2.81862335e+01
    3.03673687e+01 2.91697235e+01 2.93785801e+01 3.25268440e+01
    3.07340069e+01 3.10470371e+01 3.11896553e+01 3.10624561e+01
    3.06972904e+01 2.96845245e+01 3.16516552e+01 2.93274879e+01
    2.93835220e+01 2.91014671e+01 2.63222446e+01 2.70459709e+01
    2.79772129e+01 2.74716625e+01 2.61928768e+01 2.74944267e+01
    2.69599781e+01 2.41432343e+01 2.74781570e+01 2.80945263e+01
    2.74425278e+01 2.89373226e+01 3.08929939e+01 2.93307533e+01
    3.20990295e+01 3.12405262e+01 3.02158566e+01 3.04451828e+01
    3.24684029e+01 3.25509949e+01 3.04688053e+01 3.14033375e+01
    3.19911537e+01 3.07820606e+01 2.78303394e+01 2.88227959e+01
    3.03675976e+01 2.92003422e+01 3.04368038e+01 2.77553520e+01
    2.95816479e+01 2.91669540e+01 3.06456623e+01 3.11235027e+01
    3.08383789e+01 3.12956867e+01 2.93191395e+01 2.67447910e+01
    3.01246338e+01 3.04508247e+01 3.14165173e+01 3.07533951e+01
    3.06920605e+01 2.77909794e+01 2.73872776e+01 2.85849819e+01
    2.68134956e+01 2.94402542e+01 3.17566071e+01 3.10656796e+01
    3.10181732e+01 2.97763672e+01 2.98901310e+01 3.20358086e+01
    3.22564011e+01 3.28099861e+01 3.26667786e+01 3.23602600e+01
    3.09343910e+01 3.03658810e+01 3.01713924e+01 2.92066002e+01
    3.07760754e+01 2.99354191e+01 3.09776783e+01 3.08705845e+01
    2.98462353e+01 2.93826752e+01 3.05174789e+01 2.98608894e+01
    2.75733833e+01 2.96665783e+01 3.06369972e+01 2.87473469e+01
    2.90225983e+01 2.81909447e+01 2.87120380e+01 3.04014225e+01
    2.87382450e+01 2.99686909e+01 3.04727821e+01 2.88346577e+01
    2.73923073e+01 3.06242905e+01 2.95510712e+01 2.81776543e+01
    2.71178818e+01 3.03695793e+01 2.73307781e+01 2.82475090e+01
    2.84823990e+01 2.92715874e+01 2.66518250e+01 2.71889439e+01
    2.73475590e+01 2.65610485e+01 2.59877758e+01 2.70934334e+01
    2.81237850e+01 2.72039127e+01 2.53609638e+01 2.61488361e+01
    2.59724636e+01 2.85640965e+01 2.87991505e+01 2.83787594e+01
    2.98518085e+01 2.77339401e+01 2.76196327e+01 2.79157906e+01
    2.68093624e+01 2.86318512e+01 2.89457092e+01 3.05597248e+01
    2.99764977e+01 2.96854515e+01 2.96969852e+01 3.13056793e+01
    3.13374023e+01 3.20407486e+01 2.88795319e+01 3.15002689e+01
    3.15083561e+01 3.22429123e+01 3.09096737e+01 3.07677383e+01
    3.00458145e+01 2.95791378e+01 2.90395699e+01 2.91828194e+01
    2.97850189e+01 2.84038811e+01 3.08347092e+01 3.09677181e+01
    2.90814972e+01 3.05668278e+01 3.04731693e+01 3.21616096e+01
    3.10834141e+01 3.20565567e+01 3.18229752e+01 3.10747623e+01
    3.20470657e+01 3.16992302e+01 3.33721390e+01 3.08245144e+01
    3.33681145e+01 3.38704338e+01 3.54109764e+01 3.52886696e+01
    3.35239983e+01 3.42409973e+01 3.47720985e+01 3.18382816e+01
    3.31335258e+01 3.23264198e+01 2.98254509e+01 3.18132763e+01
    3.03512878e+01 3.22281837e+01 2.90922871e+01 3.24119377e+01
    3.22838974e+01 3.13644352e+01 3.36807671e+01 3.21899605e+01
    3.46508026e+01 3.29369011e+01 3.19800186e+01 3.33895454e+01
    3.35978928e+01 3.11382217e+01 3.06699505e+01 2.85346851e+01
    3.10084572e+01 2.90337143e+01 2.91079712e+01 2.76063480e+01
    2.87154274e+01 2.82066536e+01 2.93868332e+01 2.85121803e+01
    2.93042221e+01 2.94023418e+01 2.91456127e+01 3.02141457e+01
    2.97010517e+01 2.99022408e+01 3.10536251e+01 3.15580101e+01
    3.15612907e+01 3.06981411e+01 3.01045437e+01 3.20958138e+01
    3.04418373e+01 3.17117233e+01 3.02786255e+01 2.74052048e+01
    2.73408508e+01 2.63371239e+01 2.83082218e+01 2.76850853e+01
    2.78768806e+01 2.79769897e+01 2.76287460e+01 2.93621464e+01
    2.73701801e+01 3.06324844e+01 3.06500683e+01 3.01564274e+01
    3.32983551e+01 3.00576077e+01 3.13122730e+01 3.24160118e+01
    3.38058434e+01 3.11015759e+01 3.14719448e+01 3.21233482e+01
    3.11554222e+01 3.15377331e+01 3.14999390e+01 3.01660309e+01
    3.03997936e+01 2.92236767e+01 3.03256836e+01 2.75127430e+01
    2.89221973e+01 2.95231113e+01 2.90574951e+01 2.98024254e+01
    3.13336258e+01 3.01257343e+01 3.13220348e+01 3.02018719e+01
    2.89102840e+01 3.17902699e+01 2.92338657e+01 3.02724476e+01
    3.14947243e+01 2.97427216e+01 3.18045616e+01 3.05195961e+01
    3.13380795e+01 3.09451084e+01 2.76169167e+01 2.82510490e+01
    2.64384117e+01 2.70978203e+01 2.57977085e+01 2.65544357e+01
    2.69926777e+01 2.59204082e+01 2.53581295e+01 2.54212132e+01
    2.52645226e+01 2.67777481e+01 2.82542038e+01 2.85779819e+01
    3.13279667e+01 3.03318253e+01 3.03167801e+01 2.72328262e+01
    2.98965549e+01 3.14455414e+01 3.01401539e+01 2.99941292e+01
    2.97304783e+01 2.99088974e+01 2.83182850e+01 2.82462006e+01
    2.86859570e+01 2.89281139e+01 2.84397888e+01 3.00725479e+01
    2.86698036e+01 2.84616985e+01 2.90467110e+01 2.79072113e+01
    2.94262104e+01 3.01083374e+01 3.10701866e+01 3.13450413e+01
    3.06633472e+01 2.84349995e+01 2.88857727e+01 3.02512035e+01
    3.03733902e+01 3.07856064e+01 2.93712978e+01 2.73284416e+01
    2.61294174e+01 2.47896328e+01 2.55577698e+01 2.99658756e+01
    2.94758968e+01 2.86861668e+01 3.14670849e+01 3.03507748e+01
    2.92040005e+01 3.12264748e+01 3.18881950e+01 3.31286240e+01
    3.22303734e+01 3.19042969e+01 3.15326481e+01 3.04937496e+01
    2.94935379e+01 2.91386280e+01 3.12030411e+01 2.86569557e+01
    2.86587448e+01 2.90964355e+01 2.95582428e+01 3.04367924e+01
    3.18214188e+01 2.85559311e+01 2.87899342e+01 2.94973297e+01
    2.84612999e+01 2.82222195e+01 2.96876717e+01 2.92950325e+01
    2.90226803e+01 2.88002205e+01 2.90995655e+01 3.04005356e+01
    3.04251385e+01 2.84317417e+01 2.76900101e+01 2.85232143e+01
    2.79089260e+01 2.70908394e+01 2.71212254e+01 2.94431248e+01
    2.72994785e+01 2.81794186e+01 2.59008675e+01 2.78414631e+01
    2.84082241e+01 2.62680817e+01 2.62185555e+01 2.69485226e+01
    2.73296852e+01 2.58602085e+01 2.70374393e+01 2.94285316e+01
    2.72981186e+01 2.86360722e+01 2.82422104e+01 2.95377254e+01
    3.08481560e+01 2.89421101e+01 2.96605396e+01 2.95848122e+01
    2.70712681e+01 2.77105522e+01 2.71713142e+01 2.90495701e+01
    2.89515896e+01 2.92753277e+01 3.04588985e+01 2.85480347e+01
    2.99483929e+01 3.08361225e+01 3.26966171e+01 3.20425949e+01
    3.29426117e+01 3.26389542e+01 3.29627190e+01 3.20665398e+01
    3.07678413e+01 3.00478344e+01 2.96468258e+01 2.95255051e+01
    2.93835106e+01 2.82106552e+01 2.99910393e+01 2.90349503e+01
    3.00717220e+01 3.02708454e+01 2.86623001e+01 3.15944881e+01
    3.06792965e+01 3.04224625e+01 2.81476498e+01 2.88223553e+01
    3.04464626e+01 2.94887581e+01 3.05686131e+01 3.05358524e+01
    3.04771519e+01 2.93505859e+01 3.15241947e+01 3.18291340e+01
    3.45562286e+01 3.41484947e+01 3.39326515e+01 3.35185509e+01
    3.31056938e+01 3.36641846e+01 3.19146538e+01 3.23501091e+01
    3.23855820e+01 3.09209270e+01 3.16350880e+01 3.20912399e+01
    3.20603905e+01 3.21009216e+01 3.11662388e+01 3.25889091e+01
    3.13108044e+01 3.25305367e+01 3.39335442e+01 3.10390625e+01
    3.31037331e+01 3.10806484e+01 3.18680096e+01 3.07198429e+01
    3.05521088e+01 2.91038132e+01 2.78823586e+01 2.94779510e+01
    2.90910912e+01 2.79968624e+01 2.88627739e+01 2.67501125e+01
    2.90212135e+01 2.89723587e+01 2.75518227e+01 3.04050922e+01
    2.94701118e+01 3.07914371e+01 3.14950066e+01 3.34025650e+01
    3.13935699e+01 3.19595528e+01 3.14420986e+01 3.07641525e+01
    3.10044632e+01 3.24480629e+01 3.03705273e+01 3.09338417e+01
    2.93937054e+01 2.94892006e+01 2.72423420e+01 2.68410110e+01
    2.83159943e+01 2.77885857e+01 2.69657936e+01 2.64436989e+01
    2.71230793e+01 2.81499424e+01 2.69376049e+01 2.99268360e+01
    2.97295856e+01 3.20989761e+01 3.09819870e+01 2.80743332e+01
    3.04983959e+01 2.90751209e+01 3.16479301e+01 3.00136108e+01
    3.05549030e+01 3.04222088e+01 3.08414974e+01 3.12248936e+01
    2.97795048e+01 2.87658691e+01 2.93357162e+01 2.99574928e+01
    3.11065464e+01 2.75360966e+01 2.94944077e+01 2.90663033e+01
    2.95534344e+01 2.78581753e+01 2.98108788e+01 2.96911068e+01
    2.95178528e+01 2.94466095e+01 2.98884048e+01 3.09553013e+01
    2.99734287e+01 3.15014324e+01 3.12404919e+01 3.10761013e+01
    3.25553665e+01 3.09279766e+01 3.15585079e+01 3.14782829e+01
    2.93628368e+01 2.86611385e+01 2.63141365e+01 2.87889748e+01
    2.79077682e+01 2.66472187e+01 2.83492107e+01 2.63667641e+01
    2.73470612e+01 2.47037430e+01 2.64625950e+01 2.94238052e+01
    2.84029942e+01 2.96509666e+01 2.91448021e+01 2.66224308e+01
    3.02405910e+01 2.76158772e+01 3.09552555e+01 2.87512150e+01
    2.95385628e+01 3.08797932e+01 2.87497711e+01 2.94489536e+01
    2.93621998e+01 3.00831776e+01 2.96076412e+01 2.77620888e+01
    3.02214870e+01 3.04071980e+01 2.84316235e+01 2.91865158e+01
    2.90660648e+01 2.86286488e+01 2.99020424e+01 3.08332024e+01
    3.19419079e+01 3.13365822e+01 3.03108444e+01 2.97006702e+01
    2.90272846e+01 2.84962425e+01 2.78243847e+01 2.96332912e+01
    2.99636860e+01 2.77407055e+01 2.70069466e+01 2.72167397e+01
    2.60107555e+01 2.84662590e+01 2.90135727e+01 3.10780754e+01
    3.08309517e+01 2.99183578e+01 2.96363869e+01 3.05134583e+01
    3.00733242e+01 3.05204620e+01 3.18888931e+01 2.94417381e+01
    3.11070099e+01 2.86655502e+01 2.83901100e+01 2.86393337e+01
    2.98608646e+01 2.94733620e+01 2.74411831e+01 2.90049324e+01
    2.90869083e+01 2.82381401e+01 2.99541702e+01 2.87680759e+01
    2.79555378e+01 2.90988178e+01 3.00951309e+01 2.93096447e+01
    2.87483978e+01 3.05742531e+01 2.94254417e+01 3.10903683e+01
    3.13623734e+01 2.98764381e+01 2.83261242e+01 2.86187572e+01
    2.87834148e+01 2.87233715e+01 3.04113865e+01 2.86927662e+01
    2.83713608e+01 2.99326077e+01 2.72454586e+01 2.74763565e+01
    2.81562595e+01 2.88872128e+01 2.62429619e+01 2.70090084e+01
    2.67476101e+01 2.74965553e+01 2.72031956e+01 2.60743332e+01
    2.81659546e+01 2.89011421e+01 2.84624577e+01 2.66109581e+01
    2.79215889e+01 2.93225822e+01 2.83940372e+01 2.79160805e+01
    2.82535286e+01 2.85661068e+01 2.82117977e+01 2.67670288e+01
    2.77530727e+01 2.83551579e+01 2.71059380e+01 3.01621971e+01
    2.94788342e+01 2.90565529e+01 2.98966579e+01 3.09926853e+01
    3.30797348e+01 3.18927784e+01 3.19671478e+01 3.19991684e+01
    3.24390411e+01 3.03639946e+01 2.99882736e+01 3.12666187e+01
    2.97015953e+01 3.16600494e+01 2.87100754e+01 2.91953182e+01
    3.11342278e+01 2.87394485e+01 2.89201031e+01 3.03251171e+01
    3.05359802e+01 2.85045280e+01 2.98383808e+01 2.94514275e+01
    2.80457668e+01 3.01681290e+01 3.13110046e+01 2.97829876e+01
    3.02626152e+01 3.09649677e+01 3.09049931e+01 3.22362442e+01
    3.04018116e+01 3.21580315e+01 3.40606804e+01 3.34013596e+01
    3.42640038e+01 3.17524891e+01 3.13310394e+01 3.31377144e+01
    3.26765976e+01 3.20841522e+01 3.16163960e+01 3.21490135e+01
    3.15937004e+01 3.14315720e+01 3.21456337e+01 3.18007355e+01
    3.23329048e+01 3.34737206e+01 3.32437248e+01 3.45093231e+01
    3.36853600e+01 3.42955513e+01 3.25980453e+01 3.18082199e+01
    3.45057297e+01 3.12447510e+01 2.96287041e+01 2.93820496e+01
    3.05485268e+01 2.76630936e+01 2.84807301e+01 2.98074989e+01
    2.87236595e+01 2.91183548e+01 2.99095097e+01 2.85231400e+01
    3.01690178e+01 2.87732792e+01 3.06109047e+01 3.17051563e+01
    3.12062149e+01 3.23840904e+01 3.18798618e+01 3.20557060e+01
    3.22303085e+01 3.10423489e+01 3.07556171e+01 3.23709335e+01
    3.14482288e+01 3.24366264e+01 2.90399952e+01 3.03419285e+01
    2.88053417e+01 2.83468914e+01 2.71682034e+01 2.85294094e+01
    2.90221806e+01 2.58546124e+01 2.64731102e+01 2.88083401e+01
    2.86685505e+01 3.01894093e+01 2.91790752e+01 3.05095673e+01
    3.04474926e+01 2.96439686e+01 3.03154736e+01 3.03047066e+01
    3.12217236e+01 3.20673981e+01 3.07259598e+01 2.96546535e+01
    3.13995037e+01 3.08390732e+01 3.03898888e+01 3.00912323e+01
    2.89959965e+01 3.08081417e+01 2.85887985e+01 2.96020718e+01
    3.05984154e+01 2.91703644e+01 3.11696396e+01 3.08894939e+01
    2.97268391e+01 3.17157288e+01 3.07521133e+01 2.92720013e+01
    3.02439957e+01 3.12945385e+01 3.02624340e+01 3.06003551e+01
    3.18122673e+01 3.03149548e+01 3.13280220e+01 3.05086384e+01
    3.08275814e+01 3.02827148e+01 3.18763485e+01 2.98701687e+01
    2.81875534e+01 2.94065247e+01 2.82980595e+01 2.74611568e+01
    2.76980896e+01 2.71041832e+01 2.68821449e+01 2.72841339e+01
    2.69026508e+01 2.80728092e+01 2.87284565e+01 2.79837608e+01
    2.87906189e+01 2.87687130e+01 2.90435963e+01 3.07615414e+01
    2.93964767e+01 3.08567638e+01 3.26764565e+01 3.13774548e+01
    3.10917110e+01 2.96779728e+01 2.99150982e+01 2.93148613e+01
    2.91887417e+01 3.09489975e+01 3.01906605e+01 3.04086971e+01
    2.86605949e+01 2.75972252e+01 2.87666855e+01 3.02728233e+01
    2.94659595e+01 3.16885815e+01 3.14756622e+01 3.23081169e+01
    2.99208832e+01 2.86771755e+01 2.94866924e+01 2.64858437e+01
    2.73005352e+01 2.93933125e+01 2.76109543e+01 2.63770847e+01
    2.59355240e+01 2.51495266e+01 2.71883755e+01 2.75737762e+01
    2.80185242e+01 3.08096905e+01 2.94986477e+01 2.95797939e+01
    2.88181171e+01 3.21224670e+01 3.04785671e+01 3.16869755e+01
    3.08036327e+01 2.99345837e+01 3.04470005e+01 2.97315884e+01
    3.05256519e+01 2.81647320e+01 3.07672272e+01 2.93079929e+01
    2.90500145e+01 2.95441799e+01 2.89433155e+01 2.84461384e+01
    2.79054470e+01 3.03423824e+01 2.95037403e+01 2.93416862e+01
    3.12673264e+01 2.81850471e+01 2.98828030e+01 3.14864712e+01
    3.20434723e+01 3.04255219e+01 2.96192036e+01 3.01454201e+01
    2.99742126e+01 2.76497307e+01 2.94436970e+01 3.06604729e+01
    2.96306763e+01 2.85239086e+01 2.92319641e+01 2.87218018e+01
    2.80723953e+01 2.90707359e+01 2.85384960e+01 2.84728298e+01
    2.94492149e+01 2.71020603e+01 2.67668934e+01 2.62720852e+01
    2.75000458e+01 2.76717377e+01 2.89509621e+01 2.87547054e+01
    2.88656387e+01 2.81392345e+01 2.89973583e+01 2.92331333e+01
    2.92520027e+01 2.85397720e+01 2.84408817e+01 2.87330055e+01
    2.87997799e+01 2.82014637e+01 2.75287361e+01 2.88442364e+01
    2.88645344e+01 2.86756096e+01 2.92052708e+01 2.98529701e+01
    3.10456028e+01 3.10952988e+01 3.23088722e+01 3.29756851e+01
    3.38596039e+01 3.33091431e+01 3.22548599e+01 3.06945820e+01
    3.26361122e+01 3.07469521e+01 3.11098366e+01 3.12144432e+01
    3.07349720e+01 3.04474888e+01 3.01806908e+01 2.86409092e+01
    2.97188091e+01 2.84191971e+01 2.90887604e+01 2.92939682e+01
    2.99009571e+01 2.96545296e+01 2.71127911e+01 2.91797600e+01
    2.88261204e+01 2.87210999e+01 3.00528736e+01 3.01575432e+01
    3.04888554e+01 3.02801685e+01 3.00053120e+01 3.19134159e+01
    3.14532413e+01 3.27761803e+01 3.24932938e+01 3.32574310e+01
    3.37826614e+01 3.25001640e+01 3.28132782e+01 3.20012550e+01
    3.22568550e+01 3.19094849e+01 3.28483505e+01 3.07749920e+01
    3.14180145e+01 3.23291397e+01 3.14443436e+01 3.27793732e+01
    3.28743782e+01 3.18366852e+01 3.25042839e+01 3.29380341e+01
    3.29136467e+01 3.32684669e+01 3.08913574e+01 3.12985001e+01
    3.14839268e+01 2.95964127e+01 2.92136822e+01 2.92159519e+01
    2.96148129e+01 2.71741104e+01 2.76976337e+01 3.01827374e+01
    2.89923058e+01 2.95384312e+01 3.13881817e+01 2.98750687e+01
    3.13493214e+01 3.04515209e+01 3.14528637e+01 3.28526039e+01
    3.34889297e+01 3.08331051e+01 2.97633858e+01 3.28228340e+01
    3.31175499e+01 3.33231430e+01 3.10261765e+01 3.24710007e+01
    3.13967056e+01 2.95301819e+01 2.98379726e+01 2.82021484e+01
    3.08927994e+01 2.97831726e+01 2.67437134e+01 2.79336033e+01
    2.98609276e+01 2.78206978e+01 2.87436028e+01 3.09852619e+01
    2.98349247e+01 3.15854473e+01 3.09047642e+01 3.08976841e+01
    2.93799667e+01 3.02813759e+01 2.95701103e+01 3.08458176e+01
    2.91038303e+01 2.92081375e+01 2.88798199e+01 2.88627205e+01
    2.98286839e+01 2.85409031e+01 2.99686356e+01 3.03008137e+01
    2.77646847e+01 2.83669987e+01 2.86137543e+01 2.76808434e+01
    3.08110352e+01 3.04954147e+01 2.96972809e+01 2.84482231e+01
    3.09611912e+01 3.00804787e+01 2.90601997e+01 3.09499302e+01
    3.01694622e+01 3.14382896e+01 3.06619568e+01 3.02519493e+01
    3.06200905e+01 2.97709446e+01 3.26270332e+01 3.08334522e+01
    3.07916965e+01 2.99484177e+01 2.96659222e+01 2.90819435e+01
    2.80620785e+01 2.94198647e+01 2.71472855e+01 2.82343769e+01
    2.96184311e+01 2.84380054e+01 2.87121696e+01 2.81802425e+01
    2.78900242e+01 3.02333622e+01 3.02838631e+01 2.88820496e+01
    2.91386547e+01 3.00953541e+01 3.12060986e+01 3.06526871e+01
    3.09876060e+01 3.23774796e+01 3.17624569e+01 3.16364994e+01
    2.96597233e+01 2.99550686e+01 3.09554691e+01 3.04276009e+01
    3.13783226e+01 3.17065029e+01 3.11316147e+01 3.01786919e+01
    3.05123577e+01 2.98175907e+01 3.10645294e+01 3.10454121e+01
    3.20279312e+01 3.23575783e+01 2.86640034e+01 2.96705227e+01
    2.73569012e+01 2.85070210e+01 2.85027618e+01 2.69518700e+01
    2.61590443e+01 2.56118431e+01 2.64125366e+01 2.70575123e+01
    2.66865387e+01 2.87718983e+01 2.79584122e+01 2.86494751e+01
    2.97553749e+01 2.94996128e+01 2.90895329e+01 2.93020992e+01
    2.86959801e+01 3.12600975e+01 2.90730495e+01 2.92712593e+01
    2.86230354e+01 3.06984100e+01 2.94364681e+01 2.96060734e+01
    3.06393948e+01 2.98366337e+01 3.04178104e+01 2.83508892e+01
    2.96604958e+01 2.94825039e+01 2.93727264e+01 3.00077419e+01
    2.81415062e+01 2.78504982e+01 3.08301964e+01 2.86051788e+01
    3.09351044e+01 2.99121113e+01 3.06256962e+01 3.08364525e+01
    3.15847244e+01 3.04258499e+01 2.92052307e+01 3.17005672e+01
    2.82501202e+01 3.05860729e+01 3.14658756e+01 2.90961590e+01
    2.94362354e+01 2.92239246e+01 2.87958641e+01 2.98515739e+01
    2.78522396e+01 2.98678322e+01 2.93082714e+01 2.64203815e+01
    2.80906334e+01 2.71386547e+01 2.84074497e+01 2.76454391e+01
    2.89057446e+01 2.98946991e+01 2.92762413e+01 2.77752037e+01
    2.95372314e+01 2.95252895e+01 3.06669140e+01 2.72094078e+01
    2.94598827e+01 2.82522926e+01 2.73636951e+01 2.80775280e+01
    2.81452065e+01 2.60773621e+01 2.96849289e+01 2.96343136e+01
    2.97173882e+01 3.17684345e+01 3.22579956e+01 3.13023834e+01
    3.22116051e+01 3.23946190e+01 3.11696644e+01 3.13507252e+01
    3.30645294e+01 3.22438927e+01 3.14620934e+01 3.02011147e+01
    3.12992592e+01 3.03970108e+01 3.11977711e+01 3.04616795e+01
    3.14074936e+01 3.10845070e+01 2.99106789e+01 3.04613533e+01
    2.75780506e+01 3.15980968e+01 3.13482399e+01 3.13792286e+01
    3.02428055e+01 2.97062874e+01 2.88984623e+01 2.91929073e+01
    2.95244751e+01 2.81477509e+01 2.94343719e+01 3.18492107e+01
    2.95986843e+01 2.87874451e+01 3.21675224e+01 3.16649990e+01
    3.18000202e+01 2.99327774e+01 3.19770241e+01 3.20125351e+01
    3.08113766e+01 3.26888962e+01 3.13503933e+01 3.12941341e+01
    3.27745514e+01 3.03486271e+01 3.04782734e+01 3.24937172e+01
    3.29617805e+01 3.21254845e+01 3.03044605e+01 3.15339146e+01
    3.02706680e+01 3.13377419e+01 3.21279182e+01 3.01671391e+01
    3.12283649e+01 3.03519115e+01 2.84597435e+01 2.88536644e+01
    2.89061794e+01 2.89323559e+01 2.90781384e+01 2.83865643e+01
    2.78079319e+01 2.99269810e+01 3.01513748e+01 2.96747456e+01
    2.92046280e+01 3.00100136e+01 2.87170830e+01 3.03918781e+01
    3.13228340e+01 3.08514652e+01 3.19551353e+01 3.17895203e+01
    3.10740795e+01 2.98180542e+01 3.06869774e+01 3.22176781e+01
    3.04270134e+01 3.15290623e+01 2.91016541e+01 2.86842556e+01
    2.91471462e+01 2.87942257e+01 2.79943275e+01 2.82922249e+01
    3.11174774e+01 3.08746185e+01 2.66716537e+01 2.82856655e+01
    2.93952065e+01 3.15757580e+01 3.12122993e+01 3.25841484e+01
    3.35834503e+01 3.16760464e+01 3.18342419e+01 3.10285091e+01
    3.11450710e+01 3.03767509e+01 2.99367676e+01 2.92420902e+01
    2.72198181e+01 2.84405670e+01 3.00708885e+01 2.82177105e+01
    2.84278049e+01 3.02247601e+01 2.86620102e+01 2.71728268e+01
    3.04626522e+01 3.02868481e+01 3.11409321e+01 3.10474854e+01
    3.06769810e+01 2.93701210e+01 2.99313755e+01 2.86962452e+01
    2.83250065e+01 2.88285065e+01 3.06682854e+01 2.98957748e+01
    2.88420677e+01 2.87855968e+01 2.94627323e+01 2.93546600e+01
    2.92566185e+01 2.99666557e+01 3.04406071e+01 3.12862740e+01
    3.06675510e+01 3.22515869e+01 2.91957436e+01 2.95156918e+01
    2.89822159e+01 2.96193886e+01 3.02526913e+01 2.67917747e+01
    2.93256283e+01 2.75512848e+01 2.93477650e+01 2.99965458e+01
    2.97595081e+01 2.96032791e+01 2.90006313e+01 3.02975388e+01
    3.12916927e+01 3.08398380e+01 3.41690483e+01 3.36588631e+01
    3.18074322e+01 3.27224503e+01 3.09275188e+01 3.21551933e+01
    3.07197285e+01 3.09798946e+01 3.26073151e+01 3.18902550e+01
    3.09595947e+01 2.98609867e+01 2.90274715e+01 3.21682053e+01
    3.08873138e+01 3.13069572e+01 3.11669235e+01 3.06969452e+01
    2.77715626e+01 2.86356201e+01 2.88501453e+01 2.83870716e+01
    2.74311390e+01 2.61705666e+01 2.55345078e+01 2.41749840e+01
    2.60655136e+01 2.72794685e+01 2.88938408e+01 2.90917339e+01
    2.87582970e+01 3.02445564e+01 2.95286388e+01 2.96610031e+01
    3.01062202e+01 3.10328026e+01 3.24769783e+01 3.18334103e+01
    3.02672596e+01 2.95394745e+01 2.94892006e+01 3.06392994e+01
    2.97209854e+01 3.00010185e+01 2.99113789e+01 2.97164955e+01
    2.83045006e+01 2.90196991e+01 2.81992130e+01 2.77469234e+01
    2.81235771e+01 2.88578510e+01 2.61753960e+01 3.26150398e+01
    3.01273441e+01 2.82665176e+01 2.96899242e+01 2.96111946e+01
    3.06128273e+01 2.97716179e+01 3.12921772e+01 3.03087559e+01
    3.08260326e+01 2.89901695e+01 2.88567219e+01 3.02466602e+01
    2.87606602e+01 2.94036312e+01 3.14055977e+01 3.09218311e+01
    3.06172962e+01 2.87901287e+01 2.99743042e+01 2.77628078e+01
    2.91741829e+01 2.86606255e+01 2.86787109e+01 2.76750622e+01
    2.79613647e+01 2.83515911e+01 2.91105785e+01 2.89327354e+01
    2.85695038e+01 2.85891247e+01 2.87348366e+01 2.98827629e+01
    2.98182755e+01 2.77434902e+01 2.84378414e+01 2.83023891e+01
    2.56175060e+01 2.67180061e+01 2.66906357e+01 2.81638069e+01
    2.77043724e+01 2.94719944e+01 2.94220886e+01 2.99801502e+01
    2.98840141e+01 3.06995811e+01 3.10240307e+01 3.04425068e+01
    3.13556938e+01 3.33446884e+01 3.23192482e+01 3.08670311e+01
    3.16118507e+01 3.08346176e+01 3.12973118e+01 3.22280312e+01
    2.96894283e+01 3.24190865e+01 3.14302120e+01 3.15805073e+01
    3.07924175e+01 3.08680553e+01 3.05065536e+01 3.07835026e+01
    3.05895004e+01 3.28646736e+01 2.91184635e+01 2.90098610e+01
    2.83727398e+01 2.88348846e+01 2.98425999e+01 2.93396358e+01
    2.98088818e+01 3.02727852e+01 2.99417171e+01 3.08411827e+01
    2.94355640e+01 3.36504784e+01 3.11766338e+01 3.09810677e+01
    3.26571617e+01 3.20895119e+01 3.15568295e+01 3.16539402e+01
    3.17199574e+01 3.30677490e+01 3.18490486e+01 2.98282509e+01
    3.07591515e+01 2.99691620e+01 3.21166267e+01 3.15966301e+01
    2.98601875e+01 3.06944294e+01 2.84987087e+01 2.99719982e+01
    3.09255886e+01 3.12138557e+01 3.02867947e+01 2.97695084e+01
    2.98335934e+01 2.84029789e+01 2.81786308e+01 3.11121521e+01
    2.93047867e+01 2.69693871e+01 2.65755081e+01 3.03015022e+01
    2.85157337e+01 2.81533909e+01 3.00850105e+01 2.91617298e+01
    2.87103519e+01 2.81495399e+01 2.90577850e+01 2.97014523e+01
    3.19983578e+01 3.01627846e+01 2.93896084e+01 2.93689251e+01
    3.22443390e+01 2.97664013e+01 2.89034901e+01 3.20169754e+01
    2.95323772e+01 2.93189373e+01 2.82558537e+01 2.70905323e+01
    3.02194252e+01 3.05671844e+01 2.99662132e+01 2.88138180e+01
    2.90138664e+01 3.01431618e+01 3.02318249e+01 3.07164364e+01
    3.21029816e+01 3.30881386e+01 3.45777016e+01 3.40495224e+01
    3.13509274e+01 3.01635437e+01 3.02021503e+01 3.10325375e+01
    3.01690178e+01 2.93599968e+01 2.92663860e+01 2.87921867e+01
    2.75955467e+01 2.82736645e+01 2.93535423e+01 2.93582535e+01
    3.00064964e+01 2.95997086e+01 2.85297756e+01 2.86690731e+01
    3.18030567e+01 2.98708611e+01 3.18386745e+01 2.93173008e+01
    2.79596729e+01 2.76420288e+01 2.92218494e+01 2.85127163e+01
    2.77102375e+01 2.81985302e+01 2.85421944e+01 2.75319195e+01
    2.87811222e+01 2.52898560e+01 2.83400269e+01 3.00975647e+01
    2.90964699e+01 2.95631409e+01 3.17955589e+01 2.98043938e+01
    3.09007282e+01 3.09257050e+01 2.92622719e+01 3.12131138e+01
    2.84515285e+01 2.93099003e+01 2.98176079e+01 2.94301262e+01
    2.95904598e+01 3.11076927e+01 3.09927616e+01 2.98781815e+01
    2.91453419e+01 2.98902264e+01 3.11353054e+01 3.07693424e+01
    3.30075111e+01 3.40958176e+01 3.42654266e+01 3.39489517e+01
    2.98839455e+01 3.18491669e+01 3.15251122e+01 3.20350723e+01
    3.15688133e+01 3.16171074e+01 3.24202194e+01 3.02652454e+01
    3.16613998e+01 3.12285156e+01 3.03207188e+01 3.17202282e+01
    3.12968998e+01 3.16192017e+01 2.90098267e+01 2.80988483e+01
    2.81895046e+01 2.77892876e+01 2.92124825e+01 2.80855923e+01
    2.67216625e+01 2.60187492e+01 2.62711639e+01 2.71159325e+01
    2.96385460e+01 2.90838985e+01 2.99653702e+01 2.89674225e+01
    3.05581684e+01 2.94523964e+01 2.89985714e+01 3.04578171e+01
    3.18541622e+01 3.17194366e+01 3.18674564e+01 3.21620979e+01
    2.96059132e+01 2.89060860e+01 2.96660652e+01 2.86114674e+01
    2.97770767e+01 2.90437565e+01 2.87779636e+01 2.84134293e+01
    2.72891178e+01 2.87318096e+01 2.73049965e+01 2.86416569e+01
    2.83889885e+01 2.79238033e+01 2.95496254e+01 2.95589924e+01
    2.87046223e+01 2.81898537e+01 2.93060226e+01 2.76974087e+01
    3.00353470e+01 3.08173618e+01 2.75152340e+01 2.79123554e+01
    2.72820301e+01 2.84689407e+01 2.96415195e+01 3.03341904e+01
    3.04353828e+01 3.16279354e+01 2.99582901e+01 2.97929287e+01
    2.99604645e+01 3.13507080e+01 3.00329418e+01 2.87134171e+01
    2.89101181e+01 2.94289627e+01 2.81022491e+01 2.74777431e+01
    2.77771645e+01 2.89504471e+01 3.04630680e+01 2.88292618e+01
    2.78416996e+01 2.87211609e+01 3.02961960e+01 2.83815498e+01
    2.84948750e+01 2.94316063e+01 2.67433071e+01 2.74082642e+01
    2.69925365e+01 2.80074558e+01 3.05429478e+01 2.98318253e+01
    2.78995762e+01 3.08267937e+01 3.04373665e+01 3.04294186e+01
    3.00947857e+01 3.20503120e+01 3.12977638e+01 3.03929119e+01
    3.08338089e+01 3.09106979e+01 3.12906704e+01 2.86133461e+01
    2.93381119e+01 2.90456524e+01 3.01678391e+01 3.08222084e+01
    3.07685242e+01 3.31399193e+01 3.08908558e+01 3.13711262e+01
    3.09500237e+01 3.07320538e+01 3.20922661e+01 3.19784737e+01
    3.06817608e+01 3.12138538e+01 2.98944988e+01 2.93737507e+01
    2.81327324e+01 2.79994755e+01 2.98965492e+01 3.07924519e+01
    3.01614571e+01 2.95181980e+01 2.98113251e+01 3.25667686e+01
    2.96150913e+01 3.10821686e+01 3.13239613e+01 3.34755592e+01
    3.20493813e+01 3.11891956e+01 3.25148888e+01 3.15923004e+01
    3.15213757e+01 3.18760262e+01 2.95412083e+01 3.02816696e+01
    2.90561275e+01 3.07866020e+01 2.80044460e+01 2.84684010e+01
    2.85873909e+01 2.93081360e+01 2.88177280e+01 2.97896461e+01
    3.13411446e+01 2.95029602e+01 3.12400665e+01 2.87941360e+01
    2.72728519e+01 2.83121071e+01 2.79783630e+01 2.79037476e+01
    2.70056076e+01 2.64808331e+01 2.84420757e+01 2.81017513e+01
    2.68433151e+01 2.81017914e+01 2.82937469e+01 2.78710899e+01
    3.00614700e+01 2.83432331e+01 3.02493839e+01 2.97661972e+01
    2.99244995e+01 3.02471199e+01 3.00261288e+01 3.06009521e+01
    3.05621281e+01 3.08999023e+01 2.77516212e+01 3.04503841e+01
    2.85808716e+01 2.91769753e+01 3.02481670e+01 2.79650593e+01
    2.79567261e+01 2.95327969e+01 2.85119762e+01 2.90762520e+01
    3.05254669e+01 3.23584442e+01 3.23655128e+01 3.39653816e+01
    3.42598953e+01 3.33903847e+01 3.29595680e+01 3.16376820e+01
    3.14449806e+01 3.20694389e+01 3.15048866e+01 3.01845436e+01
    2.86903400e+01 3.00773277e+01 3.01057968e+01 2.80466919e+01
    3.03564930e+01 2.96849632e+01 3.08346272e+01 3.05713024e+01
    2.80218639e+01 3.06821766e+01 3.12472172e+01 3.05752602e+01
    3.16986599e+01 3.06743584e+01 3.08991375e+01 3.02102203e+01
    2.82183514e+01 2.89829025e+01 2.89928055e+01 2.76569252e+01
    2.83809700e+01 2.78285942e+01 2.75711555e+01 2.85837116e+01
    2.85021591e+01 2.85819397e+01 3.09219303e+01 3.14762535e+01
    3.14802036e+01 3.36914368e+01 3.22804108e+01 2.98666096e+01
    3.15000286e+01 3.00906925e+01 3.24006271e+01 3.04399261e+01
    2.90774899e+01 3.02744255e+01 3.00647755e+01 3.00234814e+01
    3.02152786e+01 2.95763378e+01 3.19947834e+01 3.03206749e+01
    3.13490601e+01 3.03223057e+01 3.38305740e+01 3.37704048e+01
    3.34103050e+01 3.17493210e+01 3.17711277e+01 3.14241276e+01
    3.18037224e+01 3.08593521e+01 3.15447578e+01 3.08766117e+01
    3.09511147e+01 3.05235043e+01 2.98664551e+01 3.11113491e+01
    3.14068222e+01 3.19085979e+01 3.20012283e+01 3.12216034e+01
    2.83448200e+01 2.86492443e+01 2.85452766e+01 2.82276669e+01
    2.98470936e+01 2.78895836e+01 2.89068966e+01 2.70149250e+01
    2.74060764e+01 2.70074711e+01 2.80527134e+01 3.02417107e+01
    3.19824371e+01 3.04077015e+01 3.06605129e+01 3.11865807e+01
    3.06937389e+01 3.19776783e+01 3.19168797e+01 3.33271332e+01
    3.25563774e+01 3.00539055e+01 3.14538975e+01 2.97422371e+01
    2.96278362e+01 2.92965107e+01 2.82554417e+01 2.88568592e+01
    2.72089844e+01 2.77480717e+01 2.80362129e+01 2.69205570e+01
    2.89455299e+01 2.80034885e+01 2.76010838e+01 2.93701344e+01
    2.94486427e+01 2.91933098e+01 2.85650349e+01 2.68895416e+01
    2.94026661e+01 2.79831352e+01 2.90242672e+01 2.92120056e+01
    2.96324940e+01 2.90842018e+01 2.63473778e+01 3.02191486e+01
    2.94861450e+01 3.10689697e+01 2.96421528e+01 3.10456638e+01
    3.04514980e+01 3.03387146e+01 3.00152225e+01 3.11583729e+01
    3.01587486e+01 2.96049519e+01 2.86335697e+01 2.87429466e+01
    2.82280712e+01 2.75402870e+01 2.92708397e+01 2.94229965e+01
    3.05046940e+01 2.71497574e+01 2.83160610e+01 3.02819996e+01
    3.15976028e+01 2.97424316e+01 2.84084568e+01 3.10686569e+01
    2.72956753e+01 2.70244484e+01 2.79312210e+01 2.92291546e+01
    2.85491695e+01 2.76931000e+01 2.94526691e+01 3.05733204e+01
    2.72687416e+01 3.02564201e+01 3.11377468e+01 3.15001316e+01
    2.92048054e+01 3.14140110e+01 3.11037312e+01 2.87696724e+01
    2.92683220e+01 3.06379547e+01 2.94655457e+01 3.00139618e+01
    2.97382412e+01 2.92144718e+01 3.12247486e+01 3.03660259e+01
    3.07724876e+01 3.25776291e+01 3.13516617e+01 2.93467026e+01
    2.94857368e+01 3.22876320e+01 3.09648514e+01 3.06538429e+01
    3.09301624e+01 2.87530365e+01 2.81983089e+01 2.84166775e+01
    2.99022465e+01 2.86348705e+01 2.97645016e+01 3.07260227e+01
    2.99919758e+01 3.08479195e+01 3.01621418e+01 3.10577621e+01
    3.09308929e+01 3.08718891e+01 3.34425049e+01 3.16269245e+01
    3.01964111e+01 3.20621948e+01 3.10506020e+01 2.94681721e+01
    2.95020676e+01 2.95952053e+01 3.03426628e+01 2.96996212e+01
    2.90627689e+01 2.87383251e+01 2.76707706e+01 2.82429390e+01
    2.86404858e+01 2.92824993e+01 3.09508457e+01 3.15199299e+01
    2.83547764e+01 2.76018887e+01 2.74733982e+01 2.74984169e+01
    2.80140171e+01 2.66922684e+01 2.79127274e+01 2.82693081e+01
    2.88004322e+01 2.80451965e+01 2.86652164e+01 2.87507744e+01
    2.91406231e+01 3.03439655e+01 2.85369892e+01 2.93604374e+01
    3.12524376e+01 2.96154652e+01 2.87206116e+01 2.91590614e+01
    3.17402878e+01 2.81156654e+01 3.04039783e+01 3.05786572e+01
    3.01603889e+01 3.12501163e+01 3.04194431e+01 2.97487259e+01
    2.92828999e+01 2.97436771e+01 3.02666588e+01 2.84454403e+01
    2.86814404e+01 3.11148853e+01 3.08970528e+01 3.24619789e+01
    3.17919083e+01 3.17728138e+01 3.28869019e+01 3.29685402e+01
    3.09466782e+01 3.13170300e+01 2.94491653e+01 2.72694302e+01
    3.02028847e+01 2.97662888e+01 2.78611927e+01 2.74621296e+01
    2.84585400e+01 2.72809830e+01 2.86332226e+01 2.88608208e+01
    3.06888428e+01 2.98835316e+01 3.08802986e+01 3.01018162e+01
    3.11859856e+01 3.01686268e+01 3.09573555e+01 3.00866604e+01
    2.81833935e+01 2.89837437e+01 2.81898251e+01 2.77403297e+01
    2.80068741e+01 2.78894253e+01 2.69990406e+01 2.67959347e+01
    2.72034893e+01 2.71937656e+01 2.85416489e+01 2.87715607e+01
    2.86799221e+01 3.04511261e+01 3.23256874e+01 3.11762619e+01
    3.17827072e+01 3.14691334e+01 3.16190186e+01 3.16840801e+01
    3.17859116e+01 2.87357788e+01 2.99108162e+01 2.99413662e+01
    3.00456429e+01 2.78078594e+01 3.07010098e+01 3.05947533e+01
    3.04126682e+01 2.95003967e+01 3.01426468e+01 3.16908398e+01
    3.08315487e+01 3.09091873e+01 3.37591667e+01 3.18625603e+01
    3.08855343e+01 3.13457355e+01 3.14950962e+01 3.24977264e+01
    3.23312988e+01 2.96214600e+01 3.06459866e+01 2.83406982e+01
    3.07129478e+01 2.99358139e+01 2.95638847e+01 3.11153946e+01
    2.97985859e+01 2.93667259e+01 2.84409771e+01 2.79405460e+01
    2.73985920e+01 2.85097179e+01 3.01152000e+01 2.77166824e+01
    2.84601364e+01 2.82438889e+01 2.55019379e+01 2.68868980e+01
    3.03399010e+01 2.95695839e+01 3.07250328e+01 3.05029774e+01
    3.26801262e+01 2.96242256e+01 2.96178551e+01 3.13262691e+01
    3.26095467e+01 3.19358902e+01 3.04368553e+01 3.16031513e+01
    2.87961960e+01 3.04671822e+01 2.92024040e+01 2.76212044e+01
    2.87456284e+01 2.75415497e+01 2.59445934e+01 2.74682331e+01
    2.73652496e+01 2.75595989e+01 2.85402336e+01 2.70554066e+01
    2.80705681e+01 2.96233425e+01 2.81517906e+01 2.78855476e+01
    2.92051659e+01 2.79234886e+01 2.93468437e+01 2.82541161e+01
    2.87087669e+01 3.07475910e+01 3.09280529e+01 3.06135731e+01
    2.97373981e+01 3.06493626e+01 3.07234020e+01 3.10814762e+01
    3.06689796e+01 3.07411480e+01 3.24583321e+01 3.07658195e+01
    3.10777016e+01 3.16531219e+01 2.91182861e+01 3.02900467e+01
    2.80700321e+01 2.92256889e+01 2.91030712e+01 3.11866093e+01
    2.99266453e+01 2.99705524e+01 3.10611210e+01 2.96667442e+01
    2.90476208e+01 2.90957127e+01 3.03729267e+01 2.84907227e+01
    3.08313217e+01 2.92956429e+01 2.81507797e+01 2.79181709e+01
    2.58294029e+01 2.79346161e+01 2.92224121e+01 3.00522976e+01
    2.82113857e+01 2.96607971e+01 3.01218796e+01 3.03732128e+01
    2.97396717e+01 3.28976250e+01 3.10281429e+01 3.05324230e+01
    3.09144669e+01 2.89704361e+01 3.06502705e+01 3.05204220e+01
    2.92746830e+01 3.04154129e+01 2.98930416e+01 3.10119801e+01
    3.00609550e+01 3.16067009e+01 3.10876923e+01 3.09529018e+01
    3.09463539e+01 3.01905708e+01 2.97172489e+01 3.11239014e+01
    2.83167210e+01 3.04583607e+01 3.10102768e+01 2.95300083e+01
    2.91045513e+01 2.66709175e+01 3.03160553e+01 3.00138645e+01
    3.09631653e+01 3.00529385e+01 3.02074337e+01 3.30584717e+01
    3.01275196e+01 3.13961334e+01 3.21396103e+01 3.16646538e+01
    3.28949051e+01 3.07032452e+01 3.01608562e+01 3.05922070e+01
    3.01747074e+01 3.06622105e+01 2.95845699e+01 2.91748028e+01
    3.01180763e+01 2.97004375e+01 2.98269329e+01 2.95935917e+01
    2.81444492e+01 3.01304722e+01 2.95034580e+01 2.80786381e+01
    3.07477493e+01 3.07543430e+01 3.01514015e+01 2.78031807e+01
    2.76506386e+01 2.85968513e+01 2.58899708e+01 2.73009567e+01
    2.57528782e+01 2.84570026e+01 2.83432751e+01 2.86302490e+01
    2.96441441e+01 2.79541492e+01 3.03347282e+01 2.88388958e+01
    3.17798080e+01 3.20748291e+01 2.94753666e+01 2.85822124e+01
    3.07376690e+01 3.08456497e+01 3.12898235e+01 2.99514866e+01
    3.13410091e+01 3.06929779e+01 3.17449799e+01 3.09010448e+01
    3.02796173e+01 3.15557613e+01 3.20945587e+01 2.99928875e+01
    2.81654472e+01 2.98121834e+01 3.15676765e+01 3.22368164e+01
    3.06008930e+01 3.25433769e+01 3.23817596e+01 3.06047096e+01
    3.09189930e+01 3.08329086e+01 3.04167500e+01 2.92633057e+01
    2.90235424e+01 2.89354458e+01 2.69745083e+01 2.66168537e+01
    2.75033855e+01 2.61989880e+01 2.99837055e+01 2.97859707e+01
    2.91650906e+01 2.94115810e+01 3.18624573e+01 3.04661865e+01
    3.16010494e+01 3.26973686e+01 3.26361389e+01 3.23200760e+01
    3.36517677e+01 3.05348587e+01 3.04603920e+01 3.13156853e+01
    3.01377048e+01 2.90273724e+01 2.89190369e+01 2.79849167e+01
    3.00068874e+01 2.63114052e+01 2.81506100e+01 2.91127338e+01
    2.98277969e+01 2.96272488e+01 2.96940136e+01 3.26936264e+01
    3.09468365e+01 3.30627060e+01 3.57329712e+01 3.20278168e+01
    3.23812141e+01 3.15378704e+01 3.09070740e+01 3.17920475e+01
    2.93186722e+01 2.72894650e+01 2.92777233e+01 3.03515587e+01
    3.04856625e+01 2.93872185e+01 3.02014694e+01 3.19061852e+01
    3.10555115e+01 3.09533405e+01 3.19307098e+01 3.05393620e+01
    3.33167915e+01 3.16567211e+01 3.17597332e+01 3.24280548e+01
    3.14601002e+01 3.26235924e+01 3.02675877e+01 3.10180740e+01
    3.04889545e+01 2.95403442e+01 3.01362038e+01 2.97015228e+01
    3.18553581e+01 3.11010418e+01 3.08811779e+01 3.09735374e+01
    2.91168633e+01 2.94439621e+01 2.99633713e+01 3.01332417e+01
    2.97480164e+01 2.92721348e+01 3.06605663e+01 2.96876583e+01
    2.80348606e+01 2.90974293e+01 2.86492195e+01 2.98689766e+01
    3.13132439e+01 3.12187748e+01 3.06043148e+01 3.06945229e+01
    3.12522125e+01 3.09869804e+01 2.94736671e+01 3.09293194e+01
    3.02812252e+01 2.95851536e+01 2.86207447e+01 2.99578075e+01
    2.86390762e+01 2.87533855e+01 2.78767910e+01 2.83448505e+01
    2.51985283e+01 2.65394325e+01 2.70674629e+01 2.87091808e+01
    2.72295856e+01 2.76600456e+01 2.86471539e+01 2.92373524e+01
    2.99845734e+01 2.91584606e+01 2.90731106e+01 3.00216999e+01
    2.73725338e+01 2.87398453e+01 3.09212074e+01 2.97051239e+01
    3.06832886e+01 3.19766331e+01 2.92189617e+01 3.12524281e+01
    3.08299522e+01 3.13512764e+01 3.19240742e+01 3.23609238e+01
    3.14788113e+01 2.99301014e+01 3.12364845e+01 3.23518181e+01
    3.07611008e+01 3.00082340e+01 2.94598694e+01 3.01242352e+01
    2.91318779e+01 2.94496670e+01 3.06578312e+01 3.12601719e+01
    3.16738834e+01 2.98981953e+01 2.82882519e+01 2.99253025e+01
    3.25325241e+01 3.10903168e+01 3.07153702e+01 3.05102196e+01
    2.94936008e+01 2.71903553e+01 2.66663017e+01 2.85489235e+01
    2.91632290e+01 3.05261822e+01 3.00106792e+01 3.07372398e+01
    2.93432388e+01 3.03226643e+01 3.07449684e+01 3.12968483e+01
    3.12399940e+01 3.36818542e+01 3.15065250e+01 3.05172768e+01
    3.14354305e+01 2.99716091e+01 3.18790169e+01 3.01120491e+01
    3.12073860e+01 3.07380543e+01 3.14969883e+01 3.13077259e+01
    2.91997700e+01 3.30912743e+01 3.11406269e+01 3.04748993e+01
    3.01225319e+01 3.20104408e+01 3.03197441e+01 2.90370369e+01
    3.21784744e+01 3.02211494e+01 2.99363842e+01 2.90620499e+01
    3.02546253e+01 2.96608944e+01 2.96669121e+01 2.98687706e+01
    3.09429302e+01 2.93532429e+01 2.92619858e+01 2.96989841e+01
    3.01560116e+01 2.98496666e+01 3.06834583e+01 3.08610783e+01
    3.02568035e+01 2.97631721e+01 3.01863098e+01 3.14968548e+01
    3.04444962e+01 3.13726521e+01 3.21296005e+01 2.99084988e+01
    3.00527611e+01 2.99264069e+01 2.91614914e+01 2.99757881e+01
    3.11716347e+01 2.93353577e+01 3.05021915e+01 2.90193558e+01
    3.08064060e+01 2.92458611e+01 2.89259510e+01 2.64950142e+01
    2.69980011e+01 2.82429752e+01 2.60642624e+01 2.81554108e+01
    2.95686340e+01 2.75264645e+01 2.54486866e+01 2.87498703e+01
    2.76867962e+01 2.88045158e+01 2.91106167e+01 2.82539310e+01
    3.11932507e+01 3.00163002e+01 2.88539429e+01 2.87907257e+01
    3.11248951e+01 3.17022400e+01 3.13588238e+01 3.14526272e+01
    3.20826187e+01 3.09243450e+01 3.30515251e+01 3.19387913e+01
    3.07911930e+01 3.17763519e+01 3.24049301e+01 2.90362587e+01
    3.00028725e+01 3.03882961e+01 3.03576698e+01 3.33941498e+01
    3.26082878e+01 3.24759483e+01 3.12324085e+01 3.20997925e+01
    2.94317131e+01 2.89890995e+01 2.89045105e+01 2.88106308e+01
    2.71920490e+01 2.68702030e+01 2.73838348e+01 2.81558132e+01
    2.84321842e+01 3.03576260e+01 3.01222038e+01 3.05883656e+01
    3.24867287e+01 3.09451256e+01 3.12853260e+01 3.22656975e+01
    3.30817833e+01 3.04826412e+01 3.06060886e+01 2.88374748e+01
    2.81971226e+01 3.10191536e+01 2.81490765e+01 3.06020966e+01
    2.95551453e+01 2.92691059e+01 2.72061272e+01 2.68785133e+01
    2.96335068e+01 2.81591015e+01 3.06038418e+01 3.12561169e+01
    3.03910484e+01 3.21641922e+01 3.35378151e+01 3.30673370e+01
    3.18240318e+01 3.32769127e+01 3.33330727e+01 3.11530380e+01
    3.17350864e+01 3.00423336e+01 2.91152630e+01 3.07156734e+01
    2.94667282e+01 2.74737091e+01 2.94829769e+01 2.84701500e+01
    2.96635818e+01 3.06081905e+01 2.93245316e+01 3.13798161e+01
    3.23281097e+01 3.15000668e+01 3.37014999e+01 3.28034401e+01
    3.45470123e+01 3.29705086e+01 3.50431404e+01 3.50511780e+01
    3.26669006e+01 3.29358673e+01 3.26317253e+01 2.87502518e+01
    3.19266796e+01 3.31376877e+01 3.19800529e+01 3.06836510e+01
    3.22535439e+01 3.15071735e+01 2.90147552e+01 3.10504456e+01
    3.00181561e+01 3.02068729e+01 2.92161770e+01 2.81082878e+01
    2.85928917e+01 2.88930569e+01 2.87267437e+01 2.88948650e+01
    3.09343185e+01 2.98752651e+01 3.07203255e+01 3.04246979e+01
    3.08908176e+01 3.09219093e+01 2.99123096e+01 3.07384224e+01
    2.94669876e+01 2.97261486e+01 3.12640209e+01 2.90701542e+01
    2.96083527e+01 2.92906933e+01 2.73456268e+01 2.84690323e+01
    2.70698032e+01 2.67587357e+01 2.52163010e+01 2.81637688e+01
    2.61018581e+01 2.48948441e+01 2.69070816e+01 2.62908688e+01
    2.97398262e+01 3.03310814e+01 2.97239590e+01 2.89112835e+01
    2.92515316e+01 2.92642040e+01 2.76687851e+01 2.98877411e+01
    2.99151573e+01 2.94853077e+01 2.93759861e+01 3.01419086e+01
    2.98825741e+01 3.02811794e+01 3.13798218e+01 3.29353142e+01
    3.15669193e+01 3.16958542e+01 3.08916531e+01 3.19608994e+01
    3.13810997e+01 3.14744091e+01 3.17892075e+01 3.23943253e+01
    2.93311024e+01 2.93472824e+01 2.89669914e+01 3.06955013e+01
    3.11501236e+01 2.98924122e+01 3.13400707e+01 2.83839378e+01
    2.97286816e+01 2.92319679e+01 3.22808228e+01 2.88672791e+01
    3.11066418e+01 3.17795143e+01 2.80223465e+01 2.78063812e+01
    2.80464039e+01 2.73904839e+01 2.98570480e+01 3.11880150e+01
    3.00118046e+01 3.07105808e+01 3.04806480e+01 3.05847187e+01
    3.03115673e+01 3.13602409e+01 3.15637283e+01 3.21728363e+01
    3.14822254e+01 3.01254063e+01 3.00335999e+01 3.19492683e+01
    3.06008816e+01 2.93542252e+01 3.22098351e+01 3.13921432e+01
    3.05741711e+01 3.12746601e+01 3.17017021e+01 3.06259289e+01
    3.08213844e+01 3.09892101e+01 3.09524002e+01 2.93920631e+01
    2.85946350e+01 2.83193188e+01 2.99288387e+01 3.00170555e+01
    3.03886681e+01 3.00720253e+01 2.80375252e+01 2.93267021e+01
    2.74626465e+01 2.90243988e+01 2.83399086e+01 2.86386528e+01
    3.02577839e+01 2.90644169e+01 2.74598770e+01 3.02190971e+01
    3.07991085e+01 3.14087658e+01 3.11000862e+01 3.02388248e+01
    3.05499649e+01 3.21084557e+01 2.94185467e+01 3.05917377e+01
    3.05456924e+01 3.08315563e+01 2.91132793e+01 2.90211372e+01
    2.96542149e+01 2.76345596e+01 2.96522808e+01 2.85174618e+01
    2.88928051e+01 3.09739285e+01 2.98551655e+01 2.79574032e+01
    2.76141224e+01 2.72914391e+01 2.78321037e+01 2.82965050e+01
    2.74992828e+01 2.92834339e+01 2.83526173e+01 2.75610027e+01
    2.79446392e+01 2.84950161e+01 2.73976784e+01 2.67606144e+01
    2.99170647e+01 3.11526833e+01 2.87598782e+01 2.80680923e+01
    2.83755913e+01 2.95103912e+01 3.08108616e+01 3.03546848e+01
    3.07307663e+01 3.15213356e+01 3.18139133e+01 2.96424332e+01
    3.04313564e+01 3.06861649e+01 3.40997009e+01 3.15381718e+01
    2.93024921e+01 3.02248898e+01 3.10375977e+01 3.12171440e+01
    3.19753819e+01 3.19781189e+01 3.16685238e+01 3.23823395e+01
    3.26317215e+01 3.05195007e+01 2.97408104e+01 2.99414539e+01
    2.85499458e+01 2.86116848e+01 2.83807011e+01 2.74526596e+01
    2.76464462e+01 2.74231396e+01 2.77069912e+01 3.10228729e+01
    3.02696228e+01 2.97142963e+01 3.02466698e+01 3.14321213e+01
    3.23996696e+01 3.11920166e+01 3.19929199e+01 3.23291969e+01
    3.18454876e+01 2.73382912e+01 2.93015938e+01 3.02452679e+01
    2.96479759e+01 3.08686676e+01 2.73568439e+01 2.84749012e+01
    2.93882542e+01 2.87636280e+01 2.74156113e+01 2.80112782e+01
    2.91371384e+01 3.17707405e+01 3.14418030e+01 2.98189735e+01
    3.14865971e+01 3.15693150e+01 3.24310455e+01 3.21112442e+01
    3.17324181e+01 3.06472168e+01 3.09616814e+01 3.12757664e+01
    3.17307205e+01 2.86173820e+01 2.84726181e+01 2.93304005e+01
    2.81996574e+01 2.69963131e+01 2.74401245e+01 2.96027031e+01
    3.04418068e+01 3.16610317e+01 3.16398144e+01 3.33522530e+01
    3.30276527e+01 3.12335472e+01 3.28513794e+01 3.33659554e+01
    3.41677094e+01 3.44925346e+01 3.36936302e+01 3.26540451e+01
    3.06043587e+01 3.36875610e+01 3.21451912e+01 3.14030819e+01
    3.34420395e+01 3.23668175e+01 3.01239796e+01 3.18320580e+01
    3.03054504e+01 2.94201279e+01 2.91770973e+01 3.05209236e+01
    2.80159702e+01 2.68797321e+01 2.87922497e+01 2.78536739e+01
    2.67432690e+01 2.92641201e+01 2.89748192e+01 3.11457291e+01
    2.94005699e+01 3.00595112e+01 3.01037464e+01 2.92207928e+01
    3.08782272e+01 2.98302937e+01 2.94188995e+01 3.07576942e+01
    3.03983173e+01 2.98608971e+01 2.84954414e+01 2.96408749e+01
    2.75965538e+01 2.78359032e+01 2.92045631e+01 2.78098106e+01
    2.65479298e+01 2.61320190e+01 2.62571735e+01 2.91407242e+01
    2.65032368e+01 2.64033489e+01 3.10204029e+01 3.12390175e+01
    3.07537384e+01 2.95271606e+01 2.82255611e+01 2.81297665e+01
    2.88462276e+01 2.76295013e+01 3.07493591e+01 3.10976467e+01
    2.81193256e+01 2.87885628e+01 2.96440582e+01 3.15167027e+01
    3.09249668e+01 3.05926781e+01 3.20339775e+01 3.10679817e+01
    3.04633980e+01 2.98359699e+01 3.17672195e+01 3.26634636e+01
    3.22113571e+01 3.11910172e+01 3.07940826e+01 2.85744324e+01
    2.84064064e+01 3.12196159e+01 3.11813107e+01 3.10591335e+01
    3.03435783e+01 3.02720928e+01 2.92617798e+01 2.82793827e+01
    3.13336620e+01 3.11297207e+01 3.09944324e+01 3.00264473e+01
    2.99101830e+01 2.98038960e+01 2.95169830e+01 2.80866661e+01
    3.08394394e+01 3.04213123e+01 3.02589760e+01 3.01583042e+01
    2.96773891e+01 3.02389870e+01 3.13289623e+01 3.15247307e+01
    2.91898937e+01 3.24938507e+01 3.31286125e+01 3.07704048e+01
    3.29539032e+01 3.16399956e+01 3.02773857e+01 3.22212601e+01
    3.29630203e+01 3.19019260e+01 3.16515598e+01 3.21405182e+01
    3.08630009e+01 2.95367546e+01 3.29423943e+01 3.11013355e+01
    2.95417328e+01 3.08596840e+01 3.07933559e+01 2.81325264e+01
    2.95327644e+01 2.87724018e+01 3.04086704e+01 2.82730618e+01
    2.98205929e+01 2.95350971e+01 2.64358883e+01 2.86572132e+01
    2.71391907e+01 2.92119293e+01 2.91427746e+01 2.85574703e+01
    3.02323017e+01 3.20119896e+01 3.00261517e+01 3.03468685e+01
    3.12570019e+01 3.15090256e+01 3.03486366e+01 3.02025318e+01
    3.17859917e+01 2.99293213e+01 3.03875217e+01 3.03892651e+01
    2.96163330e+01 2.78560715e+01 2.69861717e+01 2.86987190e+01
    2.87924919e+01 3.08476887e+01 3.04728909e+01 2.99474373e+01
    2.97315845e+01 2.89600639e+01 2.86807575e+01 2.80184574e+01
    2.85125751e+01 2.91977577e+01 2.77108040e+01 2.87663727e+01
    2.81454144e+01 2.61906853e+01 2.59695892e+01 2.76791534e+01
    2.70809879e+01 2.88236675e+01 2.89628677e+01 2.75827312e+01
    2.91835613e+01 2.87233353e+01 2.91378593e+01 2.79311657e+01
    2.87829666e+01 2.97682991e+01 2.93135185e+01 2.90457935e+01
    3.03758030e+01 2.89960556e+01 3.10720387e+01 3.15529900e+01
    3.00631256e+01 3.02841682e+01 3.02215614e+01 3.03899021e+01
    2.95453949e+01 3.02404842e+01 2.98176308e+01 3.24766273e+01
    3.38242302e+01 3.27975998e+01 3.24585953e+01 3.22424011e+01
    3.12118587e+01 2.87946033e+01 2.80669498e+01 2.84029655e+01
    3.01104774e+01 3.07485943e+01 2.80819378e+01 2.90672874e+01
    2.93211021e+01 2.97573490e+01 3.06071243e+01 3.37214241e+01
    3.16122017e+01 3.17860012e+01 3.28397751e+01 3.15407848e+01
    3.16382446e+01 3.16550884e+01 3.05566254e+01 3.00137787e+01
    2.95256348e+01 3.02692108e+01 2.83913670e+01 2.91530972e+01
    3.00862522e+01 2.97475033e+01 2.96304245e+01 2.56892109e+01
    2.86539783e+01 2.72611675e+01 2.83653831e+01 2.94857273e+01
    2.99550896e+01 3.08129330e+01 3.22409973e+01 3.20809097e+01
    3.11250439e+01 3.11638603e+01 3.16090088e+01 3.19618778e+01
    3.20045586e+01 3.05574284e+01 2.88416290e+01 2.90522785e+01
    2.94333267e+01 2.92670364e+01 2.81712208e+01 2.80600262e+01
    2.95593376e+01 3.11656857e+01 3.18452454e+01 3.35047874e+01
    3.27421455e+01 3.35656281e+01 3.13053589e+01 3.33127365e+01
    3.49810257e+01 3.31511726e+01 3.41958542e+01 3.34979553e+01
    3.43113480e+01 3.27793465e+01 3.33794937e+01 3.17573299e+01
    3.40196190e+01 3.46418343e+01 3.24094734e+01 3.17094574e+01
    3.19616280e+01 3.11608715e+01 2.81823406e+01 3.04427738e+01
    2.99471016e+01 2.91352634e+01 2.98560524e+01 2.84082298e+01
    2.66833591e+01 2.77310696e+01 2.87459259e+01 2.98020744e+01
    2.99449902e+01 3.16254253e+01 3.13157902e+01 2.89050617e+01
    3.09451447e+01 3.00162163e+01 2.93032532e+01 3.09321404e+01
    3.11311378e+01 2.94514637e+01 3.00957069e+01 2.88264332e+01
    2.99231186e+01 2.89767704e+01 2.73401031e+01 2.76145878e+01
    2.89229755e+01 2.65133343e+01 2.74170666e+01 2.88309937e+01
    2.69874592e+01 2.59779472e+01 2.72685394e+01 2.85666885e+01
    3.08734379e+01 3.14794178e+01 2.97657681e+01 2.96638775e+01
    2.96522465e+01 2.79354305e+01 2.91227798e+01 2.87445316e+01
    2.87497578e+01 3.02230453e+01 2.83404560e+01 2.81582947e+01
    2.85333900e+01 3.19097710e+01 3.08379364e+01 3.11821842e+01
    3.29918633e+01 3.21240730e+01 3.17093391e+01 3.09252682e+01
    3.20903625e+01 3.23419342e+01 3.33161125e+01 3.13222694e+01
    3.08948288e+01 2.91636715e+01 2.73514233e+01 2.96965656e+01
    2.94590282e+01 3.11264153e+01 3.03631229e+01 2.71438007e+01
    2.70705566e+01 2.86278324e+01 3.15051212e+01 2.83034649e+01
    2.98313370e+01 2.99740353e+01 2.93029518e+01 2.90528183e+01
    2.90849953e+01 2.84086170e+01 3.07844219e+01 3.00977097e+01
    2.99431267e+01 2.95432243e+01 3.06612473e+01 3.09333191e+01
    2.90788269e+01 3.22491722e+01 3.14389725e+01 3.03733997e+01
    3.26040535e+01 3.12012196e+01 3.10816574e+01 3.16997051e+01
    3.30776062e+01 2.93690987e+01 3.03530636e+01 2.93401985e+01
    2.97427444e+01 3.10465164e+01 2.98418465e+01 3.07646675e+01
    3.03020725e+01 3.03470535e+01 3.08582840e+01 3.20272064e+01
    3.21726761e+01 3.09289875e+01 3.16552677e+01 2.93418159e+01
    3.07749596e+01 3.02761459e+01 3.00005836e+01 2.85943737e+01
    2.92873363e+01 3.02243614e+01 2.78246098e+01 2.89876060e+01
    2.96956730e+01 3.02833500e+01 2.88395329e+01 2.97765274e+01
    3.09542484e+01 3.06671619e+01 3.16680470e+01 3.08477116e+01
    2.94360962e+01 3.20495186e+01 2.98783569e+01 3.05834885e+01
    3.05116024e+01 3.05494232e+01 3.03668766e+01 2.92238483e+01
    2.78040829e+01 2.92519684e+01 3.00368004e+01 2.80782166e+01
    2.91640053e+01 3.05897121e+01 2.95441113e+01 2.95197392e+01
    2.75112438e+01 2.88586655e+01 2.75451851e+01 3.06307144e+01
    2.81521645e+01 2.90439625e+01 2.79567165e+01 2.80477390e+01
    2.88086433e+01 2.69410915e+01 2.87163334e+01 2.84889183e+01
    2.82612228e+01 2.89675217e+01 2.87287636e+01 2.74283276e+01
    2.78606853e+01 2.84117031e+01 2.85870495e+01 2.86935101e+01
    2.85229359e+01 2.87104912e+01 3.01715031e+01 2.95374451e+01
    2.96085949e+01 2.91690388e+01 2.90272846e+01 3.04591827e+01
    2.81406460e+01 3.01848488e+01 2.96352711e+01 2.91213055e+01
    3.09064922e+01 2.93942299e+01 3.08794689e+01 3.16921844e+01
    3.35289764e+01 3.22580490e+01 2.88977737e+01 3.11050205e+01
    2.92875004e+01 3.01728878e+01 3.02442894e+01 3.16708965e+01
    3.11027069e+01 2.90163155e+01 2.96446838e+01 2.99421024e+01
    3.15784321e+01 3.21528778e+01 3.20404358e+01 3.29594879e+01
    3.36864357e+01 3.16941547e+01 3.06870155e+01 3.21966667e+01
    3.04070377e+01 2.86682243e+01 2.76172504e+01 2.72101192e+01
    2.87601032e+01 2.86897640e+01 2.80063362e+01 2.79591770e+01
    2.90103931e+01 2.71404686e+01 2.64185123e+01 2.71717777e+01
    2.59890518e+01 2.84130859e+01 2.92831306e+01 3.10246315e+01
    2.92451782e+01 3.13281269e+01 3.11534100e+01 3.07608547e+01
    3.19253101e+01 3.13189697e+01 3.23059464e+01 3.05463142e+01
    3.21729851e+01 2.97010651e+01 2.92900696e+01 3.13178730e+01
    3.02544537e+01 3.00613956e+01 3.05736122e+01 3.01352768e+01
    3.22099876e+01 3.27198067e+01 3.18859673e+01 3.20868683e+01
    3.17381496e+01 3.31209602e+01 3.11572266e+01 3.36338158e+01
    3.30202675e+01 3.39609222e+01 3.35203819e+01 3.29106216e+01
    3.12044830e+01 3.31013908e+01 3.39655991e+01 3.19085426e+01
    3.18459682e+01 3.26884689e+01 2.94621220e+01 3.05071507e+01
    3.12609119e+01 2.92326851e+01 2.87657242e+01 3.11051254e+01
    2.86246815e+01 2.80543365e+01 2.76177387e+01 2.83132248e+01
    2.70474033e+01 2.91932144e+01 2.91206055e+01 3.01964417e+01
    2.99006844e+01 2.86821728e+01 2.95086040e+01 2.72565498e+01
    2.91850319e+01 2.94903851e+01 2.90794907e+01 2.89977818e+01
    2.96296978e+01 2.90239353e+01 2.83492947e+01 2.77271156e+01
    2.79819660e+01 2.71157608e+01 2.79227600e+01 2.83586884e+01
    2.68175240e+01 2.61891842e+01 2.62075577e+01 2.93138962e+01
    2.84164791e+01 2.63353081e+01 2.96774635e+01 3.07953949e+01
    2.81081734e+01 2.92623539e+01 2.86256599e+01 2.68521099e+01
    2.89839687e+01 2.81075611e+01 2.88246803e+01 3.03034821e+01
    2.85329208e+01 2.77108879e+01 2.74725285e+01 3.04127750e+01
    3.07097435e+01 3.20635948e+01 3.18574657e+01 3.43575058e+01
    3.14403324e+01 3.00751686e+01 3.12761002e+01 3.21057091e+01
    3.17923279e+01 3.08958836e+01 3.09106960e+01 2.88807297e+01
    2.82914925e+01 2.92245579e+01 3.00871830e+01 3.10414066e+01
    3.07227688e+01 2.96192207e+01 2.92192860e+01 2.84870090e+01
    3.09804153e+01 3.19759178e+01 3.32734184e+01 3.15030460e+01
    3.22360878e+01 2.98202515e+01 3.00193844e+01 3.09435902e+01
    3.16163998e+01 2.98010254e+01 2.92148094e+01 3.06996326e+01
    3.00222054e+01 2.97907772e+01 3.14911060e+01 3.36011238e+01
    3.22535362e+01 3.25547981e+01 3.26862793e+01 3.07869225e+01
    3.22626381e+01 3.29554482e+01 3.00790520e+01 3.17124424e+01
    3.21128197e+01 3.02503777e+01 3.05472527e+01 3.15849247e+01
    2.99815445e+01 2.94707661e+01 3.28213692e+01 3.17519016e+01
    3.01200256e+01 3.14813004e+01 3.28852043e+01 3.10555458e+01
    3.09562225e+01 2.97610035e+01 2.99700699e+01 2.89761906e+01
    3.08140717e+01 3.07830753e+01 2.80357208e+01 2.96035099e+01
    2.84397545e+01 2.96086845e+01 2.91680279e+01 2.97015648e+01
    3.15112438e+01 3.28112106e+01 3.01679173e+01 3.10153027e+01
    3.20098495e+01 3.09246616e+01 3.31311836e+01 3.12375679e+01
    2.88558559e+01 3.08374939e+01 2.98462296e+01 2.95337620e+01
    3.05140514e+01 2.87764187e+01 2.77092228e+01 2.53105736e+01
    2.80329571e+01 2.81621017e+01 2.85052872e+01 2.96366444e+01
    2.95611954e+01 2.79438858e+01 2.78447342e+01 2.52842693e+01
    2.81791782e+01 2.83436279e+01 2.73363342e+01 2.88944550e+01
    2.83866138e+01 2.98072090e+01 2.67398911e+01 2.88660889e+01
    2.64152851e+01 2.87763443e+01 2.98731403e+01 2.77680111e+01
    2.75763359e+01 2.72188663e+01 2.85553951e+01 2.69167747e+01
    2.78280849e+01 2.60989075e+01 2.77076492e+01 2.93183498e+01
    2.90395794e+01 2.82369614e+01 2.98270569e+01 2.92526703e+01
    2.94568558e+01 2.85849056e+01 2.93668919e+01 3.01379681e+01
    2.96258621e+01 3.12252598e+01 3.01020012e+01 2.97661057e+01
    3.08590660e+01 3.31265984e+01 3.22643013e+01 3.12160645e+01
    3.18339710e+01 3.22096558e+01 2.94606190e+01 2.90910397e+01
    2.98834915e+01 3.10373363e+01 3.05209293e+01 3.21780205e+01
    2.99124336e+01 2.87365475e+01 3.13487167e+01 3.26105385e+01
    3.21441383e+01 3.34384270e+01 3.28966370e+01 3.16398277e+01
    3.00998249e+01 3.07355175e+01 3.09774017e+01 2.93122063e+01
    2.85127201e+01 2.97554054e+01 2.91046333e+01 2.75440407e+01
    2.75963135e+01 2.92730007e+01 2.97832184e+01 2.75525475e+01
    2.79516239e+01 2.74621525e+01 2.87727280e+01 2.96368256e+01
    2.88768940e+01 2.81047249e+01 3.19090996e+01 3.12608013e+01
    3.08397694e+01 3.09790459e+01 2.92215176e+01 2.90548229e+01
    3.13723164e+01 3.10507717e+01 2.96851768e+01 2.90704460e+01
    3.09744854e+01 2.99948788e+01 3.18853397e+01 2.96187592e+01
    2.97842655e+01 3.14822235e+01 3.20989037e+01 3.06384106e+01
    3.21863632e+01 3.19531651e+01 3.17906761e+01 3.06411972e+01
    3.28304024e+01 3.23415146e+01 3.30378876e+01 3.21137695e+01
    3.29309654e+01 3.24239693e+01 3.24232025e+01 3.32752991e+01
    3.20120125e+01 3.32115326e+01 3.29471931e+01 3.12854271e+01
    3.25698318e+01 3.16351414e+01 3.00288887e+01 3.12111607e+01
    3.12746868e+01 3.02030430e+01 3.10658989e+01 3.01892929e+01
    2.89237480e+01 2.95887184e+01 2.71630344e+01 2.79772530e+01
    2.83718376e+01 3.08665276e+01 2.95117149e+01 2.85683155e+01
    2.79765396e+01 2.75755024e+01 2.86460781e+01 2.74528427e+01
    2.94426079e+01 2.82304459e+01 2.73586102e+01 2.79611168e+01
    2.74421368e+01 2.65332947e+01 2.69994717e+01 2.69615631e+01
    2.72625408e+01 2.73956699e+01 2.80797119e+01 2.80757370e+01
    2.68101406e+01 2.76198273e+01 2.66363640e+01 2.80157776e+01
    3.00416393e+01 3.02508144e+01 2.85412521e+01 2.84488945e+01
    2.81719513e+01 2.79232025e+01 2.65421715e+01 2.69475861e+01
    2.89378071e+01 2.79066010e+01 3.02913246e+01 2.86092243e+01
    2.90716572e+01 3.02700500e+01 3.18203773e+01 3.08420448e+01
    3.14405022e+01 3.08914165e+01 3.14642143e+01 3.23045692e+01
    2.93560448e+01 3.15811291e+01 3.05439835e+01 2.98420162e+01
    2.94490070e+01 3.02048759e+01 2.87629681e+01 2.71749439e+01
    3.14227734e+01 3.10030327e+01 2.97356720e+01 3.06368656e+01
    2.91872864e+01 2.96218529e+01 3.19647312e+01 3.19055729e+01
    3.22916679e+01 3.21754036e+01 3.19953880e+01 3.07120018e+01
    3.24691429e+01 2.92328033e+01 3.13282433e+01 3.15558777e+01
    3.02464542e+01 2.74721260e+01 2.91706200e+01 2.97106991e+01
    3.01043797e+01 3.18285656e+01 3.11135387e+01 2.98128414e+01
    3.10649757e+01 3.13296471e+01 3.05923901e+01 3.04955826e+01
    3.10619850e+01 3.18700466e+01 2.92317314e+01 2.91334095e+01
    3.02014828e+01 2.97342548e+01 2.93157597e+01 3.11049366e+01
    3.09951019e+01 2.91560154e+01 3.13172894e+01 3.22465973e+01
    3.21825943e+01 3.08699474e+01 3.26959686e+01 3.01752567e+01
    2.99534454e+01 2.95608444e+01 2.96574936e+01 3.01471310e+01
    3.00098724e+01 3.03227768e+01 2.70026989e+01 3.00607166e+01
    2.86930141e+01 2.90454216e+01 3.07357750e+01 3.04288502e+01
    3.01489620e+01 3.19395504e+01 3.16420574e+01 3.12894878e+01
    2.95937881e+01 3.01747208e+01 3.03709736e+01 2.95718765e+01
    2.85892696e+01 2.77840443e+01 2.88739853e+01 2.82187614e+01
    2.79391766e+01 2.98351974e+01 3.02021790e+01 2.68145409e+01
    2.78175468e+01 3.15644684e+01 2.98997784e+01 2.90184174e+01
    2.86602173e+01 2.76930580e+01 2.75408707e+01 2.78417950e+01
    3.07746391e+01 2.93297367e+01 2.93386936e+01 2.91077213e+01
    2.81611347e+01 2.85988941e+01 2.82904282e+01 2.79450226e+01
    2.73486481e+01 2.82823067e+01 2.94064465e+01 2.87555065e+01
    2.66577396e+01 2.63541965e+01 2.94338627e+01 2.84129677e+01
    2.79963226e+01 2.87554283e+01 2.79073296e+01 2.96570759e+01
    2.97907562e+01 2.97970028e+01 3.05364666e+01 2.95844727e+01
    2.97608776e+01 2.86350918e+01 3.05310097e+01 3.13960133e+01
    3.07690601e+01 3.11547794e+01 3.05235901e+01 3.13502522e+01
    3.26440048e+01 3.23261490e+01 3.11227856e+01 3.03073235e+01
    2.87439499e+01 2.86669121e+01 3.10462074e+01 3.08818684e+01
    3.03702717e+01 2.97057190e+01 2.99351292e+01 3.04362316e+01
    2.98563824e+01 3.13827496e+01 3.20447083e+01 3.17746811e+01
    3.21408806e+01 3.28237038e+01 3.09051247e+01 3.03639469e+01
    2.93894520e+01 3.04730892e+01 3.09683914e+01 2.86322021e+01
    3.01777382e+01 2.83758087e+01 2.74913559e+01 2.93931332e+01
    2.98028526e+01 2.91629562e+01 3.01504574e+01 2.98049030e+01
    2.90534000e+01 2.92977676e+01 2.82003555e+01 2.99151974e+01
    3.01024017e+01 3.02977142e+01 3.02550030e+01 3.02010536e+01
    3.05243053e+01 2.99950008e+01 3.00225220e+01 3.04083595e+01
    2.93337975e+01 2.99310532e+01 3.08946514e+01 2.79434834e+01
    3.09724293e+01 2.94241276e+01 3.01594753e+01 2.99027233e+01
    3.01811466e+01 3.14460220e+01 3.24636650e+01 3.09453239e+01
    3.23487625e+01 3.16768227e+01 3.15290794e+01 3.29270706e+01
    3.37947044e+01 3.27442665e+01 3.40606842e+01 3.06008205e+01
    3.00113525e+01 3.19519157e+01 3.22952576e+01 3.27003059e+01
    3.26086349e+01 3.26389618e+01 3.15763054e+01 2.98707390e+01
    3.26027832e+01 3.10379658e+01 3.00765133e+01 3.17641983e+01
    3.19173164e+01 2.93577690e+01 2.91699657e+01 2.96951809e+01
    2.76023655e+01 2.90746269e+01 2.94340153e+01 2.93914909e+01
    2.76750526e+01 3.05360756e+01 2.95846977e+01 2.70243244e+01
    2.82625027e+01 2.70772476e+01 2.80930748e+01 2.68262386e+01
    2.84023628e+01 2.80330181e+01 2.82312393e+01 2.74725780e+01
    2.70513153e+01 2.67505360e+01 2.73146935e+01 2.91123695e+01
    2.66011314e+01 2.68510666e+01 2.62807293e+01 2.65412312e+01
    2.62236156e+01 2.88363914e+01 2.84544964e+01 2.95373077e+01
    2.84961414e+01 2.88810730e+01 2.88205757e+01 2.80279198e+01
    2.69535885e+01 2.71723423e+01 2.89291096e+01 2.96070099e+01
    2.80345325e+01 2.92926311e+01 2.85069923e+01 2.85393066e+01
    3.06860409e+01 3.09066601e+01 3.22840004e+01 3.00994473e+01
    3.14567013e+01 3.06129551e+01 2.94366207e+01 3.02773914e+01
    3.04298382e+01 3.12046299e+01 2.97590714e+01 2.85009403e+01
    2.93976231e+01 2.94371414e+01 2.88489437e+01 2.92621574e+01
    3.04489861e+01 2.94305325e+01 2.97730885e+01 3.00273933e+01
    3.10698032e+01 3.26050224e+01 3.27448692e+01 3.33160324e+01
    3.21802406e+01 2.98484459e+01 2.96249275e+01 3.17207050e+01
    3.24843445e+01 3.14878006e+01 3.04288139e+01 3.08513832e+01
    3.00107384e+01 2.85387611e+01 3.01874046e+01 3.23196487e+01
    2.96925411e+01 3.21264381e+01 3.29833069e+01 2.93065491e+01
    3.03171329e+01 3.23043900e+01 2.95698204e+01 3.11959248e+01
    3.11417122e+01 2.87559929e+01 2.97623043e+01 2.96594563e+01
    2.81482906e+01 2.90890179e+01 3.01019630e+01 3.18590050e+01
    2.94599533e+01 3.02230282e+01 3.12228355e+01 3.15735912e+01
    3.18366356e+01 3.04364929e+01 3.08105507e+01 2.98187656e+01
    2.98337765e+01 2.89523773e+01 2.96577721e+01 2.91874027e+01
    3.06557312e+01 3.04553432e+01 3.01823616e+01 2.98528843e+01
    3.08501854e+01 2.96676121e+01 2.98650455e+01 3.06848888e+01
    2.82571163e+01 2.98662891e+01 2.96834507e+01 3.06959782e+01
    2.94146919e+01 2.80956020e+01 3.06356812e+01 2.99383450e+01
    2.97196293e+01 2.89615326e+01 3.19637451e+01 3.10772743e+01
    2.91818657e+01 3.20677147e+01 3.13958817e+01 2.94601135e+01
    3.08520813e+01 3.06069012e+01 2.88882656e+01 2.85225811e+01
    2.90227814e+01 3.00625973e+01 2.75995216e+01 3.08259449e+01
    2.89896393e+01 3.00152855e+01 3.00404377e+01 2.87010117e+01
    2.85311451e+01 2.84922943e+01 3.06235046e+01 2.93650665e+01
    2.82346230e+01 2.77291374e+01 2.84495010e+01 2.83176632e+01
    2.88665371e+01 2.85992069e+01 2.98035660e+01 2.95217323e+01
    2.95397034e+01 2.86984921e+01 3.07380257e+01 3.07112560e+01
    3.17911224e+01 3.06048222e+01 3.13487873e+01 2.92521858e+01
    3.04252815e+01 3.16062679e+01 3.27434044e+01 3.04878616e+01
    3.10306759e+01 2.93258305e+01 3.12213554e+01 2.96318359e+01
    2.97320328e+01 3.08050900e+01 2.97897949e+01 2.96836319e+01
    2.91200390e+01 2.91932697e+01 3.22003593e+01 3.11204758e+01
    2.98778553e+01 3.08556347e+01 3.10380211e+01 3.08535347e+01
    3.23104630e+01 3.44586067e+01 3.41478958e+01 3.35669518e+01
    3.26424522e+01 3.29426460e+01 3.09934330e+01 3.27255669e+01
    2.92886810e+01 3.07913628e+01 3.07604961e+01 3.07863750e+01
    2.84119873e+01 3.05290489e+01 3.05980053e+01 3.04813042e+01
    3.06411133e+01 2.94487896e+01 3.05508442e+01 3.09503365e+01
    2.97454567e+01 2.93979588e+01 2.92332039e+01 3.08800392e+01
    2.89738560e+01 3.00152378e+01 3.12568359e+01 2.92254791e+01
    2.90436974e+01 3.04630833e+01 3.09188786e+01 2.76430721e+01
    3.11322174e+01 3.17530251e+01 3.10254459e+01 2.90914726e+01
    2.92632599e+01 3.13479939e+01 3.20716782e+01 3.18427391e+01
    2.97237034e+01 3.24054718e+01 3.23706970e+01 3.05910835e+01
    3.21857262e+01 3.19224033e+01 3.18639774e+01 3.18724117e+01
    3.19396076e+01 3.07445927e+01 3.19561958e+01 3.16758347e+01
    3.12860985e+01 3.36275749e+01 3.27172890e+01 3.09025364e+01
    3.27285576e+01 3.33039856e+01 3.25473633e+01 3.15306702e+01
    3.29158287e+01 3.15184078e+01 2.97520180e+01 3.00765953e+01
    2.83779697e+01 2.72726097e+01 3.00771942e+01 2.77162952e+01
    2.89421501e+01 2.98358402e+01 3.00851192e+01 2.90408268e+01
    2.80195160e+01 2.57981873e+01 2.89428177e+01 2.80580292e+01
    2.71334858e+01 2.82688370e+01 2.70664787e+01 2.85535183e+01
    2.70185165e+01 2.82775364e+01 2.74884262e+01 2.54435215e+01
    2.71359978e+01 2.85715485e+01 2.68153687e+01 2.81748924e+01
    2.78873329e+01 2.85100384e+01 2.47270336e+01 2.78987103e+01
    2.92517090e+01 2.95097332e+01 2.93157864e+01 2.84102802e+01
    2.74277000e+01 2.76189384e+01 2.72021217e+01 2.71051273e+01
    2.89739552e+01 3.01211758e+01 2.92148438e+01 2.84548855e+01
    2.84968090e+01 3.01901035e+01 2.87175827e+01 3.01959419e+01
    3.01497746e+01 3.00438156e+01 3.07967415e+01 3.08649635e+01
    3.16830978e+01 3.31900444e+01 3.03443279e+01 3.02740231e+01
    2.90636463e+01 2.96863689e+01 3.04232826e+01 2.87463722e+01
    3.08057346e+01 2.97797775e+01 2.89434013e+01 2.94855900e+01
    3.04647331e+01 2.87815151e+01 3.22761192e+01 3.17902222e+01
    3.19364853e+01 3.14664955e+01 3.05839062e+01 3.14893494e+01
    3.36022377e+01 3.12117023e+01 2.89081497e+01 3.22616005e+01
    3.18153992e+01 2.99494629e+01 2.94605446e+01 2.88467903e+01
    3.12494335e+01 2.99366055e+01 3.07021236e+01 3.16884289e+01
    3.15989552e+01 3.22403564e+01 3.07846737e+01 2.89214573e+01
    3.04132061e+01 2.83092155e+01 2.85372448e+01 2.80476952e+01
    2.86187172e+01 2.92025127e+01 2.82788105e+01 2.93170223e+01
    3.05663891e+01 2.96022930e+01 2.96390362e+01 3.11151390e+01
    3.10464287e+01 3.14353733e+01 3.19782238e+01 2.94863834e+01
    3.18389740e+01 2.89116154e+01 2.96588936e+01 2.81325836e+01
    2.77875233e+01 2.96951618e+01 2.89322987e+01 2.87497349e+01
    3.01439209e+01 2.87386589e+01 2.99300194e+01 2.99323292e+01
    2.92822914e+01 2.86642761e+01 2.95630093e+01 3.03603382e+01
    2.88841057e+01 2.80722370e+01 2.96440983e+01 3.06048222e+01
    2.82118549e+01 2.95412922e+01 2.93845654e+01 3.04124603e+01
    3.05704556e+01 3.16565895e+01 3.23415489e+01 3.10357494e+01
    3.16557217e+01 3.11961021e+01 3.02219734e+01 2.89672260e+01
    3.12134857e+01 2.94054451e+01 2.82760277e+01 2.88096733e+01
    2.95651340e+01 3.01822605e+01 2.86965008e+01 2.91178932e+01
    2.80976868e+01 2.87290726e+01 2.94291058e+01 2.90403042e+01
    2.76863594e+01 2.79430237e+01 2.75251427e+01 2.76476364e+01
    2.73481846e+01 2.64466858e+01 2.71263409e+01 2.91489582e+01
    2.84018402e+01 2.90988216e+01 2.82427406e+01 2.94419365e+01
    2.94794559e+01 2.90883274e+01 3.07125931e+01 3.00662251e+01
    3.09092731e+01 2.82511654e+01 2.86145039e+01 2.98159847e+01
    3.09544449e+01 3.11821308e+01 3.13111095e+01 2.95044479e+01
    2.92901001e+01 2.86796494e+01 2.93224812e+01 2.95133324e+01
    2.87810764e+01 2.95710564e+01 3.07345104e+01 2.99758358e+01
    3.10925159e+01 2.90805092e+01 2.99846077e+01 3.10080681e+01
    3.21017113e+01 3.36787186e+01 3.33021202e+01 3.26164207e+01
    3.37446823e+01 3.34793739e+01 3.39339752e+01 3.26986809e+01
    3.38064499e+01 3.24664497e+01 3.26556358e+01 3.04897003e+01
    3.08656559e+01 3.19072456e+01 3.09782085e+01 3.10995369e+01
    2.97186661e+01 3.07969971e+01 3.08747559e+01 3.20074501e+01
    3.22220039e+01 3.12861938e+01 3.04996128e+01 2.98725586e+01
    3.00462780e+01 2.99596405e+01 3.04132442e+01 3.02815380e+01
    2.91839714e+01 3.06821899e+01 2.91752300e+01 3.02174778e+01
    2.98544807e+01 3.04303532e+01 3.15229454e+01 2.96747322e+01
    3.02327251e+01 2.87807026e+01 3.06699409e+01 3.16709595e+01
    3.02603397e+01 3.21926193e+01 3.22499924e+01 2.98672981e+01
    3.17598171e+01 3.17405682e+01 3.26297455e+01 3.18757381e+01
    3.27053185e+01 3.24360123e+01 3.14692307e+01 3.35014839e+01
    3.15439777e+01 3.17341785e+01 3.44108276e+01 3.30395851e+01
    3.43645325e+01 3.28809128e+01 3.35063705e+01 3.27898140e+01
    3.19979744e+01 3.20429764e+01 3.21114540e+01 3.07860565e+01
    2.99546680e+01 2.98568993e+01 2.79792156e+01 2.98512325e+01
    2.81894798e+01 2.90150700e+01 2.87248955e+01 2.69513054e+01
    2.76404686e+01 2.85077419e+01 2.86743031e+01 2.88010445e+01
    2.90287170e+01 2.78920498e+01 2.90794544e+01 2.80653038e+01
    2.99625454e+01 2.96916676e+01 2.75402946e+01 2.88697109e+01
    2.67402706e+01 2.72064934e+01 2.75463409e+01 2.77285099e+01
    2.67354145e+01 2.84804916e+01 2.65329838e+01 2.78179169e+01
    2.51694698e+01 2.90200577e+01 2.91025162e+01 3.01585178e+01
    2.83285275e+01 2.86645279e+01 2.97969475e+01 2.95304852e+01
    2.86360722e+01 2.96548271e+01 2.88820953e+01 2.98667011e+01
    3.08670235e+01 2.86751480e+01 2.98348846e+01 3.08189831e+01
    3.05930901e+01 3.23446732e+01 3.12265491e+01 2.96600266e+01
    2.97131271e+01 3.15438385e+01 2.95892563e+01 3.15561047e+01
    3.13328991e+01 3.06954079e+01 2.90143032e+01 2.72360764e+01
    2.76802559e+01 2.93161507e+01 2.98631725e+01 2.89207687e+01
    2.91368675e+01 2.90566025e+01 2.73780117e+01 3.24435577e+01
    3.22012558e+01 2.96120358e+01 3.07737923e+01 3.02797432e+01
    3.10102520e+01 3.06812973e+01 3.07766685e+01 3.23218193e+01
    3.31978302e+01 3.14313316e+01 2.96960182e+01 3.14653740e+01
    3.06531982e+01 3.00864792e+01 3.00305061e+01 3.14984627e+01
    2.96178627e+01 3.03255844e+01 3.10432587e+01 2.97956810e+01
    2.83946323e+01 3.03378582e+01 2.85448952e+01 2.92470284e+01
    2.83205528e+01 2.68310890e+01 2.77107906e+01 3.00537148e+01
    2.99210072e+01 2.87681656e+01 2.86434364e+01 3.04130764e+01
    3.21273918e+01 2.92109184e+01 3.08382568e+01 3.11159496e+01
    3.13586826e+01 2.99786453e+01 3.10538120e+01 2.83102913e+01
    2.82316036e+01 2.73411865e+01 2.71072235e+01 2.94106274e+01
    3.04681549e+01 2.88319855e+01 3.06798935e+01 2.99494152e+01
    3.04310360e+01 3.05632305e+01 2.95828381e+01 3.07597561e+01
    2.93799171e+01 2.87215214e+01 2.88855991e+01 2.93333435e+01
    2.90026722e+01 2.89648609e+01 2.96718426e+01 2.98582458e+01
    2.94052906e+01 2.91135483e+01 2.85994930e+01 3.10458508e+01
    3.03770638e+01 3.07269917e+01 3.06745090e+01 3.18635464e+01
    3.04150887e+01 2.81724911e+01 2.98695660e+01 2.97521210e+01
    3.09941006e+01 2.91149807e+01 2.91622009e+01 3.00859661e+01
    2.93540916e+01 2.86497421e+01 2.79180164e+01 2.90521927e+01
    2.64109669e+01 2.87654362e+01 2.97238808e+01 2.81135979e+01
    2.72273865e+01 2.69266605e+01 2.79852962e+01 2.67238255e+01
    2.79990177e+01 2.79970016e+01 2.87237415e+01 2.98598061e+01
    2.97961407e+01 2.87356091e+01 3.03886147e+01 2.95550346e+01
    3.00568409e+01 2.94941864e+01 3.00582314e+01 2.96771336e+01
    2.79005032e+01 2.87117825e+01 2.97322922e+01 2.91511612e+01
    3.01717224e+01 3.03154736e+01 3.04466591e+01 2.77533684e+01
    2.85419044e+01 2.98282261e+01 3.10517406e+01 2.99773788e+01
    2.98360882e+01 2.96352654e+01 2.98651524e+01 3.05673695e+01
    3.06214714e+01 3.24182930e+01 3.22606506e+01 3.39865189e+01
    3.37671127e+01 3.56876602e+01 3.40288162e+01 3.31969376e+01
    3.45600281e+01 3.44729729e+01 3.29851112e+01 3.32805977e+01
    3.06103096e+01 3.05045223e+01 3.25867043e+01 3.20860023e+01
    2.94246750e+01 3.19456558e+01 3.01118374e+01 3.09816990e+01
    3.18192387e+01 3.20450096e+01 3.14526501e+01 3.27704353e+01
    3.25158119e+01 2.98515301e+01 2.96146545e+01 3.11405125e+01
    2.99760113e+01 2.99992294e+01 2.96401424e+01 2.91841125e+01
    2.92250233e+01 3.01682796e+01 3.15767441e+01 3.11464520e+01
    2.88639526e+01 3.11547642e+01 3.17514648e+01 3.14347305e+01
    3.00107937e+01 3.08338490e+01 3.34702568e+01 3.20592422e+01
    3.09153481e+01 3.19963417e+01 3.22359695e+01 3.11378326e+01
    3.16228313e+01 3.32544174e+01 3.11221085e+01 3.28447304e+01
    3.18626957e+01 3.26388550e+01 3.34140205e+01 3.36566277e+01
    3.39193382e+01 3.49277458e+01 3.50526695e+01 3.35053902e+01
    3.36735954e+01 3.41010399e+01 3.24692192e+01 3.13592587e+01
    3.09106178e+01 3.03398476e+01 3.01713657e+01 3.05037098e+01
    2.82185974e+01 2.87091026e+01 2.69461460e+01 2.93519173e+01
    2.68300152e+01 2.74117756e+01 2.87071781e+01 2.85340023e+01
    2.74100266e+01 2.83765774e+01 2.80208473e+01 2.87621002e+01
    2.91351852e+01 2.70419903e+01 2.90745335e+01 2.77307987e+01
    2.80589085e+01 2.71688938e+01 2.75332298e+01 2.83208408e+01
    2.88792820e+01 2.94161892e+01 2.80721836e+01 2.78966446e+01
    2.90938778e+01 2.83214893e+01 2.52026176e+01 2.88167439e+01
    2.83040104e+01 2.82747135e+01 2.76172981e+01 2.95533600e+01
    2.77511921e+01 2.80918064e+01 2.74748516e+01 2.76585293e+01
    2.82937336e+01 2.93323536e+01 2.85918236e+01 2.71025352e+01
    2.92928143e+01 2.93940468e+01 3.15632095e+01 2.93647194e+01
    3.16547909e+01 3.15843925e+01 2.94728565e+01 3.09198265e+01
    3.05833321e+01 3.23715897e+01 3.03841991e+01 3.11426296e+01
    2.79650497e+01 2.86084919e+01 2.78460083e+01 2.85816975e+01
    2.92936687e+01 2.67975483e+01 2.96785240e+01 2.82552910e+01
    2.84217472e+01 2.93452320e+01 2.93515625e+01 3.32145996e+01
    3.06259499e+01 3.21858864e+01 3.05842590e+01 2.93215370e+01
    3.33563156e+01 3.18848705e+01 3.01673050e+01 2.87531891e+01
    3.12845058e+01 3.04837761e+01 2.92291813e+01 2.98543873e+01
    3.03239117e+01 2.94134655e+01 2.93177433e+01 2.80746727e+01
    3.05040760e+01 2.90071602e+01 3.00588207e+01 2.86337662e+01
    2.81085625e+01 2.77173119e+01 2.70047722e+01 2.86817875e+01
    2.77431965e+01 2.80744839e+01 2.95410099e+01 2.87466621e+01
    3.05077171e+01 3.06147232e+01 3.07849693e+01 2.95631618e+01
    3.18088722e+01 3.14819431e+01 3.05451622e+01 3.06051197e+01
    2.98232250e+01 2.90112247e+01 3.02260056e+01 2.66814861e+01
    2.78960934e+01 2.78542919e+01 2.77024231e+01 2.98929234e+01
    2.95013351e+01 2.93240318e+01 3.11286411e+01 3.05896091e+01
    2.97501545e+01 2.84296417e+01 2.91262398e+01 3.12216091e+01
    2.88115025e+01 2.84562511e+01 2.75687180e+01 2.97184505e+01
    2.95891514e+01 2.90599442e+01 2.96944866e+01 2.94376221e+01
    3.05034237e+01 2.85201416e+01 3.09582062e+01 3.24084167e+01
    3.14069309e+01 3.33722115e+01 2.95447826e+01 2.98093967e+01
    3.00076809e+01 3.06467304e+01 2.87435589e+01 2.98727970e+01
    3.20094757e+01 2.92760677e+01 2.74213924e+01 2.72980556e+01
    2.69358368e+01 2.66692791e+01 2.76500282e+01 2.70915565e+01
    2.69556217e+01 2.81677341e+01 2.77477570e+01 2.64609509e+01
    2.67656269e+01 2.72719727e+01 2.62693882e+01 2.84215374e+01
    2.91155128e+01 2.95215225e+01 2.86658382e+01 2.98547573e+01
    2.83146973e+01 2.86371231e+01 2.94109497e+01 2.94437752e+01
    2.93818283e+01 2.92838669e+01 2.85118332e+01 2.69663982e+01
    2.80732269e+01 2.95303211e+01 2.90848293e+01 2.92970409e+01
    3.02137260e+01 3.00260735e+01 2.87378197e+01 2.95666504e+01
    3.01589756e+01 3.05098228e+01 3.15869312e+01 3.13168526e+01
    3.23265724e+01 3.02518597e+01 3.09256954e+01 3.13230839e+01
    3.46298409e+01 3.46697807e+01 3.25253258e+01 3.33837700e+01
    3.35100288e+01 3.33357353e+01 3.36695442e+01 3.46630783e+01
    3.51126137e+01 3.35884247e+01 3.31836891e+01 3.05492096e+01
    3.01201668e+01 3.09543438e+01 3.22667389e+01 3.37239265e+01
    3.23833504e+01 3.31468620e+01 3.07131386e+01 3.31975899e+01
    3.25764046e+01 3.16784687e+01 3.14807320e+01 2.97400322e+01
    3.09217834e+01 2.90124226e+01 2.85471077e+01 3.01269817e+01
    2.92382812e+01 2.77623081e+01 2.88783436e+01 3.14483757e+01
    3.02127094e+01 3.01154118e+01 3.22264709e+01 3.05578175e+01
    3.13418922e+01 3.22323341e+01 3.12493305e+01 3.25013695e+01
    3.29926720e+01 3.28311729e+01 3.27250366e+01 3.39133034e+01
    3.30422363e+01 3.39010620e+01 3.35031891e+01 3.41073456e+01
    3.42239227e+01 3.44307060e+01 3.27171478e+01 3.38826103e+01
    3.43617935e+01 3.37366028e+01 3.63111649e+01 3.44866371e+01
    3.46342430e+01 3.46966248e+01 3.38517838e+01 3.30217667e+01
    3.31516037e+01 3.34177475e+01 3.13249378e+01 3.16194229e+01
    3.32857056e+01 2.92621899e+01 2.71032639e+01 2.90620556e+01
    2.65913925e+01 2.79348412e+01 2.82015057e+01 2.81595402e+01
    2.69966583e+01 2.90724754e+01 2.79714184e+01 2.88520432e+01
    2.98571758e+01 2.97883739e+01 2.94730167e+01 2.95974293e+01
    2.90795612e+01 3.04255238e+01 2.94520836e+01 3.00272675e+01
    2.89612408e+01 2.86563625e+01 3.08923893e+01 2.90393944e+01
    2.98819637e+01 2.89681988e+01 2.75743599e+01 2.71229210e+01
    2.81701660e+01 2.76374950e+01 2.70159512e+01 2.79426403e+01
    2.89804859e+01 2.72303333e+01 2.80892353e+01 2.74782295e+01
    2.75772953e+01 2.73813705e+01 2.79304695e+01 2.91438217e+01
    2.92166386e+01 2.86344490e+01 2.85073681e+01 2.88699398e+01
    2.95647812e+01 3.04080467e+01 3.16219082e+01 3.03198223e+01
    3.14703217e+01 2.97008533e+01 3.07982922e+01 3.07209015e+01
    2.91927338e+01 2.95259094e+01 3.00270691e+01 2.85203533e+01
    2.58692608e+01 2.78326340e+01 3.05190735e+01 2.89581757e+01
    2.90964546e+01 2.71561012e+01 2.87338963e+01 3.07027588e+01
    3.01500130e+01 3.19700356e+01 3.21843071e+01 3.11160774e+01
    3.02294025e+01 3.17733002e+01 2.99224186e+01 2.99779930e+01
    3.09706936e+01 3.00186844e+01 2.86769543e+01 2.83551407e+01
    2.98869381e+01 2.96144543e+01 3.03975258e+01 2.96802406e+01
    2.81702175e+01 2.64704666e+01 2.84418793e+01 3.06334248e+01
    2.78105602e+01 2.90683250e+01 2.89810677e+01 2.81915283e+01
    2.80577621e+01 2.69137058e+01 2.64876347e+01 2.91951122e+01
    3.11535492e+01 3.01318417e+01 3.02171688e+01 3.27925072e+01
    3.12275982e+01 3.09848919e+01 3.20840530e+01 3.20128136e+01
    3.07127819e+01 2.87538567e+01 3.00069618e+01 2.87022095e+01
    2.81706181e+01 2.69782257e+01 2.85241108e+01 2.49627743e+01
    2.89346676e+01 2.92016106e+01 2.86676254e+01 2.90006790e+01
    2.89654007e+01 2.96146774e+01 2.98453178e+01 2.90890179e+01
    3.09415951e+01 2.92697315e+01 2.87638721e+01 2.93993359e+01
    2.94303932e+01 2.90449829e+01 2.86105099e+01 2.88206577e+01
    2.89013062e+01 2.89270878e+01 2.87286053e+01 3.05109653e+01
    2.99375057e+01 2.95089493e+01 2.93765793e+01 3.20602303e+01
    3.23961067e+01 3.01400967e+01 3.02919445e+01 2.91523323e+01
    3.11784058e+01 3.04259148e+01 3.08390427e+01 3.05460205e+01
    2.86694946e+01 2.93139114e+01 2.87320232e+01 2.86076088e+01
    2.90700264e+01 2.72017059e+01 2.88495140e+01 2.87501850e+01
    2.90306683e+01 2.75179214e+01 2.72574539e+01 2.72846336e+01
    2.70660267e+01 2.79982758e+01 2.78921490e+01 2.70141678e+01
    2.77237206e+01 2.87626972e+01 3.01873436e+01 2.87324886e+01
    2.83243427e+01 2.78139668e+01 2.88030396e+01 2.73931465e+01
    2.79712849e+01 2.75199070e+01 2.77184849e+01 2.84086208e+01
    2.86889877e+01 3.12594299e+01 3.11002159e+01 3.23603973e+01
    3.01856213e+01 3.02613049e+01 3.04905567e+01 3.32736511e+01
    3.37188568e+01 3.23326759e+01 3.08977985e+01 3.15919209e+01
    3.17763119e+01 3.13122158e+01 3.23708954e+01 3.24670868e+01
    3.21660767e+01 3.35105858e+01 3.11542931e+01 3.27501335e+01
    3.29545937e+01 3.29102478e+01 3.28385620e+01 3.36014404e+01
    3.07723198e+01 2.97457962e+01 3.14926167e+01 2.92421646e+01
    3.20679855e+01 3.16269665e+01 3.19190578e+01 3.20044823e+01
    3.01085911e+01 3.08920097e+01 2.85013504e+01 3.07889977e+01
    3.09995098e+01 2.82531185e+01 2.84391289e+01 2.86654472e+01
    2.93244495e+01 2.91822510e+01 2.95660152e+01 2.87652340e+01
    2.82325993e+01 2.91640110e+01 2.93854389e+01 3.24462013e+01
    3.09080925e+01 3.09901981e+01 3.09241447e+01 3.27886086e+01
    3.09868202e+01 3.09024334e+01 3.32914352e+01 3.39923134e+01
    3.19067039e+01 3.18181343e+01 3.36552124e+01 3.21642342e+01
    3.32540855e+01 3.34498863e+01 3.31159821e+01 3.30734062e+01
    3.31937294e+01 3.31030998e+01 3.44392281e+01 3.49036827e+01
    3.42324142e+01 3.42140656e+01 3.50325508e+01 3.46965485e+01
    3.37849464e+01 3.40043793e+01 3.44217033e+01 3.30002251e+01
    3.19601994e+01 3.09574680e+01 2.97588501e+01 2.86067600e+01
    2.78653145e+01 2.76076450e+01 2.70641289e+01 2.85731182e+01
    2.88802567e+01 2.69566689e+01 2.82043056e+01 2.98469448e+01
    2.76906281e+01 2.93098698e+01 2.94392319e+01 3.03807163e+01
    2.98099422e+01 2.97839985e+01 3.09903545e+01 2.99979687e+01
    3.04982929e+01 2.96442680e+01 2.55599709e+01 2.97990189e+01
    2.94426861e+01 2.85067711e+01 2.85730686e+01 2.76120262e+01
    2.87419167e+01 2.91983833e+01 2.84009228e+01 2.84293175e+01
    2.72806168e+01 2.68736992e+01 2.84260540e+01 2.64467678e+01
    2.61378975e+01 2.59284039e+01 2.68792496e+01 2.74552364e+01
    2.92975788e+01 3.03722496e+01 2.83742199e+01 2.78440094e+01
    2.84255981e+01 2.84507122e+01 3.01989307e+01 3.15351810e+01
    2.93009834e+01 3.10939236e+01 2.95542049e+01 2.85835648e+01
    2.93104305e+01 2.96059380e+01 3.04721355e+01 2.95820942e+01
    2.77679138e+01 2.75942688e+01 2.88189354e+01 2.67761097e+01
    2.89174633e+01 2.80760479e+01 2.88527451e+01 2.92017345e+01
    3.03787975e+01 2.90322018e+01 2.98085957e+01 3.29903221e+01
    3.09926910e+01 3.01624432e+01 3.13796711e+01 2.97803497e+01
    2.97673874e+01 3.16605968e+01 3.19449100e+01 3.08698616e+01
    2.98799267e+01 2.84938259e+01 2.95496597e+01 2.87758541e+01
    2.87373295e+01 2.91806240e+01 2.92348518e+01 2.79322701e+01
    2.65494957e+01 2.76364193e+01 2.81078148e+01 2.85651207e+01
    2.71244984e+01 2.78443756e+01 2.68493023e+01 2.75646210e+01
    2.66327686e+01 2.73034611e+01 2.98784695e+01 2.94619064e+01
    3.09615765e+01 3.10407829e+01 3.04918880e+01 3.00161018e+01
    3.11977596e+01 3.00474701e+01 3.00364437e+01 2.85230160e+01
    2.87061958e+01 2.86118088e+01 2.85162296e+01 2.50777969e+01
    2.65559654e+01 2.73576717e+01 2.67702160e+01 2.75011559e+01
    3.00206070e+01 2.80658379e+01 2.86864605e+01 3.02334118e+01
    2.99988918e+01 2.85484905e+01 3.04046192e+01 3.00275440e+01
    2.99401684e+01 2.79342041e+01 2.76610508e+01 2.97709866e+01
    2.80354614e+01 2.76615486e+01 2.89230843e+01 2.83835239e+01
    2.86187325e+01 2.77657261e+01 2.91808643e+01 2.86549969e+01
    2.99846191e+01 2.97829494e+01 2.91935577e+01 3.05242882e+01
    2.97688847e+01 2.87566395e+01 2.88924122e+01 2.87577782e+01
    3.01866531e+01 2.95814915e+01 2.85695057e+01 2.84892387e+01
    2.78615742e+01 2.81751156e+01 2.83944874e+01 2.84843102e+01
    2.84309216e+01 2.69593468e+01 2.82016010e+01 2.70456638e+01
    2.95928230e+01 2.90501881e+01 2.81755772e+01 2.77572975e+01
    2.86539230e+01 2.94255219e+01 2.73682461e+01 2.97306538e+01
    2.76318035e+01 2.91341400e+01 2.91361027e+01 2.72295761e+01
    2.78680687e+01 2.82106876e+01 2.66813850e+01 2.84377689e+01
    2.96298599e+01 2.94209366e+01 2.84254341e+01 3.08862038e+01
    2.98364677e+01 3.02063446e+01 3.13831215e+01 3.24909782e+01
    3.20709572e+01 3.14597721e+01 3.29450912e+01 3.29306526e+01
    3.40715752e+01 3.16274910e+01 3.05924568e+01 3.03896275e+01
    3.16098804e+01 3.39088211e+01 3.29174271e+01 3.33951225e+01
    3.05857162e+01 3.18987713e+01 3.31087532e+01 3.38036079e+01
    3.37415237e+01 3.18586693e+01 3.17389050e+01 3.18296661e+01
    3.07978611e+01 3.18594284e+01 3.33278656e+01 3.20703773e+01
    3.20067940e+01 3.19102516e+01 2.84413166e+01 3.10829659e+01
    2.93191700e+01 3.04996395e+01 3.04998951e+01 2.87728138e+01
    2.77992897e+01 2.86498833e+01 2.94068356e+01 2.85428200e+01
    2.78710709e+01 2.74078064e+01 2.82532578e+01 2.79853039e+01
    2.97643070e+01 3.04789982e+01 2.99683456e+01 3.21438179e+01
    3.20957756e+01 3.11315651e+01 3.17809353e+01 3.24654465e+01
    3.32339859e+01 3.17946739e+01 3.22302246e+01 3.40207672e+01
    3.18055687e+01 3.47949257e+01 3.22178612e+01 3.11216278e+01
    3.41394730e+01 3.22381821e+01 3.22483902e+01 3.32876053e+01
    3.36481476e+01 3.58559303e+01 3.48899574e+01 3.42041054e+01
    3.53333931e+01 3.59879074e+01 3.65325127e+01 3.47488365e+01
    3.41261368e+01 3.45572548e+01 3.10623169e+01 3.13527775e+01
    3.12330093e+01 2.99385929e+01 2.82882919e+01 3.12974567e+01
    2.71567364e+01 2.91356277e+01 2.88254776e+01 3.04192085e+01
    2.74685841e+01 2.82641449e+01 2.86597366e+01 2.85188026e+01
    3.02496567e+01 3.13360672e+01 3.05187473e+01 2.87759991e+01
    3.03089333e+01 2.99111767e+01 2.98037586e+01 2.79107571e+01
    2.94217110e+01 2.80840855e+01 2.76855087e+01 2.92359543e+01
    2.88422852e+01 3.02895336e+01 2.82805653e+01 2.93817024e+01
    2.96127605e+01 3.01114445e+01 2.54576092e+01 2.53974133e+01
    2.74261589e+01 2.73309689e+01 2.47859516e+01 2.72158871e+01
    2.71130295e+01 2.68951035e+01 2.87917385e+01 2.91313820e+01
    2.68986130e+01 2.85393696e+01 2.89329205e+01 2.71211300e+01
    2.93824005e+01 2.97163067e+01 3.08723602e+01 2.74878578e+01
    2.88535690e+01 2.95652676e+01 2.91411114e+01 2.85422497e+01
    2.80018368e+01 2.92449894e+01 2.87108288e+01 2.97401066e+01
    2.88470440e+01 2.83764305e+01 3.01716862e+01 2.92511921e+01
    3.04916363e+01 2.85212650e+01 3.02550888e+01 3.11259594e+01
    3.06559639e+01 2.96633930e+01 3.09146767e+01 3.01620159e+01
    2.86327763e+01 3.08116970e+01 3.15753365e+01 2.87101479e+01
    2.83172569e+01 2.99437313e+01 2.96691284e+01 3.08666782e+01
    2.92989483e+01 2.95633316e+01 3.16440983e+01 3.04292450e+01
    2.88895607e+01 2.63576107e+01 2.81707268e+01 2.71043358e+01
    2.65217934e+01 2.67226524e+01 2.57375355e+01 2.65879040e+01
    2.61937027e+01 2.59711952e+01 2.58487015e+01 2.85161800e+01
    2.90372066e+01 2.92079811e+01 2.94314709e+01 3.05147133e+01
    2.93978653e+01 3.04750957e+01 2.88588314e+01 3.16350193e+01
    3.03552971e+01 2.90688839e+01 2.81660671e+01 2.68884983e+01
    2.74805756e+01 2.55333767e+01 2.80167160e+01 2.70156746e+01
    2.72257118e+01 2.73786182e+01 2.79368610e+01 2.82598305e+01
    2.96008015e+01 3.02208080e+01 2.94203625e+01 2.92667847e+01
    3.08568783e+01 2.96424427e+01 2.85944901e+01 2.69721336e+01
    2.89544411e+01 2.80722923e+01 2.92143841e+01 2.90692673e+01
    2.84698715e+01 2.88212242e+01 2.86296730e+01 2.94517498e+01
    3.01382637e+01 2.85038853e+01 3.07096767e+01 2.97937641e+01
    2.90280285e+01 2.93695221e+01 2.87938042e+01 2.88073788e+01
    2.78364258e+01 2.73730240e+01 2.81975498e+01 2.88094101e+01
    2.85674610e+01 2.74761372e+01 2.68514557e+01 2.78809319e+01
    2.75739059e+01 2.57757740e+01 2.69024792e+01 2.84937572e+01
    2.91790848e+01 3.00867805e+01 2.98123112e+01 2.94778252e+01
    3.00182915e+01 2.96536083e+01 2.98512440e+01 2.88678417e+01
    3.06732826e+01 2.90648918e+01 2.92613029e+01 2.97464886e+01
    2.81319942e+01 2.79960251e+01 2.83616295e+01 2.78948231e+01
    2.69595795e+01 2.79120407e+01 2.82249069e+01 3.03670177e+01
    2.97672215e+01 2.89016571e+01 2.98374290e+01 3.16291313e+01
    3.16833858e+01 3.27534027e+01 3.20941124e+01 3.39527283e+01
    3.32508469e+01 3.22605362e+01 3.19533939e+01 3.11077538e+01
    3.24521027e+01 3.20889549e+01 3.18409958e+01 3.31812325e+01
    3.39074631e+01 3.36878242e+01 3.22995796e+01 3.31997871e+01
    3.28536606e+01 3.53718605e+01 3.46506882e+01 3.28789673e+01
    3.31523552e+01 3.24185143e+01 3.10299149e+01 3.08822155e+01
    3.14880829e+01 3.29531898e+01 3.19095478e+01 3.05008640e+01
    2.93891525e+01 3.26670418e+01 2.95106125e+01 3.16823463e+01
    3.15766048e+01 2.98982334e+01 2.98585167e+01 2.80416698e+01
    2.88343182e+01 2.87193451e+01 2.84098701e+01 3.01190910e+01
    2.82233601e+01 2.97211666e+01 2.93290176e+01 3.02909718e+01
    2.98747978e+01 2.99537029e+01 3.16251125e+01 3.19466667e+01
    3.17978477e+01 3.15296402e+01 3.19677830e+01 3.31215897e+01
    3.22302628e+01 3.09360657e+01 3.28122177e+01 3.35705795e+01
    3.34661179e+01 3.45676155e+01 3.29866600e+01 3.38206902e+01
    3.33466187e+01 3.38158798e+01 3.46110497e+01 3.52909622e+01
    3.43637581e+01 3.37972832e+01 3.48282928e+01 3.52350883e+01
    3.52697830e+01 3.26505394e+01 3.36796455e+01 3.27689133e+01
    3.14841537e+01 3.21557350e+01 3.14680920e+01 2.93435040e+01
    3.01921825e+01 2.86961250e+01 2.82557487e+01 3.06292877e+01
    2.74963837e+01 2.83673515e+01 2.83352776e+01 3.01477985e+01
    2.81965523e+01 2.85110989e+01 3.00720615e+01 3.00479069e+01
    2.99013462e+01 2.95514736e+01 2.89837513e+01 3.00623379e+01
    2.84799023e+01 2.66435661e+01 2.59274464e+01 2.72657108e+01
    2.92723923e+01 2.87881985e+01 2.90156918e+01 2.88968735e+01
    2.78464470e+01 3.10012856e+01 3.00234947e+01 3.03972378e+01
    2.58467522e+01 2.55447750e+01 2.56638241e+01 2.58850021e+01
    2.61662750e+01 2.68579140e+01 2.68216553e+01 2.61259270e+01
    2.70988464e+01 2.75286560e+01 2.92661819e+01 2.86572018e+01
    2.83253384e+01 2.99534664e+01 2.95056458e+01 2.76668682e+01
    2.87899456e+01 2.72865181e+01 2.89432774e+01 3.04440727e+01
    2.99191322e+01 3.11460915e+01 2.82767544e+01 3.05673695e+01
    2.86191616e+01 2.70743465e+01 3.02069321e+01 2.92472153e+01
    2.99474297e+01 3.01075230e+01 2.95732327e+01 2.94268284e+01
    3.18047218e+01 3.14072037e+01 2.87363110e+01 2.93539486e+01
    2.87073917e+01 2.97923737e+01 3.14314098e+01 2.87198467e+01
    3.02624207e+01 2.99504719e+01 3.01311665e+01 2.83474407e+01
    2.82376919e+01 2.66516399e+01 2.93989182e+01 2.97686157e+01
    2.81298904e+01 3.00174370e+01 2.72385540e+01 2.72686825e+01
    2.59623165e+01 2.52715034e+01 2.56765575e+01 2.61220074e+01
    2.59724331e+01 2.48815041e+01 2.53726921e+01 2.49474888e+01
    2.47167873e+01 2.83000107e+01 2.81001720e+01 2.90629044e+01
    2.88741989e+01 2.99194298e+01 3.05241756e+01 3.04415359e+01
    3.08683586e+01 3.12753525e+01 3.14670315e+01 3.00886497e+01
    2.85676651e+01 2.76597862e+01 2.81235027e+01 2.70096550e+01
    2.78753738e+01 2.91914406e+01 2.94880714e+01 2.77584610e+01
    2.76188622e+01 2.86189289e+01 2.99371815e+01 2.85484791e+01
    2.95331841e+01 2.94511814e+01 3.03580685e+01 2.98558712e+01
    2.81134853e+01 2.90811710e+01 2.86928711e+01 2.70482082e+01
    2.77773037e+01 2.73577194e+01 2.74182167e+01 2.73551216e+01
    2.73747635e+01 2.78940182e+01 2.87030792e+01 2.84402637e+01
    2.94334869e+01 2.87772408e+01 3.09029083e+01 2.99304256e+01
    3.01456985e+01 2.94439640e+01 2.89431190e+01 2.97241650e+01
    2.77759075e+01 2.88295059e+01 2.89499454e+01 2.90990086e+01
    2.93594875e+01 2.81443863e+01 2.79525394e+01 2.94409065e+01
    3.11292667e+01 2.88517056e+01 2.76934280e+01 2.97740669e+01
    3.01962662e+01 3.18375378e+01 3.01067772e+01 3.10087738e+01
    2.92376213e+01 2.97438412e+01 2.87215652e+01 2.97321777e+01
    2.94358311e+01 2.90942535e+01 2.87110863e+01 2.85397396e+01
    2.85493755e+01 2.94680386e+01 2.79831371e+01 2.79744072e+01
    3.05054207e+01 3.02000103e+01 2.85681992e+01 2.92360802e+01
    2.94955692e+01 2.92513351e+01 2.87493820e+01 3.17977028e+01
    3.25060310e+01 3.04197216e+01 3.13263474e+01 3.09964256e+01
    3.20153580e+01 3.13258152e+01 3.19217758e+01 3.34529915e+01
    3.20330696e+01 3.44124489e+01 3.27022743e+01 3.41379814e+01
    3.20548439e+01 3.28607941e+01 3.35643463e+01 3.44995918e+01
    3.48589363e+01 3.33411980e+01 3.28363342e+01 3.11162643e+01
    3.08856411e+01 3.10007839e+01 3.30319443e+01 3.03841991e+01
    3.19231243e+01 3.23714066e+01 2.91778584e+01 3.06040688e+01
    3.03542900e+01 3.09524689e+01 2.97980785e+01 2.96648140e+01
    2.74727345e+01 2.93269138e+01 2.86802177e+01 2.78340988e+01
    2.93043518e+01 2.86529007e+01 2.88286610e+01 3.10322800e+01
    2.87810059e+01 2.95784416e+01 3.03528557e+01 3.03179474e+01
    3.04885101e+01 3.09393368e+01 3.10779285e+01 3.13346405e+01
    3.03929195e+01 3.15776920e+01 3.13670902e+01 3.12485676e+01
    3.35364304e+01 3.30651283e+01 3.39024887e+01 3.17872334e+01
    3.33271637e+01 3.25278893e+01 3.33664207e+01 3.30237350e+01
    3.32808609e+01 3.38740540e+01 3.43852005e+01 3.39007835e+01
    3.40295677e+01 3.46659203e+01 3.39163284e+01 3.43915138e+01
    3.38346710e+01 3.25754356e+01 3.30631294e+01 3.18799362e+01
    3.26553993e+01 3.17300320e+01 3.03534679e+01 2.86304741e+01
    2.82827110e+01 2.89023056e+01 2.85644360e+01 3.01985874e+01
    2.99367638e+01 2.97313366e+01 2.89175682e+01 3.09062538e+01
    2.99559708e+01 3.08716335e+01 3.14551201e+01 2.79481411e+01
    3.00025406e+01 2.89261780e+01 2.99531937e+01 2.80273838e+01
    2.79250107e+01 2.97362938e+01 2.82095184e+01 2.85013466e+01
    2.74093266e+01 2.94280319e+01 3.04300213e+01 2.89731598e+01
    3.09717674e+01 3.16025600e+01 2.51568470e+01 2.66868763e+01
    2.64996681e+01 2.59127464e+01 2.67642269e+01 2.60822067e+01
    2.54639416e+01 2.62829094e+01 2.65976524e+01 2.76108608e+01
    2.86336880e+01 3.05857677e+01 2.81867962e+01 2.89242516e+01
    3.00780754e+01 2.85584927e+01 3.01480427e+01 3.00412388e+01
    2.85947495e+01 2.91452999e+01 2.97029362e+01 2.95730133e+01
    2.91594772e+01 2.85273056e+01 2.87783527e+01 2.84342880e+01
    2.83560581e+01 2.92501945e+01 2.78705444e+01 2.79039688e+01
    3.11311779e+01 3.00654335e+01 2.94083424e+01 3.09801216e+01
    3.21606750e+01 3.16767864e+01 3.01669960e+01 2.94076214e+01
    2.95184879e+01 2.84428787e+01 3.02547474e+01 2.99553795e+01
    2.85566902e+01 2.93379478e+01 2.93707561e+01 2.94458160e+01
    3.03520947e+01 2.81220226e+01 2.99391518e+01 3.05871296e+01
    2.90724907e+01 2.63485641e+01 2.53167400e+01 2.71381187e+01
    2.38896980e+01 2.50198917e+01 2.43615761e+01 2.44330101e+01
    2.57200527e+01 2.56303253e+01 2.58877048e+01 2.70634155e+01
    2.77906284e+01 2.99775867e+01 2.87356358e+01 3.06509323e+01
    3.03031178e+01 3.12362480e+01 3.04137459e+01 3.21234741e+01
    3.22796402e+01 2.97265339e+01 2.99141846e+01 2.89936466e+01
    2.93596230e+01 2.90705109e+01 2.97779827e+01 2.94313030e+01
    3.13256187e+01 3.09319534e+01 2.99644146e+01 3.06247768e+01
    3.09469090e+01 3.11425991e+01 3.02182789e+01 2.88635120e+01
    3.13587532e+01 3.01191845e+01 2.93147869e+01 2.70263138e+01
    2.78003368e+01 2.88987293e+01 2.83068371e+01 2.86173687e+01
    2.82958374e+01 2.91492805e+01 2.77408199e+01 2.88261547e+01
    2.80834351e+01 2.95393429e+01 3.03062210e+01 3.01129951e+01
    2.88506241e+01 3.09749908e+01 2.95905991e+01 2.84244232e+01
    2.94405823e+01 2.98502808e+01 2.94077282e+01 3.03112030e+01
    2.73971977e+01 2.75393410e+01 2.92297192e+01 2.92925529e+01
    2.74903603e+01 3.05073490e+01 2.85264950e+01 2.98748283e+01
    2.88950386e+01 2.95232372e+01 3.06563034e+01 2.94533939e+01
    3.13728371e+01 3.15037441e+01 3.18454971e+01 3.13573093e+01
    3.00857849e+01 2.96249847e+01 2.94475422e+01 3.19661579e+01
    2.88251266e+01 2.97794323e+01 2.92450542e+01 2.76116753e+01
    2.77501602e+01 2.70934448e+01 2.74832325e+01 3.03004513e+01
    3.02178574e+01 2.99144135e+01 2.94631977e+01 2.84222126e+01
    2.99846687e+01 3.02845764e+01 3.16138783e+01 3.21029129e+01
    3.27291412e+01 3.16945324e+01 3.15234985e+01 3.09150524e+01
    3.33435059e+01 3.33280640e+01 3.39418678e+01 3.35885963e+01
    3.14604855e+01 3.26243973e+01 3.29157143e+01 3.54938927e+01
    3.32014847e+01 3.68130112e+01 3.50826149e+01 3.28298874e+01
    3.35001221e+01 3.17064781e+01 3.04241924e+01 3.19120903e+01
    3.14131832e+01 3.40680046e+01 3.35406876e+01 3.01985626e+01
    3.13294849e+01 3.28091087e+01 3.04368916e+01 3.06165466e+01
    2.97033730e+01 3.00087395e+01 3.11422997e+01 2.84769192e+01
    2.84687080e+01 2.90702972e+01 2.99181976e+01 2.90899944e+01
    2.94239349e+01 2.87363777e+01 3.05223942e+01 2.97555866e+01
    2.87597160e+01 3.01997566e+01 3.09165745e+01 3.06480541e+01
    3.16383305e+01 3.17956657e+01 3.12302761e+01 3.27857742e+01
    3.05193424e+01 3.24506683e+01 3.23254051e+01 3.27062149e+01
    3.36164932e+01 3.09156475e+01 3.25100975e+01 3.15705185e+01
    3.12556858e+01 3.18686028e+01 3.27276306e+01 3.46672630e+01
    3.36253471e+01 3.30535583e+01 3.43518028e+01 3.53549614e+01
    3.40926323e+01 3.29628525e+01 3.33761826e+01 3.39365921e+01
    3.30550995e+01 3.09888954e+01 3.22799911e+01 3.06490784e+01
    2.92709846e+01 2.86838646e+01 2.91767902e+01 2.89856758e+01
    3.00615520e+01 2.93395615e+01 2.93702011e+01 3.09568901e+01
    2.98385773e+01 3.10732365e+01 3.09380264e+01 3.26227493e+01
    3.07729187e+01 3.12334042e+01 3.08647537e+01 3.00157814e+01
    3.08581352e+01 3.04840622e+01 2.80609150e+01 2.86578217e+01
    2.91559448e+01 2.97391663e+01 3.01975021e+01 3.00977821e+01
    2.79261227e+01 3.13061409e+01 2.94657631e+01 3.12950783e+01
    2.74331570e+01 2.78119965e+01 2.60956268e+01 2.69579411e+01
    2.75414276e+01 2.84297218e+01 2.79070835e+01 2.74553909e+01
    2.80139465e+01 2.84074612e+01 2.92583942e+01 2.99814339e+01
    2.78340855e+01 3.04396477e+01 2.75960903e+01 2.94112244e+01
    2.93633404e+01 2.87826080e+01 2.83342819e+01 2.93877945e+01
    2.86693954e+01 2.81138897e+01 2.75544834e+01 2.84787102e+01
    2.91289253e+01 2.70459557e+01 2.83646469e+01 2.85849857e+01
    3.07518597e+01 2.93183899e+01 2.87394390e+01 2.82211857e+01
    3.08595524e+01 3.28815804e+01 3.01245422e+01 2.89509830e+01
    2.92592716e+01 2.96174526e+01 2.96550598e+01 2.74995651e+01
    2.77089729e+01 2.90479298e+01 3.01656322e+01 2.83863258e+01
    2.83487301e+01 2.94002113e+01 2.88489838e+01 2.95280323e+01
    3.07380009e+01 2.83036366e+01 2.89146137e+01 2.74852238e+01
    2.75335007e+01 2.56504459e+01 2.50805073e+01 2.48804531e+01
    2.37150879e+01 2.62576866e+01 2.46078014e+01 2.46812305e+01
    2.54389801e+01 2.65103989e+01 3.02292042e+01 2.95825386e+01
    2.88280392e+01 3.06328735e+01 2.99401264e+01 3.10519295e+01
    2.87326298e+01 3.16654282e+01 3.10983582e+01 2.82507706e+01
    3.08058586e+01 2.83927994e+01 2.90331745e+01 2.87212353e+01
    2.82600288e+01 2.88393917e+01 3.06950760e+01 2.97327690e+01
    2.93955536e+01 2.78255844e+01 2.84764385e+01 3.05185680e+01
    2.99140739e+01 3.00872192e+01 2.91217537e+01 2.82488766e+01
    2.89742451e+01 2.74451084e+01 2.87723942e+01 2.84410057e+01
    2.68815632e+01 2.67087536e+01 2.99861012e+01 2.95499725e+01
    2.79316864e+01 2.79249191e+01 2.96923027e+01 2.91364250e+01
    3.08367386e+01 3.17644596e+01 3.16999092e+01 3.27744026e+01
    2.98042850e+01 3.02010975e+01 3.11956253e+01 2.94575405e+01
    3.03226242e+01 3.09491673e+01 3.05490570e+01 2.96752415e+01
    2.97375870e+01 2.97510986e+01 2.79459591e+01 3.00569401e+01
    3.09034786e+01 2.90132866e+01 2.98544617e+01 3.10782948e+01
    3.11334324e+01 3.18474293e+01 3.20052986e+01 3.20293808e+01
    3.21900711e+01 3.00726471e+01 2.93558998e+01 3.13887177e+01
    3.04905033e+01 3.04724236e+01 2.83857689e+01 2.91458740e+01
    2.74917011e+01 2.77368164e+01 2.60658035e+01 2.65954456e+01
    2.82272377e+01 2.95809708e+01 2.74355373e+01 2.87203598e+01
    2.78897686e+01 2.81275730e+01 2.82279987e+01 2.94991455e+01
    3.14689388e+01 3.05277519e+01 3.28681717e+01 3.20324707e+01
    3.13422222e+01 3.20077667e+01 3.13772411e+01 3.36925926e+01
    3.34179802e+01 3.19250202e+01 3.23376312e+01 3.25815277e+01
    3.27308464e+01 3.40933228e+01 3.40807762e+01 3.45115318e+01
    3.45007248e+01 3.17163982e+01 3.05695324e+01 3.16185513e+01
    3.14277840e+01 3.10012054e+01 3.14167843e+01 3.25068130e+01
    3.26238556e+01 3.18358860e+01 3.06705952e+01 3.08374348e+01
    3.03066692e+01 3.16465359e+01 3.05895081e+01 3.00775661e+01
    2.89793892e+01 3.08182526e+01 3.21029243e+01 2.91692524e+01
    3.06448231e+01 3.10671177e+01 3.00513859e+01 3.03624344e+01
    3.12178154e+01 2.94145451e+01 3.05972385e+01 2.98304329e+01
    3.04381924e+01 3.01444168e+01 3.13379078e+01 3.08665485e+01
    3.25918541e+01 3.28600769e+01 3.08387814e+01 3.16341858e+01
    3.10135555e+01 3.32651749e+01 3.20563469e+01 3.17547760e+01
    3.22631187e+01 3.22180748e+01 3.22526665e+01 3.29814644e+01
    3.33739128e+01 3.23740005e+01 3.36663818e+01 3.32190018e+01
    3.55422440e+01 3.37695770e+01 3.43843002e+01 3.22964821e+01
    3.29836235e+01 3.14364319e+01 3.27371559e+01 2.93697472e+01
    3.10949650e+01 3.24232025e+01 2.92815037e+01 2.96376343e+01
    2.85627365e+01 2.94905396e+01 2.77254353e+01 3.01225185e+01
    2.92549858e+01 3.08000412e+01 2.97127571e+01 3.03797035e+01
    3.17774258e+01 3.08730068e+01 3.16344109e+01 3.02892914e+01
    3.20138817e+01 3.18114262e+01 3.34632263e+01 3.03133202e+01
    2.99825802e+01 3.00330830e+01 3.04568119e+01 2.96665897e+01
    3.04091015e+01 3.09219379e+01 3.14041100e+01 3.16311741e+01
    3.06587124e+01 3.23565178e+01 2.70659962e+01 2.52619362e+01
    2.74988670e+01 2.59576492e+01 2.66560192e+01 2.68458252e+01
    2.93201427e+01 2.87754555e+01 2.76620159e+01 2.80369682e+01
    2.89975700e+01 2.84793835e+01 2.89968567e+01 3.04682312e+01
    2.94795189e+01 3.15999279e+01 2.91784077e+01 2.83652687e+01
    2.86933861e+01 2.89361019e+01 2.82631607e+01 2.81619816e+01
    2.81053581e+01 2.77061863e+01 2.74330139e+01 2.79595127e+01
    2.65185738e+01 2.90625572e+01 2.85065136e+01 2.77304268e+01
    3.03198624e+01 3.09744110e+01 3.13584957e+01 2.99307499e+01
    3.04306583e+01 3.07844982e+01 2.89984055e+01 2.80330753e+01
    2.67384262e+01 2.87739544e+01 2.96695518e+01 2.83035049e+01
    2.92415771e+01 3.02641392e+01 2.95420914e+01 2.94111118e+01
    3.02101841e+01 3.03204041e+01 3.08519382e+01 3.03679352e+01
    2.97474632e+01 2.99112396e+01 2.77335625e+01 2.43441544e+01
    2.60222111e+01 2.40891228e+01 2.47336369e+01 2.50663738e+01
    2.39841347e+01 2.65811367e+01 2.47751160e+01 2.67703972e+01
    2.77102928e+01 2.97142391e+01 2.97382927e+01 3.09440289e+01
    3.07207947e+01 2.92945595e+01 2.93110065e+01 3.12308483e+01
    3.10258522e+01 3.08081722e+01 2.96011295e+01 2.83284416e+01
    2.89952259e+01 2.72559395e+01 2.82139893e+01 2.88941574e+01
    2.86291409e+01 2.85695763e+01 2.97226391e+01 2.99019241e+01
    3.04418545e+01 2.96898251e+01 3.00122967e+01 2.91268902e+01
    2.98592796e+01 2.92357502e+01 3.03882027e+01 2.79198818e+01
    3.03267059e+01 2.91727524e+01 2.91461620e+01 2.68774738e+01
    2.88392181e+01 2.92621326e+01 2.72394848e+01 2.90876274e+01
    2.72272243e+01 2.90047493e+01 3.09027519e+01 2.88344860e+01
    3.01716976e+01 2.94858189e+01 3.22084198e+01 3.02362099e+01
    3.01664085e+01 3.06640778e+01 3.18598671e+01 3.31829071e+01
    3.04986668e+01 2.94569359e+01 3.15474014e+01 2.98116760e+01
    3.11362209e+01 3.18038769e+01 3.11457462e+01 3.27303238e+01
    3.02392597e+01 3.15209007e+01 3.22732506e+01 3.16056194e+01
    3.22661324e+01 3.12856350e+01 3.33521881e+01 3.24335938e+01
    3.11549587e+01 2.93755455e+01 2.96694565e+01 3.14937515e+01
    2.80927391e+01 2.89922333e+01 2.74538689e+01 2.57918243e+01
    2.57407932e+01 2.63270073e+01 2.67519875e+01 2.63913212e+01
    2.77285843e+01 2.84451237e+01 2.84705410e+01 2.77426472e+01
    3.01985092e+01 2.94311962e+01 3.06087341e+01 3.22969551e+01
    3.08954754e+01 3.16990891e+01 3.27597504e+01 3.10741005e+01
    3.16234131e+01 3.32654991e+01 3.37895317e+01 3.43085480e+01
    3.17196808e+01 3.16205521e+01 3.17229519e+01 3.14772339e+01
    3.31521492e+01 3.54325829e+01 3.27905159e+01 3.06649208e+01
    3.11004620e+01 3.07882729e+01 3.17721500e+01 3.17144165e+01
    3.29712563e+01 3.08538265e+01 3.18205891e+01 2.88790550e+01
    2.96176281e+01 3.25886803e+01 3.07426682e+01 3.32625809e+01
    2.79134560e+01 2.96824493e+01 2.98093853e+01 2.83625088e+01
    2.91285152e+01 2.93455791e+01 2.98886204e+01 2.83018036e+01
    3.08445663e+01 3.04480972e+01 3.03801861e+01 3.14498444e+01
    3.17675571e+01 3.05366535e+01 3.02312908e+01 3.07228622e+01
    3.04726315e+01 2.86047897e+01 3.13279629e+01 3.19673996e+01
    3.15408249e+01 3.16507454e+01 3.20700264e+01 3.22902184e+01
    3.20381088e+01 3.25361328e+01 3.17756214e+01 3.34977646e+01
    3.29690018e+01 3.17298183e+01 3.28235130e+01 3.47093124e+01
    3.17584515e+01 3.30359230e+01 3.17602119e+01 3.35799217e+01
    3.28413696e+01 3.18146973e+01 3.16557293e+01 3.07909718e+01
    3.21019897e+01 2.90238075e+01 3.39929428e+01 3.10583763e+01
    2.90667553e+01 2.87532272e+01 2.80296707e+01 2.83374767e+01
    2.81419296e+01 2.95287399e+01 2.81372967e+01 3.11916351e+01
    3.00086384e+01 3.05043144e+01 2.90937080e+01 3.13176517e+01
    3.02022858e+01 3.18106937e+01 3.08257008e+01 3.04283047e+01
    3.04325886e+01 3.14988537e+01 3.04809608e+01 3.03541374e+01
    3.03587399e+01 3.07799568e+01 3.10052872e+01 3.07611618e+01
    2.93115196e+01 3.16313896e+01 3.10941200e+01 3.03384247e+01
    2.90510044e+01 2.93970699e+01 2.73430786e+01 2.97476463e+01
    3.01212139e+01 2.65675945e+01 2.95673618e+01 2.90099087e+01
    2.88573685e+01 3.08557758e+01 3.12852135e+01 3.02483616e+01
    3.17421741e+01 2.97333069e+01 3.05229416e+01 3.01091251e+01
    2.91109104e+01 2.88872604e+01 2.83593102e+01 2.90183182e+01
    2.76420155e+01 2.67446308e+01 2.70156269e+01 2.90044556e+01
    2.80576191e+01 2.75894051e+01 2.97276402e+01 2.91049404e+01
    3.00092220e+01 3.11151104e+01 2.93213730e+01 3.01892052e+01
    3.08532543e+01 3.07158604e+01 2.95632000e+01 2.89345894e+01
    2.89007397e+01 2.84041824e+01 2.92941761e+01 2.68578873e+01
    2.81546288e+01 2.77995052e+01 2.86050377e+01 2.86364384e+01
    3.06574326e+01 3.16012897e+01 2.93595181e+01 3.01909161e+01
    3.02426586e+01 3.08317013e+01 2.88112125e+01 2.80610790e+01
    2.77420177e+01 2.93851280e+01 2.65091801e+01 2.58772564e+01
    2.70576591e+01 2.72075825e+01 2.57141933e+01 2.79280109e+01
    2.80472202e+01 2.81040230e+01 2.89179935e+01 2.98701363e+01
    2.97564297e+01 2.98184605e+01 2.96711407e+01 2.91311169e+01
    2.98516235e+01 3.12497540e+01 3.10467472e+01 2.91951885e+01
    2.88165817e+01 2.79193916e+01 2.95881824e+01 2.78057289e+01
    2.87289543e+01 2.74810696e+01 2.73855801e+01 2.70440617e+01
    2.84983273e+01 2.99621544e+01 2.83886166e+01 2.88311291e+01
    3.19738789e+01 2.86021957e+01 3.01012173e+01 2.99058399e+01
    2.92030010e+01 2.72440891e+01 3.00762177e+01 3.14567852e+01
    2.93953552e+01 2.58581581e+01 2.94272156e+01 2.69098854e+01
    2.84077473e+01 2.85602951e+01 2.85057640e+01 2.96571236e+01
    2.88650208e+01 3.00878792e+01 3.05050392e+01 3.17820148e+01
    3.07147350e+01 3.02563000e+01 3.17309818e+01 3.01990604e+01
    3.14455872e+01 3.06890106e+01 3.05729084e+01 3.09380112e+01
    2.95755653e+01 2.95032177e+01 3.03985023e+01 2.94969120e+01
    3.22837257e+01 3.14493351e+01 3.06656361e+01 3.20734062e+01
    3.10233459e+01 3.13111763e+01 3.22117844e+01 3.18133450e+01
    3.21170921e+01 3.14302864e+01 3.05120754e+01 3.06769123e+01
    2.99320393e+01 2.86056900e+01 2.75025673e+01 2.85348473e+01
    2.69052525e+01 2.75475140e+01 2.57201195e+01 2.54706879e+01
    2.62929916e+01 2.70683155e+01 2.73148384e+01 2.88866425e+01
    2.77031918e+01 3.01780376e+01 3.12483578e+01 2.94378910e+01
    3.23999596e+01 3.06983147e+01 3.28693733e+01 3.12874985e+01
    3.11844559e+01 3.17046986e+01 3.12741680e+01 3.20903931e+01
    3.26029625e+01 3.17366714e+01 3.06742191e+01 3.15820751e+01
    2.93785305e+01 3.17553692e+01 3.09009056e+01 3.20812149e+01
    3.24701042e+01 3.02396870e+01 2.86442051e+01 3.14524307e+01
    3.11012230e+01 3.06299191e+01 3.18442459e+01 3.11197624e+01
    3.06740398e+01 2.96556721e+01 2.89593887e+01 3.08395901e+01
    3.00782204e+01 3.13521366e+01 2.95304585e+01 2.96407509e+01
    2.88584099e+01 2.82241859e+01 3.04927578e+01 3.07408314e+01
    3.19026127e+01 3.14506855e+01 2.97580643e+01 2.97002144e+01
    3.19368229e+01 3.12421722e+01 3.08676109e+01 3.05920677e+01
    3.06982956e+01 3.04269314e+01 2.95228577e+01 2.97564411e+01
    2.97689629e+01 3.28806038e+01 3.07109489e+01 3.24068871e+01
    3.09472237e+01 3.29138947e+01 3.42150726e+01 3.03127651e+01
    3.22865410e+01 3.22644539e+01 3.32393417e+01 3.23336525e+01
    3.14694633e+01 3.38166275e+01 3.35566750e+01 3.18574772e+01
    3.20892944e+01 3.46863365e+01 3.19289474e+01 3.19937744e+01
    2.99176998e+01 3.24697266e+01 3.01449242e+01 2.90868320e+01
    3.16809826e+01 3.08868084e+01 3.09084091e+01 2.80615120e+01
    2.91968288e+01 2.98506260e+01 2.78941803e+01 2.78201790e+01
    3.01261425e+01 3.04137592e+01 2.72632275e+01 2.76759148e+01
    2.91481285e+01 2.93348789e+01 2.88570118e+01 3.05412731e+01
    2.78086166e+01 2.99695339e+01 2.99147110e+01 2.92998562e+01
    2.88792267e+01 3.05723076e+01 3.12381611e+01 3.16575413e+01
    2.94060440e+01 2.99602222e+01 3.03793774e+01 2.96632442e+01
    3.08266182e+01 3.03894806e+01 2.79178391e+01 2.87025204e+01
    2.88168983e+01 2.90770397e+01 2.74615307e+01 2.70551910e+01
    3.00296364e+01 2.72808647e+01 2.87440395e+01 3.00720901e+01
    3.10725651e+01 3.25079575e+01 2.98416023e+01 3.10056553e+01
    3.10714512e+01 2.98430138e+01 3.03625832e+01 2.87812138e+01
    2.94717312e+01 2.95226707e+01 2.78941193e+01 2.80502033e+01
    2.53965282e+01 2.60411720e+01 2.91400166e+01 2.80443211e+01
    2.81934166e+01 2.86050816e+01 3.09965992e+01 3.00654087e+01
    2.93545055e+01 3.14122696e+01 3.00094318e+01 2.99109802e+01
    2.81927013e+01 2.91279087e+01 2.88865452e+01 2.87066803e+01
    2.72430553e+01 2.97843456e+01 2.89425602e+01 2.89752026e+01
    2.96386623e+01 3.02497501e+01 3.04647884e+01 2.92334576e+01
    3.05890350e+01 3.24285545e+01 3.13106575e+01 2.92686558e+01
    3.04119148e+01 3.00194530e+01 2.78064594e+01 2.84646873e+01
    2.92802544e+01 2.72167816e+01 2.81038208e+01 2.70343361e+01
    2.77784405e+01 2.69837170e+01 2.82551594e+01 2.88580189e+01
    2.90541668e+01 3.01819687e+01 3.00937672e+01 3.16651936e+01
    3.06386490e+01 3.16158333e+01 3.01242638e+01 3.08458710e+01
    3.08112736e+01 3.00108032e+01 2.93348141e+01 2.78057976e+01
    2.99500637e+01 2.74818058e+01 2.91511307e+01 2.88195057e+01
    2.77904701e+01 2.70283203e+01 2.69388580e+01 2.68079243e+01
    2.93334045e+01 3.00433960e+01 2.85502815e+01 2.80777760e+01
    3.03201427e+01 2.93976707e+01 2.90989265e+01 2.91661663e+01
    2.93869019e+01 2.85657978e+01 2.83440762e+01 2.85180321e+01
    2.86816063e+01 2.77426186e+01 3.02056942e+01 2.93473301e+01
    2.91347675e+01 2.97471390e+01 3.15494423e+01 2.98527565e+01
    3.10574265e+01 3.20889091e+01 3.15758362e+01 3.14527988e+01
    3.14768944e+01 3.04347725e+01 3.09461422e+01 2.96919899e+01
    3.04685593e+01 3.00152283e+01 3.13249855e+01 2.95713825e+01
    3.10324116e+01 3.13124943e+01 3.09241295e+01 2.82386265e+01
    3.11594906e+01 3.14787140e+01 3.17491798e+01 3.23770447e+01
    3.24911194e+01 3.11993446e+01 3.19736824e+01 3.18710651e+01
    3.16361332e+01 2.87987156e+01 2.93296280e+01 2.90663700e+01
    2.92430458e+01 2.68460751e+01 2.72966785e+01 2.84106121e+01
    2.51268101e+01 2.82316151e+01 2.74600430e+01 2.72476006e+01
    2.73888454e+01 2.96321526e+01 2.96751976e+01 3.12915363e+01
    2.96301956e+01 3.16862297e+01 3.23949814e+01 3.23811302e+01
    3.04474449e+01 3.16737576e+01 3.29633713e+01 3.02428246e+01
    3.07287254e+01 3.26294327e+01 3.25142975e+01 3.06990948e+01
    3.07991982e+01 3.08119869e+01 3.07075005e+01 3.05872307e+01
    3.06833897e+01 3.39942017e+01 3.28275032e+01 3.08500729e+01
    2.93667603e+01 3.09342804e+01 3.11198254e+01 3.15243702e+01
    3.19001064e+01 3.03922024e+01 3.10437298e+01 2.87444706e+01
    2.72063503e+01 3.00172615e+01 2.94611835e+01 3.02415295e+01
    2.92010479e+01 2.80763721e+01 2.75243397e+01 2.82500362e+01
    2.97327690e+01 2.93152790e+01 3.02840843e+01 3.13685150e+01
    3.01002274e+01 3.04631443e+01 2.89455070e+01 3.06575203e+01
    3.17334995e+01 2.86380863e+01 2.92729244e+01 2.99438076e+01
    3.04399319e+01 2.86376801e+01 2.88595505e+01 3.16946964e+01
    3.08174229e+01 3.29645653e+01 3.22988472e+01 3.54434319e+01
    3.19289169e+01 3.21972542e+01 3.35862694e+01 3.26485825e+01
    3.31074638e+01 3.17097454e+01 3.08004150e+01 3.27942085e+01
    3.00565605e+01 3.15849094e+01 3.09479599e+01 2.89845543e+01
    3.19719658e+01 2.90418282e+01 2.95973110e+01 3.06898403e+01
    2.96175537e+01 2.80768986e+01 3.05119991e+01 3.00096092e+01
    3.03210621e+01 2.69105225e+01 2.66191063e+01 2.87333317e+01
    2.91914940e+01 2.90885811e+01 2.63800964e+01 2.91587448e+01
    2.85863857e+01 2.88116760e+01 2.77937908e+01 2.77395573e+01
    2.83369980e+01 2.65492496e+01 2.77628899e+01 2.86510925e+01
    2.81270199e+01 2.76214848e+01 2.87522240e+01 2.97786045e+01
    2.85839767e+01 2.99528809e+01 2.98895760e+01 3.10019131e+01
    2.89476070e+01 2.96623707e+01 2.99563828e+01 3.08142242e+01
    2.80224304e+01 2.79143791e+01 2.84088249e+01 2.68496494e+01
    2.86993923e+01 2.75203514e+01 2.69966412e+01 2.65007668e+01
    2.90294456e+01 2.86447544e+01 3.18551006e+01 3.12225914e+01
    2.97541752e+01 3.04485264e+01 2.87849693e+01 3.09238415e+01
    2.79563656e+01 2.72004967e+01 2.80656109e+01 2.77122250e+01
    2.73620052e+01 2.69868927e+01 2.67247810e+01 2.74560814e+01
    2.84421196e+01 2.68471336e+01 2.86211147e+01 2.86389637e+01
    2.79695415e+01 3.04319782e+01 3.12604046e+01 3.08528404e+01
    3.12884445e+01 2.99848518e+01 2.89778786e+01 3.03154392e+01
    2.85864773e+01 2.92174721e+01 2.79431038e+01 2.95997314e+01
    3.05963135e+01 2.94514122e+01 3.11816559e+01 3.03329926e+01
    3.11987705e+01 3.22769814e+01 3.02164021e+01 3.17980785e+01
    3.14616299e+01 3.23277245e+01 3.20699387e+01 2.95097275e+01
    3.10714626e+01 3.14353447e+01 2.89305973e+01 2.77013855e+01
    2.82022114e+01 2.84895344e+01 2.63347149e+01 2.79533901e+01
    2.64387093e+01 2.89091549e+01 2.86366196e+01 2.96888008e+01
    2.94675465e+01 3.00548801e+01 3.13993130e+01 3.15526009e+01
    3.10636616e+01 3.27163544e+01 3.10902348e+01 3.09085369e+01
    2.92560978e+01 2.96645260e+01 2.97699604e+01 2.84024334e+01
    2.87768955e+01 3.06866722e+01 2.73435955e+01 2.59130898e+01
    2.65963631e+01 2.72028580e+01 2.95564346e+01 2.73458405e+01
    2.85140667e+01 2.92373676e+01 2.91127014e+01 2.89212227e+01
    2.80260410e+01 2.80841827e+01 2.87775955e+01 2.97281666e+01
    3.08519058e+01 2.87323189e+01 2.93611183e+01 2.91583309e+01
    2.89926548e+01 2.99689274e+01 2.96062050e+01 2.95168839e+01
    3.21759186e+01 2.97972412e+01 3.07544289e+01 3.07196922e+01
    3.23725739e+01 3.12218094e+01 3.08768520e+01 3.14649544e+01
    2.97850266e+01 3.18533440e+01 3.06620808e+01 2.94746284e+01
    3.13463039e+01 3.12518997e+01 3.06513958e+01 2.95346298e+01
    3.15299854e+01 3.13587818e+01 3.19307098e+01 3.16095734e+01
    3.24000015e+01 3.14705162e+01 3.14452972e+01 3.15685616e+01
    3.19027042e+01 3.04631500e+01 3.00277863e+01 2.94214802e+01
    2.93045177e+01 2.85782814e+01 2.78959084e+01 2.73349991e+01
    2.57501678e+01 2.83096142e+01 2.79740372e+01 2.81969872e+01
    2.86259060e+01 3.09029274e+01 3.15161686e+01 2.93696976e+01
    3.02937756e+01 2.96028671e+01 3.07893181e+01 3.05536995e+01
    3.31124229e+01 3.34570732e+01 3.09806709e+01 3.31218262e+01
    3.21526680e+01 3.17759247e+01 3.06806641e+01 3.20831757e+01
    3.13830299e+01 3.06961555e+01 3.15176258e+01 3.10558605e+01
    3.02457600e+01 3.12289677e+01 3.11362457e+01 3.18290806e+01
    3.22223549e+01 2.93750687e+01 2.91158581e+01 3.13286133e+01
    3.04311714e+01 3.11140766e+01 3.11317959e+01 3.22079849e+01
    3.00109062e+01 2.82564125e+01 2.83279762e+01 2.87721615e+01
    2.86844559e+01 3.08559456e+01 2.75367088e+01 3.19258251e+01
    2.86299934e+01 2.91423454e+01 2.99646626e+01 3.03970051e+01
    3.19434948e+01 3.06207047e+01 2.96013069e+01 3.00961418e+01
    3.18984699e+01 2.96554203e+01 3.08185425e+01 2.99482059e+01
    3.16910954e+01 3.00359936e+01 2.95167923e+01 3.01771049e+01
    3.03246174e+01 2.99628372e+01 3.09082756e+01 3.23358040e+01
    3.15961170e+01 3.37507706e+01 3.38219109e+01 3.09429131e+01
    3.17477150e+01 3.23803635e+01 3.16456242e+01 3.09042225e+01
    3.00062141e+01 3.14245796e+01 3.00431213e+01 2.95558701e+01
    2.83962822e+01 2.90439453e+01 2.91177807e+01 2.84944839e+01
    2.86251717e+01 2.98108559e+01 2.94035435e+01 2.85171833e+01
    2.94272671e+01 2.94240971e+01 2.90496120e+01 2.91449833e+01
    2.84719429e+01 3.05390186e+01 2.80210018e+01 2.67699909e+01
    2.82548447e+01 2.99098434e+01 2.78348637e+01 2.85628700e+01
    2.74264278e+01 2.76844616e+01 2.88994865e+01 2.60536118e+01
    2.68587379e+01 2.68779926e+01 2.88312035e+01 2.77087040e+01
    2.78140507e+01 2.80011883e+01 2.94461613e+01 2.95018063e+01
    3.05869808e+01 2.95042267e+01 2.82538891e+01 2.91561699e+01
    2.97095566e+01 3.11853218e+01 2.76129913e+01 2.69027424e+01
    2.62417736e+01 2.89937687e+01 2.82065163e+01 2.85959740e+01
    3.00048676e+01 2.61494808e+01 2.81277485e+01 2.93233051e+01
    3.03314114e+01 3.13949718e+01 3.29484520e+01 3.03273544e+01
    3.24394150e+01 3.17129688e+01 3.03941612e+01 3.03033009e+01
    2.94515209e+01 2.92464771e+01 2.85101986e+01 2.85159435e+01
    2.66840191e+01 2.74609966e+01 2.80039577e+01 2.92824841e+01
    2.80917072e+01 2.88948288e+01 3.05268307e+01 2.94092293e+01
    2.84963398e+01 3.20337410e+01 3.09784698e+01 3.09522133e+01
    3.00058079e+01 2.94591751e+01 2.93031883e+01 3.01778698e+01
    3.10447693e+01 2.93346653e+01 2.82066936e+01 3.04944706e+01
    3.06840534e+01 3.03736591e+01 3.09732208e+01 3.15878410e+01
    3.14049606e+01 3.31127129e+01 3.18474312e+01 3.22115669e+01
    3.21186981e+01 3.18032970e+01 3.04658642e+01 2.89496174e+01
    2.82524033e+01 2.74016018e+01 2.93554440e+01 2.65469551e+01
    2.66626186e+01 2.70650959e+01 2.54996796e+01 2.92973347e+01
    2.77833633e+01 3.18795471e+01 2.82242966e+01 2.96541862e+01
    3.04827023e+01 3.05917034e+01 3.27194901e+01 3.22412071e+01
    3.09490604e+01 3.18028278e+01 3.14733486e+01 3.02824650e+01
    2.94632053e+01 3.18929253e+01 2.96589527e+01 2.95362225e+01
    2.74984055e+01 2.86091461e+01 2.71787338e+01 2.59519749e+01
    2.83183975e+01 3.00519867e+01 2.87592754e+01 2.78409595e+01
    3.01613274e+01 2.88104687e+01 2.87284451e+01 2.95769310e+01
    2.99828911e+01 2.75326939e+01 3.01715012e+01 2.88794193e+01
    3.12414455e+01 3.03472214e+01 2.90735703e+01 2.99938774e+01
    2.87406998e+01 3.12947693e+01 3.07218666e+01 3.17820377e+01
    3.08720570e+01 3.07353039e+01 3.11516209e+01 3.04128094e+01
    3.18214664e+01 2.99121628e+01 3.16535950e+01 3.03460369e+01
    3.14871807e+01 3.00609837e+01 3.09286537e+01 3.02180290e+01
    2.79555321e+01 3.01340065e+01 3.11622143e+01 3.05493603e+01
    3.08529301e+01 3.36499748e+01 3.29774780e+01 3.24448013e+01
    3.14738960e+01 3.11731205e+01 3.10345554e+01 3.00912895e+01
    3.16675301e+01 3.03642197e+01 2.88413486e+01 3.03232765e+01
    2.89433651e+01 2.83294773e+01 2.76461754e+01 2.75909939e+01
    2.65526657e+01 2.88544807e+01 3.02558479e+01 2.84464645e+01
    2.87871780e+01 2.96436024e+01 2.89001331e+01 3.17601948e+01
    3.02431221e+01 3.02266998e+01 3.25631180e+01 3.11916752e+01
    3.17704296e+01 3.16577740e+01 3.12260189e+01 3.03449211e+01
    2.93087692e+01 3.15174446e+01 2.97818394e+01 3.18966923e+01
    3.13709717e+01 3.04273872e+01 3.09581051e+01 3.06839161e+01
    2.97573357e+01 3.02934494e+01 3.19141598e+01 2.96574574e+01
    2.98727665e+01 2.98712006e+01 3.08816299e+01 3.23000259e+01
    3.00833244e+01 2.98678951e+01 3.16335449e+01 2.91757545e+01
    2.73898125e+01 2.90843887e+01 2.91485806e+01 3.03301086e+01
    2.93975372e+01 2.92353115e+01 2.86849823e+01 3.13188229e+01
    3.00588665e+01 2.97462864e+01 3.14016476e+01 3.19152927e+01
    3.14007740e+01 3.25673065e+01 2.98157406e+01 3.07651310e+01
    3.24789276e+01 2.95692139e+01 3.15794792e+01 3.05335865e+01
    3.15139046e+01 2.89335384e+01 2.90370140e+01 3.13439732e+01
    2.95051098e+01 2.95091267e+01 3.20609894e+01 3.22528534e+01
    3.16839733e+01 2.98717022e+01 3.08675385e+01 3.07909088e+01
    3.07547798e+01 2.88046379e+01 2.97810802e+01 2.94355869e+01
    2.86336861e+01 2.90166759e+01 2.88088989e+01 2.95069027e+01
    2.86440010e+01 2.89823570e+01 2.66783028e+01 2.93653164e+01
    2.90622692e+01 2.79365597e+01 2.94521084e+01 2.72769051e+01
    2.84820023e+01 2.69921608e+01 2.76204262e+01 2.89235744e+01
    2.85446949e+01 2.87957458e+01 2.83676586e+01 2.71382351e+01
    2.77211037e+01 2.77123184e+01 2.57598553e+01 2.72534657e+01
    2.71902332e+01 2.49461060e+01 2.75710430e+01 2.82290859e+01
    2.66334362e+01 2.76348324e+01 2.68725967e+01 2.77287102e+01
    3.01549892e+01 2.91112804e+01 2.95802135e+01 2.98129520e+01
    2.94567223e+01 2.92218227e+01 3.10195103e+01 2.95773296e+01
    2.62677612e+01 2.86568279e+01 2.60322304e+01 2.66453400e+01
    2.66420822e+01 2.90426178e+01 2.73661003e+01 2.69345360e+01
    2.84470272e+01 2.88657093e+01 2.84222183e+01 3.18651791e+01
    3.24459381e+01 3.15996666e+01 3.13545494e+01 2.95533485e+01
    2.98508205e+01 2.84171047e+01 2.83434639e+01 2.89758472e+01
    2.75691853e+01 2.82313709e+01 2.65378933e+01 2.76474628e+01
    2.81643925e+01 2.79215870e+01 2.99450684e+01 3.01828022e+01
    2.94217110e+01 3.10080166e+01 3.06860809e+01 3.12730808e+01
    3.08215046e+01 3.18809776e+01 2.87199154e+01 3.07993011e+01
    3.01233253e+01 2.86138840e+01 3.01756134e+01 3.00334244e+01
    3.16763973e+01 2.92840767e+01 3.16969090e+01 3.25083237e+01
    3.25662193e+01 3.12011662e+01 3.12263737e+01 3.27599068e+01
    3.24104996e+01 3.38654442e+01 3.22013130e+01 3.13973427e+01
    3.08486919e+01 2.89305725e+01 2.73416939e+01 2.83260994e+01
    2.77371426e+01 2.65009823e+01 2.63849754e+01 2.71889362e+01
    2.86253777e+01 2.75237083e+01 2.75049019e+01 3.11630821e+01
    2.79962749e+01 2.93429317e+01 3.10748978e+01 3.19972916e+01
    3.07568436e+01 3.42039299e+01 3.42421532e+01 3.16551952e+01
    3.04797935e+01 3.22437553e+01 2.95052013e+01 3.06227894e+01
    3.17195816e+01 3.03645172e+01 3.03727379e+01 2.94853268e+01
    2.82370796e+01 2.91014595e+01 2.90922108e+01 2.80622578e+01
    2.84123249e+01 3.05495071e+01 3.01125011e+01 2.99527779e+01
    3.11789894e+01 3.05545635e+01 2.97316437e+01 3.16356068e+01
    3.05939980e+01 2.95549774e+01 2.91321430e+01 3.02053986e+01
    3.04950104e+01 2.88253670e+01 3.01237087e+01 3.02307491e+01
    3.08640442e+01 3.28871040e+01 3.19349022e+01 3.16743069e+01
    3.21274757e+01 3.16865616e+01 3.12405815e+01 3.15901375e+01
    3.04738941e+01 3.19354286e+01 3.03180599e+01 2.85250721e+01
    3.11604748e+01 2.82079144e+01 3.01480789e+01 3.06281834e+01
    3.00861435e+01 3.19941387e+01 2.99060287e+01 3.12608185e+01
    3.17920876e+01 3.12002525e+01 3.09613514e+01 3.10002327e+01
    3.35992126e+01 3.07581787e+01 3.07205753e+01 2.97260933e+01
    2.92647648e+01 2.92895260e+01 2.80444584e+01 2.91491623e+01
    2.69768581e+01 2.72495689e+01 2.87128525e+01 2.87069588e+01
    2.83841686e+01 3.06509495e+01 2.89627895e+01 3.01029167e+01
    3.01772366e+01 3.03871899e+01 2.94030247e+01 3.04115772e+01
    3.14242229e+01 3.13277073e+01 3.00972099e+01 3.02909126e+01
    3.02258930e+01 2.86371899e+01 2.86252785e+01 2.95109367e+01
    2.89809361e+01 3.06067505e+01 2.91054668e+01 3.00648479e+01
    3.03645916e+01 3.05704517e+01 2.98930511e+01 3.28340149e+01
    3.25132523e+01 3.06628761e+01 2.95370808e+01 3.30225372e+01
    3.26119881e+01 3.23150177e+01 3.11812458e+01 3.14118538e+01
    3.08601112e+01 2.84401932e+01 3.13494434e+01 2.96760998e+01
    3.06768551e+01 3.02261333e+01 2.85325909e+01 2.94864788e+01
    3.00847492e+01 2.94336605e+01 3.08790722e+01 3.21233978e+01
    3.21779099e+01 3.22221069e+01 3.08906746e+01 3.34392929e+01
    3.14546776e+01 3.07730675e+01 3.12485428e+01 2.97645454e+01
    3.10816135e+01 2.91418457e+01 3.10491028e+01 2.86748390e+01
    2.87406445e+01 2.93707047e+01 3.01336613e+01 3.04019775e+01
    3.02385616e+01 3.15592976e+01 3.13229866e+01 3.21056976e+01
    3.13473034e+01 3.05363369e+01 3.16687832e+01 2.94608936e+01
    2.90082989e+01 2.89239750e+01 2.87219563e+01 2.82882347e+01
    2.84999809e+01 3.01406364e+01 2.89022026e+01 2.78290310e+01
    2.85865250e+01 2.99588337e+01 2.85026665e+01 2.96506996e+01
    2.79629440e+01 3.02578735e+01 2.85992451e+01 2.67376995e+01
    2.77056160e+01 2.80296078e+01 2.95508022e+01 2.89095306e+01
    2.74429417e+01 2.84858665e+01 2.74343357e+01 2.61290760e+01
    2.53314190e+01 2.60904961e+01 2.75124531e+01 2.69671288e+01
    2.58834171e+01 2.52182446e+01 2.72511921e+01 2.78679905e+01
    2.96361179e+01 2.84940567e+01 3.01879139e+01 2.81541290e+01
    2.99091721e+01 3.03216190e+01 2.98381767e+01 2.93883419e+01
    3.01300735e+01 2.97268238e+01 2.68773899e+01 2.84846077e+01
    2.73828068e+01 2.69880695e+01 2.80451260e+01 2.66952477e+01
    2.76706963e+01 2.71089916e+01 2.83984413e+01 2.86632481e+01
    2.88583736e+01 3.07735310e+01 3.05394382e+01 3.25407372e+01
    2.90646477e+01 3.14517155e+01 3.05715370e+01 2.94799786e+01
    2.86476898e+01 2.72800503e+01 2.91835098e+01 2.77404556e+01
    2.75073204e+01 2.86402893e+01 2.85620098e+01 2.80145397e+01
    2.83109894e+01 3.08091221e+01 3.08497868e+01 2.90444565e+01
    2.97246094e+01 3.01695518e+01 3.18432369e+01 3.09464760e+01
    3.07030087e+01 3.09539719e+01 2.77049675e+01 3.11845436e+01
    2.78483524e+01 2.90628643e+01 2.99044762e+01 3.12962456e+01
    3.28677979e+01 3.20920601e+01 3.35941696e+01 3.11285114e+01
    3.25696449e+01 3.17585888e+01 3.30672035e+01 3.26432724e+01
    3.09478550e+01 3.04891357e+01 3.12931576e+01 2.98810349e+01
    3.00950871e+01 2.65463028e+01 2.75984306e+01 3.12660198e+01
    2.90234966e+01 2.83489456e+01 2.64812756e+01 2.75172253e+01
    2.79114819e+01 2.85318184e+01 2.89096012e+01 2.96226425e+01
    2.92899952e+01 3.11529160e+01 3.24173317e+01 3.34190712e+01
    3.12037277e+01 3.26878395e+01 3.19359798e+01 3.09728012e+01
    2.99974289e+01 3.28073273e+01 3.15928421e+01 3.09293594e+01
    3.03885365e+01 3.01845341e+01 3.09600754e+01 2.88339386e+01
    2.98391285e+01 3.00885906e+01 3.06656895e+01 2.95341225e+01
    2.93987541e+01 2.93625031e+01 3.07132683e+01 3.06946926e+01
    2.95454121e+01 3.09608402e+01 2.93959656e+01 3.00761108e+01
    3.06058407e+01 3.00447311e+01 3.04401321e+01 3.00582390e+01
    2.98400555e+01 2.99332466e+01 3.14715824e+01 3.06900082e+01
    3.37967567e+01 3.32911758e+01 3.05378666e+01 3.12993393e+01
    3.27851181e+01 3.08897591e+01 3.02606678e+01 3.15976276e+01
    2.98579922e+01 3.05193520e+01 2.89329586e+01 2.98681240e+01
    2.83732033e+01 2.87286491e+01 3.10436192e+01 3.09641972e+01
    3.19658852e+01 3.11760845e+01 3.05659561e+01 3.04605961e+01
    3.11974812e+01 3.15246906e+01 3.15396919e+01 3.02471962e+01
    3.18100662e+01 2.98440437e+01 2.92760391e+01 2.89342957e+01
    2.97657280e+01 3.04285088e+01 2.94081993e+01 3.06745911e+01
    2.69803810e+01 2.85452766e+01 2.84094944e+01 3.04283161e+01
    3.03531380e+01 3.12045574e+01 3.12878819e+01 3.03837605e+01
    2.98783264e+01 3.16427860e+01 3.04733829e+01 3.10760746e+01
    3.00667553e+01 3.14578285e+01 2.95867519e+01 2.94758053e+01
    3.01411228e+01 2.93296318e+01 2.87581177e+01 2.84567986e+01
    3.08273106e+01 2.75470753e+01 2.97322788e+01 3.03811512e+01
    2.79176464e+01 2.96785755e+01 3.16671619e+01 3.08447208e+01
    3.07836304e+01 3.16673317e+01 3.30016937e+01 3.19331551e+01
    3.19691200e+01 3.03903618e+01 3.07160034e+01 3.04287987e+01
    2.98738804e+01 3.04090137e+01 3.04947433e+01 3.04494953e+01
    2.82107220e+01 2.93315697e+01 2.91574039e+01 2.89256973e+01
    3.13842106e+01 3.18300858e+01 3.20544586e+01 3.18033161e+01
    3.14612007e+01 3.12688446e+01 3.16703205e+01 3.13015347e+01
    3.13458176e+01 3.00418949e+01 3.19084682e+01 2.77462769e+01
    3.08574696e+01 2.93247833e+01 2.87548637e+01 3.22242889e+01
    2.93736038e+01 2.86095448e+01 3.02776852e+01 3.12087612e+01
    3.06817970e+01 3.00795555e+01 3.22896347e+01 3.03892517e+01
    3.02835979e+01 3.13430958e+01 2.99937038e+01 3.00859203e+01
    2.93833237e+01 2.99699574e+01 2.91543541e+01 2.89090424e+01
    2.85629578e+01 2.68220196e+01 2.74768143e+01 2.72127342e+01
    2.94835224e+01 2.74805927e+01 2.89227524e+01 2.82854805e+01
    2.69393330e+01 2.62900944e+01 2.59917393e+01 2.82114010e+01
    2.65171223e+01 2.91054459e+01 2.80884113e+01 2.84083519e+01
    2.62834778e+01 2.69268589e+01 2.68352261e+01 2.85536594e+01
    2.71947136e+01 2.78962250e+01 2.83554363e+01 2.64153728e+01
    2.80565987e+01 2.98136349e+01 2.89287338e+01 2.91441154e+01
    3.23453255e+01 2.91200924e+01 3.13467388e+01 3.01035194e+01
    3.01348896e+01 3.05143871e+01 2.90206814e+01 2.94216042e+01
    2.80918179e+01 2.97040577e+01 2.70497074e+01 2.80352364e+01
    2.70831165e+01 2.72019138e+01 2.70752621e+01 2.81283417e+01
    2.88467655e+01 2.74900227e+01 3.02049026e+01 3.09887409e+01
    2.98471031e+01 3.11099396e+01 3.09801464e+01 3.24002571e+01
    2.99183235e+01 3.06663437e+01 3.05820942e+01 3.10496235e+01
    2.86880302e+01 2.75989819e+01 2.83543758e+01 2.92237587e+01
    2.96070824e+01 2.93434639e+01 2.89631767e+01 2.96294994e+01
    3.08638115e+01 3.13715553e+01 3.03274136e+01 3.08947678e+01
    3.06136837e+01 2.97806225e+01 3.00697193e+01 2.94972038e+01
    2.95489635e+01 2.96282463e+01 3.09481201e+01 3.03872585e+01
    3.07680626e+01 3.25588150e+01 3.14373207e+01 3.22154503e+01
    3.41955414e+01 3.17458916e+01 3.22421684e+01 3.25882874e+01
    3.19789333e+01 3.28962746e+01 3.09401588e+01 3.13328819e+01
    3.15363884e+01 2.92003021e+01 3.01045990e+01 2.98500061e+01
    2.98822765e+01 2.91296577e+01 2.87491970e+01 2.85927410e+01
    2.98024654e+01 3.11595192e+01 2.84866447e+01 2.95909805e+01
    2.77655373e+01 3.06522179e+01 3.06179066e+01 3.08101749e+01
    3.14639606e+01 3.19413395e+01 3.19038830e+01 3.14896908e+01
    3.21396484e+01 3.08498421e+01 3.33458862e+01 3.25964432e+01
    3.43870659e+01 3.18009472e+01 3.06342812e+01 2.99724140e+01
    2.89566383e+01 2.92278614e+01 2.99994526e+01 3.04806919e+01
    3.00654964e+01 2.92069187e+01 2.98726330e+01 3.09003849e+01
    3.07631741e+01 2.95334415e+01 2.99452267e+01 3.02344570e+01
    3.14281635e+01 2.81704292e+01 3.05264835e+01 2.80459919e+01
    2.90576591e+01 2.96782398e+01 2.81862354e+01 2.90406075e+01
    2.95526352e+01 3.09831562e+01 3.16766529e+01 3.16990986e+01
    3.31639900e+01 3.20989761e+01 3.30752106e+01 3.21955223e+01
    3.11290607e+01 3.10492153e+01 3.18131676e+01 2.96758060e+01
    2.93908482e+01 2.87012157e+01 2.92885246e+01 2.92163410e+01
    2.87962990e+01 2.89969501e+01 2.96906223e+01 3.02731552e+01
    3.11805954e+01 2.92781105e+01 3.07654114e+01 3.00952034e+01
    3.05658245e+01 3.08442364e+01 3.06237869e+01 2.88999462e+01
    2.88934231e+01 2.92786694e+01 2.91322765e+01 2.98398380e+01
    2.92986088e+01 2.84715824e+01 2.99088402e+01 2.88377342e+01
    2.85304775e+01 2.95257015e+01 3.07985497e+01 2.90824223e+01
    3.16515713e+01 2.97089310e+01 2.99730415e+01 2.99912052e+01
    3.10290279e+01 3.13199100e+01 2.94842434e+01 2.99654045e+01
    2.92795467e+01 2.90942554e+01 2.79623146e+01 2.90780945e+01
    2.83110046e+01 2.89713802e+01 2.74892502e+01 2.91431656e+01
    2.96102371e+01 2.81736259e+01 2.96745205e+01 3.09146862e+01
    3.08287849e+01 3.18873329e+01 2.93001575e+01 3.28520012e+01
    3.53084755e+01 3.37466011e+01 3.28548164e+01 3.13550148e+01
    3.07328568e+01 2.89230690e+01 2.98806267e+01 3.01066628e+01
    2.95146580e+01 2.98798199e+01 2.78986683e+01 2.77488365e+01
    2.73603878e+01 3.00012112e+01 3.15725269e+01 3.11039162e+01
    3.10214767e+01 3.30761719e+01 3.20792770e+01 3.18630619e+01
    3.22809944e+01 3.26159554e+01 3.13759174e+01 2.98468418e+01
    3.21167030e+01 2.89217510e+01 3.20162468e+01 2.97567329e+01
    2.94184208e+01 3.07231941e+01 3.19140987e+01 3.23978271e+01
    2.95289898e+01 3.09644985e+01 3.05951939e+01 3.16525421e+01
    3.09472637e+01 3.09482594e+01 3.18707867e+01 3.03729725e+01
    3.09492340e+01 3.08763733e+01 3.00616035e+01 3.01555691e+01
    2.92931767e+01 3.03948498e+01 2.88624840e+01 2.77934628e+01
    2.73173161e+01 2.92035885e+01 2.68182125e+01 2.77174454e+01
    2.75666847e+01 2.79105167e+01 2.83196564e+01 2.64570370e+01
    2.60712109e+01 2.62714081e+01 2.82265816e+01 2.80630035e+01
    2.82975712e+01 2.98825512e+01 2.95164928e+01 2.57344437e+01
    2.66701565e+01 2.71230431e+01 2.61252174e+01 2.95261173e+01
    2.74823532e+01 2.71410522e+01 2.88980217e+01 2.89708519e+01
    2.96641541e+01 3.12023392e+01 3.18305111e+01 3.04047298e+01
    3.06036663e+01 3.08110142e+01 3.00652142e+01 2.90271015e+01
    2.90002556e+01 2.86744709e+01 3.14633484e+01 2.98600025e+01
    2.91979961e+01 2.95996628e+01 2.94027843e+01 2.80564575e+01
    2.64137516e+01 2.80183716e+01 2.83274956e+01 2.90390339e+01
    2.98411331e+01 2.86514473e+01 3.06276894e+01 3.02301960e+01
    3.10516129e+01 2.97957897e+01 2.99596157e+01 3.07148304e+01
    3.03364620e+01 2.76066647e+01 2.82137642e+01 3.02525692e+01
    2.89935093e+01 2.97916203e+01 2.82169762e+01 2.91377983e+01
    2.93910427e+01 2.97773819e+01 3.01982574e+01 3.23463669e+01
    3.08084660e+01 3.12277470e+01 3.07693539e+01 2.95384216e+01
    2.80777817e+01 3.07143040e+01 3.01212654e+01 3.09572353e+01
    2.87060795e+01 3.10908203e+01 3.19026470e+01 3.03617535e+01
    3.20309410e+01 3.37111168e+01 3.29742737e+01 3.37608185e+01
    3.18948460e+01 3.22391243e+01 3.26341400e+01 3.22844467e+01
    3.19583130e+01 3.12421532e+01 3.19896755e+01 3.11491394e+01
    3.24668694e+01 2.90151787e+01 2.76639023e+01 2.84076004e+01
    2.97792225e+01 3.05159416e+01 3.00673351e+01 2.86453819e+01
    3.00555096e+01 3.03853645e+01 2.79731388e+01 3.00871086e+01
    3.00104313e+01 2.94933720e+01 3.21234245e+01 3.24933662e+01
    3.07259064e+01 3.24064331e+01 3.15253944e+01 3.24223213e+01
    3.23354568e+01 3.17872601e+01 3.23600616e+01 3.04604359e+01
    3.08240929e+01 2.87119102e+01 2.90537701e+01 2.76516190e+01
    2.81225033e+01 2.91391296e+01 2.91808090e+01 2.93527927e+01
    3.03688908e+01 2.87247486e+01 3.07515602e+01 3.02889652e+01
    3.14028835e+01 3.16805286e+01 2.96110096e+01 3.17288227e+01
    3.12694321e+01 2.93008213e+01 3.01066074e+01 3.02856998e+01
    2.93518276e+01 2.91950436e+01 3.05913219e+01 2.91231823e+01
    3.05332832e+01 3.13617687e+01 3.29658432e+01 3.14533596e+01
    3.13658066e+01 3.18300438e+01 3.08865509e+01 2.93430462e+01
    2.91222897e+01 3.12885685e+01 2.80174427e+01 2.78869572e+01
    2.81467152e+01 2.66476784e+01 2.87878304e+01 3.09209957e+01
    2.99586868e+01 2.92899265e+01 2.86197262e+01 2.73440113e+01
    2.90553780e+01 2.88342705e+01 3.08703518e+01 3.01185188e+01
    2.98173103e+01 2.98386211e+01 2.77312794e+01 2.60255032e+01
    2.91441898e+01 2.65584660e+01 2.86333008e+01 2.98541012e+01
    2.86492195e+01 2.82434654e+01 2.89511337e+01 2.85288773e+01
    3.02268505e+01 3.11360111e+01 3.08340950e+01 3.09593105e+01
    3.18029537e+01 3.16259003e+01 3.17170830e+01 3.21037941e+01
    3.18035316e+01 3.22452927e+01 3.01645565e+01 2.76873589e+01
    2.88835087e+01 2.82577095e+01 2.85551758e+01 2.77845383e+01
    2.81489639e+01 2.77376366e+01 2.81804218e+01 2.98368359e+01
    2.77589607e+01 3.05283756e+01 3.08668671e+01 3.10330238e+01
    3.13899498e+01 3.14894295e+01 3.37691422e+01 3.31663704e+01
    3.35070267e+01 3.06170979e+01 2.95218105e+01 2.98216934e+01
    2.87428951e+01 2.98843060e+01 3.14831524e+01 2.84167080e+01
    3.00903873e+01 3.03882904e+01 3.10643921e+01 2.96760521e+01
    3.07279854e+01 3.28582420e+01 3.29894562e+01 3.39276848e+01
    3.11740990e+01 3.46058044e+01 3.35278549e+01 3.18664207e+01
    3.08642216e+01 3.26452408e+01 3.11739635e+01 2.89246292e+01
    2.98163357e+01 2.77587852e+01 3.04473209e+01 3.18657207e+01
    3.14395199e+01 3.05789509e+01 3.11405334e+01 3.11857376e+01
    3.10078239e+01 3.25203209e+01 3.25971375e+01 3.24225540e+01
    3.20969887e+01 3.12477665e+01 3.19759884e+01 3.20588303e+01
    2.93090515e+01 3.14712543e+01 3.01876297e+01 2.85238495e+01
    2.98419266e+01 2.71758652e+01 2.73788643e+01 2.87007771e+01
    2.80288506e+01 2.84053059e+01 2.50735493e+01 2.71356354e+01
    2.89952183e+01 2.53554516e+01 2.62007618e+01 2.74225960e+01
    2.77809353e+01 2.78195629e+01 3.01024609e+01 2.82644272e+01
    2.85019226e+01 2.70087261e+01 2.74093876e+01 2.73054008e+01
    2.70753994e+01 2.95583248e+01 2.72520657e+01 2.94407482e+01
    2.81654720e+01 2.85212326e+01 3.07414093e+01 2.96536560e+01
    2.98366146e+01 3.08608799e+01 2.95473385e+01 3.04994717e+01
    2.82814274e+01 2.83564758e+01 2.85534058e+01 2.64785233e+01
    2.83812714e+01 2.93687019e+01 2.80749779e+01 2.82114296e+01
    2.74228477e+01 2.67157974e+01 2.78560753e+01 2.62247601e+01
    2.60655708e+01 2.80120583e+01 2.91440296e+01 3.08193340e+01
    3.01115093e+01 3.11071968e+01 3.17353096e+01 3.03629417e+01
    3.08962650e+01 3.07419395e+01 2.93065243e+01 2.99583797e+01
    2.96001110e+01 2.85233994e+01 3.04459019e+01 3.05191803e+01
    3.06477547e+01 3.20717506e+01 2.95879059e+01 2.90988960e+01
    3.09208412e+01 3.08876553e+01 3.08121872e+01 3.04251347e+01
    2.98825893e+01 2.93014736e+01 2.84728642e+01 2.86715012e+01
    2.94668560e+01 3.01848564e+01 3.01245251e+01 2.95802307e+01
    2.97348595e+01 3.00326366e+01 3.11779995e+01 3.39937210e+01
    3.34096870e+01 3.32013283e+01 3.31482925e+01 3.20969086e+01
    3.22971725e+01 3.11984749e+01 3.24503174e+01 3.21684303e+01
    3.19341164e+01 3.10410328e+01 3.06688118e+01 3.06851997e+01
    2.85286694e+01 3.01677837e+01 2.97313251e+01 2.92280273e+01
    3.03383636e+01 3.10294704e+01 3.01902008e+01 2.84176025e+01
    2.81782894e+01 2.91545849e+01 3.02142143e+01 3.27090759e+01
    3.17448177e+01 3.21571999e+01 3.27240906e+01 3.18506107e+01
    3.03123016e+01 3.21415062e+01 3.16292591e+01 3.18740025e+01
    3.23952446e+01 3.06614571e+01 2.84778976e+01 2.87850361e+01
    2.93772049e+01 2.62275887e+01 2.83081455e+01 2.90948334e+01
    3.04190369e+01 2.95457745e+01 2.97102356e+01 2.98596172e+01
    3.14502811e+01 3.06871300e+01 2.97064133e+01 3.06118774e+01
    3.24736824e+01 3.21129456e+01 2.81055431e+01 3.01049919e+01
    2.86674175e+01 2.87637959e+01 3.02036419e+01 2.73994198e+01
    3.08815784e+01 2.94112854e+01 3.08508129e+01 2.96134739e+01
    3.13413506e+01 3.18915253e+01 3.10241985e+01 3.14813461e+01
    3.00885220e+01 2.82554684e+01 2.97821465e+01 3.01587715e+01
    2.79626808e+01 2.59560814e+01 2.66779556e+01 2.82103462e+01
    2.70814037e+01 2.75641155e+01 2.95958347e+01 2.93586559e+01
    3.02136478e+01 2.72325344e+01 2.86277122e+01 2.75568295e+01
    2.85442123e+01 3.04281712e+01 3.06720200e+01 2.90519314e+01
    2.71600189e+01 2.58857632e+01 2.62948341e+01 2.86124477e+01
    2.72702236e+01 2.91017666e+01 3.08530827e+01 3.04242287e+01
    2.95362034e+01 2.88100777e+01 3.00236244e+01 3.17153740e+01
    3.31613693e+01 3.18286152e+01 3.14495945e+01 3.15853310e+01
    3.29110985e+01 3.09285564e+01 3.18613758e+01 3.02105808e+01
    3.04998894e+01 2.79572105e+01 2.80722103e+01 2.93279915e+01
    3.01731281e+01 2.77568951e+01 2.78767090e+01 2.91488991e+01
    2.97242336e+01 3.04709053e+01 2.89989929e+01 3.03084812e+01
    3.02016182e+01 3.15769787e+01 3.08041096e+01 3.13456497e+01
    3.42036438e+01 3.21150475e+01 3.28578873e+01 3.03142395e+01
    3.04846191e+01 2.93545723e+01 2.83063221e+01 2.99061413e+01
    2.97198467e+01 2.98999519e+01 2.98122234e+01 2.97472534e+01
    3.01455841e+01 3.11048737e+01 3.36681404e+01 3.17485218e+01
    3.32650986e+01 3.48379898e+01 3.20257416e+01 3.37528954e+01
    3.30860100e+01 3.19831562e+01 3.16051865e+01 3.13483772e+01
    3.02924004e+01 2.92135124e+01 3.14888668e+01 2.81716137e+01
    2.99026985e+01 3.25992966e+01 3.12180901e+01 3.24149933e+01
    3.14171009e+01 3.07952766e+01 3.15651741e+01 3.18781052e+01
    3.24356346e+01 3.20378723e+01 3.27073250e+01 3.03378048e+01
    2.92234249e+01 3.05370674e+01 3.08116913e+01 3.09124012e+01
    3.01149845e+01 2.96097736e+01 2.70480690e+01 2.92083092e+01
    2.90641689e+01 2.73183975e+01 2.73054905e+01 2.70911312e+01
    2.78824615e+01 2.78161316e+01 2.72250557e+01 2.66765976e+01
    2.90139484e+01 2.70207176e+01 2.83842354e+01 2.93494148e+01
    2.82895241e+01 2.88567963e+01 2.79257526e+01 2.90277233e+01
    2.67567863e+01 2.73585453e+01 2.72071972e+01 2.94605484e+01
    2.79662266e+01 2.83393803e+01 2.87699757e+01 2.74232597e+01
    2.82908478e+01 3.07018394e+01 3.04137554e+01 2.99361706e+01
    2.89090195e+01 2.71663361e+01 2.86378479e+01 2.81063862e+01
    2.74367886e+01 2.71989002e+01 2.80280037e+01 2.87512341e+01
    2.76952171e+01 2.75944729e+01 2.79755459e+01 2.89694157e+01
    2.55411720e+01 2.72250767e+01 2.79844799e+01 2.72243843e+01
    3.07420673e+01 2.93764820e+01 2.89356976e+01 3.17196426e+01
    3.04518681e+01 2.91534424e+01 2.97077160e+01 3.04526176e+01
    3.11618996e+01 3.22246475e+01 2.97311039e+01 3.04946289e+01
    3.15817337e+01 2.94315395e+01 3.10416527e+01 3.20938187e+01
    3.22932587e+01 3.08019295e+01 2.99415512e+01 3.05525417e+01
    3.15519161e+01 3.01187153e+01 3.11932297e+01 3.05065403e+01
    2.90276909e+01 2.98060989e+01 3.00717735e+01 3.10721588e+01
    2.94437199e+01 3.15050335e+01 3.31719322e+01 3.14053001e+01
    3.28655281e+01 3.39963341e+01 3.24155426e+01 3.34777107e+01
    3.19858513e+01 3.25923882e+01 3.12157726e+01 3.22631569e+01
    3.19099998e+01 3.11661682e+01 3.18882809e+01 3.05516224e+01
    3.06024475e+01 2.91141453e+01 3.09029083e+01 2.87492752e+01
    2.90006390e+01 2.99896469e+01 3.02393932e+01 3.01752663e+01
    2.89039173e+01 3.08223972e+01 2.86818962e+01 2.88035164e+01
    3.04345570e+01 3.22839050e+01 3.18872128e+01 3.27830162e+01
    3.20903740e+01 3.18810768e+01 2.98923321e+01 3.14753151e+01
    3.13196182e+01 3.26687317e+01 3.30347748e+01 3.29534264e+01
    3.19487991e+01 3.13670006e+01 2.99262829e+01 2.75208969e+01
    2.85256577e+01 2.84889622e+01 2.93940868e+01 2.99455624e+01
    2.99328403e+01 3.06882286e+01 2.99007664e+01 3.10711842e+01
    3.21676025e+01 3.15527687e+01 3.19968319e+01 3.17443771e+01
    3.12836151e+01 2.94739285e+01 3.06362801e+01 2.95950108e+01
    2.91563683e+01 2.93144264e+01 3.10044651e+01 2.96119308e+01
    2.91073952e+01 3.02289581e+01 2.94883404e+01 3.08074741e+01
    3.04743824e+01 3.08615150e+01 3.05237942e+01 3.03433113e+01
    2.90914402e+01 2.84262619e+01 2.88386574e+01 2.80716362e+01
    2.69254189e+01 2.68503838e+01 2.76005459e+01 2.70293560e+01
    2.92378845e+01 2.88804798e+01 2.75618820e+01 2.71335526e+01
    2.79916592e+01 2.83420448e+01 3.02766552e+01 2.93666191e+01
    2.95886154e+01 2.74417934e+01 2.74899712e+01 2.59898529e+01
    2.75691566e+01 2.93736420e+01 2.85126152e+01 3.07446957e+01
    2.96107731e+01 3.06736965e+01 3.00289898e+01 2.98658009e+01
    3.14058094e+01 3.26730766e+01 3.12133446e+01 3.24132767e+01
    3.23282318e+01 3.19399204e+01 3.02952251e+01 3.12966843e+01
    3.07484856e+01 3.27178688e+01 3.06679268e+01 2.94781971e+01
    3.03179607e+01 2.92951603e+01 3.02799549e+01 2.88065243e+01
    3.02125206e+01 2.94844284e+01 2.91412945e+01 3.08155308e+01
    2.99443340e+01 3.13347225e+01 3.13309135e+01 3.07188530e+01
    3.01434536e+01 3.30905342e+01 3.31048012e+01 3.34011688e+01
    3.32943459e+01 3.08125019e+01 3.09649773e+01 3.23240433e+01
    2.96205368e+01 3.00231609e+01 2.99589844e+01 2.95224590e+01
    2.84264259e+01 3.07188950e+01 2.91181564e+01 3.14625664e+01
    3.13773422e+01 3.15093822e+01 3.21720352e+01 3.17879143e+01
    3.06684246e+01 3.21662827e+01 3.25331764e+01 3.18733959e+01
    3.13245888e+01 3.11135101e+01 3.07994003e+01 3.13351250e+01
    3.07006073e+01 3.01047554e+01 3.10588608e+01 3.30840225e+01
    3.21948090e+01 3.41905136e+01 3.15165100e+01 3.20147171e+01
    3.23259468e+01 3.21745682e+01 3.01637573e+01 3.21086006e+01
    2.95544624e+01 2.94404087e+01 3.05952187e+01 3.14020424e+01
    3.11949215e+01 3.02980862e+01 3.14735928e+01 2.95357590e+01
    2.98773727e+01 2.93431072e+01 2.77516384e+01 2.77802258e+01
    2.85944424e+01 2.75912342e+01 2.61653099e+01 2.70474949e+01
    2.70587540e+01 2.69023457e+01 2.69727535e+01 2.84835453e+01
    2.93239384e+01 3.05539646e+01 3.02745705e+01 2.84044819e+01
    2.86072845e+01 2.85296497e+01 2.86415443e+01 2.91799393e+01
    3.09161549e+01 2.74320297e+01 2.72402954e+01 2.94163513e+01
    2.87401848e+01 2.64894676e+01 2.77960072e+01 2.82555256e+01
    2.79957733e+01 2.70439663e+01 2.72337875e+01 2.92895851e+01
    2.73713322e+01 2.52434139e+01 2.75383453e+01 2.67714996e+01</data></my_img>
<your_img type_id="opencv-matrix">
  <rows>118</rows>
  <cols>246</cols>
  <dt>f</dt>
  <data>
    1.49149942e+01 1.60243511e+01 1.46469145e+01 1.46498795e+01
    1.61065006e+01 1.58156481e+01 1.67614536e+01 1.57973595e+01
    1.61431274e+01 1.44899149e+01 1.62857704e+01 1.61013260e+01
    1.79300251e+01 1.94207859e+01 1.67097797e+01 1.78354893e+01
    1.76290779e+01 1.73285637e+01 1.89271145e+01 1.77886505e+01
    1.81212921e+01 1.83233242e+01 1.80412064e+01 1.68806286e+01
    1.66543655e+01 1.61826649e+01 1.77020264e+01 1.81732426e+01
    1.80311108e+01 1.63343773e+01 1.76226463e+01 1.72128906e+01
    1.72061405e+01 1.52188292e+01 1.69898148e+01 1.63958778e+01
    1.63473186e+01 1.57511091e+01 1.57829065e+01 1.56465454e+01
    1.72310505e+01 1.74997234e+01 1.90582542e+01 1.83259335e+01
    1.93207073e+01 1.75859203e+01 1.67232113e+01 1.72086945e+01
    1.74175777e+01 1.68426361e+01 1.50085993e+01 -6.13772693e+24
    -3.20160364e+24 -1.42151163e+25 -1.10800853e+25 -1.28061632e+25
    -1.05612187e+25 -8.37843737e+24 -1.06308713e+25 -9.36153411e+24
    -1.37443231e+25 -1.14659589e+25 -5.79618950e+24 -5.75408884e+24
    1.65562038e+01 1.56063490e+01 1.71844482e+01 1.75471039e+01
    1.79273682e+01 1.86345997e+01 1.83970928e+01 1.81190701e+01
    1.69351425e+01 1.76810970e+01 1.78194141e+01 1.69825115e+01
    1.73856373e+01 1.68956051e+01 1.68622513e+01 1.59927530e+01
    1.62885437e+01 1.69379101e+01 1.63917961e+01 1.70454903e+01
    1.72162914e+01 1.87905502e+01 1.68224926e+01 1.79852104e+01
    1.87271767e+01 1.87624989e+01 1.75227070e+01 1.63252506e+01
    1.75191040e+01 1.82642841e+01 1.78465500e+01 1.62775841e+01
    1.66902466e+01 1.65837650e+01 1.68194981e+01 1.78689518e+01
    1.70123672e+01 1.51666231e+01 1.63373299e+01 1.81749020e+01
    1.60763531e+01 1.54042463e+01 1.61160793e+01 1.72575130e+01
    1.75368729e+01 1.67377110e+01 1.64826298e+01 1.68342400e+01
    1.65256176e+01 1.58170061e+01 1.63373508e+01 1.66513004e+01
    1.70191345e+01 1.64964352e+01 1.57223825e+01 1.59477119e+01
    1.66714973e+01 1.65409584e+01 1.71045704e+01 1.83196583e+01
    1.84743385e+01 1.70399189e+01 1.81508923e+01 1.70108929e+01
    1.78915405e+01 1.86542206e+01 1.62842579e+01 1.78680954e+01
    1.80776882e+01 1.80970917e+01 1.79067974e+01 1.78874378e+01
    1.79575500e+01 1.75511189e+01 1.84601822e+01 1.72102432e+01
    1.79115887e+01 1.77795620e+01 1.77256393e+01 1.85939198e+01
    1.82796955e+01 1.78950291e+01 1.82802200e+01 1.84984398e+01
    1.74241161e+01 1.62773762e+01 1.69383698e+01 1.71909294e+01
    1.59632082e+01 1.54192314e+01 1.55419350e+01 1.51184225e+01
    1.56824865e+01 1.47952042e+01 1.41988726e+01 1.49569597e+01
    1.56318026e+01 1.41863279e+01 1.50424194e+01 1.44423780e+01
    1.69590569e+01 1.59777145e+01 1.66111984e+01 1.57201710e+01
    1.85233021e+01 1.74821644e+01 1.70458736e+01 1.66837063e+01
    1.71395149e+01 1.75538216e+01 1.70075817e+01 1.66645679e+01
    1.81341286e+01 1.82469807e+01 1.70042686e+01 1.72520733e+01
    1.75881119e+01 1.77987976e+01 1.66689491e+01 1.64630089e+01
    1.82103367e+01 1.62725163e+01 1.64785900e+01 1.68917618e+01
    1.66108837e+01 1.51969137e+01 1.59316845e+01 1.65785885e+01
    1.69557419e+01 1.73492908e+01 1.78983021e+01 1.80418873e+01
    1.78812504e+01 1.73930149e+01 1.93988323e+01 1.89018345e+01
    1.94544125e+01 1.86552849e+01 1.82744999e+01 1.69074059e+01
    1.69417610e+01 1.71254673e+01 1.62177448e+01 1.51782522e+01
    1.49684553e+01 1.70927277e+01 1.61292038e+01 1.55572643e+01
    1.63361015e+01 1.75878525e+01 1.81552391e+01 1.77482853e+01
    1.62765102e+01 1.63321133e+01 1.61473370e+01 1.65916481e+01
    1.40462332e+01 1.63399601e+01 1.73160706e+01 1.53867950e+01
    1.47777596e+01 1.51275759e+01 1.76652260e+01 1.68105125e+01
    1.64840088e+01 1.73867359e+01 1.72301121e+01 1.84101105e+01
    1.77460175e+01 1.65235291e+01 1.67679844e+01 1.76995621e+01
    1.56309309e+01 1.67451859e+01 1.71572094e+01 1.70749207e+01
    1.64118881e+01 1.82850533e+01 1.66886330e+01 1.59561520e+01
    1.77697296e+01 1.71411533e+01 1.57741728e+01 1.76817799e+01
    1.80137825e+01 1.75952911e+01 2.01711636e+01 1.98566246e+01
    1.96969128e+01 1.97740955e+01 1.91718941e+01 2.06030693e+01
    1.96887989e+01 1.85572319e+01 2.10257988e+01 2.24053783e+01
    2.09172707e+01 1.99762478e+01 2.10249271e+01 2.13993320e+01
    2.06138134e+01 2.19387321e+01 2.22108059e+01 2.00662766e+01
    1.91793728e+01 1.92135448e+01 1.89903717e+01 1.96430550e+01
    2.05670776e+01 1.92101898e+01 2.06701603e+01 2.17597351e+01
    1.80792980e+01 1.89595490e+01 1.87008266e+01 1.92797070e+01
    1.82190418e+01 1.78156891e+01 2.04421673e+01 1.83711777e+01
    1.83984375e+01 1.94939251e+01 1.98801632e+01 2.11548557e+01
    2.10667744e+01 2.11759357e+01 2.22933998e+01 2.08286076e+01
    2.15577526e+01 1.88516102e+01 1.96456108e+01 1.98748493e+01
    1.80849400e+01 -4.95798977e+23 -7.12463812e+24 -2.50355175e+24
    -9.65233724e+24 -5.85249242e+24 -3.40159690e+24 -1.00594707e+25
    -5.34681875e+24 -1.32716276e+25 -7.34599905e+24 -1.40857954e+25
    -2.87307837e+24 -7.02889894e+24 1.99087524e+01 1.87601604e+01
    1.87857513e+01 2.06464367e+01 2.05679092e+01 2.18836308e+01
    2.28407688e+01 2.11295872e+01 1.94880486e+01 2.11431847e+01
    2.01002579e+01 2.08889408e+01 2.07269535e+01 1.99650211e+01
    1.94489956e+01 1.94642467e+01 1.91869907e+01 1.89251270e+01
    2.06923409e+01 2.09434719e+01 1.96184788e+01 1.98483696e+01
    2.06200657e+01 2.10535908e+01 2.13462791e+01 2.07799511e+01
    2.26645374e+01 2.05711937e+01 2.14607162e+01 1.93357506e+01
    2.05150852e+01 2.19681377e+01 2.07794628e+01 2.00232868e+01
    1.87304173e+01 1.92650166e+01 2.09910355e+01 1.98104153e+01
    1.93675156e+01 1.89434147e+01 1.94340191e+01 1.98153229e+01
    1.93249054e+01 1.96624222e+01 2.04898853e+01 1.99153004e+01
    1.94270515e+01 1.91970272e+01 2.00455379e+01 1.90631866e+01
    2.06032600e+01 2.00914230e+01 2.16560764e+01 1.95054779e+01
    1.93893719e+01 1.93914547e+01 1.97961292e+01 2.01310921e+01
    2.02199249e+01 2.00782852e+01 1.98010597e+01 1.94170341e+01
    1.95789833e+01 2.02965603e+01 2.08977509e+01 2.01394291e+01
    2.11942253e+01 2.11728840e+01 2.10597610e+01 2.11022186e+01
    2.03195171e+01 2.07514400e+01 2.13299465e+01 2.13841419e+01
    2.12349663e+01 1.98155575e+01 2.06507854e+01 2.09761753e+01
    2.12126770e+01 1.99947968e+01 2.06789913e+01 2.08131428e+01
    2.02477131e+01 2.08150558e+01 2.12130413e+01 1.99804325e+01
    1.98475304e+01 1.99512711e+01 2.08739777e+01 1.84355545e+01
    2.01621609e+01 1.94079685e+01 1.91352654e+01 1.70721645e+01
    1.80017204e+01 1.72255058e+01 1.89169674e+01 1.68379478e+01
    1.92016258e+01 1.92192097e+01 1.94644203e+01 1.87513809e+01
    1.98283157e+01 2.06666508e+01 2.22131977e+01 2.07489147e+01
    2.17795238e+01 1.98797283e+01 2.16815224e+01 2.01351833e+01
    2.10815735e+01 2.16704826e+01 2.18346500e+01 2.12937050e+01
    2.11185417e+01 1.97662945e+01 1.96809711e+01 1.98584137e+01
    2.00689507e+01 1.97970257e+01 1.81907845e+01 1.93390465e+01
    2.12528706e+01 1.98209743e+01 1.75456562e+01 1.84365444e+01
    1.96291237e+01 2.04565563e+01 1.91240425e+01 1.90929432e+01
    1.95225677e+01 2.18150921e+01 2.03647079e+01 1.97092628e+01
    2.14819546e+01 2.22404823e+01 2.14618225e+01 2.00290985e+01
    2.20137844e+01 2.06937733e+01 1.95576401e+01 1.80724449e+01
    2.03886623e+01 1.93659439e+01 1.89933662e+01 1.99313087e+01
    2.06174278e+01 1.97418137e+01 2.00203781e+01 2.01483631e+01
    1.92683277e+01 1.95513840e+01 1.94056969e+01 1.91348495e+01
    1.87617836e+01 1.97731438e+01 1.83998451e+01 1.91780148e+01
    1.84389515e+01 1.96147099e+01 1.85516891e+01 1.77357616e+01
    1.87655487e+01 1.94929581e+01 2.07323837e+01 1.97847004e+01
    1.96660137e+01 1.91446400e+01 1.93882828e+01 2.07272663e+01
    2.03628216e+01 2.05923862e+01 2.02775116e+01 1.99969006e+01
    1.96400108e+01 2.04980755e+01 2.08720493e+01 2.06498356e+01
    1.94426155e+01 2.07537632e+01 2.07092857e+01 2.19047432e+01
    1.95777225e+01 2.17855511e+01 2.05395870e+01 2.15900078e+01
    2.21487141e+01 2.06860523e+01 2.20563908e+01 2.17189445e+01
    2.20116920e+01 2.17159786e+01 2.16277447e+01 2.25988445e+01
    2.46971512e+01 2.56048031e+01 2.41477470e+01 2.30028057e+01
    2.33209591e+01 2.34215870e+01 2.49761715e+01 2.41424389e+01
    2.30414200e+01 2.45135899e+01 2.23241673e+01 2.15996323e+01
    2.24734802e+01 2.27629547e+01 2.26586685e+01 2.30772552e+01
    2.37677269e+01 2.30133953e+01 2.17842503e+01 2.38636703e+01
    2.22445831e+01 2.27883396e+01 2.21531315e+01 2.17792034e+01
    2.10068607e+01 2.24385681e+01 2.14722500e+01 2.28317528e+01
    2.24128113e+01 2.15097332e+01 2.44004097e+01 2.34098587e+01
    2.38698368e+01 2.37631016e+01 2.33558311e+01 2.22058525e+01
    2.41079292e+01 2.34342403e+01 2.14911709e+01 -3.04537557e+24
    -5.95022443e+24 -6.01108024e+24 -1.36287036e+25 -5.68672998e+24
    -8.68966565e+24 -8.73789293e+24 -4.25232557e+24 -8.88117456e+24
    -1.01681935e+25 -1.01534004e+25 -6.92705562e+24 -7.28909372e+24
    2.18855991e+01 2.16325550e+01 2.24543228e+01 2.30049343e+01
    2.30559025e+01 2.44682121e+01 2.46507797e+01 2.43074360e+01
    2.34951172e+01 2.46374931e+01 2.46628342e+01 2.40242577e+01
    2.35558643e+01 2.29546471e+01 2.38664303e+01 2.18380375e+01
    2.24062862e+01 2.22223854e+01 2.30585976e+01 2.30972347e+01
    2.29411678e+01 2.22905025e+01 2.38211117e+01 2.36560879e+01
    2.35547543e+01 2.49067879e+01 2.46743469e+01 2.40916061e+01
    2.22297287e+01 2.39434605e+01 2.54592342e+01 2.22588787e+01
    2.23262062e+01 2.30535297e+01 2.33824310e+01 2.17783604e+01
    2.40349407e+01 2.30940819e+01 2.15736465e+01 2.46411247e+01
    2.40098381e+01 2.23020401e+01 2.23083286e+01 2.53086033e+01
    2.53699341e+01 2.34850292e+01 2.33206215e+01 2.18731995e+01
    2.25961838e+01 2.33554726e+01 2.22199745e+01 2.30645275e+01
    2.42686119e+01 2.33722897e+01 2.18379211e+01 2.30228100e+01
    2.40421925e+01 2.31789703e+01 2.40472431e+01 2.33457699e+01
    2.09720669e+01 2.26610279e+01 2.27850132e+01 2.17761574e+01
    2.28544064e+01 2.46042061e+01 2.26167355e+01 2.22117252e+01
    2.40878220e+01 2.40657368e+01 2.48009624e+01 2.58238297e+01
    2.46743565e+01 2.49018707e+01 2.51346245e+01 2.21576157e+01
    2.25465317e+01 2.38847141e+01 2.35010033e+01 2.32125473e+01
    2.26903076e+01 2.43766289e+01 2.41316490e+01 2.43269978e+01
    2.33441658e+01 2.38742580e+01 2.30730209e+01 2.26793327e+01
    2.34787064e+01 2.18260937e+01 2.15974846e+01 2.16369972e+01
    2.16904621e+01 1.98409443e+01 1.99988918e+01 1.93831768e+01
    2.20297527e+01 2.21494274e+01 2.30451736e+01 1.99965591e+01
    2.30832462e+01 2.26146679e+01 2.30088806e+01 2.33535385e+01
    2.43684673e+01 2.40631065e+01 2.52117577e+01 2.38402290e+01
    2.39510727e+01 2.33772202e+01 2.40354195e+01 2.26258335e+01
    2.36168804e+01 2.46780396e+01 2.33084908e+01 2.28158035e+01
    2.20381660e+01 2.38194771e+01 2.27808285e+01 2.15383606e+01
    2.44222336e+01 2.29524822e+01 2.05480366e+01 2.12666397e+01
    2.09418945e+01 2.19150772e+01 2.08160496e+01 2.22029057e+01
    2.18083172e+01 2.31297798e+01 2.25978336e+01 2.18044624e+01
    2.35199852e+01 2.35700588e+01 2.25190811e+01 2.44674473e+01
    2.41380749e+01 2.50783710e+01 2.32523689e+01 2.24076958e+01
    2.41374741e+01 2.14578857e+01 2.23018169e+01 2.19026375e+01
    2.15442295e+01 2.25455170e+01 2.36605968e+01 2.28466606e+01
    2.22097340e+01 2.18587646e+01 2.33083076e+01 2.29552441e+01
    2.35078754e+01 2.31537609e+01 2.37027779e+01 2.26023808e+01
    2.05474777e+01 1.95618572e+01 2.04526863e+01 2.22405033e+01
    1.96427460e+01 2.03421288e+01 2.22896042e+01 2.21654549e+01
    2.43309708e+01 2.16334534e+01 2.19883270e+01 2.28216343e+01
    2.25545902e+01 2.21661930e+01 2.28867283e+01 2.43111725e+01
    2.19621277e+01 2.28162613e+01 2.32832241e+01 2.28395615e+01
    2.44752312e+01 2.43397808e+01 2.49578686e+01 2.48151875e+01
    2.40265388e+01 2.37856789e+01 2.45554390e+01 2.36896038e+01
    2.39508591e+01 2.44035473e+01 2.56364422e+01 2.57229843e+01
    2.59483433e+01 2.58563595e+01 2.45157127e+01 2.64696159e+01
    2.62674351e+01 2.48097610e+01 2.71309719e+01 2.89297714e+01
    2.87271442e+01 2.65094967e+01 2.61213570e+01 2.84693680e+01
    2.71411171e+01 2.65741291e+01 2.81798630e+01 2.67302856e+01
    2.47434711e+01 2.69499531e+01 2.48066063e+01 2.59230499e+01
    2.72166157e+01 2.52080536e+01 2.55710640e+01 2.50248356e+01
    2.55755634e+01 2.59436779e+01 2.59660892e+01 2.63346653e+01
    2.41520557e+01 2.39251385e+01 2.47701435e+01 2.40224838e+01
    2.29162350e+01 2.40827980e+01 2.57146111e+01 2.62354717e+01
    2.52901306e+01 2.75081692e+01 2.78554153e+01 2.62418785e+01
    2.74491940e+01 2.61547127e+01 2.62237358e+01 2.48425674e+01
    2.47794952e+01 2.33923149e+01 2.23016109e+01 2.27219162e+01
    2.12288265e+01 2.20005455e+01 2.13527012e+01 2.15300598e+01
    2.22392673e+01 2.12907238e+01 2.24399643e+01 2.25006008e+01
    2.37973824e+01 2.20247440e+01 2.54399967e+01 2.60907631e+01
    2.58522053e+01 2.57093163e+01 2.56426563e+01 2.74440708e+01
    2.85805702e+01 2.74978657e+01 2.62681484e+01 2.77770138e+01
    2.72945747e+01 2.65179844e+01 2.63449192e+01 2.65257416e+01
    2.75999298e+01 2.54449120e+01 2.64322815e+01 2.67000751e+01
    2.76323929e+01 2.70489006e+01 2.55967960e+01 2.67429066e+01
    2.79175205e+01 2.82960644e+01 2.72241058e+01 2.71902275e+01
    2.64416981e+01 2.80157089e+01 2.88138809e+01 2.67604828e+01
    2.66245937e+01 2.62367992e+01 2.74645672e+01 2.59032841e+01
    2.73155861e+01 2.62905540e+01 2.64557629e+01 2.68754025e+01
    2.75780621e+01 2.53935089e+01 2.63231735e+01 2.68085308e+01
    2.54686623e+01 2.72978992e+01 2.81848755e+01 2.67617245e+01
    2.69903717e+01 2.59447422e+01 2.82232590e+01 2.68108635e+01
    2.54126682e+01 2.64630470e+01 2.70215340e+01 2.66317902e+01
    2.52403870e+01 2.69690647e+01 2.51628380e+01 2.60834465e+01
    2.57797165e+01 2.45414028e+01 2.48175564e+01 2.50633488e+01
    2.44879341e+01 2.47707253e+01 2.79629536e+01 2.57963524e+01
    2.47699909e+01 2.65377979e+01 2.68855515e+01 2.64031868e+01
    2.72991333e+01 2.87998161e+01 2.75087013e+01 2.80455971e+01
    2.69854183e+01 2.75589008e+01 2.65287895e+01 2.53383217e+01
    2.70978050e+01 2.76561260e+01 2.61447124e+01 2.62349319e+01
    2.58746529e+01 2.80036411e+01 2.66710377e+01 2.63163395e+01
    2.67851295e+01 2.62439079e+01 2.63395691e+01 2.58774872e+01
    2.40892181e+01 2.54483318e+01 2.50029659e+01 2.31386242e+01
    2.41010761e+01 2.47179623e+01 2.57689667e+01 2.38808975e+01
    2.50371552e+01 2.53420944e+01 2.61870995e+01 2.42142868e+01
    2.50896912e+01 2.63754158e+01 2.87055092e+01 2.68717098e+01
    2.70218277e+01 2.65739498e+01 2.85672512e+01 2.66704330e+01
    2.66420727e+01 2.78474617e+01 2.64799099e+01 2.71746578e+01
    2.68198662e+01 2.68047581e+01 2.52733803e+01 2.65236568e+01
    2.64049911e+01 2.57296371e+01 2.50704346e+01 2.51163235e+01
    2.65488834e+01 2.74081039e+01 2.31491852e+01 2.36945305e+01
    2.40284042e+01 2.60532684e+01 2.60967503e+01 2.47975521e+01
    2.55554562e+01 2.75857792e+01 2.49668121e+01 2.44430332e+01
    2.62982006e+01 2.70524158e+01 2.61567764e+01 2.69551086e+01
    2.65999374e+01 2.86345730e+01 2.67416306e+01 2.52003059e+01
    2.49635849e+01 2.50476093e+01 2.51117439e+01 2.58994751e+01
    2.61059799e+01 2.57885990e+01 2.53435955e+01 2.60135956e+01
    2.71306667e+01 2.60549793e+01 2.70088062e+01 2.56052246e+01
    2.72294331e+01 2.58347187e+01 2.53167496e+01 2.44533806e+01
    2.22495403e+01 2.57425041e+01 2.48073788e+01 2.40648499e+01
    2.41595459e+01 2.49759254e+01 2.59845734e+01 2.55400009e+01
    2.64197578e+01 2.54681911e+01 2.70727139e+01 2.57432766e+01
    2.66985016e+01 2.74377975e+01 2.63826618e+01 2.62436714e+01
    2.48080177e+01 2.65944328e+01 2.77521629e+01 2.84514313e+01
    2.75805969e+01 2.86670685e+01 2.56170616e+01 2.77013226e+01
    2.53473701e+01 2.49921780e+01 2.49257202e+01 2.73904076e+01
    2.77443523e+01 2.66591434e+01 2.79910679e+01 2.61907921e+01
    2.99517174e+01 2.97259197e+01 2.90443401e+01 2.91118450e+01
    3.02108288e+01 3.16895885e+01 2.95962124e+01 2.97980366e+01
    2.90544262e+01 3.07961502e+01 2.92066917e+01 2.96360245e+01
    3.02027817e+01 2.90120411e+01 2.84842453e+01 2.80522823e+01
    2.67148666e+01 2.86703510e+01 2.79745350e+01 2.70592613e+01
    2.76677685e+01 2.65746117e+01 2.80492363e+01 2.62877960e+01
    2.68136387e+01 2.78716125e+01 2.60260792e+01 2.68175373e+01
    2.54839668e+01 2.58589249e+01 2.52650509e+01 2.70980186e+01
    2.66599178e+01 2.70903263e+01 2.89655800e+01 3.02549248e+01
    3.00199146e+01 3.04950314e+01 2.91169033e+01 2.82099533e+01
    2.86423397e+01 2.87698212e+01 2.75874748e+01 2.62333298e+01
    2.40461636e+01 2.54293976e+01 2.31770229e+01 2.28396778e+01
    2.43896370e+01 2.50756741e+01 2.41999722e+01 2.43461380e+01
    2.51571331e+01 2.39926910e+01 2.51694565e+01 2.61283054e+01
    2.69375229e+01 2.61700039e+01 2.97475185e+01 2.84817467e+01
    2.87208633e+01 2.88944111e+01 2.88449535e+01 2.88314056e+01
    2.98169174e+01 3.10627918e+01 2.82695751e+01 2.90387859e+01
    2.71397362e+01 2.71700478e+01 2.74847050e+01 2.93084106e+01
    2.83058109e+01 2.76112137e+01 2.82312469e+01 2.77932568e+01
    2.86746502e+01 2.80092602e+01 3.08886261e+01 3.05734634e+01
    2.96999989e+01 2.90962276e+01 3.03139687e+01 3.04084568e+01
    3.05567856e+01 3.02474575e+01 3.19720440e+01 2.97772465e+01
    2.94928513e+01 2.93318844e+01 2.92560482e+01 3.00214710e+01
    2.94457111e+01 2.82307777e+01 2.76726379e+01 2.97625008e+01
    3.01955299e+01 2.72766190e+01 2.82953320e+01 2.88922806e+01
    2.84473305e+01 2.94058323e+01 2.91681614e+01 2.63187733e+01
    2.76897507e+01 2.96436081e+01 2.90123825e+01 2.78814049e+01
    2.92820568e+01 2.72356167e+01 2.78778896e+01 2.83453121e+01
    2.81128197e+01 2.84132538e+01 2.74441414e+01 2.78184471e+01
    2.69169884e+01 2.80256481e+01 2.70350094e+01 2.69809265e+01
    2.85457058e+01 2.93189831e+01 3.03788967e+01 2.80173702e+01
    2.92635040e+01 2.93556519e+01 3.15257378e+01 3.01126709e+01
    2.89000282e+01 3.07621403e+01 2.92975922e+01 2.71188126e+01
    2.76335049e+01 2.93409824e+01 3.01373920e+01 2.93701534e+01
    2.89352589e+01 3.00339451e+01 2.86204033e+01 2.83813877e+01
    2.86220322e+01 2.86060448e+01 2.90849628e+01 2.73840809e+01
    2.62478676e+01 2.68988056e+01 2.55043850e+01 2.58468113e+01
    2.62469215e+01 2.73237247e+01 2.46262512e+01 2.58861885e+01
    2.62013035e+01 2.57825050e+01 2.65043411e+01 2.53915577e+01
    2.72424793e+01 2.82371807e+01 2.80686512e+01 2.86987953e+01
    2.86905327e+01 3.03456707e+01 2.96200333e+01 2.89193439e+01
    2.97785568e+01 3.06157284e+01 3.06879959e+01 2.86661186e+01
    3.04280357e+01 2.97950153e+01 2.95476532e+01 2.88531494e+01
    2.75661945e+01 2.88632736e+01 2.64358807e+01 2.71493149e+01
    2.99492245e+01 2.89713860e+01 2.78112659e+01 2.76386280e+01
    2.71887188e+01 2.70410500e+01 2.67488537e+01 2.90583401e+01
    2.74508781e+01 2.85179195e+01 2.91246471e+01 2.93721371e+01
    2.74137993e+01 2.81098938e+01 2.75923958e+01 2.89306240e+01
    2.88286304e+01 2.87650585e+01 2.97698536e+01 2.84010448e+01
    2.95211353e+01 2.77022381e+01 2.68791027e+01 2.79024086e+01
    2.67431889e+01 2.71787815e+01 2.82856827e+01 3.00713558e+01
    2.83718910e+01 2.92743473e+01 3.04270248e+01 2.90257645e+01
    2.87507858e+01 2.66004066e+01 2.77286530e+01 2.80799427e+01
    2.79329491e+01 2.63068619e+01 2.62978840e+01 2.81380367e+01
    2.58139477e+01 2.64762230e+01 2.79671421e+01 2.82957401e+01
    2.80616360e+01 2.86639385e+01 2.74577942e+01 2.96993351e+01
    2.93230362e+01 2.92059994e+01 2.79997673e+01 2.84285183e+01
    3.07574348e+01 2.83658619e+01 2.96192608e+01 2.89799671e+01
    3.03305855e+01 3.02879753e+01 2.95985317e+01 2.93977242e+01
    2.93920193e+01 3.12269764e+01 2.88105335e+01 2.86480236e+01
    2.87750912e+01 2.85021000e+01 2.97257023e+01 3.03584995e+01
    3.07198906e+01 2.95731163e+01 3.13642445e+01 2.92812748e+01
    3.16359119e+01 3.13454056e+01 3.22345619e+01 3.24426193e+01
    3.41706314e+01 3.20322495e+01 3.21100578e+01 3.33119087e+01
    3.19189548e+01 3.21271057e+01 3.23737221e+01 3.25875053e+01
    2.99191570e+01 3.05430527e+01 2.80616798e+01 2.93109951e+01
    3.00663643e+01 3.11790295e+01 3.01012783e+01 2.96924515e+01
    3.06066933e+01 2.89958820e+01 2.88575516e+01 3.07241879e+01
    2.92540836e+01 2.89752769e+01 2.88474312e+01 2.84914455e+01
    2.79171867e+01 2.85507221e+01 3.06038475e+01 3.14609795e+01
    2.99747734e+01 3.27652283e+01 3.35696831e+01 3.06042118e+01
    3.12321701e+01 3.07388935e+01 3.19007282e+01 3.06727104e+01
    2.92876892e+01 3.04775753e+01 2.71142921e+01 2.82186985e+01
    2.28566799e+01 2.70783482e+01 2.67264919e+01 2.67256851e+01
    2.72381802e+01 2.69041233e+01 2.60676308e+01 2.75556622e+01
    2.81648312e+01 2.87753429e+01 2.92191219e+01 3.12082615e+01
    3.35431862e+01 2.97179909e+01 3.19704437e+01 3.03866196e+01
    3.31029167e+01 3.24110146e+01 3.00298347e+01 3.09501228e+01
    3.26798325e+01 3.08460770e+01 3.08836842e+01 2.83608284e+01
    3.03721046e+01 3.06403904e+01 3.02499447e+01 2.89143600e+01
    3.00173950e+01 3.08339844e+01 3.02069530e+01 3.02698536e+01
    3.13198223e+01 3.14285278e+01 3.29557724e+01 3.28511086e+01
    3.12392292e+01 3.28446159e+01 3.39359818e+01 3.31928787e+01
    3.31184387e+01 3.26115952e+01 3.28216095e+01 3.15201931e+01
    3.29329491e+01 3.23708916e+01 3.04662514e+01 3.06165180e+01
    3.17949314e+01 3.22323723e+01 3.10499706e+01 3.15649204e+01
    3.21637535e+01 3.03334541e+01 3.20307426e+01 3.24881325e+01
    3.13972054e+01 2.96805553e+01 3.25397186e+01 3.06795692e+01
    3.01468487e+01 3.14698486e+01 3.19913712e+01 2.99265900e+01
    3.22234383e+01 2.93257847e+01 3.06670208e+01 3.30183525e+01
    3.15922642e+01 2.87715149e+01 2.88750343e+01 3.12973633e+01
    2.89508419e+01 2.91099434e+01 3.37674561e+01 3.14474010e+01
    3.02706394e+01 3.29670868e+01 3.29859886e+01 3.09936886e+01
    3.31844864e+01 3.26837997e+01 3.31523018e+01 3.30470848e+01
    3.08480167e+01 3.16443348e+01 3.13027744e+01 2.94651489e+01
    3.19775887e+01 3.07831211e+01 3.09451714e+01 2.99743938e+01
    3.19807777e+01 3.27612076e+01 2.89754982e+01 2.94046707e+01
    2.97943249e+01 3.18184338e+01 2.75631027e+01 2.86999321e+01
    2.93377457e+01 2.69550266e+01 2.75152626e+01 2.78774033e+01
    2.73796101e+01 2.64145298e+01 2.78115578e+01 2.82012787e+01
    2.66261101e+01 2.86192665e+01 3.05677834e+01 2.79362125e+01
    3.02846661e+01 3.15043316e+01 3.03881035e+01 3.21677284e+01
    3.04744339e+01 3.09075775e+01 3.20099373e+01 3.18871899e+01
    3.26280479e+01 3.10639629e+01 3.20594788e+01 3.21743088e+01
    3.09433460e+01 2.98053265e+01 3.07655220e+01 3.11439362e+01
    3.03936939e+01 3.02171001e+01 3.15396309e+01 3.13998032e+01
    3.29098091e+01 3.17151890e+01 2.83404732e+01 3.03746471e+01
    2.96129513e+01 3.01832085e+01 3.06619053e+01 3.18543892e+01
    3.16382885e+01 3.18241138e+01 3.13739452e+01 3.01378479e+01
    3.07260971e+01 3.33429260e+01 3.17163334e+01 3.17062569e+01
    2.96511745e+01 3.17369270e+01 3.09669724e+01 2.99407120e+01
    2.89976978e+01 2.87709732e+01 3.07338619e+01 2.93292885e+01
    3.09498482e+01 3.19135227e+01 3.01294003e+01 3.09693203e+01
    2.97911129e+01 3.06143188e+01 2.98701019e+01 2.95038242e+01
    3.03048744e+01 3.20172691e+01 3.23390732e+01 3.00397148e+01
    3.06237125e+01 2.83926983e+01 2.90116673e+01 3.00736198e+01
    3.01322422e+01 3.16172981e+01 3.06429520e+01 3.05584488e+01
    3.08003807e+01 3.21564636e+01 3.17505379e+01 3.25703354e+01
    3.18130131e+01 3.17169380e+01 3.31083069e+01 3.21123466e+01
    3.13476696e+01 3.25771408e+01 3.31397896e+01 3.09865246e+01
    3.26091423e+01 3.34165077e+01 3.11583519e+01 3.21778908e+01
    3.17205620e+01 3.00456963e+01 2.98087616e+01 2.96345139e+01
    3.12088985e+01 3.11121502e+01 3.10967026e+01 2.88263779e+01
    3.10160484e+01 3.05367527e+01 3.09584942e+01 2.99954109e+01
    3.10566082e+01 3.40683060e+01 3.31263275e+01 3.06850739e+01
    3.21960144e+01 3.22714195e+01 3.33078499e+01 3.25309029e+01
    3.16833076e+01 3.12951012e+01 3.12319813e+01 3.03708801e+01
    2.79688759e+01 3.01087646e+01 2.91247826e+01 3.05929050e+01
    3.15937500e+01 2.99710464e+01 3.04362526e+01 2.83673191e+01
    3.04175053e+01 2.99860382e+01 2.83024273e+01 2.91275291e+01
    3.03418045e+01 2.81292667e+01 2.78611927e+01 2.87747478e+01
    2.98911018e+01 3.10667801e+01 3.02493725e+01 3.27413979e+01
    3.30197105e+01 3.37450218e+01 3.34166641e+01 3.12303505e+01
    3.30662727e+01 3.18012524e+01 3.01342773e+01 3.02259560e+01
    2.90643902e+01 2.91217937e+01 2.60879612e+01 2.68848743e+01
    2.66776047e+01 2.88827705e+01 2.68815632e+01 2.81545868e+01
    2.89911842e+01 2.83596230e+01 2.77225533e+01 2.67834339e+01
    3.04305458e+01 2.91827526e+01 2.95057125e+01 3.03883076e+01
    3.13217068e+01 3.07852345e+01 3.11330223e+01 2.89769707e+01
    3.03666000e+01 3.13144016e+01 3.09653416e+01 3.08507900e+01
    3.05033512e+01 2.85961475e+01 2.86437588e+01 2.84521656e+01
    2.99641838e+01 2.89820919e+01 2.98063412e+01 3.10611172e+01
    2.77800941e+01 2.93936100e+01 3.12738914e+01 3.22650909e+01
    3.19606705e+01 3.25021477e+01 3.48592529e+01 3.43654633e+01
    3.30247383e+01 3.15045395e+01 3.51992340e+01 3.48834152e+01
    3.36136436e+01 3.29499016e+01 3.28608627e+01 3.08183136e+01
    3.36152649e+01 3.16044579e+01 3.05005283e+01 3.21275444e+01
    3.24850044e+01 3.16882229e+01 3.02029762e+01 3.19894867e+01
    3.02677231e+01 3.16747913e+01 3.15639400e+01 2.97361374e+01
    3.15166664e+01 2.98748703e+01 3.17857475e+01 3.10387497e+01
    3.05986900e+01 3.08184338e+01 2.91349449e+01 3.03188953e+01
    3.09169598e+01 3.13712692e+01 3.16343956e+01 2.96872959e+01
    3.24221268e+01 3.19090195e+01 3.06493893e+01 3.15970287e+01
    3.23176956e+01 3.18130665e+01 3.32492065e+01 3.09862194e+01
    3.17768345e+01 3.23619614e+01 3.32503700e+01 3.10033379e+01
    3.32389717e+01 3.28395615e+01 3.16718597e+01 3.13731403e+01
    3.04236679e+01 3.22351685e+01 3.11635513e+01 3.04903679e+01
    3.23058701e+01 3.14616909e+01 3.17200203e+01 3.11663227e+01
    2.99639397e+01 2.96772537e+01 2.90182056e+01 2.95322876e+01
    2.82287960e+01 2.81977139e+01 2.76013660e+01 2.79960289e+01
    2.63277435e+01 2.53404789e+01 2.61558495e+01 2.77979965e+01
    2.61936703e+01 2.90788746e+01 2.76622753e+01 2.83250561e+01
    2.84196873e+01 2.99364166e+01 3.19695339e+01 3.02761745e+01
    3.19138165e+01 3.22877808e+01 3.21618652e+01 3.16309662e+01
    3.15741234e+01 3.11959171e+01 3.28241310e+01 3.03931828e+01
    3.05271530e+01 3.04912815e+01 2.97305870e+01 2.88932571e+01
    2.88623123e+01 3.07521362e+01 3.12655487e+01 3.01944160e+01
    3.34418678e+01 3.11133423e+01 3.28662186e+01 3.12943020e+01
    2.98671284e+01 3.08325577e+01 3.06464691e+01 3.26000862e+01
    3.15635166e+01 3.12953358e+01 3.19317112e+01 3.26644211e+01
    3.12123795e+01 3.18861256e+01 3.16390152e+01 3.13192921e+01
    3.35214691e+01 3.22492638e+01 3.17765732e+01 3.14414139e+01
    3.03536720e+01 3.06585751e+01 2.99707241e+01 3.10558014e+01
    2.90510731e+01 2.82163639e+01 3.04813709e+01 3.03904381e+01
    2.86479034e+01 2.86416187e+01 3.10769291e+01 2.94347572e+01
    3.04635715e+01 3.15396004e+01 2.94990749e+01 3.24572601e+01
    2.98062592e+01 2.96054592e+01 2.88606606e+01 2.90138340e+01
    2.95247059e+01 2.72343369e+01 2.93421497e+01 3.24082870e+01
    3.08957634e+01 3.04961452e+01 3.01307297e+01 3.18545628e+01
    3.33390770e+01 3.21514244e+01 3.31330566e+01 3.37165565e+01
    3.21949425e+01 3.25631866e+01 3.24176445e+01 3.33736839e+01
    2.98700294e+01 3.27912750e+01 3.20725136e+01 3.06935215e+01
    3.11861248e+01 3.19568729e+01 3.00694332e+01 3.00249805e+01
    3.04365158e+01 2.82565422e+01 2.99098415e+01 2.89047260e+01
    2.89444065e+01 3.04213238e+01 3.12358170e+01 2.94634361e+01
    2.99344749e+01 3.11698322e+01 3.29519310e+01 3.33438950e+01
    3.24110298e+01 3.10629501e+01 3.12998295e+01 3.18269482e+01
    3.08913002e+01 3.14947529e+01 3.16165085e+01 3.13395672e+01
    3.15391865e+01 2.98282089e+01 2.88475971e+01 3.06430168e+01
    3.11438236e+01 3.16642895e+01 3.06590042e+01 3.13552971e+01
    3.30886078e+01 3.02534981e+01 2.95366192e+01 2.87022266e+01
    3.15960102e+01 2.91814861e+01 2.92858009e+01 2.86246338e+01
    2.95333328e+01 2.82224941e+01 2.95554371e+01 3.03282833e+01
    2.98571358e+01 3.22190819e+01 3.27248383e+01 3.25205460e+01
    3.18140182e+01 3.23495216e+01 3.14839821e+01 3.10168514e+01
    2.84842300e+01 2.79964561e+01 3.05443745e+01 2.65244370e+01
    2.50022812e+01 2.63718872e+01 2.76645679e+01 2.59474163e+01
    2.70540199e+01 2.93776627e+01 2.69500866e+01 2.75916367e+01
    2.86601200e+01 2.74244499e+01 2.87846889e+01 2.85958862e+01
    3.02054482e+01 3.00395241e+01 2.88631878e+01 3.04150257e+01
    3.11510677e+01 3.13099918e+01 3.03770008e+01 2.85210915e+01
    3.13546410e+01 3.05285683e+01 3.02116718e+01 3.09484463e+01
    2.81051388e+01 2.87334690e+01 2.98776073e+01 2.81924686e+01
    2.88402195e+01 3.04256916e+01 2.97367516e+01 3.00887890e+01
    2.99834328e+01 3.23987312e+01 3.26616783e+01 3.28193855e+01
    3.34581528e+01 3.27028732e+01 3.27672234e+01 3.39879608e+01
    3.33927345e+01 3.34230919e+01 3.57568665e+01 3.35314407e+01
    3.40274162e+01 3.29743233e+01 3.14540977e+01 3.19638214e+01
    3.27624435e+01 3.15344830e+01 3.21498756e+01 3.04678631e+01
    3.11767750e+01 2.97540779e+01 3.05365810e+01 3.06580982e+01
    2.83110733e+01 2.91948700e+01 3.21581764e+01 3.14836426e+01
    3.17431202e+01 3.05959015e+01 3.23379326e+01 3.03939724e+01
    3.13046741e+01 3.08483982e+01 3.05299816e+01 3.21184769e+01
    3.19430504e+01 3.20003738e+01 3.01473408e+01 2.94419441e+01
    3.16761589e+01 3.16819954e+01 3.13849773e+01 3.13149834e+01
    3.04258404e+01 3.09294891e+01 3.19888554e+01 3.14119167e+01
    3.16239605e+01 3.06777344e+01 3.10565224e+01 3.24457512e+01
    3.22647171e+01 3.08537979e+01 2.94437656e+01 3.06716785e+01
    2.96048183e+01 3.01411247e+01 3.09749966e+01 2.85049324e+01
    3.13847351e+01 2.96891823e+01 2.94036713e+01 2.81749554e+01
    2.91269455e+01 2.92398701e+01 2.98397255e+01 2.81646919e+01
    2.78776970e+01 2.93740005e+01 2.67464638e+01 2.59085846e+01
    2.55789986e+01 2.70210419e+01 2.91927223e+01 2.73690872e+01
    2.91264954e+01 2.74150734e+01 2.86352997e+01 2.91276455e+01
    2.93555489e+01 3.22946205e+01 3.11253738e+01 3.21204414e+01
    3.11868668e+01 3.04175434e+01 3.08618660e+01 2.88750515e+01
    3.10435448e+01 3.08235931e+01 3.18744259e+01 3.09736271e+01
    3.01710930e+01 2.83313980e+01 2.83540325e+01 2.92205734e+01
    2.90984287e+01 2.98340569e+01 3.19543324e+01 3.08005619e+01
    3.21024284e+01 3.11260166e+01 3.13490620e+01 3.18211288e+01
    3.25215454e+01 3.17748299e+01 3.19828415e+01 3.23169365e+01
    3.22564468e+01 3.09508648e+01 3.26625099e+01 3.13968716e+01
    3.05718098e+01 3.23104668e+01 3.07628689e+01 3.17010326e+01
    2.97212658e+01 2.92071495e+01 3.09383793e+01 3.00115700e+01
    2.85379181e+01 2.91370888e+01 3.07601395e+01 3.09423542e+01
    2.90417385e+01 2.97902412e+01 3.05514107e+01 2.90331268e+01
    2.95669956e+01 3.14486790e+01 3.15577221e+01 2.85626812e+01
    3.07045975e+01 2.92165260e+01 2.78054543e+01 2.93321934e+01
    2.90839291e+01 2.86978188e+01 2.67050819e+01 3.00879574e+01
    2.91212063e+01 3.00021782e+01 3.11031361e+01 3.00636749e+01
    3.08735180e+01 3.14680710e+01 3.27727165e+01 3.21836205e+01
    3.32985191e+01 3.34789925e+01 3.38205643e+01 3.15222511e+01
    3.25963554e+01 3.17614460e+01 3.05921593e+01 3.19756889e+01
    2.87878304e+01 3.04201660e+01 3.04730644e+01 2.99460754e+01
    3.18165474e+01 3.02494411e+01 3.10037994e+01 2.94704075e+01
    2.92564487e+01 2.94982910e+01 3.09722061e+01 2.96304455e+01
    2.76490860e+01 2.85797386e+01 3.01400528e+01 2.88354702e+01
    3.04304104e+01 3.27834663e+01 3.25561409e+01 3.17395821e+01
    3.09200916e+01 2.98722439e+01 2.98941574e+01 3.13628922e+01
    2.93459435e+01 3.18552132e+01 3.08726273e+01 3.03336544e+01
    3.02227154e+01 2.98374004e+01 3.00739326e+01 2.94266510e+01
    3.08972225e+01 3.02964439e+01 3.08230782e+01 3.05762119e+01
    3.16343460e+01 2.96477375e+01 2.97545376e+01 2.98141365e+01
    3.00164566e+01 2.97388382e+01 2.85976868e+01 2.81993351e+01
    3.07600899e+01 3.00404243e+01 3.16893005e+01 3.35139847e+01
    3.25871048e+01 3.16838818e+01 3.37168312e+01 3.07043858e+01
    3.15907383e+01 3.07733250e+01 3.08148003e+01 3.03195934e+01
    3.02939053e+01 2.87144184e+01 2.67707920e+01 2.61557732e+01
    2.51581230e+01 2.95472412e+01 2.83572998e+01 2.67393436e+01
    2.79453468e+01 2.90877132e+01 2.63818684e+01 2.65631142e+01
    2.97038517e+01 2.85299950e+01 2.93281174e+01 2.82473793e+01
    3.01413765e+01 2.99367065e+01 3.09618740e+01 2.99194984e+01
    2.93430328e+01 3.13582401e+01 2.99648743e+01 2.93269577e+01
    2.95933571e+01 2.94876175e+01 3.00897694e+01 2.94462700e+01
    2.92313404e+01 2.72760735e+01 3.03979206e+01 2.87736206e+01
    2.98722134e+01 2.89079552e+01 2.97993641e+01 3.21481628e+01
    3.13326759e+01 2.99325581e+01 3.30268402e+01 3.46615524e+01
    3.20896034e+01 3.26033707e+01 3.49936333e+01 3.39520073e+01
    3.49185257e+01 3.40743942e+01 3.38767853e+01 3.22391090e+01
    3.07948151e+01 3.06433239e+01 3.02357502e+01 3.00544529e+01
    3.24571953e+01 2.95446281e+01 3.00399342e+01 3.00981293e+01
    3.15056686e+01 3.05606346e+01 3.06365700e+01 3.06678448e+01
    3.19066448e+01 3.23336868e+01 3.25429382e+01 2.98223648e+01
    3.21445503e+01 3.19794025e+01 3.28187027e+01 3.08475189e+01
    3.25303574e+01 3.17745037e+01 3.14554195e+01 2.97108040e+01
    3.06246433e+01 3.20352402e+01 2.99582710e+01 3.00873070e+01
    2.98204365e+01 3.06447830e+01 3.01093998e+01 3.01678047e+01
    3.06791954e+01 3.02753277e+01 3.22388649e+01 3.18729496e+01
    3.24272385e+01 3.34545670e+01 3.22648621e+01 3.32070465e+01
    3.01411304e+01 3.05137310e+01 3.16838474e+01 2.98422451e+01
    3.02718067e+01 3.04219360e+01 3.12702808e+01 3.02500782e+01
    2.93112946e+01 2.97273750e+01 2.85584793e+01 2.89832802e+01
    2.93078194e+01 2.89506454e+01 2.84266872e+01 2.85890598e+01
    2.73161488e+01 2.64460125e+01 2.63340168e+01 2.88191414e+01
    2.87258320e+01 2.68803024e+01 2.92588406e+01 2.90525188e+01
    2.77985973e+01 2.81922932e+01 3.09082527e+01 3.14749374e+01
    3.20447502e+01 3.09249802e+01 3.10982628e+01 3.08906002e+01
    3.11832027e+01 2.94546623e+01 3.15140495e+01 2.95787487e+01
    3.05114326e+01 2.95603619e+01 2.97893314e+01 2.79952412e+01
    2.54455433e+01 2.81461716e+01 3.04327869e+01 2.96173897e+01
    2.92737617e+01 3.24466629e+01 3.09495163e+01 2.99595776e+01
    3.15891228e+01 2.96032772e+01 3.13924255e+01 3.28796921e+01
    3.29686890e+01 2.99735699e+01 3.07178993e+01 2.94369183e+01
    3.06422100e+01 2.97349644e+01 2.90855217e+01 3.05283909e+01
    2.95274467e+01 3.02962570e+01 2.98486080e+01 2.95419102e+01
    2.87168884e+01 2.77689781e+01 2.84057541e+01 2.93797016e+01
    3.05489368e+01 2.95261726e+01 2.84966450e+01 2.91407261e+01
    2.97921314e+01 3.20408897e+01 2.79151173e+01 3.10154858e+01
    2.91832027e+01 2.92997532e+01 2.76122303e+01 2.77232456e+01
    3.01623173e+01 2.73278370e+01 2.69363461e+01 2.85222282e+01
    2.82444859e+01 2.73921680e+01 2.61617432e+01 2.99080238e+01
    2.94349651e+01 3.09797058e+01 2.80751286e+01 3.04293575e+01
    3.17604408e+01 3.16156254e+01 3.12531185e+01 3.40450745e+01
    3.28592758e+01 3.13322582e+01 3.14151363e+01 3.17837753e+01
    3.17238617e+01 3.11123238e+01 3.11879139e+01 3.22558937e+01
    2.96899738e+01 3.16622829e+01 2.93404388e+01 2.87068806e+01
    2.87916374e+01 2.90146599e+01 3.11150360e+01 2.76526184e+01
    2.75034409e+01 2.95627289e+01 2.99101524e+01 3.02569046e+01
    2.94208927e+01 2.77342434e+01 2.93734169e+01 3.16415501e+01
    3.20246429e+01 3.11968060e+01 3.07190857e+01 3.07513294e+01
    3.12248688e+01 2.94893913e+01 3.00076561e+01 3.30243835e+01
    3.13683376e+01 3.12482719e+01 2.99232464e+01 3.08706799e+01
    3.13004494e+01 3.10118256e+01 2.97683182e+01 3.15136185e+01
    3.14810123e+01 3.15746384e+01 3.05557671e+01 3.01835308e+01
    2.97358799e+01 2.93477974e+01 2.96514988e+01 2.76969795e+01
    2.81093979e+01 2.76998615e+01 3.08483868e+01 2.99597416e+01
    2.86694889e+01 3.23230705e+01 3.17067986e+01 3.19450130e+01
    2.95253468e+01 3.02812786e+01 3.33703384e+01 3.04708805e+01
    3.07040043e+01 2.95857162e+01 2.99739590e+01 2.91706028e+01
    2.72761059e+01 2.81848927e+01 2.79927139e+01 2.94228153e+01
    2.82642441e+01 2.90706291e+01 2.89268913e+01 2.68547935e+01
    2.75789928e+01 2.85261688e+01 2.94719467e+01 3.02486286e+01
    3.04276180e+01 2.91453781e+01 2.92995644e+01 2.74632225e+01
    3.18083172e+01 3.07222710e+01 3.06960602e+01 2.90467529e+01
    2.94626503e+01 2.76260338e+01 2.76707001e+01 3.03179512e+01
    2.96925411e+01 2.97282410e+01 2.95053501e+01 2.92694912e+01
    2.83182468e+01 2.94679985e+01 3.04258938e+01 3.04086018e+01
    3.02567310e+01 3.07469559e+01 3.18338642e+01 3.10401096e+01
    3.28976631e+01 3.17481594e+01 3.27873268e+01 3.36041222e+01
    3.33093300e+01 3.29578743e+01 3.38999710e+01 3.45917587e+01
    3.36226921e+01 3.16730003e+01 3.28270378e+01 2.95406456e+01
    3.13286438e+01 3.12974453e+01 3.09190521e+01 3.05992222e+01
    3.10527267e+01 2.99571056e+01 3.10797615e+01 3.08690224e+01
    3.09677258e+01 3.05184555e+01 3.11794624e+01 3.30107727e+01
    3.24295006e+01 3.11850262e+01 3.30745583e+01 3.25028496e+01
    3.23537483e+01 3.30000916e+01 3.16986790e+01 3.17316666e+01
    3.13447094e+01 3.10172653e+01 2.94786358e+01 3.00596333e+01
    2.98636570e+01 3.00157413e+01 2.95182724e+01 3.17721863e+01
    3.02589169e+01 2.99332123e+01 3.22817421e+01 3.02434559e+01
    3.22830620e+01 3.08774853e+01 3.23810081e+01 3.19462090e+01
    3.12856655e+01 3.10143700e+01 3.05453396e+01 3.10221329e+01
    2.79499130e+01 2.88846779e+01 2.91926022e+01 2.96510468e+01
    2.80795879e+01 2.97108803e+01 2.98688774e+01 2.93158550e+01
    2.85544338e+01 3.05322113e+01 2.95731869e+01 3.03698215e+01
    2.88581276e+01 2.91844597e+01 2.96395950e+01 2.94166508e+01
    2.91722775e+01 2.57166939e+01 2.84175014e+01 3.03822308e+01
    2.79643402e+01 2.82547245e+01 2.86885529e+01 2.91699142e+01
    3.04353180e+01 2.84734612e+01 3.18418941e+01 2.99827614e+01
    3.12481880e+01 2.96033077e+01 3.02182713e+01 3.04126949e+01
    3.11817513e+01 3.06576004e+01 3.11314144e+01 2.93768520e+01
    2.95230713e+01 2.68073883e+01 2.62844162e+01 2.76657410e+01
    2.73439159e+01 2.83680401e+01 3.09263344e+01 3.04607391e+01
    2.90461464e+01 3.11393890e+01 2.94357986e+01 3.10540867e+01
    3.19509392e+01 3.17100868e+01 3.16567860e+01 3.04941940e+01
    3.02546196e+01 3.06598606e+01 3.10276699e+01 2.88505573e+01
    2.90634747e+01 2.90812149e+01 2.87264786e+01 2.91601105e+01
    2.95947266e+01 2.95176468e+01 3.01164207e+01 2.82372799e+01
    2.79931297e+01 2.90397243e+01 2.84558163e+01 3.05255756e+01
    2.99525318e+01 2.87872658e+01 2.90044498e+01 2.91439419e+01
    2.85105362e+01 2.81194935e+01 2.84109058e+01 2.73663025e+01
    2.88609753e+01 2.88606949e+01 2.82250977e+01 2.87652740e+01
    2.73809280e+01 2.91410980e+01 2.69779110e+01 2.75046501e+01
    2.91705894e+01 2.95642929e+01 3.07169170e+01 2.89131069e+01
    3.12504559e+01 3.15796299e+01 3.09714775e+01 3.06726379e+01
    3.26175194e+01 3.41698723e+01 3.17034416e+01 3.34472275e+01
    3.17647572e+01 3.22115059e+01 3.24730415e+01 3.34698067e+01
    2.99881477e+01 3.24377098e+01 3.23222466e+01 3.03298607e+01
    2.95257206e+01 2.95194473e+01 2.97237263e+01 2.91791363e+01
    2.96802158e+01 2.77876625e+01 2.93910637e+01 3.06944599e+01
    2.74982662e+01 2.79121456e+01 2.80306053e+01 2.88242397e+01
    2.99843578e+01 3.03641644e+01 3.17270260e+01 3.22032127e+01
    2.98251343e+01 3.02480335e+01 2.93649006e+01 2.94624786e+01
    3.08405590e+01 3.06937351e+01 3.07990551e+01 3.05726376e+01
    2.82324810e+01 2.85004311e+01 3.02225933e+01 3.00390434e+01
    2.88925610e+01 3.04526939e+01 2.96434269e+01 2.86815491e+01
    2.96455669e+01 3.01558018e+01 2.86769753e+01 2.82466202e+01
    2.88459511e+01 2.85748272e+01 2.91081505e+01 2.79653416e+01
    2.88621025e+01 2.84964790e+01 2.81511650e+01 3.23607407e+01
    2.94067383e+01 3.04665318e+01 2.85517426e+01 2.95185699e+01
    3.06154690e+01 3.00110397e+01 2.94066391e+01 3.01240139e+01
    2.94741364e+01 2.93969784e+01 2.83385162e+01 2.71251659e+01
    2.87961273e+01 3.15720806e+01 3.02946091e+01 2.90521030e+01
    2.94677525e+01 2.92208424e+01 2.89344883e+01 3.04987640e+01
    3.00327930e+01 3.09515419e+01 3.01838818e+01 2.87155914e+01
    2.85726891e+01 2.90339127e+01 3.04365101e+01 3.00244446e+01
    2.88018475e+01 3.03864689e+01 2.99175892e+01 2.73942814e+01
    2.75066643e+01 2.74116631e+01 2.89175377e+01 3.07901917e+01
    3.03041248e+01 2.95216141e+01 3.03645763e+01 2.94595108e+01
    2.94049015e+01 2.96581554e+01 3.01022606e+01 3.08803272e+01
    3.10272160e+01 3.21813126e+01 3.13874836e+01 3.10610924e+01
    3.34357719e+01 3.01791191e+01 3.34703979e+01 3.45471992e+01
    3.47800446e+01 3.42193451e+01 3.50581322e+01 3.22657738e+01
    3.14934521e+01 3.19054298e+01 3.19512825e+01 3.13222809e+01
    3.34969444e+01 3.11669712e+01 3.11530685e+01 3.08444691e+01
    3.05864716e+01 3.14249611e+01 3.14706631e+01 2.89575233e+01
    3.00861626e+01 3.32722130e+01 3.24925613e+01 3.01232529e+01
    3.15045738e+01 3.12116661e+01 2.98756351e+01 2.97907639e+01
    3.03247681e+01 3.13728104e+01 3.09438419e+01 2.97571926e+01
    2.87954540e+01 3.16776733e+01 3.17113171e+01 2.92396698e+01
    3.02001781e+01 3.08237038e+01 3.08354435e+01 3.16733494e+01
    3.13038979e+01 3.18822708e+01 3.10442047e+01 3.22113380e+01
    3.12085876e+01 3.09657021e+01 3.09843502e+01 3.03891525e+01
    2.94456387e+01 2.81380672e+01 2.93665028e+01 2.97610474e+01
    2.74055214e+01 2.86392345e+01 3.02272282e+01 2.95908871e+01
    2.99779987e+01 2.74973392e+01 3.00749626e+01 3.30064011e+01
    2.99166145e+01 3.11232662e+01 2.98580837e+01 3.33630905e+01
    3.06009617e+01 2.97605839e+01 2.94195366e+01 2.95998287e+01
    2.93147373e+01 2.95993118e+01 2.86092358e+01 2.86713085e+01
    3.03717918e+01 2.95014286e+01 2.77344170e+01 3.00597858e+01
    3.12341595e+01 3.12397404e+01 3.01834297e+01 3.10080357e+01
    3.12704163e+01 3.08087902e+01 3.06725464e+01 3.16808453e+01
    3.10860310e+01 2.89421272e+01 3.00210266e+01 2.88623848e+01
    2.64970646e+01 2.80607052e+01 2.92996902e+01 2.88545494e+01
    2.79898319e+01 2.89804192e+01 3.03409576e+01 3.02069283e+01
    2.95458183e+01 3.09835072e+01 3.08767185e+01 3.20039711e+01
    3.23657265e+01 3.01163349e+01 2.96862240e+01 3.07826481e+01
    2.98545132e+01 2.94290848e+01 2.89451942e+01 2.98565063e+01
    2.91587353e+01 3.01907406e+01 2.99959831e+01 2.89139519e+01
    3.04790249e+01 2.96016979e+01 2.68603954e+01 2.79849319e+01
    2.77323513e+01 2.92787933e+01 2.79854031e+01 2.75889797e+01
    2.88715401e+01 2.90797138e+01 2.68554897e+01 2.79917507e+01
    2.97189388e+01 2.90171108e+01 2.95307350e+01 2.85228481e+01
    2.99568253e+01 2.96721821e+01 2.65540371e+01 3.00930099e+01
    2.85475750e+01 2.87213936e+01 2.83805847e+01 2.88346233e+01
    3.04970856e+01 2.86495667e+01 2.96335125e+01 2.95492363e+01
    3.14578228e+01 2.95842495e+01 3.07613716e+01 3.23853798e+01
    3.27908173e+01 3.15256424e+01 3.20654259e+01 3.32930679e+01
    3.20678978e+01 3.14579830e+01 3.07420712e+01 3.32277489e+01
    3.00241089e+01 2.91624203e+01 2.89309902e+01 2.89926987e+01
    2.93765278e+01 2.88191624e+01 3.08221226e+01 3.11964054e+01
    2.85992928e+01 2.72986031e+01 3.03716431e+01 2.94316883e+01
    2.78301258e+01 2.91858177e+01 2.83381214e+01 2.99124069e+01
    3.21153717e+01 3.18238754e+01 3.09014683e+01 3.29073067e+01
    3.07805367e+01 3.21595306e+01 3.07855072e+01 3.20568428e+01
    3.06432362e+01 3.03623447e+01 2.94741402e+01 2.92137737e+01
    3.11703396e+01 3.02503262e+01 3.02574787e+01 3.01223621e+01
    2.76766396e+01 2.89844131e+01 2.75738525e+01 2.77205811e+01
    2.81927147e+01 2.86338329e+01 2.88731232e+01 2.78498650e+01
    2.79196510e+01 2.62670097e+01 2.75933704e+01 2.84373093e+01
    2.84694290e+01 2.92370529e+01 2.85335045e+01 3.13285007e+01
    3.00507965e+01 2.91328506e+01 3.06169872e+01 3.03787842e+01
    3.12568340e+01 3.12861176e+01 3.13904915e+01 3.24655037e+01
    2.93137932e+01 2.95467224e+01 3.01576176e+01 3.20639496e+01
    3.13249378e+01 3.10526333e+01 3.06817608e+01 2.87878380e+01
    2.70004063e+01 3.03147564e+01 3.07132282e+01 3.07378159e+01
    3.17743587e+01 2.92374668e+01 2.98541737e+01 2.89495029e+01
    2.82020798e+01 3.02516651e+01 3.12923851e+01 3.01443996e+01
    2.83804283e+01 2.91799717e+01 2.74603729e+01 2.87294502e+01
    2.90991650e+01 3.07720051e+01 2.94838409e+01 2.95902977e+01
    3.05071259e+01 2.75018654e+01 2.92662315e+01 2.70083370e+01
    2.86105709e+01 2.93041363e+01 2.90382767e+01 3.12529259e+01
    3.00315342e+01 3.14879532e+01 3.01928730e+01 3.09188995e+01
    3.20449715e+01 3.33804741e+01 3.50477142e+01 3.34109192e+01
    3.37862701e+01 3.37926598e+01 3.27073936e+01 3.19439373e+01
    3.14450645e+01 3.39274940e+01 3.17634239e+01 3.13197803e+01
    3.01434650e+01 2.99956799e+01 3.08795414e+01 2.96522560e+01
    3.14731293e+01 3.03295116e+01 3.06661663e+01 3.22848320e+01
    3.10390434e+01 2.99829235e+01 3.20532303e+01 3.21506996e+01
    3.09129410e+01 2.97129898e+01 3.22398529e+01 3.17785397e+01
    3.11218548e+01 3.17869473e+01 3.10079308e+01 3.22786751e+01
    3.04653358e+01 3.23328133e+01 3.22936668e+01 3.15818710e+01
    3.37332230e+01 3.24939346e+01 3.25393753e+01 3.16473274e+01
    3.24602890e+01 3.03180122e+01 2.96307716e+01 3.23106270e+01
    3.21753578e+01 3.05022926e+01 2.96584721e+01 3.12181911e+01
    3.04756393e+01 2.93185062e+01 3.08836765e+01 3.10792122e+01
    2.99447174e+01 2.96585922e+01 3.04756985e+01 3.09275379e+01
    2.91203499e+01 3.14401360e+01 3.04039497e+01 3.12727642e+01
    3.08214264e+01 3.01696568e+01 2.81969414e+01 2.90680408e+01
    2.91546268e+01 2.72735138e+01 2.82320518e+01 2.93261757e+01
    2.92130527e+01 2.71889648e+01 2.96553802e+01 2.94714832e+01
    3.02056274e+01 2.93374481e+01 2.91100864e+01 3.16165085e+01
    3.07889385e+01 2.89048443e+01 2.87389145e+01 2.97793045e+01
    3.02781372e+01 2.98322544e+01 3.05319748e+01 2.96172123e+01
    2.87382755e+01 2.55643368e+01 2.68009129e+01 2.77523899e+01
    2.64155579e+01 2.85110779e+01 2.88398724e+01 2.93308105e+01
    2.82540207e+01 3.15391426e+01 3.17423058e+01 3.08766060e+01
    3.26249619e+01 3.17597980e+01 3.19574146e+01 3.19310989e+01
    3.13357430e+01 3.07436619e+01 3.07749157e+01 3.23424492e+01
    3.03812046e+01 2.92405720e+01 3.08014584e+01 3.01256714e+01
    2.98894405e+01 3.12112827e+01 3.02968464e+01 2.99954548e+01
    2.81615791e+01 2.66567783e+01 2.75932636e+01 2.85620880e+01
    2.80958424e+01 2.73596306e+01 2.88105526e+01 2.88023853e+01
    2.81216927e+01 2.95026836e+01 2.91097374e+01 2.90018559e+01
    2.95316200e+01 2.94271488e+01 2.97717533e+01 2.79990978e+01
    2.98879566e+01 2.97959766e+01 2.95927372e+01 2.86996975e+01
    2.99155903e+01 2.94568920e+01 2.80833359e+01 2.97758484e+01
    2.92500515e+01 2.85223045e+01 3.14190712e+01 2.96753044e+01
    3.09563122e+01 3.29542122e+01 3.24366455e+01 3.04950027e+01
    3.23505745e+01 3.12579937e+01 3.17282600e+01 3.22274361e+01
    3.12941456e+01 3.27418518e+01 3.08706341e+01 3.13570156e+01
    2.99719200e+01 2.98973236e+01 3.09262600e+01 3.17928734e+01
    3.12852383e+01 2.94394760e+01 2.98227329e+01 3.03196239e+01
    3.04720306e+01 2.87789307e+01 2.89621754e+01 2.88598309e+01
    2.99244823e+01 3.07320461e+01 3.02661076e+01 3.04062843e+01
    3.19508286e+01 3.09315815e+01 3.15608387e+01 3.28943138e+01
    3.33588867e+01 3.28899384e+01 3.19476624e+01 3.23235931e+01
    3.09949284e+01 3.02534218e+01 3.17608891e+01 3.11324100e+01
    3.05629330e+01 3.16246605e+01 3.18118973e+01 2.90909405e+01
    2.66814232e+01 3.15038967e+01 2.95469494e+01 2.89763451e+01
    2.88640041e+01 2.73588276e+01 2.86239681e+01 2.84933205e+01
    2.91259842e+01 2.61739120e+01 2.52514019e+01 3.02326546e+01
    3.06549625e+01 3.04498501e+01 2.90823269e+01 3.07013645e+01
    3.09537010e+01 3.01380577e+01 3.20094376e+01 3.35939941e+01
    3.27448120e+01 3.24534569e+01 3.04285011e+01 3.02534523e+01
    3.23462486e+01 3.21357193e+01 3.17157440e+01 3.23095512e+01
    3.02368088e+01 3.02050476e+01 2.80005932e+01 3.02651577e+01
    3.26192284e+01 3.01974506e+01 3.09450417e+01 2.96506863e+01
    2.91574116e+01 2.73373318e+01 2.92716675e+01 2.98240700e+01
    2.95191135e+01 3.04534130e+01 3.05458126e+01 2.96508198e+01
    3.00712891e+01 2.92266884e+01 2.89356461e+01 2.95257339e+01
    2.89445515e+01 3.00522079e+01 2.85746975e+01 2.85471058e+01
    2.85201950e+01 2.82322311e+01 2.80384617e+01 2.83149891e+01
    3.10268745e+01 2.94606934e+01 3.02395878e+01 3.05192261e+01
    3.08637104e+01 3.05763874e+01 3.15275745e+01 3.31894302e+01
    3.43673286e+01 3.51423759e+01 3.48065491e+01 3.35312538e+01
    3.29489708e+01 3.29359093e+01 3.35856781e+01 3.16033249e+01
    3.32096558e+01 3.09458160e+01 3.05890007e+01 2.86881828e+01
    2.92587795e+01 3.21651535e+01 3.10775471e+01 3.03491421e+01
    2.98308392e+01 3.02312527e+01 2.97052956e+01 2.89858627e+01
    2.98007202e+01 3.10948429e+01 3.19223709e+01 2.98575554e+01
    3.02073326e+01 3.18025303e+01 3.19386978e+01 3.06490154e+01
    3.05315914e+01 3.30168228e+01 3.24671631e+01 3.20102119e+01
    3.24555664e+01 3.19508533e+01 3.01509552e+01 3.22903366e+01
    3.33122864e+01 2.96777611e+01 3.26990662e+01 3.02146015e+01
    3.13855247e+01 3.15341702e+01 3.25191917e+01 3.14847107e+01
    3.04918156e+01 3.03244076e+01 3.07376976e+01 3.23057785e+01
    3.05413074e+01 2.88481464e+01 3.04691467e+01 2.98364220e+01
    2.83535385e+01 2.92098427e+01 2.88786964e+01 3.16689415e+01
    3.01128864e+01 3.10272789e+01 2.92574615e+01 2.87221489e+01
    2.99815502e+01 2.83548355e+01 2.87907314e+01 2.91810665e+01
    2.91578007e+01 2.99246635e+01 2.85422173e+01 2.90296059e+01
    2.87002754e+01 2.91051426e+01 3.15093880e+01 2.96860542e+01
    3.03854332e+01 3.07661572e+01 3.03964844e+01 2.99058685e+01
    2.90283394e+01 2.86034870e+01 3.12939720e+01 3.02738972e+01
    2.96539249e+01 2.97841129e+01 2.72271957e+01 2.63462124e+01
    2.55277195e+01 2.63868008e+01 2.70965004e+01 2.87867889e+01
    2.77214108e+01 2.98765659e+01 2.98144360e+01 2.97045670e+01
    2.81021366e+01 3.13869839e+01 3.25841789e+01 3.10467777e+01
    3.13723717e+01 3.25187149e+01 3.14186897e+01 3.15865726e+01
    3.13753605e+01 3.19503574e+01 3.17329578e+01 2.99169445e+01
    3.17927456e+01 3.06707687e+01 3.04027119e+01 3.06692677e+01
    3.02200336e+01 3.03832207e+01 2.89212513e+01 2.76551571e+01
    2.79786472e+01 2.79732552e+01 2.64430046e+01 2.79151840e+01
    2.80781536e+01 2.89776096e+01 2.91772594e+01 2.92987957e+01
    2.77430897e+01 3.02461891e+01 3.12129822e+01 3.11361046e+01
    3.09065018e+01 2.91481991e+01 3.16102791e+01 3.09061222e+01
    2.94404259e+01 3.01694565e+01 2.99299679e+01 3.01845684e+01
    2.80116920e+01 2.86107216e+01 2.91736813e+01 3.06064663e+01
    3.07313404e+01 3.04313545e+01 3.18390923e+01 3.24266281e+01
    3.48738823e+01 3.24769173e+01 3.12410622e+01 3.36642456e+01
    3.29436646e+01 2.85389137e+01 3.21728287e+01 3.22480812e+01
    3.23284569e+01 3.10341053e+01 3.04374199e+01 3.00796165e+01
    3.22197762e+01 2.88307686e+01 3.16403160e+01 3.08292198e+01
    2.88273106e+01 2.93053493e+01 2.97701492e+01 2.76991711e+01
    2.88551846e+01 2.69871140e+01 2.89832325e+01 2.92045460e+01
    3.00049267e+01 3.06706524e+01 3.05030479e+01 3.11651382e+01
    3.07268391e+01 3.05956669e+01 3.20637512e+01 3.03136578e+01
    3.02925949e+01 3.10366707e+01 3.09469357e+01 2.99423828e+01
    2.98939400e+01 3.11696148e+01 2.96515045e+01 3.06780987e+01
    2.79529648e+01 2.97371521e+01 2.79105301e+01 2.85890789e+01
    2.83868294e+01 2.85002975e+01 2.77333355e+01 2.75698013e+01
    2.93695507e+01 2.62433891e+01 2.79709263e+01 2.79803486e+01
    2.95102596e+01 2.82128658e+01 2.91792202e+01 3.08434887e+01
    3.00220757e+01 3.12933235e+01 3.18649387e+01 3.21538506e+01
    3.13480263e+01 3.05449123e+01 3.26067924e+01 3.28491631e+01
    3.09321079e+01 2.97690964e+01 3.10007000e+01 3.24969254e+01
    3.21133041e+01 3.03967304e+01 3.11376324e+01 2.91301918e+01
    2.90893841e+01 2.96348343e+01 3.21693840e+01 3.00617085e+01
    2.92806187e+01 2.90005665e+01 2.78648853e+01 2.82557831e+01
    2.81586819e+01 2.76660576e+01 3.07311268e+01 2.96157112e+01
    2.90269032e+01 2.77558174e+01 2.80284271e+01 2.78205032e+01
    2.87964382e+01 2.86231728e+01 2.67098923e+01 2.77387333e+01
    2.95595837e+01 3.07748451e+01 2.80170269e+01 2.86179161e+01
    2.91840324e+01 2.96479721e+01 2.84261780e+01 3.16958294e+01
    3.10852375e+01 3.07283344e+01 3.13221264e+01 3.09523487e+01
    3.30061073e+01 3.17778511e+01 3.38015480e+01 3.63329277e+01
    3.24596939e+01 3.47273369e+01 3.23512306e+01 3.24752579e+01
    3.29376030e+01 3.29957733e+01 3.40881844e+01 3.07619820e+01
    3.17482090e+01 3.02530003e+01 2.84896908e+01 3.07757111e+01
    2.99169216e+01 3.08763714e+01 2.98685436e+01 2.88848133e+01
    3.05616512e+01 2.94109440e+01 3.13845901e+01 3.24600067e+01
    3.13617687e+01 3.11694393e+01 3.03525314e+01 3.07699871e+01
    3.16274796e+01 3.06774483e+01 3.21372108e+01 3.34429283e+01
    3.23750114e+01 3.10496502e+01 3.24001083e+01 3.17732086e+01
    3.24378166e+01 3.18852959e+01 3.09963665e+01 3.26840172e+01
    3.21082916e+01 3.13956356e+01 3.23332481e+01 3.24683456e+01
    3.22862358e+01 3.05881233e+01 3.08940678e+01 3.08335400e+01
    3.11254025e+01 2.83843918e+01 3.11451302e+01 2.93965397e+01
    2.95580006e+01 3.01282520e+01 2.79389000e+01 2.84127636e+01
    2.94697742e+01 3.04080563e+01 3.07496204e+01 2.93090515e+01
    2.94826641e+01 3.08780041e+01 2.84323730e+01 3.03060703e+01
    2.96258545e+01 2.92281265e+01 2.89108601e+01 2.97148819e+01
    3.12841549e+01 2.96795464e+01 2.81918125e+01 3.04892960e+01
    3.18629971e+01 3.07982464e+01 3.18841629e+01 2.99051189e+01
    3.05362549e+01 3.02342701e+01 2.85813007e+01 2.83532200e+01
    2.88993435e+01 3.19687691e+01 2.94166431e+01 2.84058475e+01
    2.89099483e+01 2.72243633e+01 2.77656822e+01 2.48048859e+01
    2.74723701e+01 2.89770603e+01 2.92546215e+01 2.83520603e+01
    2.78215561e+01 3.06166515e+01 2.95260105e+01 3.02290611e+01
    3.12158909e+01 3.22521477e+01 3.11372108e+01 3.11481228e+01
    3.16081600e+01 3.12116280e+01 3.15461292e+01 3.07219162e+01
    2.89897270e+01 3.03173466e+01 3.00005970e+01 3.01137619e+01
    2.96930161e+01 2.90789013e+01 2.95283852e+01 2.99341774e+01
    2.87903500e+01 2.65169926e+01 2.71567059e+01 2.69650555e+01
    2.60882149e+01 2.65847683e+01 2.66436424e+01 2.86078224e+01
    2.74441032e+01 2.73258877e+01 2.91684895e+01 2.93861904e+01
    2.95902233e+01 2.96642933e+01 3.07121544e+01 3.03859005e+01
    3.00577660e+01 3.11935616e+01 2.94098473e+01 3.03301735e+01
    2.96761665e+01 2.92162189e+01 3.10020828e+01 3.01529045e+01
    2.99698391e+01 3.00421944e+01 3.14787464e+01 3.08188610e+01
    3.07654800e+01 3.36445580e+01 3.25260887e+01 3.14134579e+01
    3.15600910e+01 3.24978027e+01 2.91478634e+01 3.18853474e+01
    3.10855808e+01 3.09967346e+01 3.12393131e+01 2.86783276e+01
    2.84322147e+01 2.95595207e+01 2.97396049e+01 2.95988579e+01
    3.12907047e+01 2.78307419e+01 2.80061302e+01 2.98974190e+01
    2.84576454e+01 2.79702263e+01 2.57412071e+01 2.64760838e+01
    2.74129925e+01 2.73292980e+01 2.94696617e+01 2.86969967e+01
    2.83795681e+01 3.12269497e+01 2.86895313e+01 3.01564426e+01
    3.07524624e+01 3.08727188e+01 3.03673058e+01 3.00846653e+01
    3.18746777e+01 2.85620823e+01 3.08716183e+01 2.88539066e+01
    2.95374203e+01 2.98273067e+01 3.06670780e+01 3.21597862e+01
    2.86900635e+01 2.99845524e+01 2.91737461e+01 2.97672443e+01
    2.97998772e+01 2.86600380e+01 2.94179688e+01 2.82777729e+01
    2.95689526e+01 2.81836662e+01 2.78613472e+01 2.83923626e+01
    2.97385883e+01 2.97274818e+01 3.02156506e+01 3.05720348e+01
    3.09799500e+01 3.09533710e+01 3.10728226e+01 3.06544113e+01
    3.37571411e+01 3.20319099e+01 3.08419113e+01 3.07595615e+01
    3.08550911e+01 3.34924393e+01 3.12559910e+01 3.14823074e+01
    3.10314178e+01 2.94652576e+01 3.03355122e+01 2.89494152e+01
    3.03353691e+01 3.22753258e+01 2.96642971e+01 2.84728336e+01
    3.03342018e+01 2.96254253e+01 2.80924129e+01 2.92521648e+01
    2.96513233e+01 2.85353642e+01 2.96184654e+01 2.94579163e+01
    2.86044159e+01 3.04759922e+01 2.85163574e+01 2.89553432e+01
    2.98816795e+01 2.92385902e+01 2.92842026e+01 2.90389423e+01
    3.13247776e+01 2.80056973e+01 2.93389168e+01 2.87757130e+01
    3.04867783e+01 2.89481945e+01 2.92228489e+01 3.28852730e+01
    2.96886921e+01 2.98555622e+01 3.24910202e+01 3.14734459e+01
    3.53441429e+01 3.51404419e+01 3.41122589e+01 3.27829475e+01
    3.26056786e+01 3.39960327e+01 3.23101311e+01 3.25185509e+01
    3.28777046e+01 3.24519424e+01 2.87915096e+01 2.91492634e+01
    2.86976547e+01 2.89772987e+01 2.90437069e+01 2.85316010e+01
    2.94815197e+01 3.01404839e+01 2.93663712e+01 2.94884663e+01
    3.09100647e+01 3.09771080e+01 3.15998802e+01 3.20408897e+01
    3.07466564e+01 3.12774658e+01 3.13894577e+01 3.16869488e+01
    3.14525623e+01 3.22810707e+01 3.18273392e+01 3.23237305e+01
    3.24497604e+01 3.10423698e+01 3.23640938e+01 3.21232185e+01
    3.21381340e+01 3.09287853e+01 3.15983334e+01 3.16272163e+01
    2.98461590e+01 3.07611580e+01 3.16070023e+01 3.22460518e+01
    3.00666924e+01 2.89962902e+01 2.99679317e+01 2.85570545e+01
    3.03614254e+01 3.04633694e+01 3.05960846e+01 2.96693344e+01
    2.93823490e+01 2.96474762e+01 2.96244736e+01 2.88358021e+01
    3.16228085e+01 3.13513184e+01 2.94330101e+01 2.91491222e+01
    3.18923817e+01 3.01035194e+01 2.88080902e+01 3.01454086e+01
    3.09810181e+01 2.98967991e+01 3.05930767e+01 3.01786423e+01
    3.01504173e+01 3.22569771e+01 3.33760796e+01 3.27981987e+01
    3.33009033e+01 3.17391396e+01 3.12689381e+01 3.04229584e+01
    2.97362099e+01 3.07193050e+01 2.99033413e+01 3.02269611e+01
    3.03539124e+01 2.85060825e+01 2.74081211e+01 2.78548489e+01
    2.69530926e+01 2.46242352e+01 2.79852009e+01 2.74859066e+01
    2.89221992e+01 2.72915573e+01 2.81194496e+01 2.78776569e+01
    2.88981266e+01 2.97344017e+01 3.04493294e+01 3.06474724e+01
    2.99645634e+01 3.11027679e+01 3.02925663e+01 3.11799374e+01
    3.01360321e+01 2.88504086e+01 2.95726337e+01 2.88070736e+01
    3.02267570e+01 3.02774982e+01 3.01703243e+01 2.92825298e+01
    2.87595730e+01 2.82495594e+01 2.71329784e+01 2.60318394e+01
    2.74275951e+01 2.70715256e+01 2.68748589e+01 2.61674976e+01
    2.58979073e+01 2.70172482e+01 2.80764065e+01 2.79009590e+01
    2.65544586e+01 2.91535473e+01 2.94821987e+01 2.92712784e+01
    2.86720409e+01 3.02032814e+01 2.84454975e+01 3.01996918e+01
    2.77362099e+01 3.02891235e+01 2.94404583e+01 2.97346249e+01
    3.11282120e+01 2.94620609e+01 2.99673367e+01 2.91058636e+01
    3.02686043e+01 2.98146534e+01 2.91280689e+01 3.27396774e+01
    3.01953144e+01 3.24591293e+01 2.95215702e+01 3.03931465e+01
    3.10106773e+01 2.98677521e+01 2.90871849e+01 3.02622051e+01
    3.15621319e+01 3.03445091e+01 2.98525200e+01 2.88600578e+01
    2.98938255e+01 2.92404270e+01 2.86867752e+01 2.74152851e+01
    2.94706669e+01 2.83793545e+01 2.83471947e+01 2.78172817e+01
    2.58533764e+01 2.56626854e+01 2.71869602e+01 2.60699921e+01
    2.84212723e+01 2.87528057e+01 2.86541653e+01 2.86881924e+01
    2.77878513e+01 3.05094681e+01 3.02913418e+01 2.96457558e+01
    2.81353931e+01 3.01759834e+01 2.98490105e+01 3.00888519e+01
    3.01558208e+01 2.97672253e+01 2.98378429e+01 2.91348095e+01
    2.96199722e+01 3.05379505e+01 2.91767273e+01 3.14594173e+01
    2.98048916e+01 3.10245705e+01 2.84310398e+01 2.85703850e+01
    2.96324329e+01 2.77237682e+01 3.05746727e+01 2.85072956e+01
    2.80707893e+01 2.93504677e+01 2.75878143e+01 2.87667351e+01
    2.86741009e+01 2.93032112e+01 2.97940884e+01 3.20742607e+01
    3.18603516e+01 3.02485447e+01 3.13688126e+01 3.15156937e+01
    3.22460022e+01 3.11423283e+01 3.13279572e+01 3.19154415e+01
    3.17185879e+01 3.26477127e+01 3.03335361e+01 2.84356022e+01
    2.85451221e+01 3.06559200e+01 3.07869987e+01 2.99684315e+01
    2.99979458e+01 2.93315773e+01 2.78236008e+01 2.78653450e+01
    2.88091145e+01 2.78060856e+01 2.99538536e+01 2.99886856e+01
    2.82576313e+01 2.86031475e+01 2.96927891e+01 3.13447666e+01
    3.12860279e+01 3.17977581e+01 3.00589027e+01 3.03651352e+01
    2.93026295e+01 3.00291252e+01 2.90321789e+01 2.83519859e+01
    2.87602158e+01 2.78332005e+01 2.98870087e+01 2.75767059e+01
    3.01647987e+01 3.03319492e+01 2.74135838e+01 3.00556488e+01
    3.14359989e+01 3.19968948e+01 3.37332802e+01 3.33584976e+01
    3.36062813e+01 3.15783939e+01 3.23335991e+01 3.28472481e+01
    3.25917931e+01 3.35022469e+01 3.25379601e+01 3.11811447e+01
    2.94266586e+01 2.81096268e+01 2.86061478e+01 2.78595715e+01
    2.91961823e+01 3.04705334e+01 2.95386829e+01 3.10282059e+01
    3.06161995e+01 2.81546841e+01 2.90589314e+01 3.24636612e+01
    3.16881561e+01 3.17494965e+01 3.12698975e+01 3.19003487e+01
    3.17658386e+01 3.11280193e+01 3.15172157e+01 3.20143318e+01
    3.17905407e+01 3.14503613e+01 3.30121880e+01 3.23461266e+01
    3.25204124e+01 3.10729637e+01 3.12905197e+01 3.05200424e+01
    3.04176445e+01 3.03159790e+01 3.08619518e+01 3.27004128e+01
    3.12630005e+01 3.11717453e+01 2.98799267e+01 3.00589008e+01
    3.04493771e+01 3.11160259e+01 2.85667305e+01 3.00243568e+01
    2.95254993e+01 2.93590469e+01 2.90942383e+01 2.74588490e+01
    2.80474224e+01 2.98535347e+01 3.03586330e+01 3.08048840e+01
    2.95647964e+01 3.21525421e+01 3.05210419e+01 3.01503258e+01
    3.29270821e+01 3.06592903e+01 3.08722382e+01 3.17538471e+01
    3.13296108e+01 3.20600624e+01 3.09161816e+01 3.17880516e+01
    3.21383247e+01 3.23684883e+01 3.27262650e+01 3.18413486e+01
    3.10102291e+01 2.96905117e+01 3.00350838e+01 2.89327583e+01
    2.97571030e+01 2.98970947e+01 2.90719109e+01 2.79409370e+01
    2.73888969e+01 2.75603352e+01 2.66544380e+01 2.61932831e+01
    2.65077553e+01 2.58218346e+01 2.73748989e+01 2.84123440e+01
    2.70287228e+01 2.71547146e+01 3.02064934e+01 2.94624786e+01
    2.84489021e+01 2.88570633e+01 2.90302029e+01 2.96754360e+01
    2.86014366e+01 3.00132637e+01 3.00814934e+01 2.78409519e+01
    2.64948769e+01 2.86045189e+01 2.85901947e+01 2.87966919e+01
    3.03870068e+01 3.01773567e+01 2.85351181e+01 2.77059593e+01
    2.74412766e+01 2.58091717e+01 2.80329971e+01 2.85224724e+01
    2.83634033e+01 2.72617512e+01 2.70637894e+01 2.69297142e+01
    2.66774216e+01 2.69029293e+01 2.89610939e+01 2.83867035e+01
    2.68148327e+01 2.93748512e+01 2.95528183e+01 2.94894066e+01
    2.84643440e+01 2.98168774e+01 2.89905319e+01 2.78617859e+01
    2.73077393e+01 2.97825642e+01 2.99127960e+01 3.06753616e+01
    2.94375572e+01 3.03306141e+01 2.90940838e+01 2.86673241e+01
    2.82889576e+01 2.97431087e+01 3.06991138e+01 3.09207706e+01
    3.08653011e+01 2.99543247e+01 2.89043159e+01 2.95916233e+01
    3.08021145e+01 2.90322762e+01 3.02675533e+01 2.99413872e+01
    3.06520329e+01 2.89078255e+01 2.91150360e+01 2.79600582e+01
    2.91883564e+01 2.75098019e+01 2.72521133e+01 2.83309650e+01
    2.73553066e+01 2.65257568e+01 2.77011967e+01 2.67767010e+01
    2.77644997e+01 2.82184067e+01 2.97369862e+01 2.94395809e+01
    2.91531582e+01 2.96491737e+01 3.08971138e+01 3.14657288e+01
    2.97179718e+01 3.08051453e+01 3.01803074e+01 3.05785179e+01
    2.92551823e+01 2.98596592e+01 2.93786259e+01 2.94285946e+01
    2.85597420e+01 2.96217403e+01 2.75322723e+01 2.95456715e+01
    2.96155910e+01 3.09183540e+01 2.84611301e+01 2.83371048e+01
    2.86750317e+01 2.86556969e+01 2.70615826e+01 2.78625126e+01
    2.98966808e+01 2.69704399e+01 2.76321926e+01 2.67111797e+01
    2.79222317e+01 2.79234142e+01 2.79191456e+01 2.84832687e+01
    3.00295753e+01 3.19147415e+01 2.95602283e+01 3.04064007e+01
    3.04206867e+01 3.12360363e+01 2.99061146e+01 3.06390324e+01
    3.11567574e+01 3.36174545e+01 3.32668915e+01 2.98762321e+01
    3.05762062e+01 2.92104759e+01 3.08299122e+01 3.11144543e+01
    3.17319260e+01 3.29890289e+01 3.05216351e+01 2.92594986e+01
    2.75216389e+01 2.88650589e+01 2.88050365e+01 2.86551685e+01
    3.04679623e+01 2.90206184e+01 2.89533501e+01 2.81573315e+01
    3.10698624e+01 3.14361267e+01 3.02082481e+01 3.14473801e+01
    3.25213699e+01 3.14950371e+01 3.06507549e+01 3.12130775e+01
    2.99306316e+01 3.13599072e+01 2.72515602e+01 2.94983158e+01
    3.13958073e+01 2.94916267e+01 3.05285339e+01 2.89135284e+01
    2.99149990e+01 3.05033550e+01 3.00910206e+01 3.26219215e+01
    3.24802628e+01 3.46941986e+01 3.35173187e+01 3.19878826e+01
    3.11996708e+01 3.13669529e+01 3.36786308e+01 3.24148445e+01
    3.22184601e+01 3.06687260e+01 3.02771664e+01 2.70464420e+01
    3.04701080e+01 2.91412239e+01 2.93730812e+01 3.00759945e+01
    2.86761379e+01 3.04242401e+01 2.98755836e+01 3.07341881e+01
    3.17637253e+01 2.92359180e+01 2.97189083e+01 3.27013474e+01
    2.96963673e+01 3.19383259e+01 3.14842548e+01 3.28126450e+01
    3.25449181e+01 3.13313980e+01 3.29468956e+01 3.21381645e+01
    3.19891644e+01 3.20459099e+01 3.26539841e+01 3.27900772e+01
    3.15677395e+01 3.01169453e+01 2.92249603e+01 3.16686707e+01
    3.13422642e+01 3.19224205e+01 3.17839756e+01 3.24530602e+01
    3.19534054e+01 2.93027821e+01 3.13439503e+01 3.15051231e+01
    3.01426620e+01 3.09276409e+01 3.02341633e+01 2.98210907e+01
    2.78537979e+01 2.91279469e+01 2.97593632e+01 3.01132126e+01
    3.08356075e+01 3.14994869e+01 3.17767162e+01 3.16192379e+01
    3.01270847e+01 3.30384674e+01 3.26259155e+01 3.17851639e+01
    3.05729237e+01 3.25107918e+01 3.26635933e+01 3.10204372e+01
    2.94402218e+01 3.20564156e+01 3.30357590e+01 3.22827110e+01
    3.24352913e+01 3.14357624e+01 3.19892006e+01 3.18326416e+01
    2.93364372e+01 3.04708710e+01 3.08159447e+01 3.02341042e+01
    3.03396893e+01 2.79804516e+01 2.73908348e+01 2.73566113e+01
    2.75392990e+01 2.68471508e+01 2.41372051e+01 2.71276665e+01
    2.82361870e+01 2.64184608e+01 2.56494617e+01 2.75248451e+01
    2.98671474e+01 2.86872711e+01 3.03946781e+01 2.94554996e+01
    2.95958328e+01 3.06092663e+01 2.88344975e+01 2.94572029e+01
    2.79309444e+01 2.79202957e+01 2.84236832e+01 2.73553429e+01
    2.66738472e+01 2.97391014e+01 2.92216988e+01 3.01780682e+01
    2.98103409e+01 3.02614555e+01 2.78516312e+01 2.76803570e+01
    2.98784714e+01 2.83307114e+01 3.04131413e+01 2.70170650e+01
    2.88623981e+01 2.96498585e+01 2.82611694e+01 2.92194347e+01
    2.75452919e+01 2.90270844e+01 2.96063309e+01 2.98593502e+01
    3.00230808e+01 2.96256065e+01 2.99185143e+01 3.21462097e+01
    2.95253086e+01 2.90395317e+01 2.77396679e+01 2.99680042e+01
    2.98598042e+01 2.95511818e+01 2.85349483e+01 3.03696575e+01
    2.67916031e+01 2.76541710e+01 2.81865292e+01 2.82261333e+01
    2.86952534e+01 2.86934624e+01 2.93194351e+01 2.79235916e+01
    2.89286308e+01 2.88034401e+01 2.81185150e+01 2.97991505e+01
    3.05811539e+01 2.92999649e+01 3.01260643e+01 3.01732960e+01
    3.13898335e+01 2.87671490e+01 2.90653000e+01 2.80693722e+01
    2.83269234e+01 2.97279224e+01 2.88789825e+01 2.85236359e+01
    2.78551388e+01 2.90624332e+01 2.81835899e+01 2.80128517e+01
    2.93989849e+01 2.94974251e+01 3.03175755e+01 3.01040840e+01
    3.03178005e+01 3.26570969e+01 3.01166763e+01 3.06479683e+01
    3.02223015e+01 2.96671772e+01 2.83538074e+01 2.84038582e+01
    3.15423050e+01 2.84501457e+01 2.84618855e+01 2.87381592e+01
    2.83049126e+01 2.88015556e+01 2.72587662e+01 3.00790234e+01
    2.87972794e+01 2.90832882e+01 2.85795689e+01 2.89141350e+01
    2.85123539e+01 2.71474495e+01 2.93349628e+01 2.86624146e+01
    2.72104893e+01 2.75077248e+01 2.62804604e+01 2.60946407e+01
    2.73676071e+01 2.63583183e+01 2.74217453e+01 2.99374161e+01
    3.03269444e+01 2.99062443e+01 2.97348003e+01 3.05652180e+01
    3.00552292e+01 3.25164299e+01 3.14155540e+01 3.05625057e+01
    3.14493027e+01 3.30057716e+01 3.20040855e+01 2.93044548e+01
    3.01455631e+01 3.13588142e+01 3.22423363e+01 3.09206181e+01
    2.96960697e+01 3.10192547e+01 2.85237446e+01 2.89964943e+01
    2.98344612e+01 2.99476299e+01 2.95219975e+01 2.99513931e+01
    3.01110497e+01 2.96554337e+01 3.19361076e+01 3.11083336e+01
    3.07131538e+01 3.18713474e+01 3.16302223e+01 3.00681324e+01
    3.03386250e+01 2.98341885e+01 2.97394123e+01 2.78052959e+01
    2.83432178e+01 2.87324696e+01 3.01979027e+01 2.78858032e+01
    2.96766262e+01 3.07601948e+01 2.95966454e+01 2.91109982e+01
    3.05988121e+01 3.26807709e+01 3.38705025e+01 3.31941261e+01
    3.22670746e+01 3.21998291e+01 3.12008419e+01 3.30755386e+01
    3.17263660e+01 3.24460182e+01 3.04996128e+01 3.15134964e+01
    2.94561577e+01 2.74374924e+01 2.94746113e+01 2.92066193e+01
    3.04350853e+01 2.79082108e+01 2.78737164e+01 2.83377552e+01
    2.95494480e+01 2.98654423e+01 3.00244198e+01 3.08038292e+01
    3.15179119e+01 3.05979977e+01 2.90667095e+01 3.24958305e+01
    3.04643040e+01 3.28840256e+01 3.01513214e+01 3.16201477e+01
    3.22533493e+01 2.94814892e+01 3.30042877e+01 3.10915756e+01
    3.21794090e+01 3.19974461e+01 3.20572815e+01 3.11571522e+01
    3.17718410e+01 3.12784214e+01 3.00519638e+01 3.05919781e+01
    3.24469147e+01 3.04369984e+01 3.10413952e+01 3.13791924e+01
    3.13656845e+01 3.05172710e+01 3.18047943e+01 3.10052204e+01
    2.88356304e+01 2.92932339e+01 2.89212971e+01 3.13850040e+01
    2.93860111e+01 3.12727795e+01 3.18524532e+01 3.21657333e+01
    3.07054024e+01 3.17720871e+01 3.34629097e+01 3.16936893e+01
    3.16718845e+01 3.41385498e+01 3.17173424e+01 3.27320938e+01
    3.11806183e+01 3.03821182e+01 3.06249771e+01 3.05626144e+01
    3.09366970e+01 3.13523273e+01 3.26536674e+01 3.20893860e+01
    3.09195595e+01 3.02142982e+01 3.05573273e+01 3.01458435e+01
    2.97077866e+01 3.22283897e+01 3.07586765e+01 2.81735382e+01
    2.86456814e+01 2.73688240e+01 2.68070240e+01 2.76236591e+01
    2.75741158e+01 2.56703129e+01 2.93796558e+01 2.72485580e+01
    2.55564690e+01 2.70252972e+01 2.85041790e+01 2.98223152e+01
    2.95080872e+01 2.88209038e+01 2.94463005e+01 2.94679260e+01
    2.71582127e+01 3.02994690e+01 3.00255108e+01 2.95702400e+01
    2.81598682e+01 2.82033501e+01 2.83161259e+01 2.92928181e+01
    3.08344822e+01 3.03533916e+01 3.04838448e+01 3.01964417e+01
    3.03945026e+01 2.98272991e+01 2.82965565e+01 2.88047943e+01
    2.97388153e+01 2.69751091e+01 3.05206261e+01 2.94835930e+01
    2.82709122e+01 2.89206829e+01 2.81845741e+01 2.90055046e+01
    3.02078953e+01 3.12762775e+01 2.96680870e+01 2.98919296e+01
    3.23957901e+01 3.06390991e+01 2.96520996e+01 2.85972137e+01
    2.80378780e+01 2.90299492e+01 2.80406208e+01 2.71708889e+01
    2.92692833e+01 2.97225170e+01 2.74514484e+01 2.83710556e+01
    2.85184345e+01 2.89106216e+01 2.78275547e+01 2.99108486e+01
    2.83530388e+01 2.79914627e+01 2.76733246e+01 2.85477676e+01
    3.10655270e+01 3.01890888e+01 3.08184814e+01 2.96901608e+01
    3.10030136e+01 3.09973354e+01 3.09800301e+01 2.93110428e+01
    3.01598854e+01 2.94886837e+01 2.85068436e+01 2.90689602e+01
    3.02410946e+01 3.09721375e+01 2.97202511e+01 3.05894642e+01
    3.11148453e+01 2.99704704e+01 2.96653709e+01 2.91962299e+01
    3.11941090e+01 3.14257488e+01 3.06307983e+01 3.21257515e+01
    3.17065716e+01 3.17702847e+01 3.04055214e+01 3.02478085e+01
    3.01865215e+01 2.90247574e+01 2.92185345e+01 2.84732971e+01
    2.89345131e+01 2.69692268e+01 2.71589394e+01 2.87893848e+01
    2.81823654e+01 2.85308914e+01 2.82909832e+01 3.12319031e+01
    3.04804382e+01 2.89033451e+01 2.82289848e+01 2.89914246e+01
    3.03215714e+01 2.86953526e+01 2.95182896e+01 2.88300571e+01
    2.85378056e+01 2.85344467e+01 2.85573750e+01 2.82387085e+01
    3.03515224e+01 2.91668396e+01 3.14845467e+01 3.09775600e+01
    3.11895809e+01 3.26085815e+01 3.16993904e+01 3.08413734e+01
    3.10091782e+01 3.26832886e+01 3.30423546e+01 3.23686905e+01
    3.06569901e+01 3.22358513e+01 3.00618286e+01 3.18082294e+01
    3.19589176e+01 2.98326283e+01 3.16577377e+01 2.92370300e+01
    3.05498390e+01 3.02388821e+01 2.83266182e+01 2.83756008e+01
    3.03536930e+01 2.89821930e+01 2.96717911e+01 2.89622726e+01
    2.90763493e+01 2.99773235e+01 3.04195213e+01 2.98163071e+01
    2.97969208e+01 3.15705261e+01 3.05418930e+01 2.94160919e+01
    2.82976017e+01 2.94384575e+01 2.77568092e+01 2.72624912e+01
    2.94606705e+01 2.93389301e+01 2.98278236e+01 2.98991394e+01
    2.93708725e+01 3.22389259e+01 2.99292736e+01 3.12777386e+01
    3.41664162e+01 3.28861961e+01 3.28756943e+01 3.00217285e+01
    3.22195930e+01 3.16551247e+01 3.07343922e+01 3.37489662e+01
    3.26587448e+01 3.19128590e+01 3.05022640e+01 3.03488083e+01
    2.95255241e+01 2.84833622e+01 2.96375942e+01 2.88251228e+01
    2.93372421e+01 2.85957413e+01 2.94951572e+01 3.08623962e+01
    2.99786282e+01 2.95314655e+01 2.85331821e+01 2.99968662e+01
    3.16092834e+01 2.98578472e+01 3.14103374e+01 3.18380795e+01
    3.13127937e+01 3.09833317e+01 3.15086994e+01 3.21212769e+01
    3.17162399e+01 3.07024040e+01 3.21620522e+01 3.26223717e+01
    3.19871140e+01 3.18171444e+01 3.21236076e+01 3.24109764e+01
    3.00669079e+01 3.15947304e+01 3.17992458e+01 3.27066536e+01
    3.10406799e+01 3.16126652e+01 3.16562099e+01 3.17842331e+01
    3.40437279e+01 3.12937794e+01 3.20309944e+01 3.04677696e+01
    2.97165947e+01 2.89325008e+01 2.96714687e+01 3.16786060e+01
    2.99800892e+01 3.16801262e+01 3.08343201e+01 3.06952171e+01
    2.99428749e+01 3.20983963e+01 3.11188240e+01 3.12026424e+01
    3.14481945e+01 3.12877331e+01 3.15053406e+01 3.07649021e+01
    2.86187668e+01 3.07994347e+01 3.12073460e+01 3.39874992e+01
    3.09588242e+01 3.03822536e+01 3.13225212e+01 2.91763172e+01
    2.96892948e+01 2.87280464e+01 2.94276104e+01 3.14705982e+01
    2.94748135e+01 2.83794861e+01 2.64278049e+01 2.61769524e+01
    2.78229046e+01 2.77926006e+01 2.73351631e+01 2.95419483e+01
    2.89767532e+01 2.66389008e+01 2.69581890e+01 2.76616745e+01
    2.98340569e+01 3.00215893e+01 3.05178623e+01 2.88874969e+01
    2.87391644e+01 2.98295078e+01 2.92482700e+01 3.02054749e+01
    2.98385010e+01 2.97843533e+01 3.04792538e+01 2.95415974e+01
    2.97325687e+01 3.05042191e+01 3.06075249e+01 3.12919426e+01
    3.26023903e+01 3.17866478e+01 3.07547169e+01 2.80604782e+01
    2.82012024e+01 2.99340591e+01 3.11099930e+01 3.03624058e+01
    2.98973675e+01 2.96674156e+01 3.02454758e+01 2.99158192e+01
    2.99876232e+01 2.97884579e+01 2.95441113e+01 3.07042294e+01
    2.99978790e+01 3.11735973e+01 3.16035347e+01 2.99150867e+01
    3.28020630e+01 2.98959312e+01 2.92079849e+01 2.92246227e+01
    2.88799515e+01 2.97588367e+01 2.85297642e+01 2.88019886e+01
    2.91112785e+01 2.96315193e+01 2.92761745e+01 2.71338100e+01
    2.97934208e+01 2.86422405e+01 2.78914967e+01 2.93035793e+01
    2.98686237e+01 2.94783745e+01 2.94888268e+01 2.95623169e+01
    3.06732502e+01 2.97734241e+01 3.09493504e+01 3.18010979e+01
    3.25620422e+01 3.19745216e+01 3.12430210e+01 2.86907215e+01
    3.04575214e+01 2.98568687e+01 2.95012245e+01 3.08767242e+01
    3.02113266e+01 2.99367218e+01 3.10362034e+01 3.10825272e+01
    3.12382107e+01 3.12561131e+01 3.18672638e+01 3.16063328e+01
    3.17466698e+01 3.18209286e+01 3.25001907e+01 3.11850224e+01
    3.05094891e+01 3.12837353e+01 2.89962196e+01 2.75686150e+01
    2.73313103e+01 2.77940769e+01 2.76897297e+01 2.73679104e+01
    2.81847076e+01 2.81445580e+01 2.76476421e+01 2.80174541e+01
    3.00163898e+01 3.06135063e+01 3.02277203e+01 2.97893372e+01
    2.90217190e+01 2.97256813e+01 2.95705261e+01 2.92639561e+01
    2.92971821e+01 2.78554420e+01 2.93015060e+01 2.77556782e+01
    2.75062542e+01 2.87136440e+01 2.91541481e+01 2.95552807e+01
    3.13433495e+01 3.11768761e+01 3.13218174e+01 3.10618782e+01
    3.02475872e+01 3.27011147e+01 3.15366116e+01 3.13820992e+01
    3.25354996e+01 2.99067440e+01 3.28692245e+01 2.91744404e+01
    3.08524513e+01 3.09132614e+01 3.24032288e+01 3.16083870e+01
    3.12023659e+01 3.24309082e+01 3.23423195e+01 2.98463707e+01
    3.08180714e+01 3.13505306e+01 3.20023956e+01 3.06918945e+01
    3.10667477e+01 2.99876099e+01 3.32394829e+01 3.00697002e+01
    2.97449245e+01 3.25293007e+01 3.09618530e+01 3.10480328e+01
    2.93326893e+01 2.92520390e+01 2.88614311e+01 2.83100815e+01
    2.57615490e+01 2.79437790e+01 2.88397141e+01 2.89500237e+01
    2.89889832e+01 2.98283615e+01 3.05780830e+01 2.90771790e+01
    2.98163414e+01 3.23527985e+01 3.11307163e+01 3.21573029e+01
    3.18637733e+01 3.11024494e+01 3.01797829e+01 3.22544136e+01
    3.19327507e+01 3.06933422e+01 3.11207504e+01 3.18867378e+01
    2.89148884e+01 3.09331589e+01 2.86700115e+01 2.72977066e+01
    2.78922539e+01 2.80843353e+01 2.79423065e+01 2.91322117e+01
    2.87337627e+01 2.84916325e+01 3.13958378e+01 3.08529110e+01
    3.00762024e+01 2.97734680e+01 2.98870029e+01 3.03147717e+01
    2.95186424e+01 3.14959545e+01 2.94232941e+01 3.04227810e+01
    3.14147148e+01 2.95578365e+01 3.33048744e+01 3.12944202e+01
    3.01172447e+01 3.02006531e+01 3.19083233e+01 3.04525356e+01
    3.24801903e+01 3.27456818e+01 3.06242962e+01 3.16154099e+01
    3.13445988e+01 3.35754013e+01 3.18871861e+01 3.14306755e+01
    3.30131302e+01 3.22835159e+01 3.25070763e+01 3.27588577e+01
    3.25353241e+01 2.98429489e+01 2.97240467e+01 2.98559017e+01
    3.03271751e+01 2.91178055e+01 3.16426315e+01 3.04962215e+01
    2.98447018e+01 3.06851997e+01 3.00241337e+01 3.26502380e+01
    3.12906799e+01 3.18598785e+01 3.11256485e+01 3.22278252e+01
    3.11361122e+01 3.01887150e+01 3.17857819e+01 3.13576469e+01
    3.23018265e+01 3.24452400e+01 3.18066692e+01 3.17406044e+01
    3.08684406e+01 3.03867302e+01 2.98398800e+01 3.09084358e+01
    3.03637142e+01 2.97905293e+01 3.08080864e+01 2.85629692e+01
    2.78160591e+01 2.60983429e+01 2.83214760e+01 2.99051495e+01
    2.77196465e+01 2.91667023e+01 2.84284077e+01 2.90866108e+01
    2.84750824e+01 2.84253960e+01 2.87781963e+01 3.06286545e+01
    2.88542271e+01 2.81125450e+01 3.02248344e+01 3.05077934e+01
    3.07279739e+01 3.06563568e+01 3.10363789e+01 3.19717903e+01
    2.98506184e+01 2.79516830e+01 3.00468082e+01 3.10054092e+01
    3.03392677e+01 3.13411751e+01 3.05880890e+01 3.23692856e+01
    3.07940140e+01 2.99764423e+01 3.27374420e+01 2.97633972e+01
    3.17787724e+01 2.88858566e+01 2.96686897e+01 3.12259254e+01
    3.00849018e+01 3.21198387e+01 3.05549526e+01 2.98364201e+01
    3.14415703e+01 3.10573616e+01 3.07299480e+01 2.96584091e+01
    3.18858147e+01 3.33803596e+01 3.27224884e+01 3.09147720e+01
    3.20943527e+01 3.04104214e+01 2.97731743e+01 3.04930840e+01
    3.05355091e+01 3.03636532e+01 2.87123585e+01 3.08436584e+01
    2.88682480e+01 2.81571426e+01 3.02836170e+01 2.81037140e+01
    2.89992485e+01 3.09212894e+01 2.73938980e+01 3.00316448e+01
    3.04156170e+01 2.99849224e+01 3.07219715e+01 3.12668877e+01
    3.14483185e+01 3.14673901e+01 3.32407799e+01 3.07057762e+01
    2.93022003e+01 2.93960876e+01 2.93240891e+01 3.04722824e+01
    2.83209362e+01 3.13601284e+01 2.96157703e+01 2.98559818e+01
    3.07835255e+01 3.09081154e+01 3.08894196e+01 3.01622791e+01
    3.00785923e+01 3.16068039e+01 3.04418583e+01 3.14846687e+01
    3.10780354e+01 3.07204857e+01 2.92497826e+01 2.91246624e+01
    2.90919170e+01 2.62323475e+01 2.83740406e+01 2.77341824e+01
    2.75334530e+01 2.68616333e+01 2.77406425e+01 2.80688305e+01
    2.76487007e+01 3.15515976e+01 2.86611156e+01 2.96224575e+01
    3.19567032e+01 3.01032391e+01 3.03429775e+01 3.03160381e+01
    3.05077610e+01 3.02271576e+01 2.89235649e+01 2.92902298e+01
    2.73398914e+01 2.91546421e+01 3.02977886e+01 2.84438267e+01
    3.01177540e+01 2.90376816e+01 3.10243797e+01 2.97504330e+01
    3.08543816e+01 3.11822014e+01 3.32683601e+01 3.16570415e+01
    3.01316929e+01 3.21198349e+01 3.10674343e+01 3.12162781e+01
    3.00824509e+01 2.91070385e+01 3.02197018e+01 3.07621498e+01
    3.18174133e+01 2.98170242e+01 3.03752670e+01 3.07515087e+01
    3.03364449e+01 3.08522682e+01 3.03094406e+01 2.93253880e+01
    3.08635902e+01 3.03953762e+01 2.97140617e+01 3.07334557e+01
    3.10086098e+01 2.96210537e+01 3.19221992e+01 3.13154297e+01
    2.99116364e+01 3.13160248e+01 3.03822784e+01 2.87377968e+01
    2.85776234e+01 2.98165417e+01 2.83937740e+01 2.78967476e+01
    2.99264088e+01 3.01682243e+01 2.78044968e+01 2.98702202e+01
    2.98749886e+01 2.89260502e+01 3.04904613e+01 3.03401909e+01
    3.09429874e+01 3.19171600e+01 3.05164871e+01 3.11729679e+01
    3.08590889e+01 3.23752174e+01 3.16616402e+01 3.21172981e+01
    3.25588989e+01 3.12946281e+01 3.10508842e+01 3.08520966e+01
    2.80067673e+01 2.92566566e+01 2.97762775e+01 2.80815506e+01
    2.71892853e+01 2.81169491e+01 2.90186882e+01 2.84993801e+01
    2.94162045e+01 3.14781475e+01 3.05300922e+01 3.13150864e+01
    3.12776031e+01 3.11659698e+01 2.95996113e+01 3.10089741e+01
    2.89478836e+01 3.04048729e+01 3.02332878e+01 3.12835083e+01
    3.22815361e+01 2.81264515e+01 3.21824760e+01 3.09639149e+01
    2.86715870e+01 3.12359600e+01 3.40982704e+01 3.13264084e+01
    3.14925117e+01 3.09578228e+01 3.01324921e+01 3.01599579e+01
    3.04465122e+01 3.08373756e+01 3.18804302e+01 3.07417374e+01
    3.22215843e+01 3.08980522e+01 3.17825661e+01 3.11286297e+01
    2.94157467e+01 2.99226017e+01 2.92275352e+01 2.96614017e+01
    3.21142883e+01 3.03690910e+01 3.13237476e+01 3.20132141e+01
    2.96088104e+01 3.25630226e+01 3.15085182e+01 3.17248325e+01
    3.07045956e+01 3.18875751e+01 3.04413891e+01 3.01746178e+01
    3.05017834e+01 3.15476170e+01 3.03136101e+01 3.09307156e+01
    3.28070831e+01 3.03386211e+01 3.06503887e+01 3.03867989e+01
    3.16401939e+01 2.98025894e+01 3.03283672e+01 3.10018559e+01
    2.89262638e+01 2.97201176e+01 2.69377270e+01 2.74424477e+01
    2.99608116e+01 2.82768517e+01 2.80604229e+01 2.81209755e+01
    2.93360958e+01 2.76587715e+01 2.86512356e+01 2.90975266e+01
    2.84832058e+01 2.91286945e+01 2.95881977e+01 2.88322716e+01
    2.95159798e+01 3.03144836e+01 2.97244072e+01 3.14213753e+01
    2.91293144e+01 2.78170300e+01 2.74033508e+01 2.86990528e+01
    2.94631329e+01 2.88260307e+01 2.96441879e+01 3.05378761e+01
    3.03649540e+01 3.04333935e+01 3.10223293e+01 3.21040916e+01
    3.17084789e+01 3.27708435e+01 3.29122925e+01 3.08954964e+01
    3.23249016e+01 3.02382183e+01 2.97663383e+01 3.01987438e+01
    2.90157738e+01 3.16461849e+01 3.09760513e+01 3.09039116e+01
    3.01101456e+01 3.13762970e+01 3.22159615e+01 3.04474812e+01
    3.33633041e+01 3.08444614e+01 3.15009995e+01 3.13679371e+01
    3.17676220e+01 3.18134193e+01 2.97543335e+01 2.95517445e+01
    2.97197208e+01 2.88634949e+01 2.81141644e+01 2.99818821e+01
    3.07862263e+01 2.90892086e+01 2.99478588e+01 2.91751881e+01
    2.74409409e+01 2.95269833e+01 2.92814217e+01 2.97344284e+01
    3.06831207e+01 2.96356907e+01 3.13959427e+01 3.02447491e+01
    3.09043617e+01 3.04286613e+01 3.06690102e+01 2.74849510e+01
    2.89585743e+01 2.86701298e+01 2.86602802e+01 3.02466869e+01
    3.03970261e+01 3.11493340e+01 2.98852863e+01 3.14332294e+01
    3.28971024e+01 3.05861607e+01 3.00740204e+01 3.21589546e+01
    2.96182365e+01 3.14214993e+01 3.17014885e+01 2.99991379e+01
    2.82888832e+01 2.74698296e+01 2.90031147e+01 2.74247532e+01
    2.75889168e+01 2.82030373e+01 2.89418125e+01 2.60869274e+01
    2.91236610e+01 2.91163998e+01 2.86663246e+01 2.97248745e+01
    2.88918533e+01 3.28520699e+01 3.15066051e+01 3.24101295e+01
    3.07437458e+01 3.07593193e+01 3.07604389e+01 3.10396595e+01
    2.89230633e+01 2.81434460e+01 2.77558842e+01 2.77519989e+01
    2.78150215e+01 3.11055393e+01 2.92281551e+01 3.03327732e+01
    3.04661922e+01 3.02203770e+01 2.95867786e+01 3.02310219e+01
    3.27790489e+01 3.24127731e+01 3.23290367e+01 3.14557915e+01
    3.07628326e+01 2.96602936e+01 3.10853672e+01 3.07352905e+01
    3.03496666e+01 3.20379028e+01 3.24836845e+01 3.08404560e+01
    3.03396778e+01 3.00403328e+01 3.11725655e+01 2.98894882e+01
    3.14264221e+01 2.95776291e+01 3.14287987e+01 3.03633461e+01
    3.12618313e+01 3.01049919e+01 3.05913410e+01 3.27757111e+01
    2.99903908e+01 3.14713917e+01 3.22188683e+01 3.17653732e+01
    3.14188671e+01 2.89991055e+01 3.09430733e+01 3.02556896e+01
    2.80236473e+01 3.04025650e+01 3.01331635e+01 2.92292061e+01
    2.65473080e+01 2.99993305e+01 2.90765820e+01 2.98588715e+01
    2.99770355e+01 3.23983421e+01 3.07004337e+01 3.03864803e+01
    3.09756413e+01 3.07002697e+01 3.06851501e+01 2.98466034e+01
    3.10485249e+01 3.30590210e+01 3.04550610e+01 3.08348713e+01
    2.90707493e+01 2.99319630e+01 2.86204643e+01 3.07785282e+01
    2.57310486e+01 2.68891525e+01 2.85839977e+01 2.74855328e+01
    2.84339886e+01 2.86071243e+01 2.94611988e+01 3.01619167e+01
    2.88507729e+01 3.19123745e+01 3.09337082e+01 3.02208271e+01
    3.07160988e+01 2.98596630e+01 3.18243771e+01 3.03588696e+01
    3.05238323e+01 3.01289120e+01 3.22497330e+01 3.10511341e+01
    3.11665726e+01 2.99782543e+01 3.13272171e+01 3.13178883e+01
    3.13579597e+01 3.33050461e+01 3.08318901e+01 3.06311607e+01
    3.08653412e+01 3.10845299e+01 2.99409008e+01 2.91155815e+01
    3.20027733e+01 3.15570393e+01 3.14109879e+01 3.01974869e+01
    3.02801285e+01 2.91584492e+01 2.93198509e+01 2.91561623e+01
    3.01553745e+01 3.09880409e+01 3.06597672e+01 3.02582226e+01
    3.05787525e+01 3.00563145e+01 2.98046169e+01 3.17223415e+01
    3.08296700e+01 3.27233696e+01 3.14109573e+01 3.12918892e+01
    3.12179050e+01 3.11520195e+01 3.11866646e+01 3.23647614e+01
    3.07439060e+01 3.15616131e+01 3.16193638e+01 3.15397148e+01
    3.10920792e+01 3.18159924e+01 3.26691589e+01 3.07319126e+01
    2.94289303e+01 2.99533195e+01 2.98709526e+01 2.97221699e+01
    2.88455372e+01 2.72158699e+01 2.64916153e+01 2.77383194e+01
    2.82972927e+01 2.77920380e+01 2.86143074e+01 2.86425095e+01
    2.97015038e+01 2.81326733e+01 2.87080612e+01 3.07029018e+01
    3.00098267e+01 2.87472515e+01 3.01824379e+01 3.05139179e+01
    2.91799870e+01 2.90707321e+01 2.80815868e+01 2.79883480e+01
    2.63344879e+01 2.61871662e+01 2.69886322e+01 2.81637020e+01
    2.94639893e+01 2.88831482e+01 3.11596718e+01 3.03561230e+01
    3.21422348e+01 3.13620663e+01 3.07102375e+01 3.23710136e+01
    3.24374123e+01 3.27666206e+01 3.17313709e+01 3.05613251e+01
    2.98773804e+01 2.99392662e+01 2.85432034e+01 2.98777370e+01
    2.80389023e+01 3.09440670e+01 2.94286442e+01 2.94234200e+01
    2.98900814e+01 3.18822422e+01 3.17379513e+01 2.97561493e+01
    3.16944218e+01 2.95976944e+01 3.16404629e+01 3.24507942e+01
    2.98663483e+01 3.01111755e+01 2.95686359e+01 3.00036831e+01
    2.92879620e+01 3.06847115e+01 3.04626083e+01 3.02068043e+01
    3.00426121e+01 3.06204433e+01 2.91551666e+01 3.13878288e+01
    2.97440586e+01 3.17373962e+01 3.15394974e+01 3.07764587e+01
    3.00724831e+01 3.10614109e+01 3.17151089e+01 2.97577248e+01
    2.91494389e+01 2.91963787e+01 2.80889664e+01 2.69990273e+01
    2.97690182e+01 2.84211636e+01 2.80833015e+01 3.04975319e+01
    3.02281437e+01 3.11111832e+01 3.19166222e+01 3.05498142e+01
    3.02235260e+01 2.99731464e+01 3.09847450e+01 3.13934479e+01
    2.97668552e+01 2.87595215e+01 2.73449421e+01 3.03545647e+01
    2.75477428e+01 2.75589523e+01 2.83856258e+01 2.90924988e+01
    2.65300045e+01 2.81438370e+01 2.86517315e+01 2.77825623e+01
    2.96822987e+01 3.08721714e+01 3.16734791e+01 3.14272099e+01
    3.04463673e+01 3.22121887e+01 2.94156399e+01 3.03097858e+01
    2.95281410e+01 3.01350079e+01 2.60436096e+01 2.70081482e+01
    2.66976242e+01 2.70150032e+01 2.97505722e+01 2.89180088e+01
    2.95603008e+01 2.92099762e+01 3.06406918e+01 3.08565426e+01
    2.91110783e+01 3.18706512e+01 3.26084862e+01 3.31405830e+01
    2.95725727e+01 3.19555492e+01 3.03705902e+01 3.17557507e+01
    3.14030991e+01 2.68767719e+01 3.00193214e+01 3.25250549e+01
    3.08510284e+01 2.93003998e+01 2.89646587e+01 3.04537487e+01
    3.01338558e+01 2.92529583e+01 3.05352440e+01 3.00296440e+01
    3.04444637e+01 3.00910702e+01 2.98762436e+01 3.02078094e+01
    3.25929375e+01 3.05192699e+01 3.07303276e+01 3.11974583e+01
    3.13453388e+01 3.42159348e+01 3.21160507e+01 3.24226761e+01
    3.00048237e+01 3.19755383e+01 3.12278728e+01 2.98500099e+01
    3.17722206e+01 3.04378414e+01 3.01517162e+01 2.96792164e+01
    2.89539623e+01 2.95513916e+01 3.03201752e+01 3.15181751e+01
    3.03812389e+01 3.07827702e+01 2.90654087e+01 2.95729465e+01
    3.03343067e+01 2.97005997e+01 2.90529537e+01 3.09852905e+01
    2.86773338e+01 3.04050217e+01 2.92210293e+01 2.91881790e+01
    2.66933689e+01 3.00831375e+01 2.69750519e+01 2.69433155e+01
    2.69024258e+01 2.84772072e+01 2.80953159e+01 2.83533745e+01
    3.00199490e+01 2.98284836e+01 3.05673943e+01 3.17143116e+01
    3.11569576e+01 3.08333874e+01 2.98569603e+01 3.05897217e+01
    2.85361118e+01 3.04964771e+01 3.01545849e+01 3.15566158e+01
    3.05946445e+01 2.98275642e+01 2.99522648e+01 3.05060940e+01
    3.16230774e+01 3.08774109e+01 3.07175255e+01 3.02097073e+01
    2.94017601e+01 2.91199913e+01 2.88009529e+01 3.11203308e+01
    2.87182369e+01 2.81870346e+01 3.07937431e+01 3.01656284e+01
    2.91360893e+01 2.80432987e+01 2.98589745e+01 2.92110195e+01
    3.06724758e+01 2.91533890e+01 3.00960121e+01 3.13658638e+01
    3.10700264e+01 3.08050346e+01 3.16322174e+01 3.26285057e+01
    3.09418011e+01 3.22958298e+01 3.31432686e+01 3.37531013e+01
    3.32675705e+01 3.16205616e+01 2.93336945e+01 3.03021774e+01
    3.03458271e+01 2.98558140e+01 3.02212048e+01 3.18684921e+01
    3.13759079e+01 3.29350548e+01 3.07015629e+01 3.12230320e+01
    3.13472328e+01 3.00227280e+01 3.10822449e+01 3.17787304e+01
    3.02060394e+01 3.02271252e+01 2.86841106e+01 2.76969357e+01
    2.91280327e+01 3.04323864e+01 3.06035156e+01 2.87625809e+01
    2.91682224e+01 3.04832802e+01 2.97194347e+01 2.91889477e+01
    3.09592342e+01 3.09781494e+01 2.99899368e+01 2.77345982e+01
    2.74393883e+01 2.88392429e+01 2.78220692e+01 2.75765038e+01
    2.73595276e+01 2.57545910e+01 2.55702095e+01 2.64956322e+01
    2.68633976e+01 2.73777485e+01 2.68183346e+01 2.88135662e+01
    2.95499191e+01 3.11521416e+01 3.11455803e+01 3.02542381e+01
    3.31678810e+01 3.20062485e+01 3.29824524e+01 3.08120766e+01
    3.10996151e+01 3.14754028e+01 2.98434582e+01 2.97824917e+01
    2.90073376e+01 2.98205070e+01 2.90835838e+01 3.16219254e+01
    3.01180210e+01 3.01200409e+01 2.94695072e+01 3.17320137e+01
    3.21218872e+01 3.13317738e+01 3.26127357e+01 3.24242249e+01
    3.37025719e+01 3.20199699e+01 3.06403313e+01 3.21280556e+01
    3.09184380e+01 2.83859997e+01 2.99555893e+01 3.15970364e+01
    2.89863491e+01 2.82429466e+01 3.01131973e+01 2.79945564e+01
    2.72587280e+01 2.99893875e+01 2.99040756e+01 3.02013416e+01
    2.88038673e+01 3.11567535e+01 3.08271503e+01 2.94623756e+01
    3.24356499e+01 2.88068409e+01 2.97718353e+01 2.88281994e+01
    2.79138031e+01 2.88814945e+01 2.85466537e+01 3.02026958e+01
    3.05414047e+01 3.27377968e+01 3.06307335e+01 3.04942112e+01
    3.27793350e+01 3.02237396e+01 3.15889511e+01 3.23323326e+01
    2.94502010e+01 2.89709034e+01 3.03129082e+01 2.97683754e+01
    2.66758842e+01 2.91455402e+01 2.66139660e+01 2.66315899e+01
    2.73974476e+01 2.85566216e+01 2.82113533e+01 2.73863602e+01
    2.71194801e+01 2.87415352e+01 3.04545212e+01 2.91544418e+01
    2.83544102e+01 3.04420509e+01 3.01041145e+01 2.78958511e+01
    2.94589901e+01 2.91995831e+01 2.79771080e+01 2.96219006e+01
    2.70995808e+01 2.85340157e+01 2.52600212e+01 2.71787663e+01
    2.61428318e+01 2.91554928e+01 2.98467712e+01 2.88083191e+01
    2.89123020e+01 3.01497002e+01 2.92866020e+01 2.92432899e+01
    2.98497887e+01 3.30145531e+01 3.20862617e+01 3.18742676e+01
    3.00683403e+01 3.13648510e+01 3.13956871e+01 3.10784931e+01
    3.02138824e+01 3.00627460e+01 3.04564018e+01 2.98024235e+01
    2.86752930e+01 2.93108673e+01 3.04834938e+01 2.91645031e+01
    2.91345139e+01 2.79314823e+01 3.00246410e+01 3.01025791e+01
    2.97645569e+01 2.98906403e+01 3.01005459e+01 3.10616379e+01
    3.09256554e+01 3.07870388e+01 3.28933525e+01 3.34431953e+01
    3.23345299e+01 3.19559307e+01 3.10690403e+01 3.22867928e+01
    3.05671139e+01 3.15318546e+01 3.19257183e+01 3.07760048e+01
    2.88625355e+01 2.82048073e+01 2.98260059e+01 2.89552517e+01
    2.95588608e+01 2.93430004e+01 3.00793610e+01 3.05621986e+01
    2.83881989e+01 3.00111561e+01 2.79962769e+01 2.85635128e+01
    2.80247383e+01 2.93525124e+01 3.02611523e+01 3.03581867e+01
    2.94627895e+01 2.71313515e+01 2.74950752e+01 2.91261368e+01
    2.60166607e+01 2.92422333e+01 2.81330986e+01 2.92313099e+01
    2.90778809e+01 2.84327335e+01 3.07166710e+01 2.81718407e+01
    2.90856190e+01 3.22507629e+01 3.12666435e+01 3.11239567e+01
    2.83950748e+01 2.92404938e+01 2.96141644e+01 2.90292797e+01
    3.06356163e+01 2.98770294e+01 2.98552361e+01 3.09961662e+01
    3.13216991e+01 3.05088978e+01 3.11545010e+01 3.28944130e+01
    3.21358795e+01 3.03679504e+01 3.01857452e+01 2.86723995e+01
    2.97844620e+01 2.82325172e+01 2.68990822e+01 2.73576469e+01
    2.73523979e+01 2.75087700e+01 2.79729061e+01 2.84855576e+01
    2.78557949e+01 2.83447266e+01 2.73976402e+01 2.86239548e+01
    3.03321857e+01 3.04382095e+01 3.13343086e+01 3.09337578e+01
    3.07090187e+01 2.98437653e+01 3.15692654e+01 3.33035202e+01
    3.21205368e+01 3.23046379e+01 3.22300110e+01 3.16575317e+01
    3.06651688e+01 3.04439049e+01 2.89093113e+01 2.92391243e+01
    3.08801498e+01 3.18832722e+01 2.98089886e+01 2.98338737e+01
    2.95380478e+01 3.01715832e+01 3.22514305e+01 3.05855980e+01
    3.01674995e+01 3.07003975e+01 3.05788727e+01 3.09101200e+01
    2.89798603e+01 3.11858845e+01 3.06778278e+01 3.02459068e+01
    3.19282494e+01 3.10340443e+01 3.12845879e+01 3.14375725e+01
    3.17455788e+01 3.04760475e+01 3.20764923e+01 3.07606068e+01
    3.24892006e+01 2.93147278e+01 2.81339760e+01 2.81675339e+01
    2.83422623e+01 2.90366325e+01 2.78807964e+01 2.89693775e+01
    2.59253311e+01 2.72207336e+01 2.73981037e+01 2.77971363e+01
    2.86881466e+01 3.01138477e+01 3.12638836e+01 3.10028019e+01
    3.01607018e+01 3.27633362e+01 3.43541183e+01 3.25614548e+01
    3.40383110e+01 3.28836746e+01 3.24595642e+01 3.03590355e+01
    3.09811535e+01 3.17260475e+01 2.99824944e+01 2.95034161e+01
    2.74739437e+01 3.07384777e+01 3.07065754e+01 2.88492393e+01
    3.08044300e+01 3.10123978e+01 3.19037342e+01 3.04412689e+01
    2.99290257e+01 3.17168541e+01 3.14361839e+01 3.25789642e+01
    3.14583492e+01 3.09491673e+01 3.03068752e+01 2.88800373e+01
    2.89199486e+01 2.74855061e+01 2.79818859e+01 2.76323109e+01
    2.86978588e+01 2.82784786e+01 2.84006100e+01 2.97850056e+01
    3.01652374e+01 3.15394154e+01 3.11949844e+01 3.06822720e+01
    3.16785831e+01 3.10980835e+01 3.08492775e+01 2.85058632e+01
    3.03771973e+01 2.98066521e+01 2.86442566e+01 2.79122849e+01
    2.98413067e+01 2.87556057e+01 3.14122849e+01 3.18642464e+01
    3.13130512e+01 3.29642105e+01 3.45139275e+01 3.16526852e+01
    3.10272198e+01 3.10145721e+01 3.21942520e+01 3.20827827e+01
    3.10938740e+01 3.04221268e+01 2.87987709e+01 2.90666370e+01
    2.84237289e+01 2.66134357e+01 2.68336067e+01 2.77532330e+01
    2.82578716e+01 2.83791103e+01 2.76425838e+01 2.74976692e+01
    2.76844826e+01 2.91587543e+01 2.83680992e+01 3.00364933e+01
    2.89507732e+01 2.90078754e+01 2.78124180e+01 2.80474167e+01
    2.92489548e+01 2.79709415e+01 2.91124096e+01 2.80746365e+01
    2.48352871e+01 2.61235714e+01 2.85053120e+01 2.87176781e+01
    2.61634140e+01 2.94937229e+01 3.04583797e+01 3.06794758e+01
    2.83045177e+01 2.93639374e+01 3.14838428e+01 3.19454670e+01
    3.11436272e+01 3.16838570e+01 3.03870411e+01 3.31687431e+01
    3.32411842e+01 2.92026253e+01 2.97856541e+01 2.97921143e+01
    3.01926136e+01 2.98384933e+01 2.90564232e+01 3.19639435e+01
    3.04389629e+01 2.91201057e+01 3.05288601e+01 2.87550888e+01
    3.09289188e+01 2.96398926e+01 2.96282139e+01 3.02288990e+01
    3.16640549e+01 3.17956657e+01 3.23858261e+01 3.27254715e+01
    3.27550011e+01 3.24437561e+01 3.43116188e+01 3.26908760e+01
    3.23429985e+01 3.11596718e+01 3.18478241e+01 3.14813843e+01
    3.12616959e+01 3.13836384e+01 2.93055515e+01 2.96520519e+01
    2.76067963e+01 2.79639187e+01 2.87019424e+01 2.97520790e+01
    2.96433811e+01 2.84537697e+01 2.88190937e+01 2.84661789e+01
    2.84680958e+01 2.74366989e+01 2.83656578e+01 2.60962563e+01
    2.90296917e+01 2.94349842e+01 2.78596592e+01 2.78618488e+01
    2.71052513e+01 2.71959877e+01 2.59672909e+01 2.86289864e+01
    2.86872177e+01 2.89471931e+01 2.78525581e+01 2.89097195e+01
    2.89982853e+01 2.79847813e+01 3.02235146e+01 2.96441936e+01
    3.03948708e+01 3.15395260e+01 2.94885826e+01 2.78660393e+01
    2.70678082e+01 2.90128746e+01 2.92068882e+01 3.00577602e+01
    3.14533405e+01 2.80605316e+01 2.81787891e+01 3.06742992e+01
    3.07927227e+01 3.07446175e+01 3.18314152e+01 3.20820847e+01
    2.95051174e+01 2.83075962e+01 2.96252117e+01 2.88619480e+01
    2.93620319e+01 2.64348049e+01 2.71399765e+01 2.84736938e+01
    2.84009876e+01 2.81658573e+01 2.89987450e+01 2.86722145e+01
    2.95477848e+01 2.86871128e+01 2.89134235e+01 3.13427410e+01
    2.97695808e+01 3.27608376e+01 3.18349419e+01 3.09941330e+01
    3.21548691e+01 3.12546558e+01 3.06251354e+01 3.18640900e+01
    3.20315132e+01 3.14316330e+01 2.95158844e+01 2.94038582e+01
    2.84608383e+01 2.94529438e+01 3.07244091e+01 3.03255653e+01
    2.93650703e+01 2.92705383e+01 2.96636620e+01 2.95162735e+01
    3.10243931e+01 3.07732029e+01 3.09967289e+01 3.11904068e+01
    3.04040909e+01 3.27888527e+01 2.91755199e+01 3.04422855e+01
    3.02106895e+01 3.20460968e+01 3.09657345e+01 2.98576927e+01
    3.14524326e+01 3.12529335e+01 3.19208603e+01 3.04467278e+01
    3.16764812e+01 3.11599426e+01 3.06605854e+01 2.97595062e+01
    2.81256180e+01 2.93782825e+01 3.20902138e+01 3.02493916e+01
    2.89670467e+01 2.86874638e+01 2.77625256e+01 2.89366207e+01
    2.84779282e+01 2.91743317e+01 3.09237270e+01 2.88483315e+01
    3.02590618e+01 3.11999512e+01 3.12656898e+01 3.16272869e+01
    3.31136932e+01 3.22347450e+01 3.30794754e+01 3.31892319e+01
    3.29323502e+01 3.17100868e+01 3.20896301e+01 3.40806694e+01
    3.10344810e+01 2.94451370e+01 3.04433479e+01 3.09360065e+01
    3.01330662e+01 2.96020756e+01 3.20069695e+01 2.99035072e+01
    3.18533249e+01 3.06947250e+01 2.89476566e+01 2.84403229e+01
    3.18572273e+01 2.99797249e+01 2.85345116e+01 2.82986851e+01
    2.81158848e+01 2.65532627e+01 2.91415405e+01 2.66334743e+01
    2.80320969e+01 2.86356506e+01 2.92042522e+01 2.86890507e+01
    2.97680893e+01 3.00578117e+01 3.13734703e+01 3.18980675e+01
    3.16540565e+01 3.32196388e+01 2.99606495e+01 3.00796719e+01
    3.03728161e+01 2.96324139e+01 3.00473423e+01 2.98672447e+01
    2.82154751e+01 3.01388302e+01 3.06754608e+01 2.82295361e+01
    2.99237022e+01 3.04610825e+01 3.08030853e+01 3.27201424e+01
    3.21064720e+01 3.14238529e+01 3.30697250e+01 3.30074997e+01
    3.14428692e+01 3.29678192e+01 3.19124069e+01 3.11113319e+01
    3.04935188e+01 3.03876934e+01 2.75272751e+01 2.79239464e+01
    2.85872993e+01 2.75143318e+01 2.88571472e+01 2.81223907e+01
    2.65881844e+01 2.68575916e+01 2.80744076e+01 2.66147938e+01
    2.97787437e+01 2.85813751e+01 2.91689758e+01 2.95956249e+01
    2.77460194e+01 2.86690674e+01 2.91530972e+01 2.90625267e+01
    2.81199512e+01 2.80841961e+01 2.88699894e+01 2.59623642e+01
    2.74702854e+01 2.99070759e+01 2.91053925e+01 2.99349499e+01
    2.94210987e+01 3.22010956e+01 2.97922077e+01 3.21470222e+01
    3.15003281e+01 3.30320244e+01 3.15939331e+01 3.14165688e+01
    3.22041512e+01 3.16295643e+01 3.09871235e+01 2.88623295e+01
    2.83185120e+01 2.95380592e+01 2.99168644e+01 2.92782269e+01
    2.86954041e+01 2.93958569e+01 3.01803398e+01 2.83779850e+01
    2.62645035e+01 2.77697182e+01 2.91587849e+01 2.92039413e+01
    3.03099880e+01 2.93409138e+01 3.11996574e+01 2.97194672e+01
    3.28162880e+01 3.08323727e+01 3.23759537e+01 3.18347912e+01
    3.20167580e+01 3.26594734e+01 3.10119228e+01 3.21384087e+01
    3.29330826e+01 3.15898724e+01 3.04311790e+01 2.96346207e+01
    2.98267078e+01 2.91415100e+01 2.86544895e+01 2.98341808e+01
    2.73308430e+01 2.83879395e+01 2.78907013e+01 2.89628601e+01
    2.94721355e+01 2.94283123e+01 2.87869797e+01 2.87539043e+01
    2.73895435e+01 2.75376377e+01 2.85325012e+01 3.02099552e+01
    2.94378853e+01 2.76135368e+01 2.77099762e+01 2.66649323e+01
    2.62495632e+01 2.74825306e+01 2.80086384e+01 2.85407848e+01
    2.82773533e+01 2.78579121e+01 2.76021481e+01 2.62879162e+01
    2.88836708e+01 3.00035877e+01 2.97307816e+01 2.80701294e+01
    2.87238255e+01 2.74647655e+01 2.68684216e+01 2.82942562e+01
    2.91849194e+01 2.95592861e+01 2.95864468e+01 3.03060379e+01
    3.05212822e+01 3.02014637e+01 3.08008633e+01 3.30369759e+01
    3.33498383e+01 3.29987717e+01 3.07071037e+01 2.84543705e+01
    2.83880596e+01 2.78140068e+01 2.64032669e+01 2.77715778e+01
    2.74969788e+01 2.94926014e+01 2.86033363e+01 2.81607533e+01
    2.79897690e+01 2.85034332e+01 2.93320522e+01 2.74121838e+01
    2.90369949e+01 3.07333908e+01 3.03619995e+01 3.18056660e+01
    3.00000763e+01 2.96356087e+01 2.86048584e+01 3.15942822e+01
    3.16348896e+01 2.96940804e+01 3.20520859e+01 2.98975716e+01
    2.96081638e+01 3.12260590e+01 2.98599281e+01 2.82585411e+01
    2.83732014e+01 2.96621647e+01 2.82726765e+01 2.89546928e+01
    2.94466267e+01 2.87583523e+01 3.00410614e+01 3.04234371e+01
    2.90468807e+01 3.04512920e+01 3.10740681e+01 3.07227116e+01
    3.01903191e+01 3.02192402e+01 3.15368137e+01 3.08986034e+01
    3.15743999e+01 3.18312454e+01 3.06975842e+01 3.12444725e+01
    3.29972343e+01 3.15272579e+01 3.06665211e+01 2.92786751e+01
    3.05704441e+01 2.98905602e+01 2.91207752e+01 3.02409801e+01
    2.79860687e+01 3.03794632e+01 3.01527538e+01 2.90788937e+01
    2.95255642e+01 2.93587284e+01 2.84282780e+01 3.08269234e+01
    3.01963062e+01 2.99511051e+01 3.02480793e+01 3.10986881e+01
    3.15592155e+01 3.21465683e+01 3.27309608e+01 3.39569435e+01
    3.49784660e+01 3.48483276e+01 3.34359818e+01 3.25327377e+01
    3.21014099e+01 3.13523369e+01 3.36747246e+01 3.19686909e+01
    3.16737175e+01 3.07432709e+01 3.00269985e+01 3.19634666e+01
    3.03721008e+01 3.09466858e+01 3.15911789e+01 2.93325005e+01
    2.98706436e+01 2.91996727e+01 3.04556980e+01 3.00729961e+01
    2.93445663e+01 2.89204559e+01 2.77928810e+01 2.75890579e+01
    2.79758072e+01 2.69807014e+01 2.98539200e+01 3.09243011e+01
    2.86106033e+01 2.95888901e+01 2.96525764e+01 3.19530830e+01
    3.16070900e+01 3.30601807e+01 3.30264091e+01 3.28731537e+01
    3.04693680e+01 3.09293938e+01 3.01938000e+01 2.82725487e+01
    2.99980564e+01 3.02728634e+01 2.86727314e+01 3.08627224e+01
    2.65308189e+01 2.80424080e+01 3.05691776e+01 3.00867386e+01
    3.08295956e+01 3.09848480e+01 3.38419952e+01 3.09508667e+01
    3.13260994e+01 3.09843121e+01 3.13342113e+01 3.18070660e+01
    3.25125465e+01 2.96393223e+01 2.84554882e+01 2.84688091e+01
    2.88412952e+01 2.96890087e+01 2.74082413e+01 2.88782387e+01
    2.86023560e+01 2.94979153e+01 2.78897381e+01 2.83030796e+01
    2.93139610e+01 2.81282864e+01 2.83739738e+01 3.09600830e+01
    3.14437847e+01 2.90697651e+01 2.92427120e+01 2.89835835e+01
    2.91660442e+01 2.78621998e+01 2.92776680e+01 2.81568985e+01
    2.72977619e+01 2.54406338e+01 2.83901577e+01 2.90595474e+01
    2.99233475e+01 2.84215145e+01 3.00304832e+01 3.14839230e+01
    3.07476921e+01 3.09349060e+01 3.09855347e+01 3.22885208e+01
    2.96299114e+01 3.07707500e+01 3.08726921e+01 3.14771423e+01
    3.11773243e+01 3.01057243e+01 2.99385967e+01 2.90024433e+01
    2.94474182e+01 2.89310493e+01 2.92267361e+01 2.75669022e+01
    2.77733955e+01 2.86636314e+01 2.90221539e+01 2.77210064e+01
    2.86312218e+01 3.08812065e+01 2.95680733e+01 2.97117233e+01
    2.99750156e+01 3.14151897e+01 3.12041683e+01 2.93327637e+01
    3.26350212e+01 3.13908329e+01 3.11099529e+01 3.25352554e+01
    3.25530128e+01 3.31253471e+01 3.18395176e+01 3.21636238e+01
    3.16557083e+01 3.14056625e+01 3.19949417e+01 3.01581459e+01
    3.07960930e+01 2.89539127e+01 2.86894798e+01 2.97415504e+01
    2.88037529e+01 3.00024643e+01 2.99014950e+01 2.85755062e+01
    2.88009205e+01 2.85504341e+01 2.75290108e+01 2.76376514e+01
    2.78514900e+01 3.04993629e+01 2.84037457e+01 2.80143013e+01
    2.91092072e+01 2.51882610e+01 2.55977325e+01 2.67124691e+01
    2.81508007e+01 2.95012150e+01 2.75430679e+01 2.76332054e+01
    2.69298916e+01 2.78533001e+01 2.80458755e+01 2.69005280e+01
    2.96131401e+01 2.90139942e+01 2.78472748e+01 2.68352070e+01
    2.68831253e+01 2.97906189e+01 2.73294334e+01 3.01289043e+01
    3.04318008e+01 2.95392437e+01 2.86729527e+01 3.23588181e+01
    3.39627457e+01 3.27168312e+01 3.45940399e+01 3.39799576e+01
    3.16326962e+01 3.06501274e+01 3.05794106e+01 2.92706890e+01
    2.90619736e+01 2.79370804e+01 3.06466942e+01 2.81948166e+01
    2.82110844e+01 2.79955158e+01 2.99738979e+01 2.86609039e+01
    2.81695156e+01 2.99545116e+01 2.89132023e+01 3.21524696e+01
    3.19693642e+01 3.02665138e+01 3.12382870e+01 3.06047573e+01
    3.01610413e+01 2.98408070e+01 3.06781635e+01 3.06847324e+01
    3.05954876e+01 3.14650745e+01 3.02931824e+01 2.93397865e+01
    2.90087662e+01 2.81891975e+01 2.87449551e+01 2.89863949e+01
    2.81769028e+01 2.87742882e+01 2.93879128e+01 2.96484871e+01
    2.86407452e+01 2.96198502e+01 2.91093655e+01 2.99084358e+01
    3.05380917e+01 3.13823872e+01 3.11269169e+01 3.11986103e+01
    2.92398357e+01 3.25066338e+01 3.32458153e+01 3.06200485e+01
    3.06369801e+01 3.09086819e+01 3.23990974e+01 3.06149635e+01
    3.10571156e+01 3.13605461e+01 3.24381676e+01 2.97760849e+01
    3.11231213e+01 3.13137321e+01 3.03158360e+01 2.98408222e+01
    3.15449390e+01 3.06218987e+01 2.94167862e+01 3.00636654e+01
    3.13235016e+01 3.03947582e+01 3.09199123e+01 2.96801167e+01
    3.07488842e+01 3.05108261e+01 3.04159088e+01 3.26593552e+01
    3.15421333e+01 3.31227188e+01 3.54247246e+01 3.49196320e+01
    3.50195351e+01 3.26620255e+01 3.16133308e+01 3.51646843e+01
    3.25320206e+01 3.07749386e+01 3.16205807e+01 3.12051449e+01
    3.19915524e+01 2.97968388e+01 2.96204224e+01 3.25023193e+01
    3.11285896e+01 3.05977840e+01 3.04101734e+01 2.93031368e+01
    3.07266464e+01 3.01031017e+01 2.94789219e+01 2.76796284e+01
    2.86904430e+01 2.97853470e+01 2.79919167e+01 2.61371002e+01
    3.11572590e+01 2.82742329e+01 2.98644981e+01 3.05942440e+01
    2.93830910e+01 3.18630314e+01 3.11613617e+01 3.21515388e+01
    3.27909393e+01 3.34717369e+01 2.96120567e+01 2.85514393e+01
    3.03899441e+01 2.97094307e+01 2.75325298e+01 2.81448002e+01
    2.81771107e+01 2.95321999e+01 2.81912289e+01 2.98640423e+01
    2.85416145e+01 2.95908127e+01 3.08983841e+01 3.26019135e+01
    3.23960648e+01 3.11886692e+01 3.20753212e+01 3.24076691e+01
    3.17035484e+01 3.14853287e+01 3.15009346e+01 3.11836529e+01
    2.96987152e+01 3.12393436e+01 2.96863060e+01 2.88277740e+01
    2.85463600e+01 2.93056602e+01 3.10167942e+01 2.97490578e+01
    3.00902138e+01 2.91682358e+01 2.82934322e+01 3.08823357e+01
    2.86399746e+01 2.83948441e+01 2.90464001e+01 3.00443153e+01
    2.91296520e+01 2.70979309e+01 2.73164043e+01 2.84999352e+01
    2.87970295e+01 2.84318810e+01 2.69238014e+01 2.84706249e+01
    2.76078358e+01 2.95934849e+01 2.92168312e+01 3.03285313e+01
    3.00438824e+01 3.18995991e+01 3.04202232e+01 3.15988846e+01
    3.08865738e+01 3.10536957e+01 3.03393364e+01 2.97638664e+01
    2.89444237e+01 3.07846451e+01 3.01413994e+01 2.96986961e+01
    2.89281368e+01 2.89166698e+01 2.88861618e+01 2.72611217e+01
    2.60661945e+01 2.82063103e+01 2.89673233e+01 2.79495106e+01
    2.92679367e+01 2.74738464e+01 3.02642384e+01 2.87994099e+01
    3.05936146e+01 3.08474884e+01 2.89338417e+01 3.01483059e+01
    3.03582516e+01 3.05927010e+01 3.35163612e+01 3.18093758e+01
    3.24137955e+01 3.10973911e+01 3.07825451e+01 3.22802467e+01
    3.20767784e+01 3.22621536e+01 3.20494080e+01 3.01867466e+01
    2.85302448e+01 3.04528065e+01 2.83620567e+01 3.02863674e+01
    2.87300644e+01 2.88186932e+01 2.90623360e+01 2.92280064e+01
    3.14002838e+01 3.00479946e+01 2.97827435e+01 3.02464714e+01
    2.97113953e+01 2.75909271e+01 2.95177288e+01 3.06410961e+01
    2.97480450e+01 2.74835110e+01 2.60476818e+01 2.60896702e+01
    2.71080341e+01 2.56106014e+01 2.71628399e+01 2.88642750e+01
    2.83953228e+01 2.86740341e+01 2.68846340e+01 2.76361771e+01
    2.71071758e+01 2.87205124e+01 2.96413250e+01 2.61794472e+01
    2.81706734e+01 2.70349789e+01 2.72329159e+01 2.80194206e+01
    2.93582153e+01 3.02391605e+01 2.83081837e+01 3.01178894e+01
    3.25193329e+01 3.18380127e+01 3.07526169e+01 3.24089355e+01
    3.27967262e+01 3.22094345e+01 3.18012753e+01 2.96559143e+01
    3.05636730e+01 3.02437649e+01 2.97779465e+01 2.93185005e+01
    2.77882690e+01 3.01856785e+01 2.84921646e+01 2.74257145e+01
    2.94790974e+01 2.92763138e+01 3.02955914e+01 3.09035530e+01
    3.10700989e+01 3.17903214e+01 3.13121605e+01 3.19740162e+01
    3.06178265e+01 3.11587276e+01 2.97583714e+01 2.99793358e+01
    3.14663219e+01 3.07668419e+01 3.09717560e+01 2.92809200e+01
    2.85980511e+01 2.95308037e+01 2.95901432e+01 2.90415535e+01
    2.77046528e+01 2.79602795e+01 2.96126766e+01 2.85470791e+01
    2.86618996e+01 3.01771069e+01 2.88959045e+01 2.87576351e+01
    2.90136757e+01 3.06648006e+01 3.01645432e+01 3.00691128e+01
    3.14525661e+01 3.20409088e+01 3.12236938e+01 3.26010513e+01
    3.19792385e+01 3.25849304e+01 3.03671150e+01 3.20692329e+01
    3.22564735e+01 3.27977753e+01 3.26961594e+01 3.12412319e+01
    3.02864094e+01 2.89216480e+01 3.00466900e+01 3.08523331e+01
    2.93185291e+01 3.14202137e+01 3.10252686e+01 3.04600964e+01
    3.08132153e+01 3.07176495e+01 3.05144958e+01 3.07569427e+01
    3.16949043e+01 3.10259857e+01 3.33644638e+01 3.10436325e+01
    3.16628647e+01 3.29080009e+01 3.26598740e+01 3.32745514e+01
    3.32400475e+01 3.52661591e+01 3.46628532e+01 3.44213562e+01
    3.31270752e+01 3.17880936e+01 3.01382732e+01 3.11436863e+01
    2.95750465e+01 3.10324039e+01 2.85866966e+01 3.00372143e+01
    2.90542126e+01 3.07313442e+01 3.23537483e+01 3.11170082e+01
    3.08078213e+01 3.16333275e+01 3.05911427e+01 3.00914078e+01
    2.92010288e+01 2.93773746e+01 2.88046055e+01 2.94681416e+01
    2.65926418e+01 2.90508347e+01 2.83511009e+01 2.90905266e+01
    3.03152332e+01 2.90110226e+01 3.02699089e+01 3.18110390e+01
    3.25701065e+01 3.27212715e+01 3.31293259e+01 3.18155518e+01
    2.85901031e+01 2.87643948e+01 2.88508377e+01 2.91959629e+01
    2.73684788e+01 2.87663765e+01 2.81104393e+01 2.87805901e+01
    2.79435272e+01 2.83189735e+01 3.00746555e+01 2.88930702e+01
    3.05958424e+01 3.01803951e+01 3.19446373e+01 3.27609634e+01
    3.09753990e+01 3.27667694e+01 3.02934570e+01 3.13338909e+01
    3.23475723e+01 3.25362244e+01 2.99464226e+01 2.87677383e+01
    2.99532375e+01 2.80611362e+01 2.98315029e+01 3.15619965e+01
    2.88752155e+01 2.89225063e+01 3.08273964e+01 2.93344135e+01
    3.00734024e+01 2.79264145e+01 3.00502300e+01 2.86667633e+01
    3.05401459e+01 2.85506153e+01 2.71594238e+01 2.84389305e+01
    2.99280624e+01 2.72983875e+01 2.64856110e+01 2.88679848e+01
    2.82292118e+01 2.78265305e+01 2.84565353e+01 3.06299820e+01
    3.10670471e+01 2.93833027e+01 2.78445435e+01 3.15438576e+01
    2.85280533e+01 3.10459557e+01 3.04391479e+01 3.15615368e+01
    3.10062618e+01 3.02473774e+01 2.94750443e+01 3.16691418e+01
    3.02255173e+01 3.13985634e+01 2.79699631e+01 2.80732307e+01
    2.75987091e+01 2.68886185e+01 2.71542053e+01 2.81060257e+01
    2.60538559e+01 2.85933075e+01 2.84057407e+01 2.82232914e+01
    2.80162659e+01 2.83760204e+01 3.16799107e+01 2.83238697e+01
    3.06264038e+01 3.17208500e+01 3.24249840e+01 3.23599777e+01
    3.22683830e+01 3.34215393e+01 3.28639565e+01 3.24726295e+01
    3.14429493e+01 3.12114048e+01 3.12431793e+01 3.21709099e+01
    3.02670631e+01 2.99502201e+01 2.70611382e+01 3.04348545e+01
    2.81746845e+01 2.81353378e+01 2.81665993e+01 3.00473042e+01
    2.79449444e+01 2.92992382e+01 3.02966290e+01 2.98337212e+01
    2.78459320e+01 2.87899723e+01 2.79691772e+01 2.96983643e+01
    2.88223305e+01 2.79802132e+01 2.86662617e+01 2.74182377e+01
    2.64048462e+01 2.65116329e+01 2.54700928e+01 2.59581890e+01
    2.69249477e+01 2.98726368e+01 2.85449276e+01 2.73915558e+01
    2.75058804e+01 2.96553764e+01 2.81963673e+01 3.06503429e+01
    2.92069492e+01 3.03883991e+01 2.85983562e+01 2.53902416e+01
    2.84705124e+01 2.91749096e+01 2.98516846e+01 2.90710220e+01
    3.02825699e+01 3.03478756e+01 2.95138359e+01 3.12535477e+01
    3.35996475e+01 3.34915047e+01 3.27167549e+01 3.28927422e+01
    3.01066151e+01 3.15239162e+01 2.92568245e+01 2.95751648e+01
    2.91832981e+01 2.98476009e+01 2.81950645e+01 2.82569141e+01
    2.97554150e+01 2.96767426e+01 2.87235336e+01 3.03283577e+01
    3.05952301e+01 2.93131695e+01 3.01015892e+01 3.08955593e+01
    3.20852509e+01 3.24746475e+01 3.05256195e+01 3.20617256e+01
    3.06237659e+01 3.23640366e+01 3.00897160e+01 3.01855526e+01
    3.10880451e+01 2.94425468e+01 2.93122997e+01 2.83381920e+01
    2.79187202e+01 2.91256924e+01 2.77619667e+01 3.00460606e+01
    2.83369713e+01 2.74729424e+01 2.97191200e+01 3.07795811e+01
    3.02242603e+01 2.84757519e+01 2.79183540e+01 3.10973969e+01
    3.04699745e+01 3.12656670e+01 3.13498096e+01 3.32159119e+01
    3.04422855e+01 3.05840740e+01 3.49181633e+01 3.19831657e+01
    3.13669567e+01 3.15129070e+01 3.31881981e+01 3.30779686e+01
    3.28165932e+01 3.28706207e+01 3.18272896e+01 3.06040707e+01
    3.04744053e+01 3.05901279e+01 2.89301586e+01 3.14040337e+01
    3.14124432e+01 3.00424652e+01 2.95382786e+01 2.95676727e+01
    3.23494568e+01 2.96887779e+01 3.07993164e+01 3.05351181e+01
    3.09721222e+01 3.04215508e+01 3.24050636e+01 3.41466980e+01
    3.19455452e+01 3.26475639e+01 3.38419342e+01 3.42321281e+01
    3.44781723e+01 3.32493477e+01 3.19689045e+01 3.19910946e+01
    3.05527687e+01 3.21028633e+01 2.80378151e+01 3.10784264e+01
    3.01250019e+01 2.97036476e+01 3.00173550e+01 3.19232464e+01
    3.04679966e+01 3.11237316e+01 3.09136772e+01 3.02450390e+01
    3.14906826e+01 3.19350700e+01 3.04778900e+01 2.80721493e+01
    2.96916790e+01 2.90709686e+01 2.84745712e+01 2.82951183e+01
    3.03484764e+01 2.99437790e+01 2.99763718e+01 3.07997704e+01
    3.07895622e+01 3.39416046e+01 3.12257710e+01 3.17429428e+01
    3.14055347e+01 3.30868835e+01 2.90190430e+01 2.79474125e+01
    2.75260696e+01 2.86000080e+01 2.68894196e+01 2.85112686e+01
    2.78151093e+01 2.78152618e+01 2.78638382e+01 2.95428524e+01
    2.89938526e+01 3.02295990e+01 3.07013969e+01 3.14353180e+01
    3.37878838e+01 3.10955296e+01 3.14226665e+01 3.20438728e+01
    3.06620026e+01 3.20117912e+01 3.07252407e+01 3.11284008e+01
    3.05670261e+01 3.00057030e+01 2.92242355e+01 3.05183182e+01
    2.81814709e+01 2.90458794e+01 3.16187897e+01 3.20057220e+01
    2.91169319e+01 2.83888874e+01 2.81653595e+01 2.89376106e+01
    2.75825176e+01 2.74482403e+01 2.61816292e+01 2.62048874e+01
    2.76625481e+01 2.69054127e+01 2.80234814e+01 2.63599396e+01
    2.83603611e+01 2.85285816e+01 2.85177803e+01 2.86102924e+01
    3.00728569e+01 3.01429768e+01 2.91947803e+01 3.02139587e+01
    2.83060036e+01 3.09738522e+01 2.98368092e+01 3.26520691e+01
    3.02657375e+01 3.03278923e+01 3.05744896e+01 3.06690979e+01
    2.91827927e+01 3.06101837e+01 3.02631760e+01 2.96801815e+01
    2.62457695e+01 2.83530369e+01 2.75100632e+01 2.70314026e+01
    2.74590187e+01 2.72275677e+01 2.62911510e+01 2.78406219e+01
    2.73415813e+01 2.67516499e+01 2.84570465e+01 2.89634991e+01
    3.16083031e+01 3.13202438e+01 3.19303493e+01 3.06871471e+01
    3.35596352e+01 3.24503632e+01 3.23300552e+01 3.39280930e+01
    3.27826309e+01 3.35207253e+01 2.95788822e+01 3.05286598e+01
    3.05249557e+01 2.93567619e+01 3.06541691e+01 2.71777554e+01
    2.78604012e+01 2.88583221e+01 2.72001534e+01 2.92837238e+01
    2.86982021e+01 2.97580261e+01 2.82861271e+01 2.91179428e+01
    3.00316696e+01 2.89373074e+01 2.95507545e+01 2.76327572e+01
    2.74816055e+01 2.73219948e+01 2.64564915e+01 2.78790417e+01
    2.74771423e+01 2.81471024e+01 2.39449940e+01 2.55435467e+01
    2.72079849e+01 2.55630360e+01 2.82437363e+01 2.98200798e+01
    2.72575226e+01 2.97004185e+01 2.97744026e+01 2.86976280e+01
    2.81488056e+01 3.08926773e+01 3.01588993e+01 2.84263020e+01
    2.84292049e+01 2.79974041e+01 2.76194801e+01 2.74141197e+01
    3.11076603e+01 3.01637878e+01 2.81097107e+01 2.86290417e+01
    3.07153969e+01 3.06813030e+01 3.07181187e+01 3.14339085e+01
    3.23297653e+01 3.21728134e+01 3.11341496e+01 2.90199623e+01
    2.92328186e+01 2.90565071e+01 2.96351910e+01 2.77509422e+01
    2.93416767e+01 3.08357582e+01 2.86767406e+01 2.92356911e+01
    2.86917534e+01 3.06744518e+01 3.09089756e+01 2.96843662e+01
    2.98127537e+01 3.13605270e+01 3.26156197e+01 3.16245766e+01
    3.32415199e+01 3.09748955e+01 2.95731373e+01 3.00750198e+01
    3.06897774e+01 3.09210110e+01 3.10107651e+01 2.99061489e+01
    2.88599205e+01 2.88435173e+01 3.07275734e+01 2.93248825e+01
    2.87425613e+01 2.93515244e+01 2.83500614e+01 2.95825768e+01
    2.96679821e+01 2.92558975e+01 2.96916695e+01 2.94684410e+01
    3.05379009e+01 2.96372242e+01 2.86524982e+01 3.19460926e+01
    3.25011559e+01 3.37920532e+01 3.23430290e+01 3.35313225e+01
    3.45153389e+01 3.39565239e+01 3.31625404e+01 3.30504723e+01
    3.44021606e+01 3.36531372e+01 3.22376518e+01 3.03186150e+01
    3.34511299e+01 2.99020939e+01 3.15315380e+01 2.97302876e+01
    3.15452805e+01 3.24256973e+01 2.77364388e+01 3.00675182e+01
    3.11860180e+01 2.93083706e+01 3.03769608e+01 2.96613178e+01
    3.13391800e+01 2.90899792e+01 3.14079342e+01 3.17186775e+01
    3.21887360e+01 3.22137184e+01 3.36501427e+01 3.23903008e+01
    3.29662628e+01 3.41350975e+01 3.35573235e+01 3.27213821e+01
    3.18657646e+01 3.44469833e+01 3.08038826e+01 3.12663498e+01
    3.04471836e+01 3.19689064e+01 3.24990578e+01 3.18166904e+01
    3.09377308e+01 3.25208664e+01 3.28898582e+01 3.30008965e+01
    2.96157951e+01 3.02540569e+01 3.22539215e+01 3.17026558e+01
    3.02499180e+01 2.97575111e+01 3.02572899e+01 2.73765144e+01
    3.04703770e+01 3.15159340e+01 2.78332806e+01 2.86199512e+01
    3.03874130e+01 2.93233757e+01 2.90167942e+01 3.03014240e+01
    3.25763550e+01 3.29341316e+01 3.16395035e+01 3.24193687e+01
    2.82599487e+01 2.66280613e+01 2.89836998e+01 2.80138988e+01
    2.68308220e+01 2.74154053e+01 2.86278515e+01 2.89113979e+01
    2.93119049e+01 2.90000782e+01 2.77793102e+01 3.19156246e+01
    2.92859173e+01 2.99088097e+01 3.22262764e+01 3.05847893e+01
    3.29094429e+01 3.24765434e+01 3.00616875e+01 3.04783154e+01
    3.16177273e+01 3.26036415e+01 3.06233616e+01 3.15955544e+01
    3.05111446e+01 2.95419426e+01 3.02524509e+01 3.20776215e+01
    2.94333649e+01 3.17406178e+01 3.05465622e+01 2.95641880e+01
    2.81416111e+01 2.87436028e+01 2.86393719e+01 2.65469685e+01
    2.66864376e+01 2.68332119e+01 2.55511341e+01 2.58755169e+01
    2.60778656e+01 2.81170082e+01 2.73215523e+01 2.75230370e+01
    2.85300865e+01 2.86795540e+01 2.85260353e+01 2.85225067e+01
    2.96033993e+01 2.77290421e+01 2.88822956e+01 3.02977028e+01
    3.07997665e+01 3.09228592e+01 2.99655056e+01 3.05567570e+01
    2.93979492e+01 3.06243229e+01 2.93598309e+01 2.97627697e+01
    2.99112434e+01 2.96261711e+01 2.67700596e+01 2.72144852e+01
    2.86896133e+01 2.65506439e+01 2.63937244e+01 2.77708836e+01
    2.61170654e+01 2.73630981e+01 2.59405766e+01 2.82113075e+01
    2.80974236e+01 2.88676167e+01 2.96257420e+01 2.94366264e+01
    3.05207138e+01 3.07648945e+01 3.17056541e+01 3.25002823e+01
    3.14779205e+01 3.15424824e+01 3.18458786e+01 3.15361061e+01
    3.16526546e+01 2.93194885e+01 2.77026806e+01 3.16729889e+01
    2.94460316e+01 2.88828621e+01 2.94938412e+01 2.87864075e+01
    2.87795181e+01 2.80592308e+01 2.70951290e+01 2.85535069e+01
    2.84849358e+01 2.99856510e+01 3.01575603e+01 3.00119286e+01
    2.84882317e+01 2.59443703e+01 2.72055855e+01 2.75339699e+01
    2.79137878e+01 2.88344040e+01 2.77418709e+01 2.75356159e+01
    2.50880013e+01 2.66437016e+01 2.56146011e+01 2.73903599e+01
    2.78139915e+01 2.86582718e+01 2.97053032e+01 2.85306778e+01
    2.75926037e+01 2.96721516e+01 3.01607227e+01 3.05617447e+01
    2.86482449e+01 2.90342426e+01 2.73426380e+01 2.78543377e+01
    2.73578663e+01 2.85084896e+01 3.01546955e+01 3.03758068e+01
    3.01699467e+01 3.03683338e+01 3.03936329e+01 3.09680634e+01
    3.22727852e+01 3.23038177e+01 3.39031601e+01 3.23281975e+01
    2.97420464e+01 2.91585159e+01 3.00808029e+01 2.81543255e+01
    2.94768715e+01 3.04883099e+01 3.04865856e+01 2.96815624e+01
    2.97636185e+01 2.93607712e+01 2.99675426e+01 2.97428188e+01
    3.11214485e+01 2.89501228e+01 2.92758694e+01 3.23666229e+01
    3.21918602e+01 3.25186157e+01 3.19720650e+01 3.25784149e+01
    3.11620922e+01 3.12231464e+01 3.07442341e+01 3.10058212e+01
    2.92670135e+01 2.94712563e+01 2.89426308e+01 3.05748844e+01
    3.03920460e+01 2.64322147e+01 2.87827644e+01 2.88093262e+01
    2.90591354e+01 2.79857922e+01 2.91155949e+01 2.83283081e+01
    2.96835175e+01 3.03658619e+01 2.89846992e+01 3.02887726e+01
    3.08922482e+01 3.31591377e+01 3.21322708e+01 3.27064743e+01
    3.27134132e+01 3.27101669e+01 3.39827614e+01 3.40535507e+01
    3.39653435e+01 3.29635735e+01 3.20964279e+01 3.35322952e+01
    3.32882080e+01 3.08993797e+01 3.22247620e+01 3.18880329e+01
    3.34189301e+01 2.96623955e+01 3.18006554e+01 3.10910854e+01
    3.05919838e+01 3.17066517e+01 2.80209332e+01 3.04359283e+01
    3.04990749e+01 3.01971359e+01 3.16447277e+01 2.97501183e+01
    3.19620724e+01 2.88099136e+01 3.18774261e+01 3.09235115e+01
    3.15110435e+01 3.15929470e+01 3.11462822e+01 3.25424652e+01
    3.09624710e+01 3.12005920e+01 3.30463333e+01 3.25157127e+01
    3.21246223e+01 3.06237297e+01 3.00773277e+01 2.98642826e+01
    3.07537022e+01 3.03711491e+01 3.11756821e+01 2.99752502e+01
    2.94143887e+01 3.25604401e+01 3.02063808e+01 2.96496620e+01
    3.05694504e+01 3.08466644e+01 3.04642124e+01 2.82611427e+01
    2.98488445e+01 2.74672108e+01 2.82810097e+01 2.73714027e+01
    2.98406105e+01 2.97611618e+01 2.71547947e+01 2.96125660e+01
    3.17338543e+01 3.01040783e+01 3.39986267e+01 3.33200493e+01
    3.28768806e+01 3.12973022e+01 2.77814922e+01 2.75202484e+01
    2.65272560e+01 2.47906570e+01 2.69971905e+01 2.86832600e+01
    2.88001404e+01 2.80539074e+01 2.75169640e+01 2.73614941e+01
    2.86997242e+01 2.97962227e+01 2.79643497e+01 2.98019409e+01
    3.11216831e+01 3.09016762e+01 2.93606472e+01 2.99568729e+01
    3.15663605e+01 3.05726509e+01 2.95451069e+01 3.07745438e+01
    3.04822369e+01 3.11801739e+01 3.12526855e+01 3.03741817e+01
    3.02543278e+01 3.00871372e+01 3.02279186e+01 3.30105095e+01
    3.01646481e+01 2.96089954e+01 2.89113121e+01 2.86901970e+01
    2.82094479e+01 2.78092861e+01 2.81212997e+01 2.66025848e+01
    2.64721813e+01 2.76493015e+01 2.68998508e+01 2.68441772e+01
    2.72874508e+01 2.84516754e+01 2.71588516e+01 2.88311768e+01
    2.83391876e+01 3.05110893e+01 2.92015018e+01 2.97952995e+01
    3.09933891e+01 3.00426254e+01 3.25466003e+01 3.20491028e+01
    3.06352272e+01 3.02879944e+01 2.96685562e+01 3.09029312e+01
    2.88344707e+01 3.13325424e+01 3.01068478e+01 3.04494686e+01
    2.76937962e+01 2.81582851e+01 2.87074528e+01 2.89391708e+01
    2.86245270e+01 2.57273140e+01 2.79727192e+01 2.93172894e+01
    2.87753525e+01 2.85905075e+01 2.90277863e+01 3.02929020e+01
    3.03112488e+01 3.00542355e+01 3.17037354e+01 3.14050751e+01
    3.17613831e+01 3.31146698e+01 3.16312218e+01 3.20778275e+01
    3.28590584e+01 3.29127922e+01 3.14548893e+01 2.89871826e+01
    2.89361744e+01 2.94889698e+01 2.80689468e+01 2.78221054e+01
    2.76583099e+01 2.90145779e+01 2.58199825e+01 2.71259384e+01
    2.66301231e+01 2.93746109e+01 2.89938717e+01 2.94501686e+01
    3.07448463e+01 3.01969166e+01 2.99385204e+01 2.80387669e+01
    2.84590511e+01 2.66637135e+01 2.93882961e+01 2.84440460e+01
    2.85155640e+01 2.79887238e+01 2.68468819e+01 2.39912338e+01
    2.58205185e+01 2.77229671e+01 2.78829193e+01 2.94559803e+01
    2.81431637e+01 2.88956318e+01 2.86667576e+01 2.76620159e+01
    2.96999722e+01 2.86107693e+01 2.99311180e+01 2.88225346e+01
    2.91492863e+01 2.73889980e+01 2.77693138e+01 2.75216885e+01
    3.03088474e+01 2.88668613e+01 2.93266125e+01 2.87465515e+01
    3.05510635e+01 2.94031868e+01 3.12048893e+01 3.10548115e+01
    3.17691689e+01 3.10525627e+01 3.10766048e+01 3.03213081e+01
    2.89657536e+01 3.01749878e+01 3.12291451e+01 3.01922588e+01
    3.05463428e+01 3.19289398e+01 3.13107300e+01 2.95632381e+01
    3.04081650e+01 3.01710281e+01 3.20729599e+01 3.17427635e+01
    3.26938820e+01 3.20079346e+01 3.07881622e+01 3.18632755e+01
    3.20015411e+01 3.16293774e+01 3.16559715e+01 3.10355740e+01
    3.04549732e+01 3.05436096e+01 3.14839325e+01 3.08306561e+01
    2.94884167e+01 2.91348248e+01 3.00052242e+01 2.79195213e+01
    2.78265724e+01 2.93087177e+01 2.81294212e+01 2.93952942e+01
    3.13788605e+01 2.93172951e+01 2.95604610e+01 2.89999657e+01
    3.19831524e+01 3.05828896e+01 3.05297241e+01 3.21380577e+01
    3.43806152e+01 3.51621475e+01 3.39396324e+01 3.48226242e+01
    3.34424438e+01 3.32143135e+01 3.48221092e+01 3.31859856e+01
    3.40807228e+01 3.50009117e+01 3.18851128e+01 3.19863625e+01
    3.28500061e+01 3.25179520e+01 3.31590538e+01 2.96629353e+01
    3.16955204e+01 3.06591072e+01 3.00656490e+01 2.91976795e+01
    3.09497643e+01 3.14929619e+01 3.02641697e+01 2.90849152e+01
    3.13872662e+01 2.92526188e+01 3.05441532e+01 2.97644958e+01
    3.17503643e+01 3.06984463e+01 3.21577721e+01 3.14146080e+01
    3.16825867e+01 3.26702461e+01 3.41071777e+01 3.30880928e+01
    3.17021790e+01 3.32481117e+01 3.35276375e+01 2.97795982e+01
    3.05435772e+01 3.20441017e+01 3.22587662e+01 3.16258278e+01
    3.10571289e+01 3.09082775e+01 3.09993858e+01 3.12607327e+01
    2.95186863e+01 2.88624344e+01 3.23074493e+01 2.79862194e+01
    3.01021194e+01 3.05692158e+01 2.78610077e+01 2.61683826e+01
    2.77663116e+01 2.63501015e+01 2.69240875e+01 2.80236130e+01
    2.90939350e+01 2.89520473e+01 2.98331509e+01 3.30522079e+01
    3.17105103e+01 3.14957447e+01 3.29176407e+01 3.32464180e+01
    2.81184006e+01 2.69300766e+01 2.67767258e+01 2.82770290e+01
    2.60608501e+01 2.77556438e+01 2.62716522e+01 2.81789646e+01
    2.98241367e+01 2.58362083e+01 2.65706253e+01 2.72735538e+01
    2.87611351e+01 2.87187595e+01 2.96266823e+01 2.99609852e+01
    3.08060894e+01 2.97413235e+01 2.99751415e+01 2.87268162e+01
    3.13892670e+01 3.05701733e+01 3.07602043e+01 3.07959423e+01
    3.08072281e+01 3.05540447e+01 3.13556862e+01 2.97607574e+01
    3.05187054e+01 3.14476700e+01 3.08601685e+01 2.88709145e+01
    2.75322971e+01 2.84128799e+01 2.76788254e+01 2.65853310e+01
    2.68265800e+01 2.69446182e+01 2.54672565e+01 2.49543858e+01
    2.55354939e+01 2.67553825e+01 2.80618668e+01 2.49795876e+01
    2.85115089e+01 2.93890152e+01 2.92647820e+01 3.08992519e+01
    2.94702301e+01 3.10073090e+01 2.93773689e+01 3.04254169e+01
    3.11603661e+01 3.08882923e+01 2.98350639e+01 3.05323277e+01
    2.87992878e+01 2.78845596e+01 2.93735733e+01 3.02449799e+01
    3.00647888e+01 2.87375183e+01 2.79583969e+01 2.79869328e+01
    2.69514103e+01 2.75597897e+01 2.73153992e+01 2.77671719e+01
    2.92510185e+01 2.79527092e+01 2.84174213e+01 2.94236507e+01
    2.94270344e+01 2.72196960e+01 3.09466133e+01 3.08065281e+01
    3.02353554e+01 2.93318787e+01 3.23665924e+01 3.10923386e+01
    3.06209869e+01 3.17058697e+01 2.97127495e+01 3.03062267e+01
    3.10112495e+01 3.05659695e+01 2.84737911e+01 2.81727219e+01
    2.71057529e+01 2.61113491e+01 2.68138905e+01 2.64687405e+01
    2.74462032e+01 2.80514965e+01 2.64670696e+01 2.78849297e+01
    2.94373722e+01 3.06641064e+01 3.21854782e+01 2.98265591e+01
    3.12664680e+01 2.87620926e+01 2.85104084e+01 3.00925560e+01
    2.82736931e+01 2.93538055e+01 2.85786934e+01 2.56603203e+01
    2.61571369e+01 2.46379967e+01 2.61541519e+01 2.62157116e+01
    2.93510551e+01 2.86836929e+01 2.70842743e+01 3.09075966e+01
    2.61943398e+01 2.72150955e+01 2.90886555e+01 3.05651112e+01
    2.91270847e+01 2.83801670e+01 2.97553921e+01 3.05593319e+01
    2.84619446e+01 2.78860321e+01 2.98589211e+01 2.93913727e+01
    3.18453712e+01 3.02806759e+01 2.96353436e+01 3.12448711e+01
    2.96683235e+01 3.04569168e+01 3.16587257e+01 3.23166084e+01
    3.10328636e+01 3.05171661e+01 3.21760178e+01 3.05044212e+01
    3.17780533e+01 3.01774502e+01 3.15118599e+01 3.07693710e+01
    3.04559669e+01 3.19073296e+01 3.03970795e+01 3.15684338e+01
    3.43652458e+01 3.11379776e+01 3.27540550e+01 3.23098679e+01
    3.18808899e+01 3.27000351e+01 3.29592361e+01 3.07938290e+01
    3.20329704e+01 3.06342278e+01 2.99601536e+01 3.15640507e+01
    3.03806686e+01 2.92026405e+01 2.97441349e+01 3.01874580e+01
    3.13479328e+01 2.82222614e+01 2.84548321e+01 3.00186062e+01
    3.22122498e+01 3.11419945e+01 3.25302811e+01 3.05706940e+01
    2.94591274e+01 3.14825039e+01 3.06783848e+01 3.13615170e+01
    3.29680443e+01 3.23807564e+01 3.30547180e+01 3.38550568e+01
    3.24996376e+01 3.22691727e+01 3.37579651e+01 3.49856873e+01
    3.31462021e+01 3.25867195e+01 3.38520126e+01 3.28277893e+01
    3.26334457e+01 3.19182205e+01 3.05552235e+01 3.16550255e+01
    3.12807865e+01 3.23692017e+01 3.30155144e+01 2.98268776e+01
    3.03929520e+01 3.05244198e+01 3.04269619e+01 3.10753956e+01
    3.02135868e+01 3.05989208e+01 3.09098167e+01 3.05980377e+01
    3.02039738e+01 2.97309456e+01 3.03619804e+01 3.29832916e+01
    3.13964863e+01 3.10868454e+01 3.25874596e+01 3.33663597e+01
    3.32593803e+01 3.22440681e+01 3.20181046e+01 3.18848915e+01
    3.21227837e+01 3.01482677e+01 3.06900196e+01 3.24465485e+01
    3.12810078e+01 3.29322281e+01 3.12561531e+01 2.94824886e+01
    2.94784012e+01 3.10339966e+01 2.83927708e+01 2.82089310e+01
    2.90234833e+01 2.77468472e+01 2.93915291e+01 2.57851353e+01
    2.71663399e+01 2.72638626e+01 2.69295578e+01 2.63612976e+01
    2.77958374e+01 2.83597622e+01 2.89630203e+01 2.93495712e+01
    3.14960938e+01 2.97445221e+01 3.02738438e+01 3.20120811e+01
    3.08764954e+01 3.31851311e+01 2.70110359e+01 2.58067474e+01
    2.74958439e+01 2.55190887e+01 2.64734287e+01 2.78611393e+01
    2.66437130e+01 2.77113075e+01 2.53679924e+01 2.46147976e+01
    2.67408123e+01 2.69642944e+01 2.55107956e+01 2.77642021e+01
    2.86458588e+01 2.96011410e+01 3.01745682e+01 2.89927826e+01
    2.81196861e+01 2.99623146e+01 3.04275856e+01 2.84617062e+01
    3.14814930e+01 3.11896229e+01 3.06689968e+01 2.95843315e+01
    3.07985764e+01 2.93100548e+01 2.99834442e+01 3.15404968e+01
    2.99186707e+01 3.04889240e+01 2.95036201e+01 2.84810867e+01
    2.74341545e+01 2.94260502e+01 2.81100159e+01 2.48742962e+01
    2.63876133e+01 2.68344116e+01 2.77187309e+01 2.50105648e+01
    2.74562912e+01 2.77477226e+01 2.93974552e+01 3.00811806e+01
    3.03819370e+01 3.05401802e+01 2.98214741e+01 2.95742435e+01
    2.72397346e+01 2.75570431e+01 3.17101345e+01 3.24357452e+01
    2.96303978e+01 3.02888470e+01 2.84093933e+01 3.07337303e+01
    2.93514729e+01 2.89860039e+01 2.99284019e+01 2.85037842e+01
    2.79959145e+01 2.78114052e+01 2.66855240e+01 2.84218731e+01
    2.84071884e+01 2.74136848e+01 2.82917786e+01 3.00161476e+01
    2.83837757e+01 2.98241062e+01 2.86137276e+01 3.05924225e+01
    2.99611378e+01 2.93433876e+01 3.14503002e+01 2.96889114e+01
    3.27065506e+01 3.12604256e+01 3.07131023e+01 3.06505756e+01
    3.12268753e+01 3.09337730e+01 2.99802246e+01 2.93119831e+01
    2.78950386e+01 2.76442642e+01 2.76703014e+01 2.64705238e+01
    2.62760887e+01 2.63838081e+01 2.90654659e+01 2.81253624e+01
    2.63714008e+01 3.02062531e+01 2.95883312e+01 3.16721764e+01
    3.19388828e+01 3.02253456e+01 3.19387608e+01 3.05015678e+01
    3.07018528e+01 2.79785728e+01 3.08247890e+01 2.95088902e+01
    2.86402378e+01 2.80717716e+01 2.78357258e+01 2.46328487e+01
    2.64953117e+01 2.56792126e+01 2.86134243e+01 2.91746197e+01
    2.96163578e+01 2.72236347e+01 2.75507450e+01 2.90603542e+01
    2.91660957e+01 2.90737400e+01 2.95376682e+01 2.82664547e+01
    3.05121861e+01 2.89735374e+01 2.71923485e+01 2.87173615e+01
    2.98949661e+01 3.03543510e+01 3.11118546e+01 2.83506622e+01
    3.05597801e+01 3.05484390e+01 2.90659180e+01 3.03742237e+01
    3.03837013e+01 2.98846645e+01 3.27715569e+01 3.04448166e+01
    3.06284485e+01 2.98302078e+01 3.00331268e+01 3.12041378e+01
    3.12534771e+01 3.04193287e+01 3.18160954e+01 3.21748543e+01
    3.11683998e+01 3.26735954e+01 3.06026077e+01 3.23325615e+01
    3.33099365e+01 3.33192368e+01 3.21314659e+01 3.12209892e+01
    3.18216267e+01 3.16580448e+01 3.05262375e+01 3.10694866e+01
    3.02861843e+01 2.95433311e+01 2.90772858e+01 3.05591087e+01
    2.82699356e+01 2.88814926e+01 3.02550602e+01 2.90233269e+01
    3.07597675e+01 3.09081707e+01 3.08174686e+01 3.08608494e+01
    3.03499374e+01 3.22026520e+01 3.13664608e+01 2.89374542e+01
    3.25496979e+01 3.19032707e+01 3.19835186e+01 3.25269279e+01
    3.08220558e+01 3.23098450e+01 3.07087097e+01 3.19867477e+01
    3.15351238e+01 3.20399933e+01 3.17228718e+01 3.16846371e+01
    3.45594864e+01 3.32543144e+01 3.14768562e+01 3.11203327e+01
    3.04830284e+01 3.17742710e+01 3.28152542e+01 3.15066204e+01
    3.22470894e+01 3.07356720e+01 3.18116703e+01 3.09622803e+01
    3.01128311e+01 3.17144928e+01 3.15619469e+01 3.20173645e+01
    2.99370422e+01 3.10599041e+01 3.22297058e+01 3.11714268e+01
    3.34941788e+01 3.17706547e+01 3.18448963e+01 3.22310066e+01
    3.24165916e+01 3.29011688e+01 3.32722397e+01 3.36069031e+01
    3.25531082e+01 3.15232391e+01 3.27698479e+01 3.23705826e+01
    3.08226833e+01 3.11082554e+01 3.30727654e+01 3.23717079e+01
    3.10533085e+01 2.99088326e+01 3.16490211e+01 2.87765942e+01
    2.75402050e+01 3.02951736e+01 2.90013371e+01 2.99573116e+01
    2.80698013e+01 2.68583183e+01 2.78570900e+01 2.71953907e+01
    2.80352192e+01 2.82325726e+01 2.85070953e+01 2.73576298e+01
    2.74274635e+01 2.98851910e+01 2.82870960e+01 3.05704098e+01
    2.94097233e+01 2.86531181e+01 3.19827900e+01 3.19139805e+01
    2.85134144e+01 2.72299995e+01 2.70239372e+01 2.55048046e+01
    2.53437653e+01 2.57829800e+01 2.60962048e+01 2.63446159e+01
    2.72905083e+01 2.72830143e+01 2.59436722e+01 2.61803837e+01
    2.70569324e+01 2.84025078e+01 2.83530216e+01 3.03818035e+01
    3.07482376e+01 2.90866337e+01 2.92324924e+01 2.89085064e+01
    3.05922813e+01 3.06191063e+01 3.12946434e+01 3.16105061e+01
    3.14401207e+01 2.99029942e+01 3.11767960e+01 3.03304634e+01
    3.05996819e+01 3.01909962e+01 3.16907520e+01 2.81963844e+01
    2.90744133e+01 2.90478878e+01 2.75040741e+01 2.67888603e+01
    2.67734756e+01 2.64264030e+01 2.79650192e+01 2.56084919e+01
    2.91512680e+01 2.65350132e+01 2.83479328e+01 2.78899994e+01
    3.04975643e+01 2.89227619e+01 3.03607368e+01 3.23857231e+01
    2.77199516e+01 2.85224228e+01 3.02196770e+01 2.98461723e+01
    3.17087116e+01 2.96093616e+01 3.00321999e+01 2.92362347e+01
    2.77287254e+01 2.88191128e+01 2.77418003e+01 2.84406376e+01
    2.95701809e+01 3.04845886e+01 2.51936855e+01 2.73786411e+01
    2.89062481e+01 2.88235111e+01 2.75499458e+01 3.00092869e+01
    3.00414143e+01 2.86335926e+01 2.94913006e+01 3.12002773e+01
    2.96168652e+01 3.09685116e+01 3.04515476e+01 3.35496407e+01
    3.08054333e+01 3.10011234e+01 3.18053875e+01 3.01305218e+01
    3.17276306e+01 3.02785854e+01 3.05781479e+01 3.03167744e+01
    3.03864803e+01 2.81527863e+01 2.88555832e+01 2.76042690e+01
    2.60593014e+01 2.50556450e+01 2.78604259e+01 2.80393620e+01
    2.77200642e+01 2.89948521e+01 2.81748047e+01 2.86329365e+01
    3.04696598e+01 3.19698524e+01 3.21712341e+01 3.17316818e+01
    3.25556831e+01 3.10351238e+01 2.92090530e+01 3.08334904e+01
    3.13650303e+01 3.00842628e+01 3.07838879e+01 2.67918129e+01
    2.91828423e+01 2.83564548e+01 2.86794720e+01 2.88166180e+01
    2.93832378e+01 2.85144482e+01 2.88892441e+01 2.97133675e+01
    2.79641819e+01 2.83823395e+01 2.83632717e+01 3.06786900e+01
    3.07044716e+01 2.88930416e+01 3.03458519e+01 3.11755524e+01
    2.93292942e+01 3.09651947e+01 3.04074192e+01 3.10659580e+01
    3.12434025e+01 3.08221607e+01 3.03250065e+01 3.03993435e+01
    3.03789978e+01 3.05414600e+01 3.04501915e+01 3.33528214e+01
    3.16095467e+01 2.90507317e+01 3.03622017e+01 3.08140259e+01
    3.03304501e+01 2.95753441e+01 3.14632053e+01 3.09887867e+01
    3.18927956e+01 3.23444481e+01 3.16115952e+01 3.15598507e+01
    3.28150101e+01 3.28460045e+01 3.27235756e+01 3.42990685e+01
    3.25353661e+01 3.18888550e+01 3.13095455e+01 3.06344490e+01
    3.02052612e+01 3.00273190e+01 2.97111492e+01 2.88974228e+01
    3.09013329e+01 2.96259041e+01 2.95058670e+01 2.90467358e+01
    3.09610043e+01 3.04625454e+01 2.93996372e+01 2.95098267e+01
    3.09990692e+01 3.26204948e+01 3.23423347e+01 3.12553959e+01
    3.04441605e+01 3.10358505e+01 3.11619911e+01 3.07271290e+01
    3.13410301e+01 3.18116436e+01 3.29259911e+01 3.30693398e+01
    3.00608997e+01 3.10630379e+01 3.13645134e+01 3.39534569e+01
    3.08983116e+01 3.11903534e+01 3.12277031e+01 3.01619358e+01
    3.23588028e+01 3.19632778e+01 3.09386826e+01 3.15623093e+01
    3.16392841e+01 3.10449162e+01 3.43363914e+01 3.21207695e+01
    3.03620205e+01 2.93656483e+01 3.23619576e+01 3.28090363e+01
    3.13502617e+01 3.19499550e+01 3.15628929e+01 3.29426041e+01
    3.06009560e+01 2.97774239e+01 3.29491196e+01 3.25614662e+01
    3.26422653e+01 3.11025581e+01 3.14257278e+01 3.23717957e+01
    3.19608994e+01 3.15167351e+01 3.22850647e+01 3.28883553e+01
    3.20024147e+01 3.19803333e+01 3.10961876e+01 3.10190048e+01
    3.21583977e+01 3.24260178e+01 2.95923500e+01 3.00054512e+01
    3.06503792e+01 2.97549648e+01 2.84852524e+01 2.97917671e+01
    2.89805565e+01 2.99523563e+01 3.04092255e+01 2.79608746e+01
    2.77166862e+01 2.86417046e+01 2.97722492e+01 2.65215683e+01
    2.80839882e+01 2.64290810e+01 2.74806271e+01 2.71124592e+01
    2.74951077e+01 2.87924099e+01 2.79924850e+01 2.99047756e+01
    2.92017803e+01 2.98882236e+01 2.86769447e+01 2.83694096e+01
    2.67576389e+01 2.59870663e+01 2.53235378e+01 2.53645020e+01
    2.64063988e+01 2.85796013e+01 2.77612057e+01 2.57787151e+01
    2.66363144e+01 2.51683369e+01 2.77851734e+01 2.82565002e+01
    2.98523617e+01 3.12833042e+01 3.12449036e+01 2.91558533e+01
    2.95625172e+01 3.03092213e+01 3.04478951e+01 3.05786190e+01
    3.31305962e+01 3.18692856e+01 3.01509762e+01 3.03612862e+01
    3.19342766e+01 3.06872253e+01 3.12689285e+01 3.25961914e+01
    3.01218815e+01 3.06636887e+01 2.91296158e+01 2.84928303e+01
    2.68882332e+01 2.93322239e+01 2.74786644e+01 2.75366936e+01
    2.76093464e+01 2.70357838e+01 2.84052620e+01 2.66804752e+01
    2.81038151e+01 2.77054729e+01 2.99563999e+01 2.80962029e+01
    2.97021961e+01 2.96305141e+01 2.97887325e+01 3.10104809e+01
    3.01909237e+01 3.05592556e+01 3.00097733e+01 3.25056877e+01
    3.22038040e+01 2.98863564e+01 2.87546692e+01 2.97197609e+01
    3.02336636e+01 3.02623253e+01 3.07688942e+01 2.90029602e+01
    2.81810055e+01 2.93857708e+01 2.81795330e+01 2.95095768e+01
    2.93604050e+01 2.87400246e+01 3.04074440e+01 2.96098423e+01
    3.06241379e+01 2.87765789e+01 3.04411926e+01 2.93409462e+01
    3.16818256e+01 3.24738884e+01 3.09261608e+01 3.20794411e+01
    3.02449265e+01 3.12645111e+01 3.05448055e+01 2.89670868e+01
    2.84939041e+01 3.03543320e+01 2.89049911e+01 2.56803207e+01
    2.66564026e+01 2.64297695e+01 2.62198238e+01 2.72220459e+01
    2.47713966e+01 2.58967514e+01 2.77489128e+01 2.89106445e+01
    2.75355759e+01 2.98648453e+01 3.10055523e+01 3.09204903e+01
    3.31449509e+01 3.19661274e+01 3.11495514e+01 3.04557629e+01
    3.17076454e+01 3.14354286e+01 3.16568394e+01 3.28398438e+01
    3.11180801e+01 2.85129089e+01 2.96276913e+01 2.78735752e+01
    3.02459641e+01 2.95068607e+01 2.98045197e+01 2.99239464e+01
    3.17101364e+01 2.88833942e+01 2.91182785e+01 2.94490128e+01
    2.99903984e+01 3.09275455e+01 2.87723141e+01 3.12214794e+01
    3.03987293e+01 3.14203854e+01 3.30419998e+01 3.06444530e+01
    3.05554008e+01 3.34445915e+01 3.18254471e+01 2.97843304e+01
    3.10206718e+01 3.31165810e+01 3.17358208e+01 3.14907970e+01
    3.07327290e+01 3.09903774e+01 2.97806950e+01 3.02669849e+01
    3.05843792e+01 2.93092003e+01 3.09826336e+01 3.31711311e+01
    3.07774067e+01 3.14405479e+01 3.14699383e+01 3.34100342e+01
    3.12951164e+01 3.21110115e+01 3.15686054e+01 3.19169998e+01
    3.41321030e+01 3.19554672e+01 3.31471329e+01 3.16894779e+01
    3.04610672e+01 3.01513557e+01 3.01887245e+01 2.97767086e+01
    2.95306263e+01 2.81534100e+01 3.02541142e+01 2.91680584e+01
    2.92114468e+01 3.01833210e+01 2.91163769e+01 2.69308090e+01
    3.06864834e+01 2.97928429e+01 2.88936825e+01 3.05836811e+01
    3.15450535e+01 3.17248287e+01 3.25774689e+01 3.10437202e+01
    3.11070404e+01 3.09735355e+01 3.23580284e+01 3.09100647e+01
    3.04293251e+01 3.07076893e+01 3.03310528e+01 3.10035572e+01
    3.16943226e+01 3.14211826e+01 3.08245831e+01 3.19446945e+01
    3.00018120e+01 3.11138458e+01 3.22016487e+01 3.10512295e+01
    2.97677078e+01 3.14719353e+01 3.24744186e+01 3.17099743e+01
    3.00530987e+01 2.96507721e+01 3.22675171e+01 2.92822437e+01
    3.10737610e+01 3.05842419e+01 3.27561646e+01 3.05885277e+01
    3.15650024e+01 3.14731579e+01 3.07803879e+01 3.08891411e+01
    3.21043892e+01 3.29264526e+01 3.18207855e+01 3.07172432e+01
    3.21228447e+01 3.18094330e+01 3.31395798e+01 3.07918224e+01
    3.05328407e+01 3.10079594e+01 3.02351685e+01 2.96564617e+01
    2.99151173e+01 3.17873402e+01 3.03836689e+01 3.25403976e+01
    3.08543758e+01 2.82089901e+01 3.03950596e+01 3.13076668e+01
    3.02638435e+01 2.94403477e+01 3.00016727e+01 3.09616699e+01
    3.16567478e+01 2.95298634e+01 3.07518120e+01 2.97852745e+01
    2.79057789e+01 3.09495831e+01 2.76529942e+01 2.71892548e+01
    2.78487034e+01 2.75437355e+01 2.89288578e+01 2.87880955e+01
    3.00897808e+01 2.96202183e+01 3.00707455e+01 3.15044117e+01
    2.85507774e+01 2.94570045e+01 2.86221542e+01 2.66621265e+01
    2.50413113e+01 2.70462341e+01 2.93161449e+01 2.82624226e+01
    2.79115849e+01 2.89271355e+01 2.63424683e+01 2.71029758e+01
    2.73303051e+01 2.69871044e+01 2.88778000e+01 3.02885571e+01
    2.91261635e+01 2.93172703e+01 2.72172947e+01 3.00961323e+01
    2.93589439e+01 2.81012764e+01 3.16168594e+01 2.96264477e+01
    3.25240173e+01 3.00911942e+01 3.07773285e+01 3.08528671e+01
    3.04779186e+01 3.04416580e+01 3.10714149e+01 3.01610489e+01
    2.77529392e+01 2.97988873e+01 3.04346771e+01 2.93991489e+01
    2.68793087e+01 2.78435936e+01 2.94136105e+01 2.82128258e+01
    2.77910461e+01 2.79319420e+01 2.84746456e+01 2.78391933e+01
    2.98295708e+01 2.87418537e+01 3.00744591e+01 3.05946999e+01
    3.01569042e+01 2.82660732e+01 3.01034031e+01 2.97195930e+01
    3.07275410e+01 3.18541546e+01 2.85463028e+01 2.80296860e+01
    2.80160942e+01 3.02251148e+01 2.91348801e+01 2.93244476e+01
    2.99541817e+01 3.07099705e+01 2.97481308e+01 2.67628078e+01
    2.81744614e+01 2.94850903e+01 2.69597378e+01 3.06692734e+01
    2.98419876e+01 3.08624744e+01 2.97973042e+01 3.19974976e+01
    2.91930046e+01 3.15165253e+01 3.08020573e+01 3.13255463e+01
    3.30623474e+01 3.12885780e+01 3.28435097e+01 2.90116882e+01
    2.91508121e+01 2.99405155e+01 2.75360680e+01 2.84612350e+01
    2.77739811e+01 2.73589649e+01 2.67508907e+01 2.75118523e+01
    2.69443741e+01 2.49798870e+01 2.72835045e+01 2.76644135e+01
    2.70259743e+01 2.88548031e+01 2.81186409e+01 3.00570354e+01
    2.81152916e+01 3.25734634e+01 3.14312820e+01 3.09060783e+01
    3.25555038e+01 3.13283978e+01 2.94671707e+01 2.98809223e+01
    3.11683559e+01 3.18104115e+01 3.09242973e+01 2.93887882e+01
    2.94185371e+01 2.91485252e+01 2.95867538e+01 3.01521015e+01
    3.07693939e+01 2.93970280e+01 2.83085613e+01 3.05287170e+01
    3.16491051e+01 2.98333378e+01 3.14155655e+01 3.07578144e+01
    3.15119553e+01 3.18550816e+01 3.10900002e+01 3.08759155e+01
    3.04801102e+01 3.02833862e+01 3.24409256e+01 3.13127747e+01
    3.21664238e+01 3.16375713e+01 3.06846828e+01 3.03741970e+01
    3.18071632e+01 2.99017467e+01 2.91733494e+01 3.23248024e+01
    2.91514416e+01 2.83106422e+01 3.01659355e+01 3.04393406e+01
    3.15230961e+01 3.06089611e+01 3.18952007e+01 3.02532635e+01
    3.15612450e+01 3.18260002e+01 3.06262856e+01 3.22633667e+01
    3.31855736e+01 3.27552528e+01 3.20187988e+01 3.25052414e+01
    3.20106926e+01 3.11052513e+01 3.27481766e+01 3.22366447e+01
    3.09665051e+01 3.15505867e+01 2.86170883e+01 2.75353508e+01
    2.94293499e+01 2.80862312e+01 2.79297428e+01 2.76762981e+01
    2.96985302e+01 2.84623680e+01 2.77138538e+01 2.87581882e+01
    2.89129257e+01 2.84120617e+01 3.25194778e+01 3.03213806e+01
    2.85300484e+01 3.04448986e+01 3.13974743e+01 3.04692516e+01
    2.99286346e+01 3.14315643e+01 3.18860207e+01 3.20155945e+01
    3.10380077e+01 2.92742844e+01 3.16364918e+01 3.04354172e+01
    3.14969597e+01 3.18235397e+01 3.01769753e+01 3.06183224e+01
    3.18083668e+01 3.11980324e+01 3.25470467e+01 3.13690529e+01
    3.09453068e+01 3.04544258e+01 3.11912403e+01 3.11956501e+01
    3.12965775e+01 3.07446423e+01 3.13851471e+01 3.15787811e+01
    3.21703529e+01 3.10836525e+01 3.09850407e+01 3.30688286e+01
    3.22033882e+01 2.97292252e+01 3.26343346e+01 3.29370728e+01
    3.19519405e+01 2.95971737e+01 3.15001316e+01 3.06602516e+01
    3.15528107e+01 3.09971447e+01 3.17376308e+01 2.91187401e+01
    3.12731476e+01 3.02649670e+01 3.00795135e+01 3.17009697e+01
    3.14962635e+01 3.11116142e+01 3.04496822e+01 3.00562382e+01
    2.93389893e+01 3.10542164e+01 3.15431252e+01 3.14255199e+01
    3.06978149e+01 3.28711281e+01 3.10091553e+01 3.21508484e+01
    3.20324707e+01 2.89064255e+01 3.01323700e+01 2.97689648e+01
    2.81229362e+01 2.89018764e+01 2.94090252e+01 2.94147015e+01
    2.89164715e+01 2.99910336e+01 2.96246471e+01 2.80204811e+01
    3.11967487e+01 2.91069870e+01 3.13605022e+01 2.94145126e+01
    2.68898067e+01 2.78645992e+01 2.78266354e+01 2.57875366e+01
    2.85744877e+01 3.01433907e+01 2.88563976e+01 2.98453102e+01
    2.71223850e+01 2.90424004e+01 2.59790840e+01 2.89781418e+01
    3.03229103e+01 2.96547604e+01 3.03046818e+01 2.96275940e+01
    2.89953785e+01 2.98300018e+01 3.00606689e+01 3.08892803e+01
    2.98085270e+01 3.03697643e+01 3.16829052e+01 3.07040539e+01
    3.16841564e+01 2.96405678e+01 3.00924759e+01 3.21599083e+01
    2.93148861e+01 2.90288887e+01 2.95590668e+01 2.94402599e+01
    2.88921127e+01 3.04995117e+01 2.81694221e+01 2.78269615e+01
    2.69201756e+01 2.83474159e+01 2.97662792e+01 2.76987820e+01
    2.93242569e+01 2.84591751e+01 3.08599815e+01 3.06048832e+01
    3.25122452e+01 3.00530548e+01 2.85761795e+01 3.07812710e+01
    3.06304741e+01 3.10773506e+01 3.07895699e+01 3.03532047e+01
    3.18979931e+01 2.91683617e+01 2.98914471e+01 2.77638950e+01
    2.75980473e+01 3.03458729e+01 3.05908051e+01 2.99926071e+01
    2.76303043e+01 2.80148449e+01 2.96621475e+01 2.78411465e+01
    2.88419647e+01 2.95792046e+01 2.93797894e+01 3.29829178e+01
    3.23223419e+01 3.09672012e+01 3.06570930e+01 3.09081020e+01
    3.08963680e+01 3.17351208e+01 3.26007881e+01 3.17496853e+01
    3.09992123e+01 3.09893856e+01 3.11265717e+01 2.69218903e+01
    2.81259022e+01 2.84757576e+01 2.99931908e+01 2.95418472e+01
    2.86146393e+01 2.63972034e+01 2.79884510e+01 2.63877316e+01
    2.56231518e+01 2.67996330e+01 2.80769005e+01 2.96147461e+01
    2.76459675e+01 2.84946480e+01 2.75133076e+01 3.01531086e+01
    3.05539494e+01 3.04464951e+01 2.99966488e+01 3.06322613e+01
    3.15762672e+01 2.90134201e+01 2.88312111e+01 3.19155846e+01
    3.01092014e+01 2.71780300e+01 2.98564224e+01 2.84813995e+01
    2.94795132e+01 2.99434509e+01 2.87116890e+01 2.92080498e+01
    3.00733833e+01 3.00871754e+01 2.90751476e+01 2.94909935e+01
    2.91935654e+01 2.97769184e+01 3.14442253e+01 3.11499653e+01
    3.03947105e+01 3.16012478e+01 3.17972107e+01 2.96428146e+01
    2.98569908e+01 3.19030342e+01 3.20969391e+01 2.99865799e+01
    3.05512295e+01 3.03460331e+01 3.03336868e+01 2.82152538e+01
    3.01379452e+01 3.04818420e+01 3.03723717e+01 3.11368542e+01
    3.15038338e+01 2.91873703e+01 3.03263798e+01 3.07153664e+01
    3.01062222e+01 3.04853592e+01 3.18261681e+01 3.10110779e+01
    3.13823757e+01 3.38778610e+01 3.33101463e+01 2.99223537e+01
    3.35273094e+01 3.35964851e+01 3.28991127e+01 3.21880150e+01
    3.30704269e+01 3.15130234e+01 3.06992397e+01 2.87140903e+01
    2.86812916e+01 2.76391907e+01 2.76960258e+01 2.59980354e+01
    2.65192623e+01 2.77673912e+01 2.85350933e+01 2.69653931e+01
    2.80359783e+01 2.85877838e+01 2.80550404e+01 2.96115456e+01
    3.02913761e+01 2.97864189e+01 3.09587746e+01 2.98580341e+01
    3.02708874e+01 3.04770813e+01 3.10269508e+01 3.06330452e+01
    3.10978947e+01 3.05095329e+01 3.13212681e+01 3.20198021e+01
    3.10342560e+01 3.10774822e+01 3.19027157e+01 3.27398338e+01
    2.97527809e+01 3.07232666e+01 3.17710781e+01 2.91892414e+01
    3.11443825e+01 3.10312366e+01 3.16732597e+01 3.10568848e+01
    3.13814411e+01 3.03847103e+01 3.00749626e+01 3.01104469e+01
    3.22611771e+01 3.17659798e+01 3.02627125e+01 3.02568760e+01
    3.27935524e+01 3.02430077e+01 3.07200966e+01 2.97903843e+01
    3.21148262e+01 3.09360352e+01 3.00753860e+01 2.86889019e+01
    3.07036171e+01 3.05393925e+01 3.13076382e+01 3.07800293e+01
    2.91936035e+01 2.84086266e+01 2.88865948e+01 2.93132992e+01
    3.05650063e+01 3.11344624e+01 3.00979786e+01 3.10600395e+01
    2.91958389e+01 2.94699650e+01 2.86316032e+01 3.14480991e+01
    3.37307472e+01 2.93049641e+01 3.04843216e+01 3.14736309e+01
    3.03224144e+01 2.94294624e+01 3.31354103e+01 3.16841030e+01
    3.05684605e+01 2.96749191e+01 2.96428604e+01 2.86936531e+01
    2.94392967e+01 3.00442219e+01 3.07139587e+01 3.02005043e+01
    3.11191330e+01 3.15431824e+01 3.10468636e+01 3.32010880e+01
    3.02468491e+01 2.92193928e+01 3.10984249e+01 2.95669537e+01
    2.86392879e+01 2.73482342e+01 2.84844151e+01 2.95454197e+01
    2.91600056e+01 2.76407719e+01 2.69998875e+01 2.87103157e+01
    2.57375374e+01 2.68209724e+01 2.71821499e+01 2.87146130e+01
    2.90869236e+01 2.65451794e+01 2.73857555e+01 2.74271126e+01
    2.81516094e+01 2.97374668e+01 3.02404537e+01 3.02440643e+01
    3.06070232e+01 3.02326031e+01 3.03517017e+01 3.10273495e+01
    3.14789886e+01 2.88861809e+01 3.05236912e+01 3.07862301e+01
    3.01181221e+01 2.81071987e+01 2.94101448e+01 2.98433552e+01
    2.62523804e+01 2.79634228e+01 2.83297138e+01 2.97558994e+01
    2.85104618e+01 2.78827305e+01 2.86872997e+01 2.85438385e+01
    3.12533207e+01 3.03820705e+01 3.11618671e+01 3.02809410e+01
    3.11208153e+01 2.92761631e+01 2.94444370e+01 3.05467548e+01
    3.25272751e+01 3.22481995e+01 3.08438187e+01 3.03551826e+01
    2.85809517e+01 2.93056049e+01 2.97720947e+01 2.86495724e+01
    2.98047085e+01 2.92763767e+01 2.98651962e+01 2.89990444e+01
    2.86159401e+01 2.87468376e+01 2.75121384e+01 2.96066113e+01
    3.06844807e+01 3.13186417e+01 3.04849472e+01 3.16706238e+01
    2.98293133e+01 3.08209572e+01 2.94837227e+01 3.06509743e+01
    3.09335613e+01 3.15671673e+01 3.16836796e+01 2.99154968e+01
    2.81169300e+01 2.83062458e+01 3.01137886e+01 2.83536377e+01
    2.80982342e+01 3.09920483e+01 2.86537781e+01 2.80495663e+01
    2.97782364e+01 2.88168011e+01 2.79429131e+01 2.93068638e+01
    2.92423134e+01 2.92663841e+01 3.01399097e+01 2.93261299e+01
    2.90072441e+01 3.00994549e+01 3.03474464e+01 3.00744228e+01
    3.23838806e+01 3.21881294e+01 2.98057137e+01 2.95113487e+01
    3.09993515e+01 3.02972374e+01 2.91539307e+01 3.07664051e+01
    2.82299614e+01 2.80625896e+01 3.03234119e+01 2.85783691e+01
    2.84752979e+01 2.97526779e+01 2.93587818e+01 2.86648197e+01
    2.92128162e+01 3.02901783e+01 3.09362946e+01 2.98954144e+01
    3.01330242e+01 3.09985256e+01 2.96902542e+01 3.25365295e+01
    2.96090012e+01 2.96977024e+01 3.26252708e+01 3.08774567e+01
    3.20843163e+01 3.07739067e+01 3.02583714e+01 2.89635048e+01
    2.93715172e+01 2.94749203e+01 2.97218952e+01 2.97115383e+01
    3.05850945e+01 2.99773483e+01 2.95895100e+01 2.82307644e+01
    3.05135384e+01 2.96361389e+01 2.98145962e+01 3.02937908e+01
    3.02317791e+01 3.24344635e+01 3.27380333e+01 3.17838192e+01
    3.24476433e+01 3.36313705e+01 3.47771263e+01 3.38743095e+01
    3.44219856e+01 3.23008614e+01 3.48293266e+01 3.12221794e+01
    3.10573635e+01 3.13281021e+01 2.79869022e+01 2.67929382e+01
    2.82790890e+01 2.87419891e+01 2.77254791e+01 2.86521549e+01
    3.02101555e+01 2.98344669e+01 3.03283691e+01 2.90846558e+01
    2.87081223e+01 2.83541393e+01 3.07997131e+01 3.19859600e+01
    2.98673191e+01 3.20532837e+01 3.17114277e+01 3.24833755e+01
    3.12693539e+01 3.15518970e+01 3.22267036e+01 3.20926056e+01
    3.16188774e+01 3.21160240e+01 3.23345718e+01 3.13551826e+01
    3.16070938e+01 3.16847496e+01 2.98246632e+01 3.15032997e+01
    2.97219887e+01 2.96172791e+01 3.16917191e+01 3.12478275e+01
    3.24840736e+01 3.06316662e+01 3.03730049e+01 2.81481495e+01
    3.03535213e+01 2.97610207e+01 3.08749218e+01 2.93904839e+01
    3.20442772e+01 3.01484470e+01 3.10270882e+01 3.01386757e+01
    3.12145844e+01 3.11381741e+01 3.09831829e+01 3.18670254e+01
    3.20811768e+01 2.97014179e+01 3.07696209e+01 3.29046516e+01
    3.30532188e+01 3.17859592e+01 3.21706238e+01 2.97076149e+01
    3.06909943e+01 3.10161819e+01 3.04942131e+01 2.97528515e+01
    3.08581161e+01 3.03958988e+01 2.97683506e+01 3.05287113e+01
    2.86157436e+01 3.09731007e+01 3.06908913e+01 3.07459869e+01
    3.20830688e+01 3.00564079e+01 3.11963062e+01 3.11331081e+01
    3.12564850e+01 3.16163616e+01 3.16808662e+01 3.01034927e+01
    2.95439320e+01 3.06649399e+01 2.91480179e+01 2.84687862e+01
    3.22395172e+01 3.11407986e+01 2.94868450e+01 3.06136074e+01
    3.21445999e+01 3.35711250e+01 3.15813599e+01 3.09016285e+01
    2.82042923e+01 2.81586113e+01 2.90019531e+01 2.94138966e+01
    2.99610386e+01 2.88696022e+01 2.84502563e+01 2.86491528e+01
    2.74359913e+01 2.66450043e+01 2.63234577e+01 2.76536579e+01
    2.70982132e+01 2.78842354e+01 2.82704048e+01 2.79807587e+01
    2.65991230e+01 2.78245449e+01 3.00516052e+01 2.92152233e+01
    3.07556915e+01 2.94163647e+01 2.95134048e+01 2.97946949e+01
    2.97934475e+01 2.84479065e+01 2.95904083e+01 3.09749851e+01
    3.08480701e+01 2.85365753e+01 2.98771763e+01 2.89479771e+01
    2.86828690e+01 2.98553772e+01 2.86385174e+01 2.93354034e+01
    2.72289410e+01 2.99182243e+01 2.84507885e+01 2.86350632e+01
    2.83040142e+01 2.81540642e+01 3.03188839e+01 3.08222008e+01
    3.11174507e+01 3.08387642e+01 2.93498535e+01 2.91479034e+01
    3.05454979e+01 3.12081051e+01 3.24212418e+01 2.98376255e+01
    3.03592739e+01 3.01096859e+01 2.83362026e+01 2.82087154e+01
    2.85245895e+01 2.96102619e+01 3.21080399e+01 2.94407291e+01
    3.02507210e+01 2.85058079e+01 3.10937233e+01 2.91935997e+01
    2.94377785e+01 2.97239189e+01 3.03334846e+01 3.03346519e+01
    3.07858181e+01 3.19384460e+01 3.07346535e+01 3.06137676e+01
    3.08134918e+01 2.95544834e+01 3.05274925e+01 2.79226532e+01
    2.90545731e+01 2.99142170e+01 3.04538555e+01 2.89914036e+01
    2.93004379e+01 3.03350105e+01 3.19641666e+01 2.92105446e+01
    3.02454987e+01 3.16740627e+01 3.03496475e+01 2.90248108e+01
    2.99390621e+01 3.00090923e+01 3.06552773e+01 3.13224564e+01
    3.01228046e+01 3.02585888e+01 2.96670742e+01 2.95258942e+01
    3.16253586e+01 3.03791981e+01 3.09357815e+01 3.12306843e+01
    3.35407677e+01 3.05693245e+01 2.99640465e+01 3.05617523e+01
    2.99510098e+01 2.77239170e+01 2.96903553e+01 2.85021038e+01
    2.95977383e+01 2.88043118e+01 2.89954224e+01 2.71016979e+01
    2.91545792e+01 3.04770737e+01 2.91589184e+01 2.66372948e+01
    2.99222794e+01 3.07544708e+01 3.08787575e+01 3.09710102e+01
    3.02236862e+01 3.24206200e+01 3.11966934e+01 3.02473736e+01
    2.92915039e+01 3.07688122e+01 3.25592194e+01 3.01846199e+01
    3.11772919e+01 3.02671700e+01 3.02187519e+01 2.90989799e+01
    3.22433167e+01 2.84395103e+01 3.02319584e+01 3.11758289e+01
    3.02420998e+01 2.84541092e+01 3.01213226e+01 2.82793503e+01
    2.97749176e+01 3.10651760e+01 3.17568130e+01 2.97129650e+01
    3.03659286e+01 3.24567451e+01 3.38565140e+01 3.31229439e+01
    3.37700691e+01 3.41896324e+01 3.28896179e+01 3.32682114e+01
    3.25360107e+01 3.09524879e+01 3.17433624e+01 3.25884590e+01
    3.01506538e+01 3.03914185e+01 2.92989960e+01 2.93636875e+01
    2.87786827e+01 2.95265827e+01 3.10926800e+01 3.02438183e+01
    3.22592354e+01 3.07121868e+01 2.99995937e+01 3.19557610e+01
    3.20021362e+01 3.03747730e+01 3.36379738e+01 3.15460663e+01
    3.22471771e+01 3.36136169e+01 3.22821121e+01 3.29975700e+01
    3.25731850e+01 3.28479042e+01 3.12845097e+01 3.26089363e+01
    3.18743000e+01 3.05362568e+01 3.21610794e+01 3.13355560e+01
    2.94751282e+01 3.19149952e+01 2.91008186e+01 3.05329094e+01
    3.01243382e+01 3.09989967e+01 3.01283283e+01 3.00384293e+01
    3.09241886e+01 3.08254204e+01 2.96941299e+01 2.88068657e+01
    3.23333893e+01 3.37278442e+01 3.03317947e+01 2.98715553e+01
    3.18217106e+01 3.10971489e+01 3.05794430e+01 2.97458992e+01
    3.16142635e+01 3.31357613e+01 3.07909870e+01 3.00776138e+01
    3.04994984e+01 3.06213684e+01 3.24528656e+01 3.09971218e+01
    3.01267262e+01 3.02459488e+01 3.00064106e+01 3.03267803e+01
    2.91531830e+01 3.02617550e+01 2.85196114e+01 2.90264149e+01
    2.93635788e+01 2.62394333e+01 2.97438240e+01 3.01823902e+01
    3.02163620e+01 2.93167458e+01 3.07430496e+01 2.85987644e+01
    3.02707596e+01 3.09772949e+01 3.18367825e+01 3.05365429e+01
    3.11836967e+01 2.95069237e+01 2.83655643e+01 3.03005943e+01
    2.91843967e+01 3.19911633e+01 3.01055660e+01 2.98042297e+01
    3.07221432e+01 3.07862053e+01 3.10473766e+01 3.14809055e+01
    3.06039124e+01 3.03931789e+01 3.04763794e+01 2.87818451e+01
    2.79042358e+01 2.93697891e+01 2.85674915e+01 2.74645767e+01
    3.07547455e+01 2.69276390e+01 2.56951714e+01 2.64638977e+01
    2.65639992e+01 2.71469994e+01 2.73285351e+01 2.68170433e+01
    2.80988827e+01 2.72904167e+01 2.69154644e+01 2.73900471e+01
    2.89470406e+01 2.99983234e+01 3.07660446e+01 3.07097626e+01
    2.91932297e+01 2.90416317e+01 3.15829868e+01 2.96276894e+01
    3.16739960e+01 2.90131607e+01 3.04699078e+01 2.86757069e+01
    2.94252243e+01 2.93729610e+01 2.73939323e+01 2.97704754e+01
    2.94350853e+01 2.84703121e+01 2.87964840e+01 2.93587894e+01
    2.81868286e+01 2.81600876e+01 2.73590870e+01 2.72109470e+01
    2.89913368e+01 2.95612793e+01 3.07082577e+01 3.04503345e+01
    3.00504112e+01 2.69864254e+01 3.02921524e+01 2.96705818e+01
    3.00291615e+01 3.15114498e+01 3.05202713e+01 2.97857914e+01
    2.77826481e+01 2.74439297e+01 3.03010712e+01 3.03703804e+01
    2.90314178e+01 2.93408699e+01 2.94428864e+01 2.93816051e+01
    2.86362534e+01 3.04606037e+01 2.84389439e+01 2.94260693e+01
    3.16008987e+01 2.92183018e+01 2.96408443e+01 3.04898415e+01
    3.02120705e+01 3.09359493e+01 3.04029827e+01 3.13066120e+01
    2.99907150e+01 2.91545811e+01 3.13801804e+01 3.04798622e+01
    3.01164169e+01 3.07570553e+01 3.07230549e+01 3.05738029e+01
    3.11692238e+01 3.05937347e+01 3.13364925e+01 3.09436684e+01
    3.20532303e+01 2.88989964e+01 3.10458622e+01 3.01782608e+01
    3.23504105e+01 2.98315468e+01 3.21908340e+01 3.13020267e+01
    2.99322529e+01 3.08420181e+01 3.12794991e+01 2.92508793e+01
    3.22399864e+01 3.38064575e+01 3.14310513e+01 3.11973419e+01
    3.25634384e+01 3.07801266e+01 3.11019211e+01 2.89778461e+01
    2.98874283e+01 2.92512798e+01 3.01196117e+01 2.95317078e+01
    2.95723648e+01 2.89563694e+01 2.99636803e+01 2.97527084e+01
    2.84341259e+01 2.91786118e+01 2.99966240e+01 2.99358425e+01
    3.17489491e+01 2.97809982e+01 3.20625114e+01 3.36739464e+01
    3.13073082e+01 3.04102974e+01 3.24735947e+01 2.93748207e+01
    3.16694374e+01 3.20056343e+01 3.09683170e+01 3.05887222e+01
    2.97349148e+01 3.11753063e+01 3.01575184e+01 2.77962856e+01
    3.28654442e+01 2.87252865e+01 3.03479557e+01 2.99359627e+01
    2.88863163e+01 2.94944496e+01 2.87031441e+01 2.88670807e+01
    2.99958916e+01 2.94196415e+01 3.17515755e+01 3.18837204e+01
    3.25397339e+01 3.22417870e+01 3.34844818e+01 3.53368225e+01
    3.27837524e+01 3.20242882e+01 3.39212341e+01 3.26439819e+01
    3.22295380e+01 3.29019470e+01 3.06094894e+01 2.97854748e+01
    2.98800850e+01 2.88815308e+01 3.02620106e+01 2.92956467e+01
    3.12029190e+01 2.90217991e+01 3.19856644e+01 3.07848568e+01
    3.17447147e+01 3.14220829e+01 3.25871048e+01 3.45931587e+01
    3.30889740e+01 3.26329346e+01 3.42628174e+01 3.19392204e+01
    3.20163155e+01 3.32406731e+01 3.23805656e+01 3.22497864e+01
    3.12213230e+01 3.30090370e+01 3.03838768e+01 3.06238689e+01
    3.05411739e+01 2.97338314e+01 2.83897381e+01 2.96421452e+01
    2.82567139e+01 2.94768085e+01 2.88402786e+01 2.99633865e+01
    3.07673874e+01 3.19623585e+01 3.03075638e+01 3.14150848e+01
    3.07493076e+01 3.23405418e+01 3.23188400e+01 3.04034710e+01
    3.12372723e+01 3.20457687e+01 3.23760529e+01 3.14176445e+01
    3.13368073e+01 3.11690502e+01 3.13076649e+01 3.32867393e+01
    3.14630795e+01 3.10889721e+01 3.16937275e+01 3.19315166e+01
    3.14045258e+01 3.22211227e+01 3.25199203e+01 2.96181793e+01
    3.17669926e+01 3.04867706e+01 3.14492378e+01 3.12725353e+01
    2.99897881e+01 3.00452232e+01 2.82098541e+01 2.81188107e+01
    2.79851303e+01 2.97716866e+01 3.09521027e+01 2.91766949e+01
    3.09911766e+01 2.97036877e+01 3.11777344e+01 3.14203358e+01
    3.06276360e+01 3.06320953e+01 3.20404434e+01 2.83145561e+01
    3.02582893e+01 2.87728386e+01 2.97887917e+01 2.93323650e+01
    2.99663868e+01 3.01264935e+01 2.79305096e+01 3.10233669e+01
    3.18141289e+01 3.27170029e+01 3.29943161e+01 3.07670288e+01
    3.35129967e+01 2.86934681e+01 2.96694241e+01 3.15011406e+01
    3.28217049e+01 2.91778088e+01 2.89776363e+01 2.84605961e+01
    2.68590355e+01 2.66461372e+01 2.68948956e+01 2.88018970e+01
    2.58296738e+01 2.81649818e+01 2.89475250e+01 2.53126125e+01
    2.73407326e+01 2.67367325e+01 2.95989628e+01 2.87493153e+01
    2.97062263e+01 3.16114368e+01 2.82964478e+01 2.89963093e+01
    3.16747875e+01 2.84919052e+01 2.81283970e+01 2.91719913e+01
    3.19451885e+01 2.85633621e+01 2.97580318e+01 2.88672981e+01
    3.03877888e+01 2.99267139e+01 2.94279995e+01 3.05564423e+01
    3.07355480e+01 3.10630684e+01 3.02453327e+01 2.89409847e+01
    2.70590706e+01 2.95579414e+01 2.84340630e+01 3.07656155e+01
    2.90583916e+01 3.08573952e+01 2.83981133e+01 2.87496414e+01
    2.91865921e+01 3.07230721e+01 3.11577969e+01 3.06510353e+01
    2.92441807e+01 2.95076847e+01 2.89049797e+01 2.94547424e+01
    2.93171272e+01 3.05695305e+01 3.07968502e+01 2.82878952e+01
    3.01912842e+01 2.83699417e+01 2.97468357e+01 2.94481354e+01
    2.78296947e+01 3.06605339e+01 3.00835285e+01 2.87442665e+01
    2.93581486e+01 2.97541885e+01 2.86463089e+01 3.03268661e+01
    2.91463795e+01 2.97546406e+01 3.02471962e+01 3.10470181e+01
    3.01685848e+01 2.92397175e+01 3.21710739e+01 3.22047729e+01
    2.97956047e+01 3.14695053e+01 3.26797447e+01 3.24967651e+01
    3.03962383e+01 3.21241798e+01 3.06834927e+01 2.98935776e+01
    2.95685234e+01 3.07003517e+01 3.17166996e+01 2.96833553e+01
    3.11657162e+01 3.05211372e+01 3.15766773e+01 2.96869659e+01
    3.13537693e+01 3.13531322e+01 3.13638916e+01 2.98884888e+01
    3.30207062e+01 3.44161263e+01 3.22552338e+01 3.16679382e+01
    3.20087357e+01 3.00934124e+01 3.16796150e+01 3.07819653e+01
    3.06400375e+01 2.92945385e+01 3.08386536e+01 2.85692062e+01
    2.86111717e+01 3.10137577e+01 3.06397800e+01 2.79462471e+01
    2.95160923e+01 3.25387001e+01 3.24551010e+01 3.14898605e+01
    3.16279831e+01 3.23478966e+01 3.19382229e+01 3.35679588e+01
    3.06698132e+01 3.27145195e+01 3.33060608e+01 3.14924774e+01
    3.24507294e+01 3.08054886e+01 3.07412624e+01 3.02076702e+01
    3.06768188e+01 2.97800255e+01 3.10026188e+01 3.02077255e+01
    3.06209145e+01 2.86178799e+01 2.78330593e+01 2.83872681e+01
    2.85036125e+01 2.96043816e+01 2.79447594e+01 2.96475754e+01
    2.97462902e+01 3.19086246e+01 3.26249695e+01 3.22375717e+01
    3.30929985e+01 3.20978432e+01 3.26774216e+01 3.28783684e+01
    3.38824196e+01 3.18361893e+01 3.17528954e+01 3.19736176e+01
    2.97105007e+01 2.88070641e+01 3.05181255e+01 2.99866524e+01
    2.84313259e+01 3.07244186e+01 3.27168007e+01 3.21406860e+01
    3.06110306e+01 2.99603424e+01 3.36236954e+01 3.13408966e+01
    3.20437469e+01 3.18297119e+01 3.30587120e+01 3.24342766e+01
    3.33466492e+01 3.35617409e+01 3.13317223e+01 3.36561813e+01
    3.43321152e+01 3.13677654e+01 3.21169930e+01 3.28170128e+01
    3.28125534e+01 3.02599258e+01 3.14260845e+01 3.26728554e+01
    2.98014545e+01 3.06180210e+01 2.90821419e+01 3.01966133e+01
    2.97072010e+01 2.96464329e+01 3.05569553e+01 3.00013905e+01
    3.10270138e+01 3.09252529e+01 3.04721508e+01 2.83690357e+01
    3.01336803e+01 3.18407021e+01 3.26078186e+01 3.18442707e+01
    3.00445576e+01 3.15018864e+01 3.28341827e+01 2.77758102e+01
    3.11359425e+01 3.34026031e+01 3.09675999e+01 3.16941833e+01
    3.04765358e+01 3.27634048e+01 3.16044865e+01 3.32655258e+01
    3.02081490e+01 3.05971203e+01 3.11639214e+01 3.07466698e+01
    3.02587433e+01 2.97206802e+01 2.91451626e+01 2.85345421e+01
    2.84816666e+01 2.71589184e+01 2.81186314e+01 2.88109665e+01
    2.91286869e+01 2.93808289e+01 3.09522400e+01 2.93076248e+01
    3.21653175e+01 3.00872593e+01 3.11678181e+01 3.02583275e+01
    3.01064644e+01 3.11174698e+01 3.02829056e+01 3.10378475e+01
    3.02560425e+01 3.07545376e+01 3.07819767e+01 2.97920704e+01
    2.95768566e+01 2.99617748e+01 3.10208015e+01 3.30174484e+01
    3.01038017e+01 3.07993336e+01 3.19290867e+01 3.01348248e+01
    3.08141518e+01 3.14042778e+01 3.00068245e+01 3.02014141e+01
    2.96537991e+01 2.88484631e+01 2.79296074e+01 2.65707340e+01
    2.64506855e+01 2.77784328e+01 2.91813793e+01 2.81600647e+01
    2.82352676e+01 3.00559158e+01 2.90617599e+01 2.73326206e+01
    3.11031132e+01 2.95985451e+01 3.03710117e+01 3.01427612e+01
    2.93873959e+01 3.01266918e+01 2.80060959e+01 2.87488422e+01
    2.88392448e+01 2.93427925e+01 2.80171013e+01 2.88137722e+01
    3.00123749e+01 2.96041775e+01 3.11655197e+01 2.91602497e+01
    2.96155281e+01 2.90270023e+01 3.02146530e+01 3.13340759e+01
    2.95955830e+01 3.05928268e+01 2.90309505e+01 2.82489491e+01
    2.83373623e+01 3.13542347e+01 3.09128208e+01 3.01491489e+01
    3.00307121e+01 2.85813236e+01 3.09953518e+01 3.00314522e+01
    3.01612415e+01 3.02278404e+01 3.08160896e+01 3.02643757e+01
    2.83960609e+01 2.79228115e+01 2.91068001e+01 3.12078876e+01
    3.05331554e+01 2.98812485e+01 2.85052204e+01 2.88545189e+01
    3.13110809e+01 2.94665527e+01 3.17292728e+01 3.01910057e+01
    3.13335438e+01 3.16730938e+01 2.82087593e+01 2.91458073e+01
    2.80310059e+01 2.87256432e+01 3.01609650e+01 3.21253014e+01
    3.13485775e+01 3.03168564e+01 3.14155941e+01 3.08795853e+01
    2.91958294e+01 3.07002659e+01 3.00162563e+01 3.33880997e+01
    3.33878860e+01 3.23101311e+01 3.18926258e+01 3.26002998e+01
    3.04844780e+01 3.05395050e+01 3.02733040e+01 3.10472507e+01
    3.26187057e+01 3.26975861e+01 3.20347710e+01 3.11005745e+01
    3.03549023e+01 3.06761265e+01 3.22197990e+01 2.96458817e+01
    3.10425968e+01 3.19713554e+01 3.27078743e+01 3.04575863e+01
    3.10842648e+01 3.11403961e+01 3.07587013e+01 2.98494854e+01
    3.00066605e+01 2.96738892e+01 3.12241821e+01 2.77013874e+01
    2.89389267e+01 2.87584400e+01 3.05203362e+01 2.78420448e+01
    2.94800129e+01 3.09021015e+01 3.04591389e+01 3.11734676e+01
    3.18776054e+01 3.20149078e+01 3.11698418e+01 3.11497936e+01
    3.21382790e+01 3.23144150e+01 3.15339947e+01 3.21853027e+01
    3.13713894e+01 3.30941505e+01 3.15533447e+01 2.99190254e+01
    3.35327492e+01 3.02930775e+01 2.98644791e+01 3.17698536e+01
    3.27672501e+01 2.97757702e+01 3.10587234e+01 3.00061970e+01
    2.88404484e+01 2.66011715e+01 2.86433945e+01 2.88508587e+01
    2.87801762e+01 2.81357327e+01 3.01764736e+01 2.86019020e+01
    3.05761032e+01 3.21167336e+01 3.04180717e+01 3.31643410e+01
    3.30190353e+01 3.20281715e+01 3.28540993e+01 3.21141396e+01
    3.00208378e+01 3.18256073e+01 3.17339039e+01 3.06429996e+01
    3.03701649e+01 2.90596771e+01 3.22513580e+01 3.00364685e+01
    3.10070992e+01 3.15658646e+01 3.33062363e+01 2.96633453e+01
    3.09301224e+01 3.02600670e+01 3.04383850e+01 3.15044422e+01
    3.25003166e+01 3.07911625e+01 3.15033131e+01 3.13933430e+01
    3.18991222e+01 3.29977684e+01 3.18709068e+01 3.31079750e+01
    3.00967331e+01 3.22514801e+01 3.20138741e+01 2.86512814e+01
    3.03920918e+01 3.03721237e+01 3.04153061e+01 2.90471821e+01
    2.81483326e+01 3.00998116e+01 2.86888523e+01 3.00886936e+01
    3.03131371e+01 2.96867676e+01 3.10009689e+01 2.98617344e+01
    2.94887486e+01 3.05267448e+01 3.23417816e+01 3.14870396e+01
    3.27744331e+01 3.18404789e+01 3.16891174e+01 3.19905872e+01
    3.11566639e+01 3.07175484e+01 3.11504364e+01 3.21127968e+01
    3.01131439e+01 2.99389000e+01 3.16414375e+01 3.18827515e+01
    3.19471092e+01 3.17174339e+01 3.08218193e+01 3.20253792e+01
    3.10241718e+01 3.08227215e+01 3.10720692e+01 3.04542351e+01
    3.02132130e+01 2.90244007e+01 2.61324902e+01 2.82769089e+01
    2.97568302e+01 2.89328117e+01 2.95588779e+01 2.85115433e+01
    3.14682980e+01 3.05047035e+01 3.13389206e+01 3.06131744e+01
    3.13329430e+01 3.13796387e+01 3.23946991e+01 3.03047485e+01
    3.09612617e+01 3.11037407e+01 3.26138916e+01 3.21837540e+01
    3.27959442e+01 3.09689312e+01 3.25702324e+01 3.09952908e+01
    3.29410362e+01 3.48755074e+01 3.19561653e+01 3.32817612e+01
    3.06515999e+01 3.02704258e+01 3.05451469e+01 2.90271931e+01
    3.14417686e+01 2.98932457e+01 3.00363750e+01 2.80977974e+01
    2.73493938e+01 2.90434837e+01 2.72864513e+01 2.89771461e+01
    2.90203991e+01 2.93040257e+01 3.11145515e+01 2.86072826e+01
    2.97549133e+01 3.15456257e+01 3.03298035e+01 3.10331020e+01
    3.37105560e+01 3.10674763e+01 2.86017818e+01 2.88746758e+01
    3.08072300e+01 2.98200760e+01 2.75145779e+01 2.88579063e+01
    2.97139034e+01 3.01812801e+01 2.95897503e+01 3.03341198e+01
    3.05806122e+01 3.01325493e+01 3.34057999e+01 3.19835625e+01
    3.22330208e+01 3.27394524e+01 3.28164101e+01 3.15584335e+01
    2.77768288e+01 3.20052376e+01 3.01363583e+01 3.02942810e+01
    3.13380623e+01 3.07956429e+01 2.98527603e+01 2.94836025e+01
    2.97954903e+01 2.92717896e+01 3.08009453e+01 3.16840496e+01
    3.03135586e+01 2.97790146e+01 3.08166180e+01 3.00036869e+01
    2.98511314e+01 3.10875664e+01 3.09116058e+01 3.07564888e+01
    3.11171589e+01 3.15841827e+01 3.02678318e+01 2.93621540e+01
    3.06607933e+01 3.00032024e+01 3.15233994e+01 2.81363735e+01
    2.86361046e+01 2.73678074e+01 2.74125118e+01 2.86831589e+01
    2.72261963e+01 2.93424606e+01 2.94691238e+01 3.07241459e+01
    2.97155018e+01 2.73825512e+01 3.05647030e+01 3.16956005e+01
    3.04207344e+01 3.20564041e+01 3.11408367e+01 3.28273773e+01
    3.33840256e+01 3.25426636e+01 3.11394520e+01 3.11240978e+01
    3.08590412e+01 3.07057590e+01 3.22206802e+01 3.31963081e+01
    3.14873486e+01 3.18261681e+01 3.24307861e+01 3.03122520e+01
    3.05938892e+01 3.21040001e+01 3.21045418e+01 3.19472275e+01
    3.15380363e+01 3.30560455e+01 3.30626144e+01 3.09624805e+01
    3.10606270e+01 2.88209915e+01 2.99030781e+01 2.91206875e+01
    2.86799107e+01 2.95344276e+01 2.94273968e+01 2.77434044e+01
    2.89286900e+01 2.94970798e+01 3.17596664e+01 3.07522736e+01
    3.23178101e+01 3.18942013e+01 3.11324329e+01 3.25663261e+01
    3.12164879e+01 3.05054436e+01 3.25023994e+01 3.26409683e+01
    3.06953678e+01 3.13838081e+01 3.17815762e+01 3.09707241e+01
    3.12543411e+01 3.16738396e+01 3.19782715e+01 3.11426315e+01
    3.15449028e+01 3.06067581e+01 3.14722462e+01 3.03352814e+01
    3.28115425e+01 3.02918568e+01 2.85432281e+01 2.91412582e+01
    2.71872311e+01 2.79668751e+01 2.97170849e+01 2.84999599e+01
    2.79122849e+01 2.90702229e+01 3.11577644e+01 2.97258778e+01
    3.17467270e+01 3.23355980e+01 3.09974918e+01 3.29653053e+01
    3.23645363e+01 3.08780327e+01 3.29058762e+01 3.28008308e+01
    3.02298470e+01 3.01243496e+01 3.01178627e+01 2.89455757e+01
    3.01552639e+01 2.89558182e+01 3.07659435e+01 3.03637791e+01
    3.12143364e+01 2.94526367e+01 2.91590481e+01 2.89415207e+01
    3.21268997e+01 3.09725952e+01 3.12661896e+01 3.33781433e+01
    3.24697266e+01 3.20389938e+01 3.15534954e+01 3.23866730e+01
    3.42046547e+01 3.28162918e+01 3.19630165e+01 3.34639320e+01
    3.24316330e+01 3.12712078e+01 3.09086514e+01 3.09134350e+01
    3.08238392e+01 2.87643909e+01 2.83204651e+01 2.88918095e+01
    2.76955891e+01 2.98805180e+01 2.69063511e+01 2.79529991e+01
    2.98705616e+01 2.88959999e+01 2.91818943e+01 3.06232338e+01
    3.09413300e+01 3.29425964e+01 3.38172150e+01 3.13127956e+01
    3.16948547e+01 3.07973633e+01 3.13977833e+01 3.02540417e+01
    3.21881523e+01 3.03022938e+01 3.04274082e+01 3.34073105e+01
    3.17749653e+01 3.29400520e+01 3.24216614e+01 3.26626244e+01
    3.08404121e+01 3.00976734e+01 3.16549263e+01 3.07919312e+01
    2.97433052e+01 3.10597706e+01 2.78537178e+01 2.74092541e+01
    2.93448219e+01 3.02073612e+01 2.89200478e+01 3.01634750e+01
    3.07339783e+01 3.13003922e+01 3.05209789e+01 3.13663197e+01
    3.39908867e+01 3.28339424e+01 3.24779358e+01 3.36586113e+01
    3.32725334e+01 3.10591412e+01 3.38374977e+01 3.08658905e+01
    3.35309563e+01 3.15868607e+01 3.26657372e+01 3.27795029e+01
    3.36657104e+01 3.30129128e+01 3.45512390e+01 3.40416412e+01
    3.15112839e+01 3.19012623e+01 3.10371323e+01 3.11231327e+01
    3.05375004e+01 3.13761349e+01 3.02403431e+01 3.03318501e+01
    3.08587093e+01 2.97507515e+01 2.99786339e+01 2.86595516e+01
    2.73479271e+01 2.93734608e+01 2.84656086e+01 2.93786812e+01
    2.83544025e+01 3.06720905e+01 2.91208496e+01 2.91236343e+01
    2.98038940e+01 3.09867344e+01 3.05074959e+01 2.94472160e+01
    2.97873898e+01 2.85309048e+01 2.90275249e+01 2.82601624e+01
    3.02934322e+01 2.90389442e+01 3.04499588e+01 3.00847607e+01
    3.11815472e+01 3.19827309e+01 3.20225677e+01 3.40782204e+01
    3.34136391e+01 3.13018379e+01 3.34880104e+01 3.37013321e+01
    3.30807266e+01 3.19701843e+01 3.11863956e+01 3.09924717e+01
    3.04367676e+01 3.21179352e+01 3.11757717e+01 3.05636292e+01
    2.89081860e+01 2.88847218e+01 2.92308006e+01 3.04413967e+01
    3.17943687e+01 3.04470844e+01 3.01288605e+01 3.16532135e+01
    3.01923370e+01 2.95943317e+01 3.08681087e+01 3.26884727e+01
    3.20369072e+01 3.19337482e+01 3.07532215e+01 2.97503529e+01
    3.08395958e+01 3.11928005e+01 3.00958252e+01 3.08456554e+01
    2.95301342e+01 2.98156643e+01 2.88562832e+01 2.72661896e+01
    2.95539837e+01 2.76082306e+01 2.76715412e+01 3.01021519e+01
    2.89124889e+01 2.85770187e+01 2.84903431e+01 3.00948658e+01
    3.07167244e+01 3.08894463e+01 3.04010220e+01 3.27154808e+01
    3.23543243e+01 3.16433907e+01 3.29968338e+01 3.16742058e+01
    3.29696693e+01 3.22626152e+01 2.99459724e+01 3.04277763e+01
    3.22538795e+01 3.23539963e+01 3.08516674e+01 3.18327808e+01
    3.09762611e+01 2.95197620e+01 3.17469349e+01 3.01928787e+01
    3.20241089e+01 3.18531322e+01 3.25346985e+01 3.03382530e+01
    3.02561569e+01 3.10918083e+01 3.03378601e+01 2.93488388e+01
    2.92252617e+01 2.74906044e+01 2.92943363e+01 2.97246437e+01
    2.86076508e+01 2.87167683e+01 2.92393742e+01 3.17154465e+01
    2.95666866e+01 3.14861889e+01 3.27490196e+01 3.07858677e+01
    3.16599789e+01 3.13995228e+01 3.15994682e+01 3.19088898e+01
    3.25263977e+01 2.92931995e+01 3.01008396e+01 3.34938316e+01
    3.03166199e+01 3.14351387e+01 3.21621132e+01 3.18525486e+01
    3.24722519e+01 3.12763691e+01 3.00717430e+01 3.00149975e+01
    3.02286415e+01 3.18433247e+01 3.29410515e+01 2.99510746e+01
    3.04441395e+01 2.82216301e+01 2.86885166e+01 2.80774708e+01
    2.80475903e+01 3.11210365e+01 2.78658104e+01 2.96667805e+01
    3.00729370e+01 3.09140453e+01 3.18407402e+01 3.26857147e+01
    3.13324986e+01 3.12704983e+01 3.34307671e+01 3.07211285e+01
    3.35941238e+01 3.08317318e+01 3.22245903e+01 2.96160583e+01
    2.82527733e+01 2.94215050e+01 2.83157864e+01 3.13253727e+01
    3.10177422e+01 2.95878506e+01 3.13519878e+01 2.95427876e+01
    2.96810703e+01 2.94964523e+01 3.04594307e+01 3.03982010e+01
    3.18970280e+01 3.29029312e+01 3.10025520e+01 3.18614063e+01
    3.33610077e+01 3.36012802e+01 3.28170204e+01 3.22172813e+01
    3.27760620e+01 3.21273727e+01 3.24840050e+01 3.19023514e+01
    2.96530437e+01 3.08710537e+01 3.09645271e+01 3.05559940e+01
    2.88823967e+01 2.92329540e+01 2.79535751e+01 3.01421776e+01
    2.90669689e+01 2.93902798e+01 3.20915184e+01 3.07756290e+01
    3.06476498e+01 2.94135094e+01 3.18385773e+01 3.23742104e+01
    3.09252167e+01 3.11214428e+01 3.12572861e+01 3.06934681e+01
    3.06425686e+01 3.05323925e+01 3.00508518e+01 3.03119354e+01
    3.00612507e+01 3.06920357e+01 3.11377029e+01 3.31861496e+01
    3.19046898e+01 3.15201588e+01 3.20300903e+01 3.03922195e+01
    3.12740993e+01 3.13486919e+01 3.10721169e+01 2.81567516e+01
    2.89610996e+01 2.93347282e+01 2.59534893e+01 2.66687431e+01
    3.06973362e+01 3.16584473e+01 2.92722797e+01 2.87114849e+01
    3.06138000e+01 3.17381516e+01 3.19336491e+01 3.12766323e+01
    3.27902832e+01 3.34983330e+01 3.23520355e+01 3.24956703e+01
    3.35751991e+01 3.31575508e+01 3.44878311e+01 3.33975983e+01
    3.28121452e+01 3.48630524e+01 3.24939194e+01 3.43412094e+01
    3.39989548e+01 3.56725235e+01 3.21294060e+01 3.24574394e+01
    3.13199329e+01 2.97552834e+01 3.13118286e+01 2.97830353e+01
    3.22852898e+01 3.15148792e+01 2.84641438e+01 3.07590771e+01
    2.73738022e+01 2.84999638e+01 2.74604015e+01 2.94500637e+01
    2.92276917e+01 2.81532516e+01 2.91171398e+01 2.92555676e+01
    3.00070553e+01 3.21797028e+01 3.15599957e+01 3.10365772e+01
    3.14220257e+01 2.92414436e+01 2.79771080e+01 2.81617069e+01
    2.90192795e+01 2.93157005e+01 2.87948265e+01 2.85482445e+01
    3.08258724e+01 3.02713375e+01 3.07779846e+01 3.19097939e+01
    3.21946411e+01 3.28627357e+01 3.47034645e+01 3.35980377e+01
    3.39029579e+01 3.31723366e+01 3.22103767e+01 3.15582294e+01
    3.12883015e+01 3.16166325e+01 3.04871330e+01 3.27117424e+01
    3.13501778e+01 3.18831024e+01 2.90848656e+01 2.96332378e+01
    3.22436943e+01 3.12977848e+01 3.24948692e+01 3.20128975e+01
    3.35889702e+01 3.29458923e+01 3.24616661e+01 3.13102188e+01
    3.32194710e+01 3.22741165e+01 3.33132210e+01 3.25778198e+01
    3.12247276e+01 3.10205078e+01 3.07124310e+01 2.93098354e+01
    2.95002098e+01 3.07853451e+01 3.18152905e+01 2.96837082e+01
    3.04826794e+01 2.94524841e+01 2.79687939e+01 2.81606636e+01
    3.03953724e+01 2.66261520e+01 2.65935898e+01 2.90019817e+01
    2.85302582e+01 2.92923927e+01 3.06507149e+01 3.10306854e+01
    2.95497093e+01 3.20263863e+01 3.08347397e+01 3.24820557e+01
    3.19879646e+01 3.25479813e+01 3.22198830e+01 3.07874928e+01
    2.99531116e+01 2.96625175e+01 3.15020847e+01 3.08942070e+01
    3.06463032e+01 3.18193951e+01 3.16283684e+01 3.03983746e+01
    2.92780437e+01 3.12823105e+01 3.13171291e+01 3.18612614e+01
    3.15687866e+01 2.99936943e+01 2.98770123e+01 2.84012184e+01
    2.85136604e+01 2.75803814e+01 2.76250763e+01 2.73387032e+01
    2.69995995e+01 2.60942402e+01 2.86433411e+01 2.74950771e+01
    2.75284367e+01 2.88419991e+01 2.95099583e+01 3.04818249e+01
    3.05047359e+01 3.19190712e+01 3.20209999e+01 3.24646645e+01
    3.16543274e+01 3.06239891e+01 3.09890175e+01 3.02225895e+01
    2.95037098e+01 3.03257370e+01 3.02687416e+01 3.18006935e+01
    3.16055088e+01 3.25931816e+01 3.05048733e+01 2.89469814e+01
    3.21831512e+01 2.86777935e+01 3.13371525e+01 3.02326241e+01
    3.09000778e+01 2.99341297e+01 2.98717937e+01 2.97169132e+01
    2.84784260e+01 2.60432491e+01 3.09109840e+01 2.85847702e+01
    2.95618553e+01 3.05469761e+01 2.98169632e+01 3.16500797e+01
    3.16994877e+01 3.17106419e+01 3.12683678e+01 3.30295334e+01
    3.46425018e+01 3.24235497e+01 3.16484280e+01 3.29865837e+01
    3.22825241e+01 2.99944496e+01 3.01819057e+01 2.92984028e+01
    2.91238117e+01 2.95164165e+01 3.12632828e+01 2.96600895e+01
    3.03274384e+01 3.16484623e+01 2.97916470e+01 2.86649895e+01
    3.13744583e+01 3.08942719e+01 3.07203236e+01 3.11159859e+01
    3.22749672e+01 3.19970837e+01 3.20009041e+01 3.22127228e+01
    3.48110466e+01 3.42067757e+01 3.18556957e+01 3.33649292e+01
    3.19036789e+01 2.96582050e+01 3.08858471e+01 3.18762817e+01
    2.96839447e+01 2.92477341e+01 2.90835228e+01 2.85757351e+01
    2.76251526e+01 3.00620785e+01 2.82301502e+01 3.10151672e+01
    3.00484772e+01 2.97434120e+01 3.07991371e+01 3.02630787e+01
    3.04551430e+01 3.17268333e+01 3.19390888e+01 3.19688148e+01
    3.02813892e+01 3.09087486e+01 3.11960926e+01 3.15980301e+01
    2.96915913e+01 3.15387535e+01 3.14407196e+01 3.07513351e+01
    3.20293427e+01 3.31713676e+01 3.14033165e+01 3.15285454e+01
    3.07955494e+01 2.94771042e+01 2.89501534e+01 2.95402088e+01
    2.84283352e+01 2.83891907e+01 2.77481632e+01 2.52705269e+01
    2.54556789e+01 2.87352352e+01 2.99006348e+01 2.99929161e+01
    3.09779434e+01 3.03326550e+01 3.17480488e+01 3.11006756e+01
    3.24106331e+01 3.15038719e+01 3.32684555e+01 3.26152153e+01
    3.30494156e+01 3.24787636e+01 3.38665123e+01 3.10120335e+01
    3.35499191e+01 3.36760902e+01 3.43185577e+01 3.38147545e+01
    3.46360207e+01 3.54397583e+01 3.54097443e+01 3.38762703e+01
    3.03398056e+01 3.23635368e+01 3.01802540e+01 3.08707829e+01
    3.06400814e+01 3.07396164e+01 3.06816578e+01 2.70273228e+01
    3.08111362e+01 2.94114876e+01 2.79857044e+01 2.76977520e+01
    2.71873856e+01 2.89546909e+01 2.74595661e+01 2.95772266e+01
    2.80430794e+01 2.93412743e+01 2.94593105e+01 3.01799831e+01
    2.95513134e+01 3.00830612e+01 3.02329254e+01 2.88961868e+01
    3.04499207e+01 2.71069298e+01 2.76916904e+01 2.93805141e+01
    2.93292732e+01 2.93457909e+01 3.17459316e+01 3.14160709e+01
    3.16671467e+01 3.09486561e+01 3.15436516e+01 3.29151230e+01
    3.45080452e+01 3.21059341e+01 3.48191872e+01 3.39845161e+01
    3.26222687e+01 3.18862267e+01 3.17313232e+01 3.24980965e+01
    3.12753105e+01 3.19492798e+01 2.97787342e+01 3.02634830e+01
    3.21062698e+01 2.83559055e+01 3.09469624e+01 3.21855087e+01
    3.27310677e+01 3.10198917e+01 3.17191677e+01 3.43064651e+01
    3.20630989e+01 3.15088634e+01 3.25472527e+01 3.27072029e+01
    3.12949047e+01 3.12302494e+01 3.03757515e+01 2.99541798e+01
    2.98169670e+01 3.03423347e+01 2.85272617e+01 3.18747730e+01
    3.22276726e+01 2.97009411e+01 2.90885696e+01 2.95578709e+01
    2.90328236e+01 2.79384422e+01 2.56351795e+01 2.77502747e+01
    2.72553654e+01 2.61170731e+01 2.84002438e+01 2.87069550e+01
    2.92190437e+01 2.94236355e+01 2.97790470e+01 3.20140419e+01
    3.16656303e+01 3.30312538e+01 3.23710556e+01 3.32210770e+01
    3.20598068e+01 3.12138615e+01 3.06739006e+01 3.02949295e+01
    3.15814190e+01 2.83931198e+01 3.06528473e+01 3.13381081e+01
    2.91122875e+01 2.97285194e+01 3.02671204e+01 2.95065041e+01
    2.93659687e+01 3.21666832e+01 3.15472679e+01 2.92348690e+01
    2.97681160e+01 2.76505489e+01 2.89144363e+01 2.82663651e+01
    2.76346016e+01 2.64150829e+01 2.75295563e+01 2.64345474e+01
    2.64000206e+01 2.60602436e+01 2.79082870e+01 2.97398224e+01
    2.93096466e+01 2.97839470e+01 3.23288116e+01 3.04913673e+01
    3.20979271e+01 3.15591259e+01 2.99089718e+01 3.24135323e+01
    3.25792427e+01 3.03138523e+01 3.17535324e+01 3.15599289e+01
    3.10138321e+01 3.16243362e+01 3.22543869e+01 3.16717243e+01
    3.08745880e+01 3.14541378e+01 3.13842678e+01 2.90557594e+01
    3.14085102e+01 3.08793736e+01 3.03930149e+01 2.87057400e+01
    3.18806973e+01 2.96402302e+01 2.92078972e+01 2.76041508e+01
    2.84240246e+01 2.82647800e+01 2.90620213e+01 3.02237167e+01
    3.02633247e+01 2.99593983e+01 3.13778934e+01 3.26149712e+01
    3.30686798e+01 3.42122345e+01 3.37285156e+01 3.33643532e+01
    3.40284462e+01 3.20963364e+01 3.32385559e+01 3.03151531e+01
    3.01674461e+01 2.99754868e+01 2.90758801e+01 2.91360798e+01
    3.05019970e+01 2.91634254e+01 2.92356129e+01 2.89520264e+01
    2.86044235e+01 3.01236076e+01 2.97183304e+01 3.00766697e+01
    3.12314014e+01 3.27457733e+01 3.04610462e+01 3.23774414e+01
    3.42775307e+01 3.28027115e+01 3.42808914e+01 3.30500336e+01
    3.23737030e+01 3.33691711e+01 3.18108139e+01 3.12287579e+01
    3.00619774e+01 3.04868755e+01 2.83392353e+01 2.85498600e+01
    3.00963497e+01 2.94861240e+01 2.89200802e+01 3.03214054e+01
    3.07192001e+01 3.26684570e+01 3.16410389e+01 3.22722359e+01
    3.20963402e+01 2.98800049e+01 3.05076675e+01 3.40371361e+01
    3.20080376e+01 3.10029278e+01 3.11830330e+01 2.92459297e+01
    3.04876995e+01 3.13009682e+01 2.99424553e+01 3.02078781e+01
    3.06240520e+01 3.18172493e+01 2.95240269e+01 3.35892372e+01
    3.22368927e+01 3.18472633e+01 3.13786087e+01 2.95568886e+01
    3.03326778e+01 2.86013412e+01 2.89080181e+01 2.73837090e+01
    2.74602013e+01 2.87643280e+01 2.75395927e+01 2.75029202e+01
    2.86081390e+01 3.18847694e+01 3.19395370e+01 3.20552597e+01
    3.14620667e+01 3.35719948e+01 3.21637688e+01 3.09446354e+01
    3.22748947e+01 3.06677113e+01 3.27203674e+01 3.27545738e+01
    3.31641388e+01 3.21086006e+01 3.36926842e+01 3.21299324e+01
    3.17030525e+01 3.17669163e+01 3.22024040e+01 3.23917732e+01
    3.31152229e+01 3.28788338e+01 2.88702126e+01 3.12427063e+01
    3.11846409e+01 3.11452599e+01 3.08531914e+01 2.99442902e+01
    3.06258774e+01 3.03598595e+01 3.02628651e+01 2.85352249e+01
    2.97288933e+01 2.81355286e+01 3.02290592e+01 2.92715302e+01
    2.98905640e+01 3.03861408e+01 2.95219994e+01 3.07045307e+01
    3.05098362e+01 3.26999245e+01 3.16856003e+01 3.23374062e+01
    3.13788815e+01 3.00999413e+01 2.99202194e+01 2.82272873e+01
    2.97377243e+01 2.86849594e+01 2.92994022e+01 2.79302368e+01
    3.02109089e+01 2.98961182e+01 3.10894756e+01 3.02319698e+01
    3.04182377e+01 3.25997925e+01 3.12833633e+01 3.24110146e+01
    3.43098602e+01 3.20977287e+01 3.23150711e+01 3.03572273e+01
    3.06460648e+01 3.13013763e+01 2.92687588e+01 3.21484795e+01
    3.10008907e+01 3.24713249e+01 2.91703701e+01 2.95025406e+01
    3.29921722e+01 3.16290264e+01 3.15688152e+01 3.28275909e+01
    3.37318382e+01 3.39694977e+01 3.17997532e+01 3.34091911e+01
    3.30383339e+01 3.15877609e+01 3.30101128e+01 3.02118511e+01
    3.14809437e+01 3.12138901e+01 3.04166431e+01 3.08409843e+01
    3.01053753e+01 2.98920364e+01 3.22966690e+01 3.08672028e+01
    3.02279644e+01 2.94672031e+01 2.90143108e+01 2.77794495e+01
    2.85617752e+01 2.93544903e+01 2.74560776e+01 2.70439034e+01
    2.76080303e+01 2.91184750e+01 2.81614113e+01 3.06856918e+01
    3.06272316e+01 3.19452515e+01 3.20857964e+01 3.12187557e+01
    3.16926575e+01 3.24246712e+01 3.12070389e+01 3.18987732e+01
    2.86800785e+01 3.03631191e+01 3.18359718e+01 2.91867809e+01
    3.04559803e+01 2.98726139e+01 2.97596855e+01 3.04784184e+01
    3.15336952e+01 3.08342628e+01 3.24473686e+01 3.20933609e+01
    3.26656380e+01 3.14267941e+01 2.93522453e+01 2.96669102e+01
    2.90547543e+01 2.86596775e+01 2.84571857e+01 2.70176735e+01
    2.87504482e+01 2.51685219e+01 2.68735905e+01 2.82974930e+01
    2.88287754e+01 3.01053410e+01 2.96551323e+01 3.09441223e+01
    3.13207664e+01 3.05778751e+01 3.25637474e+01 2.92464123e+01
    3.12210026e+01 3.06617622e+01 2.99570026e+01 3.12455139e+01
    3.09577904e+01 3.12046566e+01 2.97047501e+01 3.06840954e+01
    3.25501900e+01 3.19732933e+01 3.34869308e+01 3.13121681e+01
    3.16184559e+01 3.16729450e+01 3.10213146e+01 3.04581833e+01
    3.02333908e+01 2.95895863e+01 2.96119385e+01 2.85809841e+01
    2.90779209e+01 2.78448448e+01 2.89159698e+01 2.70812263e+01
    2.88158607e+01 3.05372753e+01 2.94593182e+01 3.08254642e+01
    3.14788589e+01 3.30624161e+01 3.20324364e+01 3.23698235e+01
    3.58870354e+01 3.24217911e+01 3.15643692e+01 3.05600758e+01
    3.28838959e+01 3.16102028e+01 3.12362232e+01 2.99188709e+01
    2.86126385e+01 3.12224293e+01 3.02938519e+01 3.00942020e+01
    3.09821987e+01 2.94653492e+01 2.90549583e+01 3.07557850e+01
    3.01191330e+01 3.06317730e+01 3.27572708e+01 3.16097183e+01
    3.18134251e+01 3.42696190e+01 3.35705910e+01 3.37943878e+01
    3.49928169e+01 3.47331657e+01 3.24429893e+01 3.08720207e+01
    3.25045509e+01 2.94723644e+01 3.10425224e+01 3.22440453e+01
    2.99860535e+01 3.00701408e+01 2.77408371e+01 3.00500660e+01
    2.94700279e+01 3.09403152e+01 3.06463203e+01 3.26649475e+01
    3.21085739e+01 3.13380394e+01 3.15418491e+01 3.20697670e+01
    3.03838863e+01 3.06333141e+01 3.14268875e+01 3.08111477e+01
    3.03174820e+01 2.96873016e+01 3.14267445e+01 3.00049725e+01
    3.03363400e+01 3.12977581e+01 3.05645752e+01 3.19714394e+01
    3.14679565e+01 3.16980686e+01 3.10641289e+01 3.26672287e+01
    3.02554512e+01 3.03047943e+01 3.04273567e+01 2.86859474e+01
    2.79802094e+01 2.74786930e+01 2.86112900e+01 2.69994068e+01
    2.66606178e+01 2.89519176e+01 2.83666763e+01 3.01750679e+01
    3.05239677e+01 3.01973724e+01 3.15270615e+01 3.18611107e+01
    3.15037003e+01 3.13986988e+01 3.13923302e+01 2.99081936e+01
    3.16630878e+01 2.96595974e+01 3.14731026e+01 3.24000320e+01
    3.18190632e+01 3.25160370e+01 3.23883247e+01 3.16904354e+01
    3.29072342e+01 3.23537483e+01 3.14221897e+01 3.26706161e+01
    2.97328224e+01 2.99731426e+01 3.13944702e+01 3.14162025e+01
    3.04833870e+01 3.08986263e+01 3.05690022e+01 2.81150360e+01
    3.06769600e+01 3.09451694e+01 2.66504021e+01 2.96032906e+01
    2.86057930e+01 2.93516827e+01 3.01683655e+01 3.05901108e+01
    3.08705254e+01 3.01827583e+01 3.19813194e+01 3.12070827e+01
    3.21284065e+01 3.24573898e+01 3.26067352e+01 3.16237411e+01
    2.96361523e+01 2.85311928e+01 2.88449020e+01 2.86308556e+01
    2.81405201e+01 2.91182938e+01 3.05919991e+01 3.09193459e+01
    3.16816654e+01 3.14196320e+01 3.12977047e+01 3.31230698e+01
    3.41263847e+01 3.48092003e+01 3.46826820e+01 3.24166031e+01
    3.23127747e+01 3.12985001e+01 2.88022079e+01 3.00109806e+01
    3.08857822e+01 2.99197044e+01 2.83586864e+01 2.99548683e+01
    3.02894955e+01 2.86921234e+01 2.88316898e+01 3.12860451e+01
    3.29628792e+01 3.17333698e+01 3.11009560e+01 3.28157043e+01
    3.41900902e+01 3.27748070e+01 3.17955799e+01 3.29260254e+01
    3.09254246e+01 3.16818199e+01 3.13329391e+01 3.20901985e+01
    3.17532730e+01 2.97889118e+01 3.16840839e+01 3.07613754e+01
    2.93191586e+01 3.01735935e+01 3.14325905e+01 2.96821995e+01
    3.03608894e+01 2.86848259e+01 2.92886581e+01 2.86249542e+01
    2.90942516e+01 2.83886528e+01 2.76968689e+01 2.96379204e+01
    2.91180954e+01 3.04965572e+01 2.92876186e+01 3.12638512e+01
    3.01035690e+01 3.20249023e+01 3.10560875e+01 3.05953903e+01
    3.07284431e+01 2.92000561e+01 2.95469894e+01 2.90153599e+01
    2.95116577e+01 2.93552570e+01 2.99961357e+01 2.99201317e+01
    3.15521259e+01 3.09210491e+01 3.04790192e+01 3.14428349e+01
    3.29974022e+01 3.22127686e+01 3.15142765e+01 3.13095894e+01
    3.22835541e+01 2.88358345e+01 2.82689533e+01 2.78311863e+01
    2.94141312e+01 2.67544708e+01 2.83450451e+01 2.71586437e+01
    2.89364738e+01 2.76892109e+01 2.89069672e+01 3.12768459e+01
    2.98803825e+01 3.09631710e+01 3.27051926e+01 3.21073952e+01
    3.21408958e+01 2.92940979e+01 3.28150558e+01 3.06339893e+01
    3.24369392e+01 3.11426792e+01 2.93904572e+01 3.13137760e+01
    3.07891350e+01 3.28194084e+01 3.19284210e+01 3.14290409e+01
    3.24035797e+01 3.23038025e+01 3.16372013e+01 3.11773052e+01
    3.26170006e+01 3.25683708e+01 3.21055603e+01 3.06764622e+01
    3.08702583e+01 2.94365921e+01 3.13663254e+01 2.82101746e+01
    2.99152412e+01 2.87677002e+01 3.05601788e+01 2.99804745e+01
    2.92915440e+01 3.12230492e+01 3.07711563e+01 3.16432705e+01
    3.25127449e+01 3.26576004e+01 3.26258965e+01 3.27399750e+01
    3.25099068e+01 3.05320606e+01 3.17578411e+01 3.06942577e+01
    3.06838627e+01 2.96087017e+01 3.08420925e+01 3.08830700e+01
    2.93980389e+01 3.02462540e+01 3.08566933e+01 2.99433060e+01
    2.93386917e+01 2.94306011e+01 3.09192677e+01 2.84756069e+01
    3.08302174e+01 3.15445271e+01 3.15473118e+01 3.08789940e+01
    3.23960724e+01 3.37207108e+01 3.30757790e+01 3.31493301e+01
    3.37326431e+01 3.37777443e+01 3.21395569e+01 3.19040394e+01
    3.15751781e+01 3.04451790e+01 3.09387589e+01 3.07193298e+01
    3.00202084e+01 2.96887131e+01 3.04451008e+01 2.96944695e+01
    2.80895653e+01 3.10537281e+01 3.01931171e+01 3.16041737e+01
    3.10600109e+01 2.96311092e+01 3.20835648e+01 3.12951965e+01
    3.14408474e+01 3.18548088e+01 3.11307468e+01 3.18120747e+01
    3.13135014e+01 3.06948338e+01 3.15544910e+01 3.27892532e+01
    3.11885262e+01 3.22215080e+01 3.18326492e+01 3.25528183e+01
    3.04288483e+01 3.16906700e+01 3.27333832e+01 2.98952999e+01
    3.05185452e+01 3.00257721e+01 2.58744678e+01 2.80176239e+01
    2.74115543e+01 2.96893501e+01 2.89150715e+01 2.99625893e+01
    2.84597549e+01 2.93126335e+01 3.05040951e+01 3.14006195e+01
    3.15048618e+01 3.19686527e+01 3.23871422e+01 3.24285927e+01
    3.05695362e+01 3.02830009e+01 3.10978394e+01 3.06754913e+01
    3.10062428e+01 3.22695351e+01 3.15708237e+01 3.13221741e+01
    3.14225407e+01 3.00411034e+01 3.23255043e+01 3.07704697e+01
    3.07130146e+01 3.26893425e+01 2.91631908e+01 2.97243328e+01
    3.00025234e+01 2.97570915e+01 3.10473404e+01 2.88724747e+01
    2.74497452e+01 3.02197361e+01 2.97814541e+01 2.81380234e+01
    2.97780533e+01 2.96502495e+01 2.86719818e+01 2.96749229e+01
    3.13069210e+01 3.19970036e+01 3.15599747e+01 3.21596107e+01
    3.28811493e+01 3.26331215e+01 3.50111694e+01 3.37075844e+01
    3.21220856e+01 3.22372055e+01 3.06291828e+01 2.86142998e+01
    2.85552273e+01 2.74556599e+01 2.99588451e+01 2.90600090e+01
    2.75636292e+01 2.81403599e+01 3.05313892e+01 3.14337921e+01
    3.12547760e+01 3.11489296e+01 3.34357605e+01 3.31791496e+01
    3.32439919e+01 3.27140427e+01 3.29878082e+01 3.14259968e+01
    2.94117661e+01 3.15970478e+01 3.01855659e+01 3.06262703e+01
    2.80353756e+01 3.05543518e+01 2.69722328e+01 2.77426586e+01
    3.02822666e+01 3.06622715e+01 3.12698803e+01 3.07908669e+01
    3.18764820e+01 3.10487137e+01 3.04261990e+01 3.15732899e+01
    3.15201092e+01 3.40640793e+01 3.11359386e+01 2.98874168e+01
    2.99353027e+01 2.97582626e+01 3.03905048e+01 3.05931206e+01
    3.04923286e+01 3.01117706e+01 3.21746635e+01 3.21967697e+01
    3.10355396e+01 3.30183258e+01 3.20393639e+01 3.11464539e+01
    3.21872215e+01 3.16888599e+01 3.04191742e+01 2.85125523e+01
    3.08716755e+01 3.03980026e+01 2.94725819e+01 3.02062492e+01
    2.94940166e+01 3.30390015e+01 3.00199833e+01 2.93062382e+01
    2.87972317e+01 2.93214664e+01 3.00980129e+01 2.90161247e+01
    2.90188503e+01 2.70640755e+01 2.93823318e+01 2.93824558e+01
    2.92755203e+01 2.78091908e+01 2.82389469e+01 3.09066887e+01
    2.92684307e+01 3.04803715e+01 3.00224571e+01 3.08402729e+01
    3.16133537e+01 3.14515896e+01 2.94753036e+01 3.03256264e+01
    3.13196335e+01 2.82890625e+01 2.74161320e+01 2.92370605e+01
    2.92516632e+01 2.79865780e+01 2.85844879e+01 2.81804447e+01
    2.99509239e+01 2.90025826e+01 3.11752720e+01 3.04647408e+01
    3.11947517e+01 3.26526566e+01 3.21953659e+01 3.12759953e+01
    3.23125229e+01 3.05324726e+01 3.07873325e+01 3.08854179e+01
    2.96475983e+01 3.09732132e+01 3.06146450e+01 3.04259377e+01
    3.11075153e+01 3.05922031e+01 3.26679993e+01 3.00697308e+01
    2.92203960e+01 3.31316452e+01 3.31670036e+01 2.92238655e+01
    3.15745449e+01 3.04892292e+01 2.94049168e+01 3.06971951e+01
    3.04129677e+01 2.97089863e+01 3.03156891e+01 2.83401489e+01
    3.09359093e+01 2.98558693e+01 2.96839428e+01 2.99379807e+01
    2.96164398e+01 3.14234238e+01 2.82165260e+01 3.24442215e+01
    3.32506523e+01 3.25561523e+01 3.18618450e+01 3.03769722e+01
    3.22538986e+01 3.06519432e+01 3.01244125e+01 3.09876385e+01
    3.01459751e+01 3.05854931e+01 3.01317787e+01 2.99705505e+01
    2.97106457e+01 2.99698467e+01 2.95559673e+01 3.03946419e+01
    2.84206886e+01 3.09051037e+01 3.05474815e+01 3.04153767e+01
    3.19255352e+01 3.28470802e+01 3.21851311e+01 3.11864491e+01
    3.46123848e+01 3.23477898e+01 3.03423576e+01 3.32410889e+01
    3.18419495e+01 3.01404648e+01 3.02868843e+01 3.09692669e+01
    3.12516174e+01 3.04078503e+01 2.93302956e+01 2.71310844e+01
    3.00634117e+01 2.92788658e+01 3.12063389e+01 2.93179684e+01
    3.02572975e+01 3.13541527e+01 2.92565136e+01 3.15400581e+01
    3.01891785e+01 3.01615791e+01 3.20725021e+01 3.12918472e+01
    3.00993881e+01 3.06687622e+01 3.04373531e+01 3.03631420e+01
    2.89972305e+01 3.13803196e+01 3.10429020e+01 3.03739090e+01
    3.09100056e+01 3.18298874e+01 2.96416836e+01 3.14323387e+01
    3.08939533e+01 2.94673042e+01 3.18957844e+01 2.97307529e+01
    2.97452183e+01 2.86555843e+01 2.80156517e+01 2.98183098e+01
    2.72351570e+01 2.98794212e+01 2.92493610e+01 3.20752258e+01
    2.99348392e+01 3.00882015e+01 3.24294739e+01 3.20800247e+01
    3.05168552e+01 3.13185711e+01 3.01386509e+01 3.11956768e+01
    3.07340927e+01 2.98694229e+01 3.10594730e+01 3.11951618e+01
    3.31442108e+01 3.18182983e+01 3.26343498e+01 3.14892349e+01
    3.09161777e+01 3.22316170e+01 3.18928680e+01 3.33970604e+01
    3.05298042e+01 3.01088200e+01 2.79170666e+01 2.96230373e+01
    2.95472031e+01 2.86322174e+01 2.78222160e+01 2.59037590e+01
    2.80004330e+01 2.90375919e+01 2.77911835e+01 2.86481590e+01
    2.76162109e+01 2.95247746e+01 3.19398346e+01 3.10297775e+01
    3.14640656e+01 3.22926674e+01 3.26378212e+01 3.45596275e+01
    3.20124588e+01 3.32847939e+01 3.43698654e+01 3.15746078e+01
    3.02806702e+01 2.88276196e+01 2.86733875e+01 3.03559475e+01
    2.92041607e+01 2.96200733e+01 2.91818924e+01 3.08611259e+01
    2.94233837e+01 3.13952370e+01 3.06923027e+01 3.07605038e+01
    3.60548744e+01 3.46457863e+01 3.27113609e+01 3.33607559e+01
    3.30862617e+01 3.07826061e+01 3.10281982e+01 3.04963627e+01
    2.97651691e+01 2.92019882e+01 2.82981758e+01 2.95416946e+01
    2.78464088e+01 2.98314495e+01 2.81073589e+01 2.89118309e+01
    3.05997295e+01 3.20487175e+01 3.03852444e+01 3.23401184e+01
    3.20541878e+01 3.19421844e+01 3.15971432e+01 3.10326900e+01
    3.13176060e+01 3.05909519e+01 2.95221424e+01 2.96790524e+01
    2.80014248e+01 2.89937840e+01 2.99565907e+01 3.00713634e+01
    3.09193344e+01 2.90650425e+01 3.05012875e+01 2.98292274e+01
    3.14283638e+01 3.08251400e+01 3.10553818e+01 3.04485645e+01
    2.95962315e+01 2.93576317e+01 2.94676819e+01 2.88625221e+01
    2.95959816e+01 3.00345116e+01 2.87765694e+01 2.83002224e+01
    2.90580635e+01 2.98213196e+01 2.69072742e+01 3.06636829e+01
    2.85564213e+01 2.85412292e+01 2.74901333e+01 2.95635471e+01
    2.94416275e+01 2.89602604e+01 2.78054619e+01 2.97589951e+01
    3.24243698e+01 3.00116920e+01 3.05707607e+01 3.19371815e+01
    3.12606812e+01 3.25849838e+01 3.10813885e+01 3.19698505e+01
    3.28259697e+01 2.96146221e+01 2.98814926e+01 2.99690552e+01
    2.95252457e+01 2.74966526e+01 2.77642822e+01 2.76491394e+01
    2.82596397e+01 3.02190285e+01 2.97757721e+01 3.13981743e+01
    2.98381577e+01 2.99819412e+01 3.23612404e+01 3.31635551e+01
    3.29885597e+01 3.15417366e+01 3.09320068e+01 3.12938519e+01
    3.30489502e+01 3.07650032e+01 2.85553379e+01 3.03058624e+01
    3.10083904e+01 3.22659531e+01 3.01771469e+01 3.12786274e+01
    3.14885750e+01 3.04732723e+01 3.20186996e+01 3.25083656e+01
    3.08637638e+01 3.24019737e+01 3.18352413e+01 3.07105541e+01
    3.20595627e+01 3.01440506e+01 3.08461075e+01 3.02366676e+01
    2.97340832e+01 2.92657566e+01 3.02537842e+01 2.91191730e+01
    2.98362179e+01 3.02626801e+01 2.87023239e+01 3.10355530e+01
    3.04644012e+01 3.07405605e+01 3.18913536e+01 3.18068352e+01
    3.02618904e+01 2.98940544e+01 3.02070827e+01 3.08829689e+01
    3.04246063e+01 2.90187836e+01 3.01550140e+01 2.95902252e+01
    2.82482414e+01 2.92544155e+01 2.89176788e+01 2.93108139e+01
    2.88255157e+01 2.76897793e+01 2.83810730e+01 2.91141319e+01
    2.92248039e+01 2.95230961e+01 3.26884422e+01 3.19760151e+01
    3.30555763e+01 3.19806480e+01 3.26307716e+01 3.22163124e+01
    3.34481697e+01 3.20295372e+01 3.19021530e+01 3.03395386e+01
    3.01815720e+01 3.05737476e+01 2.94992409e+01 3.03752975e+01
    2.88556995e+01 2.83383846e+01 2.94817066e+01 2.67420311e+01
    2.93422947e+01 2.94291439e+01 3.16449032e+01 3.03833199e+01
    2.96599083e+01 3.13645782e+01 3.09275646e+01 3.17813339e+01
    3.17169304e+01 3.00840855e+01 3.22786140e+01 3.05632038e+01
    3.09804115e+01 3.10534115e+01 3.17741299e+01 3.10281162e+01
    3.08213577e+01 3.27034340e+01 3.03880482e+01 3.20287819e+01
    3.07965221e+01 3.12309837e+01 2.97290211e+01 3.11044006e+01
    3.08332958e+01 2.90693264e+01 2.96036530e+01 2.89816933e+01
    2.68033142e+01 2.90531387e+01 3.16008129e+01 3.04347744e+01
    2.98242035e+01 3.23378868e+01 3.02657738e+01 3.21242065e+01
    3.21813850e+01 3.11529751e+01 3.15666046e+01 3.00597172e+01
    2.95355511e+01 3.03586311e+01 3.12965698e+01 3.20260315e+01
    3.16383476e+01 2.85836067e+01 3.36785583e+01 3.23256950e+01
    3.09214058e+01 3.18762722e+01 3.25630188e+01 3.18587742e+01
    3.09727516e+01 3.08629341e+01 2.81843853e+01 2.94263840e+01
    2.84668751e+01 2.90188293e+01 2.88231239e+01 2.87600822e+01
    2.74145355e+01 2.76622391e+01 2.92620716e+01 2.76179562e+01
    2.89791813e+01 2.96042385e+01 2.84837685e+01 2.89047565e+01
    2.89040375e+01 2.94187527e+01 3.23261070e+01 3.32823830e+01
    3.19306087e+01 3.39292831e+01 3.29961891e+01 3.28349609e+01
    3.22859802e+01 3.16496334e+01 3.07303982e+01 2.84774456e+01
    2.89106522e+01 2.82949333e+01 2.94472733e+01 3.02994175e+01
    2.81771870e+01 2.93712482e+01 2.87851028e+01 3.02395954e+01
    2.98007717e+01 3.16815510e+01 3.47497635e+01 3.32041740e+01
    3.37973213e+01 3.31305656e+01 3.28650208e+01 3.20023270e+01
    2.99392147e+01 2.89220066e+01 2.96510258e+01 2.80395107e+01
    2.81494312e+01 2.92877064e+01 2.63021126e+01 3.03904266e+01
    2.87105618e+01 3.15473595e+01 2.96146202e+01 3.05934086e+01
    3.31878738e+01 3.31650505e+01 3.32471466e+01 3.28155365e+01
    3.07895145e+01 3.23413620e+01 3.21940536e+01 3.09687710e+01
    3.01234550e+01 2.92317848e+01 2.88211613e+01 2.94733925e+01
    2.98738880e+01 3.07553730e+01 3.12247448e+01 2.99040794e+01
    2.95017815e+01 3.01696835e+01 3.14259453e+01 2.91975880e+01
    3.04888153e+01 3.17164440e+01 2.91462326e+01 2.89752579e+01
    3.01726360e+01 2.95517082e+01 2.84334393e+01 3.02992344e+01
    2.89590378e+01 2.96833286e+01 2.99070377e+01 3.09897766e+01
    2.96021042e+01 2.94599915e+01 2.96741734e+01 3.02244701e+01
    2.92643661e+01 2.84886227e+01 2.84851513e+01 2.89494781e+01
    2.89533768e+01 2.90561829e+01 3.04976177e+01 3.01327477e+01
    3.07195225e+01 3.15435390e+01 3.04493332e+01 3.07879791e+01
    3.18830872e+01 3.21079788e+01 2.89245205e+01 3.00307713e+01
    3.03912697e+01 2.94200497e+01 2.77919617e+01 2.71896057e+01
    2.90133324e+01 2.76612606e+01 3.01065483e+01 2.92592049e+01
    2.94304008e+01 3.12993755e+01 2.92923279e+01 3.22110863e+01
    3.12494907e+01 3.25845337e+01 3.25310211e+01 3.14805946e+01
    3.22416916e+01 3.14604511e+01 3.14667492e+01 2.88866329e+01
    2.87847652e+01 3.01490860e+01 2.93075008e+01 3.03204727e+01
    2.96603508e+01 3.13494110e+01 3.18803902e+01 2.99169140e+01
    3.05198116e+01 3.02865295e+01 3.11224289e+01 3.32013206e+01
    3.24546089e+01 3.06158752e+01 3.12632847e+01 3.29168625e+01
    3.29115334e+01 2.84298992e+01 3.13063354e+01 3.08944912e+01
    2.90572109e+01 2.93649559e+01 3.12730961e+01 3.10258846e+01
    2.99566345e+01 3.07658463e+01 3.02808495e+01 2.96166210e+01
    3.03643875e+01 3.26389236e+01 3.18523331e+01 3.05376644e+01
    3.08581638e+01 3.03195114e+01 3.07407951e+01 2.99629021e+01
    2.88377018e+01 2.92695618e+01 2.97047348e+01 2.97002201e+01
    2.89447136e+01 2.94826584e+01 3.08050766e+01 2.76612911e+01
    2.84966984e+01 2.79483204e+01 3.17523556e+01 3.20400658e+01
    2.95735912e+01 3.29915047e+01 3.19282913e+01 3.11649094e+01
    3.26672020e+01 3.17390270e+01 3.05674896e+01 3.19843578e+01
    3.33375053e+01 3.00389042e+01 2.99552975e+01 2.98482819e+01
    3.04097691e+01 3.12955914e+01 2.98635025e+01 3.02326660e+01
    2.94025421e+01 3.06565380e+01 3.12416668e+01 3.16011295e+01
    3.04394665e+01 3.04542656e+01 2.97763596e+01 3.00561199e+01
    2.99358997e+01 3.15496845e+01 3.13309994e+01 3.13538837e+01
    3.02565212e+01 2.96788845e+01 3.02767048e+01 3.00193691e+01
    3.08264771e+01 3.01456985e+01 3.11347675e+01 3.19134216e+01
    3.09514751e+01 3.05738087e+01 3.03803215e+01 3.17973957e+01
    2.94678669e+01 3.00207863e+01 3.08410149e+01 2.90855904e+01
    2.90454216e+01 2.90868568e+01 2.84451504e+01 2.98460026e+01
    2.84380035e+01 2.91844635e+01 2.95877285e+01 3.12176476e+01
    3.21334038e+01 3.19416885e+01 3.27383461e+01 3.25167999e+01
    3.11574211e+01 3.05369358e+01 3.20318451e+01 3.23365288e+01
    3.14171028e+01 3.19487591e+01 3.18422546e+01 2.98643398e+01
    2.98374214e+01 3.05860519e+01 3.16703434e+01 3.17924366e+01
    3.13165817e+01 3.21211548e+01 3.12501831e+01 3.09334469e+01
    2.91913586e+01 2.81718025e+01 2.90482082e+01 2.82820339e+01
    2.80479031e+01 2.62031898e+01 2.92018032e+01 2.67785683e+01
    2.54138126e+01 2.74625053e+01 2.72446270e+01 2.90261269e+01
    2.63377953e+01 2.91053925e+01 2.80654469e+01 2.93194942e+01
    3.04291935e+01 3.18313026e+01 3.30390816e+01 3.29818802e+01
    3.16068649e+01 3.10407619e+01 3.03085251e+01 2.93634300e+01
    3.05361080e+01 2.71422138e+01 2.77028866e+01 2.73582630e+01
    2.73492794e+01 2.88269939e+01 2.79421444e+01 2.91234970e+01
    2.83198032e+01 3.01267757e+01 3.02350082e+01 3.15091057e+01
    3.30216217e+01 3.14086475e+01 3.29009857e+01 3.21529007e+01
    3.08249264e+01 2.93261261e+01 3.05338955e+01 3.01380825e+01
    2.94676228e+01 2.95745754e+01 2.92745457e+01 2.90221386e+01
    2.91996975e+01 2.88158417e+01 2.86825771e+01 2.93010921e+01
    2.97617607e+01 3.12397041e+01 3.15795326e+01 3.29152069e+01
    3.20069199e+01 3.26110840e+01 3.04954548e+01 3.23047791e+01
    3.00310574e+01 3.19281540e+01 3.21451263e+01 2.98217125e+01
    2.89818134e+01 2.85818443e+01 2.91796341e+01 2.97756748e+01
    3.08363991e+01 3.10149479e+01 3.08306255e+01 2.97079201e+01
    3.07806892e+01 3.19931202e+01 3.27605934e+01 3.20397530e+01
    3.12824364e+01 3.03214550e+01 2.92605762e+01 2.97302094e+01
    2.80246410e+01 2.86370850e+01 2.75954876e+01 2.74786205e+01
    2.93007965e+01 2.97670231e+01 2.83307056e+01 2.94669476e+01
    3.00261650e+01 2.95063095e+01 2.87037201e+01 2.76271744e+01
    3.09040718e+01 3.10250568e+01 2.83938560e+01 2.97826366e+01
    2.98989983e+01 3.17978477e+01 2.96188622e+01 3.10387726e+01
    2.94082699e+01 3.03754349e+01 3.09514694e+01 2.85977535e+01
    2.91688213e+01 2.96051159e+01 2.94475613e+01 2.83472443e+01
    2.78908195e+01 2.73523445e+01 2.74859142e+01 2.78115444e+01
    3.02901478e+01 3.08301430e+01 2.93886013e+01 3.12092037e+01
    3.09846230e+01 3.08179874e+01 3.28764839e+01 3.12183132e+01
    3.22746735e+01 3.12466145e+01 3.19156113e+01 3.03693295e+01
    3.09114475e+01 3.19144897e+01 2.77002735e+01 2.97436562e+01
    2.92719650e+01 3.01848583e+01 2.89274464e+01 3.07688179e+01
    3.16959877e+01 2.95645351e+01 3.05342464e+01 3.06881618e+01
    3.01022377e+01 3.17195854e+01 3.12273540e+01 3.25543594e+01
    3.12395458e+01 3.11018524e+01 3.09500275e+01 3.08329830e+01
    3.10308208e+01 3.00742493e+01 3.06476002e+01 3.16131878e+01
    3.04996147e+01 2.97366219e+01 2.98687935e+01 3.21361160e+01
    3.00907135e+01 2.94788418e+01 3.00814056e+01 3.06973991e+01
    3.07021313e+01 3.08512669e+01 3.14382725e+01 3.06296291e+01
    2.97409267e+01 2.90567188e+01 2.89969406e+01 2.95714703e+01
    2.88372288e+01 2.83490334e+01 2.83794460e+01 3.01615868e+01
    2.90920048e+01 2.81174812e+01 2.90902061e+01 2.94510479e+01
    2.86128330e+01 2.91048698e+01 3.14045601e+01 3.04997368e+01
    3.10150795e+01 3.10742321e+01 3.04902782e+01 2.96423416e+01
    2.96988602e+01 3.09684238e+01 2.95699577e+01 3.17337074e+01
    2.96004524e+01 2.87923183e+01 2.82381783e+01 2.81478519e+01
    3.03811493e+01 2.99922523e+01 3.23889351e+01 2.98484573e+01
    3.03123360e+01 3.07571697e+01 3.26649284e+01 3.20890808e+01
    3.15386047e+01 3.18367443e+01 2.89765835e+01 3.24117584e+01
    3.20302162e+01 3.04364452e+01 3.16341782e+01 3.21403236e+01
    3.13381538e+01 3.07815800e+01 2.99158058e+01 3.23940163e+01
    3.20681572e+01 3.02859783e+01 3.04109650e+01 3.08433399e+01
    3.24299622e+01 3.01949196e+01 3.02959576e+01 3.14558296e+01
    2.98196716e+01 2.84161835e+01 2.94566345e+01 2.90810261e+01
    2.97449017e+01 3.12527885e+01 2.97198563e+01 2.94715557e+01
    3.01675606e+01 3.17355556e+01 3.27396965e+01 3.24169350e+01
    3.29786110e+01 3.33433342e+01 3.30832329e+01 3.17646942e+01
    3.14486790e+01 3.12163639e+01 3.10974121e+01 3.14643650e+01
    3.30977554e+01 2.93832855e+01 3.03340969e+01 3.15810623e+01
    3.26509209e+01 3.02926292e+01 3.27462273e+01 3.24570808e+01
    3.12712135e+01 3.04726048e+01 2.99749260e+01 3.05465107e+01
    2.99485188e+01 2.97797375e+01 3.10255432e+01 2.83123436e+01
    2.81571579e+01 2.81988354e+01 2.87721958e+01 2.84832134e+01
    2.76809025e+01 2.80391560e+01 2.82297421e+01 2.87566986e+01
    2.90093040e+01 2.98348904e+01 3.12307968e+01 3.21715240e+01
    3.05225544e+01 3.34073753e+01 3.11366005e+01 3.13394547e+01
    2.97973366e+01 3.13396530e+01 2.95981636e+01 2.72987881e+01
    2.75295296e+01 2.94536171e+01 2.87973309e+01 2.98044548e+01
    2.88204136e+01 2.99899025e+01 2.83635788e+01 3.02901077e+01
    3.00032616e+01 3.09459190e+01 3.36875992e+01 3.20590591e+01
    3.27283440e+01 3.04516621e+01 3.07515259e+01 3.02231350e+01
    2.99364204e+01 2.88901463e+01 2.85806656e+01 3.04908009e+01
    2.93586407e+01 2.91045704e+01 3.02697716e+01 2.94360714e+01
    3.01908932e+01 3.06714668e+01 3.01642418e+01 3.05586376e+01
    3.09444447e+01 3.13881474e+01 3.21247215e+01 3.11907024e+01
    3.09467678e+01 2.90690556e+01 2.96924400e+01 2.95450611e+01
    3.04417744e+01 2.95607319e+01 2.92194214e+01 2.87248707e+01
    2.75119324e+01 2.90393257e+01 2.91777458e+01 2.96979866e+01
    3.00722885e+01 2.98942623e+01 3.09322205e+01 3.00375042e+01
    3.09661713e+01 3.19380913e+01 3.08465729e+01 3.04555874e+01
    2.92885799e+01 2.97909374e+01 2.88480072e+01 2.92648277e+01
    2.90806637e+01 3.05685596e+01 2.85562611e+01 3.08708210e+01
    2.86039047e+01 3.03207207e+01 2.73919392e+01 2.82686539e+01
    2.97447968e+01 2.84449444e+01 2.93792267e+01 2.90036507e+01
    2.87410526e+01 3.13902988e+01 2.99049263e+01 3.04558868e+01
    2.95778065e+01 3.07012997e+01 3.00775013e+01 3.14050636e+01
    2.91367016e+01 3.09907990e+01 3.00930882e+01 2.89918137e+01
    2.94474430e+01 2.86218395e+01 2.87346649e+01 2.79811954e+01
    2.96045799e+01 2.95157051e+01 2.96595917e+01 2.89100075e+01
    3.09521694e+01 3.14186096e+01 3.09585457e+01 3.22142563e+01
    3.20612068e+01 3.10882797e+01 3.23039093e+01 3.02784863e+01
    3.21661987e+01 3.13397655e+01 3.18460579e+01 2.93400631e+01
    2.93496933e+01 3.11772232e+01 3.12286587e+01 3.07930317e+01
    3.10656834e+01 2.94966564e+01 3.14082928e+01 3.21734467e+01
    3.15545311e+01 3.06612606e+01 3.16534672e+01 3.38973999e+01
    3.11585522e+01 3.22798080e+01 3.29802170e+01 3.22723961e+01
    3.22634506e+01 3.13022823e+01 3.12259235e+01 3.25721054e+01
    2.95369205e+01 2.90943146e+01 3.01543713e+01 3.00387192e+01
    3.13124752e+01 3.07983227e+01 2.90954819e+01 3.10662575e+01
    2.88933868e+01 2.90695896e+01 2.93708534e+01 3.06118088e+01
    2.98939762e+01 2.89401226e+01 2.92507153e+01 2.95334225e+01
    2.85708656e+01 2.78875523e+01 2.81164570e+01 2.76233997e+01
    2.83098640e+01 2.88989220e+01 2.81061459e+01 2.72995415e+01
    2.90604343e+01 2.67867489e+01 2.95676823e+01 3.06557331e+01
    2.86290989e+01 3.14132595e+01 3.19120731e+01 3.11500206e+01
    3.10997334e+01 3.19127522e+01 3.19189014e+01 2.97730961e+01
    3.22226067e+01 2.97524738e+01 2.90891266e+01 3.10262661e+01
    3.07257175e+01 3.24996376e+01 3.32074242e+01 3.01187572e+01
    3.18363819e+01 3.20077057e+01 3.21574974e+01 3.14266911e+01
    3.24409409e+01 3.24527588e+01 3.17187920e+01 3.18619633e+01
    2.98443508e+01 3.23630295e+01 3.06042023e+01 3.09447041e+01
    3.26296425e+01 2.89914513e+01 2.95072422e+01 2.95194111e+01
    3.11866035e+01 3.00555573e+01 3.09419861e+01 3.15579472e+01
    3.06317520e+01 3.13219891e+01 3.21324615e+01 3.14824295e+01
    3.13123398e+01 3.06718922e+01 3.01309357e+01 2.95355911e+01
    2.82524452e+01 3.17461796e+01 3.00085030e+01 3.05414429e+01
    3.18483906e+01 3.10808735e+01 3.16259041e+01 3.11716385e+01
    3.33127403e+01 3.31468430e+01 3.39913025e+01 3.41293297e+01
    3.42118950e+01 3.22201347e+01 3.24088287e+01 3.21814461e+01
    3.13171577e+01 3.10189590e+01 2.98976765e+01 3.08919315e+01
    3.11209946e+01 2.94475079e+01 3.07586441e+01 2.88968678e+01
    3.16459846e+01 3.15302792e+01 2.99138813e+01 3.07509270e+01
    2.93919525e+01 3.13950329e+01 2.91352291e+01 3.13970947e+01
    3.06729641e+01 2.85794468e+01 2.95104122e+01 3.02685318e+01
    2.98729382e+01 2.76878872e+01 2.91861782e+01 2.98395844e+01
    2.81147499e+01 2.78968105e+01 3.11986408e+01 3.00341873e+01
    2.98013210e+01 2.99290829e+01 3.16152115e+01 3.02798691e+01
    3.07569599e+01 2.89370689e+01 2.86381321e+01 2.86333179e+01
    2.84123001e+01 2.79390335e+01 2.75943966e+01 2.75072098e+01
    2.79147110e+01 2.73348866e+01 2.89667168e+01 3.08262081e+01
    2.76894207e+01 2.90920029e+01 2.90546856e+01 2.92328777e+01
    3.05779285e+01 2.99350796e+01 3.12228832e+01 2.84998608e+01
    2.98121529e+01 3.05460491e+01 2.90598373e+01 2.84428692e+01
    2.96039791e+01 2.86345158e+01 2.96792316e+01 2.80082703e+01
    2.90349216e+01 3.02391949e+01 2.95352592e+01 3.01635036e+01
    3.07000504e+01 3.05092487e+01 3.12206135e+01 3.06464539e+01
    3.17520142e+01 3.14807186e+01 3.20645866e+01 3.23800430e+01
    2.85961304e+01 2.84568005e+01 3.04413891e+01 2.90311089e+01
    2.87491207e+01 2.83525543e+01 2.88211174e+01 3.07795391e+01
    2.88220463e+01 3.00381565e+01 3.05887222e+01 2.91522179e+01
    3.09658623e+01 3.10563450e+01 3.20606384e+01 3.13705750e+01
    3.10185871e+01 3.01288433e+01 2.99484100e+01 3.09336128e+01
    2.73200378e+01 2.92597713e+01 2.89072914e+01 2.89127159e+01
    2.79979095e+01 2.89192715e+01 2.90683193e+01 3.12962494e+01
    2.81936741e+01 3.02425537e+01 3.09550991e+01 2.82834358e+01
    3.04794502e+01 3.00828018e+01 3.11597519e+01 2.88662472e+01
    2.95533199e+01 3.05553360e+01 3.12922516e+01 2.85311775e+01
    2.91907177e+01 2.97256699e+01 3.05603123e+01 3.01525707e+01
    2.80253124e+01 2.96080151e+01 2.86084938e+01 2.82668381e+01
    2.83010235e+01 2.75854263e+01 2.86287804e+01 3.07602863e+01
    3.12412739e+01 3.07249241e+01 3.22215042e+01 3.31007996e+01
    3.11095161e+01 3.09985867e+01 3.11957569e+01 3.12398186e+01
    3.14707127e+01 3.03373966e+01 3.16520176e+01 2.97242413e+01
    3.04521217e+01 3.04328632e+01 2.98269520e+01 2.87556896e+01
    2.92315865e+01 2.89596329e+01 2.92667713e+01 2.96416016e+01
    3.08181934e+01 2.97615395e+01 3.02960281e+01 3.08608379e+01
    3.13825531e+01 3.03200188e+01 2.97943802e+01 3.20787010e+01
    3.24859085e+01 3.07701759e+01 3.13084049e+01 3.23550682e+01
    3.17193127e+01 2.98054352e+01 3.00417614e+01 3.14529819e+01
    3.00013733e+01 2.86965256e+01 3.08999081e+01 2.97383633e+01
    3.01788330e+01 3.02855835e+01 3.08981667e+01 2.83896427e+01
    2.91428719e+01 3.01844864e+01 2.98217258e+01 2.97191658e+01
    3.02982922e+01 3.06611557e+01 2.82430305e+01 3.10249653e+01
    2.88751125e+01 2.76642399e+01 2.88031864e+01 3.06501045e+01
    2.93704853e+01 2.77506676e+01 2.91365929e+01 2.76991997e+01
    2.82656708e+01 2.90067368e+01 3.10609131e+01 3.16573124e+01
    3.09621525e+01 3.22081146e+01 3.03181896e+01 3.03010254e+01
    2.97792168e+01 3.21371803e+01 3.00075741e+01 3.01788960e+01
    3.01023712e+01 2.93814125e+01 2.96395187e+01 2.91476879e+01
    2.99100189e+01 3.11252918e+01 3.19323788e+01 3.22968826e+01
    3.16822662e+01 3.05398312e+01 3.09983463e+01 3.20368881e+01
    3.20779076e+01 3.11963921e+01 3.09465084e+01 3.20597229e+01
    3.15457268e+01 2.90704899e+01 3.03773212e+01 2.98190289e+01
    3.10485325e+01 2.94020214e+01 2.90097027e+01 2.97672081e+01
    3.11633759e+01 3.05874233e+01 3.06039867e+01 2.97033215e+01
    3.05098343e+01 3.08848343e+01 3.02401066e+01 2.90723133e+01
    2.95989590e+01 2.94851456e+01 2.87092056e+01 2.85901794e+01
    2.76672573e+01 3.19586353e+01 2.96060638e+01 2.92726002e+01
    3.10611420e+01 3.10223064e+01 3.18932762e+01 3.15806580e+01
    3.10169907e+01 3.18059025e+01 3.02283669e+01 3.18495846e+01
    3.16054649e+01 3.05849743e+01 3.23639221e+01 3.12921562e+01
    3.15606575e+01 3.14432888e+01 3.09443874e+01 2.91854115e+01
    3.09111557e+01 3.06140060e+01 3.12930431e+01 2.86735420e+01
    3.07516842e+01 3.11222363e+01 3.24438362e+01 3.28417702e+01
    3.17170162e+01 3.16363773e+01 3.10810394e+01 3.14378223e+01
    2.91881123e+01 2.86774635e+01 3.14754391e+01 2.96894150e+01
    2.92839241e+01 3.15439835e+01 3.01054592e+01 2.82633610e+01
    3.06161766e+01 3.14956856e+01 3.08042660e+01 3.06446400e+01
    3.06261406e+01 3.00036297e+01 3.21308327e+01 2.99623108e+01
    2.99136086e+01 3.09656963e+01 2.89966183e+01 2.76429958e+01
    2.87121468e+01 2.82075825e+01 3.05871849e+01 2.89677029e+01
    3.01677990e+01 2.88485699e+01 2.66921234e+01 2.86240292e+01
    2.93033371e+01 2.94253407e+01 3.04755421e+01 3.10308895e+01
    3.03823814e+01 2.97647877e+01 2.91833878e+01 3.10277042e+01
    2.91444950e+01 2.78401318e+01 2.94630165e+01 2.94821320e+01
    2.85887909e+01 2.98329582e+01 3.13108177e+01 3.01982899e+01
    3.15779705e+01 3.04477158e+01 3.08291245e+01 3.14055462e+01
    3.14859734e+01 3.18510838e+01 3.28309174e+01 3.10922260e+01
    3.13682556e+01 3.00383816e+01 2.96790447e+01 2.96544647e+01
    2.88234539e+01 2.95088005e+01 2.90674171e+01 3.01802158e+01
    2.90077076e+01 2.92914047e+01 2.81381855e+01 2.99563007e+01
    3.14705582e+01 2.99760799e+01 3.25480652e+01 3.08215485e+01
    3.19197826e+01 3.25866776e+01 3.16925201e+01 3.20584450e+01
    3.13259811e+01 3.18564110e+01 2.92707176e+01 2.95800037e+01
    2.94263802e+01 2.84569187e+01 2.91424541e+01 2.98114338e+01
    3.05383072e+01 2.93468952e+01 2.98872051e+01 3.15159531e+01
    3.09473743e+01 3.06842937e+01 3.16129932e+01 3.08455238e+01
    3.00597801e+01 3.03096848e+01 3.23651199e+01 3.16992054e+01
    3.01072464e+01 3.01129379e+01 3.02691631e+01 2.93164577e+01
    2.85589008e+01 2.83382473e+01 2.88466187e+01 3.00668449e+01
    2.87586956e+01 2.93228130e+01 2.85472546e+01 3.03706627e+01
    2.92288380e+01 3.04551430e+01 3.21389198e+01 3.04471245e+01
    3.01252651e+01 3.08244209e+01 3.08909092e+01 3.12964840e+01
    3.09917145e+01 3.08172932e+01 3.04026699e+01 3.05423660e+01
    3.01771603e+01 2.90199032e+01 3.07342205e+01 3.06861000e+01
    2.82168465e+01 2.83262234e+01 2.99665794e+01 2.84950542e+01
    3.03215199e+01 2.82436523e+01 3.03761845e+01 3.04713612e+01
    2.98105831e+01 3.13934937e+01 3.11703281e+01 3.27023506e+01
    3.02845211e+01 3.23661041e+01 2.97340908e+01 3.11540642e+01
    3.09218121e+01 3.09870224e+01 3.02861767e+01 2.88847027e+01
    2.93066921e+01 2.89774361e+01 2.86080227e+01 2.80843811e+01
    2.93481178e+01 2.81260967e+01 2.77338085e+01 2.76769581e+01
    3.01373997e+01 2.80083027e+01 3.04587288e+01 2.87637444e+01
    3.13859730e+01 3.06758480e+01 3.10057507e+01 2.90332165e+01
    3.13835735e+01 2.84344006e+01 2.94822769e+01 2.83944817e+01
    2.95873165e+01 2.86119556e+01 2.76275959e+01 2.89798203e+01
    2.83817673e+01 2.92356892e+01 3.11227951e+01 3.01387825e+01
    3.07933159e+01 3.30623703e+01 3.25625420e+01 3.19280357e+01
    3.04678116e+01 3.26068420e+01 3.24094658e+01 3.08985062e+01
    3.06899090e+01 3.05246925e+01 3.08334751e+01 3.01985645e+01
    2.94911041e+01 3.17475605e+01 3.20031929e+01 3.05031948e+01
    3.15105324e+01 3.13321514e+01 3.30319824e+01 3.19379482e+01
    3.13464088e+01 3.22749977e+01 3.09266586e+01 3.11115704e+01
    3.11612606e+01 3.15610313e+01 2.93911991e+01 2.80718212e+01
    3.05832520e+01 2.83060246e+01 2.98595505e+01 3.00251007e+01
    2.97133789e+01 2.99341679e+01 3.06639061e+01 3.03858318e+01
    2.88722363e+01 2.91898117e+01 3.06482811e+01 3.09181442e+01
    3.00855274e+01 3.05366135e+01 3.17965012e+01 2.93354321e+01
    2.76710663e+01 3.07434673e+01 3.04926205e+01 3.17890472e+01
    3.25273895e+01 3.23191109e+01 3.07039452e+01 3.12840233e+01
    3.26028824e+01 3.06730518e+01 3.18593121e+01 3.18512344e+01
    3.13791981e+01 3.14296722e+01 3.08133888e+01 3.30415344e+01
    3.24575729e+01 3.32353668e+01 3.08058281e+01 2.93862743e+01
    3.16547985e+01 3.05653629e+01 3.07129593e+01 2.96369495e+01
    3.12558022e+01 3.03864498e+01 2.98598633e+01 3.02280045e+01
    3.10971718e+01 3.21093369e+01 3.27333908e+01 3.00276089e+01
    3.22657166e+01 3.18757629e+01 3.02934113e+01 3.13419056e+01
    3.13405857e+01 3.04152355e+01 3.12041302e+01 3.10206814e+01
    2.94061031e+01 2.89594154e+01 3.09561768e+01 3.08177967e+01
    3.29636421e+01 2.98552628e+01 2.97165298e+01 3.01384392e+01
    3.00661221e+01 3.06221943e+01 2.93594418e+01 3.04196873e+01
    2.97036285e+01 2.84864864e+01 2.74225368e+01 2.94478092e+01
    3.14470329e+01 2.73235168e+01 2.93392735e+01 2.79367981e+01
    2.94578915e+01 2.98941689e+01 2.81989441e+01 2.86541233e+01
    3.02766819e+01 2.99694595e+01 3.03845520e+01 3.01014938e+01
    2.96831703e+01 2.93843842e+01 2.84342747e+01 2.83826714e+01
    2.81873055e+01 2.92827110e+01 2.92976875e+01 3.03559761e+01
    3.05689678e+01 3.04119930e+01 3.04118633e+01 3.09662361e+01
    3.06051579e+01 3.04479103e+01 3.24329300e+01 3.16520042e+01
    2.97119427e+01 2.92925434e+01 2.93968563e+01 2.94680481e+01
    2.89400845e+01 2.91575909e+01 2.91240978e+01 2.89789410e+01
    3.00834579e+01 2.81706161e+01 2.87700729e+01 2.84504337e+01
    2.83920956e+01 2.97718925e+01 2.97467003e+01 3.06696854e+01
    3.22048302e+01 2.96121655e+01 3.25207405e+01 3.22896919e+01
    3.27794228e+01 3.20390472e+01 3.24810410e+01 3.21470947e+01
    2.86253872e+01 2.91428108e+01 3.04790916e+01 3.06959248e+01
    2.85677490e+01 3.04923515e+01 3.06103783e+01 3.12617035e+01
    3.04612865e+01 2.98742867e+01 3.13294926e+01 3.11064510e+01
    3.00418415e+01 3.05399590e+01 3.19177914e+01 2.99783649e+01
    3.00137138e+01 3.08488789e+01 3.15302658e+01 3.08827477e+01
    3.02692757e+01 3.01472492e+01 2.98198967e+01 2.92057629e+01
    3.01119747e+01 2.96616249e+01 3.11568527e+01 2.98797359e+01
    2.79600830e+01 2.80079765e+01 2.87050514e+01 3.04397945e+01
    2.98810749e+01 3.05346756e+01 2.97230988e+01 3.02291336e+01
    3.22714767e+01 3.07359581e+01 2.97414589e+01 3.16267033e+01
    3.08268528e+01 2.97803555e+01 2.98962746e+01 2.92933140e+01
    2.96927071e+01 2.95581436e+01 2.80046139e+01 2.88513165e+01
    2.70630493e+01 2.88311939e+01 2.86054268e+01 2.93824406e+01
    3.12165089e+01 3.01155319e+01 2.93620434e+01 2.89553280e+01
    3.39581490e+01 3.20066338e+01 3.14038658e+01 3.22637100e+01
    3.11001072e+01 3.30353355e+01 3.09232864e+01 3.25514107e+01
    3.14771118e+01 3.13073521e+01 3.03908310e+01 2.94635715e+01
    2.92383194e+01 2.91499825e+01 2.84128342e+01 2.74435349e+01
    2.86872253e+01 3.00270004e+01 2.95999870e+01 2.98942223e+01
    3.18264408e+01 3.11271915e+01 3.05301895e+01 3.20357971e+01
    3.22140656e+01 3.16914577e+01 3.27932854e+01 3.20164185e+01
    3.13806190e+01 3.12707272e+01 3.11631336e+01 2.96449261e+01
    3.08399086e+01 2.95726318e+01 3.04037228e+01 2.87111950e+01
    3.29548073e+01 3.12897949e+01 3.20406647e+01 3.18558884e+01
    3.14372902e+01 3.26074181e+01 3.10800343e+01 3.08839741e+01
    3.13390999e+01 3.28906898e+01 3.25475616e+01 2.92509060e+01
    2.96933365e+01 2.86040974e+01 2.91117268e+01 3.13831615e+01
    3.08149929e+01 3.00660496e+01 3.42576523e+01 3.26182480e+01
    3.22171097e+01 3.10835609e+01 3.01109676e+01 3.24706421e+01
    3.22048683e+01 3.13467789e+01 2.93078194e+01 3.15148792e+01
    3.12991543e+01 3.00147400e+01 2.93206024e+01 2.90034389e+01
    3.09312992e+01 2.80382938e+01 2.92771969e+01 2.98411293e+01
    3.05869732e+01 3.09894180e+01 3.03385601e+01 2.93536358e+01
    3.10217628e+01 3.07638626e+01 3.29093971e+01 3.16153488e+01
    3.03287697e+01 3.18877468e+01 3.09691525e+01 3.18186131e+01
    3.10889015e+01 3.27563400e+01 3.23331909e+01 3.06044369e+01
    3.08685493e+01 3.18099308e+01 3.11644821e+01 3.16690998e+01
    3.29508095e+01 2.95464096e+01 3.01318359e+01 3.19038258e+01
    3.19238186e+01 3.27267380e+01 3.16232224e+01 3.11956596e+01
    3.06583710e+01 3.09286880e+01 3.11277523e+01 2.93529739e+01
    3.08699760e+01 3.00146675e+01 3.06488037e+01 2.99204006e+01
    2.99453278e+01 3.17905540e+01 2.99305630e+01 3.18163280e+01
    3.04979839e+01 3.09596691e+01 2.95964127e+01 3.09208527e+01
    3.06389656e+01 2.91702232e+01 3.05766945e+01 2.79608288e+01
    2.98222084e+01 3.07828178e+01 2.97584743e+01 2.91466045e+01
    2.98798809e+01 2.84297562e+01 3.09773540e+01 3.05790997e+01
    3.06252460e+01 3.07556057e+01 2.95922203e+01 2.95727081e+01
    2.96466236e+01 3.13253956e+01 2.93957787e+01 2.85419331e+01
    2.93217411e+01 3.04065514e+01 2.95998726e+01 3.01605568e+01
    2.94362640e+01 2.87270660e+01 2.95176716e+01 2.99765167e+01
    2.96134357e+01 3.06937275e+01 3.22533188e+01 3.02351646e+01
    2.97095814e+01 3.13641758e+01 3.15773087e+01 2.85225487e+01
    2.95915985e+01 2.90469265e+01 2.83075485e+01 3.13780975e+01
    2.93862019e+01 2.96623573e+01 3.14014854e+01 3.04398193e+01
    3.07777672e+01 3.17304878e+01 3.27352371e+01 3.14265614e+01
    3.19854851e+01 3.17864952e+01 3.11921120e+01 3.08057117e+01
    3.18034172e+01 3.09176998e+01 2.93901043e+01 3.09214821e+01
    2.95120392e+01 3.01839390e+01 2.80277290e+01 2.84323463e+01
    2.98773079e+01 2.92677155e+01 2.97803040e+01 3.03999882e+01
    3.05682125e+01 2.96079388e+01 3.28026123e+01 3.19788418e+01
    3.28836021e+01 3.27569389e+01 3.26271858e+01 3.26809158e+01
    3.26056671e+01 3.26855659e+01 2.88408051e+01 2.91490135e+01
    2.94403877e+01 2.99472485e+01 2.95251045e+01 3.00514526e+01
    3.00485725e+01 3.12399006e+01 2.90145359e+01 3.19070702e+01
    3.06886864e+01 3.20562134e+01 3.28411789e+01 3.11657047e+01
    3.22459755e+01 3.07649689e+01 3.22636070e+01 3.23640900e+01
    3.16363869e+01 3.20351486e+01 3.22450943e+01 3.09791679e+01
    3.05008297e+01 3.05842075e+01 2.90737228e+01 3.02650948e+01
    2.94365692e+01 2.95396328e+01 2.81622334e+01 2.82638969e+01
    2.85362148e+01 2.89056091e+01 2.86385841e+01 2.94297810e+01
    3.03951912e+01 3.02367973e+01 3.03333759e+01 3.17124443e+01
    3.24631767e+01 3.24018631e+01 3.17457981e+01 3.17086792e+01
    3.02984104e+01 3.08071613e+01 3.22511902e+01 2.93259239e+01
    2.88285503e+01 2.97330933e+01 2.65060329e+01 2.89459076e+01
    2.95241184e+01 2.82871037e+01 2.95894279e+01 2.79911404e+01
    2.88650875e+01 2.90231476e+01 3.04640579e+01 2.95530548e+01
    3.18392868e+01 3.17245712e+01 3.25193405e+01 3.00747070e+01
    3.10909615e+01 3.30957909e+01 3.29539337e+01 3.10353203e+01
    2.92910919e+01 2.92143650e+01 2.77907448e+01 2.93538971e+01
    2.91244965e+01 2.84903393e+01 2.90889912e+01 2.75250378e+01
    2.84454670e+01 2.97060661e+01 3.11825428e+01 3.05134468e+01
    3.06558590e+01 3.02418499e+01 2.82814808e+01 3.10950947e+01
    3.12096806e+01 3.08397255e+01 3.02463627e+01 3.10825462e+01
    3.12412281e+01 3.12579861e+01 3.02265854e+01 3.08216839e+01
    3.02245045e+01 2.99050198e+01 3.05028629e+01 3.10051250e+01
    3.17061672e+01 3.30227051e+01 3.26486702e+01 3.04799099e+01
    2.97433357e+01 3.19969788e+01 3.26391487e+01 3.21855545e+01
    3.34216270e+01 3.14441910e+01 3.03788471e+01 3.09295521e+01
    2.97756310e+01 3.04507504e+01 3.37253838e+01 3.38113327e+01
    3.31942673e+01 3.29153481e+01 3.29629364e+01 3.30911026e+01
    3.28211174e+01 3.15801487e+01 3.13178825e+01 2.94656620e+01
    2.92085915e+01 3.00448055e+01 3.09778290e+01 3.13503075e+01
    2.90026417e+01 2.95461407e+01 2.84085350e+01 2.86111698e+01
    3.01555462e+01 2.86033325e+01 3.03571892e+01 2.90161724e+01
    2.91687546e+01 2.93695984e+01 2.91712570e+01 3.11413231e+01
    3.08477974e+01 2.91387806e+01 3.09486122e+01 3.09951572e+01
    2.89662685e+01 3.15389442e+01 3.04743881e+01 3.09902592e+01
    3.09363327e+01 3.11310310e+01 2.96346073e+01 2.95847092e+01
    3.33186569e+01 3.10050449e+01 2.93898964e+01 3.11423473e+01
    3.12139950e+01 2.94231052e+01 2.94069862e+01 3.15488472e+01
    3.18208256e+01 3.14102268e+01 3.12591820e+01 3.12477341e+01
    2.99461308e+01 3.05398178e+01 2.93946762e+01 3.04056969e+01
    3.02000885e+01 3.02258453e+01 3.18612061e+01 2.80590019e+01
    3.19620991e+01 3.05863457e+01 3.11622982e+01 3.09192581e+01
    3.16565113e+01 3.00515556e+01 2.93764114e+01 3.03083363e+01
    3.06646290e+01 2.81274261e+01 2.88386059e+01 2.90765629e+01
    2.83512020e+01 2.84323025e+01 2.93305092e+01 2.90391254e+01
    3.07374496e+01 3.02082386e+01 2.85342178e+01 2.96997757e+01
    3.11321697e+01 3.05454540e+01 2.95207233e+01 2.93005219e+01
    3.05946331e+01 2.93566303e+01 2.74791317e+01 2.96266422e+01
    3.04641876e+01 3.02693825e+01 3.01945610e+01 2.91743221e+01
    2.98382397e+01 3.04982243e+01 2.98833199e+01 3.25232658e+01
    3.19521713e+01 3.17081089e+01 2.95578823e+01 3.25346146e+01
    3.02893085e+01 3.04840813e+01 2.92267666e+01 3.02194080e+01
    2.94097099e+01 2.99913063e+01 3.24702377e+01 3.04900379e+01
    2.94891281e+01 3.01358738e+01 3.30359077e+01 3.15334797e+01
    3.05298615e+01 3.42165871e+01 3.10963860e+01 3.18426056e+01
    3.21634445e+01 3.23441734e+01 3.16503544e+01 2.99829140e+01
    3.18734322e+01 2.96509457e+01 2.96058254e+01 3.07617817e+01
    2.87302608e+01 3.00278988e+01 2.77788525e+01 2.84196968e+01
    2.92889194e+01 2.93921833e+01 3.05501995e+01 3.08353615e+01
    3.37151108e+01 3.16337910e+01 3.26642876e+01 3.32812958e+01
    3.26276970e+01 3.06149044e+01 3.26635933e+01 3.13642159e+01
    3.02338428e+01 3.03576431e+01 3.14500084e+01 3.11850338e+01
    2.97079716e+01 3.05285912e+01 2.94304581e+01 3.23749008e+01
    3.16011906e+01 3.01873512e+01 3.16990356e+01 3.28473930e+01
    3.17933979e+01 3.18841629e+01 3.14326916e+01 3.02670116e+01
    3.14852543e+01 3.02864056e+01 3.11563320e+01 3.15272522e+01
    3.13225765e+01 3.16636963e+01 3.03738098e+01 2.96785259e+01
    2.89553299e+01 2.92653828e+01 2.89877148e+01 2.80257072e+01
    2.71392078e+01 2.84466667e+01 2.68155327e+01 2.76744728e+01
    2.91429958e+01 3.10818367e+01 3.10257950e+01 3.02742481e+01
    3.18594608e+01 3.20574455e+01 3.06965618e+01 3.37583084e+01
    3.25012131e+01 3.40185318e+01 3.18761005e+01 3.25732460e+01
    3.32286568e+01 3.11040783e+01 3.09011955e+01 3.10294876e+01
    3.00392399e+01 3.02394428e+01 3.01891441e+01 2.89712257e+01
    3.11221046e+01 2.96665821e+01 3.01276836e+01 2.89664917e+01
    2.94333000e+01 3.24542122e+01 3.18615894e+01 3.14149132e+01
    3.25783081e+01 3.22158852e+01 3.20233498e+01 3.22228928e+01
    3.09293289e+01 3.12549496e+01 2.94716454e+01 2.90024509e+01
    2.87514153e+01 2.98980179e+01 2.88391876e+01 2.88715992e+01
    2.77103901e+01 2.84472694e+01 2.83849754e+01 2.78624992e+01
    2.89962769e+01 2.88283844e+01 3.16582355e+01 3.00873280e+01
    2.95284195e+01 3.17823429e+01 3.04920883e+01 3.11711845e+01
    2.94852734e+01 3.19063435e+01 3.20135803e+01 3.15997486e+01
    3.30420990e+01 3.16764774e+01 3.13622093e+01 3.11564465e+01
    3.16066418e+01 3.37919235e+01 3.47097397e+01 3.14005241e+01
    3.10814934e+01 3.38526421e+01 2.94862804e+01 3.01699390e+01
    3.12785892e+01 3.09385052e+01 3.05094757e+01 2.84989128e+01
    2.98191566e+01 2.98449631e+01 3.09323483e+01 3.16619453e+01
    3.14661026e+01 3.12701931e+01 3.45786552e+01 3.40640869e+01
    3.42415009e+01 3.35646439e+01 3.23652916e+01 3.29238243e+01
    3.16640491e+01 3.14505863e+01 3.09585876e+01 2.86448994e+01
    3.05553303e+01 2.93797932e+01 2.92968483e+01 2.83926392e+01
    2.94599075e+01 2.86168003e+01 2.95713005e+01 3.02700863e+01
    3.14182854e+01 3.12935925e+01 3.05633564e+01 2.89209766e+01
    3.03123245e+01 3.05483322e+01 3.06199951e+01 3.08740005e+01
    3.09937897e+01 2.93766499e+01 3.04254360e+01 3.04701042e+01
    3.04604130e+01 3.32124062e+01 3.08519650e+01 3.26870079e+01
    3.18347321e+01 3.16038036e+01 3.08797150e+01 3.09101963e+01
    3.19844570e+01 3.02667446e+01 2.99387131e+01 2.96105614e+01
    2.94898186e+01 3.01786804e+01 3.12890739e+01 2.93378067e+01
    3.21356087e+01 3.12443581e+01 3.18799133e+01 3.05348129e+01
    3.26722755e+01 3.28047714e+01 3.01265259e+01 3.25291901e+01
    3.14032669e+01 3.13025112e+01 3.13090973e+01 3.03047581e+01
    3.12607136e+01 3.06910915e+01 3.20035324e+01 3.00412216e+01
    2.99335117e+01 2.98721848e+01 2.98110542e+01 3.00430622e+01
    2.73855553e+01 2.85920868e+01 3.00156784e+01 2.89535122e+01
    2.88492413e+01 2.90825100e+01 3.06693306e+01 2.99563065e+01
    2.97470322e+01 3.08015842e+01 2.81044502e+01 2.72084808e+01
    2.91878662e+01 2.93242569e+01 2.89376850e+01 2.74406738e+01
    2.81825104e+01 2.97715130e+01 2.95655975e+01 3.06402111e+01
    3.19246368e+01 2.95197563e+01 2.97092800e+01 2.90363464e+01
    3.09331779e+01 3.15542793e+01 3.08028774e+01 3.17536621e+01
    3.00027905e+01 3.16681023e+01 3.12797623e+01 3.05254841e+01
    3.09243546e+01 3.12826729e+01 2.97612133e+01 3.15962601e+01
    3.16101742e+01 3.11700935e+01 3.07062550e+01 3.18901424e+01
    3.15932274e+01 3.28823662e+01 3.22215652e+01 3.34306526e+01
    3.43911247e+01 3.33293610e+01 3.41260643e+01 3.39096184e+01
    3.23046989e+01 3.27367744e+01 2.97450333e+01 2.83155193e+01
    3.02957458e+01 2.89577732e+01 2.94796238e+01 3.01210403e+01
    2.99539852e+01 2.92357502e+01 2.79826126e+01 2.99778881e+01
    2.78622379e+01 2.83470268e+01 3.16390152e+01 3.16523380e+01
    3.36284828e+01 2.97433662e+01 3.16089687e+01 3.03929768e+01
    2.91930141e+01 3.25627632e+01 2.92761650e+01 3.05432167e+01
    3.06480541e+01 3.03008022e+01 2.90428753e+01 3.22315140e+01
    3.08240166e+01 3.40190544e+01 3.15779095e+01 3.17574615e+01
    3.21395760e+01 3.26354065e+01 3.27223129e+01 3.18266945e+01
    3.07466145e+01 2.95459080e+01 2.87364998e+01 3.14299545e+01
    2.95015259e+01 3.07371101e+01 3.09613705e+01 3.16051884e+01
    3.06866341e+01 3.05975990e+01 2.89959564e+01 2.88372211e+01
    2.87248650e+01 2.89511871e+01 2.74625225e+01 2.83647766e+01
    2.83662357e+01 2.96597614e+01 3.09153175e+01 3.19864902e+01
    3.13939400e+01 3.32912979e+01 3.08306522e+01 3.08990841e+01
    3.42093315e+01 3.27446556e+01 3.34926720e+01 3.33849869e+01
    3.20533180e+01 3.14374428e+01 3.07283249e+01 3.15510235e+01
    3.05992889e+01 2.87763519e+01 2.99981480e+01 2.97553387e+01
    3.00023251e+01 3.04191666e+01 3.14296665e+01 2.89494228e+01
    3.01210880e+01 2.98128147e+01 3.08268223e+01 3.07205257e+01
    3.04503498e+01 3.14221001e+01 3.28433952e+01 3.21293297e+01
    3.15125198e+01 3.22318115e+01 3.14994354e+01 3.15823879e+01
    3.01574631e+01 3.10857639e+01 2.88563004e+01 2.89177647e+01
    2.74539490e+01 2.94505749e+01 2.87706604e+01 2.61649380e+01
    2.66129227e+01 2.92431183e+01 2.82263012e+01 2.83147564e+01
    3.02980728e+01 3.04509621e+01 3.10113678e+01 3.10628223e+01
    3.02405167e+01 3.26920738e+01 2.95811653e+01 3.28950119e+01
    3.13282623e+01 3.25614243e+01 3.34409103e+01 2.99047585e+01
    3.22029648e+01 3.01766129e+01 3.07287273e+01 3.38880806e+01
    3.33882713e+01 3.44441414e+01 3.14698257e+01 3.01587467e+01
    3.03923855e+01 3.11412525e+01 3.06558323e+01 3.15856857e+01
    3.06951466e+01 2.95477467e+01 2.93229866e+01 2.85891094e+01
    3.01032677e+01 2.89053574e+01 3.07583313e+01 3.30127792e+01
    3.28235207e+01 3.22472572e+01 3.35766029e+01 3.35077209e+01
    3.29973755e+01 3.22150269e+01 3.26342697e+01 3.19937840e+01
    3.00970879e+01 3.13975563e+01 2.98056793e+01 2.89337711e+01
    3.12070351e+01 3.04678917e+01 2.95212479e+01 2.74213638e+01
    2.99804096e+01 2.97873077e+01 3.03644981e+01 2.95608273e+01
    2.92351093e+01 2.97287483e+01 2.94247513e+01 2.88898277e+01
    3.00784950e+01 3.06028957e+01 3.01429577e+01 3.04558659e+01
    3.00487366e+01 3.06821556e+01 3.18730278e+01 3.22863655e+01
    3.27836533e+01 3.27521172e+01 3.09184780e+01 3.31852646e+01
    3.10108185e+01 3.14505672e+01 3.14874210e+01 3.08403435e+01
    3.09218216e+01 3.06473103e+01 3.06946697e+01 3.18891010e+01
    3.09132004e+01 3.20748787e+01 3.03733158e+01 3.16825485e+01
    3.16247959e+01 3.09250107e+01 3.18239555e+01 3.16818848e+01
    3.12815132e+01 2.99641533e+01 3.16704044e+01 3.04825821e+01
    3.21428871e+01 3.36357040e+01 2.96229858e+01 3.04081917e+01
    3.36032257e+01 2.99014530e+01 3.09524860e+01 3.20767250e+01
    3.00743198e+01 2.89879475e+01 2.96664104e+01 3.03525352e+01
    3.00552273e+01 2.84426556e+01 2.88431301e+01 3.00735302e+01
    3.06430492e+01 2.86368980e+01 2.83398113e+01 2.99320869e+01
    2.99151478e+01 2.90147381e+01 2.91766434e+01 2.91938610e+01
    2.70259342e+01 2.90993805e+01 2.83232689e+01 2.94580040e+01
    3.26017647e+01 3.11043625e+01 3.03821793e+01 3.10241966e+01
    3.06508389e+01 2.97422295e+01 3.25622787e+01 3.03215675e+01
    3.27934074e+01 3.31711540e+01 3.06060371e+01 3.26809959e+01
    3.19347515e+01 3.28873062e+01 3.19171391e+01 3.11498089e+01
    3.09322376e+01 3.09585857e+01 3.11612091e+01 3.25744057e+01
    3.09057598e+01 3.07374706e+01 3.17727108e+01 3.03666286e+01
    3.15202408e+01 3.35637932e+01 3.17362747e+01 3.23779755e+01
    3.22969360e+01 3.32425041e+01 3.20562553e+01 3.17828751e+01
    3.14112949e+01 2.94887104e+01 3.07392349e+01 3.07379894e+01
    3.06947536e+01 3.14631233e+01 3.06982040e+01 2.99520340e+01
    2.89310894e+01 2.83416977e+01 2.85598564e+01 3.00617332e+01
    3.03853245e+01 3.25481720e+01 3.10795708e+01 2.98351116e+01
    3.26880455e+01 2.88054581e+01 2.89129219e+01 3.04114590e+01
    2.95807533e+01 2.97243862e+01 2.90330772e+01 2.96523552e+01
    2.97662106e+01 3.03755913e+01 2.98537769e+01 3.31197205e+01
    3.15752487e+01 3.12668400e+01 3.26596794e+01 3.19485531e+01
    3.17395058e+01 3.17641163e+01 3.14933147e+01 2.98963909e+01
    3.02993870e+01 3.15260372e+01 3.11235180e+01 3.01316833e+01
    3.06381054e+01 2.98836308e+01 2.98744202e+01 3.08686981e+01
    3.14732590e+01 3.13910275e+01 3.02370510e+01 2.83643780e+01
    2.70010071e+01 2.88935471e+01 2.87950306e+01 3.10697765e+01
    3.12674007e+01 3.18900032e+01 3.07442665e+01 3.18119965e+01
    3.12985878e+01 3.12702217e+01 3.12160969e+01 3.33945847e+01
    3.36490593e+01 3.28633804e+01 3.29262238e+01 3.25445900e+01
    3.02960243e+01 3.18979416e+01 3.23499298e+01 3.15851059e+01
    3.06477032e+01 3.09069061e+01 3.09948807e+01 3.09307690e+01
    3.15428505e+01 3.02473946e+01 3.18789787e+01 3.07929096e+01
    3.27348976e+01 3.17583523e+01 3.08937988e+01 3.01247215e+01
    3.20114288e+01 3.20033455e+01 3.16634655e+01 3.21900749e+01
    3.04171162e+01 3.36553345e+01 3.12504311e+01 2.97166538e+01
    2.90397148e+01 3.11927185e+01 2.87887764e+01 2.90458717e+01
    2.68979969e+01 2.79256153e+01 2.96442852e+01 2.81030502e+01
    2.71411972e+01 3.03539104e+01 3.14531231e+01 3.05127792e+01
    3.01924324e+01 3.11710949e+01 3.02416019e+01 3.08510399e+01
    3.01858540e+01 3.12540054e+01 3.07125607e+01 3.33736610e+01
    3.06717491e+01 3.27323112e+01 3.15642796e+01 3.09461727e+01
    3.18891354e+01 3.08954201e+01 3.29415970e+01 3.20153732e+01
    3.19778767e+01 3.18010406e+01 3.02274342e+01 3.18092079e+01
    2.95282307e+01 3.08999577e+01 3.00327816e+01 3.03252220e+01
    3.09596252e+01 3.12361031e+01 3.05545940e+01 3.14465466e+01
    3.13990326e+01 3.02031784e+01 3.26423225e+01 3.45912552e+01
    3.27444000e+01 3.35763969e+01 3.25794144e+01 3.12760048e+01
    3.13591080e+01 2.98234673e+01 3.09944916e+01 3.08020306e+01
    2.93155022e+01 3.02852077e+01 2.89581051e+01 3.06130905e+01
    2.89331589e+01 3.08011341e+01 3.14302616e+01 2.82388363e+01
    3.11709499e+01 2.89225254e+01 3.09793186e+01 2.85188808e+01
    2.85309391e+01 2.99780388e+01 3.10653286e+01 3.07451878e+01
    3.10540619e+01 3.00113735e+01 3.02994576e+01 3.26632919e+01
    3.12497234e+01 3.35215225e+01 3.42332726e+01 3.28077126e+01
    3.08612232e+01 3.32751923e+01 3.23830566e+01 3.02994423e+01
    3.25281639e+01 3.25031281e+01 3.04234753e+01 3.01855659e+01
    3.07272263e+01 2.98210621e+01 2.99588871e+01 3.05435581e+01
    2.93262405e+01 3.11320438e+01 3.14520645e+01 3.22268448e+01
    3.09745255e+01 3.25338974e+01 3.30667152e+01 3.28823280e+01
    2.94983196e+01 3.18428154e+01 3.11332645e+01 3.15276031e+01
    3.03397503e+01 3.21627045e+01 3.07652073e+01 3.26659126e+01
    3.10596180e+01 2.95226784e+01 3.05685177e+01 3.24733238e+01
    3.07629471e+01 3.11019497e+01 3.10950642e+01 3.20781250e+01
    3.01321430e+01 2.97757053e+01 3.10407581e+01 3.06082268e+01
    3.18910885e+01 2.88057728e+01 2.89970016e+01 2.84088707e+01
    2.76378174e+01 2.93887043e+01 2.91715317e+01 2.88310165e+01
    2.77509308e+01 3.02463684e+01 2.90266399e+01 2.89847908e+01
    2.98011932e+01 3.13523979e+01 3.00662060e+01 3.00765839e+01
    3.00557137e+01 3.04140873e+01 3.20609818e+01 3.16660233e+01
    3.26862297e+01 3.35793915e+01 3.11041298e+01 3.21552124e+01
    3.12416134e+01 3.07214603e+01 3.02223015e+01 3.03367538e+01
    3.17360954e+01 3.09799480e+01 3.12600212e+01 3.09715576e+01
    3.08349552e+01 3.15460320e+01 3.27478447e+01 2.94927006e+01
    3.24396744e+01 3.39408722e+01 3.18597031e+01 3.30217819e+01
    3.22883263e+01 3.27680511e+01 3.09836178e+01 3.04225445e+01
    3.13658886e+01 3.03823681e+01 3.02488461e+01 3.11911945e+01
    2.94010067e+01 3.12599201e+01 3.06643696e+01 2.93571262e+01
    3.12661304e+01 3.04430542e+01 3.16816101e+01 3.26343346e+01
    3.38826675e+01 3.32771988e+01 3.05983124e+01 3.11998177e+01
    3.03164139e+01 2.94335346e+01 2.86134014e+01 2.86464233e+01
    2.96310272e+01 3.10056839e+01 2.88023720e+01 2.92864246e+01
    3.11084423e+01 3.20803528e+01 3.04354572e+01 3.03965149e+01
    3.23417511e+01 3.24591331e+01 3.17532406e+01 3.27608986e+01
    3.10761871e+01 3.02307091e+01 3.03621788e+01 3.05164013e+01
    3.07918110e+01 2.94689655e+01 3.04009094e+01 2.93678474e+01
    3.04154682e+01 2.98675518e+01 2.92282181e+01 3.15807762e+01
    3.05990429e+01 2.93871212e+01 2.84998932e+01 2.89241791e+01
    2.88601437e+01 2.98471222e+01 3.28103256e+01 3.20293655e+01
    3.11499996e+01 3.10601120e+01 3.12667274e+01 3.25212593e+01
    3.26281967e+01 3.30410843e+01 3.19406700e+01 3.37875099e+01
    3.13665810e+01 3.20131493e+01 3.13354702e+01 3.11542034e+01
    2.92534561e+01 2.91710758e+01 3.05257092e+01 2.84152489e+01
    2.86999855e+01 3.08028564e+01 2.95351601e+01 2.92804890e+01
    2.94189377e+01 3.01657238e+01 3.09819794e+01 3.13111687e+01
    3.08334293e+01 2.97733326e+01 2.96757030e+01 3.14008522e+01
    3.18602886e+01 3.23873787e+01 3.20733643e+01 3.14477482e+01
    2.95976868e+01 3.09606495e+01 2.91740589e+01 2.99737110e+01
    2.75165558e+01 2.92959309e+01 2.82316513e+01 2.77076111e+01
    2.82175961e+01 2.83610287e+01 2.98373508e+01 2.91948280e+01
    3.05771885e+01 2.91234455e+01 3.25292854e+01 3.19933376e+01
    3.19378567e+01 3.15681400e+01 3.25148430e+01 3.08098278e+01
    3.19111176e+01 3.35941353e+01 3.24813995e+01 3.23661537e+01
    3.33140793e+01 3.24018517e+01 3.14403496e+01 3.46739388e+01
    3.27038155e+01 3.23731346e+01 3.30239754e+01 3.24246750e+01
    3.12080231e+01 3.16609135e+01 3.06563702e+01 3.12533531e+01
    3.04775581e+01 2.96081676e+01 3.03625660e+01 2.96734009e+01
    3.02558308e+01 3.09320278e+01 3.04456100e+01 3.24123535e+01
    3.30107155e+01 3.44135971e+01 3.17531013e+01 3.34046516e+01
    3.24343033e+01 3.31293678e+01 3.27418060e+01 3.14838829e+01
    3.14582634e+01 3.07034683e+01 3.28472786e+01 2.82738304e+01
    2.97384815e+01 3.11903172e+01 2.87411747e+01 2.84221973e+01
    2.80714493e+01 2.97021294e+01 3.07985382e+01 2.88772202e+01
    2.97300320e+01 2.96349907e+01 2.92931805e+01 2.99897346e+01
    3.07159634e+01 3.01135235e+01 3.04990482e+01 3.22263603e+01
    3.20052223e+01 3.13819065e+01 3.14673710e+01 3.07628841e+01
    3.13119926e+01 3.13630238e+01 3.11552563e+01 3.14862576e+01
    3.10873909e+01 3.14877014e+01 2.98372822e+01 3.09745159e+01
    2.89073162e+01 3.01196251e+01 2.97197609e+01 2.81425724e+01
    2.85838547e+01 2.90317326e+01 3.08415165e+01 2.93555775e+01
    3.10342484e+01 3.19915409e+01 3.21989517e+01 3.01806965e+01
    3.26949692e+01 3.19860344e+01 3.11199932e+01 3.06619015e+01
    3.12173939e+01 3.29424210e+01 3.11489315e+01 3.01361465e+01
    3.05145340e+01 3.21120415e+01 2.98766003e+01 3.16008949e+01
    3.19572811e+01 3.02462387e+01 3.07849007e+01 3.28054466e+01
    3.31117134e+01 3.07157249e+01 2.98378334e+01 3.19164772e+01
    3.06686401e+01 3.02868309e+01 3.00279484e+01 2.93225307e+01
    2.76207542e+01 2.90535469e+01 2.90273933e+01 2.83431206e+01
    2.90373898e+01 2.72266865e+01 2.82473488e+01 2.76315327e+01
    2.90568581e+01 2.92884350e+01 3.05093441e+01 2.99449863e+01
    3.09745617e+01 3.14950562e+01 3.16351395e+01 3.12196388e+01
    3.23360519e+01 3.24813194e+01 3.22373962e+01 3.33213387e+01
    3.11955051e+01 3.30666962e+01 3.20369873e+01 3.14339714e+01
    3.12959862e+01 3.26665344e+01 3.06210918e+01 3.14595699e+01
    3.13851032e+01 3.29823303e+01 3.19841976e+01 3.10708103e+01
    2.97895393e+01 3.15514812e+01 3.13377876e+01 3.02330532e+01
    3.12595444e+01 3.11075993e+01 3.25295525e+01 3.10627499e+01
    3.02288628e+01 3.12358646e+01 3.04008369e+01 2.99540749e+01
    3.11741524e+01 3.19247608e+01 3.04209385e+01 3.24212494e+01
    3.05828896e+01 3.07863407e+01 2.98305111e+01 3.07662449e+01
    3.21181679e+01 3.08952999e+01 3.21258049e+01 3.12738171e+01
    3.25208282e+01 3.01559448e+01 3.12268276e+01 2.98272228e+01
    2.89094009e+01 3.04267960e+01 2.99224930e+01 2.88212433e+01
    3.02845116e+01 3.17114201e+01 3.03271675e+01 3.32049446e+01
    3.07472897e+01 3.31490402e+01 3.18092632e+01 3.11126289e+01
    3.30700493e+01 3.15566654e+01 3.27868347e+01 2.99242706e+01
    2.96194153e+01 3.03901196e+01 2.93693943e+01 3.10475178e+01
    2.97665043e+01 2.96756039e+01 3.20145378e+01 2.87456741e+01
    3.08845749e+01 3.28378754e+01 3.05165882e+01 3.13731480e+01
    2.90748501e+01 2.76101894e+01 2.76266117e+01 3.01234150e+01
    3.08443661e+01 3.01459217e+01 3.09778557e+01 3.18838234e+01
    3.09877644e+01 3.09220543e+01 3.23974113e+01 3.29087029e+01
    3.05471725e+01 3.20804176e+01 3.18025188e+01 3.10222282e+01
    2.89413490e+01 2.92647610e+01 2.72552643e+01 2.79769230e+01
    2.85350304e+01 2.74270153e+01 2.76839008e+01 2.79308281e+01
    2.79915333e+01 2.87779846e+01 2.88063679e+01 2.89229908e+01
    2.98283482e+01 2.97727814e+01 2.98954468e+01 3.04835854e+01
    2.93882065e+01 3.11279583e+01 3.07499466e+01 3.07551842e+01
    3.10017624e+01 3.09130154e+01 2.82023811e+01 2.89087982e+01
    2.81841793e+01 2.95811577e+01 2.83599224e+01 2.85645924e+01
    2.75260887e+01 2.53156166e+01 2.92539730e+01 2.90140781e+01
    2.78401375e+01 2.83303337e+01 3.01096020e+01 2.95423679e+01
    3.17056999e+01 3.13607826e+01 3.20402603e+01 3.21926308e+01
    3.06873283e+01 3.15727081e+01 3.17266159e+01 3.19805679e+01
    3.15132961e+01 3.20531921e+01 3.26852303e+01 3.14329395e+01
    3.30782509e+01 3.08439980e+01 3.30557938e+01 3.28710480e+01
    3.07787476e+01 3.34021912e+01 3.05307655e+01 3.13835201e+01
    3.03613472e+01 3.38272858e+01 2.92691460e+01 3.11994286e+01
    3.08008003e+01 2.93825626e+01 2.86873112e+01 2.85983067e+01
    3.16873283e+01 3.17380867e+01 3.09603519e+01 3.19847984e+01
    3.18997326e+01 3.31482658e+01 3.16781120e+01 3.21909523e+01
    3.12173252e+01 3.09445858e+01 3.05468807e+01 3.27817650e+01
    2.97666016e+01 2.97898502e+01 3.05644550e+01 2.89790897e+01
    2.71703053e+01 2.91147652e+01 2.98367424e+01 3.00751991e+01
    2.97796917e+01 2.93489437e+01 3.02001362e+01 3.09770107e+01
    3.03802681e+01 2.90472450e+01 3.04291801e+01 3.14356861e+01
    3.15365467e+01 2.93850727e+01 3.24495926e+01 3.13370304e+01
    2.92834854e+01 3.21675377e+01 3.31115227e+01 3.08053627e+01
    3.10630550e+01 3.25497246e+01 3.13006535e+01 3.08209438e+01
    3.11072941e+01 3.11111546e+01 3.04290409e+01 3.00705509e+01
    2.89840012e+01 2.84066753e+01 3.10122089e+01 2.94579582e+01
    2.92962265e+01 3.08379898e+01 3.14661903e+01 3.11028595e+01
    3.05562325e+01 3.19832478e+01 3.34070206e+01 3.23317642e+01
    3.12919617e+01 3.11582737e+01 3.14752026e+01 3.19769650e+01
    3.26411362e+01 3.10284882e+01 3.00236855e+01 3.14046364e+01
    3.25164413e+01 3.11939240e+01 3.08999825e+01 3.23976402e+01
    3.11676388e+01 3.11096497e+01 3.10782108e+01 3.07503624e+01
    3.10873318e+01 2.98905449e+01 3.03697338e+01 3.02072983e+01
    2.89644260e+01 2.73007298e+01 2.78036480e+01 2.88267708e+01
    2.68627396e+01 2.92353630e+01 3.05980148e+01 2.75397663e+01
    2.78732357e+01 2.93010635e+01 3.10276432e+01 3.07137184e+01
    3.01159554e+01 3.05322495e+01 3.18878555e+01 3.11168289e+01
    3.18031254e+01 3.12657070e+01 3.21616516e+01 3.21623192e+01
    3.21447487e+01 3.42789650e+01 3.29857216e+01 3.14424858e+01
    3.28642044e+01 3.40168839e+01 3.31656380e+01 3.27525902e+01
    3.10880241e+01 3.25582733e+01 3.19902363e+01 3.18549347e+01
    2.96292763e+01 3.18251419e+01 3.19278831e+01 2.93437843e+01
    3.15010262e+01 3.17120342e+01 3.19935093e+01 3.28851738e+01
    3.29978027e+01 3.17001877e+01 3.14331303e+01 2.96993294e+01
    3.19184265e+01 3.12698231e+01 2.97126942e+01 3.04591045e+01
    3.08553886e+01 3.00417919e+01 3.00707493e+01 3.20407295e+01
    3.02860126e+01 3.08239307e+01 3.03051090e+01 3.19610710e+01
    3.13803082e+01 3.27382622e+01 3.30752068e+01 2.99160137e+01
    3.10473099e+01 2.98302898e+01 3.09323997e+01 2.99805107e+01
    2.93912640e+01 3.08200054e+01 3.17073326e+01 3.05396976e+01
    3.19942417e+01 3.24754257e+01 3.16493778e+01 3.15353889e+01
    3.03596649e+01 3.20364685e+01 3.11856842e+01 3.16456604e+01
    3.17290401e+01 2.86222324e+01 2.93698006e+01 3.04620228e+01
    3.04727783e+01 3.08104496e+01 3.05997963e+01 3.09050846e+01
    3.09163113e+01 2.86551991e+01 3.06322899e+01 3.13006630e+01
    3.32322350e+01 3.03473053e+01 2.84047260e+01 2.88158054e+01
    2.79416676e+01 2.67742329e+01 3.11875362e+01 3.14448452e+01
    3.11198006e+01 2.99515324e+01 3.07134037e+01 3.15935268e+01
    3.17931805e+01 3.36618385e+01 3.26271362e+01 3.29671936e+01
    3.11291180e+01 3.05772114e+01 3.01372814e+01 2.77470818e+01
    2.81016197e+01 2.93819637e+01 2.72843914e+01 2.86593914e+01
    2.76742096e+01 2.94807625e+01 2.76474934e+01 2.78628368e+01
    2.79044304e+01 2.78494854e+01 3.07799015e+01 3.08243980e+01
    3.02534542e+01 3.01717052e+01 3.07511044e+01 3.03693638e+01
    3.15422497e+01 2.99393692e+01 3.04609489e+01 3.17139912e+01
    2.89881039e+01 2.98325291e+01 2.78397694e+01 2.99217873e+01
    2.78990993e+01 2.79824600e+01 2.65102425e+01 2.68841591e+01
    2.73441696e+01 2.71637230e+01 2.92410583e+01 2.87741261e+01
    2.92845497e+01 3.20708199e+01 3.12520885e+01 3.00998001e+01
    3.39546432e+01 3.20897408e+01 3.10979900e+01 3.13319130e+01
    3.18842278e+01 3.29567566e+01 3.27765121e+01 3.34162712e+01
    3.14248753e+01 3.16631756e+01 3.24916496e+01 3.23778801e+01
    3.42812920e+01 3.08980274e+01 3.26034355e+01 3.20292816e+01
    3.24395905e+01 3.15866661e+01 3.06173553e+01 3.06022739e+01
    2.93654766e+01 3.07365532e+01 2.86280708e+01 3.06371822e+01
    3.05360413e+01 2.92776165e+01 2.91667595e+01 3.04200230e+01
    3.19533215e+01 3.24309731e+01 3.28131828e+01 3.43111153e+01
    3.10368366e+01 3.19080067e+01 3.37238388e+01 3.22053070e+01
    3.10900459e+01 3.17057323e+01 3.11558971e+01 3.06712875e+01
    3.03124619e+01 3.04934444e+01 2.88691807e+01 2.99390888e+01
    2.92285538e+01 3.01006279e+01 3.07600956e+01 3.14947491e+01
    2.97460575e+01 3.03719540e+01 3.21592598e+01 3.05972347e+01
    3.12804852e+01 3.10220432e+01 3.12375488e+01 2.99378071e+01
    2.96900482e+01 3.04510670e+01 3.17733765e+01 3.05408001e+01
    3.03866634e+01 3.14019585e+01 3.40052795e+01 3.11217842e+01
    2.94188900e+01 3.09882030e+01 3.14367447e+01 2.80622234e+01
    3.00686836e+01 3.10894737e+01 2.80828056e+01 2.84128780e+01
    2.80489750e+01 2.89546852e+01 2.74286823e+01 3.08644867e+01
    3.03290882e+01 3.06566296e+01 3.08624172e+01 3.16529484e+01
    3.22230988e+01 3.12200546e+01 3.37740936e+01 3.22471466e+01
    3.00283260e+01 3.02649632e+01 3.11304226e+01 3.02183266e+01
    2.98273792e+01 3.12228870e+01 3.18058510e+01 3.03881207e+01
    3.19171276e+01 3.12683849e+01 3.00450058e+01 3.05182018e+01
    2.99706783e+01 3.06496773e+01 3.02867184e+01 2.95427608e+01
    2.84975948e+01 2.86292400e+01 2.74538898e+01 2.68775864e+01
    2.70938778e+01 2.70330753e+01 2.79235058e+01 2.95027866e+01
    2.72432194e+01 2.83107586e+01 2.84758511e+01 3.01288414e+01
    3.02064056e+01 3.00085430e+01 3.18062572e+01 3.02490501e+01
    3.11331635e+01 3.00043201e+01 3.16566525e+01 3.25256653e+01
    3.28616905e+01 3.15775909e+01 3.35603714e+01 3.28657074e+01
    3.30688438e+01 3.56441154e+01 3.37010345e+01 3.28685532e+01
    3.42889175e+01 3.38747101e+01 3.19169617e+01 3.19618702e+01
    3.00835667e+01 3.19550743e+01 3.03993740e+01 3.23868790e+01
    2.94692154e+01 3.07649593e+01 3.31642494e+01 3.14950657e+01
    3.25860291e+01 3.16279202e+01 3.18841553e+01 3.08731956e+01
    3.01973095e+01 2.99390755e+01 3.14892635e+01 3.19449940e+01
    3.11068726e+01 3.18271427e+01 2.96857719e+01 3.13021698e+01
    3.03769035e+01 3.09633102e+01 3.07663631e+01 3.21933899e+01
    3.21739998e+01 3.30787506e+01 3.01205063e+01 3.07943230e+01
    3.25227814e+01 3.09760647e+01 3.18333454e+01 3.17492104e+01
    3.09715824e+01 3.02515163e+01 3.04422665e+01 3.05020580e+01
    3.06566181e+01 3.16918697e+01 3.10818501e+01 3.12308216e+01
    3.20791092e+01 3.09833412e+01 3.06997871e+01 3.21559372e+01
    3.16109085e+01 3.15633755e+01 2.90638332e+01 3.07073727e+01
    2.91806946e+01 3.00440044e+01 3.07363567e+01 3.08968620e+01
    3.11292267e+01 2.93081799e+01 3.09638462e+01 3.05097504e+01
    3.00486298e+01 2.88645706e+01 3.18470173e+01 3.04815273e+01
    2.93834038e+01 2.85591087e+01 2.86255074e+01 2.87544479e+01
    3.03760395e+01 3.09640884e+01 3.20032654e+01 3.20529289e+01
    3.07259998e+01 3.21743240e+01 3.37063026e+01 3.44357300e+01
    3.32825623e+01 3.27482262e+01 3.23415451e+01 3.05537148e+01
    2.99603939e+01 2.94748039e+01 2.81279278e+01 2.96815224e+01
    2.70520248e+01 2.81429195e+01 2.78555984e+01 2.82202988e+01
    2.78214931e+01 2.73200512e+01 2.86245480e+01 2.78137455e+01
    2.97473030e+01 2.92059288e+01 3.11686916e+01 3.06305676e+01
    3.17774467e+01 3.16531162e+01 3.02765274e+01 3.18816414e+01
    3.35061150e+01 3.10179939e+01 3.09117851e+01 3.12099190e+01
    2.80824947e+01 3.06649990e+01 2.84801769e+01 3.06313858e+01
    2.64110126e+01 2.89177322e+01 2.77433376e+01 2.91109791e+01
    2.98916683e+01 3.01047478e+01 2.98745823e+01 3.13252945e+01
    3.06331139e+01 3.19220257e+01 3.27551804e+01 3.15566692e+01
    3.08602982e+01 3.11218281e+01 3.20865250e+01 3.07599487e+01
    3.19769192e+01 3.12680340e+01 3.06087513e+01 3.18607559e+01
    3.14373837e+01 3.21569862e+01 3.18342857e+01 3.20228958e+01
    3.16921368e+01 3.09990482e+01 3.05534706e+01 3.00796318e+01
    3.16374855e+01 3.02208748e+01 2.95497570e+01 2.95336609e+01
    3.05590363e+01 3.06174774e+01 3.00452576e+01 2.95516148e+01
    2.88412285e+01 3.01111603e+01 3.12548351e+01 3.21407013e+01
    3.05686989e+01 3.22335854e+01 2.93275909e+01 3.23713455e+01
    2.87775650e+01 2.91364155e+01 2.99459820e+01 2.96988239e+01
    3.02610493e+01 2.76908913e+01 3.01947823e+01 2.82737198e+01
    2.82966595e+01 2.97809658e+01 2.92124233e+01 2.99953918e+01
    3.25964508e+01 2.98029251e+01 3.00622673e+01 3.01147614e+01
    3.10372791e+01 3.01295109e+01 3.03733845e+01 3.06324425e+01
    2.92480431e+01 3.13295650e+01 2.98856163e+01 2.99123497e+01
    2.94046860e+01 3.11861095e+01 3.26514473e+01 3.04422874e+01
    3.07433167e+01 3.12645931e+01 3.09473991e+01 2.93010521e+01
    3.01326618e+01 3.12207317e+01 2.98442917e+01 2.96866627e+01
    2.90904045e+01 2.70956554e+01 2.62832355e+01 2.79852390e+01
    2.73404140e+01 2.84011326e+01 3.04523106e+01 2.99566135e+01
    3.03513641e+01 3.17874126e+01 3.30556107e+01 3.42355804e+01
    3.40684929e+01 3.26381912e+01 2.94732037e+01 3.16914997e+01
    3.14821224e+01 2.97422714e+01 2.98403168e+01 3.09986477e+01
    2.87388210e+01 3.04818325e+01 3.02886162e+01 2.95627975e+01
    2.96700344e+01 3.07932568e+01 3.05178776e+01 2.91571407e+01
    3.01734257e+01 3.12230530e+01 3.16533737e+01 3.08025684e+01
    2.94557400e+01 2.82779274e+01 3.00332832e+01 2.79546452e+01
    2.90597572e+01 2.99225349e+01 2.97512417e+01 3.01506577e+01
    2.87260532e+01 2.91262360e+01 3.08394604e+01 3.11284924e+01
    3.18457527e+01 3.28631516e+01 3.02881927e+01 3.12312737e+01
    3.20272293e+01 3.23394127e+01 3.24839058e+01 3.24363747e+01
    3.50803986e+01 3.32321510e+01 3.44930725e+01 3.17778263e+01
    3.20415649e+01 3.30836182e+01 3.21073418e+01 3.20486374e+01
    3.29527855e+01 3.18222694e+01 2.99823856e+01 3.32310295e+01
    2.94320793e+01 2.99334412e+01 3.12576962e+01 3.16374054e+01
    3.19023476e+01 3.07718391e+01 3.19777069e+01 3.13140850e+01
    3.02421036e+01 3.03970795e+01 3.07059231e+01 3.01080322e+01
    3.10454826e+01 3.09260578e+01 3.16571999e+01 3.04305325e+01
    3.13149433e+01 3.07337170e+01 2.99970875e+01 3.03691025e+01
    3.16620884e+01 3.12155495e+01 2.98416691e+01 3.09352570e+01
    3.04047909e+01 3.21895332e+01 2.95708733e+01 3.17324448e+01
    3.03638191e+01 2.98057003e+01 3.08319092e+01 3.06591225e+01
    3.06467533e+01 3.16160011e+01 3.12542953e+01 3.07119656e+01
    3.18870983e+01 3.22967033e+01 3.07558556e+01 3.25867882e+01
    3.15041313e+01 3.13497982e+01 3.01346817e+01 2.98329506e+01
    3.12513351e+01 2.98769608e+01 2.76341801e+01 3.07894001e+01
    2.88183308e+01 2.91675224e+01 3.01813469e+01 3.00497551e+01
    2.93694324e+01 2.99686604e+01 2.95486240e+01 3.13556538e+01
    2.98530750e+01 2.98367767e+01 2.77976170e+01 2.93773823e+01
    3.06676846e+01 2.83089848e+01 3.18287659e+01 3.08354473e+01
    3.11932716e+01 3.16066341e+01 3.31947250e+01 3.33952217e+01
    3.42441711e+01 3.57990150e+01 3.62105751e+01 3.40512276e+01
    3.39409714e+01 3.28467255e+01 3.23724976e+01 3.05123138e+01
    3.25943565e+01 3.09142418e+01 2.86025410e+01 2.83164234e+01
    2.81776619e+01 2.80931816e+01 2.87364407e+01 2.77671509e+01
    2.90948162e+01 2.94671650e+01 2.95963078e+01 3.07359505e+01
    3.07996235e+01 2.96542988e+01 3.27061844e+01 3.25465240e+01
    3.22135468e+01 3.17075939e+01 3.40465240e+01 3.32857513e+01
    3.18222637e+01 3.23349571e+01 3.09462929e+01 3.04851742e+01
    3.11048985e+01 2.93565464e+01 2.89319172e+01 3.10673447e+01
    2.98198586e+01 3.06372929e+01 2.98028336e+01 2.98367882e+01
    3.01974316e+01 3.16455250e+01 3.07598953e+01 3.09235077e+01
    3.15624981e+01 3.40801392e+01 3.17155762e+01 3.15438385e+01
    3.12701073e+01 3.33744469e+01 3.20755463e+01 3.18493023e+01
    3.09766827e+01 3.18904762e+01 3.12587337e+01 3.17704811e+01
    3.19821568e+01 3.10486183e+01 3.19383144e+01 3.07257233e+01
    2.93865337e+01 2.93315468e+01 2.90160465e+01 3.12648964e+01
    2.97398853e+01 3.07116508e+01 3.03775177e+01 3.06586647e+01
    2.92777367e+01 2.85160370e+01 2.74013977e+01 2.93719730e+01
    3.06279621e+01 3.10054798e+01 3.09731846e+01 3.17810688e+01
    2.99324303e+01 3.00110340e+01 2.96565609e+01 3.02914925e+01
    2.96598301e+01 3.25743446e+01 3.04077206e+01 2.91460876e+01
    3.25617905e+01 3.07904930e+01 3.07381496e+01 3.05458183e+01
    3.08522682e+01 3.08963947e+01 3.03398170e+01 3.04220371e+01
    3.16231155e+01 3.03359642e+01 3.00996284e+01 3.08498840e+01
    3.16200027e+01 3.09035320e+01 3.16422787e+01 3.04159832e+01
    3.07532997e+01 2.89175072e+01 3.20879745e+01 3.35005493e+01
    2.98473721e+01 3.32130089e+01 3.20218697e+01 3.10777874e+01
    3.14765453e+01 3.15803719e+01 3.18939037e+01 3.19766445e+01
    3.10535469e+01 3.10988064e+01 2.82401848e+01 3.00776348e+01
    2.81160336e+01 2.82196102e+01 2.89321480e+01 2.91950760e+01
    3.09746170e+01 3.10672073e+01 3.12024422e+01 3.11149063e+01
    3.30165710e+01 3.25832787e+01 3.36932945e+01 3.48944778e+01
    3.07974300e+01 3.14703007e+01 3.14943695e+01 2.96033821e+01
    3.00421906e+01 2.98279762e+01 2.97435360e+01 2.85711937e+01
    3.03266487e+01 2.98377151e+01 3.23397598e+01 3.01706600e+01
    2.91696892e+01 3.20002747e+01 3.16409378e+01 3.03347378e+01
    3.18375225e+01 3.18338146e+01 2.91154575e+01 3.00432510e+01
    2.81440029e+01 2.79778328e+01 2.94186172e+01 2.88204060e+01
    3.10063305e+01 2.87555637e+01 2.95958939e+01 2.74955578e+01
    3.23625870e+01 3.14820614e+01 3.11326904e+01 3.33590889e+01
    3.19885178e+01 3.09503002e+01 3.02295723e+01 3.15752106e+01
    3.16988811e+01 3.37441902e+01 3.35854721e+01 3.26520424e+01
    3.13230152e+01 3.26733360e+01 3.25504265e+01 3.13599548e+01
    3.24516068e+01 3.23135147e+01 3.17136459e+01 3.20108833e+01
    2.96174984e+01 3.10242386e+01 2.95792065e+01 3.13688011e+01
    2.87934132e+01 3.12969093e+01 3.10805950e+01 2.98350334e+01
    3.10918026e+01 2.99681816e+01 2.99160271e+01 3.06939507e+01
    3.00307636e+01 2.99959412e+01 3.10145493e+01 2.98709240e+01
    3.09675312e+01 2.98235531e+01 3.01882801e+01 3.03239288e+01
    3.10033398e+01 3.10506363e+01 2.95851707e+01 3.04852085e+01
    2.96129246e+01 2.96954670e+01 2.96568146e+01 2.90481281e+01
    3.00442600e+01 2.97488403e+01 3.12816849e+01 3.12081223e+01
    3.09527721e+01 3.13820267e+01 3.24909821e+01 3.18731480e+01
    3.15169201e+01 3.20006828e+01 3.11541176e+01 3.12948589e+01
    3.25133438e+01 3.09530659e+01 3.15045738e+01 3.20538063e+01
    3.01979599e+01 3.15908585e+01 2.98027744e+01 2.87204475e+01
    2.91222973e+01 3.00835495e+01 2.90065098e+01 2.96837158e+01
    2.94690056e+01 2.82331352e+01 2.74795856e+01 2.99078522e+01
    2.96526165e+01 2.92909393e+01 3.07860451e+01 3.16780605e+01
    2.90824509e+01 3.02974167e+01 2.93983860e+01 3.12416630e+01
    3.27826385e+01 3.25468254e+01 3.42098694e+01 3.36989670e+01
    3.33438683e+01 3.41515388e+01 3.61252556e+01 3.56512260e+01
    3.49473877e+01 3.67443542e+01 3.64422874e+01 3.51663208e+01
    3.28800774e+01 3.15663700e+01 3.25821724e+01 2.98405170e+01
    3.21079102e+01 2.98608189e+01 2.95957718e+01 3.09362965e+01
    3.01937504e+01 3.00030060e+01 2.86870956e+01 2.97591381e+01
    3.09509659e+01 3.01759510e+01 3.14140263e+01 3.11976757e+01
    3.23932037e+01 3.28370590e+01 3.29762459e+01 3.30443115e+01
    3.33284149e+01 3.25171776e+01 3.41323280e+01 3.22173195e+01
    3.08571987e+01 3.23630829e+01 3.00909615e+01 3.15428619e+01
    3.10956249e+01 3.07361679e+01 2.94780617e+01 2.92390423e+01
    2.95816212e+01 3.11528187e+01 2.94750977e+01 3.03573799e+01
    3.02479687e+01 3.31551933e+01 3.15258770e+01 3.21407776e+01
    3.42675018e+01 3.18664360e+01 3.15189667e+01 3.27227440e+01
    3.34162369e+01 3.13169079e+01 3.33780746e+01 3.27623444e+01
    3.05629196e+01 3.17936916e+01 2.99154778e+01 3.11915741e+01
    2.98825989e+01 2.98818417e+01 2.97898712e+01 2.81857548e+01
    2.85335503e+01 3.05042725e+01 2.75088291e+01 2.82910500e+01
    2.89897976e+01 2.86715145e+01 2.89411545e+01 2.90759869e+01
    2.81650963e+01 2.79900475e+01 2.90197754e+01 2.90528870e+01
    3.06066990e+01 3.04127617e+01 2.79077969e+01 3.07392559e+01
    2.97074451e+01 2.92815933e+01 2.93675385e+01 3.14406815e+01
    2.89598370e+01 3.17064743e+01 3.19336090e+01 2.90870838e+01
    2.94392242e+01 3.03180923e+01 2.88456383e+01 3.11131878e+01
    3.17536011e+01 3.15075245e+01 2.78439293e+01 2.81738663e+01
    3.01026173e+01 2.90349770e+01 3.08907146e+01 3.11244984e+01
    3.07896442e+01 3.12369404e+01 3.04829826e+01 2.96090221e+01
    2.98842716e+01 3.10297394e+01 3.17455292e+01 3.06370106e+01
    3.27291412e+01 3.32600365e+01 3.27170410e+01 3.27075844e+01
    3.16601143e+01 3.20551682e+01 3.29805527e+01 2.98338280e+01
    2.94282227e+01 2.97318172e+01 2.72457886e+01 2.78919067e+01
    2.82249908e+01 2.97405930e+01 2.85746040e+01 3.11599903e+01
    3.00719776e+01 3.13915501e+01 3.01264381e+01 3.27881165e+01
    3.54071503e+01 3.29880333e+01 3.23882790e+01 3.13423195e+01
    2.94949265e+01 2.80059757e+01 2.96055641e+01 2.82969227e+01
    2.77730808e+01 3.04710598e+01 2.89062538e+01 2.89520969e+01
    2.87360344e+01 3.09094105e+01 3.05899448e+01 2.99845428e+01
    3.02366219e+01 3.21234741e+01 3.15304108e+01 3.02719955e+01
    2.95981655e+01 2.97788696e+01 2.75314236e+01 2.86938801e+01
    2.96594524e+01 2.93184681e+01 3.03055897e+01 3.07613239e+01
    3.05226650e+01 2.93769112e+01 3.15600338e+01 3.17872601e+01
    3.19402351e+01 3.33820763e+01 3.08742046e+01 3.05563374e+01
    3.07922344e+01 2.91009731e+01 3.22093773e+01 3.20869331e+01
    3.15060196e+01 3.08694286e+01 3.18347130e+01 3.14112568e+01
    3.19341850e+01 3.28730621e+01 3.25122070e+01 3.14970589e+01
    3.35462952e+01 3.25746460e+01 3.09798565e+01 3.31226158e+01
    3.10359879e+01 2.91515179e+01 2.83512630e+01 3.06966705e+01
    3.01425285e+01 2.96378918e+01 3.00987091e+01 3.05720272e+01
    3.08307476e+01 3.00590496e+01 2.89787750e+01 2.96436005e+01
    2.93860722e+01 2.95983105e+01 3.00284157e+01 2.83719807e+01
    3.09295139e+01 3.13188572e+01 2.86322441e+01 2.92795391e+01
    2.87979946e+01 2.90486469e+01 3.08254490e+01 2.93004627e+01
    3.06477032e+01 3.15931778e+01 3.32062683e+01 3.02672043e+01
    3.14834518e+01 3.27089195e+01 3.20362625e+01 3.07692413e+01
    3.21874924e+01 3.18298740e+01 3.06570435e+01 3.16418686e+01
    3.21081505e+01 3.05940933e+01 3.05053749e+01 2.84008884e+01
    3.14714241e+01 3.18604069e+01 2.92061577e+01 2.96023445e+01
    2.90701847e+01 2.95173225e+01 2.65092869e+01 2.98750496e+01
    2.93600922e+01 2.82327251e+01 2.90418491e+01 2.76775665e+01
    2.94388046e+01 2.79954319e+01 2.97036686e+01 3.07036552e+01
    3.10799866e+01 2.94231644e+01 2.81832085e+01 3.12589245e+01
    2.95218964e+01 3.22692833e+01 3.28509369e+01 3.30551376e+01
    3.26232224e+01 3.36746674e+01 3.42393265e+01 3.25282898e+01
    3.36166382e+01 3.48661728e+01 3.63437386e+01 3.47489471e+01
    3.52311287e+01 3.39952316e+01 3.12204399e+01 3.10946674e+01
    3.22767906e+01 3.17704182e+01 3.18761177e+01 3.00033321e+01
    3.02870464e+01 3.01820469e+01 2.88117561e+01 3.02199669e+01
    3.01610107e+01 3.03113441e+01 3.08709908e+01 3.05140324e+01
    3.06408253e+01 2.97118301e+01 3.27078819e+01 3.21056595e+01
    3.19911385e+01 3.25221710e+01 3.21010323e+01 3.34731522e+01
    3.33604393e+01 3.21525879e+01 3.23048820e+01 3.28620033e+01
    3.16196918e+01 3.13331013e+01 3.02412910e+01 3.01726971e+01
    3.01940022e+01 3.06652813e+01 2.91585445e+01 2.90606365e+01
    3.10720024e+01 3.05774136e+01 2.94828396e+01 3.22231026e+01
    3.07373619e+01 3.20966682e+01 3.19096813e+01 3.14342556e+01
    3.30446701e+01 3.27002449e+01 3.38565979e+01 3.28472481e+01
    3.25488091e+01 3.16125298e+01 3.18660622e+01 3.09715252e+01
    2.92940979e+01 3.03798141e+01 2.91496925e+01 3.20202789e+01
    2.77001228e+01 2.85949135e+01 3.00646362e+01 3.00641079e+01
    2.78160896e+01 2.91738205e+01 2.89711246e+01 2.90882378e+01
    2.78095646e+01 2.95300961e+01 2.78495922e+01 2.84816608e+01
    2.89722424e+01 2.90721378e+01 2.91476669e+01 3.09833450e+01
    3.11322479e+01 3.09230366e+01 2.89047737e+01 3.04666386e+01
    3.05524940e+01 3.22154274e+01 3.16218910e+01 3.02987137e+01
    2.96568184e+01 2.98065491e+01 2.95262928e+01 2.85363598e+01
    3.03567543e+01 2.97823677e+01 2.98694878e+01 3.06205540e+01
    3.15040321e+01 3.13626652e+01 2.98307610e+01 3.10559101e+01
    3.12719345e+01 3.05612564e+01 3.09833012e+01 3.13427277e+01
    3.16727486e+01 2.96034317e+01 3.01726112e+01 3.24359016e+01
    3.14820061e+01 3.22682838e+01 3.22508545e+01 3.21066399e+01
    3.22321434e+01 3.21744919e+01 3.23353844e+01 3.16548729e+01
    3.05289936e+01 3.17972507e+01 2.98528042e+01 2.82981014e+01
    2.93161602e+01 2.74501724e+01 2.58319054e+01 2.79992161e+01
    2.92640972e+01 2.87650547e+01 2.90204334e+01 3.08320389e+01
    3.13702145e+01 3.23432465e+01 3.23707428e+01 3.32936821e+01
    3.27250404e+01 3.35506592e+01 2.97983189e+01 3.07624359e+01
    2.96900043e+01 2.99452152e+01 3.02443504e+01 3.05423088e+01
    2.86133804e+01 2.92988434e+01 3.01083527e+01 3.03775253e+01
    2.81124172e+01 3.17621365e+01 2.91981544e+01 3.05200481e+01
    3.21409569e+01 2.84837761e+01 3.03175163e+01 2.81333332e+01
    2.68894348e+01 2.85366116e+01 2.96516781e+01 3.00295200e+01
    2.92454472e+01 3.07219448e+01 2.81622772e+01 2.83743401e+01
    3.05483189e+01 3.04218998e+01 3.09260941e+01 3.08619175e+01
    3.13734264e+01 3.07199879e+01 3.04187069e+01 2.93967724e+01
    3.02413120e+01 3.14362335e+01 3.19348545e+01 3.23423615e+01
    3.32039146e+01 3.17921314e+01 3.30029793e+01 3.25522614e+01
    3.31887589e+01 3.28194656e+01 3.18090553e+01 3.32617989e+01
    3.17996273e+01 3.20682831e+01 3.09869118e+01 3.14464436e+01
    2.91254311e+01 2.86418190e+01 2.95635490e+01 2.99443855e+01
    2.90344048e+01 2.87877998e+01 2.91279182e+01 2.88672562e+01
    2.78824596e+01 2.99811649e+01 3.18107166e+01 3.07939301e+01
    3.00035820e+01 3.03846951e+01 3.08860912e+01 2.99174938e+01
    2.93951836e+01 3.04193001e+01 2.94384727e+01 2.93197479e+01
    2.93482590e+01 2.98392429e+01 3.00314007e+01 3.04496479e+01
    3.10132141e+01 2.95140591e+01 3.10797787e+01 3.28197021e+01
    3.23019905e+01 3.11405048e+01 3.24408112e+01 3.35297318e+01
    3.22037392e+01 3.10071430e+01 3.03246307e+01 3.09880276e+01
    3.12893715e+01 2.92423534e+01 3.18232746e+01 3.28792229e+01
    3.16355667e+01 3.13966961e+01 3.07947178e+01 2.85960789e+01
    2.88773079e+01 2.94230461e+01 2.87437096e+01 2.77341995e+01
    2.82280331e+01 2.63607960e+01 2.68238392e+01 2.75375195e+01
    2.82484646e+01 2.97800598e+01 3.08611126e+01 2.84493866e+01
    2.91998997e+01 2.88193741e+01 2.93216248e+01 3.08653450e+01
    3.29193802e+01 3.37986565e+01 3.14901638e+01 3.27450752e+01
    3.08854980e+01 3.26047440e+01 3.36819649e+01 3.52602730e+01
    3.47217941e+01 3.47437439e+01 3.43238678e+01 3.16364326e+01
    3.05638180e+01 2.93885479e+01 2.91504173e+01 3.06353989e+01
    3.13510933e+01 2.92680531e+01 3.05215645e+01 2.90792522e+01
    2.85812111e+01 2.77844372e+01 2.88300381e+01 2.93647594e+01
    3.09031868e+01 3.12797089e+01 2.91912079e+01 3.11775036e+01
    3.03883858e+01 3.02718525e+01 3.29686852e+01 3.18188038e+01
    3.19788799e+01 3.08497944e+01 3.22871399e+01 3.22432327e+01
    3.19941235e+01 3.34802895e+01 2.91850529e+01 3.00327492e+01
    3.14486523e+01 3.06722183e+01 2.84184608e+01 3.08328094e+01
    3.02831688e+01 3.03047390e+01 3.03869019e+01 3.02059498e+01
    3.16661568e+01 3.21380920e+01 3.16452084e+01 3.31397820e+01
    3.21707306e+01 3.38406410e+01 3.20491066e+01 3.39106674e+01
    3.27082291e+01 3.19923134e+01 3.26492386e+01 3.17608147e+01
    3.12865257e+01 3.15151730e+01 3.07649765e+01 3.03709717e+01
    2.96597233e+01 3.09242115e+01 3.04118137e+01 2.82935448e+01
    2.77723923e+01 2.94029827e+01 2.73074322e+01 2.85092564e+01
    2.64926720e+01 2.90674744e+01 2.77606831e+01 2.80596619e+01
    2.54881344e+01 2.89038792e+01 2.68690681e+01 2.89967098e+01
    2.96599598e+01 3.05419044e+01 2.96402512e+01 3.14043941e+01
    3.02182922e+01 3.20263443e+01 3.13344707e+01 3.27004929e+01
    3.15253887e+01 3.14646091e+01 3.27960167e+01 3.11959915e+01
    2.98904209e+01 3.02204666e+01 3.11686440e+01 3.13772449e+01
    3.28203888e+01 3.28989983e+01 3.10777435e+01 3.21072884e+01
    3.27670784e+01 3.15091000e+01 3.16583958e+01 3.29072266e+01
    3.08954582e+01 3.08748302e+01 3.10004845e+01 3.05628891e+01
    3.10329857e+01 3.14363060e+01 3.17266827e+01 3.22304459e+01
    3.23014870e+01 3.09768829e+01 3.28309326e+01 3.03472557e+01
    3.12122879e+01 3.29069672e+01 3.13067894e+01 3.19934998e+01
    3.16493111e+01 2.77552242e+01 2.72419415e+01 2.85811558e+01
    2.73795967e+01 2.83278809e+01 2.87934437e+01 2.83163605e+01
    3.08914661e+01 3.05790730e+01 3.07737350e+01 3.08395004e+01
    3.30398445e+01 3.47540512e+01 3.25967293e+01 3.27899857e+01
    3.09220142e+01 3.02617645e+01 2.95532856e+01 2.98749580e+01
    2.92731495e+01 3.00143681e+01 2.97194595e+01 2.96348915e+01
    2.81689873e+01 2.87629261e+01 2.95877342e+01 2.99923229e+01
    2.85765877e+01 3.00630169e+01 2.92869129e+01 2.86545849e+01
    2.80230808e+01 2.66856155e+01 2.75912743e+01 2.64462490e+01
    2.80297546e+01 2.74587574e+01 2.84178600e+01 2.92370434e+01
    2.69785252e+01 2.80220909e+01 2.86058350e+01 2.93008232e+01
    3.04505768e+01 3.18648529e+01 2.99957924e+01 2.99285336e+01
    2.97450752e+01 3.11662102e+01 2.96856422e+01 3.20199547e+01
    3.06534367e+01 3.11233788e+01 3.14998302e+01 3.17069340e+01
    3.16607971e+01 3.20521774e+01 3.27919388e+01 3.28208961e+01
    3.40329056e+01 3.18738270e+01 3.21598129e+01 3.34722748e+01
    3.08695049e+01 2.96321487e+01 2.77328949e+01 2.81422043e+01
    2.86952877e+01 2.95793991e+01 2.84693489e+01 2.70303059e+01
    2.92394199e+01 3.04993038e+01 2.76787930e+01 2.99956799e+01
    3.07176151e+01 3.10949993e+01 3.16323910e+01 2.88464336e+01
    3.10015373e+01 2.85503578e+01 3.00562820e+01 2.86529560e+01
    2.90975018e+01 2.96274796e+01 2.85712852e+01 2.87685738e+01
    2.74106483e+01 2.91688385e+01 3.12421951e+01 3.11131668e+01
    3.16179104e+01 3.18826351e+01 3.23565979e+01 3.39222298e+01
    3.29840927e+01 3.30411987e+01 3.28137665e+01 3.21889076e+01
    3.17084312e+01 3.20064125e+01 3.05435448e+01 2.88080387e+01
    3.22968063e+01 3.09097672e+01 3.13366623e+01 2.97859516e+01
    2.89768162e+01 2.88438072e+01 2.82404118e+01 2.77699909e+01
    2.87619953e+01 2.80134640e+01 2.77713718e+01 2.55943604e+01
    2.66601124e+01 2.78045025e+01 2.82194157e+01 2.89874802e+01
    2.94665699e+01 2.99277382e+01 2.97099724e+01 2.88807373e+01
    3.16148281e+01 3.02163754e+01 3.25915489e+01 3.02745190e+01
    3.33363571e+01 3.30298309e+01 3.14328632e+01 3.20704918e+01
    3.26730957e+01 3.47688065e+01 3.23499756e+01 3.41302376e+01
    3.31615753e+01 3.06671600e+01 3.13714085e+01 2.90172367e+01
    2.93833008e+01 3.04327831e+01 3.09518948e+01 2.84479637e+01
    2.77829590e+01 2.78625546e+01 2.75519085e+01 2.85270424e+01
    2.79575062e+01 2.87116833e+01 2.97656651e+01 3.00426159e+01
    3.00479050e+01 3.12370377e+01 3.01726303e+01 3.30176964e+01
    3.19652786e+01 3.28076744e+01 3.27326927e+01 3.07331142e+01
    3.28910522e+01 3.19296570e+01 3.08510342e+01 3.10604725e+01
    3.05048656e+01 3.13724728e+01 2.89708080e+01 2.99902840e+01
    3.05787830e+01 3.02456665e+01 3.03136539e+01 3.08666134e+01
    3.01010666e+01 2.96246376e+01 3.15017204e+01 3.38676758e+01
    3.17779446e+01 3.34065857e+01 3.18312263e+01 3.28263817e+01
    3.21311989e+01 3.16943493e+01 3.12093220e+01 3.31280403e+01
    3.21353912e+01 2.99153137e+01 3.37114067e+01 3.09985390e+01
    2.90789928e+01 3.06352367e+01 3.13018227e+01 3.13334370e+01
    2.90836639e+01 2.87698555e+01 3.04218864e+01 2.89602833e+01
    2.78008003e+01 2.84118538e+01 2.98701115e+01 2.96383133e+01
    2.66315365e+01 2.84196835e+01 2.80226154e+01 2.80863552e+01
    2.88012772e+01 2.86113701e+01 2.98757858e+01 3.07131271e+01
    3.11243801e+01 3.13135452e+01 2.90941296e+01 3.17401981e+01
    3.10778103e+01 3.24187546e+01 3.16869164e+01 3.26971130e+01
    3.24613113e+01 3.25244942e+01 3.06485233e+01 3.17206211e+01
    3.24969292e+01 3.40987320e+01 3.30660858e+01 3.33492889e+01
    3.26459084e+01 3.43360443e+01 3.41628647e+01 3.23952789e+01
    3.31894646e+01 3.16777153e+01 3.19236488e+01 3.37068291e+01
    3.17108459e+01 3.03441715e+01 3.04001350e+01 3.04876480e+01
    3.02230263e+01 3.09358597e+01 2.92774487e+01 3.12147655e+01
    3.05144730e+01 2.92431660e+01 3.26139679e+01 3.19164886e+01
    3.10719852e+01 3.06384354e+01 3.02229710e+01 2.84615345e+01
    2.83974590e+01 2.75478382e+01 2.72364750e+01 2.71039619e+01
    2.80460434e+01 2.99235325e+01 2.89572105e+01 2.95745583e+01
    3.13481598e+01 3.14825249e+01 3.33143730e+01 3.24615746e+01
    3.24331093e+01 3.17730370e+01 3.13460121e+01 3.13404083e+01
    2.81480904e+01 2.84501991e+01 2.92577229e+01 2.98379421e+01
    2.80324898e+01 2.93725929e+01 2.83436623e+01 2.91513500e+01
    2.80439835e+01 3.00657425e+01 2.84571705e+01 3.03156471e+01
    2.97332821e+01 3.08760967e+01 2.59351902e+01 2.78563805e+01
    2.56806259e+01 2.79598923e+01 2.81803570e+01 2.79698181e+01
    2.79927063e+01 2.73327770e+01 2.85390434e+01 2.79774075e+01
    3.11146793e+01 3.22708855e+01 3.30100670e+01 3.28207016e+01
    3.19691925e+01 3.18264961e+01 3.00043983e+01 3.17184067e+01
    3.19879341e+01 3.15711155e+01 3.20900307e+01 3.22279167e+01
    3.02057953e+01 3.23936691e+01 3.36459618e+01 3.21995316e+01
    3.37054520e+01 3.37027283e+01 3.35633316e+01 3.31728249e+01
    3.23466949e+01 3.35753670e+01 2.83057880e+01 3.01074600e+01
    2.98845177e+01 2.87880630e+01 2.85648766e+01 2.81313362e+01
    2.88288994e+01 2.76317768e+01 2.86553974e+01 2.99393253e+01
    2.82942371e+01 3.02790089e+01 3.06605930e+01 3.13462276e+01
    2.80254040e+01 2.97213612e+01 3.08214302e+01 2.87086048e+01
    2.83721066e+01 3.04311504e+01 2.76524506e+01 2.76851025e+01
    2.73539944e+01 2.75095387e+01 2.84965248e+01 3.00936699e+01
    3.01022186e+01 2.96885605e+01 3.21353073e+01 3.33098145e+01
    3.36909218e+01 3.51034279e+01 3.48171005e+01 3.36840286e+01
    3.46154633e+01 3.41500130e+01 3.13226109e+01 3.27741203e+01
    3.10521908e+01 3.12508011e+01 2.90119839e+01 2.97726650e+01
    2.96555481e+01 3.05030365e+01 2.99521275e+01 2.92929554e+01
    2.61640053e+01 2.92630215e+01 2.81350136e+01 2.77875118e+01
    2.91361160e+01 2.69038754e+01 2.77221603e+01 2.66606102e+01
    2.97008553e+01 3.03605366e+01 2.93413143e+01 2.80753098e+01
    2.98472958e+01 3.11173801e+01 2.90507298e+01 2.88605423e+01
    3.33691864e+01 3.21943893e+01 3.11820011e+01 3.15865498e+01
    3.27207413e+01 3.23017464e+01 3.30529594e+01 3.39159737e+01
    3.29796562e+01 3.29869003e+01 3.21005783e+01 3.17033329e+01
    3.12906208e+01 3.09156723e+01 2.93782673e+01 3.07014923e+01
    3.01201057e+01 2.86166458e+01 2.83481541e+01 2.82348957e+01
    2.89351540e+01 2.70541859e+01 2.80227642e+01 3.02549438e+01
    2.95393925e+01 3.02753372e+01 2.93430462e+01 3.08736095e+01
    3.19372253e+01 3.07366695e+01 3.27412148e+01 3.22279892e+01
    3.17056427e+01 3.32818947e+01 2.94715633e+01 3.14790974e+01
    3.15607185e+01 3.30130234e+01 3.04682121e+01 3.10434132e+01
    3.11185799e+01 2.98355465e+01 3.04592342e+01 3.15406780e+01
    3.03861656e+01 3.12531719e+01 3.20212555e+01 3.15137997e+01
    3.18830700e+01 3.23881340e+01 3.24458618e+01 3.40888786e+01
    3.27501068e+01 3.15849419e+01 3.18319759e+01 3.25797157e+01
    3.36006432e+01 3.27429848e+01 3.29794655e+01 3.30565681e+01
    3.27095222e+01 3.13178844e+01 3.08978424e+01 3.09221954e+01
    2.99387474e+01 3.11347542e+01 2.96869812e+01 2.85581093e+01
    2.83721848e+01 2.94974384e+01 3.01418247e+01 2.78023643e+01
    2.91079521e+01 2.79809170e+01 2.98348885e+01 2.85224018e+01
    2.81407871e+01 3.07603302e+01 2.99022484e+01 2.99257450e+01
    3.03343735e+01 3.11946678e+01 2.98690319e+01 2.97353649e+01
    3.21391602e+01 3.15913143e+01 2.95513248e+01 3.27678299e+01
    3.21382523e+01 3.06880341e+01 3.26612511e+01 3.30895767e+01
    2.91089821e+01 3.21191139e+01 3.22775955e+01 3.42088089e+01
    3.24599419e+01 3.26679688e+01 3.39025497e+01 3.45349617e+01
    3.34434509e+01 3.19096565e+01 3.25945854e+01 3.46545830e+01
    3.28851700e+01 2.92541866e+01 3.09590034e+01 3.01763363e+01
    3.10014610e+01 2.94013138e+01 2.92620487e+01 3.12228966e+01
    3.09004078e+01 2.95685577e+01 2.94893951e+01 3.08397293e+01
    3.14671459e+01 3.05539188e+01 3.19444523e+01 3.25636063e+01
    3.03918705e+01 3.04094181e+01 2.81676331e+01 2.91826572e+01
    2.90648441e+01 2.98249950e+01 2.93568783e+01 2.89425755e+01
    2.87656384e+01 2.94226151e+01 3.03054409e+01 3.32680550e+01
    3.27071037e+01 3.23629494e+01 3.20391617e+01 3.16641121e+01
    3.12675190e+01 3.13923550e+01 2.81032391e+01 2.94116402e+01
    2.72364292e+01 3.01759434e+01 2.84282722e+01 3.08316841e+01
    2.87316589e+01 2.80486259e+01 2.79401073e+01 2.81614952e+01
    2.81744804e+01 3.01124573e+01 2.91611938e+01 2.84137192e+01
    2.90786381e+01 2.60961113e+01 2.51078682e+01 2.74281540e+01
    2.72702522e+01 2.81631298e+01 2.79696732e+01 3.00174217e+01
    2.79072342e+01 2.79576283e+01 3.07905102e+01 3.11876068e+01
    3.38279839e+01 3.18512230e+01 3.17631035e+01 3.08123207e+01
    2.94565392e+01 3.16249943e+01 3.19393692e+01 3.22490578e+01
    3.18584404e+01 3.13383808e+01 3.03946590e+01 3.29444771e+01
    3.19334698e+01 3.28725815e+01 3.39922562e+01 3.34832230e+01
    3.35010185e+01 3.32927895e+01 3.09361610e+01 3.24197693e+01
    3.07169895e+01 3.04467907e+01 2.81425037e+01 2.89960308e+01
    2.95010433e+01 2.95405846e+01 2.94569054e+01 2.78333378e+01
    2.85732327e+01 2.70646744e+01 3.14138279e+01 3.00176678e+01
    3.02848892e+01 3.21778183e+01 2.96649208e+01 2.83889961e+01
    2.84173946e+01 2.91804237e+01 2.90206566e+01 2.72086239e+01
    2.73929482e+01 2.70787907e+01 2.54474792e+01 2.65297318e+01
    2.70037632e+01 2.88927593e+01 3.09404621e+01 3.00208015e+01
    3.11823883e+01 3.25215340e+01 3.26829109e+01 3.30416832e+01
    3.28699226e+01 3.41659889e+01 3.38849030e+01 3.18616848e+01
    3.07581463e+01 3.13071079e+01 3.13632526e+01 2.91203079e+01
    2.96776638e+01 2.91309376e+01 2.97735271e+01 2.89745235e+01
    2.82766933e+01 3.00281506e+01 2.76786041e+01 2.76609650e+01
    2.80602894e+01 2.78746109e+01 2.73250809e+01 2.57231121e+01
    2.60777550e+01 2.87450905e+01 2.73752842e+01 2.80655384e+01
    2.90464821e+01 2.91026573e+01 2.83999825e+01 2.73041630e+01
    3.11346111e+01 2.94629440e+01 3.01676083e+01 3.24339981e+01
    3.20883217e+01 3.33565598e+01 3.28410072e+01 3.18517303e+01
    3.28329544e+01 3.25438042e+01 3.37245674e+01 3.30845757e+01
    3.28519325e+01 3.16723404e+01 3.21914635e+01 3.03365231e+01
    2.90162010e+01 3.06135788e+01 3.11391106e+01 3.07268658e+01
    2.90111923e+01 2.79302559e+01 2.93729439e+01 2.84256077e+01
    2.84078903e+01 2.96713352e+01 3.04048100e+01 3.11348572e+01
    2.95227604e+01 3.13279762e+01 3.06062622e+01 3.20759468e+01
    3.42687950e+01 3.08844070e+01 3.27405472e+01 3.11782131e+01
    3.11288109e+01 2.99633865e+01 3.07236805e+01 3.09884624e+01
    3.06668949e+01 3.09689007e+01 2.99219913e+01 2.94746628e+01
    3.00797615e+01 3.11415710e+01 3.22757683e+01 3.27127342e+01
    3.11243057e+01 3.04403858e+01 3.02256947e+01 3.32248573e+01
    3.22058945e+01 3.43180084e+01 3.16852207e+01 3.35032158e+01
    3.10695667e+01 3.20423698e+01 3.23284569e+01 3.48219910e+01
    3.31240616e+01 3.16242294e+01 3.22913895e+01 3.15603523e+01
    3.08382244e+01 3.10040569e+01 3.18287315e+01 3.11782646e+01
    2.91377697e+01 3.03228703e+01 2.86093960e+01 2.92898102e+01
    2.99863968e+01 2.89381351e+01 3.15810986e+01 3.00354462e+01
    3.06131039e+01 2.96891804e+01 2.93922405e+01 3.01706562e+01
    2.97410259e+01 3.06146336e+01 2.80087833e+01 3.03647976e+01
    3.03296299e+01 2.99130554e+01 3.09559841e+01 3.03557034e+01
    3.02836380e+01 3.27090302e+01 3.31803780e+01 3.01983566e+01
    3.30487595e+01 3.09485703e+01 3.10772495e+01 3.26028252e+01
    3.19574242e+01 3.13220997e+01 3.40957909e+01 3.26606827e+01
    3.12736645e+01 3.29618492e+01 3.25647240e+01 3.44536476e+01
    3.29564514e+01 3.25251274e+01 2.91023636e+01 3.18767776e+01
    3.10448246e+01 2.94794769e+01 2.72906990e+01 2.93232059e+01
    2.83891907e+01 2.93875256e+01 3.11174068e+01 3.15438652e+01
    2.99337234e+01 2.88743229e+01 3.10163612e+01 2.95972767e+01
    3.08128490e+01 3.23404083e+01 3.01487770e+01 2.92824230e+01
    2.85458107e+01 2.93592453e+01 2.82876492e+01 2.86793957e+01
    2.97392273e+01 2.94880829e+01 3.13358231e+01 3.06959915e+01
    2.94158497e+01 3.21866722e+01 3.34149628e+01 3.29745522e+01
    3.00377388e+01 3.00805321e+01 2.96089592e+01 2.93078175e+01
    2.94046478e+01 2.94789734e+01 2.70719147e+01 3.01095924e+01
    2.97503300e+01 2.83816204e+01 2.69209290e+01 2.89369240e+01
    2.83629417e+01 2.90123386e+01 2.87871666e+01 2.92571259e+01
    2.96497459e+01 2.82546558e+01 2.65257034e+01 2.68455753e+01
    2.72393951e+01 2.76866455e+01 2.95004234e+01 2.90631371e+01
    2.96988907e+01 2.93979340e+01 2.95226860e+01 2.97721348e+01
    3.04053249e+01 3.40982208e+01 3.35668831e+01 3.18768044e+01
    3.15948505e+01 3.10498466e+01 3.02744122e+01 3.22491760e+01
    3.03190651e+01 3.21540146e+01 3.20611496e+01 3.06313820e+01
    3.17815037e+01 3.26563568e+01 3.11535149e+01 3.31554451e+01
    3.28148384e+01 3.28423805e+01 3.33380089e+01 3.18924732e+01
    3.16435566e+01 3.23991394e+01 2.98033180e+01 3.00852184e+01
    2.87563095e+01 2.84670162e+01 2.88909893e+01 2.91392632e+01
    2.67321835e+01 2.88624458e+01 2.87083855e+01 2.79053516e+01
    2.82183819e+01 3.01240082e+01 3.02314301e+01 2.86709881e+01
    2.88724079e+01 2.80622234e+01 2.82146950e+01 2.77929211e+01
    2.79652920e+01 2.83749561e+01 2.79184284e+01 2.63068638e+01
    2.56846790e+01 2.52621498e+01 2.70800266e+01 2.92809448e+01
    2.94522705e+01 2.93382702e+01 3.06468964e+01 3.09253139e+01
    3.26183815e+01 3.25186424e+01 3.28610916e+01 3.41000061e+01
    3.43442078e+01 3.37362404e+01 3.22491112e+01 3.20780678e+01
    3.01143551e+01 2.91357193e+01 3.04077835e+01 2.96945801e+01
    2.90838337e+01 2.66342583e+01 2.74568176e+01 2.73424225e+01
    2.70107365e+01 2.93049107e+01 2.63606930e+01 2.53921623e+01
    2.66102829e+01 2.66655388e+01 2.61978073e+01 2.68533363e+01
    2.68106041e+01 2.95238438e+01 2.69650669e+01 2.78452606e+01
    2.95113697e+01 3.18303986e+01 3.04451580e+01 2.89939461e+01
    3.32151871e+01 3.16081028e+01 3.18264351e+01 3.31369896e+01
    3.24822655e+01 3.33726959e+01 3.21838913e+01 3.41336784e+01
    3.33742180e+01 3.34994049e+01 3.47045364e+01 3.42563171e+01
    3.21944733e+01 3.03360119e+01 3.14552517e+01 3.02030048e+01
    3.21053963e+01 3.01730099e+01 2.98308792e+01 2.91898098e+01
    2.95261974e+01 2.88184147e+01 2.81735649e+01 3.09214230e+01
    2.98243542e+01 3.04029484e+01 2.90466022e+01 3.11785412e+01
    3.04332829e+01 3.27391090e+01 3.37925644e+01 3.28364334e+01
    3.28953056e+01 3.12177010e+01 3.19912567e+01 3.05807838e+01
    3.13869877e+01 3.19982986e+01 3.04908714e+01 3.09602623e+01
    2.91453915e+01 3.00313034e+01 3.02165394e+01 3.06276741e+01
    3.11977692e+01 3.14229565e+01 3.15649853e+01 3.05131550e+01
    2.93239784e+01 3.04855347e+01 3.21483421e+01 3.26652908e+01
    3.32154732e+01 3.29036713e+01 3.17869606e+01 3.24423790e+01
    3.31412659e+01 3.31777992e+01 3.04324913e+01 3.41075439e+01
    3.21865997e+01 2.99460945e+01 3.16479034e+01 3.00819378e+01
    2.99516335e+01 3.22872124e+01 3.17236385e+01 2.96825714e+01
    2.86608829e+01 3.12311535e+01 3.05219612e+01 2.98061810e+01
    2.92341366e+01 3.00101795e+01 3.06821537e+01 2.95517540e+01
    2.80224228e+01 2.95049477e+01 2.84197273e+01 2.96579323e+01
    2.90850048e+01 3.11979065e+01 2.93043938e+01 3.00504532e+01
    3.08137684e+01 3.03058300e+01 3.15289860e+01 3.25458717e+01
    3.07413445e+01 3.08206577e+01 3.18576260e+01 3.12450256e+01
    3.01543846e+01 3.20268631e+01 3.10853348e+01 3.18861580e+01
    3.26101913e+01 3.13703671e+01 3.14727802e+01 3.19195004e+01
    3.25147209e+01 3.13087273e+01 3.01556454e+01 3.21381187e+01
    3.20405769e+01 3.08047295e+01 2.90184631e+01 2.91866550e+01
    2.85881882e+01 3.08112316e+01 2.98989029e+01 3.10844688e+01
    3.14070759e+01 3.18640251e+01 3.11444244e+01 3.17982788e+01
    3.36595459e+01 3.10736504e+01 3.27326202e+01 3.41323586e+01
    3.12546024e+01 3.09919434e+01 3.01926537e+01 2.78816986e+01
    2.83334846e+01 3.07282829e+01 3.02231922e+01 2.94054947e+01
    2.97969799e+01 3.10612507e+01 3.05913696e+01 3.02625637e+01
    3.01846294e+01 3.24321213e+01 3.02760220e+01 3.01187744e+01
    3.17726269e+01 2.98554440e+01 2.79370499e+01 3.02597752e+01
    2.96858673e+01 2.73979282e+01 2.93245659e+01 2.84024429e+01
    2.76643810e+01 2.82611542e+01 2.82115231e+01 2.80967464e+01
    2.78855743e+01 2.93694725e+01 2.79743156e+01 2.86790752e+01
    2.70431767e+01 2.76185875e+01 2.59683247e+01 2.92967567e+01
    2.91939926e+01 3.04874096e+01 3.08321075e+01 3.04004726e+01
    3.02373676e+01 2.81899643e+01 3.17091866e+01 3.21307526e+01
    3.21450577e+01 3.36135941e+01 3.30960121e+01 3.07828388e+01
    3.08895111e+01 3.00594883e+01 3.11201210e+01 3.39875221e+01
    3.18071442e+01 3.13652401e+01 3.24092445e+01 2.96854362e+01
    3.12736969e+01 3.12571831e+01 3.31062584e+01 3.29333954e+01
    3.16942425e+01 3.32855148e+01 3.24098282e+01 3.18788624e+01
    3.26371765e+01 3.01410732e+01 2.92869835e+01 2.86177597e+01
    2.86176682e+01 2.84092808e+01 2.78451405e+01 2.76366558e+01
    2.75906734e+01 2.81220779e+01 2.82177811e+01 3.04426899e+01
    3.07465458e+01 2.97365627e+01 2.91061668e+01 2.68230839e+01
    2.71764526e+01 2.68226776e+01 2.87249889e+01 2.76003189e+01
    3.05371685e+01 2.72168598e+01 2.52033539e+01 2.63169632e+01
    2.70033417e+01 2.99550514e+01 2.96341381e+01 3.15480709e+01
    3.10653839e+01 3.09389782e+01 3.24108467e+01 3.21591454e+01
    3.26400108e+01 3.21176643e+01 3.51556396e+01 3.26969299e+01
    3.15875950e+01 3.10649242e+01 3.10543652e+01 3.09282112e+01
    2.99698887e+01 2.90033627e+01 2.90582848e+01 2.85344200e+01
    2.72179585e+01 2.77521076e+01 2.61189842e+01 2.74611187e+01
    2.65696735e+01 2.70208912e+01 2.68223572e+01 2.67381763e+01
    2.68267403e+01 2.65551491e+01 2.73606415e+01 2.85771294e+01
    2.86282711e+01 2.94475327e+01 3.04270515e+01 3.12225361e+01
    3.07566280e+01 3.09500885e+01 3.19841824e+01 3.23162537e+01
    3.21090279e+01 3.28959236e+01 3.32023201e+01 3.31819992e+01
    3.19217186e+01 3.46849403e+01 3.23672447e+01 3.37613258e+01
    3.35673065e+01 3.35819435e+01 3.28787766e+01 3.11372776e+01
    3.17479820e+01 3.28759689e+01 3.46452293e+01 3.09204292e+01
    3.05957298e+01 2.99784355e+01 2.98628044e+01 2.97225170e+01
    2.94903221e+01 3.03009014e+01 3.03202019e+01 3.21717873e+01
    3.06922550e+01 3.08378658e+01 3.04601383e+01 3.17030067e+01
    3.24787369e+01 3.23330536e+01 3.28594818e+01 3.08452969e+01
    3.03256149e+01 3.20806427e+01 3.23001022e+01 3.13549004e+01
    3.08049221e+01 3.14576797e+01 3.05648670e+01 2.96465378e+01
    3.01688480e+01 3.05209694e+01 3.20746040e+01 3.15190678e+01
    3.25264931e+01 2.92694664e+01 3.08935642e+01 3.23752708e+01
    3.17288876e+01 3.23124619e+01 3.30863533e+01 3.43029671e+01
    3.03551979e+01 3.27077904e+01 3.25570450e+01 3.33892517e+01
    3.29145126e+01 3.25190620e+01 3.02170277e+01 3.04275570e+01
    3.05770111e+01 3.12550354e+01 2.88625374e+01 3.06126785e+01
    2.79967957e+01 2.87968750e+01 2.97813873e+01 3.07330647e+01
    3.03592510e+01 2.87845020e+01 3.06795349e+01 3.00989151e+01
    3.09186993e+01 2.99203339e+01 3.01994152e+01 3.00746899e+01
    3.00408783e+01 3.07147884e+01 2.90032005e+01 3.05369473e+01
    3.07999897e+01 3.10057487e+01 3.02384357e+01 3.10751781e+01
    3.05013676e+01 3.26904144e+01 3.25676804e+01 3.26906090e+01
    3.25066948e+01 3.09323502e+01 3.21975822e+01 3.16778679e+01
    3.25488167e+01 3.35274696e+01 3.32055511e+01 3.13533764e+01
    3.11715031e+01 3.28873825e+01 3.24976158e+01 3.08048267e+01
    3.23357010e+01 3.26614876e+01 3.16465187e+01 2.98768978e+01
    2.96194801e+01 2.97903709e+01 3.11409302e+01 3.07873287e+01
    2.95826569e+01 3.16586304e+01 3.20989838e+01 3.05059166e+01
    3.00638828e+01 3.19503231e+01 3.01549206e+01 3.16705246e+01
    3.14002476e+01 3.05283909e+01 3.11365795e+01 2.89646854e+01
    2.98658886e+01 2.88326797e+01 2.88481026e+01 2.79577255e+01
    2.87110443e+01 2.96861286e+01 2.95041695e+01 2.91356754e+01
    2.83219147e+01 2.94001255e+01 2.92561398e+01 3.00906944e+01
    3.04597855e+01 3.01693306e+01 2.97548943e+01 2.83084469e+01
    2.92147827e+01 2.93933830e+01 2.81730156e+01 2.87668629e+01
    2.89691219e+01 2.76503429e+01 2.75915852e+01 2.82379532e+01
    2.84068356e+01 2.79077187e+01 2.88705978e+01 2.92845745e+01
    2.72582874e+01 2.84513130e+01 2.70621777e+01 2.83562183e+01
    2.82728367e+01 2.98017426e+01 2.99360771e+01 3.10946922e+01
    3.28309135e+01 3.17645550e+01 3.06730652e+01 2.98717213e+01
    3.08868275e+01 3.16596470e+01 3.26032562e+01 3.13346710e+01
    3.15785751e+01 2.90941277e+01 2.97606525e+01 2.82052975e+01
    2.96090870e+01 3.18049164e+01 2.91991234e+01 3.13498783e+01
    3.23892059e+01 3.15900078e+01 3.13961639e+01 3.13788013e+01
    3.17287216e+01 3.18098373e+01 3.39741898e+01 3.24322510e+01
    3.21796455e+01 3.19999809e+01 3.10936718e+01 2.98222408e+01
    2.89404469e+01 3.11786137e+01 2.92786827e+01 3.00687809e+01
    2.95779495e+01 2.84036064e+01 2.88836460e+01 2.87584991e+01
    3.12730179e+01 2.97660675e+01 3.15714493e+01 3.10715523e+01
    2.95489578e+01 2.76380558e+01 2.82747707e+01 2.78362503e+01
    2.71810074e+01 2.84148083e+01 2.83288822e+01 2.88305302e+01
    2.78214149e+01 2.58953724e+01 2.71181259e+01 2.77432823e+01
    3.21210022e+01 2.85626850e+01 3.13480930e+01 3.31222076e+01
    3.28489609e+01 3.26165276e+01 3.30991821e+01 3.42972832e+01
    3.12209511e+01 3.28613243e+01 3.22063599e+01 3.11742954e+01
    3.25041656e+01 2.91799431e+01 2.84956760e+01 2.97637711e+01
    3.06972103e+01 2.75702953e+01 2.73785114e+01 2.70299988e+01
    2.71359787e+01 2.74035168e+01 2.89038506e+01 2.74268513e+01
    2.68004646e+01 2.64401340e+01 2.71042919e+01 2.92325459e+01
    2.86216793e+01 2.75097923e+01 2.89014206e+01 3.15937290e+01
    3.12498360e+01 3.19834099e+01 3.35281525e+01 3.04010201e+01
    3.23183746e+01 3.01031075e+01 3.24529915e+01 3.27467194e+01
    3.27768784e+01 3.28170586e+01 3.33050957e+01 3.38322296e+01
    3.19577351e+01 3.20816154e+01 3.32752495e+01 3.40566216e+01
    3.24621582e+01 3.26325760e+01 3.31479149e+01 3.03519192e+01
    3.21617584e+01 3.16599426e+01 3.24571724e+01 3.07753086e+01
    3.22424850e+01 3.18321419e+01 3.07515030e+01 3.02281666e+01
    3.11094322e+01 3.15607967e+01 3.27230759e+01 3.23486710e+01
    3.25141945e+01 3.20355606e+01 3.16022530e+01 3.13988514e+01
    3.23815880e+01 3.00259476e+01 3.02159500e+01 3.10160408e+01
    3.07464085e+01 3.18914299e+01 3.04973660e+01 3.17295399e+01
    2.94132309e+01 2.90266304e+01 3.06439705e+01 3.19669933e+01
    2.88079319e+01 3.07108727e+01 3.21753464e+01 3.00010014e+01
    3.01660366e+01 3.12340183e+01 3.29425316e+01 3.31473236e+01
    3.18314915e+01 3.24321518e+01 3.12393284e+01 3.19599514e+01
    3.32470703e+01 3.23748245e+01 3.07357693e+01 3.19235249e+01
    3.28228302e+01 3.23152237e+01 3.18398705e+01 3.12031441e+01
    2.91664753e+01 2.97263889e+01 3.07392006e+01 2.93720512e+01
    2.89514294e+01 3.10128899e+01 2.99426270e+01 2.99514542e+01
    3.06090412e+01 2.97044964e+01 3.06736202e+01 3.04491272e+01
    3.11923351e+01 2.99471283e+01 2.89249458e+01 2.89565868e+01
    3.02236233e+01 3.24460258e+01 2.94458084e+01 2.95764236e+01
    2.88552055e+01 2.86864662e+01 3.02323971e+01 3.31985588e+01
    3.10957546e+01 3.29839668e+01 3.18687611e+01 3.23859940e+01
    3.23292427e+01 3.22092781e+01 3.19706039e+01 3.20488625e+01
    3.23819923e+01 3.12684269e+01 3.06341038e+01 3.01316261e+01
    3.14005260e+01 3.13686752e+01 3.00511665e+01 3.09968510e+01
    3.18113937e+01 3.02398109e+01 2.91940289e+01 2.83285046e+01
    2.88037739e+01 3.04677048e+01 2.92571316e+01 2.91555576e+01
    3.21074333e+01 3.01106300e+01 2.82474728e+01 3.04959145e+01
    3.16199112e+01 2.93013000e+01 2.90209236e+01 3.01153336e+01
    2.85348015e+01 3.09654751e+01 2.88137245e+01 2.66402454e+01
    2.80999489e+01 2.81258888e+01 2.88924942e+01 2.77542114e+01
    2.74355602e+01 2.84196911e+01 2.84460964e+01 2.90683880e+01
    2.94491577e+01 2.74124565e+01 3.06738167e+01 3.09382992e+01
    2.95207825e+01 2.91170406e+01 2.85425205e+01 2.86163807e+01
    2.89363747e+01 2.85781708e+01 2.78146687e+01 2.70662422e+01
    2.75148487e+01 2.59232140e+01 2.74794083e+01 2.71560154e+01
    2.90750866e+01 2.85758305e+01 2.95464916e+01 2.92055931e+01
    2.71492901e+01 2.94791927e+01 2.65941410e+01 2.94779301e+01
    3.06097736e+01 3.05971699e+01 3.03185215e+01 3.01921329e+01
    2.89552498e+01 3.04848404e+01 3.05478249e+01 3.11910763e+01
    3.21269073e+01 3.30721283e+01 3.16736946e+01 3.00350475e+01
    3.10426540e+01 2.89648800e+01 3.00470352e+01 3.28679733e+01
    3.14684639e+01 3.17350330e+01 3.22086411e+01 3.27502556e+01
    3.17008743e+01 3.28786316e+01 3.24590836e+01 3.40657349e+01
    3.19829025e+01 3.18492813e+01 3.30271721e+01 3.14141369e+01
    3.19329281e+01 2.98339367e+01 3.05141068e+01 3.10767479e+01
    3.02652931e+01 3.13139381e+01 2.98419609e+01 3.07574577e+01
    2.89244633e+01 3.10692005e+01 3.20229378e+01 3.09176369e+01
    3.22389908e+01 3.04489651e+01 2.99715977e+01 2.94241772e+01
    2.97120743e+01 2.73114109e+01 2.72535019e+01 2.74131966e+01
    2.78213253e+01 2.64291592e+01 2.55772781e+01 2.77939854e+01
    2.70805893e+01 2.84486275e+01 2.84149513e+01 2.83224754e+01
    3.16891956e+01 3.23889008e+01 3.26690750e+01 3.17303791e+01
    3.34539528e+01 3.20528984e+01 3.36120987e+01 3.36523743e+01
    3.48605728e+01 3.34893608e+01 3.15538311e+01 3.07004089e+01
    3.10112057e+01 3.01727409e+01 3.08779430e+01 3.04096947e+01
    2.94163170e+01 2.80109558e+01 2.88508186e+01 2.79583111e+01
    2.82704315e+01 2.71546555e+01 3.02069569e+01 2.80817318e+01
    2.72763367e+01 2.70123444e+01 2.69743443e+01 3.08542557e+01
    2.77817459e+01 3.07584095e+01 2.97866058e+01 3.01917610e+01
    3.26306725e+01 3.11147194e+01 3.22481079e+01 3.29319763e+01
    3.29460716e+01 3.32579041e+01 3.32887230e+01 3.39322090e+01
    3.33161774e+01 3.34478302e+01 3.23092842e+01 3.18253651e+01
    3.35658073e+01 3.36068802e+01 3.36106415e+01 3.25507774e+01
    3.01255512e+01 3.05960007e+01 3.36341133e+01 2.95894108e+01
    3.23292618e+01 3.04944763e+01 3.15638504e+01 2.93518372e+01
    3.10335236e+01 3.24652824e+01 3.05103970e+01 3.19243679e+01
    3.06200981e+01 3.30848999e+01 3.16748695e+01 3.11581459e+01
    3.28883476e+01 3.23828926e+01 3.26378784e+01 3.36859245e+01
    2.97503223e+01 3.00689754e+01 3.25497131e+01 3.06994610e+01
    2.86884689e+01 2.92266445e+01 2.96595154e+01 2.85698471e+01
    2.94907856e+01 2.92686958e+01 3.02506371e+01 3.24198608e+01
    3.10108910e+01 3.02525005e+01 2.95329342e+01 3.09354172e+01
    3.17622833e+01 3.11011887e+01 3.09594002e+01 3.14643669e+01
    3.03579025e+01 3.12148323e+01 3.12839794e+01 3.04439564e+01
    3.21089592e+01 3.09554977e+01 3.07109032e+01 3.15668736e+01
    2.99756947e+01 3.15159492e+01 3.19307785e+01 3.14494991e+01
    2.96467609e+01 2.97647114e+01 3.10090122e+01 3.07803078e+01
    3.19369316e+01 3.11390934e+01 2.91714706e+01 3.11869431e+01
    3.20331345e+01 3.06692505e+01 3.19060516e+01 2.94579048e+01
    3.14665127e+01 2.95422478e+01 2.86456337e+01 3.06330528e+01
    3.07337742e+01 3.14809513e+01 2.98307304e+01 2.93255634e+01
    3.13362274e+01 3.12507267e+01 3.31192970e+01 3.31550446e+01
    3.23934135e+01 3.19156876e+01 3.15556850e+01 3.00857124e+01
    3.13861008e+01 3.19529572e+01 3.23706474e+01 3.03544064e+01
    2.92708607e+01 3.10576801e+01 3.25612106e+01 3.08037262e+01
    3.02545815e+01 3.14953041e+01 3.11267357e+01 3.05813389e+01
    3.10652084e+01 3.08984013e+01 3.01292248e+01 3.13526802e+01
    2.91526566e+01 3.29111443e+01 3.06995316e+01 3.00007172e+01
    2.93348885e+01 2.93934402e+01 3.15246239e+01 2.85613174e+01
    3.08234940e+01 2.89234676e+01 3.01034546e+01 2.84636688e+01
    2.81762505e+01 2.91272659e+01 2.83431549e+01 2.82240696e+01
    2.66428223e+01 2.64684544e+01 2.82309856e+01 2.83602753e+01
    2.88705959e+01 2.80869045e+01 2.78750134e+01 2.86131420e+01
    3.23025322e+01 3.18330383e+01 2.98989887e+01 3.02576370e+01
    3.01099644e+01 3.04132214e+01 2.87403908e+01 3.05593548e+01
    2.86300640e+01 2.71402512e+01 2.75726032e+01 2.79485855e+01
    2.59366570e+01 2.77945118e+01 2.94355049e+01 2.67868805e+01
    2.84777985e+01 2.77365017e+01 2.80453377e+01 2.83937359e+01
    2.92683239e+01 3.05668564e+01 2.96109562e+01 2.99122105e+01
    2.96951027e+01 3.16162109e+01 2.98274479e+01 3.09862404e+01
    3.21185379e+01 3.24582558e+01 3.21933365e+01 3.22706833e+01
    3.08063488e+01 3.10887928e+01 3.21255417e+01 3.04758377e+01
    3.15010242e+01 3.17194462e+01 3.15016365e+01 3.17136002e+01
    3.39636726e+01 3.30199394e+01 3.27715187e+01 3.37862282e+01
    3.21625099e+01 3.25357285e+01 3.23454895e+01 3.27311020e+01
    3.30396805e+01 3.34824905e+01 3.35325127e+01 3.17550373e+01
    3.15509338e+01 3.16852379e+01 3.04772224e+01 3.17407913e+01
    3.13832855e+01 3.14661598e+01 2.97455215e+01 3.12661839e+01
    2.96094131e+01 3.16497402e+01 3.13831558e+01 3.29119186e+01
    3.09699116e+01 2.77770367e+01 2.95496426e+01 2.89863453e+01
    2.67954140e+01 2.64079399e+01 2.78270054e+01 2.71820717e+01
    2.79801254e+01 2.79038773e+01 2.76866856e+01 2.85897427e+01
    2.96357269e+01 3.04974308e+01 3.05736065e+01 3.31068993e+01
    3.22680168e+01 3.29276733e+01 3.41454201e+01 3.27757874e+01
    3.36417618e+01 3.35652084e+01 3.35189857e+01 3.01372662e+01
    3.21189842e+01 3.22117424e+01 2.91215801e+01 2.95787830e+01
    3.00315914e+01 2.92285786e+01 3.04058666e+01 2.97510872e+01
    2.80257187e+01 2.98281384e+01 2.87208328e+01 3.00582123e+01
    2.88930683e+01 2.77508469e+01 2.97821426e+01 2.78882217e+01
    3.00219402e+01 2.75638885e+01 2.74630947e+01 2.84135895e+01
    2.98491917e+01 3.02557411e+01 3.20173035e+01 2.87361755e+01
    3.15763493e+01 2.94889011e+01 3.14966354e+01 3.35227890e+01
    3.19215488e+01 3.28505325e+01 3.17892246e+01 3.28813019e+01
    3.24778442e+01 3.26021309e+01 3.28022423e+01 3.29307785e+01
    3.24440651e+01 3.00703754e+01 3.24292755e+01 3.01178474e+01
    3.13006363e+01 3.13274307e+01 3.15018120e+01 3.02151909e+01
    3.32187157e+01 3.22428322e+01 3.25738602e+01 3.26883621e+01
    3.28023186e+01 3.28838997e+01 3.27048187e+01 3.38293190e+01
    3.33932114e+01 3.27593040e+01 3.33106155e+01 3.24552460e+01
    3.03128166e+01 2.93634777e+01 3.02324905e+01 3.07577953e+01
    2.86255035e+01 3.02259197e+01 2.91107025e+01 2.95663490e+01
    2.62221050e+01 2.81595669e+01 2.96324425e+01 3.01062546e+01
    3.07068615e+01 3.06114197e+01 2.92495937e+01 3.06273041e+01
    2.99836330e+01 3.10131092e+01 3.17799301e+01 3.10397930e+01
    3.17275200e+01 3.01500931e+01 2.92404537e+01 2.94376965e+01
    2.93324623e+01 3.22602654e+01 3.10219479e+01 2.98026009e+01
    3.21165771e+01 3.05699768e+01 2.99632969e+01 3.17182159e+01
    3.03355217e+01 3.10563354e+01 3.08899784e+01 3.09307003e+01
    3.09351063e+01 2.98146038e+01 3.03649330e+01 3.21242790e+01
    3.19117451e+01 3.19932213e+01 3.11441135e+01 3.11251373e+01
    3.25151520e+01 3.15466270e+01 3.33902893e+01 2.89745731e+01
    3.01859856e+01 3.11584454e+01 2.98627853e+01 3.15969105e+01
    2.95981617e+01 3.03810234e+01 3.01267719e+01 3.16385632e+01
    3.29512825e+01 3.25751228e+01 3.26335945e+01 3.27778740e+01
    3.18240013e+01 3.10944176e+01 3.09714928e+01 3.22466545e+01
    3.16671658e+01 3.14852161e+01 3.04544449e+01 2.98788757e+01
    3.29602547e+01 3.22599907e+01 2.99621029e+01 3.10700836e+01
    3.14715137e+01 3.25823021e+01 2.93591537e+01 2.89919109e+01
    3.09779606e+01 2.83878803e+01 3.01259556e+01 3.06780415e+01
    3.02786446e+01 3.08291225e+01 2.84580688e+01 2.88671875e+01
    2.93248138e+01 2.98414478e+01 2.76069565e+01 2.90702362e+01
    2.81807404e+01 2.67461929e+01 2.78379993e+01 2.70442505e+01
    2.70171947e+01 2.72434559e+01 2.83502579e+01 2.68776379e+01
    2.90850353e+01 2.78649864e+01 2.78396931e+01 2.71242180e+01
    2.86407280e+01 2.89185925e+01 2.96649799e+01 2.98325787e+01
    2.89425564e+01 2.92476292e+01 3.05554028e+01 2.84256382e+01
    2.85099373e+01 2.83002949e+01 2.77061157e+01 2.82609043e+01
    2.79087524e+01 2.81291256e+01 2.73740520e+01 2.86642056e+01
    2.84494572e+01 2.99515648e+01 2.77663975e+01 2.89257584e+01
    2.69660416e+01 2.77908669e+01 2.81583500e+01 2.92206364e+01
    3.03665752e+01 2.93224068e+01 3.10787811e+01 3.12260513e+01
    3.14398499e+01 3.35228310e+01 3.41525879e+01 3.16043568e+01
    3.27729111e+01 3.29193306e+01 3.24925194e+01 3.21762505e+01
    3.28768730e+01 3.11426716e+01 3.10841198e+01 3.14468842e+01
    3.08004456e+01 3.31350784e+01 3.21842232e+01 3.24776649e+01
    3.38138504e+01 3.23261032e+01 3.16793003e+01 3.23203049e+01
    3.17890491e+01 3.10923862e+01 3.06337585e+01 3.36711922e+01
    3.32248611e+01 3.02830429e+01 3.03276634e+01 3.06001625e+01
    2.98304482e+01 3.14348450e+01 3.06263733e+01 3.14413357e+01
    3.05793419e+01 3.04551487e+01 2.78417950e+01 3.15303822e+01
    3.24333878e+01 3.08131351e+01 3.15304871e+01 3.06487846e+01
    2.95201797e+01 2.87783318e+01 2.78761311e+01 2.81119766e+01
    2.68161774e+01 2.89359188e+01 2.67574139e+01 2.66991119e+01
    2.84514389e+01 2.98453350e+01 2.92652950e+01 2.82657719e+01
    2.98779640e+01 3.28073425e+01 3.20125237e+01 3.16475582e+01
    3.14817142e+01 3.38268356e+01 3.30222740e+01 3.30800209e+01
    3.21388435e+01 3.18175488e+01 3.10307789e+01 2.95573101e+01
    2.95733986e+01 3.07793941e+01 2.94729023e+01 2.94396191e+01
    2.82691746e+01 2.91407337e+01 3.20314980e+01 2.92372932e+01
    2.85553741e+01 2.79748192e+01 2.83022118e+01 2.99320850e+01
    2.89179192e+01 2.80409565e+01 2.82335835e+01 2.96176186e+01
    2.93419552e+01 2.94056549e+01 3.00660095e+01 3.10714054e+01
    3.15137596e+01 3.06330833e+01 3.13126965e+01 3.11848183e+01
    3.12409191e+01 3.20950356e+01 3.29138641e+01 3.02109127e+01
    3.14631424e+01 3.25442581e+01 3.23042336e+01 3.16822090e+01
    3.20021248e+01 3.19604092e+01 3.12098579e+01 3.19103889e+01
    3.10890675e+01 3.05572643e+01 3.23271637e+01 3.15309944e+01
    3.17604675e+01 3.20050659e+01 3.15576916e+01 3.04323196e+01
    3.38001442e+01 3.36577530e+01 3.46907616e+01 3.12816257e+01
    3.24746628e+01 3.37209740e+01 3.36814384e+01 3.39195366e+01
    3.44409523e+01 3.36892815e+01 3.23773766e+01 3.03939705e+01
    2.99040298e+01 3.08607597e+01 2.97689686e+01 2.97785015e+01
    2.89146137e+01 2.83583469e+01 2.82078362e+01 2.68593903e+01
    2.97546272e+01 2.93458881e+01 3.09835186e+01 3.09645481e+01
    3.20398941e+01 3.05821552e+01 2.92466793e+01 2.99086742e+01
    3.20469589e+01 3.20702438e+01 3.05681248e+01 2.83858604e+01
    2.93374500e+01 2.97487946e+01 2.93118134e+01 3.00668011e+01
    2.95824909e+01 3.15996265e+01 3.01767941e+01 3.00057354e+01
    3.13935795e+01 3.05073051e+01 3.23527794e+01 3.17257671e+01
    3.15325089e+01 2.99907589e+01 2.96527252e+01 3.01131268e+01
    3.08056278e+01 3.23441429e+01 3.17543564e+01 3.15153275e+01
    3.17140350e+01 3.22215424e+01 3.23959885e+01 3.11980686e+01
    3.10374050e+01 3.09941006e+01 3.26906776e+01 3.07427216e+01
    3.15954132e+01 3.19611244e+01 2.89576740e+01 3.09157257e+01
    3.06143761e+01 2.98353291e+01 3.17689705e+01 3.29451637e+01
    3.13890324e+01 3.33688469e+01 3.16136837e+01 2.99579945e+01
    3.17863884e+01 3.06270962e+01 3.14375839e+01 3.05012245e+01
    2.89629726e+01 3.21459122e+01 3.10950489e+01 3.09368610e+01
    3.25099525e+01 3.26633301e+01 3.21774178e+01 3.03952026e+01
    3.18705616e+01 3.26801605e+01 3.23188286e+01 3.14708405e+01
    2.88764629e+01 3.14627628e+01 3.00881405e+01 2.99011478e+01
    2.85458393e+01 2.92715664e+01 3.01381359e+01 3.02803173e+01
    2.86459084e+01 3.00681038e+01 2.79348450e+01 2.90637703e+01
    2.71385536e+01 2.89782429e+01 2.66605949e+01 2.80920982e+01
    3.00495796e+01 2.82219620e+01 2.85203896e+01 2.87056961e+01
    2.89691772e+01 2.84989223e+01 2.75897007e+01 2.83402309e+01
    2.89529095e+01 3.12528229e+01 2.91599026e+01 3.02558098e+01
    2.98093052e+01 2.90300102e+01 2.89334297e+01 2.86252079e+01
    2.74053688e+01 2.72711868e+01 2.60621090e+01 2.84391460e+01
    2.81525822e+01 2.81514225e+01 2.83640957e+01 2.96089172e+01
    2.92777081e+01 2.87867069e+01 2.73276596e+01 2.95366421e+01
    2.81533470e+01 3.03656712e+01 3.10102921e+01 2.93611946e+01
    3.13416233e+01 2.95926266e+01 3.09762287e+01 3.21571846e+01
    3.15000954e+01 3.19446602e+01 3.17254372e+01 3.22249336e+01
    3.14958973e+01 3.01115952e+01 3.18306160e+01 2.91213856e+01
    3.11987534e+01 3.09954643e+01 2.98140774e+01 3.08064461e+01
    3.07318745e+01 3.17423191e+01 3.12253361e+01 3.14160881e+01
    3.16048050e+01 3.15321884e+01 3.05825443e+01 3.25634575e+01
    3.22078400e+01 3.25228386e+01 3.21427498e+01 3.06370621e+01
    3.26822281e+01 3.00683613e+01 2.95642281e+01 3.02480068e+01
    3.07405014e+01 3.15933113e+01 3.02329426e+01 3.05284023e+01
    2.82302933e+01 3.00957413e+01 3.13932552e+01 3.13602448e+01
    3.07580681e+01 3.01529121e+01 2.97672882e+01 3.02061996e+01
    2.98435631e+01 2.90207691e+01 2.91991081e+01 2.78220787e+01
    2.77324848e+01 2.76931591e+01 2.69154510e+01 2.87402859e+01
    2.80299168e+01 3.01048336e+01 2.96067638e+01 3.11405659e+01
    3.10322037e+01 3.15591621e+01 3.24511223e+01 3.08767738e+01
    3.21515846e+01 3.34097137e+01 3.29220848e+01 3.03752327e+01
    3.09760666e+01 3.24650116e+01 2.95765915e+01 2.91138287e+01
    3.00034790e+01 3.03221169e+01 2.97785320e+01 3.19857903e+01
    2.78031769e+01 2.93881111e+01 3.17112122e+01 2.89778767e+01
    3.06057701e+01 2.94678078e+01 2.84659481e+01 2.99825630e+01
    3.06331635e+01 3.04334068e+01 2.90270462e+01 3.09531078e+01
    2.98623886e+01 3.16327038e+01 3.11836128e+01 2.95491753e+01
    3.06535206e+01 3.02091274e+01 3.19359589e+01 3.22027893e+01
    3.27239304e+01 3.10708580e+01 3.06899052e+01 3.24399452e+01
    3.22914467e+01 3.23124008e+01 3.22040215e+01 3.29146271e+01
    3.26497078e+01 3.20150719e+01 2.91218605e+01 3.12493534e+01
    3.09103146e+01 2.94983654e+01 3.11168213e+01 3.03450985e+01
    3.23150749e+01 3.26901627e+01 3.33350067e+01 3.29078560e+01
    3.36632538e+01 3.32480240e+01 3.43705292e+01 3.43383026e+01
    3.25455742e+01 3.28353806e+01 3.37756348e+01 3.43672981e+01
    3.22967682e+01 3.02887936e+01 3.03471565e+01 3.06686707e+01
    3.00368347e+01 3.03808613e+01 2.82010326e+01 2.63919811e+01
    2.64973049e+01 2.78612881e+01 2.78664646e+01 3.00299530e+01
    3.05145645e+01 3.04227905e+01 2.96914215e+01 3.02576599e+01
    2.92331142e+01 3.15323219e+01 3.20208511e+01 2.97551403e+01
    3.06870728e+01 2.87550278e+01 2.89887199e+01 2.81412773e+01
    2.87602577e+01 3.09824448e+01 2.98184109e+01 3.08620129e+01
    2.89686813e+01 2.97383194e+01 3.01609306e+01 3.05790806e+01
    3.06151237e+01 2.94493027e+01 3.12860909e+01 3.14387894e+01
    2.97138672e+01 3.05848408e+01 3.18717766e+01 2.91576252e+01
    3.11786804e+01 3.17826290e+01 3.24700394e+01 3.22659111e+01
    3.05266552e+01 3.07559910e+01 3.20258713e+01 3.13021412e+01
    3.02626495e+01 2.96248093e+01 3.15260887e+01 3.13909416e+01
    3.08971157e+01 2.86090431e+01 3.15527534e+01 3.21250610e+01
    3.11462440e+01 3.27447777e+01 3.27556114e+01 3.29300842e+01
    3.10969868e+01 3.34772186e+01 3.13497887e+01 3.09703312e+01
    3.22191620e+01 3.07290993e+01 3.06922226e+01 3.02370510e+01
    2.97177334e+01 3.26911087e+01 3.24287872e+01 3.12269421e+01
    3.13782177e+01 3.04325867e+01 3.17873459e+01 3.11311913e+01
    3.06827793e+01 3.14401417e+01 3.21089897e+01 3.15164795e+01
    2.98459282e+01 3.04957142e+01 2.92542801e+01 2.83171120e+01
    3.03529148e+01 3.03085747e+01 2.95926971e+01 2.88464470e+01
    2.91663017e+01 2.87154713e+01 2.86612720e+01 2.94802704e+01
    2.74825020e+01 3.12453022e+01 3.07205391e+01 2.77833176e+01
    2.85693054e+01 2.89694347e+01 2.88693104e+01 2.95943317e+01
    2.69661922e+01 2.82607288e+01 3.05906391e+01 2.67684212e+01
    2.91741199e+01 2.86943150e+01 2.76427059e+01 2.75140190e+01
    2.77242184e+01 2.75800591e+01 2.64483738e+01 2.77164726e+01
    2.69609318e+01 2.73071213e+01 2.80614052e+01 2.71660328e+01
    2.82023029e+01 2.79266376e+01 2.89040031e+01 2.75184021e+01
    2.89227409e+01 2.85444241e+01 2.89372044e+01 3.13852520e+01
    3.13713818e+01 3.16282845e+01 3.28724136e+01 3.22822304e+01
    3.03069019e+01 3.19866791e+01 3.33138847e+01 3.27164459e+01
    3.24530945e+01 3.22551155e+01 2.94264412e+01 2.95444088e+01
    3.01505623e+01 2.83908691e+01 2.99776382e+01 2.87470226e+01
    2.91470203e+01 2.98905926e+01 3.10097084e+01 3.10358734e+01
    2.97831974e+01 3.16593914e+01 3.17748146e+01 3.08761215e+01
    3.05408516e+01 3.17655964e+01 3.18139343e+01 3.03174648e+01
    3.13639851e+01 3.00636749e+01 2.95036373e+01 2.94166355e+01
    3.08413029e+01 3.04096832e+01 2.80636463e+01 2.95794525e+01
    2.96013126e+01 2.85927277e+01 2.91691113e+01 2.94229698e+01
    3.00554733e+01 2.85311852e+01 3.00543861e+01 2.91043777e+01
    3.06710377e+01 2.99468670e+01 2.93441410e+01 3.02689266e+01
    2.99475231e+01 3.01028385e+01 2.94222565e+01 2.76810608e+01
    2.81859989e+01 2.89430618e+01 2.86014786e+01 3.02981529e+01
    2.79008617e+01 3.09166546e+01 3.19790001e+01 2.99628735e+01
    2.91809635e+01 3.02797337e+01 3.27416267e+01 3.14978924e+01
    3.18827057e+01 3.19676323e+01 3.22182388e+01 2.97885475e+01
    2.78372440e+01 3.01486931e+01 2.85711708e+01 3.08034630e+01
    2.78048420e+01 2.91015968e+01 2.84838219e+01 2.97441845e+01
    2.98571415e+01 3.08212223e+01 2.94410152e+01 3.03597393e+01
    3.28667183e+01 3.06262474e+01 3.06795368e+01 3.05001736e+01
    3.11355057e+01 3.20871201e+01 3.14220257e+01 3.07443504e+01
    2.92997665e+01 3.00289707e+01 2.93074284e+01 2.98958206e+01
    3.00651531e+01 3.11337090e+01 3.12015419e+01 3.10279369e+01
    3.01627064e+01 3.18789558e+01 3.11701527e+01 3.09346027e+01
    3.28657303e+01 3.22720947e+01 3.23975334e+01 3.23519096e+01
    3.11104488e+01 3.05095119e+01 3.15570183e+01 3.10137310e+01
    3.17916107e+01 3.18467102e+01 3.01894875e+01 3.03643494e+01
    3.25603943e+01 3.27610321e+01 3.21602020e+01 3.33006401e+01
    3.30142708e+01 3.37185326e+01 3.22123413e+01 3.31855621e+01
    3.40843620e+01 3.35416718e+01 3.37766953e+01 3.16589603e+01
    3.01676693e+01 3.07574673e+01 3.29109993e+01 3.06377926e+01
    2.89701633e+01 2.84792519e+01 2.87387962e+01 2.65084400e+01
    2.79943218e+01 2.97275124e+01 3.07238197e+01 2.91000614e+01
    3.02357254e+01 3.06999722e+01 2.94380894e+01 3.07560501e+01
    3.10446053e+01 3.05675354e+01 3.06493874e+01 2.80506916e+01
    2.95420589e+01 2.87879257e+01 2.91678600e+01 3.00963154e+01
    2.93805256e+01 3.10202351e+01 3.02430229e+01 3.14097366e+01
    3.10379620e+01 3.14304104e+01 2.91146221e+01 3.13534679e+01
    3.19639721e+01 3.06474209e+01 2.85828590e+01 2.91233673e+01
    2.89742775e+01 3.11639271e+01 3.17194633e+01 3.11957607e+01
    3.17431297e+01 2.92107544e+01 3.07903118e+01 3.06124191e+01
    2.98676586e+01 2.95595493e+01 3.09427948e+01 3.13266582e+01
    2.95522404e+01 2.88625641e+01 2.80925503e+01 3.00709229e+01
    3.00941792e+01 3.11366386e+01 3.19072266e+01 2.93360233e+01
    3.20865364e+01 3.08723412e+01 3.17316704e+01 3.10952988e+01
    3.00604877e+01 3.10431671e+01 3.13255978e+01 3.01319923e+01
    2.88332291e+01 3.00785065e+01 3.16413498e+01 3.00365791e+01
    3.05224838e+01 3.11976223e+01 3.36155052e+01 3.10190353e+01
    2.90884628e+01 3.16083622e+01 3.19293957e+01 3.23745461e+01
    3.20986786e+01 3.17301941e+01 3.21085091e+01 3.03061523e+01
    2.76728344e+01 2.87927876e+01 3.02925968e+01 2.99179630e+01
    2.98703480e+01 3.15509434e+01 2.86382599e+01 2.99312496e+01
    2.93732738e+01 2.93214512e+01 2.92835751e+01 3.16958103e+01
    2.89052067e+01 3.01407394e+01 2.88898067e+01 3.13431473e+01
    2.89289970e+01 2.81768150e+01 2.85403996e+01 2.89412174e+01
    2.99911442e+01 2.77561188e+01 3.05350456e+01 2.94108410e+01
    2.98348904e+01 2.85407047e+01 2.88014355e+01 2.74320965e+01
    2.72087650e+01 2.69022789e+01 2.57042446e+01 2.68468075e+01
    2.65780945e+01 2.91986275e+01 2.72354660e+01 2.97205925e+01
    2.85101719e+01 2.77561512e+01 3.10161762e+01 3.06501064e+01
    3.07858124e+01 3.04751778e+01 3.21883774e+01 3.15107822e+01
    3.04100189e+01 3.06013050e+01 3.18906536e+01 3.31021652e+01
    3.16787529e+01 3.20119247e+01 3.09622841e+01 3.10293140e+01
    2.94140663e+01 2.94012947e+01 2.93225384e+01 2.84403076e+01
    2.83406830e+01 2.84990311e+01 2.96047497e+01 2.99931889e+01
    2.98335495e+01 3.27970543e+01 3.08838406e+01 3.22755280e+01
    3.14242020e+01 3.12453842e+01 3.18558617e+01 3.02377834e+01
    3.13858376e+01 3.05597916e+01 2.95145054e+01 2.97676239e+01
    3.08442364e+01 3.17277374e+01 3.01195545e+01 3.03930416e+01
    2.90097733e+01 3.02932053e+01 2.92796478e+01 2.98302555e+01
    2.82599030e+01 3.00716400e+01 2.83754272e+01 2.98829956e+01
    2.93363056e+01 2.87263374e+01 2.95835056e+01 3.00719452e+01
    3.04408665e+01 2.88484058e+01 2.95726452e+01 2.80837154e+01
    2.87690620e+01 2.85019150e+01 2.84536705e+01 2.86338577e+01
    2.86908646e+01 2.97336540e+01 2.92932339e+01 3.24364357e+01
    2.94526463e+01 3.00040264e+01 3.15835934e+01 3.14494820e+01
    3.19451160e+01 3.32309837e+01 3.44415016e+01 3.18177700e+01
    3.15118427e+01 3.06598606e+01 3.19911022e+01 3.00373287e+01
    3.07953682e+01 3.02254639e+01 3.03213787e+01 3.12397957e+01
    2.75721436e+01 2.90074196e+01 3.03461037e+01 3.17492809e+01
    3.21231194e+01 3.20177498e+01 3.06789398e+01 3.02284012e+01
    3.04743900e+01 3.10663223e+01 3.13640213e+01 3.02461910e+01
    2.99663200e+01 3.07319508e+01 3.02956734e+01 2.95659599e+01
    2.93881092e+01 2.91809635e+01 2.97853889e+01 3.02511044e+01
    2.94778557e+01 2.97733746e+01 2.94801559e+01 3.04231186e+01
    2.99561615e+01 3.13700943e+01 3.15713711e+01 3.23279572e+01
    3.17076855e+01 2.96605034e+01 3.03774433e+01 3.06315556e+01
    3.06777763e+01 3.08792267e+01 3.16434288e+01 3.21601028e+01
    3.09149399e+01 3.15120621e+01 3.10305996e+01 3.21319695e+01
    3.21657104e+01 3.16289692e+01 3.30642929e+01 3.31181679e+01
    3.30366249e+01 3.17752800e+01 3.22440338e+01 3.37071724e+01
    3.16010494e+01 3.21409492e+01 3.01123714e+01 3.08200035e+01
    3.06585255e+01 3.15232182e+01 3.04447079e+01 3.04622688e+01
    2.85025902e+01 2.79755268e+01 2.85378590e+01 3.04300385e+01
    3.23334999e+01 3.08612118e+01 3.07934227e+01 3.09356880e+01
    3.07858944e+01 3.12623577e+01 3.17671719e+01 3.11325665e+01
    3.02695847e+01 2.91457233e+01 2.99711514e+01 2.99503727e+01
    2.99962597e+01 2.93687630e+01 3.10042953e+01 3.17272892e+01
    2.91015873e+01 2.99965897e+01 2.96587029e+01 3.19772949e+01
    3.19239788e+01 3.07629166e+01 2.84127026e+01 2.88257847e+01
    2.77989597e+01 2.81065292e+01 2.89685555e+01 3.08162575e+01
    2.95229416e+01 2.96297379e+01 2.97115364e+01 3.00489979e+01
    2.94611511e+01 2.96910305e+01 3.11163235e+01 2.89762039e+01
    2.94301109e+01 3.04854412e+01 3.02324104e+01 2.96021786e+01
    2.99406910e+01 3.03715782e+01 2.92940121e+01 3.22183266e+01
    3.02133617e+01 3.03230953e+01 3.29252052e+01 3.05848846e+01
    3.05452728e+01 3.02672443e+01 3.18526955e+01 2.98608055e+01
    2.91331768e+01 2.99258785e+01 2.90044155e+01 2.90664272e+01
    2.78236027e+01 2.86019859e+01 3.03411045e+01 3.12698517e+01
    3.28257103e+01 2.90539227e+01 3.13221722e+01 3.20607338e+01
    2.99475746e+01 3.20355606e+01 3.39614182e+01 3.27921257e+01
    3.10029182e+01 3.09387646e+01 2.67285690e+01 2.87081356e+01
    2.87642345e+01 3.04770756e+01 2.92814426e+01 2.89225998e+01
    2.95395603e+01 2.89342461e+01 2.95502510e+01 2.89759483e+01
    2.92224979e+01 3.03108234e+01 3.03349781e+01 2.99866352e+01
    2.96018314e+01 2.99078407e+01 2.97622128e+01 3.04345703e+01
    2.80330734e+01 2.83126564e+01 3.05963631e+01 2.93061905e+01
    2.90234127e+01 2.87559357e+01 2.91062775e+01 2.84389400e+01
    2.69482040e+01 2.53612537e+01 2.74780064e+01 2.53539734e+01
    2.60664577e+01 2.72260494e+01 2.63371582e+01 2.63679657e+01
    2.69487305e+01 2.80867023e+01 2.80792618e+01 2.87620296e+01
    3.06998692e+01 3.00256748e+01 3.02679405e+01 3.03056602e+01
    2.97446365e+01 2.83168926e+01 3.11445999e+01 3.09821396e+01
    2.93100643e+01 3.06473045e+01 2.96457615e+01 2.91042919e+01
    2.85059814e+01 2.96231422e+01 2.90914955e+01 2.85227470e+01
    2.87307110e+01 2.81244450e+01 2.84245090e+01 2.91924553e+01
    2.83553562e+01 2.96207886e+01 3.09312344e+01 3.16444473e+01
    2.93693142e+01 3.03602276e+01 3.01280842e+01 2.95983467e+01
    2.99941311e+01 3.01878834e+01 3.08303776e+01 3.13376427e+01
    3.10181446e+01 3.04396877e+01 3.14185162e+01 3.10975056e+01
    3.09981289e+01 3.17418785e+01 3.12637424e+01 3.11101303e+01
    2.93767910e+01 2.86221733e+01 2.87106762e+01 3.04373264e+01
    2.90051250e+01 2.94070854e+01 2.83195839e+01 2.75432968e+01
    2.94625549e+01 3.02229862e+01 3.00949287e+01 2.91094074e+01
    3.11225967e+01 3.08576183e+01 2.98230515e+01 2.86099949e+01
    2.90955925e+01 2.89616070e+01 2.95255260e+01 3.05855122e+01
    2.91534100e+01 2.99210739e+01 3.07219009e+01 3.20087585e+01
    3.11560040e+01 3.32086563e+01 3.30755043e+01 3.34380836e+01
    3.23998947e+01 3.18915653e+01 3.22856865e+01 3.10546265e+01
    3.14649734e+01 2.92865067e+01 3.08817196e+01 3.03976116e+01
    3.26213226e+01 2.92226505e+01 2.98923302e+01 3.12060318e+01
    3.10210438e+01 3.19626694e+01 3.21050568e+01 3.19831600e+01
    3.28607140e+01 3.21020432e+01 3.03883171e+01 2.95296135e+01
    3.00802269e+01 3.23845291e+01 3.01771355e+01 2.95650673e+01
    3.02355709e+01 3.05583668e+01 2.81055393e+01 2.98389320e+01
    2.96748276e+01 3.19717274e+01 3.04027920e+01 3.01097107e+01
    3.04308949e+01 3.13386688e+01 3.18695240e+01 3.17884712e+01
    3.32996407e+01 3.32396889e+01 3.33475075e+01 3.35309219e+01
    3.06897755e+01 3.16333141e+01 3.29805717e+01 3.30111771e+01
    3.11958027e+01 3.10214691e+01 3.25620499e+01 3.05690250e+01
    3.11071091e+01 3.13460026e+01 3.25210762e+01 3.08965492e+01
    3.36266937e+01 3.30786552e+01 3.21403008e+01 3.23397026e+01
    3.26657219e+01 3.28255386e+01 3.16542091e+01 3.18324928e+01
    3.00535965e+01 3.20461235e+01 3.17012711e+01 3.25191231e+01
    2.89576054e+01 2.81467495e+01 2.81119022e+01 2.66604786e+01
    2.93737373e+01 2.95563278e+01 3.06226082e+01 3.03625317e+01
    3.18971004e+01 2.93327408e+01 2.98596535e+01 3.14268723e+01
    2.86912766e+01 3.09082146e+01 2.94810829e+01 2.87136459e+01
    2.95153522e+01 2.79112587e+01 2.73984680e+01 3.01581802e+01
    3.01548347e+01 2.93812885e+01 3.06209068e+01 2.98839264e+01
    2.98429928e+01 3.20192680e+01 2.94121971e+01 3.11776123e+01
    3.19911156e+01 2.82423630e+01 2.85580845e+01 2.79685001e+01
    2.86829891e+01 3.01224022e+01 2.81892967e+01 3.02618599e+01
    2.81712475e+01 2.72395077e+01 2.77424316e+01 2.77401600e+01
    3.04673328e+01 2.78831768e+01 2.90971203e+01 2.83905697e+01
    2.91257706e+01 2.90968876e+01 2.88611183e+01 2.89322834e+01
    3.11471195e+01 3.04104614e+01 3.03283863e+01 3.03829117e+01
    2.95195141e+01 2.94949112e+01 3.06300335e+01 2.93747807e+01
    2.87109261e+01 2.97209110e+01 3.04301891e+01 2.76660080e+01
    2.83594475e+01 2.66293106e+01 2.97325058e+01 2.91656857e+01
    2.92459373e+01 3.26306381e+01 3.31793442e+01 3.03912563e+01
    3.09038811e+01 2.91901093e+01 3.14281902e+01 3.16265965e+01
    3.08819599e+01 3.22969246e+01 3.18024197e+01 3.02041912e+01
    2.75508442e+01 2.85879307e+01 3.07900505e+01 2.99582348e+01
    2.80908527e+01 3.07018356e+01 2.89432011e+01 2.94786072e+01
    2.95482330e+01 2.90524502e+01 2.95776978e+01 3.14495010e+01
    2.92787628e+01 3.00575733e+01 2.98716984e+01 2.95593109e+01
    2.83968410e+01 2.94031792e+01 2.92184925e+01 2.80683079e+01
    3.09552345e+01 2.87885437e+01 2.91044083e+01 2.96058064e+01
    2.79839039e+01 2.94465561e+01 2.53270817e+01 2.87823029e+01
    2.67895889e+01 2.54225502e+01 2.84588165e+01 2.70394936e+01
    2.80530987e+01 2.76170444e+01 2.94511051e+01 2.78320446e+01
    2.77928982e+01 2.80307560e+01 2.86613617e+01 2.82949562e+01
    2.98901978e+01 2.86706066e+01 2.92229557e+01 2.87380009e+01
    2.81502895e+01 3.01867771e+01 3.10652561e+01 3.04072876e+01
    2.91950569e+01 2.85825977e+01 2.88456173e+01 2.99278393e+01
    3.02320290e+01 3.02287731e+01 3.09169445e+01 2.87908859e+01
    2.72671413e+01 2.87591877e+01 2.85350285e+01 2.94384575e+01
    2.92318764e+01 3.06015148e+01 2.95147038e+01 3.01811142e+01
    2.75244522e+01 2.78717098e+01 3.00338593e+01 2.99199200e+01
    3.12170620e+01 3.25042305e+01 3.05924168e+01 3.02882423e+01
    3.02847786e+01 3.10971928e+01 3.13395882e+01 3.23178596e+01
    3.16203594e+01 3.18298550e+01 3.05227585e+01 2.97394447e+01
    2.97148724e+01 2.94179840e+01 3.06286297e+01 2.97165756e+01
    2.90171242e+01 3.08753796e+01 2.81500988e+01 2.93547001e+01
    2.97209206e+01 2.88052711e+01 2.98662186e+01 2.97536831e+01
    2.79129982e+01 2.96909161e+01 2.97727680e+01 2.83325729e+01
    3.08148918e+01 3.06927013e+01 2.93446407e+01 3.31118698e+01
    3.29033852e+01 3.29648132e+01 3.21821365e+01 3.49356384e+01
    3.53463173e+01 3.35865669e+01 3.39736710e+01 3.33337059e+01
    3.32535172e+01 3.26513329e+01 3.36326599e+01 3.23984070e+01
    3.22145271e+01 3.38515930e+01 3.08933640e+01 3.42241402e+01
    3.23730507e+01 3.13406982e+01 3.21286278e+01 3.10874043e+01
    3.16452007e+01 3.41926575e+01 3.30581665e+01 3.22394295e+01
    3.07830620e+01 3.12285233e+01 3.20096359e+01 3.02279606e+01
    3.10275955e+01 3.03541088e+01 3.11062412e+01 2.93334866e+01
    2.84760532e+01 2.82913361e+01 2.88571110e+01 3.13628330e+01
    2.84622746e+01 3.15330009e+01 3.18222599e+01 3.23703537e+01
    3.19566612e+01 3.34588470e+01 3.26053162e+01 3.30770683e+01
    3.41836472e+01 3.19683590e+01 3.23310165e+01 3.15150223e+01
    3.11217861e+01 3.22919693e+01 3.15560341e+01 3.06421871e+01
    3.03994637e+01 2.96982880e+01 3.06748161e+01 3.13117123e+01
    3.08934593e+01 3.10480938e+01 3.20977135e+01 3.26576004e+01
    3.24496231e+01 3.24870338e+01 3.20245628e+01 3.13282547e+01
    3.12579556e+01 3.00473766e+01 3.03748093e+01 3.05385418e+01
    3.10388088e+01 3.00694408e+01 2.85712090e+01 3.05173054e+01
    3.00602570e+01 2.99507542e+01 3.09664879e+01 3.09306126e+01
    3.02444744e+01 3.35130386e+01 3.11936646e+01 2.94060764e+01
    2.99179382e+01 3.05945129e+01 3.08684502e+01 2.98388176e+01
    2.81589489e+01 2.83264408e+01 2.95439682e+01 2.79220543e+01
    3.02713928e+01 2.85013161e+01 3.17625465e+01 3.13677788e+01
    3.04058571e+01 3.10597706e+01 2.96791115e+01 3.16126137e+01
    3.20914040e+01 3.14128494e+01 3.01522598e+01 3.00003853e+01
    2.90346394e+01 2.80381165e+01 2.86865368e+01 2.88171635e+01
    2.78419819e+01 2.84912796e+01 2.77163105e+01 2.81568794e+01
    2.80547810e+01 2.72140923e+01 2.92298012e+01 2.63959713e+01
    2.92716637e+01 2.97612686e+01 2.82196407e+01 2.75232143e+01
    2.73535271e+01 2.71279392e+01 2.83714962e+01 3.02160301e+01
    3.04381695e+01 3.05066032e+01 3.04896450e+01 3.04763279e+01
    2.95706024e+01 2.96645451e+01 3.08523884e+01 3.16081467e+01
    2.89814644e+01 2.87800617e+01 2.96910458e+01 2.88626232e+01
    2.91552029e+01 2.85465565e+01 3.10826206e+01 3.15877819e+01
    3.10877914e+01 3.07471199e+01 3.09859657e+01 3.08654556e+01
    3.04666309e+01 2.91037483e+01 3.21257591e+01 3.03710327e+01
    2.95766125e+01 2.93010445e+01 2.63319893e+01 2.77341232e+01
    2.86621685e+01 2.93641014e+01 2.89385796e+01 2.94223423e+01
    2.81663342e+01 2.89904270e+01 2.94301968e+01 2.83047142e+01
    2.95677547e+01 3.04189663e+01 2.91501713e+01 2.86234684e+01
    2.63362465e+01 2.96237183e+01 2.77174244e+01 2.87612152e+01
    2.82135372e+01 2.73675919e+01 3.06354771e+01 2.97020721e+01
    2.85366802e+01 2.75618019e+01 2.98674679e+01 2.97157669e+01
    2.77757683e+01 2.79111366e+01 2.50796013e+01 2.74612198e+01
    2.84851284e+01 2.82733517e+01 2.90932007e+01 2.97507153e+01
    2.77325153e+01 2.83659554e+01 2.86594143e+01 2.81555939e+01
    3.03683071e+01 2.91478958e+01 2.81499653e+01 2.91199093e+01
    2.92450886e+01 2.79906197e+01 2.84457607e+01 2.95398598e+01
    2.84082699e+01 3.00321407e+01 2.93461761e+01 2.83850327e+01
    2.82795238e+01 2.97098560e+01 3.01514664e+01 2.91690388e+01
    2.98500061e+01 2.86828651e+01 2.83278275e+01 2.90491104e+01
    2.73961086e+01 2.93257179e+01 2.95999947e+01 2.96263180e+01
    2.87095947e+01 3.17747097e+01 2.92572079e+01 2.97035961e+01
    2.99429016e+01 3.09559593e+01 3.13711548e+01 3.21525917e+01
    3.23990211e+01 3.16293182e+01 3.07987518e+01 3.29163742e+01
    3.12957420e+01 3.31837883e+01 3.40961914e+01 3.37669792e+01
    3.22921257e+01 3.18383560e+01 3.06407776e+01 3.02792130e+01
    3.10783558e+01 3.16287918e+01 3.09559174e+01 2.94876423e+01
    2.88831196e+01 2.88171158e+01 2.83641701e+01 2.68892555e+01
    3.16206532e+01 2.99635429e+01 2.95889034e+01 2.91233845e+01
    2.92928295e+01 2.86178551e+01 2.81898289e+01 3.23390656e+01
    3.30717278e+01 3.11303444e+01 3.07308617e+01 3.31536293e+01
    3.28310051e+01 3.30821304e+01 3.40702553e+01 3.49137840e+01
    3.32596321e+01 3.40329247e+01 3.26232185e+01 3.26157951e+01
    3.26314278e+01 3.11137772e+01 3.24171906e+01 3.38879356e+01
    3.43212318e+01 3.51394615e+01 3.42131310e+01 3.40107498e+01
    3.34829712e+01 3.22648659e+01 3.34434547e+01 3.26618156e+01
    3.33372612e+01 3.23649788e+01 3.07070885e+01 3.05002441e+01
    2.93824425e+01 3.02468338e+01 3.00368996e+01 2.80428162e+01
    2.86798649e+01 3.09073429e+01 2.85406265e+01 2.88617764e+01
    3.01657066e+01 2.98663177e+01 3.16776295e+01 3.18393574e+01
    2.87463093e+01 3.23019867e+01 3.33411789e+01 3.33297615e+01
    3.34229736e+01 3.45587578e+01 3.47462997e+01 3.14508820e+01
    3.25819550e+01 3.25587082e+01 3.17418690e+01 3.25670395e+01
    3.20213127e+01 3.23458481e+01 3.19161892e+01 3.20393753e+01
    3.03222446e+01 3.19398518e+01 3.35045128e+01 3.03223667e+01
    3.27736397e+01 3.26715469e+01 3.19484959e+01 3.10197182e+01
    3.11712723e+01 3.36484947e+01 3.22573357e+01 3.04694557e+01
    2.85732632e+01 3.09330120e+01 3.22759094e+01 2.81349506e+01
    2.93480530e+01 2.99133739e+01 2.95829601e+01 2.94437981e+01
    3.13752079e+01 3.02449379e+01 3.08236065e+01 2.84116058e+01
    2.90781002e+01 3.08741379e+01 2.86153812e+01 3.00654564e+01
    2.95255833e+01 2.93808327e+01 2.76299782e+01 2.82256222e+01
    2.97280140e+01 2.73020973e+01 2.89604607e+01 2.92514229e+01
    3.05485497e+01 3.01880074e+01 3.14450645e+01 3.02672100e+01
    3.08367977e+01 3.13755684e+01 3.14105721e+01 3.15154457e+01
    3.13958130e+01 3.08065567e+01 2.69257145e+01 2.76153011e+01
    2.81320152e+01 2.64413662e+01 2.72393513e+01 2.80016575e+01
    2.83532047e+01 2.60416050e+01 2.48911076e+01 2.56501064e+01
    2.80314808e+01 2.80210190e+01 2.81588612e+01 2.94395084e+01
    2.87712975e+01 2.88070602e+01 2.79994030e+01 2.64832096e+01
    3.06060715e+01 3.11237164e+01 3.08893242e+01 2.99739456e+01
    3.01642036e+01 2.78913860e+01 3.03726559e+01 2.93286495e+01
    2.93338909e+01 3.01988277e+01 3.01301079e+01 3.01632538e+01
    2.78305683e+01 2.97291679e+01 2.99366112e+01 3.02632847e+01
    3.06233330e+01 3.14600868e+01 3.26803055e+01 3.08037529e+01
    3.14308071e+01 3.06021080e+01 3.07518501e+01 3.14033089e+01
    3.01905766e+01 2.90608463e+01 2.85814018e+01 2.82533379e+01
    2.78746662e+01 2.70554352e+01 2.73228436e+01 2.90593491e+01
    2.88855743e+01 2.88599892e+01 2.82155304e+01 2.81802006e+01
    2.99907341e+01 2.84690208e+01 2.94450817e+01 3.02795315e+01
    2.93638916e+01 2.70986271e+01 2.89357014e+01 2.72859211e+01
    2.87321529e+01 3.07753925e+01 2.92685452e+01 2.99304657e+01
    2.85020943e+01 2.93437119e+01 2.75515194e+01 2.88444519e+01
    3.05006237e+01 2.81661701e+01 2.82442265e+01 3.07023029e+01
    2.73680534e+01 2.77095127e+01 2.80187511e+01 2.80739784e+01
    2.76375198e+01 3.01283302e+01 2.83186798e+01 2.86796246e+01
    2.75050449e+01 2.84698906e+01 2.77619209e+01 2.82037334e+01
    2.98808765e+01 2.91624641e+01 2.90557880e+01 2.80820293e+01
    2.92752762e+01 2.84344788e+01 2.72825508e+01 3.04785690e+01
    2.85740852e+01 2.84235725e+01 2.90839729e+01 2.79088135e+01
    2.89360733e+01 2.79355450e+01 2.99520760e+01 2.82353439e+01
    2.82961826e+01 2.85838032e+01 2.95338306e+01 3.00748367e+01
    2.96323109e+01 2.78624058e+01 2.90679379e+01 2.93983059e+01
    2.89376240e+01 2.85535583e+01 3.03309555e+01 2.93828964e+01
    3.18591995e+01 3.14962482e+01 3.07185116e+01 3.05400848e+01
    3.18664818e+01 3.27379532e+01 3.37602158e+01 3.42177048e+01
    3.31617546e+01 3.43139496e+01 3.48152046e+01 3.26304169e+01
    3.04078350e+01 3.25574837e+01 2.89540253e+01 3.09011421e+01
    3.03687572e+01 3.06920185e+01 2.86844749e+01 2.83210812e+01
    2.93545647e+01 2.65993176e+01 3.09147987e+01 2.99984188e+01
    3.02891102e+01 2.79574795e+01 2.96058750e+01 2.91136150e+01
    2.85432186e+01 3.23745995e+01 3.01660824e+01 3.22123642e+01
    3.23564224e+01 3.27693787e+01 3.14208775e+01 3.24605637e+01
    3.41151161e+01 3.56006317e+01 3.39360275e+01 3.46977272e+01
    3.22050781e+01 3.29679642e+01 3.29877319e+01 3.10030956e+01
    3.46306190e+01 3.27857628e+01 3.32199860e+01 3.29329224e+01
    3.36142654e+01 3.34678917e+01 3.19869652e+01 3.40236435e+01
    3.22825623e+01 3.47636604e+01 3.39848137e+01 3.24634438e+01
    3.15621414e+01 3.11974678e+01 3.14092350e+01 3.00945721e+01
    3.03413239e+01 3.00326805e+01 2.80507946e+01 2.90047569e+01
    2.86591072e+01 2.75461864e+01 2.78518429e+01 3.06948204e+01
    3.06260567e+01 2.96365433e+01 3.06401749e+01 3.13425598e+01
    3.10655117e+01 3.23829765e+01 3.35704880e+01 3.30783348e+01
    3.47291946e+01 3.29694061e+01 3.23531647e+01 3.08246384e+01
    3.04959888e+01 3.21922073e+01 3.12387905e+01 3.07819824e+01
    2.92143230e+01 2.97427979e+01 2.97780800e+01 3.22257996e+01
    3.07980328e+01 3.12586308e+01 3.24486389e+01 2.98343735e+01
    3.23843422e+01 3.07358150e+01 3.22535744e+01 3.20260010e+01
    3.20343018e+01 3.25194092e+01 2.89823284e+01 3.19819450e+01
    3.20625381e+01 3.03207855e+01 3.20514984e+01 3.07868271e+01
    3.09097881e+01 3.11311264e+01 3.13401985e+01 2.99833336e+01
    2.94371147e+01 2.95722179e+01 2.82484245e+01 2.85224209e+01
    2.88339558e+01 2.97425461e+01 2.87502193e+01 2.88173599e+01
    2.72021122e+01 2.82109737e+01 2.79707851e+01 2.73754387e+01
    2.81861477e+01 2.90275307e+01 2.93029785e+01 3.13809261e+01
    3.15407410e+01 3.11830845e+01 3.04477520e+01 3.16967468e+01
    3.19276390e+01 3.02383480e+01 3.11507854e+01 3.03974838e+01
    2.84822559e+01 2.71225014e+01 2.68264370e+01 2.93050861e+01
    2.77208824e+01 2.77346344e+01 2.81538544e+01 2.60632000e+01
    2.58859692e+01 2.66896286e+01 2.83048382e+01 2.62960892e+01
    2.85165176e+01 2.97724400e+01 2.72817879e+01 2.76176090e+01
    2.78040943e+01 2.74090271e+01 2.98235741e+01 3.00617771e+01
    3.09379120e+01 3.08012543e+01 3.09210701e+01 2.99652061e+01
    2.84734974e+01 2.79911785e+01 3.02454853e+01 3.01257648e+01
    3.04098568e+01 2.89002857e+01 2.82455254e+01 3.01738129e+01
    2.82198944e+01 3.01606560e+01 3.03745632e+01 3.31899757e+01
    3.10524139e+01 2.97329159e+01 3.03233871e+01 3.01028938e+01
    3.12394276e+01 2.84599857e+01 2.80626087e+01 2.95083790e+01
    2.80547047e+01 2.72336483e+01 2.68785706e+01 2.69316540e+01
    2.89618664e+01 3.07707920e+01 2.98948956e+01 2.90860214e+01
    2.76145401e+01 2.90539494e+01 2.92019005e+01 2.99987526e+01
    3.02207947e+01 2.99549332e+01 3.14276829e+01 2.82560463e+01
    2.95584126e+01 2.84318962e+01 2.92838707e+01 3.08715019e+01
    2.98366261e+01 3.06158905e+01 2.86526661e+01 2.97163544e+01
    2.95741596e+01 2.88276463e+01 2.79459515e+01 2.84127388e+01
    3.08701115e+01 2.97653332e+01 2.58301086e+01 2.89251289e+01
    2.97181931e+01 2.83217373e+01 3.06661873e+01 2.96273632e+01
    2.88961563e+01 2.85596619e+01 2.65091305e+01 2.65664845e+01
    2.98500175e+01 2.89233685e+01 2.76810474e+01 2.66629658e+01
    2.90112171e+01 2.68717213e+01 2.73380127e+01 2.89474773e+01
    2.87548752e+01 2.81747093e+01 2.89270458e+01 2.76748238e+01
    2.69539375e+01 2.88160820e+01 2.83678951e+01 2.81796398e+01
    2.95577869e+01 2.74720974e+01 2.77723370e+01 2.93901196e+01
    2.70475922e+01 2.85407944e+01 2.78875427e+01 2.69414330e+01
    2.83604755e+01 2.87359219e+01 2.83945026e+01 2.91808090e+01
    3.06345615e+01 3.06243439e+01 3.02788792e+01 3.05550461e+01
    3.19424992e+01 3.32222137e+01 3.18964443e+01 3.22094879e+01
    3.16413021e+01 3.18442955e+01 3.22482529e+01 3.21070099e+01
    3.15605373e+01 2.97004375e+01 3.06759186e+01 2.99746037e+01
    2.95402164e+01 2.97399502e+01 3.02272682e+01 3.08603821e+01
    2.91076031e+01 3.05500488e+01 2.91014671e+01 2.91725101e+01
    3.04469357e+01 2.96272793e+01 3.15434322e+01 3.06471977e+01
    3.02183876e+01 2.99746685e+01 3.05832272e+01 3.18004875e+01
    3.11073532e+01 3.22429161e+01 3.05268230e+01 3.24865303e+01
    3.24322701e+01 3.38312950e+01 3.21925507e+01 3.41725197e+01
    3.41184425e+01 3.31690063e+01 3.23440437e+01 3.30088425e+01
    3.23056412e+01 3.22006874e+01 3.24563904e+01 3.11021442e+01
    3.18508110e+01 3.24850540e+01 3.33819695e+01 3.22010918e+01
    3.31958733e+01 3.32405434e+01 3.21996803e+01 3.24143982e+01
    3.13835869e+01 3.21116409e+01 3.18857708e+01 3.24779587e+01
    3.02467976e+01 2.98290100e+01 2.98070450e+01 2.81998501e+01
    2.83830471e+01 3.06407166e+01 2.67985668e+01 2.84637814e+01
    2.92067661e+01 2.78516827e+01 2.97654209e+01 2.98343449e+01
    2.99488716e+01 3.08550682e+01 3.16892757e+01 3.04464836e+01
    3.15034771e+01 3.25763321e+01 3.23181000e+01 2.90383892e+01
    3.16487808e+01 3.07453918e+01 3.20171623e+01 3.01667156e+01
    3.11886272e+01 3.02136440e+01 2.94666748e+01 2.75424671e+01
    2.87244244e+01 2.98215256e+01 3.00137901e+01 3.00128880e+01
    2.91938667e+01 2.90271835e+01 2.99253864e+01 2.97499695e+01
    3.05390453e+01 3.16173172e+01 3.21244583e+01 3.17287617e+01
    2.94673538e+01 3.19662037e+01 3.17925606e+01 3.33706970e+01
    3.03676949e+01 2.99423885e+01 3.03677883e+01 3.02495651e+01
    3.12060051e+01 3.02631550e+01 3.06150036e+01 3.07455444e+01
    2.90910187e+01 2.95072842e+01 2.91766586e+01 2.92532787e+01
    2.81220989e+01 2.88781967e+01 2.75321732e+01 2.82823887e+01
    2.95422421e+01 2.89618740e+01 2.78631554e+01 2.83254986e+01
    3.23061447e+01 3.00401745e+01 3.08093987e+01 2.97726269e+01
    3.01331348e+01 3.11476688e+01 3.17569828e+01 2.92200775e+01
    2.99892807e+01 2.85232277e+01 2.76040478e+01 2.77865524e+01
    2.84615192e+01 2.71527004e+01 2.65898781e+01 2.73979797e+01
    2.62476501e+01 2.63655949e+01 2.48577824e+01 2.73431606e+01
    2.83609562e+01 2.78231544e+01 2.92427101e+01 2.95522728e+01
    2.91385956e+01 3.10858707e+01 2.95023594e+01 2.93910217e+01
    2.95812817e+01 3.07517834e+01 3.02951450e+01 3.11638870e+01
    3.16225929e+01 2.73795090e+01 2.86049538e+01 2.92904434e+01
    2.77056351e+01 2.95402069e+01 2.95692921e+01 2.94061623e+01
    2.94802895e+01 2.81885891e+01 2.93609524e+01 2.93084450e+01
    3.19560909e+01 3.16238365e+01 3.05793533e+01 3.01365356e+01
    2.91239948e+01 2.89035301e+01 3.08397293e+01 2.99935703e+01
    3.09166813e+01 2.96321297e+01 2.78092384e+01 2.74942989e+01
    2.71970234e+01 2.81734028e+01 2.92752743e+01 3.04261417e+01
    2.93769798e+01 3.02803555e+01 3.01139278e+01 3.00463943e+01
    2.95739441e+01 3.14704285e+01 2.92383614e+01 3.15059338e+01
    3.20570412e+01 2.93344841e+01 2.89643478e+01 3.14696770e+01
    3.03660011e+01 3.18297749e+01 2.87241459e+01 2.93506927e+01
    2.99445305e+01 2.86973362e+01 2.85457497e+01 2.82305489e+01
    2.99707413e+01 2.96999149e+01 2.89274960e+01 2.79062538e+01
    2.88027706e+01 2.99380035e+01 2.87741089e+01 2.83747540e+01
    2.82621613e+01 2.94854565e+01 3.00294247e+01 2.88071327e+01
    2.76202755e+01 2.96120396e+01 2.71719379e+01 2.85161057e+01
    2.83007259e+01 2.89495640e+01 2.78989716e+01 2.63651772e+01
    2.80340538e+01 2.82485428e+01 2.80302753e+01 2.99274197e+01
    2.71087093e+01 2.82825947e+01 2.75816269e+01 2.74111366e+01
    2.81641769e+01 2.67745056e+01 2.86889648e+01 2.72101345e+01
    2.62841129e+01 2.65714417e+01 2.75880146e+01 2.90466194e+01
    2.77286568e+01 2.73024693e+01 2.68601112e+01 2.65938778e+01
    2.79373512e+01 2.81309566e+01 3.00807495e+01 2.86470108e+01
    2.95137005e+01 3.00491486e+01 3.14658546e+01 2.93680573e+01
    3.26743279e+01 3.16656132e+01 3.15106506e+01 3.22780151e+01
    3.14767628e+01 3.15617771e+01 3.25158615e+01 3.15448360e+01
    3.18311768e+01 2.97615585e+01 2.99863224e+01 2.88746738e+01
    2.89662247e+01 3.00918598e+01 3.10579758e+01 3.11303005e+01
    2.82260017e+01 2.97978268e+01 3.00501862e+01 3.15752144e+01
    3.03820629e+01 3.13142071e+01 3.14690380e+01 3.18111916e+01
    3.06062508e+01 3.18372459e+01 3.04988213e+01 3.25331154e+01
    3.32139587e+01 3.24810028e+01 3.33919373e+01 3.48491096e+01
    3.38866730e+01 3.27964058e+01 3.48307228e+01 3.32924232e+01
    3.30676384e+01 3.42317009e+01 3.14797306e+01 3.04424019e+01
    3.25206642e+01 3.06700954e+01 3.01295948e+01 3.33346329e+01
    3.19653320e+01 3.21451187e+01 3.30902710e+01 3.33292160e+01
    3.30858231e+01 3.19715462e+01 3.38183403e+01 3.26407394e+01
    3.25301399e+01 3.25922050e+01 3.04736729e+01 3.03908253e+01
    2.96385422e+01 2.83293381e+01 2.98753796e+01 2.84757786e+01
    2.62818565e+01 2.71564770e+01 2.67042789e+01 2.92066212e+01
    2.80109749e+01 2.82629910e+01 2.79433880e+01 2.93974323e+01
    2.87618961e+01 3.08993282e+01 3.14764423e+01 3.20220947e+01
    3.29858208e+01 3.10076027e+01 3.18204613e+01 3.02303085e+01
    3.15167370e+01 3.19999332e+01 3.07782021e+01 2.94576797e+01
    3.00405064e+01 2.71665211e+01 2.84595299e+01 2.85141449e+01
    2.95204830e+01 3.02660713e+01 2.81020470e+01 2.92223663e+01
    2.92785511e+01 2.94073238e+01 2.94596901e+01 3.17084465e+01
    3.17091980e+01 3.14687023e+01 2.92065582e+01 3.19342766e+01
    3.21747437e+01 3.13140488e+01 2.96296291e+01 3.19416046e+01
    3.08374729e+01 3.13111706e+01 3.06367588e+01 3.02688694e+01
    3.04454269e+01 3.10067711e+01 3.02895966e+01 2.83343163e+01
    2.69275608e+01 2.97168427e+01 2.84681988e+01 2.95572357e+01
    2.89980736e+01 2.89769478e+01 2.81862354e+01 3.03673649e+01
    2.91697235e+01 2.93785763e+01 3.25268478e+01 3.07340050e+01
    3.10470333e+01 3.11896553e+01 3.10624542e+01 3.06972866e+01
    2.96845245e+01 3.16516533e+01 2.93274937e+01 2.93835201e+01
    2.91014690e+01 2.63222408e+01 2.70459709e+01 2.79772129e+01
    2.74716606e+01 2.61928768e+01 2.74944305e+01 2.69599838e+01
    2.41432304e+01 2.74781570e+01 2.80945282e+01 2.74425259e+01
    2.89373245e+01 3.08929958e+01 2.93307476e+01 3.20990257e+01
    3.12405205e+01 3.02158623e+01 3.04451866e+01 3.24684067e+01
    3.25509949e+01 3.04688072e+01 3.14033375e+01 3.19911537e+01
    3.07820587e+01 2.78303337e+01 2.88227997e+01 3.03675976e+01
    2.92003326e+01 3.04368019e+01 2.77553501e+01 2.95816441e+01
    2.91669483e+01 3.06456623e+01 3.11235046e+01 3.08383789e+01
    3.12956772e+01 2.93191414e+01 2.67447853e+01 3.01246281e+01
    3.04508324e+01 3.14165192e+01 3.07534046e+01 3.06920643e+01
    2.77909775e+01 2.73872795e+01 2.85849838e+01 2.68134975e+01
    2.94402657e+01 3.17566090e+01 3.10656834e+01 3.10181789e+01
    2.97763672e+01 2.98901367e+01 3.20358162e+01 3.22563972e+01
    3.28099899e+01 3.26667709e+01 3.23602524e+01 3.09344006e+01
    3.03658733e+01 3.01713886e+01 2.92065945e+01 3.07760811e+01
    2.99354191e+01 3.09776745e+01 2.97845898e+01 2.75415154e+01
    2.94189358e+01 3.01202793e+01 2.77523899e+01 2.75733871e+01
    2.96665859e+01 3.06369934e+01 2.87473469e+01 2.90225906e+01
    2.81909447e+01 2.87120380e+01 3.04014225e+01 2.87382412e+01
    2.99686909e+01 3.04727726e+01 2.88346558e+01 2.73923035e+01
    3.06242924e+01 2.95510731e+01 2.81776485e+01 2.71178818e+01
    3.03695812e+01 2.73307838e+01 2.82475147e+01 2.84824028e+01
    2.92715855e+01 2.66518345e+01 2.71889439e+01 2.73475609e+01
    2.65610504e+01 2.59877777e+01 2.70934315e+01 2.81237850e+01
    2.72039146e+01 2.53609638e+01 2.61488342e+01 2.59724617e+01
    2.85640945e+01 2.87991486e+01 2.83787537e+01 2.98518066e+01
    2.77339382e+01 2.76196308e+01 2.79157810e+01 2.68093643e+01
    2.86318455e+01 2.89457073e+01 3.05597305e+01 2.99764957e+01
    2.96854515e+01 2.96969872e+01 3.13056755e+01 3.13374062e+01
    3.20407562e+01 2.88795319e+01 3.15002708e+01 3.15083580e+01
    3.22429161e+01 3.09096756e+01 3.07677479e+01 3.00458164e+01
    2.95791378e+01 2.90395603e+01 2.91828156e+01 2.97850132e+01
    2.84038830e+01 3.08347168e+01 3.09677181e+01 2.90814934e+01
    3.05668240e+01 3.04731731e+01 3.21616211e+01 3.10834141e+01
    3.20565605e+01 3.18229713e+01 3.10747623e+01 3.20470657e+01
    3.16992321e+01 3.33721275e+01 3.08245125e+01 3.33681145e+01
    3.38704414e+01 3.54109688e+01 3.52886696e+01 3.35239983e+01
    3.42410011e+01 3.47720985e+01 3.18382778e+01 3.31335258e+01
    3.23264160e+01 2.98254528e+01 3.18132706e+01 3.03512859e+01
    3.22281837e+01 2.90922890e+01 3.24119301e+01 3.22838936e+01
    3.13644390e+01 3.36807671e+01 3.21899605e+01 3.46507950e+01
    3.29368973e+01 3.19800224e+01 3.33895454e+01 3.35978851e+01
    3.11382179e+01 3.06699600e+01 2.85346870e+01 3.10084534e+01
    2.90337124e+01 2.91079769e+01 2.76063499e+01 2.87154312e+01
    2.82066498e+01 2.93868351e+01 2.85121841e+01 2.93042240e+01
    2.94023418e+01 2.91456127e+01 3.02141476e+01 2.97010612e+01
    2.99022446e+01 3.10536289e+01 3.15580063e+01 3.15612793e+01
    3.06981430e+01 3.01045494e+01 3.20958061e+01 3.04418392e+01
    3.17117214e+01 3.02786217e+01 2.74052086e+01 2.73408489e+01
    2.63371201e+01 2.83082256e+01 2.76850853e+01 2.78768826e+01
    2.79769840e+01 2.76287422e+01 2.93621407e+01 2.73701859e+01
    3.06324825e+01 3.06500759e+01 3.01564369e+01 3.32983589e+01
    3.00576096e+01 3.13122711e+01 3.24160118e+01 3.38058395e+01
    3.11015701e+01 3.14719429e+01 3.21233444e+01 3.11554165e+01
    3.15377369e+01 3.14999390e+01 3.01660290e+01 3.03997936e+01
    2.92236786e+01 3.03256817e+01 2.75127392e+01 2.89221992e+01
    2.95231133e+01 2.90574970e+01 2.98024254e+01 3.13336220e+01
    3.01257343e+01 3.13220367e+01 3.02018642e+01 2.89102859e+01
    3.17902718e+01 2.92338619e+01 3.02724495e+01 3.14947262e+01
    2.97427235e+01 3.18045635e+01 3.05195942e+01 3.13380737e+01
    3.09451141e+01 2.76169109e+01 2.82510452e+01 2.64384174e+01
    2.70978165e+01 2.57977085e+01 2.65544376e+01 2.69926777e+01
    2.59204063e+01 2.53581219e+01 2.54212093e+01 2.52645206e+01
    2.67777519e+01 2.82541981e+01 2.85779858e+01 3.13279705e+01
    3.03318291e+01 3.03167763e+01 2.72328339e+01 2.98965530e+01
    3.14455414e+01 3.01401615e+01 2.99941273e+01 2.97304707e+01
    2.99088917e+01 2.83182888e+01 2.82462006e+01 2.86859550e+01
    2.89281139e+01 2.84397869e+01 3.00725498e+01 2.86698017e+01
    2.84616966e+01 2.90467148e+01 2.79072075e+01 2.94262104e+01
    3.01083317e+01 3.10701809e+01 3.13450432e+01 3.06633434e+01
    2.84350014e+01 2.88857727e+01 3.02512016e+01 3.03733807e+01
    3.07856102e+01 2.93712978e+01 2.73284397e+01 2.61294155e+01
    2.47896328e+01 2.55577717e+01 2.99658794e+01 2.94758911e+01
    2.86861629e+01 3.14670792e+01 3.03507748e+01 2.92040024e+01
    3.12264786e+01 3.18881912e+01 3.31286278e+01 3.22303658e+01
    3.19042988e+01 3.15326500e+01 3.04937592e+01 2.94935398e+01
    2.91386242e+01 3.12030411e+01 2.86569576e+01 2.86587391e+01
    2.95133705e+01 2.69972820e+01 2.79561234e+01 2.80209827e+01
    2.86139069e+01 2.87899265e+01 2.94973240e+01 2.84612961e+01
    2.82222195e+01 2.96876755e+01 2.92950325e+01 2.90226822e+01
    2.88002186e+01 2.90995655e+01 3.04005356e+01 3.04251423e+01
    2.84317436e+01 2.76900120e+01 2.85232143e+01 2.79089260e+01
    2.70908413e+01 2.71212292e+01 2.94431305e+01 2.72994766e+01
    2.81794224e+01 2.59008732e+01 2.78414669e+01 2.84082241e+01
    2.62680817e+01 2.62185516e+01 2.69485207e+01 2.73296852e+01
    2.58602066e+01 2.70374489e+01 2.94285412e+01 2.72981129e+01
    2.86360760e+01 2.82422085e+01 2.95377235e+01 3.08481503e+01
    2.89421082e+01 2.96605415e+01 2.95848160e+01 2.70712643e+01
    2.77105598e+01 2.71713161e+01 2.90495663e+01 2.89515953e+01
    2.92753181e+01 3.04588928e+01 2.85480347e+01 2.99483967e+01
    3.08361206e+01 3.26966133e+01 3.20425911e+01 3.29426155e+01
    3.26389542e+01 3.29627228e+01 3.20665321e+01 3.07678432e+01
    3.00478382e+01 2.96468220e+01 2.95255089e+01 2.93835068e+01
    2.82106590e+01 2.99910450e+01 2.90349445e+01 3.00717239e+01
    3.02708397e+01 2.86622982e+01 3.15944920e+01 3.06792908e+01
    3.04224625e+01 2.81476536e+01 2.88223534e+01 3.04464664e+01
    2.94887524e+01 3.05686131e+01 3.05358486e+01 3.04771595e+01
    2.93505764e+01 3.15241909e+01 3.18291359e+01 3.45562210e+01
    3.41484947e+01 3.39326515e+01 3.35185394e+01 3.31056938e+01
    3.36641769e+01 3.19146576e+01 3.23501129e+01 3.23855820e+01
    3.09209309e+01 3.16350822e+01 3.20912399e+01 3.20603943e+01
    3.21009331e+01 3.11662369e+01 3.25888977e+01 3.13108063e+01
    3.25305443e+01 3.39335556e+01 3.10390644e+01 3.31037331e+01
    3.10806561e+01 3.18680000e+01 3.07198372e+01 3.05521126e+01
    2.91038151e+01 2.78823624e+01 2.94779491e+01 2.90910988e+01
    2.79968662e+01 2.88627777e+01 2.67501144e+01 2.90212154e+01
    2.89723644e+01 2.75518265e+01 3.04050922e+01 2.94701118e+01
    3.07914371e+01 3.14950047e+01 3.34025612e+01 3.13935680e+01
    3.19595528e+01 3.14421005e+01 3.07641487e+01 3.10044651e+01
    3.24480591e+01 3.03705349e+01 3.09338436e+01 2.93937092e+01
    2.94892044e+01 2.72423439e+01 2.68410130e+01 2.83160000e+01
    2.77885876e+01 2.69657898e+01 2.64437046e+01 2.71230869e+01
    2.81499500e+01 2.69376030e+01 2.99268341e+01 2.97295799e+01
    3.20989723e+01 3.09819908e+01 2.80743237e+01 3.04984016e+01
    2.90751209e+01 3.16479340e+01 3.00136051e+01 3.05548992e+01
    3.04222126e+01 3.08414936e+01 3.12248974e+01 2.97794991e+01
    2.87658730e+01 2.93357201e+01 2.99574928e+01 3.11065502e+01
    2.75360966e+01 2.94944115e+01 2.90663052e+01 2.95534286e+01
    2.78581696e+01 2.98108673e+01 2.96911125e+01 2.95178528e+01
    2.94466133e+01 2.98884010e+01 3.09553032e+01 2.99734306e+01
    3.15014286e+01 3.12404900e+01 3.10761051e+01 3.25553665e+01
    3.09279785e+01 3.15585060e+01 3.14782829e+01 2.93628349e+01
    2.86611385e+01 2.63141365e+01 2.87889729e+01 2.79077740e+01
    2.66472187e+01 2.83492165e+01 2.63667603e+01 2.73470631e+01
    2.47037430e+01 2.64625950e+01 2.94238033e+01 2.84029922e+01
    2.96509762e+01 2.91448002e+01 2.66224308e+01 3.02405891e+01
    2.76158752e+01 3.09552555e+01 2.87512169e+01 2.95385761e+01
    3.08797913e+01 2.87497711e+01 2.94489498e+01 2.93622017e+01
    3.00831776e+01 2.96076374e+01 2.77621002e+01 3.02214890e+01
    3.04071922e+01 2.84316177e+01 2.91865158e+01 2.90660648e+01
    2.86286545e+01 2.99020405e+01 3.08332024e+01 3.19419117e+01
    3.13365860e+01 3.03108387e+01 2.97006626e+01 2.90272827e+01
    2.84962463e+01 2.78243752e+01 2.96332874e+01 2.99636936e+01
    2.77406998e+01 2.70069427e+01 2.72167358e+01 2.60107555e+01
    2.84662628e+01 2.90135727e+01 3.10780773e+01 3.08309536e+01
    2.99183578e+01 2.96363888e+01 3.05134583e+01 3.00733280e+01
    3.05204620e+01 3.18888912e+01 2.94417458e+01 3.11070137e+01
    2.86655502e+01 2.83901100e+01 2.86393375e+01 2.98608665e+01
    2.94733639e+01 2.74411831e+01 2.67997761e+01 2.67094250e+01
    2.67482872e+01 2.73949661e+01 2.84841118e+01 2.79555359e+01
    2.90988159e+01 3.00951366e+01 2.93096390e+01 2.87484016e+01
    3.05742512e+01 2.94254456e+01 3.10903645e+01 3.13623791e+01
    2.98764343e+01 2.83261299e+01 2.86187534e+01 2.87834187e+01
    2.87233696e+01 3.04113827e+01 2.86927681e+01 2.83713646e+01
    2.99326077e+01 2.72454567e+01 2.74763584e+01 2.81562614e+01
    2.88872128e+01 2.62429562e+01 2.70090065e+01 2.67476139e+01
    2.74965477e+01 2.72031975e+01 2.60743294e+01 2.81659622e+01
    2.89011421e+01 2.84624557e+01 2.66109543e+01 2.79215813e+01
    2.93225880e+01 2.83940392e+01 2.79160748e+01 2.82535267e+01
    2.85661049e+01 2.82117977e+01 2.67670326e+01 2.77530804e+01
    2.83551598e+01 2.71059399e+01 3.01621876e+01 2.94788361e+01
    2.90565453e+01 2.98966599e+01 3.09926872e+01 3.30797310e+01
    3.18927822e+01 3.19671440e+01 3.19991665e+01 3.24390335e+01
    3.03639984e+01 2.99882774e+01 3.12666225e+01 2.97015972e+01
    3.16600513e+01 2.87100677e+01 2.91953201e+01 3.11342354e+01
    2.87394447e+01 2.89201069e+01 3.03251095e+01 3.05359821e+01
    2.85045242e+01 2.98383884e+01 2.94514275e+01 2.80457687e+01
    3.01681385e+01 3.13110142e+01 2.97829876e+01 3.02626171e+01
    3.09649754e+01 3.09049873e+01 3.22362404e+01 3.04018173e+01
    3.21580353e+01 3.40606880e+01 3.34013519e+01 3.42639999e+01
    3.17524948e+01 3.13310375e+01 3.31377220e+01 3.26766014e+01
    3.20841599e+01 3.16163940e+01 3.21490097e+01 3.15937023e+01
    3.14315643e+01 3.21456337e+01 3.18007336e+01 3.23329048e+01
    3.34737206e+01 3.32437286e+01 3.45093155e+01 3.36853561e+01
    3.42955551e+01 3.25980530e+01 3.18082199e+01 3.45057259e+01
    3.12447510e+01 2.96287117e+01 2.93820438e+01 3.05485229e+01
    2.76630859e+01 2.84807358e+01 2.98075008e+01 2.87236595e+01
    2.91183586e+01 2.99095001e+01 2.85231380e+01 3.01690235e+01
    2.87732773e+01 3.06109047e+01 3.17051563e+01 3.12062149e+01
    3.23840942e+01 3.18798599e+01 3.20557060e+01 3.22303123e+01
    3.10423470e+01 3.07556133e+01 3.23709297e+01 3.14482403e+01
    3.24366264e+01 2.90399933e+01 3.03419304e+01 2.88053398e+01
    2.83468914e+01 2.71682034e+01 2.85294075e+01 2.90221825e+01
    2.58546124e+01 2.64731083e+01 2.88083401e+01 2.86685505e+01
    3.01894112e+01 2.91790733e+01 3.05095730e+01 3.04474964e+01
    2.96439629e+01 3.03154697e+01 3.03047104e+01 3.12217216e+01
    3.20673943e+01 3.07259636e+01 2.96546535e+01 3.13995075e+01
    3.08390732e+01 3.03898888e+01 3.00912266e+01 2.89960003e+01
    3.08081417e+01 2.85888042e+01 2.96020737e+01 3.05984230e+01
    2.91703644e+01 3.11696396e+01 3.08894997e+01 2.97268410e+01
    3.17157307e+01 3.07521191e+01 2.92720032e+01 3.02439976e+01
    3.12945347e+01 3.02624283e+01 3.06003551e+01 3.18122749e+01
    3.03149529e+01 3.13280201e+01 3.05086327e+01 3.08275795e+01
    3.02827206e+01 3.18763447e+01 2.98701649e+01 2.81875515e+01
    2.94065208e+01 2.82980595e+01 2.74611645e+01 2.76980896e+01
    2.71041794e+01 2.68821411e+01 2.72841377e+01 2.69026566e+01
    2.80728092e+01 2.87284584e+01 2.79837570e+01 2.87906227e+01
    2.87687130e+01 2.90435963e+01 3.07615452e+01 2.93964691e+01
    3.08567562e+01 3.26764603e+01 3.13774548e+01 3.10917091e+01
    2.96779690e+01 2.99150925e+01 2.93148575e+01 2.91887360e+01
    3.09490032e+01 3.01906548e+01 3.04086971e+01 2.86605968e+01
    2.75972195e+01 2.87666798e+01 3.02728176e+01 2.94659576e+01
    3.16885777e+01 3.14756622e+01 3.23081093e+01 2.99208870e+01
    2.86771774e+01 2.94866905e+01 2.64858322e+01 2.73005352e+01
    2.93933105e+01 2.76109486e+01 2.63770847e+01 2.59355259e+01
    2.51495247e+01 2.71883717e+01 2.75737743e+01 2.80185280e+01
    3.08096848e+01 2.94986477e+01 2.95797939e+01 2.88181114e+01
    3.21224709e+01 3.04785671e+01 3.16869717e+01 3.08036327e+01
    2.99345818e+01 3.04469929e+01 2.97315884e+01 3.05256557e+01
    2.81647339e+01 3.07672367e+01 2.93079948e+01 2.90500145e+01
    2.68258839e+01 2.62379818e+01 2.46009808e+01 2.72034969e+01
    2.81867599e+01 2.95037422e+01 2.93416901e+01 3.12673244e+01
    2.81850452e+01 2.98828030e+01 3.14864807e+01 3.20434723e+01
    3.04255199e+01 2.96192036e+01 3.01454182e+01 2.99742146e+01
    2.76497269e+01 2.94437027e+01 3.06604748e+01 2.96306763e+01
    2.85239029e+01 2.92319622e+01 2.87217922e+01 2.80723934e+01
    2.90707340e+01 2.85384998e+01 2.84728298e+01 2.94492054e+01
    2.71020622e+01 2.67668896e+01 2.62720909e+01 2.75000439e+01
    2.76717396e+01 2.89509697e+01 2.87547073e+01 2.88656387e+01
    2.81392403e+01 2.89973621e+01 2.92331352e+01 2.92519989e+01
    2.85397663e+01 2.84408798e+01 2.87330017e+01 2.87997761e+01
    2.82014656e+01 2.75287342e+01 2.88442326e+01 2.88645325e+01
    2.86756115e+01 2.92052708e+01 2.98529720e+01 3.10456066e+01
    3.10952969e+01 3.23088646e+01 3.29756889e+01 3.38596039e+01
    3.33091469e+01 3.22548637e+01 3.06945763e+01 3.26361122e+01
    3.07469578e+01 3.11098442e+01 3.12144413e+01 3.07349720e+01
    3.04474888e+01 3.01806908e+01 2.86409111e+01 2.97188072e+01
    2.84191914e+01 2.90887661e+01 2.92939663e+01 2.99009628e+01
    2.96545296e+01 2.71127872e+01 2.91797638e+01 2.88261280e+01
    2.87211018e+01 3.00528774e+01 3.01575470e+01 3.04888535e+01
    3.02801743e+01 3.00053082e+01 3.19134197e+01 3.14532375e+01
    3.27761765e+01 3.24933014e+01 3.32574272e+01 3.37826614e+01
    3.25001640e+01 3.28132782e+01 3.20012512e+01 3.22568550e+01
    3.19094868e+01 3.28483582e+01 3.07749844e+01 3.14180183e+01
    3.23291435e+01 3.14443512e+01 3.27793732e+01 3.28743896e+01
    3.18366871e+01 3.25042953e+01 3.29380264e+01 3.29136505e+01
    3.32684746e+01 3.08913612e+01 3.12984982e+01 3.14839230e+01
    2.95964146e+01 2.92136841e+01 2.92159519e+01 2.96148109e+01
    2.71741066e+01 2.76976318e+01 3.01827278e+01 2.89923077e+01
    2.95384331e+01 3.13881912e+01 2.98750648e+01 3.13493195e+01
    3.04515171e+01 3.14528694e+01 3.28526077e+01 3.34889259e+01
    3.08330975e+01 2.97633743e+01 3.28228378e+01 3.31175423e+01
    3.33231468e+01 3.10261745e+01 3.24710007e+01 3.13967133e+01
    2.95301819e+01 2.98379650e+01 2.82021465e+01 3.08927956e+01
    2.97831688e+01 2.67437134e+01 2.79336033e+01 2.98609314e+01
    2.78206997e+01 2.87436085e+01 3.09852619e+01 2.98349323e+01
    3.15854435e+01 3.09047604e+01 3.08976879e+01 2.93799610e+01
    3.02813740e+01 2.95701103e+01 3.08458233e+01 2.91038246e+01
    2.92081318e+01 2.88798199e+01 2.88627167e+01 2.98286858e+01
    2.85408993e+01 2.99686337e+01 3.03008194e+01 2.77646790e+01
    2.83669968e+01 2.86137600e+01 2.76808453e+01 3.08110313e+01
    3.04954166e+01 2.96972866e+01 2.84482212e+01 3.09611874e+01
    3.00804729e+01 2.90601978e+01 3.09499226e+01 3.01694622e+01
    3.14382877e+01 3.06619606e+01 3.02519493e+01 3.06200905e+01
    2.97709427e+01 3.26270332e+01 3.08334560e+01 3.07916946e+01
    2.99484138e+01 2.96659241e+01 2.90819378e+01 2.80620785e+01
    2.94198608e+01 2.71472797e+01 2.82343788e+01 2.96184330e+01
    2.84380074e+01 2.87121658e+01 2.81802387e+01 2.78900299e+01
    3.02333622e+01 3.02838593e+01 2.88820572e+01 2.91386585e+01
    3.00953484e+01 3.12060986e+01 3.06526852e+01 3.09876099e+01
    3.23774834e+01 3.17624569e+01 3.16365013e+01 2.96597233e+01
    2.99550686e+01 3.09554729e+01 3.04275990e+01 3.13783245e+01
    3.17064953e+01 3.11316071e+01 3.01786957e+01 3.05123596e+01
    2.98175888e+01 3.10645332e+01 3.10454063e+01 3.20279312e+01
    3.23575859e+01 2.86640053e+01 2.96705208e+01 2.73569069e+01
    2.85070171e+01 2.85027637e+01 2.69518719e+01 2.61590443e+01
    2.56118450e+01 2.64125423e+01 2.70575180e+01 2.66865501e+01
    2.87718964e+01 2.79584045e+01 2.86494751e+01 2.97553730e+01
    2.94996109e+01 2.90895309e+01 2.93020935e+01 2.86959839e+01
    3.12600975e+01 2.90730457e+01 2.92712555e+01 2.86230392e+01
    3.06984081e+01 2.94364662e+01 2.96060696e+01 3.06393909e+01
    2.98366356e+01 3.04178066e+01 2.68776550e+01 2.54287434e+01
    2.79801788e+01 2.70037918e+01 2.81254635e+01 2.81415005e+01
    2.78504982e+01 3.08301945e+01 2.86051846e+01 3.09351063e+01
    2.99121037e+01 3.06256924e+01 3.08364563e+01 3.15847282e+01
    3.04258480e+01 2.92052269e+01 3.17005692e+01 2.82501125e+01
    3.05860710e+01 3.14658794e+01 2.90961571e+01 2.94362335e+01
    2.92239246e+01 2.87958622e+01 2.98515778e+01 2.78522396e+01
    2.98678303e+01 2.93082714e+01 2.64203854e+01 2.80906315e+01
    2.71386509e+01 2.84074593e+01 2.76454449e+01 2.89057446e+01
    2.98946972e+01 2.92762394e+01 2.77752037e+01 2.95372334e+01
    2.95252895e+01 3.06669102e+01 2.72094078e+01 2.94598827e+01
    2.82523022e+01 2.73636894e+01 2.80775375e+01 2.81452065e+01
    2.60773621e+01 2.96849270e+01 2.96343250e+01 2.97173882e+01
    3.17684383e+01 3.22579918e+01 3.13023872e+01 3.22115974e+01
    3.23946114e+01 3.11696587e+01 3.13507175e+01 3.30645370e+01
    3.22439003e+01 3.14620953e+01 3.02011242e+01 3.12992649e+01
    3.03970127e+01 3.11977673e+01 3.04616718e+01 3.14074936e+01
    3.10845089e+01 2.99106846e+01 3.04613495e+01 2.75780506e+01
    3.15980930e+01 3.13482399e+01 3.13792248e+01 3.02428055e+01
    2.97062798e+01 2.88984623e+01 2.91929092e+01 2.95244751e+01
    2.81477509e+01 2.94343719e+01 3.18492126e+01 2.95986843e+01
    2.87874508e+01 3.21675301e+01 3.16649933e+01 3.18000202e+01
    2.99327717e+01 3.19770184e+01 3.20125351e+01 3.08113747e+01
    3.26888962e+01 3.13503971e+01 3.12941284e+01 3.27745552e+01
    3.03486233e+01 3.04782734e+01 3.24937210e+01 3.29617805e+01
    3.21254883e+01 3.03044624e+01 3.15339127e+01 3.02706699e+01
    3.13377399e+01 3.21279182e+01 3.01671410e+01 3.12283688e+01
    3.03519154e+01 2.84597359e+01 2.88536644e+01 2.89061794e+01
    2.89323521e+01 2.90781384e+01 2.83865681e+01 2.78079319e+01
    2.99269772e+01 3.01513786e+01 2.96747456e+01 2.92046337e+01
    3.00100079e+01 2.87170830e+01 3.03918819e+01 3.13228321e+01
    3.08514729e+01 3.19551296e+01 3.17895222e+01 3.10740776e+01
    2.98180485e+01 3.06869755e+01 3.22176819e+01 3.04270153e+01
    3.15290585e+01 2.91016521e+01 2.86842499e+01 2.91471462e+01
    2.87942257e+01 2.79943237e+01 2.82922230e+01 3.11174850e+01
    3.08746204e+01 2.66716576e+01 2.82856674e+01 2.93952045e+01
    3.15757504e+01 3.12122955e+01 3.25841484e+01 3.35834503e+01
    3.16760445e+01 3.18342457e+01 3.10285053e+01 3.11450691e+01
    3.03767452e+01 2.99367580e+01 2.92420902e+01 2.72198181e+01
    2.84405727e+01 3.00708885e+01 2.82177124e+01 2.84278011e+01
    3.02247620e+01 2.86620102e+01 2.71728249e+01 3.04626484e+01
    3.02868519e+01 3.11409340e+01 3.10474834e+01 3.06769791e+01
    2.93701229e+01 2.99313698e+01 2.86962490e+01 2.83250046e+01
    2.88285065e+01 3.06682911e+01 2.98957729e+01 2.88420620e+01
    2.87855949e+01 2.94627285e+01 2.93546600e+01 2.92566147e+01
    2.99666519e+01 3.04406033e+01 3.12862701e+01 3.06675549e+01
    3.22515831e+01 2.91957436e+01 2.95156956e+01 2.89822121e+01
    2.96193829e+01 3.02526875e+01 2.67917786e+01 2.93256245e+01
    2.75512848e+01 2.93477669e+01 2.99965439e+01 2.97595119e+01
    2.96032753e+01 2.90006332e+01 3.02975445e+01 3.12916927e+01
    3.08398323e+01 3.41690483e+01 3.36588593e+01 3.18074284e+01
    3.27224464e+01 3.09275169e+01 3.21551971e+01 3.07197266e+01
    3.09798946e+01 3.26073151e+01 3.18902531e+01 3.09595909e+01
    2.98609867e+01 2.90274696e+01 3.21681976e+01 3.08873196e+01
    3.13069668e+01 3.11669254e+01 3.06969414e+01 2.77715530e+01
    2.86356220e+01 2.88501472e+01 2.83870716e+01 2.74311333e+01
    2.61705685e+01 2.55345039e+01 2.41749763e+01 2.60655136e+01
    2.72794685e+01 2.88938351e+01 2.90917339e+01 2.87582970e+01
    3.02445583e+01 2.95286350e+01 2.96609993e+01 3.01062202e+01
    3.10327988e+01 3.24769821e+01 3.18334103e+01 3.02672596e+01
    2.95394707e+01 2.94892082e+01 3.06392956e+01 2.97209778e+01
    3.00010128e+01 2.99113731e+01 2.97164936e+01 2.83045025e+01
    2.88830776e+01 2.84977322e+01 2.70704536e+01 2.73665009e+01
    2.94557953e+01 2.61754017e+01 3.26150436e+01 3.01273365e+01
    2.82665119e+01 2.96899261e+01 2.96111965e+01 3.06128349e+01
    2.97716198e+01 3.12921791e+01 3.03087540e+01 3.08260326e+01
    2.89901695e+01 2.88567257e+01 3.02466545e+01 2.87606583e+01
    2.94036274e+01 3.14055939e+01 3.09218330e+01 3.06173000e+01
    2.87901268e+01 2.99743118e+01 2.77628098e+01 2.91741848e+01
    2.86606236e+01 2.86787090e+01 2.76750660e+01 2.79613667e+01
    2.83515930e+01 2.91105766e+01 2.89327297e+01 2.85695076e+01
    2.85891304e+01 2.87348328e+01 2.98827724e+01 2.98182793e+01
    2.77434921e+01 2.84378471e+01 2.83023834e+01 2.56175079e+01
    2.67180061e+01 2.66906395e+01 2.81638031e+01 2.77043705e+01
    2.94719849e+01 2.94220943e+01 2.99801483e+01 2.98840141e+01
    3.06995831e+01 3.10240326e+01 3.04425201e+01 3.13556976e+01
    3.33446922e+01 3.23192482e+01 3.08670292e+01 3.16118431e+01
    3.08346291e+01 3.12973022e+01 3.22280273e+01 2.96894264e+01
    3.24190865e+01 3.14302197e+01 3.15805111e+01 3.07924232e+01
    3.08680515e+01 3.05065517e+01 3.07835007e+01 3.05895004e+01
    3.28646736e+01 2.91184654e+01 2.90098667e+01 2.83727379e+01
    2.88348808e+01 2.98426056e+01 2.93396339e+01 2.98088818e+01
    3.02727985e+01 2.99417114e+01 3.08411770e+01 2.94355564e+01
    3.36504745e+01 3.11766205e+01 3.09810753e+01 3.26571617e+01
    3.20895119e+01 3.15568295e+01 3.16539497e+01 3.17199497e+01
    3.30677490e+01 3.18490505e+01 2.98282433e+01 3.07591457e+01
    2.99691582e+01 3.21166267e+01 3.15966339e+01 2.98601913e+01
    3.06944294e+01 2.84987087e+01 2.99719849e+01 3.09255886e+01
    3.12138557e+01 3.02868004e+01 2.97695065e+01 2.98335934e+01
    2.84029770e+01 2.81786270e+01 3.11121540e+01 2.93047829e+01
    2.69693871e+01 2.65755043e+01 3.03015041e+01 2.85157452e+01
    2.81533966e+01 3.00850143e+01 2.91617393e+01 2.87103558e+01
    2.81495399e+01 2.90577831e+01 2.97014561e+01 3.19983616e+01
    3.01627846e+01 2.93896046e+01 2.93689232e+01 3.22443428e+01
    2.97664108e+01 2.89034882e+01 3.20169754e+01 2.95323753e+01
    2.93189373e+01 2.82558537e+01 2.70905380e+01 3.02194214e+01
    3.05671806e+01 2.99662113e+01 2.88138199e+01 2.90138626e+01
    3.01431599e+01 3.02318249e+01 3.07164383e+01 3.21029854e+01
    3.30881500e+01 3.45777016e+01 3.40495262e+01 3.13509274e+01
    3.01635456e+01 3.02021580e+01 3.10325375e+01 3.01690197e+01
    2.93599949e+01 2.92663841e+01 2.87921829e+01 2.75955486e+01
    2.82736683e+01 2.93535423e+01 2.93582497e+01 3.00064983e+01
    2.95997028e+01 2.85297737e+01 2.86690731e+01 3.18030491e+01
    2.98708649e+01 3.18386765e+01 2.93172989e+01 2.79596653e+01
    2.76420250e+01 2.92218513e+01 2.85127182e+01 2.77102356e+01
    2.81985245e+01 2.85421944e+01 2.75319138e+01 2.87811165e+01
    2.52898521e+01 2.83400269e+01 3.00975552e+01 2.90964622e+01
    2.95631428e+01 3.17955570e+01 2.98043938e+01 3.09007282e+01
    3.09256992e+01 2.92622681e+01 3.12131157e+01 2.84515324e+01
    2.93099003e+01 2.98176060e+01 2.94301262e+01 2.95904655e+01
    3.11076946e+01 3.09927616e+01 2.98781834e+01 2.91453419e+01
    2.98902245e+01 3.11353054e+01 3.07693367e+01 3.30075150e+01
    3.40958252e+01 3.42654343e+01 3.39489594e+01 2.98839436e+01
    3.18491726e+01 3.15251064e+01 3.20350723e+01 3.15688133e+01
    3.16171093e+01 3.24202194e+01 3.02652435e+01 3.16613998e+01
    3.12285194e+01 3.03207207e+01 3.17202320e+01 3.12969055e+01
    3.16191959e+01 2.90098343e+01 2.80988445e+01 2.81895008e+01
    2.77892933e+01 2.92124729e+01 2.80855885e+01 2.67216587e+01
    2.60187416e+01 2.62711678e+01 2.71159306e+01 2.96385403e+01
    2.90838985e+01 2.99653645e+01 2.89674244e+01 3.05581703e+01
    2.94524002e+01 2.89985752e+01 3.04578171e+01 3.18541584e+01
    3.17194309e+01 3.18674564e+01 3.21621017e+01 2.96059074e+01
    2.89060879e+01 2.96660576e+01 2.86114635e+01 2.97770748e+01
    2.90437527e+01 2.87779636e+01 2.98464813e+01 2.86035671e+01
    2.65766239e+01 2.70422993e+01 2.79785557e+01 2.83889847e+01
    2.79238014e+01 2.95496197e+01 2.95589828e+01 2.87046204e+01
    2.81898479e+01 2.93060207e+01 2.76974068e+01 3.00353470e+01
    3.08173618e+01 2.75152321e+01 2.79123592e+01 2.72820339e+01
    2.84689331e+01 2.96415253e+01 3.03341999e+01 3.04353809e+01
    3.16279316e+01 2.99582977e+01 2.97929268e+01 2.99604645e+01
    3.13507137e+01 3.00329418e+01 2.87134209e+01 2.89101238e+01
    2.94289608e+01 2.81022491e+01 2.74777393e+01 2.77771683e+01
    2.89504471e+01 3.04630642e+01 2.88292675e+01 2.78416996e+01
    2.87211647e+01 3.02961960e+01 2.83815556e+01 2.84948711e+01
    2.94316063e+01 2.67433109e+01 2.74082642e+01 2.69925346e+01
    2.80074558e+01 3.05429401e+01 2.98318176e+01 2.78995781e+01
    3.08267994e+01 3.04373665e+01 3.04294224e+01 3.00947857e+01
    3.20503082e+01 3.12977619e+01 3.03929176e+01 3.08338013e+01
    3.09107018e+01 3.12906761e+01 2.86133480e+01 2.93381081e+01
    2.90456505e+01 3.01678352e+01 3.08222084e+01 3.07685242e+01
    3.31399269e+01 3.08908558e+01 3.13711357e+01 3.09500237e+01
    3.07320480e+01 3.20922661e+01 3.19784813e+01 3.06817665e+01
    3.12138481e+01 2.98945045e+01 2.93737602e+01 2.81327229e+01
    2.79994755e+01 2.98965378e+01 3.07924557e+01 3.01614571e+01
    2.95181980e+01 2.98113232e+01 3.25667648e+01 2.96150970e+01
    3.10821705e+01 3.13239536e+01 3.34755669e+01 3.20493851e+01
    3.11892014e+01 3.25148926e+01 3.15923004e+01 3.15213814e+01
    3.18760281e+01 2.95412121e+01 3.02816563e+01 2.90561256e+01
    3.07866001e+01 2.80044479e+01 2.84684029e+01 2.85873928e+01
    2.93081303e+01 2.88177299e+01 2.97896500e+01 3.13411465e+01
    2.95029640e+01 3.12400589e+01 2.87941360e+01 2.72728500e+01
    2.83121166e+01 2.79783707e+01 2.79037437e+01 2.70056076e+01
    2.64808388e+01 2.84420853e+01 2.81017570e+01 2.68433113e+01
    2.81017876e+01 2.82937412e+01 2.78710823e+01 3.00614662e+01
    2.83432331e+01 3.02493877e+01 2.97661991e+01 2.99244938e+01
    3.02471180e+01 3.00261288e+01 3.06009445e+01 3.05621319e+01
    3.08998985e+01 2.77516155e+01 3.04503880e+01 2.85808697e+01
    2.91769791e+01 3.02481728e+01 2.79650593e+01 2.79567318e+01
    2.95327930e+01 2.85119801e+01 2.90762501e+01 3.05254612e+01
    3.23584480e+01 3.23655090e+01 3.39653816e+01 3.42598915e+01
    3.33903885e+01 3.29595680e+01 3.16376820e+01 3.14449806e+01
    3.20694351e+01 3.15048809e+01 3.01845436e+01 2.86903572e+01
    3.00773277e+01 3.01057968e+01 2.80466881e+01 3.03564873e+01
    2.96849689e+01 3.08346272e+01 3.05713062e+01 2.80218639e+01
    3.06821899e+01 3.12472267e+01 3.05752544e+01 3.16986675e+01
    3.06743622e+01 3.08991375e+01 3.02102261e+01 2.82183475e+01
    2.89829006e+01 2.89928036e+01 2.76569309e+01 2.83809681e+01
    2.78285942e+01 2.75711632e+01 2.85837173e+01 2.85021572e+01
    2.85819378e+01 3.09219246e+01 3.14762459e+01 3.14802036e+01
    3.36914406e+01 3.22804146e+01 2.98666134e+01 3.15000343e+01
    3.00906944e+01 3.24006348e+01 3.04399185e+01 2.90774918e+01
    3.02744217e+01 3.00647793e+01 3.00234718e+01 3.02152805e+01
    2.95763321e+01 3.19947872e+01 3.03206749e+01 3.13490601e+01
    3.03223076e+01 3.38305664e+01 3.37704048e+01 3.34103088e+01
    3.17493210e+01 3.17711296e+01 3.14241238e+01 3.18037262e+01
    3.08593559e+01 3.15447636e+01 3.08766117e+01 3.09511108e+01
    3.05235023e+01 2.98664570e+01 3.11113453e+01 3.14068241e+01
    3.19085941e+01 3.20012283e+01 3.12216091e+01 2.83448124e+01
    2.86492500e+01 2.85452747e+01 2.82276726e+01 2.98470898e+01
    2.78895855e+01 2.89068947e+01 2.70149288e+01 2.74060745e+01
    2.70074749e+01 2.80527115e+01 3.02417068e+01 3.19824409e+01
    3.04076996e+01 3.06605148e+01 3.11865749e+01 3.06937447e+01
    3.19776802e+01 3.19168835e+01 3.33271255e+01 3.25563812e+01
    3.00539131e+01 3.14538994e+01 2.97422466e+01 2.96278419e+01
    2.92965164e+01 2.82554417e+01 2.88568592e+01 2.72089844e+01
    3.01580219e+01 3.02055473e+01 2.87051868e+01 2.78336372e+01
    2.85207977e+01 2.76010742e+01 2.93701344e+01 2.94486465e+01
    2.91933060e+01 2.85650425e+01 2.68895321e+01 2.94026623e+01
    2.79831352e+01 2.90242634e+01 2.92120056e+01 2.96324940e+01
    2.90841999e+01 2.63473778e+01 3.02191505e+01 2.94861488e+01
    3.10689697e+01 2.96421547e+01 3.10456657e+01 3.04514923e+01
    3.03387051e+01 3.00152225e+01 3.11583691e+01 3.01587524e+01
    2.96049519e+01 2.86335735e+01 2.87429485e+01 2.82280693e+01
    2.75402908e+01 2.92708397e+01 2.94229927e+01 3.05046864e+01
    2.71497517e+01 2.83160591e+01 3.02820015e+01 3.15975990e+01
    2.97424278e+01 2.84084511e+01 3.10686607e+01 2.72956867e+01
    2.70244427e+01 2.79312210e+01 2.92291489e+01 2.85491657e+01
    2.76931000e+01 2.94526615e+01 3.05733185e+01 2.72687435e+01
    3.02564240e+01 3.11377487e+01 3.15001240e+01 2.92048016e+01
    3.14140091e+01 3.11037331e+01 2.87696705e+01 2.92683201e+01
    3.06379490e+01 2.94655495e+01 3.00139637e+01 2.97382431e+01
    2.92144718e+01 3.12247524e+01 3.03660240e+01 3.07724857e+01
    3.25776253e+01 3.13516598e+01 2.93466988e+01 2.94857349e+01
    3.22876282e+01 3.09648476e+01 3.06538429e+01 3.09301548e+01
    2.87530365e+01 2.81983070e+01 2.84166756e+01 2.99022388e+01
    2.86348686e+01 2.97645054e+01 3.07260113e+01 2.99919739e+01
    3.08479176e+01 3.01621437e+01 3.10577660e+01 3.09308929e+01
    3.08718815e+01 3.34425049e+01 3.16269226e+01 3.01964149e+01
    3.20621872e+01 3.10506115e+01 2.94681759e+01 2.95020542e+01
    2.95952034e+01 3.03426647e+01 2.96996231e+01 2.90627728e+01
    2.87383251e+01 2.76707745e+01 2.82429390e+01 2.86404877e+01
    2.92824936e+01 3.09508476e+01 3.15199337e+01 2.83547726e+01
    2.76018887e+01 2.74733906e+01 2.74984207e+01 2.80140171e+01
    2.66922760e+01 2.79127312e+01 2.82692986e+01 2.88004303e+01
    2.80451946e+01 2.86652164e+01 2.87507744e+01 2.91406288e+01
    3.03439636e+01 2.85369949e+01 2.93604469e+01 3.12524319e+01
    2.96154690e+01 2.87206059e+01 2.91590595e+01 3.17402878e+01
    2.81156616e+01 3.04039764e+01 3.05786610e+01 3.01603870e+01
    3.12501087e+01 3.04194469e+01 2.97487259e+01 2.92829018e+01
    2.97436733e+01 3.02666588e+01 2.84454346e+01 2.86814404e+01
    3.11148911e+01 3.08970547e+01 3.24619827e+01 3.17919083e+01
    3.17728176e+01 3.28868980e+01 3.29685364e+01 3.09466820e+01
    3.13170185e+01 2.94491673e+01 2.72694302e+01 3.02028828e+01
    2.97662945e+01 2.78611889e+01 2.74621353e+01 2.84585419e+01
    2.72809772e+01 2.86332226e+01 2.88608208e+01 3.06888390e+01
    2.98835278e+01 3.08803024e+01 3.01018105e+01 3.11859875e+01
    3.01686382e+01 3.09573593e+01 3.00866547e+01 2.81833878e+01
    2.89837475e+01 2.81898270e+01 2.77403336e+01 2.80068722e+01
    2.78894310e+01 2.69990406e+01 2.67959347e+01 2.72035046e+01
    2.71937656e+01 2.85416546e+01 2.87715569e+01 2.86799164e+01
    3.04511242e+01 3.23256836e+01 3.11762562e+01 3.17827072e+01
    3.14691334e+01 3.16190128e+01 3.16840744e+01 3.17859135e+01
    2.87357864e+01 2.99108200e+01 2.99413700e+01 3.00456390e+01
    2.78078556e+01 3.07010136e+01 3.05947533e+01 3.04126740e+01
    2.95004005e+01 3.01426468e+01 3.16908417e+01 3.08315430e+01
    3.09091854e+01 3.37591667e+01 3.18625622e+01 3.08855362e+01
    3.13457451e+01 3.14950962e+01 3.24977226e+01 3.23312988e+01
    2.96214619e+01 3.06459808e+01 2.83406925e+01 3.07129478e+01
    2.99358139e+01 2.95638924e+01 3.11154060e+01 2.97985840e+01
    2.93667336e+01 2.84409714e+01 2.79405460e+01 2.73985882e+01
    2.85097256e+01 3.01151962e+01 2.77166862e+01 2.84601326e+01
    2.82438869e+01 2.55019474e+01 2.68869038e+01 3.03398914e+01
    2.95695820e+01 3.07250309e+01 3.05029716e+01 3.26801262e+01
    2.96242313e+01 2.96178532e+01 3.13262596e+01 3.26095505e+01
    3.19358940e+01 3.04368610e+01 3.16031532e+01 2.87961979e+01
    3.04671822e+01 2.92024021e+01 2.76212006e+01 2.87456322e+01
    2.75415535e+01 2.59445839e+01 3.16270809e+01 2.94023361e+01
    2.98752403e+01 2.93907928e+01 2.85330315e+01 2.80705719e+01
    2.96233406e+01 2.81517925e+01 2.78855476e+01 2.92051678e+01
    2.79234924e+01 2.93468361e+01 2.82541180e+01 2.87087688e+01
    3.07475891e+01 3.09280510e+01 3.06135693e+01 2.97374020e+01
    3.06493626e+01 3.07233963e+01 3.10814781e+01 3.06689892e+01
    3.07411461e+01 3.24583321e+01 3.07658195e+01 3.10776958e+01
    3.16531181e+01 2.91182880e+01 3.02900429e+01 2.80700359e+01
    2.92256851e+01 2.91030693e+01 3.11866131e+01 2.99266510e+01
    2.99705524e+01 3.10611191e+01 2.96667404e+01 2.90476189e+01
    2.90957184e+01 3.03729229e+01 2.84907188e+01 3.08313141e+01
    2.92956467e+01 2.81507797e+01 2.79181728e+01 2.58294029e+01
    2.79346142e+01 2.92224064e+01 3.00522976e+01 2.82113800e+01
    2.96608028e+01 3.01218815e+01 3.03732147e+01 2.97396698e+01
    3.28976135e+01 3.10281448e+01 3.05324173e+01 3.09144630e+01
    2.89704323e+01 3.06502666e+01 3.05204163e+01 2.92746830e+01
    3.04154110e+01 2.98930416e+01 3.10119858e+01 3.00609474e+01
    3.16067009e+01 3.10876846e+01 3.09528961e+01 3.09463482e+01
    3.01905613e+01 2.97172527e+01 3.11238937e+01 2.83167191e+01
    3.04583569e+01 3.10102787e+01 2.95300026e+01 2.91045475e+01
    2.66709213e+01 3.03160629e+01 3.00138645e+01 3.09631634e+01
    3.00529461e+01 3.02074318e+01 3.30584679e+01 3.01275158e+01
    3.13961277e+01 3.21396103e+01 3.16646595e+01 3.28949051e+01
    3.07032471e+01 3.01608582e+01 3.05922127e+01 3.01747055e+01
    3.06622124e+01 2.95845699e+01 2.91748104e+01 3.01180725e+01
    2.97004375e+01 2.98269348e+01 2.95935955e+01 2.81444473e+01
    3.01304703e+01 2.95034637e+01 2.80786362e+01 3.07477474e+01
    3.07543297e+01 3.01514034e+01 2.78031769e+01 2.76506367e+01
    2.85968590e+01 2.58899746e+01 2.73009605e+01 2.57528839e+01
    2.84570026e+01 2.83432732e+01 2.86302528e+01 2.96441326e+01
    2.79541454e+01 3.03347206e+01 2.88388958e+01 3.17798138e+01
    3.20748253e+01 2.94753685e+01 2.85822067e+01 3.07376709e+01
    3.08456497e+01 3.12898140e+01 2.99514809e+01 3.13410149e+01
    3.06929855e+01 3.17449818e+01 3.09010448e+01 3.02796192e+01
    3.15557613e+01 3.20945587e+01 2.99928818e+01 2.81654396e+01
    2.98121872e+01 3.15676804e+01 3.22368164e+01 3.06008892e+01
    3.25433807e+01 3.23817596e+01 3.06047096e+01 3.09189930e+01
    3.08329105e+01 3.04167614e+01 2.92633057e+01 2.90235348e+01
    2.89354515e+01 2.69745102e+01 2.66168537e+01 2.75033779e+01
    2.61989880e+01 2.99837074e+01 2.97859726e+01 2.91650772e+01
    2.94115715e+01 3.18624554e+01 3.04661884e+01 3.16010475e+01
    3.26973686e+01 3.26361313e+01 3.23200798e+01 3.36517677e+01
    3.05348568e+01 3.04603920e+01 3.13156872e+01 3.01377087e+01
    2.90273666e+01 2.89190331e+01 2.79849129e+01 3.00068874e+01
    2.63114052e+01 2.81506081e+01 2.91127396e+01 2.98277950e+01
    2.96272507e+01 2.96940117e+01 3.26936226e+01 3.09468307e+01
    3.30626984e+01 3.57329750e+01 3.20278091e+01 3.23812180e+01
    3.15378742e+01 3.09070663e+01 3.17920437e+01 2.93186779e+01
    2.72894688e+01 2.92777195e+01 3.03515587e+01 3.04856682e+01
    2.93872089e+01 3.02014675e+01 3.19061832e+01 3.10555134e+01
    3.09533405e+01 3.19307137e+01 3.05393543e+01 3.33167877e+01
    3.16567173e+01 3.17597408e+01 3.24280472e+01 3.14601097e+01
    3.26235886e+01 3.02675838e+01 3.10180721e+01 3.04889526e+01
    2.95403481e+01 3.01362095e+01 2.97015247e+01 3.18553619e+01
    3.11010437e+01 3.08811760e+01 3.09735394e+01 2.91168690e+01
    2.94439583e+01 2.99633732e+01 3.01332340e+01 2.97480202e+01
    2.92721481e+01 3.06605701e+01 2.96876602e+01 2.80348549e+01
    2.90974369e+01 2.86492157e+01 2.98689785e+01 3.13132496e+01
    3.12187767e+01 3.06043072e+01 3.06945229e+01 3.12522202e+01
    3.09869728e+01 2.94736633e+01 3.09293175e+01 3.02812271e+01
    2.95851555e+01 2.86207371e+01 2.99578133e+01 2.86390762e+01
    2.87533836e+01 2.78767891e+01 2.83448505e+01 2.51985283e+01
    3.12258873e+01 3.05437050e+01 2.89005299e+01 2.88417244e+01
    2.91429138e+01 2.86471539e+01 2.92373543e+01 2.99845753e+01
    2.91584625e+01 2.90731125e+01 3.00216923e+01 2.73725357e+01
    2.87398529e+01 3.09212132e+01 2.97051239e+01 3.06832943e+01
    3.19766369e+01 2.92189636e+01 3.12524242e+01 3.08299522e+01
    3.13512802e+01 3.19240780e+01 3.23609161e+01 3.14788094e+01
    2.99301033e+01 3.12364883e+01 3.23518143e+01 3.07610970e+01
    3.00082321e+01 2.94598751e+01 3.01242390e+01 2.91318741e+01
    2.94496670e+01 3.06578274e+01 3.12601662e+01 3.16738834e+01
    2.98981915e+01 2.82882500e+01 2.99252949e+01 3.25325279e+01
    3.10903168e+01 3.07153702e+01 3.05102196e+01 2.94936104e+01
    2.71903496e+01 2.66662998e+01 2.85489235e+01 2.91632290e+01
    3.05261860e+01 3.00106754e+01 3.07372360e+01 2.93432388e+01
    3.03226566e+01 3.07449741e+01 3.12968521e+01 3.12399883e+01
    3.36818466e+01 3.15065231e+01 3.05172729e+01 3.14354267e+01
    2.99716110e+01 3.18790207e+01 3.01120529e+01 3.12073898e+01
    3.07380466e+01 3.14969807e+01 3.13077297e+01 2.91997738e+01
    3.30912781e+01 3.11406250e+01 3.04748936e+01 3.01225262e+01
    3.20104332e+01 3.03197441e+01 2.90370369e+01 3.21784782e+01
    3.02211514e+01 2.99363823e+01 2.90620518e+01 3.02546215e+01
    2.96608925e+01 2.96669140e+01 2.98687725e+01 3.09429321e+01
    2.93532410e+01 2.92619934e+01 2.96989880e+01 3.01560116e+01
    2.98496685e+01 3.06834564e+01 3.08610859e+01 3.02568035e+01
    2.97631741e+01 3.01863041e+01 3.14968567e+01 3.04444847e+01
    3.13726501e+01 3.21295891e+01 2.99085007e+01 3.00527573e+01
    2.99264088e+01 2.91614895e+01 2.99757862e+01 3.11716404e+01
    2.93353577e+01 3.05021877e+01 2.90193596e+01 3.08064022e+01
    2.92458649e+01 2.89259491e+01 2.64950161e+01 2.69980011e+01
    2.82429810e+01 2.60642662e+01 2.81554108e+01 2.95686378e+01
    2.75264606e+01 2.54486847e+01 2.87498627e+01 2.76867962e+01
    2.88045158e+01 2.91106243e+01 2.82539310e+01 3.11932526e+01
    3.00162983e+01 2.88539371e+01 2.87907238e+01 3.11248913e+01
    3.17022514e+01 3.13588238e+01 3.14526253e+01 3.20826225e+01
    3.09243412e+01 3.30515251e+01 3.19387836e+01 3.07912025e+01
    3.17763519e+01 3.24049301e+01 2.90362587e+01 3.00028725e+01
    3.03882961e+01 3.03576717e+01 3.33941498e+01 3.26082916e+01
    3.24759560e+01 3.12324009e+01 3.20997849e+01 2.94317036e+01
    2.89891090e+01 2.89045086e+01 2.88106251e+01 2.71920528e+01
    2.68701954e+01 2.73838444e+01 2.81558075e+01 2.84321823e+01
    3.03576279e+01 3.01222038e+01 3.05883675e+01 3.24867325e+01
    3.09451294e+01 3.12853260e+01 3.22656975e+01 3.30817795e+01
    3.04826336e+01 3.06060886e+01 2.88374844e+01 2.81971245e+01
    3.10191536e+01 2.81490688e+01 3.06021023e+01 2.95551472e+01
    2.92691021e+01 2.72061291e+01 2.68785191e+01 2.96335144e+01
    2.81591034e+01 3.06038456e+01 3.12561150e+01 3.03910542e+01
    3.21641960e+01 3.35378189e+01 3.30673370e+01 3.18240337e+01
    3.32769127e+01 3.33330803e+01 3.11530399e+01 3.17350826e+01
    3.00423222e+01 2.91152725e+01 3.07156811e+01 2.94667244e+01
    2.74737129e+01 2.94829769e+01 2.84701481e+01 2.96635838e+01
    3.06081924e+01 2.93245335e+01 3.13798161e+01 3.23281097e+01
    3.15000725e+01 3.37015076e+01 3.28034363e+01 3.45470161e+01
    3.29705009e+01 3.50431519e+01 3.50511742e+01 3.26669006e+01
    3.29358635e+01 3.26317253e+01 2.87502499e+01 3.19266815e+01
    3.31376915e+01 3.19800549e+01 3.06836491e+01 3.22535553e+01
    3.15071716e+01 2.90147572e+01 3.10504360e+01 3.00181503e+01
    3.02068691e+01 2.92161713e+01 2.81082897e+01 2.85928879e+01
    2.88930550e+01 2.87267456e+01 2.88948612e+01 3.09343147e+01
    2.98752651e+01 3.07203331e+01 3.04247093e+01 3.08908119e+01
    3.09219093e+01 2.99123116e+01 3.07384243e+01 2.94669800e+01
    2.97261505e+01 3.12640228e+01 2.90701504e+01 2.96083508e+01
    2.92906914e+01 2.73456230e+01 2.84690342e+01 2.70698032e+01
    2.67587376e+01 2.52162971e+01 3.12406864e+01 2.89175968e+01
    2.89365292e+01 3.02942924e+01 2.94254551e+01 2.97398205e+01
    3.03310757e+01 2.97239571e+01 2.89112816e+01 2.92515316e+01
    2.92642002e+01 2.76687851e+01 2.98877373e+01 2.99151592e+01
    2.94853077e+01 2.93759804e+01 3.01418972e+01 2.98825703e+01
    3.02811832e+01 3.13798218e+01 3.29353142e+01 3.15669155e+01
    3.16958523e+01 3.08916550e+01 3.19608917e+01 3.13810997e+01
    3.14744053e+01 3.17892151e+01 3.23943214e+01 2.93311062e+01
    2.93472843e+01 2.89669914e+01 3.06954994e+01 3.11501274e+01
    2.98924122e+01 3.13400764e+01 2.83839359e+01 2.97286892e+01
    2.92319641e+01 3.22808266e+01 2.88672810e+01 3.11066418e+01
    3.17795143e+01 2.80223560e+01 2.78063793e+01 2.80464039e+01
    2.73904877e+01 2.98570518e+01 3.11880207e+01 3.00118103e+01
    3.07105865e+01 3.04806442e+01 3.05847206e+01 3.03115711e+01
    3.13602448e+01 3.15637360e+01 3.21728401e+01 3.14822254e+01
    3.01254082e+01 3.00335960e+01 3.19492626e+01 3.06008873e+01
    2.93542309e+01 3.22098351e+01 3.13921471e+01 3.05741711e+01
    3.12746563e+01 3.17017040e+01 3.06259270e+01 3.08213806e+01
    3.09892159e+01 3.09524078e+01 2.93920593e+01 2.85946293e+01
    2.83193207e+01 2.99288349e+01 3.00170498e+01 3.03886623e+01
    3.00720253e+01 2.80375214e+01 2.93267059e+01 2.74626503e+01
    2.90244007e+01 2.83399086e+01 2.86386547e+01 3.02577820e+01
    2.90644188e+01 2.74598827e+01 3.02191029e+01 3.07991123e+01
    3.14087696e+01 3.11000843e+01 3.02388287e+01 3.05499630e+01
    3.21084518e+01 2.94185467e+01 3.05917377e+01 3.05456944e+01
    3.08315563e+01 2.91132774e+01 2.90211315e+01 2.96542168e+01
    2.76345596e+01 2.96522770e+01 2.85174580e+01 2.88928051e+01
    3.09739342e+01 2.98551731e+01 2.79573994e+01 2.76141167e+01
    2.72914371e+01 2.78321018e+01 2.82964973e+01 2.74992809e+01
    2.92834415e+01 2.83526115e+01 2.75610046e+01 2.79446373e+01
    2.84950123e+01 2.73976746e+01 2.67606125e+01 2.99170666e+01
    3.11526833e+01 2.87598820e+01 2.80680923e+01 2.83755894e+01
    2.95103893e+01 3.08108616e+01 3.03546810e+01 3.07307606e+01
    3.15213413e+01 3.18139229e+01 2.96424313e+01 3.04313469e+01
    3.06861744e+01 3.40997009e+01 3.15381756e+01 2.93024883e+01
    3.02248802e+01 3.10375938e+01 3.12171421e+01 3.19753780e+01
    3.19781075e+01 3.16685200e+01 3.23823280e+01 3.26317177e+01
    3.05195007e+01 2.97408104e+01 2.99414558e+01 2.85499458e+01
    2.86116848e+01 2.83806992e+01 2.74526596e+01 2.76464481e+01
    2.74231415e+01 2.77069874e+01 3.10228786e+01 3.02696152e+01
    2.97142963e+01 3.02466774e+01 3.14321194e+01 3.23996773e+01
    3.11920090e+01 3.19929295e+01 3.23292007e+01 3.18454895e+01
    2.73382835e+01 2.93015976e+01 3.02452679e+01 2.96479740e+01
    3.08686638e+01 2.73568497e+01 2.84749012e+01 2.93882561e+01
    2.87636318e+01 2.74156055e+01 2.80112839e+01 2.91371365e+01
    3.17707443e+01 3.14417973e+01 2.98189697e+01 3.14866047e+01
    3.15693169e+01 3.24310379e+01 3.21112518e+01 3.17324181e+01
    3.06472206e+01 3.09616795e+01 3.12757626e+01 3.17307262e+01
    2.86173820e+01 2.84726200e+01 2.93304005e+01 2.81996613e+01
    2.69963093e+01 2.74401245e+01 2.96027012e+01 3.04418125e+01
    3.16610279e+01 3.16398163e+01 3.33522568e+01 3.30276566e+01
    3.12335415e+01 3.28513756e+01 3.33659477e+01 3.41677094e+01
    3.44925270e+01 3.36936340e+01 3.26540375e+01 3.06043644e+01
    3.36875610e+01 3.21451988e+01 3.14030800e+01 3.34420509e+01
    3.23668175e+01 3.01239758e+01 3.18320675e+01 3.03054543e+01
    2.94201279e+01 2.91771030e+01 3.05209274e+01 2.80159664e+01
    2.68797321e+01 2.87922440e+01 2.78536797e+01 2.67432652e+01
    2.92641201e+01 2.89748192e+01 3.11457310e+01 2.94005680e+01
    3.00595131e+01 3.01037464e+01 2.92207947e+01 3.08782272e+01
    2.98302975e+01 2.94188938e+01 3.07576866e+01 3.03983212e+01
    2.98608971e+01 2.84954376e+01 2.96408749e+01 2.75965557e+01
    2.78359108e+01 2.92045574e+01 2.78098125e+01 2.65479298e+01
    3.21207962e+01 2.93019466e+01 3.07736511e+01 2.85469418e+01
    3.04345379e+01 3.10203991e+01 3.12390232e+01 3.07537365e+01
    2.95271645e+01 2.82255573e+01 2.81297684e+01 2.88462315e+01
    2.76294994e+01 3.07493553e+01 3.10976486e+01 2.81193275e+01
    2.87885647e+01 2.96440525e+01 3.15166950e+01 3.09249630e+01
    3.05926781e+01 3.20339737e+01 3.10679836e+01 3.04633961e+01
    2.98359661e+01 3.17672234e+01 3.26634598e+01 3.22113609e+01
    3.11910114e+01 3.07940750e+01 2.85744381e+01 2.84064121e+01
    3.12196178e+01 3.11813126e+01 3.10591297e+01 3.03435822e+01
    3.02720985e+01 2.92617779e+01 2.82793846e+01 3.13336658e+01
    3.11297150e+01 3.09944305e+01 3.00264473e+01 2.99101791e+01
    2.98038864e+01 2.95169830e+01 2.80866680e+01 3.08394394e+01
    3.04213085e+01 3.02589760e+01 3.01583023e+01 2.96773872e+01
    3.02389774e+01 3.13289700e+01 3.15247326e+01 2.91898975e+01
    3.24938583e+01 3.31286163e+01 3.07704067e+01 3.29538956e+01
    3.16399975e+01 3.02773800e+01 3.22212563e+01 3.29630241e+01
    3.19019241e+01 3.16515522e+01 3.21405182e+01 3.08629951e+01
    2.95367603e+01 3.29423904e+01 3.11013374e+01 2.95417309e+01
    3.08596783e+01 3.07933521e+01 2.81325245e+01 2.95327721e+01
    2.87724037e+01 3.04086685e+01 2.82730598e+01 2.98205910e+01
    2.95351028e+01 2.64358788e+01 2.86572151e+01 2.71391945e+01
    2.92119236e+01 2.91427746e+01 2.85574684e+01 3.02322998e+01
    3.20119934e+01 3.00261459e+01 3.03468590e+01 3.12570019e+01
    3.15090179e+01 3.03486385e+01 3.02025356e+01 3.17859898e+01
    2.99293251e+01 3.03875141e+01 3.03892574e+01 2.96163311e+01
    2.78560715e+01 2.69861774e+01 2.86987152e+01 2.87924938e+01
    3.08476944e+01 3.04728928e+01 2.99474373e+01 2.97315845e+01
    2.89600620e+01 2.86807556e+01 2.80184574e+01 2.85125694e+01
    2.91977615e+01 2.77108059e+01 2.87663803e+01 2.81454105e+01
    2.61906776e+01 2.59695854e+01 2.76791553e+01 2.70809917e+01
    2.88236694e+01 2.89628677e+01 2.75827332e+01 2.91835613e+01
    2.87233315e+01 2.91378574e+01 2.79311714e+01 2.87829628e+01
    2.97683010e+01 2.93135185e+01 2.90457993e+01 3.03758011e+01
    2.89960594e+01 3.10720367e+01 3.15529804e+01 3.00631237e+01
    3.02841625e+01 3.02215614e+01 3.03899002e+01 2.95453854e+01
    3.02404804e+01 2.98176289e+01 3.24766273e+01 3.38242378e+01
    3.27975998e+01 3.24585953e+01 3.22424011e+01 3.12118607e+01
    2.87946072e+01 2.80669498e+01 2.84029694e+01 3.01104774e+01
    3.07485924e+01 2.80819340e+01 2.90672894e+01 2.93211098e+01
    2.97573376e+01 3.06071339e+01 3.37214241e+01 3.16121941e+01
    3.17860050e+01 3.28397789e+01 3.15407791e+01 3.16382351e+01
    3.16550922e+01 3.05566330e+01 3.00137787e+01 2.95256367e+01
    3.02692165e+01 2.83913651e+01 2.91530972e+01 3.00862465e+01
    2.97474995e+01 2.96304302e+01 2.56892071e+01 2.86539745e+01
    2.72611656e+01 2.83653793e+01 2.94857349e+01 2.99550972e+01
    3.08129368e+01 3.22409973e+01 3.20809021e+01 3.11250458e+01
    3.11638508e+01 3.16090050e+01 3.19618797e+01 3.20045624e+01
    3.05574207e+01 2.88416252e+01 2.90522804e+01 2.94333324e+01
    2.92670364e+01 2.81712322e+01 2.80600262e+01 2.95593395e+01
    3.11656895e+01 3.18452473e+01 3.35047951e+01 3.27421532e+01
    3.35656319e+01 3.13053608e+01 3.33127365e+01 3.49810333e+01
    3.31511765e+01 3.41958427e+01 3.34979668e+01 3.43113518e+01
    3.27793427e+01 3.33794937e+01 3.17573280e+01 3.40196152e+01
    3.46418343e+01 3.24094849e+01 3.17094536e+01 3.19616280e+01
    3.11608772e+01 2.81823368e+01 3.04427795e+01 2.99470997e+01
    2.91352634e+01 2.98560486e+01 2.84082298e+01 2.66833553e+01
    2.77310715e+01 2.87459087e+01 2.98020782e+01 2.99449921e+01
    3.16254215e+01 3.13157940e+01 2.89050579e+01 3.09451466e+01
    3.00162220e+01 2.93032475e+01 3.09321404e+01 3.11311378e+01
    2.94514580e+01 3.00957050e+01 2.88264275e+01 2.99231205e+01
    2.89767685e+01 2.73401108e+01 2.76145802e+01 2.89229698e+01
    2.65133381e+01 2.74170685e+01 3.04838448e+01 3.10148277e+01
    3.08600883e+01 2.96155128e+01 3.24236183e+01 3.08734341e+01
    3.14794178e+01 2.97657681e+01 2.96638718e+01 2.96522503e+01
    2.79354324e+01 2.91227837e+01 2.87445278e+01 2.87497578e+01
    3.02230453e+01 2.83404579e+01 2.81582928e+01 2.85333862e+01
    3.19097672e+01 3.08379345e+01 3.11821899e+01 3.29918747e+01
    3.21240845e+01 3.17093449e+01 3.09252739e+01 3.20903625e+01
    3.23419266e+01 3.33161125e+01 3.13222656e+01 3.08948212e+01
    2.91636696e+01 2.73514233e+01 2.96965694e+01 2.94590340e+01
    3.11264114e+01 3.03631172e+01 2.71438046e+01 2.70705585e+01
    2.86278305e+01 3.15051308e+01 2.83034668e+01 2.98313351e+01
    2.99740353e+01 2.93029518e+01 2.90528145e+01 2.90850048e+01
    2.84086113e+01 3.07844181e+01 3.00977097e+01 2.99431286e+01
    2.95432320e+01 3.06612453e+01 3.09333248e+01 2.90788231e+01
    3.22491798e+01 3.14389725e+01 3.03733997e+01 3.26040611e+01
    3.12012234e+01 3.10816536e+01 3.16997051e+01 3.30776024e+01
    2.93691044e+01 3.03530617e+01 2.93402004e+01 2.97427444e+01
    3.10465145e+01 2.98418465e+01 3.07646656e+01 3.03020706e+01
    3.03470516e+01 3.08582859e+01 3.20272064e+01 3.21726761e+01
    3.09289856e+01 3.16552677e+01 2.93418121e+01 3.07749500e+01
    3.02761459e+01 3.00005836e+01 2.85943737e+01 2.92873383e+01
    3.02243652e+01 2.78246059e+01 2.89876080e+01 2.96956692e+01
    3.02833519e+01 2.88395329e+01 2.97765255e+01 3.09542522e+01
    3.06671638e+01 3.16680412e+01 3.08477135e+01 2.94360886e+01
    3.20495110e+01 2.98783512e+01 3.05834827e+01 3.05116024e+01
    3.05494213e+01 3.03668709e+01 2.92238522e+01 2.78040771e+01
    2.92519722e+01 3.00368023e+01 2.80782146e+01 2.91640034e+01
    3.05897141e+01 2.95441132e+01 2.95197430e+01 2.75112476e+01
    2.88586655e+01 2.75451794e+01 3.06307201e+01 2.81521626e+01
    2.90439644e+01 2.79567204e+01 2.80477333e+01 2.88086433e+01
    2.69410954e+01 2.87163334e+01 2.84889183e+01 2.82612228e+01
    2.89675217e+01 2.87287636e+01 2.74283218e+01 2.78606853e+01
    2.84117031e+01 2.85870495e+01 2.86935101e+01 2.85229397e+01
    2.87104988e+01 3.01715050e+01 2.95374374e+01 2.96085949e+01
    2.91690350e+01 2.90272770e+01 3.04591770e+01 2.81406517e+01
    3.01848450e+01 2.96352692e+01 2.91213017e+01 3.09064827e+01
    2.93942356e+01 3.08794746e+01 3.16921825e+01 3.35289650e+01
    3.22580490e+01 2.88977661e+01 3.11050167e+01 2.92875004e+01
    3.01728897e+01 3.02442856e+01 3.16709003e+01 3.11027050e+01
    2.90163136e+01 2.96446838e+01 2.99421139e+01 3.15784283e+01
    3.21528702e+01 3.20404282e+01 3.29594879e+01 3.36864357e+01
    3.16941547e+01 3.06870155e+01 3.21966629e+01 3.04070320e+01
    2.86682262e+01 2.76172504e+01 2.72101173e+01 2.87600956e+01
    2.86897697e+01 2.80063362e+01 2.79591827e+01 2.90103817e+01
    2.71404648e+01 2.64185104e+01 2.71717777e+01 2.59890499e+01
    2.84130859e+01 2.92831383e+01 3.10246315e+01 2.92451782e+01
    3.13281231e+01 3.11534100e+01 3.07608566e+01 3.19253063e+01
    3.13189678e+01 3.23059425e+01 3.05463200e+01 3.21729965e+01
    2.97010689e+01 2.92900734e+01 3.13178749e+01 3.02544575e+01
    3.00613937e+01 3.05736027e+01 3.01352825e+01 3.22099800e+01
    3.27197990e+01 3.18859692e+01 3.20868683e+01 3.17381496e+01
    3.31209602e+01 3.11572227e+01 3.36338120e+01 3.30202599e+01
    3.39609222e+01 3.35203819e+01 3.29106293e+01 3.12044849e+01
    3.31013908e+01 3.39656029e+01 3.19085426e+01 3.18459702e+01
    3.26884689e+01 2.94621277e+01 3.05071526e+01 3.12609100e+01
    2.92326832e+01 2.87657280e+01 3.11051197e+01 2.86246815e+01
    2.80543327e+01 2.76177368e+01 2.83132267e+01 2.70474052e+01
    2.91932144e+01 2.91206074e+01 3.01964436e+01 2.99006977e+01
    2.86821613e+01 2.95086021e+01 2.72565517e+01 2.91850319e+01
    2.94903870e+01 2.90794868e+01 2.89977779e+01 2.96296921e+01
    2.90239239e+01 2.83493004e+01 2.77271175e+01 2.79819679e+01
    2.71157608e+01 2.79227581e+01 2.83586922e+01 2.68175240e+01
    3.09594421e+01 3.07222881e+01 3.01092987e+01 2.97680893e+01
    3.07888794e+01 2.96774673e+01 3.07953949e+01 2.81081657e+01
    2.92623558e+01 2.86256580e+01 2.68521099e+01 2.89839687e+01
    2.81075535e+01 2.88246822e+01 3.03034782e+01 2.85329189e+01
    2.77108917e+01 2.74725227e+01 3.04127769e+01 3.07097511e+01
    3.20635910e+01 3.18574638e+01 3.43575096e+01 3.14403324e+01
    3.00751724e+01 3.12760925e+01 3.21057053e+01 3.17923241e+01
    3.08958836e+01 3.09106922e+01 2.88807297e+01 2.82914982e+01
    2.92245483e+01 3.00871849e+01 3.10414028e+01 3.07227669e+01
    2.96192226e+01 2.92192955e+01 2.84870090e+01 3.09804230e+01
    3.19759197e+01 3.32734184e+01 3.15030499e+01 3.22360840e+01
    2.98202515e+01 3.00193844e+01 3.09435902e+01 3.16164017e+01
    2.98010273e+01 2.92148056e+01 3.06996288e+01 3.00222015e+01
    2.97907772e+01 3.14911098e+01 3.36011200e+01 3.22535324e+01
    3.25547943e+01 3.26862793e+01 3.07869205e+01 3.22626343e+01
    3.29554520e+01 3.00790520e+01 3.17124367e+01 3.21128197e+01
    3.02503853e+01 3.05472527e+01 3.15849342e+01 2.99815559e+01
    2.94707661e+01 3.28213692e+01 3.17518997e+01 3.01200237e+01
    3.14813004e+01 3.28851967e+01 3.10555496e+01 3.09562244e+01
    2.97610054e+01 2.99700680e+01 2.89761906e+01 3.08140736e+01
    3.07830811e+01 2.80357189e+01 2.96035080e+01 2.84397545e+01
    2.96086864e+01 2.91680298e+01 2.97015686e+01 3.15112476e+01
    3.28112068e+01 3.01679173e+01 3.10153027e+01 3.20098572e+01
    3.09246597e+01 3.31311836e+01 3.12375736e+01 2.88558578e+01
    3.08374920e+01 2.98462276e+01 2.95337696e+01 3.05140495e+01
    2.87764149e+01 2.77092171e+01 2.53105717e+01 2.80329571e+01
    2.81621017e+01 2.85052910e+01 2.96366444e+01 2.95611973e+01
    2.79438896e+01 2.78447266e+01 2.52842712e+01 2.81791821e+01
    2.83436222e+01 2.73363342e+01 2.88944664e+01 2.83866062e+01
    2.98072166e+01 2.67398911e+01 2.88660946e+01 2.64152813e+01
    2.87763405e+01 2.98731422e+01 2.77680111e+01 2.75763378e+01
    2.72188606e+01 2.85553989e+01 2.69167690e+01 2.78280888e+01
    2.60989056e+01 2.77076492e+01 2.93183498e+01 2.90395813e+01
    2.82369556e+01 2.98270588e+01 2.92526798e+01 2.94568520e+01
    2.85848999e+01 2.93668957e+01 3.01379795e+01 2.96258659e+01
    3.12252598e+01 3.01020050e+01 2.97661057e+01 3.08590679e+01
    3.31266060e+01 3.22642937e+01 3.12160702e+01 3.18339672e+01
    3.22096596e+01 2.94606228e+01 2.90910416e+01 2.98834934e+01
    3.10373363e+01 3.05209179e+01 3.21780167e+01 2.99124355e+01
    2.87365475e+01 3.13487206e+01 3.26105423e+01 3.21441383e+01
    3.34384232e+01 3.28966408e+01 3.16398354e+01 3.00998249e+01
    3.07355118e+01 3.09774036e+01 2.93122082e+01 2.85127182e+01
    2.97554035e+01 2.91046333e+01 2.75440369e+01 2.75963097e+01
    2.92729950e+01 2.97832165e+01 2.75525475e+01 2.79516335e+01
    2.74621468e+01 2.87727299e+01 2.96368275e+01 2.88768978e+01
    2.81047287e+01 3.19090958e+01 3.12607956e+01 3.08397636e+01
    3.09790440e+01 2.92215214e+01 2.90548286e+01 3.13723221e+01
    3.10507641e+01 2.96851730e+01 2.90704479e+01 3.09744835e+01
    2.99948807e+01 3.18853436e+01 2.96187592e+01 2.97842655e+01
    3.14822216e+01 3.20989075e+01 3.06384068e+01 3.21863632e+01
    3.19531708e+01 3.17906666e+01 3.06411953e+01 3.28304024e+01
    3.23415184e+01 3.30378838e+01 3.21137657e+01 3.29309578e+01
    3.24239655e+01 3.24231987e+01 3.32752953e+01 3.20120125e+01
    3.32115364e+01 3.29472008e+01 3.12854290e+01 3.25698357e+01
    3.16351414e+01 3.00288887e+01 3.12111568e+01 3.12746849e+01
    3.02030487e+01 3.10659027e+01 3.01892929e+01 2.89237499e+01
    2.95887203e+01 2.71630325e+01 2.79772491e+01 2.83718376e+01
    3.08665409e+01 2.95117226e+01 2.85683231e+01 2.79765263e+01
    2.75755043e+01 2.86460762e+01 2.74528389e+01 2.94425964e+01
    2.82304535e+01 2.73586102e+01 2.79611092e+01 2.74421329e+01
    2.65332909e+01 2.69994659e+01 2.69615669e+01 2.72625389e+01
    2.73956738e+01 2.80797215e+01 3.23332977e+01 3.14658070e+01
    3.03361301e+01 2.96638832e+01 2.98354702e+01 3.00416489e+01
    3.02508163e+01 2.85412540e+01 2.84488888e+01 2.81719418e+01
    2.79232006e+01 2.65421696e+01 2.69475899e+01 2.89378071e+01
    2.79065952e+01 3.02913208e+01 2.86092243e+01 2.90716534e+01
    3.02700443e+01 3.18203812e+01 3.08420525e+01 3.14405041e+01
    3.08914165e+01 3.14642105e+01 3.23045692e+01 2.93560486e+01
    3.15811234e+01 3.05439835e+01 2.98420162e+01 2.94489994e+01
    3.02048759e+01 2.87629662e+01 2.71749477e+01 3.14227772e+01
    3.10030365e+01 2.97356663e+01 3.06368656e+01 2.91872845e+01
    2.96218510e+01 3.19647293e+01 3.19055691e+01 3.22916641e+01
    3.21754036e+01 3.19953842e+01 3.07119980e+01 3.24691391e+01
    2.92328091e+01 3.13282452e+01 3.15558834e+01 3.02464504e+01
    2.74721279e+01 2.91706238e+01 2.97106972e+01 3.01043854e+01
    3.18285732e+01 3.11135426e+01 2.98128395e+01 3.10649662e+01
    3.13296490e+01 3.05923824e+01 3.04955807e+01 3.10619888e+01
    3.18700447e+01 2.92317295e+01 2.91334095e+01 3.02014828e+01
    2.97342510e+01 2.93157597e+01 3.11049404e+01 3.09951096e+01
    2.91560135e+01 3.13172874e+01 3.22466011e+01 3.21825867e+01
    3.08699474e+01 3.26959648e+01 3.01752548e+01 2.99534435e+01
    2.95608368e+01 2.96575031e+01 3.01471348e+01 3.00098763e+01
    3.03227806e+01 2.70027027e+01 3.00607243e+01 2.86930180e+01
    2.90454273e+01 3.07357788e+01 3.04288464e+01 3.01489601e+01
    3.19395542e+01 3.16420650e+01 3.12894897e+01 2.95937901e+01
    3.01747246e+01 3.03709793e+01 2.95718842e+01 2.85892620e+01
    2.77840462e+01 2.88739853e+01 2.82187634e+01 2.79391689e+01
    2.98351974e+01 3.02021770e+01 2.68145370e+01 2.78175526e+01
    3.15644627e+01 2.98997746e+01 2.90184155e+01 2.86602077e+01
    2.76930542e+01 2.75408669e+01 2.78417969e+01 3.07746372e+01
    2.93297424e+01 2.93386917e+01 2.91077194e+01 2.81611328e+01
    2.85988998e+01 2.82904339e+01 2.79450245e+01 2.73486462e+01
    2.82823009e+01 2.94064426e+01 2.87555046e+01 2.66577339e+01
    2.63541965e+01 2.94338608e+01 2.84129677e+01 2.79963207e+01
    2.87554245e+01 2.79073257e+01 2.96570759e+01 2.97907543e+01
    2.97970028e+01 3.05364628e+01 2.95844765e+01 2.97608662e+01
    2.86350918e+01 3.05310097e+01 3.13960075e+01 3.07690601e+01
    3.11547794e+01 3.05235901e+01 3.13502502e+01 3.26440048e+01
    3.23261452e+01 3.11227894e+01 3.03073215e+01 2.87439461e+01
    2.86669178e+01 3.10462017e+01 3.08818722e+01 3.03702679e+01
    2.97057190e+01 2.99351349e+01 3.04362316e+01 2.98563824e+01
    3.13827515e+01 3.20447121e+01 3.17746754e+01 3.21408768e+01
    3.28237076e+01 3.09051247e+01 3.03639450e+01 2.93894558e+01
    3.04730911e+01 3.09683971e+01 2.86322098e+01 3.01777344e+01
    2.83758087e+01 2.74913559e+01 2.93931351e+01 2.98028469e+01
    2.91629524e+01 3.01504593e+01 2.98049011e+01 2.90534019e+01
    2.92977657e+01 2.82003593e+01 2.99151974e+01 3.01023960e+01
    3.02977161e+01 3.02550049e+01 3.02010574e+01 3.05243034e+01
    2.99949932e+01 3.00225220e+01 3.04083595e+01 2.93337917e+01
    2.99310551e+01 3.08946533e+01 2.79434853e+01 3.09724312e+01
    2.94241257e+01 3.01594753e+01 2.99027252e+01 3.01811485e+01
    3.14460297e+01 3.24636765e+01 3.09453201e+01 3.23487587e+01
    3.16768303e+01 3.15290756e+01 3.29270668e+01 3.37946968e+01
    3.27442589e+01 3.40606880e+01 3.06008224e+01 3.00113564e+01
    3.19519157e+01 3.22952576e+01 3.27003098e+01 3.26086349e+01
    3.26389694e+01 3.15763054e+01 2.98707390e+01 3.26027908e+01
    3.10379620e+01 3.00765095e+01 3.17641983e+01 3.19173183e+01
    2.93577690e+01 2.91699677e+01 2.96951752e+01 2.76023674e+01
    2.90746250e+01 2.94340038e+01 2.93914967e+01 2.76750450e+01
    3.05360775e+01 2.95846939e+01 2.70243282e+01 2.82625103e+01
    2.70772457e+01 2.80930786e+01 2.68262367e+01 2.84023590e+01
    2.80330143e+01 2.82312336e+01 2.74725800e+01 2.70513096e+01
    2.67505436e+01 2.73146896e+01 2.91123810e+01 2.66011333e+01
    3.00370064e+01 2.96218529e+01 2.84885826e+01 2.75172558e+01
    2.87790012e+01 2.84544926e+01 2.95373039e+01 2.84961376e+01
    2.88810711e+01 2.88205738e+01 2.80279217e+01 2.69535942e+01
    2.71723366e+01 2.89291058e+01 2.96070137e+01 2.80345306e+01
    2.92926311e+01 2.85069962e+01 2.85393085e+01 3.06860390e+01
    3.09066601e+01 3.22839966e+01 3.00994473e+01 3.14567070e+01
    3.06129627e+01 2.94366207e+01 3.02773876e+01 3.04298306e+01
    3.12046242e+01 2.97590714e+01 2.85009422e+01 2.93976173e+01
    2.94371395e+01 2.88489456e+01 2.92621555e+01 3.04489861e+01
    2.94305344e+01 2.97730885e+01 3.00273952e+01 3.10698071e+01
    3.26050339e+01 3.27448654e+01 3.33160248e+01 3.21802368e+01
    2.98484478e+01 2.96249352e+01 3.17207012e+01 3.24843445e+01
    3.14877987e+01 3.04288120e+01 3.08513756e+01 3.00107460e+01
    2.85387650e+01 3.01874104e+01 3.23196487e+01 2.96925373e+01
    3.21264420e+01 3.29833145e+01 2.93065548e+01 3.03171253e+01
    3.23043976e+01 2.95698242e+01 3.11959267e+01 3.11417160e+01
    2.87559910e+01 2.97623081e+01 2.96594601e+01 2.81482830e+01
    2.90890121e+01 3.01019707e+01 3.18590050e+01 2.94599533e+01
    3.02230282e+01 3.12228260e+01 3.15735874e+01 3.18366337e+01
    3.04364891e+01 3.08105431e+01 2.98187523e+01 2.98337727e+01
    2.89523849e+01 2.96577778e+01 2.91873970e+01 3.06557293e+01
    3.04553452e+01 3.01823635e+01 2.98528862e+01 3.08501911e+01
    2.96676178e+01 2.98650475e+01 3.06848907e+01 2.82571144e+01
    2.98662796e+01 2.96834469e+01 3.06959801e+01 2.94146843e+01
    2.80956001e+01 3.06356754e+01 2.99383373e+01 2.97196274e+01
    2.89615326e+01 3.19637375e+01 3.10772743e+01 2.91818657e+01
    3.20677147e+01 3.13958836e+01 2.94601135e+01 3.08520775e+01
    3.06068993e+01 2.88882675e+01 2.85225754e+01 2.90227795e+01
    3.00625954e+01 2.75995235e+01 3.08259373e+01 2.89896336e+01
    3.00152836e+01 3.00404358e+01 2.87010078e+01 2.85311413e+01
    2.84922848e+01 3.06235104e+01 2.93650684e+01 2.82346249e+01
    2.77291355e+01 2.84494953e+01 2.83176670e+01 2.88665352e+01
    2.85992107e+01 2.98035641e+01 2.95217381e+01 2.95397072e+01
    2.86984882e+01 3.07380219e+01 3.07112522e+01 3.17911263e+01
    3.06048183e+01 3.13487892e+01 2.92521858e+01 3.04252739e+01
    3.16062717e+01 3.27434044e+01 3.04878597e+01 3.10306854e+01
    2.93258286e+01 3.12213497e+01 2.96318359e+01 2.97320309e+01
    3.08050861e+01 2.97897930e+01 2.96836300e+01 2.91200409e+01
    2.91932678e+01 3.22003593e+01 3.11204758e+01 2.98778572e+01
    3.08556290e+01 3.10380211e+01 3.08535385e+01 3.23104591e+01
    3.44586067e+01 3.41478882e+01 3.35669441e+01 3.26424484e+01
    3.29426460e+01 3.09934330e+01 3.27255745e+01 2.92886848e+01
    3.07913589e+01 3.07604942e+01 3.07863674e+01 2.84119892e+01
    3.05290451e+01 3.05980053e+01 3.04813080e+01 3.06411095e+01
    2.94487896e+01 3.05508327e+01 3.09503365e+01 2.97454586e+01
    2.93979607e+01 2.92332058e+01 3.08800373e+01 2.89738598e+01
    3.00152454e+01 3.12568321e+01 2.92254810e+01 2.90436935e+01
    3.04630814e+01 3.09188786e+01 2.76430683e+01 3.11322212e+01
    3.17530212e+01 3.10254459e+01 2.90914783e+01 2.92632599e+01
    3.13479977e+01 3.20716743e+01 3.18427372e+01 2.97237015e+01
    3.24054756e+01 3.23707047e+01 3.05910854e+01 3.21857224e+01
    3.19224091e+01 3.18639793e+01 3.18724079e+01 3.19396038e+01
    3.07445850e+01 3.19561977e+01 3.16758308e+01 3.12860985e+01
    3.36275711e+01 3.27172966e+01 3.09025269e+01 3.27285538e+01
    3.33039856e+01 3.25473633e+01 3.15306702e+01 3.29158325e+01
    3.15184078e+01 2.97520161e+01 3.00766048e+01 2.83779736e+01
    2.72726212e+01 3.00771942e+01 2.77162952e+01 2.89421520e+01
    2.98358345e+01 3.00851192e+01 2.90408306e+01 2.80195179e+01
    2.57981853e+01 2.89428234e+01 2.80580292e+01 2.71334763e+01
    2.82688370e+01 2.70664825e+01 2.85535183e+01 2.70185165e+01
    2.82775345e+01 2.74884243e+01 2.54435196e+01 2.71359997e+01
    2.85715446e+01 2.68153687e+01 3.09254475e+01 3.08312187e+01
    2.94530811e+01 2.88270988e+01 2.85677528e+01 2.92517090e+01
    2.95097275e+01 2.93157921e+01 2.84102840e+01 2.74277058e+01
    2.76189384e+01 2.72021198e+01 2.71051292e+01 2.89739494e+01
    3.01211681e+01 2.92148476e+01 2.84548855e+01 2.84968071e+01
    3.01900978e+01 2.87175827e+01 3.01959400e+01 3.01497707e+01
    3.00438156e+01 3.07967434e+01 3.08649673e+01 3.16830978e+01
    3.31900444e+01 3.03443241e+01 3.02740192e+01 2.90636482e+01
    2.96863689e+01 3.04232826e+01 2.87463722e+01 3.08057461e+01
    2.97797737e+01 2.89434052e+01 2.94855919e+01 3.04647331e+01
    2.87815151e+01 3.22761154e+01 3.17902203e+01 3.19364758e+01
    3.14664955e+01 3.05839119e+01 3.14893417e+01 3.36022377e+01
    3.12117062e+01 2.89081478e+01 3.22616043e+01 3.18154011e+01
    2.99494534e+01 2.94605541e+01 2.88467999e+01 3.12494297e+01
    2.99366055e+01 3.07021198e+01 3.16884327e+01 3.15989609e+01
    3.22403526e+01 3.07846737e+01 2.89214592e+01 3.04132061e+01
    2.83092060e+01 2.85372410e+01 2.80476990e+01 2.86187229e+01
    2.92025185e+01 2.82787971e+01 2.93170204e+01 3.05663891e+01
    2.96022892e+01 2.96390381e+01 3.11151466e+01 3.10464325e+01
    3.14353733e+01 3.19782162e+01 2.94863853e+01 3.18389835e+01
    2.89116135e+01 2.96588936e+01 2.81325855e+01 2.77875290e+01
    2.96951504e+01 2.89322968e+01 2.87497311e+01 3.01439285e+01
    2.87386627e+01 2.99300213e+01 2.99323330e+01 2.92822857e+01
    2.86642780e+01 2.95630150e+01 3.03603439e+01 2.88841076e+01
    2.80722389e+01 2.96440983e+01 3.06048260e+01 2.82118549e+01
    2.95412903e+01 2.93845692e+01 3.04124603e+01 3.05704517e+01
    3.16565838e+01 3.23415489e+01 3.10357494e+01 3.16557217e+01
    3.11960983e+01 3.02219791e+01 2.89672165e+01 3.12134762e+01
    2.94054337e+01 2.82760315e+01 2.88096733e+01 2.95651379e+01
    3.01822567e+01 2.86965008e+01 2.91178913e+01 2.80976887e+01
    2.87290745e+01 2.94291077e+01 2.90403023e+01 2.76863670e+01
    2.79430199e+01 2.75251465e+01 2.76476345e+01 2.73481903e+01
    2.64466877e+01 2.71263390e+01 2.91489544e+01 2.84018345e+01
    2.90988140e+01 2.82427444e+01 2.94419289e+01 2.94794540e+01
    2.90883236e+01 3.07125912e+01 3.00662251e+01 3.09092789e+01
    2.82511616e+01 2.86145077e+01 2.98159809e+01 3.09544525e+01
    3.11821384e+01 3.13111191e+01 2.95044575e+01 2.92901020e+01
    2.86796494e+01 2.93224792e+01 2.95133324e+01 2.87810822e+01
    2.95710621e+01 3.07345142e+01 2.99758301e+01 3.10925159e+01
    2.90804996e+01 2.99846001e+01 3.10080585e+01 3.21017075e+01
    3.36787186e+01 3.33021240e+01 3.26164207e+01 3.37446785e+01
    3.34793739e+01 3.39339828e+01 3.26986847e+01 3.38064537e+01
    3.24664536e+01 3.26556396e+01 3.04897041e+01 3.08656540e+01
    3.19072456e+01 3.09782085e+01 3.10995312e+01 2.97186642e+01
    3.07969933e+01 3.08747597e+01 3.20074425e+01 3.22220001e+01
    3.12861958e+01 3.04996185e+01 2.98725548e+01 3.00462704e+01
    2.99596348e+01 3.04132366e+01 3.02815380e+01 2.91839790e+01
    3.06821918e+01 2.91752300e+01 3.02174873e+01 2.98544865e+01
    3.04303570e+01 3.15229435e+01 2.96747341e+01 3.02327213e+01
    2.87806988e+01 3.06699429e+01 3.16709633e+01 3.02603340e+01
    3.21926155e+01 3.22499962e+01 2.98672981e+01 3.17598152e+01
    3.17405624e+01 3.26297531e+01 3.18757401e+01 3.27053185e+01
    3.24360199e+01 3.14692326e+01 3.35014877e+01 3.15439777e+01
    3.17341785e+01 3.44108276e+01 3.30395851e+01 3.43645363e+01
    3.28809128e+01 3.35063744e+01 3.27898254e+01 3.19979744e+01
    3.20429726e+01 3.21114578e+01 3.07860603e+01 2.99546680e+01
    2.98568993e+01 2.79792175e+01 2.98512306e+01 2.81894798e+01
    2.90150681e+01 2.87248974e+01 2.69512997e+01 2.76404762e+01
    2.85077457e+01 2.86742973e+01 2.88010406e+01 2.90287266e+01
    2.78920498e+01 2.90794544e+01 2.80653019e+01 2.99625492e+01
    2.96916733e+01 2.75402889e+01 2.88697033e+01 2.67402725e+01
    2.72064953e+01 2.75463505e+01 2.77285099e+01 2.67354183e+01
    3.04137402e+01 2.89463806e+01 3.02554073e+01 3.01032867e+01
    2.72955055e+01 2.91025047e+01 3.01585140e+01 2.83285351e+01
    2.86645279e+01 2.97969418e+01 2.95304852e+01 2.86360664e+01
    2.96548271e+01 2.88820934e+01 2.98667068e+01 3.08670216e+01
    2.86751480e+01 2.98348885e+01 3.08189850e+01 3.05930843e+01
    3.23446693e+01 3.12265530e+01 2.96600227e+01 2.97131214e+01
    3.15438385e+01 2.95892601e+01 3.15561028e+01 3.13328991e+01
    3.06954060e+01 2.90142975e+01 2.72360725e+01 2.76802559e+01
    2.93161469e+01 2.98631725e+01 2.89207706e+01 2.91368732e+01
    2.90566063e+01 2.73780136e+01 3.24435577e+01 3.22012558e+01
    2.96120358e+01 3.07737923e+01 3.02797432e+01 3.10102577e+01
    3.06812935e+01 3.07766666e+01 3.23218193e+01 3.31978302e+01
    3.14313316e+01 2.96960220e+01 3.14653664e+01 3.06531982e+01
    3.00864735e+01 3.00305004e+01 3.14984646e+01 2.96178627e+01
    3.03255825e+01 3.10432625e+01 2.97956772e+01 2.83946304e+01
    3.03378563e+01 2.85448914e+01 2.92470284e+01 2.83205509e+01
    2.68310909e+01 2.77107849e+01 3.00537109e+01 2.99210110e+01
    2.87681599e+01 2.86434383e+01 3.04130764e+01 3.21273918e+01
    2.92109241e+01 3.08382587e+01 3.11159515e+01 3.13586922e+01
    2.99786415e+01 3.10538082e+01 2.83102856e+01 2.82316036e+01
    2.73411865e+01 2.71072235e+01 2.94106255e+01 3.04681587e+01
    2.88319931e+01 3.06798973e+01 2.99494171e+01 3.04310360e+01
    3.05632343e+01 2.95828381e+01 3.07597561e+01 2.93799095e+01
    2.87215233e+01 2.88855991e+01 2.93333416e+01 2.90026817e+01
    2.89648552e+01 2.96718349e+01 2.98582420e+01 2.94052868e+01
    2.91135483e+01 2.85994854e+01 3.10458527e+01 3.03770638e+01
    3.07269955e+01 3.06745110e+01 3.18635426e+01 3.04150867e+01
    2.81724892e+01 2.98695641e+01 2.97521229e+01 3.09941006e+01
    2.91149788e+01 2.91622066e+01 3.00859718e+01 2.93540897e+01
    2.86497383e+01 2.79180164e+01 2.90521946e+01 2.64109631e+01
    2.87654305e+01 2.97238789e+01 2.81135998e+01 2.72273941e+01
    2.69266644e+01 2.79852982e+01 2.67238216e+01 2.79990215e+01
    2.79970016e+01 2.87237396e+01 2.98598080e+01 2.97961388e+01
    2.87356129e+01 3.03886204e+01 2.95550270e+01 3.00568428e+01
    2.94941921e+01 3.00582390e+01 2.96771374e+01 2.79005070e+01
    2.87117767e+01 2.97322922e+01 2.91511555e+01 3.01717243e+01
    3.03154812e+01 3.04466591e+01 2.77533684e+01 2.85419006e+01
    2.98282185e+01 3.10517426e+01 2.99773750e+01 2.98360882e+01
    2.96352654e+01 2.98651562e+01 3.05673656e+01 3.06214638e+01
    3.24182892e+01 3.22606468e+01 3.39865227e+01 3.37671165e+01
    3.56876602e+01 3.40288086e+01 3.31969376e+01 3.45600243e+01
    3.44729805e+01 3.29851112e+01 3.32805939e+01 3.06103134e+01
    3.05045204e+01 3.25867004e+01 3.20860062e+01 2.94246750e+01
    3.19456539e+01 3.01118374e+01 3.09816971e+01 3.18192368e+01
    3.20450096e+01 3.14526424e+01 3.27704353e+01 3.25158157e+01
    2.98515282e+01 2.96146469e+01 3.11405201e+01 2.99760151e+01
    2.99992256e+01 2.96401424e+01 2.91841087e+01 2.92250271e+01
    3.01682720e+01 3.15767422e+01 3.11464539e+01 2.88639584e+01
    3.11547642e+01 3.17514610e+01 3.14347286e+01 3.00107994e+01
    3.08338509e+01 3.34702644e+01 3.20592384e+01 3.09153442e+01
    3.19963417e+01 3.22359695e+01 3.11378231e+01 3.16228390e+01
    3.32544212e+01 3.11221123e+01 3.28447266e+01 3.18626900e+01
    3.26388512e+01 3.34140244e+01 3.36566238e+01 3.39193344e+01
    3.49277382e+01 3.50526619e+01 3.35053825e+01 3.36735992e+01
    3.41010323e+01 3.24692154e+01 3.13592739e+01 3.09106178e+01
    3.03398514e+01 3.01713638e+01 3.05037079e+01 2.82185974e+01
    2.87090988e+01 2.69461479e+01 2.93519154e+01 2.68300190e+01
    2.74117756e+01 2.87071762e+01 2.85340042e+01 2.74100342e+01
    2.83765736e+01 2.80208473e+01 2.87621021e+01 2.91351833e+01
    2.70419865e+01 2.90745316e+01 2.77307930e+01 2.80589142e+01
    2.71688919e+01 2.75332298e+01 2.83208408e+01 2.88792763e+01
    2.94161930e+01 2.80721855e+01 2.99472809e+01 2.93078098e+01
    2.90664406e+01 2.79426231e+01 2.90760040e+01 2.83040104e+01
    2.82747116e+01 2.76173077e+01 2.95533581e+01 2.77511959e+01
    2.80918026e+01 2.74748497e+01 2.76585255e+01 2.82937393e+01
    2.93323498e+01 2.85918140e+01 2.71025295e+01 2.92928085e+01
    2.93940449e+01 3.15632095e+01 2.93647232e+01 3.16547890e+01
    3.15843906e+01 2.94728642e+01 3.09198284e+01 3.05833359e+01
    3.23715897e+01 3.03841972e+01 3.11426239e+01 2.79650497e+01
    2.86084919e+01 2.78460083e+01 2.85816975e+01 2.92936630e+01
    2.67975464e+01 2.96785240e+01 2.82552967e+01 2.84217529e+01
    2.93452339e+01 2.93515644e+01 3.32146034e+01 3.06259518e+01
    3.21858788e+01 3.05842628e+01 2.93215427e+01 3.33563156e+01
    3.18848705e+01 3.01673069e+01 2.87531929e+01 3.12845058e+01
    3.04837799e+01 2.92291813e+01 2.98543892e+01 3.03239155e+01
    2.94134636e+01 2.93177357e+01 2.80746746e+01 3.05040722e+01
    2.90071640e+01 3.00588226e+01 2.86337700e+01 2.81085663e+01
    2.77173119e+01 2.70047779e+01 2.86817932e+01 2.77431984e+01
    2.80744762e+01 2.95410156e+01 2.87466621e+01 3.05077133e+01
    3.06147270e+01 3.07849789e+01 2.95631599e+01 3.18088665e+01
    3.14819469e+01 3.05451603e+01 3.06051216e+01 2.98232193e+01
    2.90112305e+01 3.02260056e+01 2.66814842e+01 2.78960896e+01
    2.78542843e+01 2.77024307e+01 2.98929195e+01 2.95013390e+01
    2.93240318e+01 3.11286469e+01 3.05896111e+01 2.97501564e+01
    2.84296417e+01 2.91262398e+01 3.12216110e+01 2.88114967e+01
    2.84562511e+01 2.75687122e+01 2.97184525e+01 2.95891552e+01
    2.90599518e+01 2.96944847e+01 2.94376183e+01 3.05034218e+01
    2.85201454e+01 3.09582005e+01 3.24084206e+01 3.14069290e+01
    3.33722153e+01 2.95447903e+01 2.98093948e+01 3.00076885e+01
    3.06467304e+01 2.87435627e+01 2.98728008e+01 3.20094795e+01
    2.92760715e+01 2.74213905e+01 2.72980595e+01 2.69358330e+01
    2.66692734e+01 2.76500206e+01 2.70915585e+01 2.69556198e+01
    2.81677341e+01 2.77477627e+01 2.64609509e+01 2.67656231e+01
    2.72719765e+01 2.62693825e+01 2.84215412e+01 2.91155071e+01
    2.95215225e+01 2.86658478e+01 2.98547611e+01 2.83147068e+01
    2.86371250e+01 2.94109592e+01 2.94437733e+01 2.93818398e+01
    2.92838631e+01 2.85118294e+01 2.69664021e+01 2.80732307e+01
    2.95303230e+01 2.90848274e+01 2.92970352e+01 3.02137299e+01
    3.00260754e+01 2.87378273e+01 2.95666561e+01 3.01589718e+01
    3.05098286e+01 3.15869236e+01 3.13168583e+01 3.23265800e+01
    3.02518730e+01 3.09256954e+01 3.13230801e+01 3.46298370e+01
    3.46697807e+01 3.25253334e+01 3.33837700e+01 3.35100250e+01
    3.33357391e+01 3.36695404e+01 3.46630859e+01 3.51126099e+01
    3.35884247e+01 3.31836891e+01 3.05492020e+01 3.01201725e+01
    3.09543419e+01 3.22667313e+01 3.37239304e+01 3.23833542e+01
    3.31468697e+01 3.07131367e+01 3.31975861e+01 3.25764008e+01
    3.16784687e+01 3.14807396e+01 2.97400322e+01 3.09217834e+01
    2.90124264e+01 2.85471210e+01 3.01269817e+01 2.92382793e+01
    2.77623062e+01 2.88783436e+01 3.14483795e+01 3.02127037e+01
    3.01154137e+01 3.22264671e+01 3.05578213e+01 3.13418941e+01
    3.22323341e+01 3.12493305e+01 3.25013771e+01 3.29926758e+01
    3.28311806e+01 3.27250290e+01 3.39132996e+01 3.30422440e+01
    3.39010735e+01 3.35031853e+01 3.41073456e+01 3.42239189e+01
    3.44307022e+01 3.27171440e+01 3.38826141e+01 3.43618050e+01
    3.37365990e+01 3.63111725e+01 3.44866371e+01 3.46342354e+01
    3.46966171e+01 3.38517914e+01 3.30217628e+01 3.31516113e+01
    3.34177475e+01 3.13249340e+01 3.16194267e+01 3.32856979e+01
    2.92621861e+01 2.71032543e+01 2.90620518e+01 2.65913887e+01
    2.79348354e+01 2.82015038e+01 2.81595364e+01 2.69966564e+01
    2.90724678e+01 2.79714184e+01 2.88520470e+01 2.98571758e+01
    2.97883663e+01 2.94730148e+01 2.95974236e+01 2.90795574e+01
    3.04255219e+01 2.94520893e+01 3.00272713e+01 2.89612427e+01
    2.86563587e+01 3.08923855e+01 2.90393963e+01 2.98819675e+01
    2.99000950e+01 2.75696621e+01 2.78191528e+01 2.86192665e+01
    2.75125790e+01 2.70159512e+01 2.79426422e+01 2.89804916e+01
    2.72303276e+01 2.80892410e+01 2.74782257e+01 2.75772972e+01
    2.73813686e+01 2.79304657e+01 2.91438179e+01 2.92166462e+01
    2.86344490e+01 2.85073681e+01 2.88699379e+01 2.95647774e+01
    3.04080429e+01 3.16219101e+01 3.03198242e+01 3.14703217e+01
    2.97008533e+01 3.07982922e+01 3.07209034e+01 2.91927319e+01
    2.95259075e+01 3.00270672e+01 2.85203495e+01 2.58692608e+01
    2.78326397e+01 3.05190716e+01 2.89581757e+01 2.90964584e+01
    2.71561031e+01 2.87338982e+01 3.07027550e+01 3.01500168e+01
    3.19700356e+01 3.21843033e+01 3.11160774e+01 3.02293987e+01
    3.17732983e+01 2.99224224e+01 2.99779873e+01 3.09706860e+01
    3.00186863e+01 2.86769505e+01 2.83551464e+01 2.98869400e+01
    2.96144562e+01 3.03975258e+01 2.96802464e+01 2.81702213e+01
    2.64704685e+01 2.84418793e+01 3.06334248e+01 2.78105640e+01
    2.90683231e+01 2.89810696e+01 2.81915283e+01 2.80577583e+01
    2.69137096e+01 2.64876328e+01 2.91951084e+01 3.11535549e+01
    3.01318378e+01 3.02171669e+01 3.27925034e+01 3.12276039e+01
    3.09848900e+01 3.20840492e+01 3.20128098e+01 3.07127781e+01
    2.87538528e+01 3.00069618e+01 2.87022018e+01 2.81706181e+01
    2.69782257e+01 2.85241089e+01 2.49627724e+01 2.89346619e+01
    2.92016087e+01 2.86676254e+01 2.90006809e+01 2.89654026e+01
    2.96146793e+01 2.98453217e+01 2.90890141e+01 3.09415913e+01
    2.92697353e+01 2.87638702e+01 2.93993359e+01 2.94303913e+01
    2.90449848e+01 2.86105118e+01 2.88206577e+01 2.89013042e+01
    2.89270954e+01 2.87286015e+01 3.05109596e+01 2.99375019e+01
    2.95089436e+01 2.93765831e+01 3.20602264e+01 3.23961067e+01
    3.01400967e+01 3.02919388e+01 2.91523342e+01 3.11784077e+01
    3.04259167e+01 3.08390388e+01 3.05460224e+01 2.86694965e+01
    2.93139076e+01 2.87320175e+01 2.86076126e+01 2.90700283e+01
    2.72017040e+01 2.88495178e+01 2.87501812e+01 2.90306759e+01
    2.75179253e+01 2.72574520e+01 2.72846375e+01 2.70660305e+01
    2.79982777e+01 2.78921490e+01 2.70141697e+01 2.77237263e+01
    2.87626991e+01 3.01873493e+01 2.87324924e+01 2.83243484e+01
    2.78139687e+01 2.88030396e+01 2.73931561e+01 2.79712791e+01
    2.75199089e+01 2.77184849e+01 2.84086189e+01 2.86889801e+01
    3.12594280e+01 3.11002083e+01 3.23603935e+01 3.01856232e+01
    3.02613029e+01 3.04905491e+01 3.32736549e+01 3.37188606e+01
    3.23326759e+01 3.08977966e+01 3.15919209e+01 3.17763119e+01
    3.13122101e+01 3.23708954e+01 3.24670906e+01 3.21660728e+01
    3.35105820e+01 3.11542912e+01 3.27501373e+01 3.29545898e+01
    3.29102554e+01 3.28385620e+01 3.36014366e+01 3.07723198e+01
    2.97457867e+01 3.14926147e+01 2.92421646e+01 3.20679855e+01
    3.16269608e+01 3.19190578e+01 3.20044785e+01 3.01085949e+01
    3.08920135e+01 2.85013523e+01 3.07889919e+01 3.09995098e+01
    2.82531147e+01 2.84391289e+01 2.86654530e+01 2.93244476e+01
    2.91822510e+01 2.95660114e+01 2.87652397e+01 2.82325954e+01
    2.91640091e+01 2.93854427e+01 3.24461975e+01 3.09080887e+01
    3.09902058e+01 3.09241524e+01 3.27886124e+01 3.09868221e+01
    3.09024277e+01 3.32914276e+01 3.39923096e+01 3.19067001e+01
    3.18181419e+01 3.36552162e+01 3.21642265e+01 3.32540855e+01
    3.34498863e+01 3.31159821e+01 3.30734062e+01 3.31937294e+01
    3.31031075e+01 3.44392281e+01 3.49036789e+01 3.42324142e+01
    3.42140770e+01 3.50325356e+01 3.46965446e+01 3.37849541e+01
    3.40043755e+01 3.44216957e+01 3.30002327e+01 3.19602032e+01
    3.09574680e+01 2.97588425e+01 2.86067696e+01 2.78653126e+01
    2.76076469e+01 2.70641365e+01 2.85731201e+01 2.88802490e+01
    2.69566689e+01 2.82043037e+01 2.98469524e+01 2.76906338e+01
    2.93098698e+01 2.94392319e+01 3.03807163e+01 2.98099461e+01
    2.97839966e+01 3.09903526e+01 2.99979649e+01 3.04982948e+01
    2.96442738e+01 2.55599670e+01 2.97990227e+01 2.94426861e+01
    2.85067673e+01 2.85730648e+01 2.91041279e+01 2.78828163e+01
    2.76657715e+01 2.75043869e+01 2.94339256e+01 2.72806149e+01
    2.68736992e+01 2.84260521e+01 2.64467564e+01 2.61378918e+01
    2.59284153e+01 2.68792496e+01 2.74552326e+01 2.92975750e+01
    3.03722458e+01 2.83742180e+01 2.78440094e+01 2.84255981e+01
    2.84507084e+01 3.01989326e+01 3.15351772e+01 2.93009796e+01
    3.10939178e+01 2.95542030e+01 2.85835667e+01 2.93104267e+01
    2.96059380e+01 3.04721355e+01 2.95820980e+01 2.77679100e+01
    2.75942745e+01 2.88189411e+01 2.67761059e+01 2.89174671e+01
    2.80760403e+01 2.88527431e+01 2.92017384e+01 3.03788013e+01
    2.90322037e+01 2.98085976e+01 3.29903221e+01 3.09926929e+01
    3.01624432e+01 3.13796730e+01 2.97803459e+01 2.97673855e+01
    3.16605949e+01 3.19449043e+01 3.08698711e+01 2.98799267e+01
    2.84938221e+01 2.95496597e+01 2.87758522e+01 2.87373352e+01
    2.91806221e+01 2.92348518e+01 2.79322701e+01 2.65494957e+01
    2.76364193e+01 2.81078148e+01 2.85651188e+01 2.71245003e+01
    2.78443794e+01 2.68492985e+01 2.75646248e+01 2.66327591e+01
    2.73034649e+01 2.98784714e+01 2.94619064e+01 3.09615803e+01
    3.10407848e+01 3.04918900e+01 3.00161057e+01 3.11977615e+01
    3.00474682e+01 3.00364380e+01 2.85230236e+01 2.87062016e+01
    2.86118069e+01 2.85162220e+01 2.50778008e+01 2.65559635e+01
    2.73576794e+01 2.67702198e+01 2.75011559e+01 3.00206089e+01
    2.80658417e+01 2.86864700e+01 3.02334080e+01 2.99988937e+01
    2.85484924e+01 3.04046173e+01 3.00275421e+01 2.99401703e+01
    2.79342079e+01 2.76610565e+01 2.97709808e+01 2.80354614e+01
    2.76615505e+01 2.89230843e+01 2.83835239e+01 2.86187305e+01
    2.77657299e+01 2.91808605e+01 2.86550007e+01 2.99846134e+01
    2.97829590e+01 2.91935520e+01 3.05242958e+01 2.97688885e+01
    2.87566357e+01 2.88924160e+01 2.87577744e+01 3.01866531e+01
    2.95814896e+01 2.85695133e+01 2.84892387e+01 2.78615685e+01
    2.81751137e+01 2.83944893e+01 2.84843159e+01 2.84309292e+01
    2.69593487e+01 2.82015972e+01 2.70456696e+01 2.95928230e+01
    2.90501862e+01 2.81755772e+01 2.77572899e+01 2.86539211e+01
    2.94255199e+01 2.73682594e+01 2.97306538e+01 2.76318035e+01
    2.91341324e+01 2.91360970e+01 2.72295780e+01 2.78680668e+01
    2.82106857e+01 2.66813793e+01 2.84377708e+01 2.96298580e+01
    2.94209309e+01 2.84254265e+01 3.08862057e+01 2.98364697e+01
    3.02063484e+01 3.13831215e+01 3.24909782e+01 3.20709648e+01
    3.14597721e+01 3.29450951e+01 3.29306564e+01 3.40715675e+01
    3.16274967e+01 3.05924606e+01 3.03896255e+01 3.16098747e+01
    3.39088173e+01 3.29174194e+01 3.33951149e+01 3.05857143e+01
    3.18987713e+01 3.31087494e+01 3.38036041e+01 3.37415199e+01
    3.18586655e+01 3.17389011e+01 3.18296642e+01 3.07978554e+01
    3.18594303e+01 3.33278656e+01 3.20703773e+01 3.20067902e+01
    3.19102535e+01 2.84413319e+01 3.10829754e+01 2.93191662e+01
    3.04996357e+01 3.04998932e+01 2.87728195e+01 2.77992897e+01
    2.86498871e+01 2.94068375e+01 2.85428181e+01 2.78710632e+01
    2.74078026e+01 2.82532558e+01 2.79853134e+01 2.97643127e+01
    3.04789963e+01 2.99683437e+01 3.21438217e+01 3.20957870e+01
    3.11315575e+01 3.17809315e+01 3.24654465e+01 3.32339821e+01
    3.17946720e+01 3.22302322e+01 3.40207672e+01 3.18055782e+01
    3.47949295e+01 3.22178612e+01 3.11216259e+01 3.41394730e+01
    3.22381897e+01 3.22483864e+01 3.32876053e+01 3.36481438e+01
    3.58559456e+01 3.48899574e+01 3.42041054e+01 3.53334045e+01
    3.59878998e+01 3.65325089e+01 3.47488365e+01 3.41261368e+01
    3.45572586e+01 3.10623207e+01 3.13527794e+01 3.12330170e+01
    2.99385948e+01 2.82882900e+01 3.12974567e+01 2.71567326e+01
    2.91356239e+01 2.88254738e+01 3.04192047e+01 2.74685764e+01
    2.82641373e+01 2.86597309e+01 2.85188046e+01 3.02496586e+01
    3.13360691e+01 3.05187492e+01 2.87760010e+01 3.03089294e+01
    2.99111710e+01 2.98037643e+01 2.79107571e+01 2.94217148e+01
    2.80840969e+01 2.76855087e+01 2.92359505e+01 2.88422756e+01
    3.16412697e+01 3.00258465e+01 2.69759769e+01 2.81964245e+01
    2.80488396e+01 2.54576073e+01 2.53974190e+01 2.74261513e+01
    2.73309727e+01 2.47859459e+01 2.72158909e+01 2.71130333e+01
    2.68950958e+01 2.87917480e+01 2.91313782e+01 2.68986244e+01
    2.85393677e+01 2.89329243e+01 2.71211319e+01 2.93824005e+01
    2.97163048e+01 3.08723602e+01 2.74878597e+01 2.88535690e+01
    2.95652580e+01 2.91411171e+01 2.85422421e+01 2.80018368e+01
    2.92449970e+01 2.87108307e+01 2.97401009e+01 2.88470497e+01
    2.83764229e+01 3.01716862e+01 2.92511864e+01 3.04916382e+01
    2.85212669e+01 3.02550926e+01 3.11259556e+01 3.06559734e+01
    2.96633873e+01 3.09146786e+01 3.01620197e+01 2.86327686e+01
    3.08116932e+01 3.15753441e+01 2.87101479e+01 2.83172569e+01
    2.99437218e+01 2.96691303e+01 3.08666744e+01 2.92989540e+01
    2.95633278e+01 3.16441021e+01 3.04292412e+01 2.88895607e+01
    2.63576012e+01 2.81707268e+01 2.71043320e+01 2.65217915e+01
    2.67226543e+01 2.57375336e+01 2.65879078e+01 2.61937065e+01
    2.59711914e+01 2.58487015e+01 2.85161781e+01 2.90372028e+01
    2.92079811e+01 2.94314747e+01 3.05147152e+01 2.93978653e+01
    3.04750957e+01 2.88588409e+01 3.16350155e+01 3.03553009e+01
    2.90688801e+01 2.81660690e+01 2.68884983e+01 2.74805717e+01
    2.55333805e+01 2.80167160e+01 2.70156708e+01 2.72257080e+01
    2.73786106e+01 2.79368591e+01 2.82598286e+01 2.96007996e+01
    3.02208118e+01 2.94203625e+01 2.92667789e+01 3.08568764e+01
    2.96424370e+01 2.85944843e+01 2.69721298e+01 2.89544373e+01
    2.80722942e+01 2.92143841e+01 2.90692577e+01 2.84698734e+01
    2.88212242e+01 2.86296692e+01 2.94517460e+01 3.01382656e+01
    2.85038815e+01 3.07096786e+01 2.97937622e+01 2.90280266e+01
    2.93695221e+01 2.87938004e+01 2.88073788e+01 2.78364258e+01
    2.73730221e+01 2.81975517e+01 2.88094063e+01 2.85674629e+01
    2.74761372e+01 2.68514595e+01 2.78809299e+01 2.75739021e+01
    2.57757683e+01 2.69024754e+01 2.84937611e+01 2.91790848e+01
    3.00867825e+01 2.98123169e+01 2.94778290e+01 3.00182838e+01
    2.96536121e+01 2.98512497e+01 2.88678379e+01 3.06732922e+01
    2.90648937e+01 2.92613068e+01 2.97464962e+01 2.81319923e+01
    2.79960270e+01 2.83616314e+01 2.78948193e+01 2.69595814e+01
    2.79120426e+01 2.82249107e+01 3.03670120e+01 2.97672176e+01
    2.89016552e+01 2.98374310e+01 3.16291313e+01 3.16833878e+01
    3.27534065e+01 3.20941086e+01 3.39527283e+01 3.32508545e+01
    3.22605438e+01 3.19533920e+01 3.11077499e+01 3.24520988e+01
    3.20889549e+01 3.18409958e+01 3.31812363e+01 3.39074554e+01
    3.36878204e+01 3.22995758e+01 3.31997910e+01 3.28536568e+01
    3.53718643e+01 3.46506844e+01 3.28789673e+01 3.31523476e+01
    3.24185143e+01 3.10299149e+01 3.08822155e+01 3.14880867e+01
    3.29531937e+01 3.19095535e+01 3.05008621e+01 2.93891544e+01
    3.26670380e+01 2.95106087e+01 3.16823463e+01 3.15766048e+01
    2.98982277e+01 2.98585186e+01 2.80416737e+01 2.88343220e+01
    2.87193413e+01 2.84098682e+01 3.01190872e+01 2.82233620e+01
    2.97211685e+01 2.93290138e+01 3.02909660e+01 2.98747978e+01
    2.99537125e+01 3.16251087e+01 3.19466667e+01 3.17978401e+01
    3.15296345e+01 3.19677887e+01 3.31215858e+01 3.22302589e+01
    3.09360657e+01 3.28122177e+01 3.35705757e+01 3.34661064e+01
    3.45676193e+01 3.29866562e+01 3.38206825e+01 3.33466148e+01
    3.38158836e+01 3.46110573e+01 3.52909660e+01 3.43637657e+01
    3.37972717e+01 3.48282852e+01 3.52350883e+01 3.52697792e+01
    3.26505356e+01 3.36796494e+01 3.27689095e+01 3.14841461e+01
    3.21557274e+01 3.14680882e+01 2.93435097e+01 3.01921787e+01
    2.86961269e+01 2.82557449e+01 3.06292839e+01 2.74963913e+01
    2.83673553e+01 2.83352776e+01 3.01477966e+01 2.81965504e+01
    2.85110931e+01 3.00720558e+01 3.00479069e+01 2.99013386e+01
    2.95514755e+01 2.89837589e+01 3.00623398e+01 2.84799004e+01
    2.66435604e+01 2.59274483e+01 2.72657089e+01 2.92723961e+01
    2.87882023e+01 2.90156937e+01 3.09361534e+01 2.87162533e+01
    2.84051647e+01 2.61949558e+01 2.63890247e+01 2.58467579e+01
    2.55447750e+01 2.56638260e+01 2.58850021e+01 2.61662769e+01
    2.68579140e+01 2.68216553e+01 2.61259251e+01 2.70988483e+01
    2.75286560e+01 2.92661858e+01 2.86571980e+01 2.83253422e+01
    2.99534664e+01 2.95056400e+01 2.76668625e+01 2.87899475e+01
    2.72865162e+01 2.89432774e+01 3.04440727e+01 2.99191437e+01
    3.11460934e+01 2.82767601e+01 3.05673695e+01 2.86191635e+01
    2.70743504e+01 3.02069244e+01 2.92472134e+01 2.99474297e+01
    3.01075268e+01 2.95732288e+01 2.94268322e+01 3.18047161e+01
    3.14071941e+01 2.87363148e+01 2.93539486e+01 2.87073917e+01
    2.97923832e+01 3.14314022e+01 2.87198467e+01 3.02624168e+01
    2.99504738e+01 3.01311646e+01 2.83474388e+01 2.82376938e+01
    2.66516438e+01 2.93989182e+01 2.97686214e+01 2.81298981e+01
    3.00174389e+01 2.72385578e+01 2.72686863e+01 2.59623203e+01
    2.52715015e+01 2.56765614e+01 2.61220036e+01 2.59724331e+01
    2.48815060e+01 2.53726902e+01 2.49474888e+01 2.47167854e+01
    2.83000145e+01 2.81001663e+01 2.90629101e+01 2.88742008e+01
    2.99194298e+01 3.05241756e+01 3.04415359e+01 3.08683586e+01
    3.12753506e+01 3.14670296e+01 3.00886497e+01 2.85676651e+01
    2.76597824e+01 2.81235027e+01 2.70096531e+01 2.78753700e+01
    2.91914310e+01 2.94880695e+01 2.77584629e+01 2.76188641e+01
    2.86189251e+01 2.99371796e+01 2.85484753e+01 2.95331879e+01
    2.94511833e+01 3.03580685e+01 2.98558636e+01 2.81134853e+01
    2.90811768e+01 2.86928673e+01 2.70482044e+01 2.77772980e+01
    2.73577213e+01 2.74182224e+01 2.73551273e+01 2.73747635e+01
    2.78940144e+01 2.87030792e+01 2.84402618e+01 2.94334927e+01
    2.87772408e+01 3.09029121e+01 2.99304333e+01 3.01456947e+01
    2.94439621e+01 2.89431171e+01 2.97241688e+01 2.77759113e+01
    2.88295097e+01 2.89499454e+01 2.90990047e+01 2.93594933e+01
    2.81443863e+01 2.79525471e+01 2.94409046e+01 3.11292706e+01
    2.88517113e+01 2.76934299e+01 2.97740650e+01 3.01962605e+01
    3.18375435e+01 3.01067810e+01 3.10087814e+01 2.92376118e+01
    2.97438450e+01 2.87215614e+01 2.97321758e+01 2.94358368e+01
    2.90942497e+01 2.87110901e+01 2.85397434e+01 2.85493698e+01
    2.94680309e+01 2.79831390e+01 2.79743996e+01 3.05054188e+01
    3.02000141e+01 2.85681992e+01 2.92360821e+01 2.94955692e+01
    2.92513275e+01 2.87493820e+01 3.17977028e+01 3.25060349e+01
    3.04197216e+01 3.13263397e+01 3.09964218e+01 3.20153618e+01
    3.13258076e+01 3.19217815e+01 3.34529877e+01 3.20330620e+01
    3.44124565e+01 3.27022743e+01 3.41379852e+01 3.20548401e+01
    3.28607864e+01 3.35643463e+01 3.44995918e+01 3.48589325e+01
    3.33411942e+01 3.28363228e+01 3.11162605e+01 3.08856335e+01
    3.10007782e+01 3.30319443e+01 3.03841972e+01 3.19231167e+01
    3.23714027e+01 2.91778660e+01 3.06040668e+01 3.03542862e+01
    3.09524727e+01 2.97980766e+01 2.96648102e+01 2.74727421e+01
    2.93269119e+01 2.86802158e+01 2.78341064e+01 2.93043499e+01
    2.86528988e+01 2.88286629e+01 3.10322838e+01 2.87810040e+01
    2.95784416e+01 3.03528557e+01 3.03179398e+01 3.04885120e+01
    3.09393349e+01 3.10779285e+01 3.13346405e+01 3.03929214e+01
    3.15776920e+01 3.13670940e+01 3.12485695e+01 3.35364227e+01
    3.30651283e+01 3.39024963e+01 3.17872334e+01 3.33271675e+01
    3.25278969e+01 3.33664207e+01 3.30237389e+01 3.32808647e+01
    3.38740501e+01 3.43852005e+01 3.39007874e+01 3.40295677e+01
    3.46659088e+01 3.39163322e+01 3.43915138e+01 3.38346672e+01
    3.25754356e+01 3.30631332e+01 3.18799496e+01 3.26553917e+01
    3.17300301e+01 3.03534718e+01 2.86304722e+01 2.82827091e+01
    2.89023075e+01 2.85644398e+01 3.01985798e+01 2.99367599e+01
    2.97313347e+01 2.89175663e+01 3.09062519e+01 2.99559784e+01
    3.08716354e+01 3.14551220e+01 2.79481487e+01 3.00025444e+01
    2.89261723e+01 2.99531918e+01 2.80273876e+01 2.79250145e+01
    2.97362919e+01 2.82095165e+01 2.85013485e+01 2.74093285e+01
    3.19018345e+01 3.06094646e+01 2.89069653e+01 2.80405636e+01
    2.76953373e+01 2.51568470e+01 2.66868801e+01 2.64996624e+01
    2.59127483e+01 2.67642212e+01 2.60822124e+01 2.54639416e+01
    2.62829056e+01 2.65976543e+01 2.76108665e+01 2.86336861e+01
    3.05857658e+01 2.81867943e+01 2.89242477e+01 3.00780754e+01
    2.85584946e+01 3.01480408e+01 3.00412350e+01 2.85947552e+01
    2.91453018e+01 2.97029305e+01 2.95730057e+01 2.91594753e+01
    2.85273094e+01 2.87783508e+01 2.84342918e+01 2.83560543e+01
    2.92501945e+01 2.78705463e+01 2.79039745e+01 3.11311798e+01
    3.00654373e+01 2.94083500e+01 3.09801197e+01 3.21606712e+01
    3.16767902e+01 3.01669922e+01 2.94076290e+01 2.95184879e+01
    2.84428692e+01 3.02547474e+01 2.99553795e+01 2.85566845e+01
    2.93379555e+01 2.93707523e+01 2.94458179e+01 3.03520966e+01
    2.81220207e+01 2.99391460e+01 3.05871353e+01 2.90724926e+01
    2.63485661e+01 2.53167381e+01 2.71381226e+01 2.38896942e+01
    2.50198936e+01 2.43615780e+01 2.44330101e+01 2.57200527e+01
    2.56303329e+01 2.58877048e+01 2.70634079e+01 2.77906284e+01
    2.99775848e+01 2.87356377e+01 3.06509323e+01 3.03031158e+01
    3.12362499e+01 3.04137478e+01 3.21234818e+01 3.22796288e+01
    2.97265339e+01 2.99141827e+01 2.89936485e+01 2.93596249e+01
    2.90705185e+01 2.97779789e+01 2.94313068e+01 3.13256130e+01
    3.09319630e+01 2.99644127e+01 3.06247692e+01 3.09469032e+01
    3.11425991e+01 3.02182770e+01 2.88635082e+01 3.13587456e+01
    3.01191788e+01 2.93147869e+01 2.70263138e+01 2.78003292e+01
    2.88987293e+01 2.83068352e+01 2.86173725e+01 2.82958374e+01
    2.91492882e+01 2.77408218e+01 2.88261509e+01 2.80834312e+01
    2.95393448e+01 3.03062267e+01 3.01130028e+01 2.88506241e+01
    3.09749870e+01 2.95905972e+01 2.84244251e+01 2.94405823e+01
    2.98502789e+01 2.94077263e+01 3.03112011e+01 2.73971977e+01
    2.75393391e+01 2.92297134e+01 2.92925529e+01 2.74903660e+01
    3.05073433e+01 2.85264969e+01 2.98748264e+01 2.88950386e+01
    2.95232410e+01 3.06563015e+01 2.94533863e+01 3.13728333e+01
    3.15037422e+01 3.18454952e+01 3.13573093e+01 3.00857944e+01
    2.96249828e+01 2.94475307e+01 3.19661541e+01 2.88251209e+01
    2.97794361e+01 2.92450504e+01 2.76116734e+01 2.77501640e+01
    2.70934429e+01 2.74832211e+01 3.03004513e+01 3.02178593e+01
    2.99144230e+01 2.94632015e+01 2.84222050e+01 2.99846611e+01
    3.02845802e+01 3.16138706e+01 3.21029091e+01 3.27291374e+01
    3.16945400e+01 3.15235004e+01 3.09150486e+01 3.33435020e+01
    3.33280640e+01 3.39418755e+01 3.35885925e+01 3.14604855e+01
    3.26244011e+01 3.29157104e+01 3.54938927e+01 3.32014809e+01
    3.68130150e+01 3.50826149e+01 3.28298912e+01 3.35001144e+01
    3.17064838e+01 3.04241886e+01 3.19120960e+01 3.14131851e+01
    3.40679970e+01 3.35406837e+01 3.01985569e+01 3.13294811e+01
    3.28091202e+01 3.04368935e+01 3.06165485e+01 2.97033710e+01
    3.00087261e+01 3.11423016e+01 2.84769249e+01 2.84687099e+01
    2.90702991e+01 2.99181919e+01 2.90899906e+01 2.94239292e+01
    2.87363758e+01 3.05223923e+01 2.97555885e+01 2.87597218e+01
    3.01997490e+01 3.09165745e+01 3.06480579e+01 3.16383286e+01
    3.17956676e+01 3.12302837e+01 3.27857704e+01 3.05193443e+01
    3.24506721e+01 3.23254013e+01 3.27062149e+01 3.36165009e+01
    3.09156532e+01 3.25101013e+01 3.15705147e+01 3.12556877e+01
    3.18685989e+01 3.27276382e+01 3.46672707e+01 3.36253433e+01
    3.30535583e+01 3.43517952e+01 3.53549500e+01 3.40926476e+01
    3.29628601e+01 3.33761826e+01 3.39365959e+01 3.30551033e+01
    3.09888992e+01 3.22799911e+01 3.06490822e+01 2.92709846e+01
    2.86838627e+01 2.91768036e+01 2.89856796e+01 3.00615559e+01
    2.93395596e+01 2.93701954e+01 3.09568901e+01 2.98385754e+01
    3.10732346e+01 3.09380169e+01 3.26227455e+01 3.07729168e+01
    3.12334061e+01 3.08647518e+01 3.00157814e+01 3.08581333e+01
    3.04840622e+01 2.80609131e+01 2.86578217e+01 2.91559429e+01
    2.97391586e+01 3.01974983e+01 3.00580025e+01 3.12728081e+01
    2.96549473e+01 2.84578876e+01 2.73708000e+01 2.74331551e+01
    2.78119946e+01 2.60956306e+01 2.69579411e+01 2.75414257e+01
    2.84297256e+01 2.79070835e+01 2.74554024e+01 2.80139465e+01
    2.84074631e+01 2.92584000e+01 2.99814301e+01 2.78340855e+01
    3.04396572e+01 2.75960884e+01 2.94112263e+01 2.93633499e+01
    2.87826042e+01 2.83342800e+01 2.93877907e+01 2.86693974e+01
    2.81138897e+01 2.75544872e+01 2.84787121e+01 2.91289253e+01
    2.70459518e+01 2.83646488e+01 2.85849800e+01 3.07518597e+01
    2.93183937e+01 2.87394428e+01 2.82211819e+01 3.08595543e+01
    3.28815765e+01 3.01245422e+01 2.89509907e+01 2.92592793e+01
    2.96174545e+01 2.96550636e+01 2.74995632e+01 2.77089729e+01
    2.90479393e+01 3.01656380e+01 2.83863258e+01 2.83487358e+01
    2.94002190e+01 2.88489857e+01 2.95280304e+01 3.07380028e+01
    2.83036366e+01 2.89146194e+01 2.74852238e+01 2.75335026e+01
    2.56504517e+01 2.50805054e+01 2.48804512e+01 2.37150898e+01
    2.62576885e+01 2.46078014e+01 2.46812305e+01 2.54389820e+01
    2.65104008e+01 3.02292080e+01 2.95825329e+01 2.88280315e+01
    3.06328697e+01 2.99401360e+01 3.10519314e+01 2.87326298e+01
    3.16654301e+01 3.10983562e+01 2.82507820e+01 3.08058567e+01
    2.83927975e+01 2.90331669e+01 2.87212410e+01 2.82600384e+01
    2.88393917e+01 3.06950760e+01 2.97327709e+01 2.93955517e+01
    2.78255882e+01 2.84764462e+01 3.05185719e+01 2.99140759e+01
    3.00872192e+01 2.91217556e+01 2.82488728e+01 2.89742432e+01
    2.74451065e+01 2.87723999e+01 2.84410000e+01 2.68815632e+01
    2.67087517e+01 2.99860992e+01 2.95499630e+01 2.79316883e+01
    2.79249229e+01 2.96922989e+01 2.91364193e+01 3.08367405e+01
    3.17644596e+01 3.16999130e+01 3.27744026e+01 2.98042812e+01
    3.02010956e+01 3.11956234e+01 2.94575443e+01 3.03226185e+01
    3.09491673e+01 3.05490551e+01 2.96752415e+01 2.97375908e+01
    2.97511024e+01 2.79459553e+01 3.00569496e+01 3.09034786e+01
    2.90132828e+01 2.98544598e+01 3.10782909e+01 3.11334267e+01
    3.18474350e+01 3.20052986e+01 3.20293770e+01 3.21900749e+01
    3.00726452e+01 2.93559017e+01 3.13887138e+01 3.04905052e+01
    3.04724350e+01 2.83857689e+01 2.91458778e+01 2.74917011e+01
    2.77368126e+01 2.60658073e+01 2.65954437e+01 2.82272396e+01
    2.95809746e+01 2.74355335e+01 2.87203503e+01 2.78897781e+01
    2.81275749e+01 2.82280025e+01 2.94991474e+01 3.14689465e+01
    3.05277500e+01 3.28681755e+01 3.20324745e+01 3.13422241e+01
    3.20077667e+01 3.13772373e+01 3.36925926e+01 3.34179840e+01
    3.19250164e+01 3.23376312e+01 3.25815277e+01 3.27308464e+01
    3.40933228e+01 3.40807800e+01 3.45115433e+01 3.45007210e+01
    3.17164040e+01 3.05695305e+01 3.16185513e+01 3.14277897e+01
    3.10011940e+01 3.14167843e+01 3.25068130e+01 3.26238594e+01
    3.18358822e+01 3.06705990e+01 3.08374310e+01 3.03066711e+01
    3.16465359e+01 3.05895100e+01 3.00775681e+01 2.89793892e+01
    3.08182545e+01 3.21029282e+01 2.91692600e+01 3.06448231e+01
    3.10671215e+01 3.00513821e+01 3.03624306e+01 3.12178173e+01
    2.94145508e+01 3.05972309e+01 2.98304348e+01 3.04381905e+01
    3.01444149e+01 3.13379021e+01 3.08665562e+01 3.25918541e+01
    3.28600845e+01 3.08387775e+01 3.16341820e+01 3.10135555e+01
    3.32651787e+01 3.20563393e+01 3.17547817e+01 3.22631187e+01
    3.22180824e+01 3.22526627e+01 3.29814568e+01 3.33739166e+01
    3.23740005e+01 3.36663857e+01 3.32190018e+01 3.55422478e+01
    3.37695732e+01 3.43842964e+01 3.22964821e+01 3.29836388e+01
    3.14364319e+01 3.27371597e+01 2.93697529e+01 3.10949574e+01
    3.24231987e+01 2.92814960e+01 2.96376400e+01 2.85627384e+01
    2.94905319e+01 2.77254391e+01 3.01225224e+01 2.92549839e+01
    3.08000393e+01 2.97127514e+01 3.03796959e+01 3.17774220e+01
    3.08729973e+01 3.16344128e+01 3.02892933e+01 3.20138779e+01
    3.18114166e+01 3.34632339e+01 3.03133221e+01 2.99825802e+01
    3.00330830e+01 3.04568119e+01 2.96665821e+01 3.04090977e+01
    3.00158100e+01 3.13492928e+01 3.00509968e+01 2.60950317e+01
    2.80764561e+01 2.70660000e+01 2.52619381e+01 2.74988613e+01
    2.59576473e+01 2.66560230e+01 2.68458233e+01 2.93201427e+01
    2.87754612e+01 2.76620140e+01 2.80369759e+01 2.89975719e+01
    2.84793873e+01 2.89968624e+01 3.04682350e+01 2.94795170e+01
    3.15999298e+01 2.91784115e+01 2.83652706e+01 2.86933861e+01
    2.89361076e+01 2.82631569e+01 2.81619816e+01 2.81053600e+01
    2.77061844e+01 2.74330120e+01 2.79595070e+01 2.65185757e+01
    2.90625496e+01 2.85065098e+01 2.77304268e+01 3.03198605e+01
    3.09744129e+01 3.13584957e+01 2.99307537e+01 3.04306641e+01
    3.07844944e+01 2.89984016e+01 2.80330734e+01 2.67384338e+01
    2.87739525e+01 2.96695538e+01 2.83034973e+01 2.92415829e+01
    3.02641392e+01 2.95420990e+01 2.94111156e+01 3.02101841e+01
    3.03204002e+01 3.08519306e+01 3.03679390e+01 2.97474709e+01
    2.99112415e+01 2.77335701e+01 2.43441563e+01 2.60222130e+01
    2.40891228e+01 2.47336407e+01 2.50663681e+01 2.39841385e+01
    2.65811329e+01 2.47751236e+01 2.67703991e+01 2.77102871e+01
    2.97142334e+01 2.97383003e+01 3.09440269e+01 3.07207985e+01
    2.92945576e+01 2.93110085e+01 3.12308483e+01 3.10258465e+01
    3.08081608e+01 2.96011314e+01 2.83284454e+01 2.89952164e+01
    2.72559357e+01 2.82139854e+01 2.88941593e+01 2.86291370e+01
    2.85695763e+01 2.97226334e+01 2.99019222e+01 3.04418564e+01
    2.96898193e+01 3.00122986e+01 2.91268845e+01 2.98592834e+01
    2.92357502e+01 3.03881969e+01 2.79198761e+01 3.03267002e+01
    2.91727600e+01 2.91461582e+01 2.68774796e+01 2.88392124e+01
    2.92621365e+01 2.72394924e+01 2.90876198e+01 2.72272263e+01
    2.90047436e+01 3.09027481e+01 2.88344841e+01 3.01716995e+01
    2.94858246e+01 3.22084198e+01 3.02361946e+01 3.01664104e+01
    3.06640778e+01 3.18598690e+01 3.31829071e+01 3.04986763e+01
    2.94569359e+01 3.15473957e+01 2.98116817e+01 3.11362152e+01
    3.18038807e+01 3.11457462e+01 3.27303314e+01 3.02392616e+01
    3.15208893e+01 3.22732506e+01 3.16056213e+01 3.22661324e+01
    3.12856331e+01 3.33521919e+01 3.24335976e+01 3.11549664e+01
    2.93755455e+01 2.96694622e+01 3.14937496e+01 2.80927353e+01
    2.89922371e+01 2.74538765e+01 2.57918243e+01 2.57407970e+01
    2.63270073e+01 2.67519875e+01 2.63913231e+01 2.77285862e+01
    2.84451180e+01 2.84705372e+01 2.77426434e+01 3.01985016e+01
    2.94311867e+01 3.06087322e+01 3.22969513e+01 3.08954735e+01
    3.16990871e+01 3.27597504e+01 3.10741081e+01 3.16234112e+01
    3.32654991e+01 3.37895393e+01 3.43085480e+01 3.17196789e+01
    3.16205540e+01 3.17229481e+01 3.14772339e+01 3.31521492e+01
    3.54325867e+01 3.27905083e+01 3.06649189e+01 3.11004581e+01
    3.07882786e+01 3.17721443e+01 3.17144222e+01 3.29712677e+01
    3.08538151e+01 3.18205929e+01 2.88790493e+01 2.96176262e+01
    3.25886803e+01 3.07426643e+01 3.32625771e+01 2.79134521e+01
    2.96824532e+01 2.98093815e+01 2.83625031e+01 2.91285095e+01
    2.93455791e+01 2.98886185e+01 2.83018055e+01 3.08445625e+01
    3.04480953e+01 3.03801823e+01 3.14498444e+01 3.17675591e+01
    3.05366554e+01 3.02312870e+01 3.07228622e+01 3.04726276e+01
    2.86047916e+01 3.13279648e+01 3.19673920e+01 3.15408268e+01
    3.16507454e+01 3.20700302e+01 3.22902222e+01 3.20381012e+01
    3.25361328e+01 3.17756329e+01 3.34977646e+01 3.29690018e+01
    3.17298260e+01 3.28235168e+01 3.47093048e+01 3.17584496e+01
    3.30359230e+01 3.17602119e+01 3.35799217e+01 3.28413734e+01
    3.18147011e+01 3.16557274e+01 3.07909756e+01 3.21019897e+01
    2.90237980e+01 3.39929504e+01 3.10583763e+01 2.90667610e+01
    2.87532177e+01 2.80296688e+01 2.83374825e+01 2.81419296e+01
    2.95287342e+01 2.81373024e+01 3.11916332e+01 3.00086403e+01
    3.05043182e+01 2.90936947e+01 3.13176517e+01 3.02022839e+01
    3.18107014e+01 3.08256969e+01 3.04283028e+01 3.04325886e+01
    3.14988537e+01 3.04809513e+01 3.03541431e+01 3.03587418e+01
    3.07799683e+01 3.10052853e+01 3.06304779e+01 3.13793583e+01
    3.23847427e+01 2.86887989e+01 2.89915047e+01 2.90510044e+01
    2.93970661e+01 2.73430786e+01 2.97476444e+01 3.01212139e+01
    2.65676003e+01 2.95673637e+01 2.90099125e+01 2.88573647e+01
    3.08557701e+01 3.12852230e+01 3.02483616e+01 3.17421818e+01
    2.97333088e+01 3.05229340e+01 3.01091251e+01 2.91109200e+01
    2.88872643e+01 2.83593121e+01 2.90183144e+01 2.76420116e+01
    2.67446251e+01 2.70156269e+01 2.90044556e+01 2.80576210e+01
    2.75894089e+01 2.97276421e+01 2.91049404e+01 3.00092258e+01
    3.11151104e+01 2.93213825e+01 3.01892128e+01 3.08532543e+01
    3.07158527e+01 2.95631962e+01 2.89345932e+01 2.89007359e+01
    2.84041882e+01 2.92941704e+01 2.68578854e+01 2.81546249e+01
    2.77995033e+01 2.86050262e+01 2.86364365e+01 3.06574306e+01
    3.16012936e+01 2.93595200e+01 3.01909122e+01 3.02426605e+01
    3.08317013e+01 2.88112144e+01 2.80610752e+01 2.77420139e+01
    2.93851376e+01 2.65091782e+01 2.58772545e+01 2.70576591e+01
    2.72075806e+01 2.57141895e+01 2.79280090e+01 2.80472202e+01
    2.81040134e+01 2.89179935e+01 2.98701344e+01 2.97564201e+01
    2.98184547e+01 2.96711464e+01 2.91311169e+01 2.98516312e+01
    3.12497520e+01 3.10467510e+01 2.91951904e+01 2.88165817e+01
    2.79193897e+01 2.95881710e+01 2.78057346e+01 2.87289543e+01
    2.74810715e+01 2.73855820e+01 2.70440578e+01 2.84983311e+01
    2.99621525e+01 2.83886108e+01 2.88311329e+01 3.19738789e+01
    2.86021957e+01 3.01012154e+01 2.99058399e+01 2.92030067e+01
    2.72440948e+01 3.00762272e+01 3.14567890e+01 2.93953533e+01
    2.58581600e+01 2.94272079e+01 2.69098797e+01 2.84077415e+01
    2.85602894e+01 2.85057583e+01 2.96571255e+01 2.88650131e+01
    3.00878792e+01 3.05050449e+01 3.17820225e+01 3.07147331e+01
    3.02562981e+01 3.17309799e+01 3.01990547e+01 3.14455872e+01
    3.06890125e+01 3.05729065e+01 3.09380112e+01 2.95755653e+01
    2.95032196e+01 3.03985062e+01 2.94969139e+01 3.22837334e+01
    3.14493389e+01 3.06656399e+01 3.20734062e+01 3.10233459e+01
    3.13111782e+01 3.22117958e+01 3.18133411e+01 3.21170883e+01
    3.14302864e+01 3.05120811e+01 3.06769123e+01 2.99320412e+01
    2.86056938e+01 2.75025692e+01 2.85348454e+01 2.69052601e+01
    2.75475063e+01 2.57201233e+01 2.54706879e+01 2.62929955e+01
    2.70683155e+01 2.73148403e+01 2.88866539e+01 2.77031956e+01
    3.01780338e+01 3.12483635e+01 2.94378948e+01 3.23999596e+01
    3.06983128e+01 3.28693657e+01 3.12875023e+01 3.11844482e+01
    3.17046967e+01 3.12741623e+01 3.20903931e+01 3.26029510e+01
    3.17366676e+01 3.06742191e+01 3.15820789e+01 2.93785324e+01
    3.17553673e+01 3.09009056e+01 3.20812225e+01 3.24701080e+01
    3.02396851e+01 2.86442127e+01 3.14524288e+01 3.11012211e+01
    3.06299171e+01 3.18442421e+01 3.11197701e+01 3.06740379e+01
    2.96556759e+01 2.89593868e+01 3.08395920e+01 3.00782185e+01
    3.13521366e+01 2.95304585e+01 2.96407604e+01 2.88584003e+01
    2.82241898e+01 3.04927654e+01 3.07408371e+01 3.19026051e+01
    3.14506798e+01 2.97580662e+01 2.97002125e+01 3.19368191e+01
    3.12421722e+01 3.08676147e+01 3.05920639e+01 3.06982994e+01
    3.04269238e+01 2.95228653e+01 2.97564430e+01 2.97689571e+01
    3.28805962e+01 3.07109432e+01 3.24068871e+01 3.09472179e+01
    3.29138947e+01 3.42150803e+01 3.03127670e+01 3.22865372e+01
    3.22644615e+01 3.32393417e+01 3.23336525e+01 3.14694672e+01
    3.38166351e+01 3.35566788e+01 3.18574753e+01 3.20892906e+01
    3.46863365e+01 3.19289474e+01 3.19937782e+01 2.99176998e+01
    3.24697304e+01 3.01449261e+01 2.90868340e+01 3.16809845e+01
    3.08868084e+01 3.09084148e+01 2.80615196e+01 2.91968231e+01
    2.98506241e+01 2.78941803e+01 2.78201714e+01 3.01261368e+01
    3.04137573e+01 2.72632313e+01 2.76759167e+01 2.91481380e+01
    2.93348770e+01 2.88570194e+01 3.05412788e+01 2.78086262e+01
    2.99695358e+01 2.99147053e+01 2.92998524e+01 2.88792362e+01
    3.05723095e+01 3.12381630e+01 3.16575394e+01 2.94060516e+01
    3.16142864e+01 3.14446507e+01 2.95324879e+01 3.01839962e+01
    2.96205502e+01 2.79178371e+01 2.87025299e+01 2.88168926e+01
    2.90770378e+01 2.74615269e+01 2.70551949e+01 3.00296345e+01
    2.72808628e+01 2.87440414e+01 3.00720921e+01 3.10725689e+01
    3.25079613e+01 2.98416023e+01 3.10056572e+01 3.10714493e+01
    2.98430099e+01 3.03625889e+01 2.87812099e+01 2.94717388e+01
    2.95226746e+01 2.78941174e+01 2.80501976e+01 2.53965263e+01
    2.60411701e+01 2.91400166e+01 2.80443153e+01 2.81934223e+01
    2.86050854e+01 3.09966030e+01 3.00654087e+01 2.93545113e+01
    3.14122696e+01 3.00094414e+01 2.99109879e+01 2.81926956e+01
    2.91279011e+01 2.88865433e+01 2.87066822e+01 2.72430534e+01
    2.97843323e+01 2.89425659e+01 2.89751911e+01 2.96386642e+01
    3.02497482e+01 3.04647903e+01 2.92334614e+01 3.05890350e+01
    3.24285507e+01 3.13106556e+01 2.92686558e+01 3.04119186e+01
    3.00194492e+01 2.78064594e+01 2.84646893e+01 2.92802486e+01
    2.72167835e+01 2.81038208e+01 2.70343342e+01 2.77784386e+01
    2.69837170e+01 2.82551537e+01 2.88580189e+01 2.90541592e+01
    3.01819687e+01 3.00937691e+01 3.16651917e+01 3.06386509e+01
    3.16158276e+01 3.01242676e+01 3.08458710e+01 3.08112736e+01
    3.00107956e+01 2.93348217e+01 2.78057995e+01 2.99500618e+01
    2.74818077e+01 2.91511307e+01 2.88195114e+01 2.77904720e+01
    2.70283203e+01 2.69388504e+01 2.68079281e+01 2.93333931e+01
    3.00433922e+01 2.85502758e+01 2.80777721e+01 3.03201504e+01
    2.93976784e+01 2.90989361e+01 2.91661720e+01 2.93868904e+01
    2.85657940e+01 2.83440742e+01 2.85180264e+01 2.86816006e+01
    2.77426167e+01 3.02057018e+01 2.93473339e+01 2.91347713e+01
    2.97471390e+01 3.15494461e+01 2.98527603e+01 3.10574226e+01
    3.20889053e+01 3.15758381e+01 3.14527950e+01 3.14769001e+01
    3.04347763e+01 3.09461422e+01 2.96919861e+01 3.04685516e+01
    3.00152340e+01 3.13249855e+01 2.95713787e+01 3.10324154e+01
    3.13124962e+01 3.09241238e+01 2.82386169e+01 3.11594830e+01
    3.14787102e+01 3.17491817e+01 3.23770447e+01 3.24911270e+01
    3.11993446e+01 3.19736748e+01 3.18710670e+01 3.16361351e+01
    2.87987099e+01 2.93296185e+01 2.90663624e+01 2.92430382e+01
    2.68460712e+01 2.72966805e+01 2.84106121e+01 2.51268005e+01
    2.82316132e+01 2.74600449e+01 2.72476006e+01 2.73888454e+01
    2.96321526e+01 2.96751862e+01 3.12915363e+01 2.96301975e+01
    3.16862278e+01 3.23949852e+01 3.23811264e+01 3.04474373e+01
    3.16737556e+01 3.29633713e+01 3.02428265e+01 3.07287292e+01
    3.26294289e+01 3.25142899e+01 3.06991043e+01 3.07991982e+01
    3.08119907e+01 3.07074947e+01 3.05872326e+01 3.06833954e+01
    3.39941940e+01 3.28274918e+01 3.08500786e+01 2.93667603e+01
    3.09342823e+01 3.11198254e+01 3.15243740e+01 3.19001007e+01
    3.03921947e+01 3.10437336e+01 2.87444611e+01 2.72063465e+01
    3.00172653e+01 2.94611816e+01 3.02415314e+01 2.92010479e+01
    2.80763741e+01 2.75243435e+01 2.82500362e+01 2.97327671e+01
    2.93152828e+01 3.02840824e+01 3.13685150e+01 3.01002350e+01
    3.04631443e+01 2.89455090e+01 3.06575184e+01 3.17335014e+01
    2.86380825e+01 2.92729206e+01 2.99438057e+01 3.04399357e+01
    2.86376877e+01 2.88595581e+01 3.16946945e+01 3.08174324e+01
    3.29645691e+01 3.22988434e+01 3.54434280e+01 3.19289112e+01
    3.21972580e+01 3.35862694e+01 3.26485786e+01 3.31074638e+01
    3.17097435e+01 3.08004227e+01 3.27942085e+01 3.00565586e+01
    3.15849171e+01 3.09479637e+01 2.89845543e+01 3.19719620e+01
    2.90418243e+01 2.95973129e+01 3.06898479e+01 2.96175594e+01
    2.80768948e+01 3.05119991e+01 3.00096016e+01 3.03210526e+01
    2.69105263e+01 2.66191063e+01 2.87333279e+01 2.91914959e+01
    2.90885735e+01 2.63801003e+01 2.91587448e+01 2.85863838e+01
    2.88116817e+01 2.77937927e+01 2.77395535e+01 2.83370037e+01
    2.65492420e+01 2.77628880e+01 2.86510944e+01 2.81270256e+01
    2.76214848e+01 2.87522297e+01 2.97786045e+01 2.85839825e+01
    2.99528732e+01 2.98895855e+01 3.13224144e+01 3.25306702e+01
    3.24484177e+01 3.07201271e+01 2.84186611e+01 2.80224285e+01
    2.79143772e+01 2.84088268e+01 2.68496399e+01 2.86993904e+01
    2.75203476e+01 2.69966412e+01 2.65007687e+01 2.90294380e+01
    2.86447525e+01 3.18551044e+01 3.12225952e+01 2.97541752e+01
    3.04485283e+01 2.87849655e+01 3.09238415e+01 2.79563713e+01
    2.72004929e+01 2.80656033e+01 2.77122231e+01 2.73620071e+01
    2.69868889e+01 2.67247906e+01 2.74560776e+01 2.84421177e+01
    2.68471279e+01 2.86211205e+01 2.86389713e+01 2.79695415e+01
    3.04319820e+01 3.12604084e+01 3.08528290e+01 3.12884502e+01
    2.99848385e+01 2.89778805e+01 3.03154411e+01 2.85864735e+01
    2.92174644e+01 2.79431000e+01 2.95997295e+01 3.05963039e+01
    2.94514122e+01 3.11816483e+01 3.03330002e+01 3.11987610e+01
    3.22769814e+01 3.02163982e+01 3.17980766e+01 3.14616280e+01
    3.23277245e+01 3.20699348e+01 2.95097256e+01 3.10714645e+01
    3.14353485e+01 2.89305916e+01 2.77013931e+01 2.82021999e+01
    2.84895382e+01 2.63347054e+01 2.79533882e+01 2.64387054e+01
    2.89091568e+01 2.86366215e+01 2.96887951e+01 2.94675465e+01
    3.00548820e+01 3.13993206e+01 3.15526066e+01 3.10636635e+01
    3.27163544e+01 3.10902386e+01 3.09085369e+01 2.92560959e+01
    2.96645279e+01 2.97699699e+01 2.84024372e+01 2.87768936e+01
    3.06866722e+01 2.73435936e+01 2.59130917e+01 2.65963688e+01
    2.72028637e+01 2.95564423e+01 2.73458424e+01 2.85140648e+01
    2.92373714e+01 2.91127014e+01 2.89212151e+01 2.80260410e+01
    2.80841827e+01 2.87775993e+01 2.97281685e+01 3.08519058e+01
    2.87323208e+01 2.93611164e+01 2.91583290e+01 2.89926548e+01
    2.99689293e+01 2.96062088e+01 2.95168800e+01 3.21759109e+01
    2.97972431e+01 3.07544346e+01 3.07196941e+01 3.23725815e+01
    3.12218132e+01 3.08768482e+01 3.14649487e+01 2.97850246e+01
    3.18533440e+01 3.06620808e+01 2.94746342e+01 3.13463039e+01
    3.12518883e+01 3.06513977e+01 2.95346298e+01 3.15299835e+01
    3.13587799e+01 3.19307079e+01 3.16095676e+01 3.23999977e+01
    3.14705162e+01 3.14452991e+01 3.15685673e+01 3.19027138e+01
    3.04631519e+01 3.00277767e+01 2.94214802e+01 2.93045158e+01
    2.85782814e+01 2.78959122e+01 2.73350010e+01 2.57501621e+01
    2.83096218e+01 2.79740372e+01 2.81969891e+01 2.86259041e+01
    3.09029236e+01 3.15161724e+01 2.93697014e+01 3.02937737e+01
    2.96028690e+01 3.07893200e+01 3.05537014e+01 3.31124268e+01
    3.34570694e+01 3.09806709e+01 3.31218185e+01 3.21526680e+01
    3.17759209e+01 3.06806660e+01 3.20831680e+01 3.13830318e+01
    3.06961555e+01 3.15176239e+01 3.10558643e+01 3.02457600e+01
    3.12289639e+01 3.11362438e+01 3.18290825e+01 3.22223549e+01
    2.93750687e+01 2.91158600e+01 3.13286095e+01 3.04311657e+01
    3.11140766e+01 3.11318035e+01 3.22079773e+01 3.00109119e+01
    2.82564087e+01 2.83279762e+01 2.87721615e+01 2.86844559e+01
    3.08559475e+01 2.75367088e+01 3.19258347e+01 2.86299934e+01
    2.91423492e+01 2.99646626e+01 3.03970070e+01 3.19434986e+01
    3.06207066e+01 2.96012974e+01 3.00961342e+01 3.18984680e+01
    2.96554241e+01 3.08185463e+01 2.99482002e+01 3.16910954e+01
    3.00359936e+01 2.95168037e+01 3.01770916e+01 3.03246231e+01
    2.99628391e+01 3.09082737e+01 3.23358040e+01 3.15961170e+01
    3.37507591e+01 3.38219070e+01 3.09429131e+01 3.17477169e+01
    3.23803673e+01 3.16456203e+01 3.09042130e+01 3.00062122e+01
    3.14245777e+01 3.00431175e+01 2.95558739e+01 2.83962822e+01
    2.90439548e+01 2.91177826e+01 2.84944801e+01 2.86251659e+01
    2.98108578e+01 2.94035473e+01 2.85171776e+01 2.94272671e+01
    2.94240952e+01 2.90496120e+01 2.91449833e+01 2.84719391e+01
    3.05390148e+01 2.80209961e+01 2.67699928e+01 2.82548523e+01
    2.99098415e+01 2.78348637e+01 2.85628681e+01 2.74264259e+01
    2.76844559e+01 2.88994770e+01 2.60536194e+01 2.68587379e+01
    2.68779869e+01 2.88312073e+01 2.77087078e+01 2.78140526e+01
    2.80011806e+01 2.94461670e+01 2.95018063e+01 3.05869884e+01
    2.89271793e+01 3.20753746e+01 3.23553658e+01 2.90641861e+01
    2.84752216e+01 2.76129971e+01 2.69027481e+01 2.62417698e+01
    2.89937649e+01 2.82065144e+01 2.85959740e+01 3.00048656e+01
    2.61494751e+01 2.81277485e+01 2.93233013e+01 3.03314152e+01
    3.13949718e+01 3.29484520e+01 3.03273525e+01 3.24394150e+01
    3.17129707e+01 3.03941536e+01 3.03033066e+01 2.94515228e+01
    2.92464733e+01 2.85102005e+01 2.85159397e+01 2.66840153e+01
    2.74610023e+01 2.80039558e+01 2.92824860e+01 2.80917015e+01
    2.88948250e+01 3.05268288e+01 2.94092312e+01 2.84963417e+01
    3.20337486e+01 3.09784641e+01 3.09522114e+01 3.00058041e+01
    2.94591808e+01 2.93031864e+01 3.01778717e+01 3.10447712e+01
    2.93346672e+01 2.82066956e+01 3.04944763e+01 3.06840515e+01
    3.03736553e+01 3.09732246e+01 3.15878334e+01 3.14049568e+01
    3.31127129e+01 3.18474293e+01 3.22115631e+01 3.21187019e+01
    3.18033066e+01 3.04658585e+01 2.89496174e+01 2.82524033e+01
    2.74015980e+01 2.93554459e+01 2.65469475e+01 2.66626148e+01
    2.70650978e+01 2.54996796e+01 2.92973385e+01 2.77833633e+01
    3.18795490e+01 2.82243023e+01 2.96541958e+01 3.04827023e+01
    3.05917034e+01 3.27194901e+01 3.22412109e+01 3.09490547e+01
    3.18028240e+01 3.14733410e+01 3.02824688e+01 2.94632015e+01
    3.18929253e+01 2.96589508e+01 2.95362263e+01 2.74984074e+01
    2.86091442e+01 2.71787415e+01 2.59519749e+01 2.83183975e+01
    3.00519791e+01 2.87592678e+01 2.78409615e+01 3.01613312e+01
    2.88104649e+01 2.87284431e+01 2.95769291e+01 2.99828911e+01
    2.75326900e+01 3.01715069e+01 2.88794155e+01 3.12414474e+01
    3.03472214e+01 2.90735664e+01 2.99938812e+01 2.87407093e+01
    3.12947769e+01 3.07218666e+01 3.17820339e+01 3.08720551e+01
    3.07353115e+01 3.11516247e+01 3.04128075e+01 3.18214722e+01
    2.99121571e+01 3.16536007e+01 3.03460388e+01 3.14871864e+01
    3.00609837e+01 3.09286633e+01 3.02180271e+01 2.79555340e+01
    3.01340122e+01 3.11622086e+01 3.05493584e+01 3.08529282e+01
    3.36499634e+01 3.29774818e+01 3.24448090e+01 3.14738979e+01
    3.11731224e+01 3.10345612e+01 3.00912819e+01 3.16675282e+01
    3.03642139e+01 2.88413506e+01 3.03232784e+01 2.89433632e+01
    2.83294716e+01 2.76461773e+01 2.75910015e+01 2.65526676e+01
    2.88544884e+01 3.02558498e+01 2.84464588e+01 2.87871761e+01
    2.96435928e+01 2.89001350e+01 3.17601967e+01 3.02431164e+01
    3.02267113e+01 3.25631180e+01 3.11916714e+01 3.17704277e+01
    3.16577778e+01 3.12260170e+01 3.03449268e+01 2.93087654e+01
    3.15174427e+01 2.97818336e+01 3.18966961e+01 3.13709736e+01
    3.04273930e+01 3.09581013e+01 3.06839161e+01 2.97573299e+01
    3.02934456e+01 3.19141617e+01 2.96574574e+01 2.98727665e+01
    2.98712025e+01 3.08816280e+01 3.23000259e+01 3.00833263e+01
    2.98678913e+01 3.16335430e+01 2.91757584e+01 2.73898125e+01
    2.90843925e+01 2.91485825e+01 3.03301067e+01 2.93975468e+01
    2.92353115e+01 2.86849766e+01 3.13188248e+01 3.00588684e+01
    2.97462883e+01 3.14016457e+01 3.19152946e+01 3.14007626e+01
    3.25673103e+01 2.98157406e+01 3.07651367e+01 3.24789314e+01
    2.95692120e+01 3.15794773e+01 3.05335884e+01 3.15139008e+01
    2.89335365e+01 2.90370121e+01 3.13439655e+01 2.95051212e+01
    2.95091248e+01 3.20609932e+01 3.22528381e+01 3.16839676e+01
    2.98717060e+01 3.08675480e+01 3.07909088e+01 3.07547722e+01
    2.88046398e+01 2.97810822e+01 2.94355927e+01 2.86336956e+01
    2.90166702e+01 2.88088970e+01 2.95069027e+01 2.86440105e+01
    2.89823608e+01 2.66783123e+01 2.93653183e+01 2.90622692e+01
    2.79365635e+01 2.94521084e+01 2.72769127e+01 2.84820023e+01
    2.69921684e+01 2.76204281e+01 2.89235725e+01 2.85447006e+01
    2.87957439e+01 2.83676567e+01 2.71382256e+01 2.77211056e+01
    2.77123127e+01 2.57598572e+01 2.72534695e+01 2.71902351e+01
    2.49461079e+01 2.75710468e+01 2.82290821e+01 2.66334400e+01
    2.76348362e+01 2.68726044e+01 2.77287025e+01 3.01549911e+01
    2.91112785e+01 2.95802116e+01 3.09412041e+01 3.09531803e+01
    3.22199974e+01 3.08382339e+01 2.80417423e+01 2.62677650e+01
    2.86568336e+01 2.60322247e+01 2.66453381e+01 2.66420803e+01
    2.90426121e+01 2.73661003e+01 2.69345360e+01 2.84470329e+01
    2.88657093e+01 2.84222107e+01 3.18651714e+01 3.24459305e+01
    3.15996666e+01 3.13545513e+01 2.95533485e+01 2.98508282e+01
    2.84171066e+01 2.83434582e+01 2.89758472e+01 2.75691833e+01
    2.82313690e+01 2.65378876e+01 2.76474686e+01 2.81643906e+01
    2.79215870e+01 2.99450760e+01 3.01828022e+01 2.94217072e+01
    3.10080166e+01 3.06860828e+01 3.12730827e+01 3.08215046e+01
    3.18809738e+01 2.87199211e+01 3.07993050e+01 3.01233311e+01
    2.86138916e+01 3.01756077e+01 3.00334339e+01 3.16764011e+01
    2.92840824e+01 3.16969051e+01 3.25083237e+01 3.25662193e+01
    3.12011642e+01 3.12263718e+01 3.27599144e+01 3.24104996e+01
    3.38654442e+01 3.22013092e+01 3.13973370e+01 3.08486958e+01
    2.89305668e+01 2.73416958e+01 2.83261051e+01 2.77371330e+01
    2.65009766e+01 2.63849735e+01 2.71889362e+01 2.86253757e+01
    2.75237141e+01 2.75048962e+01 3.11630917e+01 2.79962769e+01
    2.93429279e+01 3.10748959e+01 3.19972973e+01 3.07568474e+01
    3.42039299e+01 3.42421532e+01 3.16551914e+01 3.04797935e+01
    3.22437515e+01 2.95051918e+01 3.06227913e+01 3.17195873e+01
    3.03645172e+01 3.03727379e+01 2.94853287e+01 2.82370777e+01
    2.91014595e+01 2.90922050e+01 2.80622597e+01 2.84123211e+01
    3.05495052e+01 3.01124935e+01 2.99527779e+01 3.11789913e+01
    3.05545654e+01 2.97316380e+01 3.16356010e+01 3.05939922e+01
    2.95549736e+01 2.91321392e+01 3.02053947e+01 3.04950104e+01
    2.88253689e+01 3.01237068e+01 3.02307453e+01 3.08640461e+01
    3.28871040e+01 3.19349079e+01 3.16743107e+01 3.21274834e+01
    3.16865654e+01 3.12405777e+01 3.15901337e+01 3.04738960e+01
    3.19354305e+01 3.03180561e+01 2.85250683e+01 3.11604729e+01
    2.82079163e+01 3.01480808e+01 3.06281910e+01 3.00861359e+01
    3.19941425e+01 2.99060230e+01 3.12608204e+01 3.17920990e+01
    3.12002563e+01 3.09613514e+01 3.10002308e+01 3.35992165e+01
    3.07581844e+01 3.07205772e+01 2.97260857e+01 2.92647686e+01
    2.92895241e+01 2.80444565e+01 2.91491547e+01 2.69768600e+01
    2.72495689e+01 2.87128525e+01 2.87069588e+01 2.83841648e+01
    3.06509552e+01 2.89627800e+01 3.01029091e+01 3.01772385e+01
    3.03871899e+01 2.94030170e+01 3.04115791e+01 3.14242249e+01
    3.13277073e+01 3.00972157e+01 3.02909126e+01 3.02258930e+01
    2.86371899e+01 2.86252842e+01 2.95109253e+01 2.89809399e+01
    3.06067543e+01 2.91054649e+01 3.00648479e+01 3.03645878e+01
    3.05704479e+01 2.98930550e+01 3.28340187e+01 3.25132523e+01
    3.06628780e+01 2.95370827e+01 3.30225449e+01 3.26119957e+01
    3.23150177e+01 3.11812401e+01 3.14118519e+01 3.08601131e+01
    2.84401951e+01 3.13494396e+01 2.96761055e+01 3.06768532e+01
    3.02261372e+01 2.85325928e+01 2.94864788e+01 3.00847473e+01
    2.94336681e+01 3.08790760e+01 3.21234016e+01 3.21779060e+01
    3.22221031e+01 3.08906822e+01 3.34392929e+01 3.14546757e+01
    3.07730656e+01 3.12485447e+01 2.97645473e+01 3.10816154e+01
    2.91418495e+01 3.10491047e+01 2.86748409e+01 2.87406540e+01
    2.93707104e+01 3.01336613e+01 3.04019814e+01 3.02385578e+01
    3.15592957e+01 3.13229866e+01 3.21057014e+01 3.13472977e+01
    3.05363312e+01 3.16687870e+01 2.94609013e+01 2.90082951e+01
    2.89239693e+01 2.87219563e+01 2.82882347e+01 2.84999809e+01
    3.01406441e+01 2.89022026e+01 2.78290253e+01 2.85865288e+01
    2.99588375e+01 2.85026703e+01 2.96507015e+01 2.79629478e+01
    3.02578850e+01 2.85992489e+01 2.67377033e+01 2.77056141e+01
    2.80296078e+01 2.95508080e+01 2.89095211e+01 2.74429379e+01
    2.84858627e+01 2.74343376e+01 2.61290760e+01 2.53314114e+01
    2.60904961e+01 2.75124645e+01 2.69671345e+01 2.58834209e+01
    2.52182407e+01 2.72511959e+01 2.78679924e+01 2.96361141e+01
    2.84940624e+01 3.01879234e+01 2.81541252e+01 2.99091663e+01</data></your_img>
</opencv_storage>
