<?xml version="1.0"?>
<opencv_storage>
<test_hist type_id="opencv-matrix">
  <rows>256</rows>
  <cols>1</cols>
  <dt>f</dt>
  <data>
    4.21930151e-03 1.03556877e-03 1.53206335e-03 5.55252249e-04
    3.54913576e-03 2.01786426e-03 4.70811082e-03 5.64295053e-03
    2.97637470e-03 1.03192555e-03 6.92522386e-03 4.48662136e-03
    6.00045593e-03 5.14901988e-03 7.33186584e-03 1.75435923e-03
    1.36278989e-03 3.33793648e-03 6.09560916e-03 1.83826103e-03
    4.50739637e-03 1.87170040e-03 6.60323538e-03 4.23987536e-03
    4.95813508e-03 4.51318640e-03 4.42064926e-03 2.91221868e-03
    7.75375590e-03 3.04874266e-03 2.43289536e-03 3.57895577e-03
    1.72374840e-03 4.04172111e-03 3.39624332e-03 7.46109756e-03
    4.24966123e-03 1.15735969e-03 1.98433991e-03 3.65874986e-03
    5.27155772e-03 1.27290993e-03 3.57506750e-03 6.29276689e-03
    7.48306746e-03 1.81830066e-04 6.06294861e-03 5.98836411e-03
    5.34155220e-03 4.29402851e-03 5.31170890e-03 5.13361627e-03
    7.56647531e-03 5.23970881e-03 2.52301921e-03 5.20140864e-03
    4.84609464e-03 1.32368470e-03 7.00825884e-04 3.88427684e-03
    1.54576567e-03 7.28311855e-03 3.07898689e-03 5.73743787e-03
    7.58489128e-04 6.18274324e-03 7.81114446e-03 6.36796420e-03
    1.11774413e-03 4.72327555e-03 5.87255927e-03 5.95789496e-03
    3.46529734e-04 6.85562752e-03 7.54417665e-03 5.74336248e-03
    7.53081730e-03 4.50440031e-03 2.54566222e-03 6.42462913e-03
    1.81080983e-03 6.30442053e-03 1.73048186e-03 6.25806814e-03
    6.95801200e-03 7.52339792e-03 2.34815804e-03 6.73484756e-03
    2.89801811e-03 2.97227525e-03 1.54894090e-03 1.02215924e-03
    6.18981849e-03 8.38568842e-04 1.09424058e-03 5.54548018e-03
    1.77978072e-04 1.19154109e-03 3.67542659e-03 4.83990740e-03
    2.53080623e-03 2.43320130e-03 5.28680021e-03 7.66236521e-03
    1.11243827e-03 7.09996652e-03 3.22633027e-03 3.34544457e-03
    5.41370595e-03 1.69570069e-03 3.76237184e-03 3.75221157e-03
    5.31076221e-03 3.05137876e-03 1.74383691e-04 5.12318732e-03
    6.96229609e-03 6.01902464e-03 4.86448640e-03 5.15549956e-03
    5.29960264e-03 5.72092645e-03 6.99290773e-03 1.97893428e-03
    3.44208605e-03 6.76421961e-03 2.95742997e-03 5.00273844e-03
    6.74522296e-03 3.99684487e-03 2.89934943e-03 7.56629370e-03
    5.24559012e-03 5.22026373e-03 4.40462912e-03 2.81767943e-03
    2.92010233e-03 3.20231402e-03 4.74352244e-04 6.19874382e-03
    1.17604877e-03 7.19894143e-03 4.69868100e-04 2.08609481e-03
    2.39728228e-03 2.37243553e-03 4.58881492e-03 1.92396552e-03
    3.03801848e-03 2.28987308e-03 7.40040466e-03 8.40298017e-04
    2.17831437e-03 4.19220841e-03 3.28779663e-03 6.31294074e-03
    6.47352450e-03 1.57292210e-03 2.35367403e-03 4.14712913e-03
    5.98991010e-03 6.40346995e-03 4.75561898e-03 3.70431319e-03
    2.26946804e-03 3.60901980e-03 2.42236746e-03 1.81260053e-03
    8.25052150e-04 3.07948422e-03 3.37741850e-03 6.48393761e-04
    6.90325047e-04 2.05901940e-03 1.47706666e-03 5.06615127e-03
    1.71093747e-03 4.13288409e-03 4.19274159e-03 4.86475136e-03
    4.64885775e-03 3.60842631e-03 5.95616875e-03 1.37613417e-04
    6.33185613e-04 6.20989315e-03 4.81939502e-03 6.33977726e-03
    2.79849884e-03 2.58312956e-03 7.05814408e-03 1.83742866e-03
    2.71364278e-03 6.84116618e-04 2.77091097e-03 7.54554057e-03
    6.90064905e-03 1.51296111e-03 4.66609001e-03 4.97404858e-03
    1.68567919e-03 2.17730924e-03 4.33530379e-03 4.86023957e-03
    4.11197823e-03 4.48947679e-03 3.48928734e-03 3.30143888e-03
    2.73632212e-03 5.99874370e-03 1.94712658e-03 6.35930151e-03
    2.70791678e-03 1.14819710e-03 5.30091347e-03 2.33415165e-03
    3.31506110e-03 2.89995968e-03 3.58479680e-03 6.36290992e-03
    5.30494004e-03 6.11240231e-03 1.65950810e-03 6.61468087e-03
    2.56045628e-03 4.08276496e-03 1.70828437e-03 4.66322573e-03
    7.73463910e-03 3.57937720e-03 3.71246482e-03 3.89636890e-03
    1.56824791e-03 1.16527232e-03 5.80430438e-04 9.42385406e-04
    4.22580168e-03 4.90208948e-03 4.51439153e-03 6.82391133e-03
    1.18458469e-03 1.34936708e-03 6.00857078e-04 3.41915619e-03
    7.00646453e-03 3.88266286e-03 1.88828900e-03 6.50884677e-03
    3.32906260e-03 4.50796681e-03 2.47426284e-03 7.41217472e-03
    5.21473773e-03 7.23184226e-03 5.09867072e-03 6.16533391e-04</data></test_hist>
<p_value>8.3999999999999997e-01</p_value>
<my_p>214</my_p>
<your_p>0</your_p>
</opencv_storage>
