<?xml version="1.0"?>
<opencv_storage>
<grad type_id="opencv-matrix">
  <rows>10</rows>
  <cols>10</cols>
  <dt>f</dt>
  <data>
    1.48239441e+02 5.15494766e+01 2.19470627e+02 1.49461533e+02
    2.34064178e+02 1.22584953e+02 3.13814850e+01 1.94566269e+02
    9.43937836e+01 1.55729202e+02 1.26206436e+02 2.50748749e+02
    2.54018127e+02 1.92419357e+01 1.04644653e+02 7.63520660e+01
    2.46917801e+01 2.47151917e+02 1.56671188e+02 1.05758888e+02
    2.34631546e+02 5.71933289e+01 1.42662888e+02 1.44845886e+01
    2.39259949e+02 8.38649292e+01 1.02963669e+02 1.91214081e+02
    1.26097076e+02 4.00338745e+00 2.35564087e+02 1.02188339e+02
    1.44839920e+02 9.79689636e+01 2.41606110e+02 8.04307556e+01
    1.63506821e+02 6.38315048e+01 2.02563324e+01 2.50530807e+02
    9.80404968e+01 2.46987228e+02 2.25735550e+02 1.92125504e+02
    1.27088104e+02 1.58339798e+02 1.33677795e+02 5.36371613e+01
    6.54548798e+01 8.18353653e+01 1.06738937e+02 1.29023193e+02
    1.55160446e+02 1.02057808e+02 2.02432953e+02 6.69771729e+01
    2.28333176e+02 1.92341324e+02 6.84865265e+01 2.51603485e+02
    5.52240982e+01 2.15088837e+02 2.24439911e+02 1.54392899e+02
    2.42620728e+02 1.20244812e+02 1.50894562e+02 2.08492737e+02
    1.49830154e+02 7.24722290e+00 1.80191437e+02 1.10992645e+02
    5.22715912e+01 1.65764450e+02 1.69280212e+02 9.02123032e+01
    8.84450378e+01 1.04751740e+02 1.73227036e+02 1.19741661e+02
    1.42203812e+02 1.47785187e+02 1.26407082e+02 1.51203705e+02
    1.02713112e+02 2.46715607e+02 1.81616409e+02 1.17057220e+02
    3.22075806e+01 2.10862335e+02 3.12136002e+01 2.25452301e+02
    2.09711075e+02 1.56758560e+02 9.97825165e+01 9.50580902e+01
    1.65199020e+02 7.32360840e+00 1.70553940e+02 1.94168793e+02</data></grad>
<my_hist type_id="opencv-matrix">
  <rows>105</rows>
  <cols>1</cols>
  <dt>f</dt>
  <data>
    0. 1. 1. 1. 0. 1. 0. 1. 1. 0. 1. 0. 2. 1. 0. 0. 0. 0. 0. 0. 0. 2. 2.
    1. 0. 0. 1. 2. 1. 0. 0. 1. 0. 2. 1. 0. 1. 1. 0. 2. 2. 1. 4. 3. 1. 1.
    0. 0. 1. 2. 1. 0. 4. 1. 0. 1. 0. 0. 2. 1. 0. 4. 2. 1. 4. 1. 0. 1. 2.
    1. 1. 1. 0. 0. 1. 1. 0. 0. 0. 3. 2. 0. 0. 1. 0. 0. 2. 1. 1. 0. 1. 0.
    1. 2. 1. 0. 2. 1. 1. 1. 1. 1. 2. 2. 1.</data></my_hist>
<your_hist type_id="opencv-matrix">
  <rows>105</rows>
  <cols>1</cols>
  <dt>f</dt>
  <data>
    0. 1.01010101e-02 1.01010101e-02 1.01010101e-02 0. 1.01010101e-02 0.
    1.01010101e-02 1.01010101e-02 0. 1.01010101e-02 0. 2.02020202e-02
    1.01010101e-02 0. 0. 0. 0. 0. 0. 0. 2.02020202e-02 2.02020202e-02
    1.01010101e-02 0. 0. 1.01010101e-02 2.02020202e-02 1.01010101e-02 0.
    0. 1.01010101e-02 0. 2.02020202e-02 1.01010101e-02 0. 1.01010101e-02
    1.01010101e-02 0. 2.02020202e-02 2.02020202e-02 1.01010101e-02
    4.04040404e-02 3.03030312e-02 1.01010101e-02 1.01010101e-02 0. 0.
    1.01010101e-02 2.02020202e-02 1.01010101e-02 0. 4.04040404e-02
    1.01010101e-02 0. 1.01010101e-02 0. 0. 2.02020202e-02 1.01010101e-02
    0. 4.04040404e-02 2.02020202e-02 1.01010101e-02 4.04040404e-02
    1.01010101e-02 0. 1.01010101e-02 2.02020202e-02 1.01010101e-02
    1.01010101e-02 1.01010101e-02 0. 0. 1.01010101e-02 1.01010101e-02 0.
    0. 0. 3.03030312e-02 2.02020202e-02 0. 0. 1.01010101e-02 0. 0.
    2.02020202e-02 1.01010101e-02 1.01010101e-02 0. 1.01010101e-02 0.
    1.01010101e-02 2.02020202e-02 1.01010101e-02 0. 2.02020202e-02
    1.01010101e-02 1.01010101e-02 1.01010101e-02 1.01010101e-02
    1.01010101e-02 2.02020202e-02 2.02020202e-02 1.01010101e-02</data></your_hist>
<my_max_grad>2.5401812744140625e+02</my_max_grad>
<your_max_grad>2.5401812744140625e+02</your_max_grad>
</opencv_storage>
