<?xml version="1.0"?>
<opencv_storage>
<L2>3.1075698137283325e-01</L2>
<cm type_id="opencv-matrix">
  <rows>2</rows>
  <cols>2</cols>
  <dt>f</dt>
  <data>
    39. 96. 77. 74.</data></cm>
<my_v>3.1075698137283325e-01</my_v>
<your_v>0.</your_v>
</opencv_storage>
