<?xml version="1.0"?>
<opencv_storage>
<L2>1.</L2>
<cm type_id="opencv-matrix">
  <rows>2</rows>
  <cols>2</cols>
  <dt>f</dt>
  <data>
    86. 25. 0. 48.</data></cm>
<my_v>1.</my_v>
<your_v>0.</your_v>
</opencv_storage>
