<?xml version="1.0"?>
<opencv_storage>
<norm_v>5.8037014051379310e+03</norm_v>
<my_edges type_id="opencv-matrix">
  <rows>256</rows>
  <cols>256</cols>
  <dt>u</dt>
  <data>
    0 0 0 0 255 0 255 0 255 0 0 0 0 0 0 255 0 0 255 0 0 0 0 255 0 0 0 0
    255 0 0 0 0 0 0 255 0 0 255 0 255 0 255 0 0 0 255 0 255 0 0 0 0 0 0
    0 0 0 255 0 0 255 0 255 0 255 0 0 255 0 0 0 0 0 0 255 0 255 0 0 0 0
    0 0 0 0 255 0 255 0 0 0 0 0 255 0 255 0 0 0 0 0 255 0 0 0 0 255 0
    255 0 0 0 0 255 0 255 0 0 0 0 255 0 0 0 0 0 255 0 0 255 0 0 0 0 0 0
    0 255 0 0 255 0 0 0 0 0 0 0 0 255 0 0 0 0 0 255 0 0 0 0 255 0 0 0 0
    0 0 0 255 0 0 0 0 0 0 255 0 0 255 0 255 0 255 0 0 0 0 0 0 0 0 0 255
    0 0 0 0 0 255 0 255 0 0 255 0 255 0 255 0 0 0 0 0 0 0 0 0 0 255 0 0
    255 0 255 0 255 0 0 0 0 255 0 255 0 0 0 0 0 255 0 0 0 0 255 0 255 0
    0 0 0 255 0 0 255 0 0 0 0 255 0 255 0 255 0 255 0 255 0 0 0 255 255
    0 255 0 255 0 0 0 255 0 0 255 0 255 0 255 255 255 255 0 255 255 0
    255 0 0 0 255 255 0 255 0 255 255 0 0 0 0 0 255 255 0 255 0 255 0 0
    0 0 0 0 0 255 0 0 0 255 255 255 255 0 255 255 0 0 255 0 0 0 0 255
    255 255 0 0 0 0 0 255 255 0 0 255 0 0 255 0 0 0 255 0 255 0 255 0 0
    0 0 255 255 255 0 0 0 0 255 255 0 255 0 255 0 255 255 0 0 0 255 0 0
    0 0 0 255 255 0 0 255 255 0 0 0 0 0 255 0 0 0 0 0 0 255 255 0 0 255
    0 0 0 0 0 0 0 0 0 255 0 0 0 255 0 255 255 0 0 0 255 255 0 0 0 0 0
    255 0 0 255 255 0 255 0 0 255 255 0 255 0 0 0 255 255 0 255 0 0 0
    255 255 255 255 0 0 0 0 255 255 255 255 0 255 255 0 0 0 255 255 0 0
    255 255 0 0 0 255 0 255 0 0 255 0 255 0 0 0 255 255 0 0 255 0 255 0
    255 0 0 0 0 0 0 255 255 255 0 255 0 0 255 0 255 0 255 0 0 255 0 0 0
    0 255 0 255 0 0 0 0 0 255 0 255 0 0 0 0 255 255 255 255 0 0 255 0
    255 0 0 0 255 0 0 255 255 0 255 255 0 0 255 0 255 255 0 255 255 255
    0 0 0 0 255 0 0 0 0 0 0 0 0 0 0 0 0 0 0 255 0 0 0 255 0 255 0 0 0
    255 0 0 0 0 255 0 255 0 255 0 0 255 0 0 0 0 0 0 0 255 0 0 0 0 255 0
    0 0 255 0 255 0 0 0 0 255 0 255 0 0 0 0 0 0 0 0 255 255 0 255 255
    255 0 0 0 0 255 0 255 0 0 0 0 0 0 255 0 255 255 255 255 0 255 0 255
    255 0 255 0 255 0 0 0 0 255 255 0 255 255 0 0 255 0 0 0 0 0 255 0 0
    255 0 255 0 0 0 0 255 0 0 0 0 255 0 0 255 0 255 0 0 255 0 255 0 0 0
    0 0 0 255 255 0 0 255 0 255 0 0 255 0 0 255 255 255 255 0 255 255 0
    0 0 255 255 0 0 255 0 0 0 0 0 0 255 0 0 0 0 0 255 255 255 0 0 0 0
    255 0 0 0 0 255 0 0 0 0 0 0 0 255 0 0 0 0 0 0 255 0 0 0 255 0 0 0 0
    0 255 0 0 255 0 255 0 0 0 0 255 0 0 0 0 0 0 0 255 0 0 0 255 0 0 255
    0 255 0 0 255 255 255 255 0 0 0 0 0 0 0 0 0 255 0 255 0 0 255 255 0
    255 255 0 0 255 255 0 0 0 0 255 0 0 255 0 0 255 255 0 0 0 0 0 0 0 0
    0 0 255 255 0 255 0 255 255 0 0 255 0 0 0 0 0 0 0 0 0 255 255 0 0 0
    0 0 0 0 255 0 255 0 0 0 0 0 0 0 255 0 0 0 255 0 0 0 0 0 0 0 0 255 0
    0 0 0 0 0 0 0 255 255 255 0 255 255 255 0 0 0 0 255 0 0 255 0 255
    255 0 255 0 0 255 255 0 0 255 255 0 0 0 0 0 0 0 0 0 255 0 0 0 0 0 0
    0 0 0 0 0 255 0 0 0 0 0 0 0 0 0 0 0 0 0 0 0 0 0 0 0 0 0 0 0 255 0
    255 0 0 0 0 0 0 0 0 0 0 0 0 0 0 0 0 0 255 0 255 0 0 0 0 0 255 0 0 0
    0 0 0 255 0 255 0 0 0 0 0 255 0 0 0 0 0 0 255 255 0 255 255 0 0 0 0
    255 0 0 0 255 255 255 255 0 0 255 0 255 0 0 0 255 0 255 0 255 255
    255 0 0 255 255 255 0 0 0 0 0 255 0 0 0 255 0 0 0 255 0 0 0 0 0 255
    0 0 0 0 0 0 0 0 0 255 0 255 255 0 0 0 0 0 0 0 255 0 255 0 255 0 0 0
    0 0 255 0 0 0 255 0 255 0 0 0 0 0 0 255 0 0 0 0 0 0 0 0 0 0 0 0 255
    0 0 255 0 0 0 0 0 255 0 255 0 255 0 255 255 255 0 0 0 0 255 0 0 0 0
    0 0 0 255 0 255 0 255 255 255 0 0 255 255 255 255 0 255 0 0 0 0 0 0
    0 0 0 0 0 255 0 255 0 0 0 0 0 0 255 0 0 0 0 255 255 0 0 255 0 0 0
    255 255 0 0 0 0 0 0 255 0 0 0 0 0 0 255 0 255 255 255 255 255 0 255
    0 0 0 0 0 0 0 0 0 0 255 0 0 255 0 0 0 0 0 0 255 255 255 0 0 0 255 0
    255 0 255 0 255 255 0 0 255 0 0 255 0 0 0 0 0 0 0 0 0 0 0 0 0 255 0
    0 0 0 255 255 255 255 0 0 0 0 255 0 255 0 255 0 0 0 0 0 0 0 255 0 0
    0 255 0 0 0 0 0 255 0 255 255 0 0 0 0 0 0 0 0 0 0 0 0 0 0 0 0 255 0
    0 0 0 0 255 0 0 0 0 0 0 255 0 0 0 0 255 255 0 0 0 0 255 255 255 0 0
    0 0 255 0 0 0 255 255 0 0 0 0 0 0 0 0 0 0 0 0 0 0 0 0 0 0 0 0 0 255
    0 0 0 0 0 0 255 255 255 0 0 0 0 0 0 0 0 0 0 0 255 0 0 0 0 0 0 0 255
    0 255 0 0 0 0 0 0 0 0 0 0 255 0 0 255 0 255 0 255 0 0 255 0 0 0 0 0
    0 0 0 0 255 0 0 0 0 0 0 0 0 0 0 0 0 255 255 0 255 0 255 0 0 0 255 0
    0 0 255 0 255 0 0 0 0 0 0 0 0 0 255 0 255 255 0 0 0 0 0 255 255 0 0
    0 255 255 255 0 255 0 0 255 255 0 0 0 0 255 0 0 0 0 0 0 0 255 0 255
    255 0 0 255 255 0 255 255 0 0 0 0 0 0 0 0 0 255 255 255 255 0 0 255
    255 0 0 0 0 0 0 0 0 255 0 0 0 0 0 0 0 0 255 0 0 255 0 0 255 0 0 255
    255 255 0 0 255 255 0 0 0 0 255 0 0 0 0 0 0 0 0 0 255 255 0 0 0 0 0
    0 0 0 0 255 0 0 0 255 0 0 255 0 255 255 255 255 255 0 0 255 0 0 0 0
    0 0 0 0 255 0 0 0 0 0 0 0 0 255 0 0 0 0 0 0 0 0 0 0 255 0 0 0 255
    255 255 255 0 255 0 0 255 0 255 0 0 0 0 0 0 0 0 0 0 0 0 0 0 255 0
    255 0 0 0 0 255 0 0 0 0 0 0 0 0 255 0 255 0 0 0 0 0 0 0 0 0 0 0 0
    255 255 255 0 0 0 255 0 0 255 0 0 0 255 0 0 0 255 0 0 0 0 0 0 0 0 0
    255 0 0 0 0 0 255 0 255 0 0 255 0 0 255 255 0 0 255 0 0 255 0 0 0 0
    0 0 255 0 0 255 0 0 0 0 0 0 0 0 0 0 0 0 0 255 0 0 0 255 0 0 0 0 0
    255 255 0 0 0 0 0 0 0 0 0 0 0 0 0 0 255 0 0 0 0 0 0 255 0 0 0 0 0 0
    255 0 255 255 0 0 255 0 0 255 255 0 255 0 0 0 0 255 0 0 0 255 0 0 0
    255 255 0 0 0 0 0 0 255 0 0 255 0 255 0 0 0 0 0 0 0 255 0 0 0 0 0 0
    255 0 255 255 255 0 0 0 0 0 0 255 0 255 0 0 255 255 0 0 0 0 255 0 0
    0 0 0 0 0 255 0 255 0 255 0 0 0 0 0 0 255 0 255 255 0 0 0 0 0 0 0 0
    255 0 255 0 0 0 0 0 0 0 0 0 0 0 255 0 0 255 0 0 0 0 0 255 0 255 0 0
    0 0 0 255 0 255 0 0 255 255 255 0 0 0 0 255 0 0 0 0 255 255 255 0 0
    0 255 0 0 255 255 0 0 0 0 255 0 0 255 0 0 0 255 0 0 0 255 0 255 0
    255 0 255 0 0 0 255 0 0 0 255 0 0 0 255 0 255 0 0 0 0 0 0 0 0 0 0 0
    0 255 0 0 0 255 255 255 255 0 0 0 0 255 0 0 255 0 0 0 255 255 255
    255 255 0 0 0 0 255 0 0 0 0 0 0 0 255 0 255 0 0 0 255 0 255 0 0 0 0
    0 255 0 0 255 0 0 0 255 0 0 0 0 0 255 0 0 0 255 255 0 0 0 0 0 0 255
    255 0 255 0 0 0 0 0 0 0 0 0 0 0 0 0 255 0 0 0 0 0 255 0 0 255 0 0 0
    0 0 255 0 255 255 0 0 0 255 0 0 0 0 0 255 0 0 0 0 0 255 255 0 255 0
    0 0 0 0 0 0 0 0 255 0 0 0 0 0 0 0 255 255 255 0 255 0 0 0 0 0 0 0
    255 0 255 0 0 0 0 255 0 0 255 255 0 0 0 0 0 0 0 0 255 0 0 0 255 0 0
    0 0 255 255 255 255 0 0 255 0 0 0 0 0 0 255 0 0 0 0 0 0 255 255 0 0
    0 255 255 0 255 0 255 0 255 0 0 255 0 255 255 0 0 0 0 0 0 255 0 0 0
    0 0 0 0 0 0 0 0 0 0 255 0 0 0 0 0 255 0 255 0 0 0 255 0 255 0 0 255
    0 0 0 0 255 0 255 255 0 255 0 0 0 0 255 0 0 255 0 0 255 0 0 255 255
    255 0 255 0 255 0 0 0 0 0 255 0 0 0 0 0 0 255 0 255 0 0 0 0 0 0 0 0
    255 0 0 255 0 0 0 0 255 0 0 255 255 0 0 0 0 0 0 255 0 0 0 0 0 255
    255 0 0 255 0 255 0 0 0 0 255 255 0 255 0 255 0 255 0 255 0 0 0 255
    0 0 0 0 0 0 255 255 0 255 0 255 0 0 0 0 0 255 0 0 0 0 0 0 255 0 0 0
    0 255 0 0 0 0 0 0 255 0 0 0 255 0 0 0 0 0 0 0 255 0 0 255 0 0 255 0
    255 255 0 0 0 0 0 255 0 0 0 255 0 0 255 0 255 0 0 255 255 0 0 0 255
    0 0 255 255 255 0 0 0 0 255 0 255 0 0 0 0 0 0 0 255 255 0 0 255 255
    0 255 0 255 0 255 0 0 0 0 0 0 0 0 0 0 0 255 255 255 0 0 0 255 255
    255 0 0 255 0 0 255 0 255 0 0 255 0 0 255 0 0 255 0 255 0 0 0 0 0 0
    255 0 0 255 0 255 0 255 255 255 0 0 255 0 255 0 0 0 255 0 0 255 255
    255 255 255 255 0 255 255 255 255 0 0 0 0 0 0 0 255 255 0 0 0 0 0 0
    0 0 0 255 255 0 255 255 255 255 0 0 255 0 0 0 255 0 0 0 0 0 255 0
    255 0 255 0 0 255 0 255 0 0 0 0 0 0 0 0 255 0 0 0 0 255 0 255 0 0 0
    0 255 0 0 0 0 255 255 0 0 255 255 0 0 0 0 0 0 255 255 0 0 255 0 0 0
    0 0 255 255 0 0 0 0 0 0 0 255 0 255 0 0 255 255 0 0 255 0 0 0 0 255
    0 255 0 0 0 255 0 0 0 0 255 0 0 0 0 255 0 0 255 0 0 255 0 0 255 0 0
    0 255 0 255 0 0 255 0 0 255 255 255 0 255 0 0 0 0 255 0 0 255 0 0 0
    255 0 0 0 0 0 0 255 255 0 0 0 0 0 0 0 0 0 255 0 255 0 255 0 0 0 255
    0 255 0 0 0 255 0 255 0 0 255 0 0 255 0 0 255 255 0 0 255 0 0 0 0 0
    0 0 255 255 255 0 255 255 255 0 0 0 0 0 255 0 0 0 0 0 0 255 255 255
    0 0 0 0 255 255 0 0 0 0 255 0 0 0 0 0 0 0 0 0 0 0 0 0 0 0 0 0 0 0 0
    0 0 0 0 255 255 0 0 0 0 0 0 0 255 255 0 255 0 0 0 255 0 255 255 0 0
    0 0 0 0 255 0 0 0 0 0 255 255 255 0 0 255 0 0 0 0 0 0 255 255 0 0 0
    255 255 0 0 0 0 0 255 0 0 0 255 0 0 255 255 0 0 255 0 0 0 0 0 0 0 0
    255 0 0 0 0 255 0 0 255 0 0 255 0 0 0 255 0 255 0 0 255 255 0 0 255
    0 255 0 255 0 0 255 0 0 0 0 0 0 255 0 0 0 0 0 255 0 0 0 255 0 0 0 0
    0 0 255 0 0 0 0 0 0 255 0 0 0 0 0 0 255 255 0 0 0 0 0 0 255 255 0 0
    255 0 0 0 255 0 0 255 255 255 0 0 0 255 0 255 0 0 255 0 255 0 0 255
    0 0 0 0 255 255 255 0 0 255 0 0 255 255 255 0 0 0 0 0 0 0 0 0 0 0 0
    0 0 0 255 0 0 0 0 0 0 0 0 0 255 0 0 0 0 0 255 0 255 255 255 0 0 0
    255 255 0 255 0 0 0 0 0 0 0 255 0 0 0 255 0 0 255 0 255 0 0 0 255 0
    0 0 0 255 0 0 0 0 255 255 255 255 255 0 0 0 0 255 255 0 255 0 255 0
    0 0 255 0 0 0 0 255 0 255 0 255 0 0 255 0 0 0 0 255 0 0 0 0 0 0 255
    0 0 255 0 0 0 255 255 0 0 0 0 0 0 255 0 0 0 0 0 255 0 255 255 0 255
    0 255 255 0 0 0 0 255 255 0 0 255 255 255 0 255 0 0 0 0 0 0 255 255
    0 0 0 0 0 0 0 0 255 0 0 0 0 255 255 0 255 255 0 255 255 0 0 0 0 255
    0 255 0 0 0 0 0 0 0 0 0 0 255 0 0 0 0 0 0 255 0 0 0 255 255 0 0 0 0
    255 0 255 0 0 0 0 0 0 255 255 255 0 0 0 0 0 0 255 0 255 0 255 0 0 0
    0 0 255 0 0 0 255 0 255 0 255 0 255 0 0 255 255 0 0 0 0 0 0 0 255 0
    0 0 0 0 0 0 0 0 0 255 0 255 0 0 0 255 0 0 255 0 0 0 0 255 255 0 255
    255 0 0 0 0 0 0 0 0 255 0 0 255 0 0 0 255 255 0 255 0 0 0 255 0 0 0
    255 0 255 0 0 0 255 0 255 255 0 255 0 0 255 0 0 0 0 255 0 0 0 0 255
    0 0 0 255 0 0 255 0 255 0 0 255 0 0 255 0 0 255 0 0 255 0 0 255 255
    255 255 0 0 0 255 255 0 0 0 255 0 0 0 0 255 255 0 0 0 255 0 255 0 0
    255 0 255 0 0 255 0 0 0 0 0 0 0 0 0 0 255 0 0 0 0 0 0 0 0 0 0 0 0 0
    0 0 0 0 0 255 0 0 255 0 0 0 255 0 0 0 255 0 0 0 0 0 255 0 0 0 0 0 0
    0 0 0 0 0 255 0 0 0 0 0 0 255 0 255 255 0 0 255 0 0 0 0 0 0 0 0 0
    255 0 0 0 255 0 255 0 0 255 0 0 255 0 255 0 0 255 0 0 255 0 255 0 0
    0 0 0 255 0 0 255 0 0 0 255 255 255 0 0 0 0 0 0 0 255 255 255 0 255
    0 255 255 0 0 255 0 0 255 0 0 0 0 0 0 0 0 0 255 0 0 0 0 0 0 0 0 0 0
    0 255 255 0 0 255 0 255 0 0 255 0 0 0 255 255 255 0 0 255 0 255 255
    0 255 255 255 0 0 255 0 0 255 255 255 0 0 0 255 0 0 255 255 0 0 0 0
    255 0 255 0 255 0 255 0 255 255 0 255 0 0 255 0 0 0 0 0 255 0 0 255
    255 0 0 0 255 0 0 0 0 0 255 255 0 0 255 0 255 0 0 0 0 255 255 0 0 0
    0 0 255 0 255 0 0 0 0 0 0 255 255 0 0 0 0 0 0 255 0 0 0 0 0 0 0 0 0
    255 0 0 255 0 0 0 0 0 255 0 0 0 255 0 0 0 255 0 0 0 0 0 255 255 255
    255 0 0 255 255 255 255 0 0 255 0 255 255 0 0 0 255 255 0 0 0 255 0
    0 255 0 0 0 255 0 0 0 0 0 255 0 0 0 0 0 0 0 0 0 0 255 0 0 255 0 0 0
    0 255 255 0 255 0 0 0 0 0 0 0 0 255 0 255 0 0 0 0 255 0 0 0 255 0
    255 0 0 0 255 0 255 0 255 0 0 255 255 255 0 255 0 0 0 0 255 0 0 0
    255 0 0 255 0 0 0 255 0 255 0 0 0 0 0 0 255 0 255 255 0 0 255 255 0
    0 0 0 0 0 255 255 0 0 0 0 255 255 0 255 0 0 255 255 0 0 0 255 0 255
    0 0 0 0 0 0 255 0 255 0 255 0 255 0 255 0 255 0 0 255 0 255 0 0 0 0
    255 255 0 0 0 0 0 0 0 0 0 255 255 255 0 0 255 0 0 255 0 0 0 0 0 255
    0 255 0 255 0 0 0 255 255 0 0 0 0 0 255 0 255 0 255 0 0 0 0 255 0 0
    0 0 0 0 255 255 0 0 255 0 0 0 0 255 0 0 0 255 0 0 0 0 255 0 0 0 255
    255 0 0 0 0 0 255 0 0 0 0 255 255 0 0 0 255 0 0 0 0 0 255 0 0 0 0 0
    0 255 0 0 255 0 0 0 255 0 255 0 0 0 0 0 255 255 0 255 255 255 255 0
    0 255 255 0 0 0 0 0 0 0 0 0 255 0 0 0 0 0 0 255 0 0 0 0 0 0 0 255 0
    255 0 0 0 0 255 0 0 0 255 0 0 0 0 0 0 255 0 0 255 0 255 255 0 0 0
    255 0 0 255 0 0 0 0 0 0 0 0 0 255 255 0 0 0 255 0 255 0 0 255 0 255
    255 0 0 0 255 0 0 255 0 0 0 0 0 255 255 0 0 0 255 0 0 0 0 0 255 0
    255 255 0 0 0 255 0 255 0 255 0 0 255 0 0 0 0 0 0 0 0 0 0 255 0 255
    0 0 0 255 0 0 0 0 255 255 0 0 0 0 0 0 0 0 0 255 255 0 0 255 255 0 0
    0 0 0 0 0 0 255 0 255 0 0 0 0 0 0 255 0 255 0 0 0 255 255 0 0 0 0
    255 0 0 255 0 0 0 0 0 255 0 0 255 255 0 0 255 0 0 0 0 0 255 0 0 0 0
    0 0 0 255 255 0 0 255 0 0 0 255 0 0 0 255 255 0 0 255 0 0 0 0 0 0 0
    0 0 0 255 0 0 0 0 0 0 0 255 0 255 0 0 0 0 0 0 0 0 0 0 0 0 0 0 255 0
    0 0 0 0 255 0 0 0 0 0 0 0 0 0 0 0 0 255 0 255 0 255 0 0 255 0 0 0 0
    255 0 0 0 255 0 0 0 0 0 0 255 0 0 255 0 0 0 0 0 0 255 0 0 255 255
    255 0 0 255 0 255 0 0 0 0 0 0 255 0 0 255 0 0 255 0 0 255 255 255 0
    255 0 0 255 0 0 0 0 255 255 255 0 255 255 255 0 0 255 0 0 255 255 0
    0 255 0 0 0 0 0 0 0 0 0 0 0 0 0 0 0 0 0 0 255 255 0 0 0 0 255 0 0 0
    0 0 0 0 0 255 0 255 255 0 0 255 0 0 0 255 255 255 0 0 0 0 255 255
    255 0 0 0 0 0 0 0 255 0 0 0 255 0 255 0 0 0 255 0 0 255 255 255 0 0
    0 0 0 255 0 0 0 0 0 0 0 0 0 0 0 0 255 0 255 255 0 0 0 0 0 0 0 0 0 0
    0 0 0 255 0 0 0 0 0 0 0 0 255 0 0 0 0 0 0 0 0 255 0 0 255 0 255 0 0
    255 0 0 0 0 0 0 0 0 0 0 255 0 255 255 0 0 0 255 0 0 0 0 0 255 255 0
    0 255 0 255 0 0 0 255 0 0 255 0 0 0 0 0 255 0 0 255 0 0 255 0 0 0
    255 0 0 0 0 255 0 0 0 0 0 0 255 0 0 0 0 255 255 0 0 255 255 0 255 0
    0 0 0 255 0 255 0 255 0 0 255 0 0 0 0 0 255 255 0 0 255 0 0 0 0 0 0
    0 0 0 0 0 255 0 0 0 0 0 0 255 0 0 0 0 255 0 0 255 0 0 255 255 0 0
    255 0 255 0 0 255 0 0 255 0 0 0 0 255 0 0 255 0 255 255 255 0 0 0
    255 0 255 0 0 255 0 255 0 0 0 0 255 0 0 0 0 0 0 0 0 0 0 0 255 255 0
    0 255 0 0 0 0 0 0 0 0 255 0 255 255 255 0 0 0 255 255 255 0 0 0 0 0
    0 255 255 0 255 255 0 0 255 255 255 0 0 0 0 0 255 255 0 0 0 0 0 0
    255 255 0 255 0 0 255 0 0 0 0 0 0 0 0 0 0 0 255 0 255 255 0 0 255 0
    0 0 0 0 0 0 0 255 0 0 255 0 0 0 255 0 255 255 255 255 0 0 0 0 255 0
    255 0 0 255 0 0 255 0 0 0 0 0 255 0 0 255 0 0 0 0 0 255 255 255 255
    0 0 0 0 255 0 0 0 0 0 255 0 255 0 0 255 0 0 0 0 0 0 0 255 0 0 0 255
    0 0 0 0 0 0 0 0 0 255 255 255 0 0 0 255 0 0 255 255 255 0 255 0 0 0
    0 255 0 255 0 0 0 0 0 255 0 0 0 0 0 255 0 255 0 0 255 0 255 0 0 255
    0 0 0 0 0 0 0 0 0 255 0 0 0 0 255 0 255 0 0 0 0 255 0 0 0 0 0 0 255
    0 0 0 255 255 0 0 255 0 0 0 0 0 0 0 0 255 255 0 0 255 255 255 0 0
    255 0 0 0 0 0 255 0 255 0 0 255 255 0 0 255 0 255 255 0 0 0 0 0 0 0
    0 0 255 0 0 0 0 255 255 255 0 255 0 0 255 0 0 0 0 0 0 0 0 0 0 0 0 0
    0 0 0 255 0 255 0 0 0 255 0 0 0 255 255 0 0 0 0 0 0 0 0 0 255 0 255
    0 0 0 0 0 0 0 0 0 0 0 255 0 0 0 0 0 0 0 255 0 255 255 0 0 0 0 0 0
    255 255 255 0 0 0 255 0 255 0 0 0 255 0 0 0 255 0 0 0 0 0 0 255 0 0
    0 0 0 0 255 255 255 0 255 0 0 255 0 255 255 255 0 0 0 0 0 0 0 255 0
    0 0 255 0 0 0 0 0 0 255 0 255 0 0 0 0 0 0 0 0 0 0 0 0 255 0 0 255 0
    0 0 0 0 0 0 0 255 255 0 0 255 0 255 0 255 0 0 0 0 0 255 0 0 255 255
    0 255 255 255 255 0 0 0 0 0 0 0 0 0 0 0 0 0 0 0 0 0 0 0 0 0 255 255
    0 0 0 255 0 0 255 0 0 0 255 0 0 255 0 0 255 0 0 0 0 0 0 0 0 0 255 0
    0 0 255 0 0 0 255 255 0 0 0 255 0 0 0 0 255 0 0 255 0 0 255 255 255
    0 255 0 0 0 255 0 0 0 0 0 0 0 0 255 255 0 0 255 0 255 255 0 0 255 0
    0 255 0 0 0 0 0 0 0 0 255 0 0 0 0 255 0 0 255 0 255 255 255 0 255
    255 0 255 0 255 0 255 0 255 0 255 0 0 0 0 0 0 255 255 0 0 255 255 0
    0 255 0 255 255 0 0 255 0 0 0 0 255 0 0 0 0 0 0 0 0 0 0 0 0 0 0 255
    0 0 0 255 0 0 255 0 0 0 0 0 0 0 0 255 255 255 255 0 0 255 0 0 0 0
    255 0 0 255 0 255 0 255 255 255 0 0 0 0 0 255 255 255 0 0 0 0 0 0 0
    0 0 0 0 0 0 0 0 0 255 0 0 0 255 0 0 255 0 255 0 0 255 0 255 0 255
    255 0 255 255 255 0 255 255 0 0 255 0 0 0 255 255 255 0 255 0 255 0
    0 0 0 0 0 0 0 0 0 255 0 255 255 0 0 255 0 0 0 0 255 255 0 0 0 0 0 0
    0 0 0 0 0 0 0 255 0 255 0 0 255 0 0 0 0 0 255 0 0 255 0 0 0 0 0 255
    0 0 255 0 0 0 0 0 0 0 0 0 255 0 0 0 0 0 0 0 255 255 0 0 0 0 0 0 0 0
    0 0 0 0 255 0 0 0 0 0 255 0 0 0 0 0 0 0 0 255 0 255 0 255 0 0 0 0 0
    255 0 0 0 0 0 0 0 255 0 0 0 0 0 0 0 255 255 0 0 0 0 0 255 0 0 0 255
    0 255 0 0 0 0 0 0 0 0 0 255 0 0 0 0 0 0 0 255 255 0 0 0 0 0 0 0 0 0
    0 0 255 0 255 0 0 255 255 0 0 0 0 255 0 255 255 255 0 0 0 0 0 0 255
    0 255 0 255 0 0 0 0 0 0 0 0 0 255 255 0 0 0 0 0 255 255 255 0 255 0
    0 0 255 0 0 255 0 255 0 255 0 255 0 0 255 0 0 0 255 255 0 255 0 255
    0 0 0 0 0 255 0 0 255 0 0 0 0 0 0 0 0 255 0 0 0 0 0 0 255 0 0 255
    255 0 0 255 0 0 0 0 0 0 0 0 0 0 0 0 0 0 255 255 0 0 0 0 0 0 0 0 0 0
    0 255 255 255 255 255 0 255 0 0 0 0 0 0 0 0 0 0 255 255 255 0 0 0 0
    255 0 0 0 0 255 0 0 0 0 0 0 0 255 255 255 255 0 255 0 255 0 0 0 255
    255 0 0 255 0 0 0 255 0 255 255 0 255 0 255 0 0 255 0 0 0 0 0 0 255
    0 0 255 255 255 0 0 0 0 0 0 255 255 0 0 255 255 0 0 0 255 255 255 0
    255 255 255 0 0 0 0 255 0 0 0 0 0 0 0 255 0 0 0 255 0 0 0 0 255 255
    255 0 255 0 0 0 0 0 255 0 0 0 0 0 255 0 0 0 255 0 0 0 255 255 255 0
    0 0 0 0 0 0 0 0 0 0 255 0 255 0 0 255 0 255 0 0 0 0 255 0 0 0 0 255
    255 0 255 255 0 255 0 0 0 255 0 0 0 0 0 0 255 0 0 0 0 0 255 255 0 0
    255 0 255 255 0 255 0 255 0 0 0 255 255 0 0 0 0 0 255 255 0 0 255 0
    0 0 0 0 0 0 255 0 0 255 0 0 0 0 0 0 0 0 0 0 255 0 0 0 0 255 0 0 0 0
    0 0 0 255 0 255 0 0 0 0 0 0 0 0 0 0 0 0 0 0 0 0 0 0 0 255 255 255 0
    255 255 0 0 0 0 255 0 0 255 0 0 255 0 0 255 0 0 255 0 0 255 0 0 0
    255 255 0 255 0 0 0 0 255 0 0 0 255 0 0 0 0 255 0 0 255 0 0 255 0
    255 255 255 0 255 0 0 0 0 0 0 0 255 0 0 0 0 0 0 0 0 0 0 0 0 255 0 0
    255 255 0 0 0 255 0 0 0 0 255 0 255 0 0 0 0 0 0 0 0 0 255 0 0 255
    255 0 0 255 255 0 255 0 0 0 0 255 0 0 0 0 0 0 0 0 0 0 255 0 255 0 0
    255 0 255 255 255 255 0 0 0 0 0 0 0 255 255 255 0 0 0 255 255 0 0 0
    0 255 0 255 255 255 0 255 255 0 0 0 0 0 0 0 0 0 0 0 255 0 0 255 0 0
    0 255 0 255 255 0 0 0 0 0 255 0 255 255 0 0 0 0 0 0 0 0 255 0 0 0 0
    0 0 0 0 255 0 0 0 0 0 0 255 0 0 0 0 0 0 0 0 0 255 0 255 0 0 0 0 255
    0 0 0 0 0 0 0 0 0 255 255 0 0 0 255 0 0 0 0 0 0 255 0 0 0 255 0 255
    0 0 255 0 0 0 255 255 0 0 255 0 0 255 255 0 0 255 255 255 0 0 0 0 0
    0 0 0 0 0 0 0 0 0 0 0 0 0 0 255 255 0 0 0 255 0 0 255 255 255 255
    255 255 0 255 255 0 0 0 255 255 0 0 0 0 255 255 0 255 0 0 255 0 0 0
    0 255 0 0 0 255 0 255 0 255 0 0 0 0 0 0 0 255 0 0 255 0 0 255 255 0
    0 0 0 0 255 0 0 255 0 255 0 0 0 255 255 255 0 0 255 0 0 255 0 0 0 0
    255 0 0 0 0 255 0 0 0 0 0 255 0 255 0 0 0 0 0 0 255 255 0 0 0 0 0 0
    0 0 0 0 255 0 0 255 255 0 255 0 255 255 255 0 255 0 0 0 0 255 0 0 0
    255 255 255 0 0 255 0 0 255 255 0 0 0 0 0 0 255 0 255 0 0 0 255 0 0
    0 0 0 255 0 255 255 0 0 255 0 0 0 0 255 0 0 0 0 0 0 255 0 255 0 0 0
    255 0 255 0 0 0 0 0 0 255 255 0 0 0 0 0 0 0 0 0 0 0 0 255 0 0 0 0 0
    0 0 0 0 255 0 0 0 0 255 0 0 0 0 0 0 0 255 255 0 0 255 0 0 0 0 255 0
    255 0 255 0 255 0 0 0 0 255 255 0 0 255 0 0 0 0 0 255 255 0 255 255
    255 255 255 0 255 0 255 255 0 0 0 255 0 0 255 0 255 0 0 0 0 255 0 0
    0 0 0 0 0 0 0 0 0 0 0 255 0 0 0 255 255 255 0 0 0 0 0 0 0 0 0 0 255
    0 0 0 255 0 0 255 255 0 255 0 255 0 0 255 255 0 0 0 0 0 0 0 255 0
    255 0 255 0 0 0 0 0 0 0 255 255 0 0 0 0 0 0 0 0 0 0 0 0 0 255 255 0
    255 0 255 0 0 0 0 0 255 0 0 0 255 0 0 0 0 0 0 255 0 0 0 255 255 255
    0 0 0 0 0 255 0 0 0 0 255 0 0 255 0 255 0 0 0 0 255 0 0 0 0 0 0 0
    255 0 255 0 0 255 0 0 0 0 0 0 0 0 0 255 0 0 255 0 0 0 0 0 0 0 0 255
    0 255 255 255 0 0 0 255 0 0 255 255 0 0 0 0 0 0 0 0 0 0 255 0 255 0
    0 255 255 255 0 0 0 255 0 0 255 255 0 0 0 0 0 0 255 0 255 0 0 0 0 0
    255 0 0 255 0 255 255 0 0 0 0 255 255 0 0 0 255 0 0 255 255 0 0 0
    255 255 0 0 0 0 255 255 255 0 255 255 0 0 255 0 0 0 0 0 255 0 255
    255 0 255 255 0 255 0 0 0 0 0 0 255 0 0 0 255 0 255 255 255 0 0 0
    255 0 0 255 0 255 255 0 255 255 0 0 0 255 255 0 0 0 0 0 0 0 0 0 0 0
    255 0 255 255 255 255 255 0 0 255 0 255 255 0 0 0 0 0 0 0 255 0 0 0
    255 255 0 0 0 255 0 0 0 255 0 0 255 0 0 255 0 255 0 255 0 0 0 0 255
    0 255 0 0 0 0 0 255 0 255 0 0 0 0 0 0 0 0 0 0 0 0 0 0 0 255 255 0 0
    255 0 0 0 0 255 255 0 0 0 0 0 0 0 0 0 255 0 0 255 0 0 255 0 0 0 255
    255 255 0 0 0 255 0 0 0 0 0 0 0 0 0 0 255 0 0 0 0 0 0 0 255 0 0 255
    0 255 0 255 0 0 0 255 255 255 0 0 0 0 0 0 0 0 0 255 0 0 0 255 255 0
    0 0 0 0 0 0 0 255 255 255 255 255 0 0 0 0 0 255 0 0 0 0 0 0 0 0 0 0
    0 255 0 0 0 0 0 255 0 255 0 255 0 0 255 0 0 0 0 0 0 0 0 255 255 0 0
    0 0 0 0 0 0 255 0 255 0 255 0 255 0 0 0 255 0 255 0 0 255 0 255 255
    0 0 0 255 0 255 0 255 0 0 0 0 0 0 0 0 0 0 255 0 255 0 0 0 0 0 0 0 0
    0 0 0 0 255 0 0 0 0 255 255 0 0 0 255 255 0 0 0 0 0 255 0 255 0 0 0
    0 0 255 0 0 0 255 0 255 0 255 0 0 255 0 0 0 0 0 0 0 0 0 0 0 255 0 0
    255 0 0 255 0 0 0 0 0 0 0 0 0 0 0 0 0 0 0 0 0 0 0 0 0 0 0 0 255 255
    0 0 255 0 255 0 0 255 0 255 0 0 255 0 255 0 255 0 255 0 0 0 0 0 0 0
    0 0 0 0 0 255 0 255 0 0 0 255 0 255 0 0 255 0 0 0 0 255 0 255 0 0 0
    0 0 0 0 0 0 255 0 255 0 0 0 0 0 0 255 0 0 0 0 0 0 0 255 0 0 0 255
    255 0 255 0 255 0 0 0 0 0 0 255 0 255 0 0 0 0 0 0 0 255 255 0 0 255
    0 0 255 255 0 0 0 0 0 0 0 0 0 0 0 0 0 0 0 0 0 0 0 0 0 0 255 255 0 0
    0 0 0 255 0 0 0 255 0 0 0 255 0 0 0 0 0 0 0 0 0 0 0 255 0 0 255 0
    255 255 255 255 0 0 255 255 255 255 0 0 0 0 0 255 0 255 0 0 0 0 0 0
    0 0 0 0 255 0 255 255 0 0 255 255 0 255 0 0 0 0 0 0 0 0 0 0 0 255
    255 0 0 0 0 0 0 0 0 255 0 255 0 0 0 255 255 255 0 0 0 0 0 0 0 0 0 0
    0 0 0 0 0 0 255 0 255 0 255 0 0 0 0 0 255 0 255 0 0 255 0 0 0 0 255
    0 0 0 255 0 0 0 0 0 0 0 0 0 0 0 0 0 255 0 0 0 0 0 0 255 255 0 0 0
    255 0 0 0 0 255 0 0 0 0 255 0 0 0 0 0 0 0 0 255 255 0 0 0 0 255 0
    255 0 255 255 0 255 0 255 0 255 0 0 0 0 0 0 255 0 255 0 0 0 0 0 255
    0 255 0 0 0 0 0 0 0 0 0 255 0 255 255 0 0 0 0 255 0 255 0 255 0 255
    0 255 0 0 0 255 255 0 255 255 0 0 0 255 0 0 0 0 0 255 0 0 255 0 0
    255 0 0 0 255 0 0 0 0 0 0 0 0 0 0 0 255 255 0 0 0 0 0 0 255 255 0 0
    0 0 0 0 0 255 0 0 0 0 0 0 0 0 255 0 0 255 255 0 0 0 0 0 0 255 0 0 0
    0 255 255 255 0 0 255 0 255 0 255 0 0 0 0 0 0 0 255 0 0 255 0 255
    255 0 0 0 0 0 255 0 0 255 0 0 0 0 0 0 0 0 0 0 0 0 0 0 0 0 0 0 0 0 0
    0 0 0 0 0 0 0 0 0 255 0 0 0 255 255 0 0 0 255 255 255 0 0 0 0 0 0 0
    0 0 0 0 255 0 0 255 0 0 0 0 0 0 0 0 0 0 255 255 0 255 0 0 255 0 0 0
    0 255 255 0 0 255 0 0 0 0 255 0 0 255 0 0 255 0 255 0 255 0 255 0 0
    0 0 255 0 0 0 0 0 0 255 0 0 0 0 255 0 0 255 0 255 0 0 0 255 255 255
    0 255 0 255 255 0 255 0 0 0 0 0 0 0 255 255 0 0 255 255 0 255 0 0 0
    0 255 255 0 255 255 0 255 0 255 0 255 255 0 0 255 0 0 0 0 0 0 0 0 0
    255 0 0 255 0 0 255 255 255 0 0 255 0 0 255 255 255 255 0 0 0 0 0 0
    255 255 0 0 255 0 0 255 255 0 0 0 255 0 0 255 0 0 0 255 0 255 0 0
    255 0 0 0 0 0 0 0 255 0 0 0 0 255 0 255 0 0 255 0 0 255 0 0 0 255 0
    255 0 0 0 0 0 0 0 0 0 0 0 0 0 0 0 0 0 0 0 0 0 0 0 0 0 0 0 0 255 0
    255 255 0 0 0 255 255 0 0 0 255 0 0 0 0 0 0 0 0 0 0 0 0 255 255 0 0
    0 0 0 0 0 0 255 255 0 0 255 0 0 255 0 255 0 255 255 0 0 0 0 0 255
    255 255 255 0 0 0 0 255 0 0 0 0 255 0 255 0 0 255 0 255 0 0 0 255 0
    0 255 0 0 0 0 0 0 0 0 0 255 0 0 0 255 255 0 255 0 0 255 0 255 0 255
    0 255 255 0 0 255 255 0 255 0 0 0 255 255 0 255 255 255 255 0 0 0 0
    255 0 0 0 0 0 255 255 0 0 255 255 0 255 0 0 0 0 0 0 0 0 0 0 0 255
    255 255 0 0 255 0 255 0 0 0 0 0 0 0 0 0 0 0 0 0 0 0 0 0 255 0 0 0
    255 0 0 0 255 0 0 0 0 0 0 0 255 255 0 255 255 255 0 0 0 0 0 255 255
    0 0 0 0 0 0 255 255 0 0 0 255 255 0 0 0 0 0 0 0 255 0 255 0 0 0 255
    0 255 0 255 0 0 0 255 0 0 0 255 255 0 0 0 0 255 0 255 0 0 0 255 255
    0 0 0 255 0 0 0 255 0 0 255 0 255 0 0 0 0 0 0 0 255 255 0 0 255 255
    255 0 0 255 0 255 0 0 255 0 0 255 0 0 0 255 0 255 0 0 0 0 0 0 0 255
    0 0 0 0 0 0 0 0 0 255 0 255 0 0 255 0 255 0 0 0 0 0 0 0 0 255 0 0 0
    0 0 255 0 0 0 0 0 0 0 255 0 255 0 0 255 0 0 0 0 0 0 0 0 255 0 0 0 0
    0 0 0 255 0 255 0 255 0 0 255 0 0 0 255 0 0 0 0 0 0 0 0 0 255 0 0 0
    0 0 0 0 0 0 0 0 0 0 0 255 0 0 0 0 0 255 0 0 255 0 255 0 255 255 0
    255 255 255 0 0 0 0 0 0 0 255 0 0 0 0 255 0 255 0 0 0 0 0 0 0 0 0
    255 0 0 0 0 0 0 255 255 255 255 0 0 255 0 0 0 255 0 255 0 0 0 0 0
    255 255 255 0 0 255 0 255 0 0 255 0 255 255 0 0 255 0 0 0 255 0 255
    0 255 0 0 0 0 255 0 255 255 0 255 255 0 0 0 0 0 0 0 0 255 255 0 0 0
    255 255 0 255 255 0 0 255 0 0 0 0 0 255 0 0 0 0 0 0 0 0 255 0 255 0
    0 0 0 0 0 0 0 0 0 255 0 0 0 0 255 0 255 0 0 0 0 0 0 0 0 0 0 255 255
    0 0 0 0 255 0 255 255 0 0 0 255 0 0 0 255 0 0 0 0 0 0 0 0 0 0 255
    255 0 0 255 255 0 0 0 0 0 255 255 0 255 0 0 0 0 0 0 0 255 255 0 0
    255 0 255 0 0 0 0 0 0 255 0 255 0 0 0 0 255 255 0 0 0 0 0 0 0 255 0
    255 0 0 255 255 0 255 0 0 0 0 0 255 0 255 255 0 0 0 0 0 0 0 0 0 0
    255 255 0 255 255 255 0 255 0 255 0 0 0 0 255 255 0 255 0 255 0 0 0
    0 0 255 0 0 255 0 0 0 0 0 0 0 0 0 0 255 0 0 255 255 0 0 0 0 255 0 0
    255 0 255 255 0 0 255 0 255 0 255 255 0 0 0 0 255 0 0 0 0 255 0 0
    255 0 255 0 0 0 0 255 0 255 0 255 0 0 0 0 0 0 0 0 255 0 0 0 0 255 0
    255 0 0 0 0 0 0 0 0 0 0 0 0 0 0 0 0 0 0 0 0 0 255 0 0 0 0 255 0 255
    0 0 0 0 0 255 0 0 0 0 0 0 0 0 0 0 255 0 0 0 255 0 255 0 255 0 0 0
    255 0 0 255 0 0 0 255 0 255 0 0 0 0 0 255 0 0 0 0 255 0 255 0 0 255
    0 0 0 255 255 255 0 0 0 0 0 0 0 0 0 0 255 0 0 0 255 255 255 0 0 255
    0 255 0 0 0 255 255 255 0 255 255 0 0 0 0 0 0 255 0 0 255 0 0 0 0 0
    0 255 0 0 255 0 255 0 0 0 0 0 0 0 0 0 0 255 0 0 255 0 0 255 255 0 0
    0 0 0 0 255 0 0 0 255 0 0 255 0 0 255 0 0 0 0 0 0 0 0 255 0 255 0
    255 0 255 0 0 0 0 255 0 0 255 0 255 0 0 255 0 255 0 0 0 0 0 255 0
    255 0 255 0 255 0 0 255 0 0 255 0 255 255 0 0 0 0 255 255 0 0 255 0
    0 0 0 255 0 0 0 0 255 255 0 0 0 0 0 0 0 0 0 0 0 0 0 0 0 255 255 255
    0 255 0 0 0 0 255 0 0 0 255 0 0 255 0 0 255 255 0 0 0 0 0 0 0 0 0 0
    0 0 0 0 0 0 0 0 0 0 0 0 0 0 0 255 255 0 255 255 0 0 0 0 0 0 0 255 0
    0 0 0 0 0 0 255 0 0 255 0 255 255 0 0 0 255 0 255 0 0 0 0 0 255 255
    0 0 0 0 0 255 0 0 255 0 255 0 255 0 0 0 0 0 0 0 255 255 0 0 255 0 0
    0 255 0 0 0 0 255 0 255 0 255 0 0 0 0 0 255 0 0 255 255 0 255 0 0 0
    0 0 0 255 0 255 0 255 255 0 0 0 0 255 0 0 0 0 0 0 0 0 255 255 255 0
    0 255 255 0 255 0 0 0 0 0 0 0 0 255 0 255 0 0 0 0 255 0 255 255 0 0
    255 0 255 0 0 255 0 0 0 255 255 255 0 0 255 255 0 0 255 0 255 0 0
    255 255 255 255 0 0 0 0 255 255 0 0 255 0 0 0 0 0 0 0 0 255 0 0 0 0
    255 0 0 0 0 0 0 255 0 0 0 255 0 0 255 255 0 0 0 255 0 255 255 0 0 0
    0 255 0 255 0 0 0 255 0 0 0 0 0 255 0 0 0 0 0 0 0 0 0 0 0 0 0 0 0 0
    255 0 0 255 255 0 0 255 0 255 0 0 0 0 0 0 0 0 0 0 0 0 0 255 0 0 255
    0 0 255 0 255 0 0 255 0 0 0 0 0 0 0 0 255 0 255 0 0 0 0 0 0 0 0 0
    255 255 255 255 0 255 0 0 255 0 0 255 0 0 0 0 0 0 0 0 255 255 0 255
    0 0 0 255 0 0 0 0 0 0 255 0 255 0 255 0 0 255 0 0 0 0 0 255 0 255 0
    0 255 255 0 0 0 0 255 0 0 0 0 0 255 0 255 0 0 0 255 0 255 0 0 0 255
    0 0 0 0 0 0 0 0 255 0 0 0 0 255 0 255 0 0 0 0 0 0 255 0 255 0 255 0
    0 0 0 0 0 0 255 0 0 255 0 255 0 0 0 0 0 0 0 0 255 0 0 0 255 0 0 255
    255 0 255 0 0 0 0 0 0 0 0 0 0 0 0 0 0 0 0 255 0 255 0 0 255 255 0 0
    0 0 255 0 0 255 0 255 0 0 255 0 0 255 0 0 255 0 255 0 0 0 255 0 255
    0 0 0 0 0 0 0 0 255 0 255 0 0 0 0 255 0 0 255 0 255 0 0 0 0 0 0 0 0
    0 0 0 0 0 0 0 0 0 0 255 0 0 255 255 0 0 0 255 0 0 0 255 255 0 0 255
    0 0 0 255 255 255 0 255 0 0 0 0 0 0 0 0 0 0 0 0 255 255 0 0 0 255 0
    0 255 0 0 0 255 0 0 255 255 0 255 0 0 0 255 0 255 0 0 0 255 0 0 0 0
    255 255 0 0 0 0 0 0 0 255 0 0 0 0 0 255 255 255 0 255 0 0 0 255 0
    255 0 0 0 0 255 0 0 0 0 255 0 0 0 255 255 255 0 0 0 255 0 0 0 0 0 0
    255 0 0 0 0 0 0 0 0 0 0 255 0 255 255 255 0 0 255 0 255 0 255 0 0
    255 0 0 0 0 0 255 0 255 0 0 0 0 0 255 0 0 0 0 0 0 0 0 0 0 0 0 255 0
    255 0 0 0 0 0 0 255 0 0 255 255 255 0 0 0 255 255 0 255 255 255 0
    255 255 0 0 0 0 0 0 255 0 0 255 255 255 0 0 255 0 0 0 0 0 0 0 0 0 0
    255 0 255 0 255 0 0 0 0 255 0 255 0 255 0 255 0 0 0 0 0 0 0 0 0 255
    0 0 0 0 0 0 0 255 0 255 0 255 0 0 255 255 0 0 255 0 0 0 255 255 0 0
    0 0 0 0 0 255 0 255 0 0 0 255 0 0 0 255 0 0 0 0 255 0 0 0 255 255 0
    0 255 0 0 0 0 0 0 0 0 0 255 0 0 0 0 255 0 0 0 0 255 0 0 0 0 0 255
    255 0 255 255 0 0 0 0 0 0 255 0 0 0 0 0 0 255 0 255 0 0 0 0 0 0 0 0
    0 0 0 255 0 0 0 0 0 0 0 0 255 0 255 255 0 0 0 0 0 0 0 0 0 0 255 255
    0 255 0 0 0 0 0 0 255 0 255 0 0 0 255 0 255 0 0 0 0 255 0 0 0 0 255
    0 0 255 0 255 0 0 0 0 0 0 255 0 0 0 0 0 0 0 0 0 0 0 255 0 0 255 0
    255 0 255 255 0 0 0 0 255 255 0 0 0 0 0 0 0 0 0 255 0 255 0 0 0 0 0
    0 0 0 0 0 0 0 0 255 0 255 0 255 0 0 0 0 255 0 0 0 0 255 0 0 0 0 0 0
    0 255 0 255 255 0 0 0 255 255 0 255 255 0 255 0 0 0 0 0 0 255 0 0 0
    0 0 0 0 0 255 0 0 0 0 0 0 255 0 255 0 0 0 0 0 255 0 0 0 255 0 0 0 0
    0 0 0 255 255 0 255 0 0 0 255 0 255 255 0 0 255 255 0 0 0 0 0 255 0
    0 255 0 255 0 255 0 0 0 0 0 0 0 0 0 0 0 0 255 0 0 0 0 0 0 0 0 0 255
    0 0 255 0 0 255 0 255 0 0 0 0 0 255 0 0 0 0 255 255 0 0 0 0 0 255 0
    0 0 0 255 0 0 255 0 0 0 0 0 0 0 0 0 0 255 0 0 0 0 0 0 255 0 0 255 0
    0 0 0 255 0 0 0 0 0 0 0 255 0 255 255 0 0 0 255 0 0 255 0 0 0 0 0 0
    0 0 255 0 255 0 255 0 255 255 0 0 0 0 255 0 0 255 255 0 0 255 0 0
    255 255 255 0 0 0 0 255 0 0 0 255 0 0 0 0 0 255 0 0 0 0 255 0 0 0 0
    0 255 0 0 0 0 0 255 0 0 0 0 0 0 255 0 0 255 0 255 255 0 0 255 0 0 0
    255 0 0 0 255 255 0 0 0 0 0 0 0 0 0 255 255 0 255 0 0 0 0 255 0 0 0
    255 0 0 0 255 0 255 255 0 0 0 255 0 255 0 255 0 0 255 0 0 255 255 0
    255 0 0 255 0 0 0 0 0 0 0 0 0 0 0 0 0 255 0 0 0 0 255 255 255 255
    255 0 255 255 255 0 0 0 0 255 255 0 0 0 0 0 0 255 0 0 0 0 0 255 0 0
    255 0 0 255 0 0 0 0 0 0 0 0 255 255 0 0 255 255 0 255 0 255 0 0 255
    0 255 0 255 0 0 0 0 0 0 0 255 0 255 0 0 0 255 0 255 255 0 0 0 0 0
    255 0 0 0 0 0 255 0 0 0 255 0 0 0 0 0 255 0 0 0 255 0 255 0 0 255 0
    0 255 0 255 255 255 0 0 255 0 0 0 255 0 0 0 0 0 0 0 0 0 0 0 0 0 255
    0 0 255 0 255 0 0 0 0 0 0 255 0 0 0 0 0 255 0 0 0 255 0 0 0 255 255
    0 255 255 0 0 0 0 0 255 255 255 255 0 0 0 255 0 0 0 255 255 255 0 0
    255 255 0 255 255 0 0 0 0 0 255 255 0 255 0 0 0 0 255 0 255 0 255
    255 0 0 0 255 0 0 255 0 0 0 0 0 255 255 0 0 0 0 255 0 0 0 255 255 0
    255 255 0 0 0 0 0 255 0 0 255 0 255 0 0 0 0 255 0 0 255 0 0 0 0 0
    255 0 0 255 255 0 0 255 255 255 255 255 0 0 255 255 255 0 0 255 255
    0 255 0 0 0 0 0 0 0 0 0 0 255 0 0 255 0 0 255 0 0 0 0 0 255 0 255 0
    0 255 0 255 0 255 0 0 0 0 255 0 0 255 0 0 0 0 0 255 255 0 0 255 0 0
    255 255 0 0 0 0 255 0 0 255 0 255 0 0 255 0 0 0 0 0 255 0 255 0 0
    255 0 255 255 0 255 0 0 255 0 255 0 0 0 0 255 0 0 0 0 0 0 0 0 255 0
    255 255 255 0 0 0 0 255 0 255 0 0 0 0 0 255 0 0 0 255 0 0 255 0 0 0
    0 0 0 255 0 0 0 255 0 0 0 0 0 0 255 255 0 0 0 0 0 255 255 255 0 0 0
    0 0 0 0 0 0 0 255 255 0 255 255 0 0 255 0 0 0 0 255 0 0 0 0 0 0 255
    0 0 0 255 0 0 0 0 0 0 0 0 0 0 255 255 0 255 0 0 0 0 0 0 0 255 0 0 0
    0 0 0 0 0 0 255 0 0 255 0 0 255 0 0 0 255 0 0 0 255 0 255 0 0 0 0
    255 0 0 0 0 0 255 0 0 0 0 255 0 0 255 0 0 0 255 255 0 0 255 255 255
    0 255 0 255 0 0 0 255 0 0 255 255 0 0 255 0 255 0 0 0 255 0 0 0 0 0
    0 255 0 255 0 0 0 0 0 0 255 255 0 0 255 0 255 0 0 0 255 0 0 255 0
    255 255 0 0 0 0 255 0 0 0 0 0 0 0 0 255 255 0 255 0 255 0 0 0 255 0
    255 255 0 255 0 255 0 0 0 0 0 0 0 255 0 0 0 0 0 0 0 255 0 255 0 0 0
    255 0 0 0 0 0 255 0 255 255 0 0 0 0 255 0 0 0 0 0 255 0 0 255 0 255
    0 0 0 0 0 0 0 0 0 0 0 0 0 0 255 0 0 255 255 255 255 0 0 0 0 0 0 0 0
    0 0 0 0 255 0 0 0 0 0 0 255 0 0 0 0 0 0 0 0 255 255 0 0 0 0 0 0 0 0
    0 0 0 0 255 0 0 0 255 0 0 0 0 0 0 255 255 255 0 0 0 255 0 255 0 0 0
    0 255 0 255 0 0 0 255 0 0 255 255 0 0 255 255 0 0 0 0 0 0 0 0 0 0 0
    255 255 0 0 255 0 0 0 0 255 255 0 0 255 0 0 255 0 0 0 0 0 255 255 0
    0 0 0 0 255 0 0 255 0 0 255 0 0 0 0 255 0 0 0 0 255 255 0 255 0 0 0
    0 255 0 255 0 0 0 0 0 0 255 0 255 0 0 0 0 0 0 255 0 0 0 0 0 255 0
    255 255 0 255 0 0 0 0 0 0 255 0 0 0 255 0 0 255 0 255 0 0 0 0 255 0
    0 0 0 0 255 0 255 255 0 0 0 0 255 0 0 0 0 255 0 255 0 0 0 255 0 0
    255 0 0 0 0 0 255 255 0 255 0 255 0 0 0 0 0 0 0 0 0 0 0 0 0 255 0 0
    0 0 0 0 0 0 0 0 0 255 0 255 0 0 255 0 0 255 0 0 0 0 255 0 0 0 0 0 0
    255 255 0 0 0 0 255 0 0 0 255 0 0 0 0 0 255 255 0 255 255 0 0 0 0 0
    0 0 0 255 0 0 255 0 255 0 0 0 0 0 255 0 0 0 255 0 0 0 0 0 255 0 255
    255 0 0 0 255 0 0 0 255 255 255 0 255 0 0 0 255 0 255 0 0 0 0 0 255
    255 0 255 0 0 0 255 0 0 0 0 0 255 0 0 255 0 0 0 0 0 255 0 0 255 255
    0 0 0 255 0 255 0 255 0 0 0 0 0 0 255 255 0 0 0 0 0 0 0 0 0 0 255 0
    0 255 0 0 255 0 0 0 0 0 0 0 0 0 0 0 0 0 255 0 0 0 0 0 0 0 0 0 0 0 0
    255 0 0 255 0 0 0 255 0 255 0 0 0 0 0 0 0 0 0 0 0 0 0 0 0 0 255 0 0
    0 255 255 0 255 255 255 0 0 0 0 0 0 255 0 0 255 255 255 0 0 0 0 0 0
    0 0 0 0 0 0 0 255 0 0 0 0 255 255 0 255 255 255 255 0 0 0 0 255 255
    0 0 255 0 0 0 0 0 0 255 0 0 255 0 0 0 0 0 0 255 0 0 0 255 255 255
    255 0 0 0 255 0 0 0 255 255 0 0 255 0 0 0 0 0 255 0 0 0 0 0 0 255
    255 0 0 0 0 255 0 0 0 0 255 0 255 0 0 255 255 0 255 255 0 0 0 0 0
    255 0 0 255 255 255 0 0 255 0 255 0 255 0 255 0 0 0 0 0 255 255 0 0
    0 0 0 255 0 255 255 0 0 0 255 0 0 0 255 0 0 255 0 255 0 0 0 0 0 0 0
    0 0 255 0 0 0 0 0 0 255 0 0 0 0 0 0 255 0 255 0 255 0 0 0 0 255 0
    255 255 255 0 0 0 0 0 255 0 255 0 0 0 0 255 255 0 0 0 255 255 0 255
    0 0 0 0 0 255 0 255 0 0 0 0 0 0 0 0 0 0 255 0 0 255 0 0 0 0 255 0
    255 0 255 0 0 255 0 255 0 0 0 255 0 0 0 0 0 0 0 0 255 0 255 0 0 255
    0 255 0 0 0 0 0 0 0 255 0 0 0 0 0 255 0 0 255 255 255 255 0 0 255
    255 0 0 0 255 255 0 0 255 0 255 255 0 0 255 0 0 255 0 255 0 0 0 0 0
    0 0 0 0 255 255 0 0 255 255 0 0 255 0 0 0 0 0 0 255 0 255 255 0 255
    255 0 0 0 0 0 0 0 0 0 0 255 0 0 0 255 0 0 255 0 0 0 0 0 0 0 255 0 0
    255 0 0 0 255 255 0 0 255 0 255 0 0 255 0 0 255 0 0 0 0 0 0 255 255
    0 0 255 0 0 0 0 0 255 0 0 0 0 0 0 0 0 255 0 0 0 0 0 255 0 255 0 0 0
    0 0 0 0 255 0 0 0 255 0 0 255 0 255 0 0 0 255 0 0 255 0 255 0 0 0 0
    0 255 255 255 0 255 255 0 0 255 255 0 0 0 0 0 0 0 0 0 0 0 0 0 255 0
    0 255 0 0 0 255 0 0 255 255 255 0 255 0 0 0 255 0 0 0 0 0 255 0 255
    0 0 0 0 0 0 0 0 0 0 0 0 0 0 0 0 0 0 0 0 0 0 0 0 0 255 0 0 0 0 255
    255 255 255 255 255 255 0 0 0 0 0 0 255 0 0 0 255 0 0 255 0 255 0 0
    0 255 255 0 0 0 255 0 255 0 255 0 255 0 0 255 255 0 0 255 255 255 0
    0 255 255 255 255 0 0 0 0 0 0 0 255 255 0 255 0 255 0 255 255 255 0
    0 0 0 0 0 0 0 0 0 255 0 255 0 0 0 0 0 0 0 0 0 0 255 255 0 0 0 0 0 0
    0 255 255 255 0 0 255 255 255 0 0 255 0 0 0 0 255 255 255 0 0 255 0
    0 0 255 0 0 255 0 0 0 255 0 0 0 0 0 0 0 255 0 255 255 0 0 255 0 0 0
    255 0 0 0 0 0 0 0 0 255 0 0 0 0 0 0 0 0 255 0 0 0 0 0 0 0 0 0 0 0
    255 255 0 0 255 255 0 0 0 0 0 255 0 255 0 0 0 0 0 0 0 255 0 0 0 255
    0 255 255 0 255 0 0 255 0 255 0 0 0 0 0 255 255 255 0 0 255 0 0 0
    255 255 255 0 0 0 0 0 0 0 0 0 0 0 0 0 0 0 0 0 0 0 255 255 0 0 0 0 0
    0 0 0 255 0 0 0 0 0 0 0 255 0 255 0 0 0 0 0 0 255 0 0 255 255 0 255
    0 0 0 0 0 255 255 255 0 0 0 0 255 255 0 255 255 0 0 0 0 0 0 255 0 0
    255 255 255 0 255 0 0 0 0 0 255 0 0 0 0 255 0 0 0 0 0 0 0 255 255 0
    0 0 0 0 0 0 0 0 255 0 255 0 255 255 0 0 0 0 255 0 0 0 0 0 0 0 0 0
    255 0 0 0 0 0 0 0 255 0 255 0 0 0 0 255 0 0 0 0 0 0 0 255 0 0 255
    255 0 255 0 255 255 0 0 255 0 255 0 0 0 0 0 255 0 255 0 255 255 255
    0 255 0 0 0 255 0 0 0 0 0 0 0 255 0 0 255 255 0 0 0 0 255 0 0 0 0 0
    0 0 0 255 0 0 255 0 0 255 0 255 0 0 0 0 0 255 0 0 0 0 255 0 0 255 0
    255 255 0 0 0 0 0 0 0 0 255 255 0 0 255 0 0 0 255 0 0 0 0 0 0 0 0 0
    0 0 0 0 0 0 0 0 255 0 0 0 255 0 255 0 0 0 255 0 0 0 0 0 0 255 0 255
    0 0 0 255 0 0 0 0 255 0 0 0 0 255 0 0 0 0 0 0 255 0 0 0 0 0 255 0 0
    0 255 0 0 255 255 0 0 255 0 0 0 255 0 255 0 0 0 0 0 255 0 255 255 0
    0 0 0 255 0 0 0 0 0 255 255 0 0 0 0 0 255 0 0 0 0 0 255 0 0 0 0 0
    255 255 255 0 0 255 0 0 255 0 0 255 255 0 255 0 0 0 0 0 0 0 255 0 0
    0 0 255 0 0 0 255 0 0 255 0 0 255 0 0 0 0 0 0 0 0 0 0 255 0 255 0 0
    0 0 255 0 255 0 255 0 0 0 255 0 0 0 0 255 0 255 255 0 0 0 0 0 0 0 0
    0 0 0 0 0 255 255 255 0 0 0 255 0 0 255 0 0 255 0 0 255 0 0 255 0 0
    0 0 255 255 255 0 0 255 0 0 0 255 0 0 0 0 255 255 255 0 255 255 0 0
    0 0 255 0 0 0 255 0 0 0 0 0 0 0 0 0 0 0 255 0 255 255 0 255 0 0 0 0
    0 0 0 255 0 0 0 0 0 0 0 0 0 0 255 0 0 255 255 0 255 255 0 255 0 0 0
    0 255 0 0 255 255 0 255 255 0 0 255 255 255 255 0 0 0 0 0 255 0 0 0
    0 255 255 0 255 0 0 0 255 0 0 255 0 255 0 0 0 0 0 0 255 0 0 0 0 0 0
    0 0 0 0 255 0 255 0 0 0 0 0 0 0 0 255 0 0 0 0 255 0 0 0 0 0 0 255
    255 0 0 0 0 0 0 255 0 0 0 0 0 0 255 0 0 0 0 255 0 0 0 255 255 0 0
    255 0 0 0 255 255 0 0 0 255 0 255 255 255 0 255 0 0 0 255 0 0 0 0 0
    255 0 0 255 0 0 0 0 255 0 255 0 0 0 0 0 0 0 0 0 0 0 0 0 0 0 0 0 0 0
    255 0 0 0 0 0 255 255 0 0 255 0 0 255 0 0 0 0 255 0 0 255 255 0 0 0
    0 0 0 0 0 0 0 0 0 255 255 0 255 0 0 0 255 0 0 255 255 0 0 0 0 0 0 0
    0 0 0 0 0 255 0 0 0 0 0 0 0 0 255 0 0 0 255 0 0 0 0 0 0 0 0 255 0 0
    0 255 0 255 0 0 255 0 255 0 0 0 0 0 255 255 0 0 0 0 0 0 0 255 0 255
    0 255 0 0 0 0 255 0 0 0 0 0 0 255 0 0 0 0 0 0 255 0 255 0 255 0 255
    255 0 0 255 255 0 0 0 255 0 0 0 0 0 255 255 0 255 0 0 0 0 0 0 0 0 0
    0 0 0 255 255 255 0 0 255 0 0 255 0 0 255 255 0 0 0 0 0 0 0 0 0 0 0
    0 0 0 255 0 0 0 255 0 255 0 0 0 0 255 0 0 255 0 255 0 0 0 0 255 255
    0 0 0 255 255 0 0 0 0 0 255 0 0 0 0 255 0 0 0 255 0 0 0 0 0 255 0 0
    0 0 255 0 255 0 0 255 0 0 255 0 0 0 0 0 0 255 0 0 0 0 0 255 0 255
    255 0 255 0 0 0 0 0 0 0 0 0 0 0 255 255 255 0 0 0 0 0 0 0 0 0 255 0
    255 0 0 0 0 0 0 0 255 0 0 0 255 0 0 0 0 0 0 0 0 0 255 0 0 0 255 0 0
    0 0 0 0 0 0 0 255 0 255 255 255 255 0 0 0 0 255 0 0 0 255 0 0 0 0 0
    0 0 0 0 255 0 0 0 0 255 255 0 255 0 255 0 0 255 0 0 255 0 0 0 255
    255 255 255 0 255 0 255 0 255 255 0 0 0 255 0 255 0 0 0 0 255 0 0 0
    255 0 0 255 255 0 0 0 0 0 0 0 0 0 0 0 0 0 255 0 0 0 0 255 255 0 0
    255 0 255 0 0 255 0 0 0 0 0 0 0 0 0 0 0 0 0 0 255 0 255 255 0 0 255
    255 0 0 0 0 0 0 0 0 0 255 255 0 0 0 0 255 0 0 0 0 0 0 0 0 0 0 0 0 0
    0 255 0 255 0 0 0 0 0 255 0 255 0 0 0 0 0 0 0 255 0 255 0 0 255 0 0
    0 0 255 0 255 255 255 255 0 0 255 0 0 0 0 0 255 0 0 0 0 0 0 0 0 0
    255 0 0 0 0 0 255 0 255 0 255 255 0 0 0 0 0 255 255 255 0 255 0 0 0
    0 255 255 0 0 0 0 0 0 0 0 0 255 0 0 0 0 255 255 255 255 0 0 0 0 0 0
    0 0 0 0 0 0 255 255 0 0 0 0 0 0 0 0 255 255 255 255 0 0 0 0 0 255 0
    0 255 0 0 0 0 255 255 0 0 0 255 0 0 0 0 255 0 0 0 0 255 255 0 0 0 0
    0 0 255 0 0 0 255 0 0 0 0 0 255 0 0 0 0 255 0 255 0 0 0 255 0 0 0 0
    0 0 0 0 0 255 0 255 0 0 0 255 255 0 0 0 0 255 255 0 0 0 0 0 0 255
    255 255 255 255 255 0 0 0 0 0 255 0 255 255 0 0 0 0 0 0 0 0 255 255
    0 255 0 0 255 0 255 255 0 0 0 0 255 0 0 0 0 0 0 0 0 255 0 0 0 0 0 0
    0 0 0 0 0 0 0 0 0 0 255 0 0 0 0 0 255 255 255 255 0 0 0 0 0 0 255 0
    0 255 255 0 0 0 0 0 0 0 0 0 255 0 255 0 0 0 0 0 0 255 0 0 0 0 0 255
    255 0 255 255 0 0 0 0 0 0 0 0 0 255 0 255 0 0 0 0 255 0 255 0 255 0
    0 0 0 0 0 0 0 0 0 0 0 0 255 0 255 0 0 0 0 0 0 0 255 0 0 0 0 0 0 0 0
    255 0 0 0 0 0 255 0 0 255 0 0 0 0 0 0 0 0 0 0 0 0 0 0 255 0 255 0 0
    0 0 255 0 0 0 0 255 255 0 0 255 0 255 255 0 0 255 255 255 0 0 0 255
    0 255 0 255 0 0 0 0 0 0 0 0 0 0 0 0 255 0 255 255 0 255 255 0 0 255
    0 0 255 0 255 0 0 0 0 0 255 0 0 0 0 0 0 255 0 0 0 0 255 0 0 0 255 0
    0 0 0 0 255 0 255 0 0 255 0 0 255 255 0 0 0 0 0 0 0 0 0 0 0 255 0 0
    0 0 0 0 0 0 0 0 0 255 0 0 0 0 0 0 0 0 255 255 255 0 0 255 0 0 0 0 0
    255 0 0 0 0 255 255 255 255 0 0 0 0 0 255 255 255 0 0 0 0 0 0 0 0 0
    0 255 0 255 0 0 255 0 0 255 0 255 0 0 0 0 0 255 0 0 0 255 0 255 0 0
    0 0 0 255 0 255 255 0 0 0 0 0 0 0 0 0 0 0 0 0 0 0 0 0 0 0 0 255 0 0
    0 255 0 0 0 0 0 0 0 0 0 0 0 255 0 255 0 0 0 255 0 0 0 0 0 0 0 0 0
    255 255 0 0 255 0 0 0 255 0 255 255 0 0 255 255 0 0 0 255 255 0 0
    255 0 0 0 255 0 0 0 0 0 0 0 0 0 255 0 0 0 0 0 0 0 0 255 255 255 255
    0 255 255 0 0 255 0 0 0 0 255 0 255 255 255 0 0 0 0 0 0 0 0 255 255
    0 0 0 0 0 0 0 0 0 0 0 255 0 0 0 0 0 0 0 255 255 255 255 0 0 0 0 0
    255 0 0 0 0 0 255 0 0 255 0 255 0 0 0 0 255 0 255 0 0 255 0 255 0
    255 255 0 0 0 0 0 0 0 0 0 255 0 0 255 255 0 0 255 0 0 0 0 0 0 0 0 0
    0 255 255 0 0 0 0 0 255 0 0 255 0 0 0 0 255 0 0 0 0 0 255 255 0 255
    0 0 0 0 0 0 0 0 255 255 255 0 0 0 0 255 0 0 255 0 0 0 0 0 0 0 0 0 0
    255 0 0 255 0 0 0 0 0 0 0 255 0 255 0 0 255 0 0 0 0 0 0 0 0 0 0 0
    255 0 255 0 0 0 255 255 0 0 0 0 0 255 0 0 0 0 255 0 0 255 0 0 255 0
    0 255 0 0 0 255 0 255 0 255 0 0 0 0 0 0 0 255 0 0 0 255 255 255 0
    255 0 0 255 255 0 0 0 0 0 0 255 0 0 255 0 0 255 0 0 255 0 0 255 0 0
    0 0 0 0 0 0 0 0 0 0 0 0 0 255 0 255 0 0 0 0 255 0 255 0 0 0 255 0
    255 0 0 0 0 0 0 0 0 0 0 255 255 255 0 255 0 0 0 0 255 0 255 255 255
    0 255 0 0 0 0 255 0 0 255 0 0 255 0 255 0 0 0 0 0 0 255 255 0 255 0
    255 0 255 0 0 255 255 0 0 0 0 255 0 0 0 0 0 255 0 0 0 255 255 0 0
    255 0 0 0 0 0 255 255 0 0 0 0 0 0 0 255 0 0 0 0 0 0 0 255 255 0 0 0
    0 0 0 0 0 255 0 0 255 0 0 0 0 0 0 0 0 0 0 255 0 255 0 0 0 0 0 0 0 0
    0 0 0 0 0 0 255 255 0 0 0 0 0 0 0 0 255 0 0 0 0 0 0 0 0 0 0 0 0 255
    0 0 0 0 0 0 255 0 0 0 255 0 0 0 0 0 255 255 0 255 0 0 0 0 0 0 0 0 0
    255 0 0 0 255 0 0 0 255 0 0 0 0 0 0 0 0 0 0 0 0 255 0 255 255 0 255
    255 0 255 0 0 0 0 0 0 0 0 0 0 0 255 0 255 255 255 0 0 0 255 0 255 0
    0 255 0 0 255 0 0 0 0 255 0 0 0 255 0 0 0 0 0 0 0 255 0 0 0 255 0 0
    0 255 0 0 0 0 0 0 255 0 255 0 255 255 0 0 255 0 0 0 0 0 0 0 0 0 0
    255 0 255 0 255 0 0 255 255 255 0 0 0 0 0 0 0 0 0 0 0 0 0 0 0 0 0 0
    0 0 0 0 0 0 255 0 0 0 0 0 0 0 0 0 0 255 0 255 255 0 255 255 0 0 0 0
    255 255 255 0 255 255 255 0 0 0 0 0 255 0 0 0 0 0 0 0 0 0 0 255 0 0
    0 0 0 0 0 0 0 0 0 255 0 0 0 0 255 255 255 0 255 255 255 255 255 0
    255 255 0 0 255 0 0 0 0 0 0 255 255 0 0 0 0 0 255 0 255 0 0 255 0 0
    0 0 255 255 0 0 0 0 255 0 255 0 255 0 0 0 0 0 0 0 0 255 0 0 0 255 0
    0 0 0 255 0 0 0 0 255 255 255 255 0 0 0 0 255 0 255 0 255 0 0 0 0 0
    0 0 255 0 0 255 0 255 0 0 255 0 0 0 0 255 0 255 0 0 255 0 255 0 0
    255 255 0 0 0 0 0 0 0 0 255 0 255 255 0 255 0 0 0 255 0 0 0 255 255
    255 255 0 0 0 0 255 0 255 255 255 0 0 255 0 0 0 0 0 0 0 0 0 0 0 0 0
    0 0 0 0 0 0 0 0 0 0 0 0 0 0 0 0 0 0 0 0 0 0 0 0 0 0 0 0 0 0 0 0 255
    0 0 0 255 0 0 0 0 0 0 0 0 0 255 0 0 0 0 255 0 0 255 0 0 0 0 0 0 0
    255 0 0 0 0 255 0 0 0 255 255 0 0 0 0 0 0 0 0 255 0 255 255 0 0 0 0
    0 0 0 0 0 0 0 0 0 255 0 0 255 0 0 0 0 0 0 0 0 0 255 0 0 0 0 0 0 0
    255 0 0 0 0 255 0 255 255 255 0 255 255 0 255 0 0 0 0 0 0 255 0 0 0
    255 255 0 0 255 0 0 0 255 255 0 255 0 0 255 255 255 0 0 0 0 255 0 0
    255 0 255 0 0 0 0 0 0 0 0 0 255 0 0 255 0 255 255 0 255 255 0 0 255
    0 255 0 255 255 255 255 0 0 255 0 255 0 0 0 0 0 0 0 0 255 0 255 0
    255 0 0 0 255 255 0 255 255 0 0 0 0 255 0 0 0 0 255 0 255 0 0 0 255
    0 0 0 0 0 0 0 0 0 0 0 0 0 0 0 0 0 0 0 0 255 255 255 255 255 0 0 255
    255 255 255 255 0 0 0 255 0 0 0 0 0 0 0 0 0 0 0 0 0 0 0 255 255 0
    255 0 0 255 255 255 255 0 0 0 0 255 0 255 255 0 0 0 0 0 0 0 0 0 0 0
    0 0 0 0 0 0 255 0 0 0 0 0 0 0 0 0 0 0 0 0 255 255 255 255 0 255 255
    0 255 0 0 0 255 0 255 0 255 255 0 0 0 0 255 0 0 255 255 0 0 0 0 255
    0 0 255 255 0 0 0 0 0 0 255 0 0 0 0 0 0 0 0 0 0 0 255 0 0 0 0 0 0 0
    255 255 255 255 0 0 0 0 0 0 0 0 255 0 255 255 255 0 0 255 0 255 0
    255 0 0 0 0 0 0 255 255 0 0 0 0 0 0 0 0 255 0 0 255 0 255 0 0 0 0 0
    0 0 0 255 0 255 0 255 0 0 0 255 0 255 255 0 255 0 0 0 255 0 0 255 0
    0 0 0 0 0 0 0 255 0 0 0 0 255 255 0 0 255 0 0 0 0 0 0 0 0 0 0 0 0 0
    0 0 0 0 255 255 255 255 0 0 0 0 0 255 255 0 0 0 0 0 255 255 255 0
    255 255 255 255 255 255 0 0 0 0 0 0 0 0 0 0 0 0 0 0 0 0 0 0 0 255
    255 0 0 0 0 0 255 255 0 0 0 0 0 0 0 255 0 0 0 255 0 0 255 0 0 0 0 0
    0 0 0 0 255 0 0 0 0 255 0 0 0 0 255 255 255 255 0 0 0 0 255 0 0 255
    0 255 0 0 0 255 0 0 255 0 0 0 255 0 255 0 0 255 0 255 0 0 0 0 0 0 0
    255 0 0 255 0 0 255 0 0 0 255 0 0 0 0 0 0 0 0 255 0 0 0 0 0 0 0 0
    255 255 0 255 0 0 255 0 0 0 0 255 0 0 0 0 0 0 0 0 0 0 0 0 0 0 0 255
    255 0 0 0 0 0 0 0 0 0 0 0 0 0 0 0 0 0 255 0 255 0 0 0 0 0 0 0 255 0
    0 0 0 255 0 0 255 255 255 0 0 255 0 0 0 0 0 255 0 255 0 0 0 0 0 0
    255 0 0 0 0 0 0 0 0 0 0 0 0 0 255 255 255 0 0 0 0 0 0 0 0 0 0 0 0 0
    0 0 0 0 0 0 0 0 0 0 0 0 0 255 255 255 255 255 0 0 0 0 0 0 0 0 0 255
    255 255 0 0 0 0 255 255 0 255 0 255 0 0 0 0 0 0 0 255 0 255 0 0 0 0
    0 255 0 0 0 0 255 255 255 255 0 0 0 0 255 255 255 0 255 0 0 0 0 0
    255 0 0 0 0 0 255 0 255 255 0 0 0 0 0 0 255 0 255 0 0 255 0 0 0 0 0
    255 255 0 0 0 0 0 255 0 0 255 0 255 0 0 0 0 0 255 0 0 0 0 0 255 255
    0 0 0 0 0 255 255 0 255 0 0 0 255 255 0 0 0 0 255 0 0 0 0 255 0 255
    255 255 0 0 255 255 0 255 0 0 0 255 0 0 0 0 0 255 0 0 0 0 0 0 255
    255 255 255 255 0 0 0 0 0 0 0 0 0 255 255 0 0 0 255 0 255 0 0 255
    255 0 0 255 0 0 0 0 255 0 0 0 0 0 0 0 0 0 0 0 0 0 0 0 0 0 0 0 0 255
    255 255 255 255 0 0 0 0 0 0 0 0 0 0 0 0 0 0 0 0 0 0 0 0 0 0 0 0 0 0
    0 0 0 0 0 0 0 0 255 255 255 255 0 0 0 0 0 0 0 0 255 255 0 0 0 255 0
    0 255 0 0 0 0 0 0 0 0 0 0 255 0 0 0 0 255 0 0 0 0 0 255 0 0 255 0 0
    255 0 0 0 0 255 0 0 0 255 0 0 255 0 0 0 0 0 0 0 0 0 0 0 0 0 0 0 0
    255 0 0 255 0 0 0 0 0 0 0 0 0 255 0 0 0 0 255 0 0 0 0 255 255 0 0
    255 255 0 0 0 0 0 0 255 0 255 255 0 0 0 0 0 0 255 0 255 0 0 0 0 0 0
    0 0 0 0 0 0 255 0 0 0 255 0 0 255 255 0 0 0 255 0 0 255 0 0 0 255 0
    0 255 0 0 255 255 0 0 0 255 0 0 0 0 255 0 0 0 0 0 255 255 255 255 0
    0 255 0 255 0 0 0 0 255 0 0 0 0 0 0 0 0 255 0 255 0 0 0 0 0 0 0 0 0
    0 0 255 255 255 0 0 0 0 0 0 0 0 0 0 0 0 0 255 255 0 0 0 0 0 0 255 0
    255 255 255 0 255 0 0 255 0 0 0 0 0 0 0 0 0 0 0 0 255 255 255 0 0 0
    0 0 0 0 255 255 0 255 0 255 0 255 0 0 255 0 0 0 0 0 255 0 0 0 0 255
    0 255 0 255 0 255 0 0 255 255 0 0 255 255 255 0 0 255 0 255 255 255
    0 0 0 0 0 0 0 0 255 255 0 255 255 0 0 255 255 255 255 0 0 0 0 0 0 0
    0 0 255 255 0 255 0 0 255 255 255 0 0 0 0 0 0 255 255 0 0 255 0 0 0
    0 0 255 0 0 0 0 0 255 255 0 255 255 0 0 255 0 255 255 0 0 0 0 0 0 0
    0 0 255 0 0 0 0 255 0 0 0 0 255 0 0 0 255 255 0 0 0 255 0 255 0 0 0
    0 255 0 0 255 255 0 0 0 255 255 0 0 0 0 0 0 0 0 0 0 255 0 0 0 0 0 0
    0 255 255 0 0 0 255 255 0 0 255 0 255 0 0 0 0 0 0 0 0 0 255 255 255
    0 0 0 0 0 0 0 0 0 0 0 0 0 0 0 0 0 0 0 255 0 0 0 255 0 0 0 0 255 0 0
    0 255 255 0 255 255 255 0 0 0 0 0 0 0 0 0 255 255 0 0 0 0 0 0 0 255
    255 0 0 255 0 0 0 0 0 255 0 0 0 255 0 0 0 0 0 0 0 255 0 255 255 0 0
    0 0 0 0 0 0 0 0 255 255 0 0 0 0 0 0 0 255 255 255 0 0 255 0 0 0 255
    0 0 255 0 0 0 255 0 0 255 0 255 0 0 0 255 0 255 0 255 0 0 0 0 0 255
    0 0 0 0 0 0 0 255 255 255 0 0 0 0 0 0 0 0 255 0 0 0 255 0 255 0 0
    255 0 0 0 0 0 0 0 0 0 0 0 255 255 255 0 0 0 0 0 0 0 0 0 0 0 0 0 0 0
    0 255 0 0 255 0 255 0 0 0 255 0 0 0 0 0 255 255 0 0 0 0 0 0 0 0 0 0
    0 255 0 0 0 0 255 0 255 255 255 0 0 255 255 0 255 0 255 255 0 255 0
    0 0 0 0 0 0 255 255 0 0 0 0 0 0 0 0 0 0 0 0 0 0 0 255 0 255 0 255 0
    0 255 0 0 255 0 0 0 0 255 0 255 0 0 0 255 0 0 0 0 0 255 0 0 0 0 0 0
    0 0 0 255 255 255 255 0 0 0 0 0 0 0 255 255 0 0 0 255 0 0 255 255 0
    0 255 0 0 0 255 255 255 0 0 0 255 255 0 255 255 255 255 255 0 0 0 0
    0 0 255 0 255 0 255 255 0 255 0 0 0 0 255 0 0 0 0 0 0 255 255 255 0
    255 0 255 0 255 0 255 255 0 255 0 0 255 255 0 0 0 255 0 0 0 0 0 0 0
    0 0 0 0 0 0 0 255 255 0 0 0 0 0 0 255 0 0 0 255 255 0 0 0 255 0 0 0
    0 0 0 0 255 0 0 0 255 255 255 255 0 0 255 0 0 0 0 0 0 0 255 255 0 0
    0 0 0 0 0 0 0 255 0 255 0 0 0 0 255 255 0 0 0 0 0 0 0 255 0 0 0 255
    0 255 0 0 0 0 0 0 0 0 0 0 255 0 255 0 0 255 0 0 0 0 0 255 255 255 0
    0 0 0 0 0 255 0 255 255 0 0 0 0 0 0 0 255 0 0 0 0 255 255 0 0 0 0
    255 255 255 0 255 0 0 0 0 255 255 255 255 0 0 255 0 0 255 0 0 0 0 0
    0 0 0 0 255 255 0 0 0 0 0 0 255 0 0 0 0 0 255 255 0 0 0 0 255 0 0 0
    0 255 0 0 0 0 0 255 0 0 0 0 0 0 255 0 0 0 0 255 0 0 0 255 0 0 0 255
    0 0 0 0 0 0 255 255 255 0 0 0 0 255 0 255 0 0 255 0 255 0 0 0 0 0 0
    0 0 0 255 255 0 0 0 0 0 0 0 0 0 0 0 0 0 255 0 0 255 255 255 0 0 0 0
    0 255 0 0 0 255 0 255 255 0 0 255 255 0 0 0 0 255 0 0 255 255 0 0 0
    255 0 255 0 0 0 255 0 255 255 0 0 255 255 0 255 255 255 255 255 0 0
    0 255 0 255 0 0 0 0 0 0 0 0 0 0 0 0 0 0 0 0 255 0 0 255 0 0 0 0 0 0
    255 0 255 0 0 255 255 0 0 0 0 255 255 255 0 0 0 0 0 255 255 0 0 255
    255 255 255 0 255 255 255 0 0 0 255 0 255 0 0 0 0 255 0 0 255 0 0
    255 0 0 0 0 0 0 255 0 0 255 0 0 0 0 255 255 255 255 0 0 0 0 0 0 0
    255 255 0 0 0 0 0 0 0 0 0 0 0 255 255 0 0 0 255 255 0 255 0 255 0 0
    0 255 0 0 255 0 0 255 0 255 255 255 0 0 0 255 255 0 0 255 0 255 0 0
    0 255 0 0 0 255 0 255 0 0 0 255 0 255 0 0 255 0 0 0 0 0 0 0 0 0 0 0
    0 0 0 0 0 0 0 0 0 0 0 255 0 255 0 0 0 0 0 255 0 0 0 255 255 0 0 0 0
    0 255 0 0 0 0 0 0 0 0 0 0 0 0 0 0 0 255 0 0 0 255 255 0 0 0 0 255 0
    0 255 255 255 0 0 0 0 255 0 0 0 0 255 0 255 0 255 255 255 0 0 0 0 0
    0 0 0 0 255 0 0 255 0 255 255 0 0 255 255 0 0 0 0 255 0 0 255 0 255
    0 0 0 0 0 0 0 255 255 0 0 0 0 0 0 0 0 0 255 0 0 0 0 255 0 0 0 255
    255 0 0 0 0 255 0 0 0 255 0 255 0 0 0 255 0 0 255 255 255 255 0 0 0
    0 255 255 0 0 255 0 0 0 0 0 0 0 0 0 0 0 0 255 255 255 0 0 0 0 0 0 0
    0 0 255 0 0 255 255 0 0 255 0 255 0 0 0 0 0 0 0 0 0 0 0 0 255 0 0 0
    255 0 255 0 255 0 255 0 0 0 0 255 0 255 0 255 0 0 0 0 0 0 0 255 0
    255 0 0 255 255 255 255 0 0 0 0 0 0 0 0 0 0 0 0 0 0 0 0 0 0 0 255 0
    255 0 255 255 0 0 255 0 0 0 255 255 255 0 0 0 0 0 0 0 0 0 0 0 0 0 0
    255 0 255 0 0 0 255 255 0 0 0 0 0 0 0 0 0 0 0 0 0 0 0 255 0 255 0 0
    255 0 0 0 0 0 0 0 0 0 0 255 255 0 0 0 0 255 0 255 255 0 0 0 0 255
    255 0 0 255 255 255 0 0 255 0 255 255 255 0 0 0 0 0 255 255 0 0 0 0
    0 0 255 0 0 255 0 0 255 255 255 0 0 255 0 0 0 0 0 0 0 0 0 0 0 0 0 0
    255 255 0 0 0 0 255 255 0 0 0 0 0 0 255 0 0 255 0 0 255 255 0 0 255
    0 0 255 255 0 0 0 0 0 255 255 255 0 0 0 0 0 0 0 255 255 255 255 0
    255 255 255 0 0 0 255 0 0 255 0 0 255 0 0 0 0 0 0 255 255 255 0 0 0
    0 0 0 255 0 0 0 0 0 0 0 0 255 255 255 255 0 0 0 0 0 0 0 255 0 0 0 0
    0 0 0 0 0 0 0 0 0 0 0 0 0 0 0 0 0 0 0 0 0 0 0 255 0 0 0 0 0 0 0 0 0
    0 0 0 0 0 0 255 0 255 0 0 0 0 0 0 0 0 0 0 255 255 255 0 0 0 0 0 0 0
    0 0 0 0 255 255 255 0 255 0 0 0 0 255 0 0 255 0 255 255 0 0 0 0 255
    0 0 0 0 255 0 0 255 255 0 0 255 255 0 255 0 0 255 0 0 0 255 0 0 0
    255 0 255 0 0 0 0 255 255 0 0 0 0 0 255 0 255 0 0 0 0 0 0 0 0 0 0
    255 0 0 0 255 0 0 255 0 255 0 0 0 255 255 0 255 255 255 255 0 255 0
    0 0 0 0 0 0 0 0 255 255 255 255 0 0 255 255 0 0 0 255 0 0 255 0 0 0
    0 0 255 255 255 0 0 0 0 0 0 0 255 0 0 255 0 0 255 0 255 0 0 255 0 0
    0 0 0 0 255 255 0 0 0 0 0 0 255 0 0 0 255 0 255 0 0 0 255 255 0 255
    0 0 0 0 0 0 0 0 0 0 0 0 0 0 0 255 255 255 255 0 0 0 0 0 0 0 0 0 255
    0 0 255 0 0 0 255 0 0 0 0 0 255 255 0 0 0 0 255 255 255 0 255 255 0
    0 0 0 0 255 255 0 255 0 0 0 0 0 0 0 255 0 0 0 255 0 0 0 0 0 0 0 0
    255 0 0 255 0 255 0 0 255 0 0 0 0 255 0 0 0 0 0 0 255 0 0 255 255 0
    255 0 0 0 255 0 0 255 0 0 255 0 255 0 0 255 0 0 255 0 255 255 0 0 0
    255 255 255 0 0 0 0 255 0 255 255 0 0 0 255 255 0 255 0 0 0 0 0 0 0
    255 0 0 255 0 0 0 255 0 0 0 255 255 0 0 0 255 0 255 255 0 0 255 0 0
    0 255 255 255 0 0 0 0 0 0 0 0 0 0 255 0 255 0 255 0 0 0 0 0 0 255
    255 0 0 0 0 0 255 0 0 0 0 255 0 0 0 0 0 0 255 0 0 0 0 0 255 0 0 0 0
    255 0 255 0 255 0 0 0 255 0 0 255 0 0 0 0 0 255 255 0 0 255 0 0 255
    255 255 0 255 0 0 0 255 0 255 0 255 0 255 255 0 0 0 0 0 255 0 0 255
    0 0 0 0 0 255 255 255 0 0 0 0 0 0 0 255 0 0 0 255 255 0 255 0 0 255
    0 0 0 0 255 0 0 0 0 0 0 0 255 0 255 255 0 0 0 0 0 0 0 0 0 255 0 255
    0 0 0 0 0 0 0 0 255 0 0 0 0 255 255 255 0 255 255 0 0 0 0 0 0 0 0 0
    255 0 0 255 0 0 0 255 0 0 0 0 0 0 0 0 0 0 0 255 255 0 0 0 0 0 255 0
    255 0 0 0 0 0 0 0 255 0 0 255 0 255 255 0 255 0 0 0 255 0 0 0 0 0 0
    0 255 0 0 255 255 0 0 255 0 255 0 255 0 0 255 255 0 0 0 255 255 255
    0 0 0 255 0 0 255 255 0 0 0 255 255 255 0 0 0 0 255 255 0 0 0 0 0 0
    0 0 0 0 0 0 0 0 255 0 0 0 0 255 0 255 0 0 255 255 0 0 0 0 0 0 0 255
    255 0 0 0 0 255 0 255 0 255 0 0 0 0 0 255 255 0 0 255 255 0 0 0 0 0
    0 0 255 0 255 0 255 0 0 0 255 255 255 0 0 0 0 255 0 0 0 255 0 0 0 0
    0 0 0 0 255 0 0 255 0 0 0 0 255 0 0 0 0 0 0 0 255 0 0 0 0 0 0 0 255
    0 255 0 255 0 0 0 0 255 255 255 0 0 0 0 0 0 0 0 0 0 0 0 255 0 255
    255 255 255 0 255 0 0 255 0 255 0 255 255 0 0 0 0 0 0 0 0 255 255
    255 0 0 0 0 255 0 0 0 0 0 0 255 255 0 0 0 0 0 255 0 0 0 0 0 0 0 0 0
    0 255 0 255 0 0 255 0 0 0 0 255 0 255 0 0 255 0 0 0 255 255 0 0 0
    255 0 0 0 0 0 255 0 0 255 255 0 255 0 0 255 0 0 0 0 255 0 0 0 0 255
    0 0 0 0 0 0 255 0 0 0 0 255 255 255 0 0 0 0 0 255 0 255 0 0 0 255 0
    255 0 0 255 0 0 255 0 0 0 0 0 0 255 0 0 0 0 255 255 0 0 255 0 0 255
    0 0 255 0 0 255 255 0 255 0 255 255 0 0 0 0 0 0 0 0 0 255 255 0 0
    255 0 0 0 255 0 0 0 0 255 255 0 0 0 255 0 0 255 0 0 0 255 0 0 255 0
    255 255 0 255 0 0 0 0 0 0 0 0 0 0 255 0 255 255 255 255 255 0 0 0 0
    255 0 255 0 255 255 0 0 255 0 255 255 0 0 255 0 255 0 0 0 255 0 0 0
    0 0 0 255 255 0 0 0 0 0 255 0 255 0 0 0 0 0 255 0 255 0 0 0 0 0 0
    255 0 255 0 0 0 255 255 255 0 0 0 0 0 255 0 255 255 0 255 0 0 255
    255 255 255 0 0 255 0 0 0 0 255 0 255 0 0 0 0 255 0 0 0 0 255 0 0
    255 0 255 255 0 0 255 255 0 255 0 255 0 0 0 0 0 0 0 255 0 255 255 0
    0 255 0 255 0 0 0 0 0 0 255 0 255 0 0 0 0 255 255 0 0 0 0 255 255 0
    0 0 0 0 255 0 0 0 255 0 0 0 0 0 0 0 0 0 0 0 0 0 0 0 0 0 255 255 0 0
    0 255 0 255 255 0 255 255 0 0 0 0 0 0 0 255 255 255 0 0 0 0 255 0
    255 255 0 0 0 0 0 0 0 0 0 0 0 0 0 255 0 255 0 0 255 0 0 255 0 0 0
    255 255 0 0 0 255 0 0 0 255 0 255 0 255 0 0 0 0 0 0 0 0 0 255 255
    255 255 255 255 0 255 255 0 0 0 255 0 0 255 0 0 0 255 0 0 0 0 0 0
    255 255 0 0 0 255 0 0 0 0 0 0 255 0 0 0 0 0 0 0 255 0 0 0 0 255 0 0
    255 0 0 0 0 255 255 0 0 0 255 0 0 0 255 255 255 0 0 255 255 0 0 0 0
    0 255 255 0 0 0 0 255 255 0 255 255 0 0 0 0 0 0 255 255 255 0 0 255
    255 0 0 255 0 255 0 0 255 0 0 0 255 0 0 0 255 255 0 0 255 0 255 255
    0 0 255 255 255 255 0 0 255 255 0 255 0 0 0 0 0 255 255 0 0 255 0
    255 0 0 0 0 0 0 0 255 0 255 255 0 255 255 0 0 0 0 0 255 0 255 0 255
    0 0 255 0 255 0 0 0 0 0 0 0 0 0 0 0 0 0 0 0 0 0 255 0 255 0 0 0 0 0
    0 255 0 0 0 255 0 255 0 0 0 0 0 0 0 0 255 0 255 255 255 0 0 0 255 0
    0 0 0 255 0 0 0 0 255 0 255 0 0 0 255 0 0 0 0 0 255 0 0 0 255 0 0 0
    0 0 0 0 0 0 0 255 255 0 0 255 0 0 0 0 255 255 255 0 0 255 0 0 0 0 0
    255 0 255 0 0 0 255 255 0 255 0 0 0 0 0 255 0 255 0 0 0 255 0 255 0
    0 0 0 255 255 0 0 0 0 0 0 0 0 255 0 0 0 0 0 0 255 255 0 255 255 0
    255 0 255 0 0 0 0 0 0 255 0 255 255 255 0 0 0 0 0 0 0 255 0 255 255
    255 0 0 0 255 0 255 0 0 0 255 0 0 0 0 255 0 0 0 0 0 0 0 0 255 255 0
    0 0 0 0 0 0 255 0 0 0 0 0 255 255 0 0 0 0 0 0 0 0 0 0 255 0 0 0 0
    255 0 0 255 0 0 0 255 0 0 0 0 255 0 0 255 255 255 0 0 0 255 255 0 0
    0 255 0 0 0 255 0 0 0 0 255 255 255 0 0 0 0 255 0 0 0 255 0 0 0 255
    255 255 255 0 0 0 0 0 255 0 0 0 255 0 0 0 255 0 0 255 0 0 0 0 0 0
    255 255 255 0 255 0 0 0 0 0 0 0 0 255 0 255 0 0 0 255 255 255 255
    255 255 0 0 0 255 255 0 0 0 0 0 255 0 0 0 0 0 0 0 255 0 255 0 0 255
    0 0 0 255 0 0 0 255 0 0 0 0 0 255 0 0 0 0 0 0 0 255 0 0 0 255 255 0
    0 0 0 0 0 0 255 255 0 0 0 0 0 0 0 0 0 255 255 0 0 255 255 255 0 255
    255 0 0 255 0 0 255 0 0 0 0 0 0 0 0 255 0 0 0 255 0 0 255 255 0 0
    255 0 0 0 0 0 0 0 255 0 255 0 0 255 255 255 0 0 0 0 0 0 0 255 255 0
    0 255 255 255 0 0 0 0 255 255 0 0 0 255 0 0 0 0 0 0 255 0 0 0 0 255
    255 255 0 0 255 0 0 0 0 0 0 0 0 0 255 255 0 255 0 0 0 255 0 0 255 0
    0 255 0 0 0 0 0 0 0 0 0 0 0 0 0 0 0 0 0 0 255 0 0 0 0 0 0 0 0 0 0
    255 0 255 255 0 0 0 0 255 0 255 255 0 0 0 0 0 0 0 0 0 255 0 0 0 0
    255 0 255 0 0 0 255 0 0 255 255 255 0 0 0 0 0 0 0 0 0 255 0 0 0 0 0
    0 255 0 0 0 0 0 0 0 0 255 0 0 255 0 0 255 0 0 255 0 0 255 0 0 255 0
    0 0 0 0 0 0 0 0 0 0 0 255 255 0 0 0 255 0 0 0 255 255 0 255 255 255
    0 0 0 255 0 0 0 255 255 0 0 0 255 0 0 0 0 255 0 0 255 0 0 0 0 0 255
    0 0 0 0 0 0 255 0 255 255 0 0 0 0 255 0 0 0 0 0 0 0 0 0 0 255 0 0 0
    0 0 0 0 255 0 0 255 0 0 0 0 255 0 0 0 255 0 0 0 255 255 0 0 0 255 0
    0 0 255 0 0 0 0 0 0 0 0 0 0 255 0 0 0 0 0 0 0 255 255 0 0 255 0 0
    255 0 0 255 0 0 255 0 255 0 0 0 255 0 255 0 0 0 0 255 255 255 255
    255 255 0 0 0 0 255 255 0 0 255 255 0 0 255 255 0 255 255 0 0 0 0 0
    255 0 255 0 0 0 0 255 0 0 0 0 0 0 0 0 255 255 0 0 0 0 255 255 0 0 0
    0 0 0 0 0 0 0 0 255 255 0 0 0 255 255 0 0 0 0 0 255 255 255 0 255 0
    0 0 0 0 255 0 0 0 0 0 0 255 0 0 255 0 255 0 0 255 255 0 0 0 255 0 0
    0 0 255 255 0 0 0 0 0 255 0 255 0 0 255 0 0 0 255 0 255 0 255 255 0
    255 255 255 255 255 0 0 0 0 255 0 0 0 255 0 0 255 0 0 0 255 0 0 0 0
    0 0 0 0 0 0 255 255 0 255 0 0 0 255 255 0 0 0 255 255 0 255 255 0 0
    255 0 255 0 0 0 0 0 255 0 0 255 255 255 0 0 255 0 0 0 255 255 0 0 0
    0 0 0 0 0 0 0 0 0 0 0 0 255 0 0 255 255 0 0 255 0 0 255 0 255 255 0
    0 0 0 255 0 0 0 255 0 255 255 0 0 0 255 255 0 0 255 0 0 255 0 0 0 0
    0 0 0 255 0 0 0 255 0 0 0 255 0 0 0 0 255 0 0 0 0 0 0 255 0 255 0 0
    0 255 0 0 0 0 0 255 255 0 0 0 255 0 255 0 0 255 0 0 255 255 255 0 0
    0 0 0 0 255 0 0 0 0 0 255 0 0 0 0 0 255 0 0 255 0 0 0 0 0 255 0 0
    255 0 0 255 0 0 0 0 0 0 0 0 0 0 255 0 255 255 255 0 0 0 0 255 255 0
    0 0 0 0 0 0 255 0 0 255 0 0 0 0 0 0 0 255 0 255 255 255 0 0 0 0 0 0
    255 255 255 0 0 255 0 0 255 0 255 255 255 255 255 0 0 0 0 0 0 255
    255 0 0 255 0 0 255 0 0 0 0 0 255 255 0 0 255 255 0 255 0 0 0 255 0
    255 255 0 0 0 255 255 0 0 0 0 0 255 0 0 0 0 255 255 0 0 0 0 0 255
    255 255 0 0 0 0 0 0 0 255 255 0 0 255 0 0 0 255 0 0 0 0 0 0 0 255 0
    0 0 255 0 0 0 0 0 0 0 0 0 0 0 0 0 255 0 255 255 255 255 255 0 255 0
    0 0 255 0 255 0 255 0 0 255 0 0 0 0 255 0 255 0 255 0 0 255 0 0 0
    255 0 255 255 255 255 0 0 0 0 0 0 0 255 255 255 0 0 0 255 0 255 0 0
    0 0 0 0 0 255 255 0 0 0 0 0 0 0 0 255 255 0 255 0 0 0 0 0 0 0 0 255
    0 0 0 0 0 0 0 0 255 0 0 255 255 0 255 0 0 0 0 0 0 0 255 255 0 0 0 0
    0 255 0 0 0 0 0 0 0 0 0 0 255 0 0 0 255 0 0 0 255 0 0 255 0 0 0 0
    255 255 0 0 0 255 0 0 0 0 0 0 255 255 0 0 0 0 255 255 0 0 255 255 0
    0 255 0 0 0 0 0 0 0 0 0 255 0 0 255 0 0 0 0 255 255 0 255 0 0 0 0
    255 0 255 0 255 0 0 0 0 0 0 255 255 0 0 0 255 0 0 0 0 0 0 0 0 0 0 0
    255 0 0 0 0 0 0 255 0 255 0 0 0 0 255 0 255 255 0 0 0 0 0 255 0 0 0
    0 255 0 0 255 0 0 255 255 0 0 0 0 255 0 255 0 255 0 255 0 255 0 0 0
    0 255 0 0 255 255 0 0 255 255 0 0 255 0 0 255 255 255 0 0 255 0 0 0
    255 0 0 255 0 0 0 0 0 0 0 255 0 255 0 0 0 0 0 0 0 0 0 0 0 0 255 255
    255 0 0 0 0 0 0 255 255 0 0 255 0 0 0 0 0 0 255 255 0 255 0 255 0 0
    0 0 0 255 0 0 0 0 255 0 0 0 255 0 0 0 255 255 0 0 0 0 0 255 0 0 255
    255 255 0 255 0 0 0 255 0 0 0 0 0 255 0 255 255 255 0 0 0 0 255 0 0
    0 255 255 255 0 255 0 255 255 0 0 0 255 0 255 0 255 0 0 255 0 0 255
    0 0 0 255 255 0 0 0 0 255 0 0 255 0 255 0 0 0 0 255 0 0 0 0 0 0 255
    255 255 0 0 0 255 0 0 255 0 0 0 255 0 255 0 0 0 0 0 0 0 255 0 255
    255 0 0 0 0 0 255 0 255 0 0 0 255 0 0 255 0 0 0 255 0 0 0 255 0 0 0
    0 255 0 0 255 0 255 0 0 0 0 0 0 255 0 0 0 0 0 255 0 0 0 0 0 0 255 0
    0 255 0 255 0 0 255 255 0 0 255 255 0 0 0 0 0 0 255 0 0 255 255 0 0
    0 0 0 255 0 0 255 255 255 0 0 255 255 255 0 0 0 0 0 0 0 255 0 255 0
    0 0 0 255 0 0 0 0 0 0 0 0 0 0 0 0 255 0 0 0 0 0 0 0 255 0 0 255 0
    255 0 0 0 0 0 255 255 0 0 0 0 0 0 0 255 255 0 0 0 0 0 0 255 0 255 0
    0 0 255 255 255 255 0 0 0 0 0 255 0 255 0 0 0 255 255 255 255 0 0
    255 255 0 0 255 0 0 255 0 255 0 0 0 255 255 0 0 0 0 0 255 0 255 255
    0 0 0 0 0 0 255 0 0 255 0 0 0 0 0 255 0 0 0 255 0 255 0 0 0 0 255
    255 0 0 0 255 255 0 0 0 255 255 0 0 0 0 0 0 0 0 0 0 0 0 0 0 255 0 0
    0 0 0 0 0 255 0 255 0 255 0 255 0 0 0 0 255 0 0 0 0 0 0 0 255 255
    255 0 0 0 0 0 0 0 0 0 0 0 255 0 0 0 0 0 0 0 0 255 0 0 255 0 0 255 0
    255 0 0 255 0 255 255 0 0 255 255 0 0 255 0 0 255 0 0 0 255 0 255 0
    0 0 0 0 255 0 0 0 255 0 0 0 0 0 255 0 0 0 0 255 255 0 255 255 0 255
    255 0 0 0 0 0 0 255 0 0 255 0 0 0 0 0 0 0 0 255 0 0 0 255 0 0 0 255
    255 0 0 255 255 0 0 255 0 0 0 0 0 0 255 0 0 255 0 0 0 0 0 255 0 0 0
    255 0 0 0 255 255 0 255 0 0 0 0 255 255 0 255 0 0 255 0 0 255 255
    255 0 0 255 255 0 0 0 0 0 255 0 255 255 0 0 255 0 0 0 255 0 255 0
    255 255 0 0 0 0 255 0 255 255 0 0 0 0 255 255 0 255 0 0 0 0 255 255
    0 0 255 255 0 0 0 0 0 0 0 0 255 255 255 255 0 255 255 0 0 0 255 255
    0 255 0 255 255 0 0 0 255 0 0 0 0 255 0 0 0 255 0 0 0 0 0 0 0 0 0 0
    0 0 0 0 0 0 0 0 255 255 0 0 0 0 0 0 0 255 0 0 0 0 255 0 0 0 255 255
    255 255 255 0 255 255 0 255 0 0 0 0 0 0 0 0 0 0 0 0 0 255 0 0 255 0
    0 0 0 255 0 0 0 255 0 0 0 0 0 255 255 0 255 0 0 0 0 0 255 0 0 255 0
    0 0 255 0 255 0 255 0 0 0 0 0 0 0 0 0 0 255 255 255 0 0 0 255 255 0
    0 0 0 255 255 0 0 255 255 255 255 255 0 0 255 255 255 0 255 0 0 0 0
    0 255 0 255 255 0 255 0 255 0 255 255 0 0 0 0 255 255 255 255 0 0
    255 0 255 0 0 0 0 0 0 255 255 255 255 255 0 255 0 0 255 0 0 0 0 255
    255 0 255 0 0 255 255 0 0 0 0 255 255 0 255 0 0 0 255 255 0 0 255
    255 0 0 0 0 0 0 0 255 255 0 0 0 0 0 255 255 0 0 0 0 0 255 0 255 0 0
    0 0 0 0 255 0 255 0 0 255 0 0 0 255 0 0 255 0 255 0 0 0 0 0 0 0 0 0
    0 0 0 0 0 0 0 0 0 0 0 255 255 0 255 255 0 0 0 0 255 0 0 255 0 0 255
    0 0 0 0 0 0 0 255 0 0 0 255 0 0 0 0 255 0 255 255 0 0 0 0 0 0 255 0
    0 0 0 255 0 0 0 0 255 0 0 0 0 0 0 255 0 0 0 0 255 0 0 0 255 0 0 255
    255 0 0 0 0 255 0 0 0 0 0 0 0 0 0 0 0 0 0 0 0 0 0 255 0 0 0 0 255 0
    0 255 255 0 0 0 0 0 255 0 0 255 255 0 0 255 0 0 0 0 0 0 0 255 0 0 0
    255 0 0 0 255 0 255 0 0 0 0 0 255 0 0 255 0 255 255 255 0 255 0 0 0
    0 255 0 0 0 255 0 0 0 0 255 0 255 0 0 255 0 255 0 0 0 0 0 0 0 0 0 0
    0 0 0 0 255 0 255 0 0 0 255 255 0 255 0 0 0 255 255 0 0 0 0 0 0 0 0
    0 0 0 255 0 255 0 0 255 255 255 0 0 0 0 0 255 0 0 0 0 255 255 0 255
    0 255 0 0 0 0 0 0 0 255 0 0 0 0 0 0 0 0 0 0 255 0 0 255 0 255 0 255
    0 0 0 0 0 255 0 255 255 255 0 0 255 255 255 255 255 0 0 0 255 0 0 0
    0 0 0 0 255 0 255 0 0 0 255 0 0 0 0 0 255 0 0 255 0 0 255 0 0 0 0 0
    0 255 0 0 255 0 0 255 0 0 255 255 255 0 0 0 0 255 255 0 0 0 0 255 0
    0 0 0 0 0 0 0 0 0 0 0 255 255 0 0 0 0 0 255 0 0 0 255 0 255 0 0 0
    255 255 0 255 0 0 0 255 0 0 0 0 0 0 0 255 0 0 255 0 255 255 0 0 255
    0 255 255 0 255 0 255 0 0 0 0 255 0 0 0 0 255 255 255 0 0 255 0 0 0
    0 255 0 0 0 255 0 255 0 255 0 0 0 0 0 0 0 0 0 0 255 0 0 0 255 255 0
    0 0 0 255 0 255 255 255 0 0 0 0 255 0 0 0 0 0 255 0 0 0 0 255 0 255
    255 0 0 0 0 0 0 0 0 0 0 255 0 0 0 0 255 0 0 255 255 0 0 0 255 255
    255 0 255 0 0 0 0 0 0 0 0 0 0 0 0 255 255 255 0 255 255 0 0 255 0 0
    0 0 0 0 0 0 255 0 0 0 0 0 0 0 0 0 0 0 0 0 255 0 0 0 0 255 255 0 0
    255 0 0 0 255 0 0 0 0 0 255 255 255 255 0 0 255 0 0 0 0 255 0 255 0
    0 255 0 0 0 0 255 255 255 0 0 255 0 0 255 0 255 255 0 0 0 0 0 0 0
    255 0 0 0 255 255 0 0 0 0 0 0 0 255 0 255 0 0 255 0 0 255 0 255 0 0
    0 255 0 255 0 0 0 0 0 0 0 0 0 255 0 0 255 0 0 255 255 0 255 0 0 255
    0 0 0 255 0 255 0 0 255 0 255 255 0 0 0 255 0 255 0 0 0 0 255 0 0 0
    0 255 0 0 0 0 0 0 0 0 0 255 255 255 255 0 255 255 255 0 0 255 0 0 0
    255 0 0 255 255 255 0 0 255 255 0 0 0 0 255 0 0 0 255 0 255 255 0 0
    0 0 0 255 0 0 0 255 0 255 0 0 0 255 0 0 0 0 0 255 255 255 0 0 0 0
    255 0 0 0 255 0 0 0 0 0 0 255 0 0 0 0 0 0 0 255 0 255 0 0 0 0 255
    255 255 0 0 0 0 0 0 0 0 0 0 0 0 255 0 0 0 255 0 0 0 0 0 0 0 0 255 0
    0 0 0 255 0 255 0 0 0 0 0 0 255 0 0 0 0 255 0 255 0 0 0 255 0 0 0
    255 0 0 0 0 0 255 0 255 0 0 255 0 255 0 0 0 0 255 0 0 0 0 255 255 0
    0 0 0 0 255 255 0 0 0 255 0 0 255 0 255 0 0 0 0 0 255 0 0 0 255 255
    255 255 255 255 255 0 0 0 0 255 255 0 0 255 0 0 0 255 0 0 255 255 0
    0 0 0 255 255 255 0 255 0 0 255 0 0 255 0 0 0 0 255 0 0 255 0 0 0 0
    0 0 0 255 0 0 0 0 0 255 0 255 0 0 255 0 0 255 0 0 0 0 0 255 0 0 255
    0 0 0 0 255 255 0 0 0 0 0 0 0 255 0 255 0 0 0 0 0 0 0 0 0 0 255 0
    255 0 0 255 0 0 255 0 255 0 0 0 255 255 0 255 255 0 0 255 0 0 0 0 0
    255 0 0 0 255 0 0 255 0 0 0 255 0 255 0 0 0 0 255 0 255 0 0 0 0 0 0
    0 0 0 0 0 0 0 0 0 0 0 255 0 255 0 0 0 0 0 255 255 0 255 0 255 0 255
    0 255 0 0 0 255 0 0 0 255 255 0 255 0 0 255 0 255 0 0 0 0 0 0 0 255
    0 0 0 255 0 0 255 0 255 0 0 0 255 0 255 0 0 0 255 0 0 0 0 0 0 0 0 0
    255 255 255 0 0 255 0 255 255 0 255 0 255 0 0 255 0 255 0 0 0 0 0 0
    0 0 255 0 255 0 0 0 255 255 0 0 0 255 0 0 0 0 255 0 0 0 0 0 0 255 0
    255 0 0 0 0 0 255 255 0 255 0 255 0 0 0 0 255 255 255 255 0 255 255
    0 0 0 0 0 255 0 0 255 0 0 255 0 255 0 0 0 0 0 255 0 0 255 0 0 0 255
    0 0 0 255 0 0 0 0 255 255 0 0 0 0 0 0 0 0 255 0 0 0 0 255 0 255 0 0
    255 0 0 255 255 0 0 0 255 255 0 0 0 0 255 0 0 255 255 0 0 0 0 0 0 0
    0 255 0 255 0 0 255 0 255 0 0 0 255 255 0 0 0 0 255 255 255 255 0 0
    0 0 0 0 0 0 0 0 0 0 0 255 255 255 0 0 0 255 255 255 0 0 0 255 0 0 0
    255 255 0 0 0 255 255 0 255 255 255 0 255 255 0 255 255 255 255 0
    255 0 255 0 0 255 255 255 0 0 255 0 0 255 0 0 0 0 0 0 255 0 0 255
    255 0 0 255 0 0 255 0 0 255 255 0 255 0 255 0 255 0 255 255 0 255 0
    255 0 0 0 0 0 255 255 0 0 0 0 255 0 0 0 255 255 0 0 0 255 255 0 0 0
    255 0 0 0 0 0 0 0 0 0 255 255 255 255 0 0 0 0 255 0 255 0 0 255 0 0
    0 0 0 0 0 0 0 0 255 0 255 0 0 255 0 255 255 255 0 255 0 0 0 255 0 0
    255 255 255 0 0 255 255 0 0 255 0 255 0 0 0 0 0 0 0 0 0 0 0 0 0 0 0
    0 255 0 0 0 0 255 255 0 0 255 0 0 255 0 0 0 0 255 0 0 0 255 0 0 0 0
    0 255 255 0 0 0 0 255 0 0 0 0 255 0 0 255 255 0 0 0 0 0 0 0 0 0 0
    255 0 0 0 255 255 0 0 0 0 255 0 255 0 0 0 255 255 255 255 0 0 0 255
    0 0 0 0 0 255 255 0 0 0 255 255 0 0 0 255 0 255 0 255 255 0 0 0 255
    0 0 0 255 255 0 0 0 0 255 255 255 0 255 0 0 0 0 0 0 255 255 0 0 255
    0 0 0 255 255 255 0 0 0 0 0 0 0 0 255 0 0 0 0 255 255 255 255 0 0 0
    0 255 255 0 0 0 0 0 0 255 0 0 0 0 0 0 255 0 0 0 255 0 255 0 0 0 0 0
    0 0 0 0 255 0 0 0 255 0 255 255 0 255 0 255 0 0 255 255 255 255 255
    0 0 0 0 0 0 0 0 255 255 0 255 0 0 0 255 255 0 255 0 255 0 255 0 0
    255 0 0 0 0 255 0 0 0 0 0 0 0 0 0 0 0 255 0 0 255 255 0 255 0 0 0
    255 0 0 0 0 255 0 255 0 255 0 255 0 255 0 0 0 0 0 0 255 255 0 0 255
    0 0 255 0 0 0 255 255 0 255 0 255 0 0 0 0 0 255 0 255 255 0 0 0 0
    255 255 255 0 0 0 0 0 255 0 0 0 0 0 0 0 0 255 0 255 0 0 0 0 0 0 0
    255 0 0 0 0 0 255 0 0 255 0 0 0 0 255 0 0 0 255 0 0 0 0 255 255 0
    255 0 0 0 255 0 255 0 0 0 0 255 0 0 0 0 0 0 255 255 0 0 0 255 255 0
    255 255 0 0 0 0 0 0 255 255 0 0 255 0 0 255 0 0 0 0 255 255 0 255 0
    0 0 255 255 255 255 255 0 255 0 0 255 255 0 0 255 255 255 0 0 0 0 0
    0 0 0 0 0 0 0 0 255 0 0 255 0 0 255 0 0 0 0 255 0 255 0 255 0 0 0
    255 255 0 0 0 0 0 255 0 255 255 0 0 0 0 0 255 0 255 0 0 0 0 255 0 0
    255 0 0 0 255 255 0 0 255 255 0 0 0 0 0 255 0 255 0 0 0 0 0 255 255
    0 0 0 0 0 0 255 255 0 255 0 0 255 0 0 0 0 0 0 0 0 255 0 255 0 255 0
    0 0 0 255 0 0 0 255 255 0 0 0 0 0 0 0 255 0 0 255 0 255 0 0 255 0
    255 255 255 255 0 255 255 0 255 0 0 0 255 0 0 255 255 0 0 0 255 0 0
    255 0 0 0 0 0 255 255 0 0 0 255 0 255 0 255 0 0 0 0 255 255 255 255
    255 0 0 0 255 0 0 0 0 255 0 255 0 0 0 0 0 0 0 0 0 255 255 0 0 0 255
    255 0 0 0 255 0 0 0 0 255 255 255 0 0 255 0 255 0 0 0 255 255 255 0
    0 255 0 255 0 0 0 0 0 0 0 0 0 0 0 0 255 255 0 0 0 255 0 255 255 0 0
    0 0 255 0 255 0 0 0 255 0 255 255 255 255 0 255 255 0 0 255 255 255
    0 0 0 255 0 0 255 255 0 0 0 0 0 0 0 0 0 0 255 255 0 255 255 255 0 0
    0 0 255 0 0 0 0 0 0 0 255 255 0 0 0 255 0 0 0 0 0 0 0 0 0 0 0 255 0
    0 0 0 0 0 0 0 255 0 0 255 0 0 0 255 255 0 0 0 0 0 0 255 0 0 0 255 0
    0 0 255 255 255 255 255 255 0 0 0 255 0 0 0 0 0 255 255 255 255 255
    0 0 255 0 0 0 0 0 0 0 0 0 0 0 0 0 0 255 0 0 0 0 0 255 0 0 0 0 0 0
    255 255 0 0 255 255 255 0 0 255 0 255 0 0 0 255 0 0 0 0 0 0 0 0 255
    0 255 0 0 255 0 255 0 0 0 0 0 0 0 0 0 0 255 0 0 0 255 0 0 0 0 0 255
    255 0 0 255 0 0 0 0 0 255 0 255 255 255 255 255 0 0 255 0 0 0 0 255
    255 0 0 0 0 0 0 255 0 0 0 255 0 0 255 0 0 0 255 0 0 255 0 0 0 0 0 0
    255 0 255 0 255 0 0 255 255 255 0 0 0 0 0 0 0 0 255 0 255 255 255 0
    0 0 0 255 0 0 255 255 0 255 255 255 255 0 0 0 0 255 255 0 0 0 0 255
    0 0 0 0 0 255 0 0 0 0 255 255 0 0 0 0 255 0 255 0 0 0 255 255 255 0
    255 0 0 0 0 0 0 0 0 0 0 0 0 0 0 0 0 0 0 255 255 0 255 0 0 255 0 0 0
    0 0 0 0 0 255 0 0 0 0 0 0 0 0 0 0 0 255 255 0 0 0 0 0 0 0 0 0 255 0
    255 0 0 0 0 0 0 255 0 255 0 0 0 0 0 0 255 0 0 0 0 255 0 0 0 0 0 0 0
    255 0 0 0 0 255 0 0 255 0 0 0 0 255 0 255 0 0 0 255 0 0 0 0 0 255 0
    0 0 0 0 255 0 0 0 0 255 0 0 0 0 0 255 255 255 255 255 0 255 0 0 255
    0 0 0 0 0 0 0 0 0 0 0 0 255 0 0 255 0 255 0 0 255 255 0 0 255 255 0
    0 0 0 0 255 0 255 0 0 0 0 0 0 255 0 0 0 0 0 255 0 0 0 0 0 0 0 255 0
    0 255 0 255 255 0 0 0 0 0 0 255 0 0 255 0 0 255 255 255 0 255 0 0 0
    0 0 0 0 0 0 0 0 255 0 0 0 0 0 255 0 0 0 0 0 0 0 0 0 0 0 255 0 0 0 0
    0 0 0 0 255 0 0 255 0 0 0 0 0 0 0 0 0 255 0 0 0 0 0 0 0 255 255 0 0
    255 0 0 255 255 0 0 0 0 255 0 0 0 0 0 0 0 0 0 0 0 0 255 255 0 0 0 0
    0 0 0 255 0 0 0 0 0 0 0 0 0 255 0 0 255 0 0 255 0 0 255 255 255 255
    0 0 255 0 0 0 0 0 0 0 255 0 0 0 0 0 0 0 0 255 0 255 0 255 255 0 0 0
    0 255 255 0 0 0 255 255 255 0 0 255 0 0 0 255 255 0 255 0 0 255 255
    0 255 0 0 0 255 255 0 0 255 0 0 0 0 0 0 0 0 0 0 255 255 255 0 255
    255 0 255 0 0 0 0 0 0 0 0 0 0 0 0 255 255 0 0 0 0 255 255 0 255 0
    255 0 0 0 255 0 0 0 0 0 255 0 0 0 0 255 0 255 0 255 0 0 0 0 255 0
    255 0 0 255 0 0 0 0 0 0 255 0 0 0 0 0 255 255 0 0 0 255 0 0 0 0 0 0
    255 0 0 0 0 0 255 0 255 0 255 0 0 255 0 0 255 255 255 255 0 255 255
    0 255 0 0 0 0 0 255 255 0 255 0 255 255 0 0 0 255 255 255 255 0 255
    0 255 255 0 0 0 255 255 0 0 255 0 0 0 0 0 0 0 0 0 0 0 0 0 0 255 255
    0 0 0 0 0 255 0 0 0 0 0 0 0 0 255 0 0 255 0 0 0 0 0 0 0 255 0 0 0 0
    0 255 255 0 0 255 0 0 255 0 255 0 0 255 255 0 0 255 0 255 0 0 0 0
    255 0 255 0 0 0 0 0 0 0 0 0 255 0 0 0 0 255 0 255 255 0 255 0 255 0
    0 0 0 0 0 0 0 255 0 0 0 0 255 0 0 255 255 0 0 0 0 0 255 255 255 255
    0 0 255 255 0 0 0 0 0 255 0 255 0 0 255 0 0 255 0 255 0 255 0 255 0
    0 255 0 0 255 0 0 0 0 255 0 255 0 0 255 255 0 0 0 0 0 0 255 0 255 0
    0 255 0 0 255 255 255 0 0 0 0 0 255 255 255 255 255 0 0 0 0 0 255
    255 0 0 0 255 0 0 0 0 0 0 0 0 255 255 0 0 255 0 0 0 255 0 0 0 255 0
    0 0 0 0 0 0 0 0 255 255 0 0 0 0 255 255 0 0 0 0 0 255 255 255 0 0 0
    0 0 255 255 255 0 0 0 255 0 255 0 0 255 0 0 255 255 255 0 0 0 0 0 0
    0 0 255 255 255 0 0 0 0 255 255 0 255 0 255 0 0 0 0 0 255 255 255 0
    0 0 0 255 0 0 255 0 0 0 255 0 0 0 255 255 0 255 255 0 0 255 0 0 255
    0 0 0 0 0 0 255 255 255 255 0 0 0 255 255 0 0 255 255 0 0 0 255 0
    255 255 0 255 0 0 0 255 255 0 255 0 255 0 255 0 0 0 255 255 0 0 0 0
    0 255 0 0 0 0 0 0 0 0 0 255 255 0 0 0 255 255 0 0 0 0 255 255 255
    255 0 255 255 0 0 0 0 0 255 255 0 0 0 0 0 0 0 0 0 255 0 255 255 0
    255 255 0 0 0 255 0 255 255 0 0 255 0 255 0 255 255 255 255 0 255 0
    255 0 0 0 0 0 255 255 0 0 0 0 255 255 0 0 0 0 0 255 0 0 255 0 255 0
    255 0 0 255 0 0 255 0 0 0 0 0 0 0 0 0 0 0 0 0 0 0 0 0 0 0 0 0 255 0
    0 0 0 0 255 0 255 0 0 255 255 0 0 0 0 255 0 0 0 0 255 255 0 0 0 255
    255 0 0 0 0 0 255 0 0 0 0 0 0 255 0 0 0 255 0 255 0 0 0 0 0 255 0
    255 255 0 0 0 0 255 0 0 255 0 0 0 255 0 0 255 0 0 0 0 0 0 0 255 0
    255 0 255 255 0 0 0 0 0 0 255 0 0 0 255 0 0 0 0 255 255 0 0 0 0 255
    0 0 255 0 255 255 0 0 255 0 0 255 0 255 0 255 0 255 0 0 255 255 255
    255 255 0 0 0 0 0 0 0 0 255 0 0 255 255 0 0 0 255 0 0 0 0 0 0 0 0 0
    255 0 0 255 255 255 255 0 0 255 0 0 0 255 255 0 0 0 0 0 255 255 255
    0 0 255 0 255 255 255 0 0 0 255 0 0 0 255 0 0 255 0 0 0 0 255 0 255
    255 255 0 0 0 255 0 0 0 255 0 0 0 0 0 255 0 0 255 0 0 255 0 0 255 0
    0 255 0 255 0 255 0 0 0 0 0 0 0 0 0 0 0 0 0 255 255 255 0 255 255 0
    0 0 0 0 0 255 0 0 0 0 0 0 0 255 0 0 0 0 0 255 0 255 255 0 0 0 255
    255 0 0 255 255 0 255 0 255 0 0 0 0 0 0 0 0 255 0 0 0 0 0 255 255 0
    255 0 0 0 0 0 255 0 255 0 255 255 255 0 0 0 255 0 255 255 0 0 255
    255 255 0 0 255 0 255 0 0 0 255 0 0 255 0 0 0 255 0 0 0 0 0 0 0 0 0
    255 0 0 0 0 0 255 0 0 0 255 0 0 0 0 0 0 255 0 255 255 255 0 0 255 0
    0 0 255 0 0 0 0 0 0 0 255 0 0 0 0 255 0 0 255 255 255 0 0 0 0 0 0 0
    0 0 0 0 0 0 0 255 0 0 0 0 0 255 0 255 0 255 0 255 0 0 0 0 0 0 0 0
    255 0 0 0 0 255 255 0 255 255 0 0 0 0 255 0 0 255 0 0 255 255 0 255
    0 0 0 0 255 0 0 0 0 0 255 0 255 0 0 255 0 0 0 0 0 0 0 255 0 0 0 0 0
    0 255 0 0 255 0 0 0 0 0 0 0 0 0 255 255 0 0 0 0 0 255 255 0 255 255
    0 255 255 0 255 255 255 0 0 0 0 0 0 0 0 0 255 0 0 0 0 0 255 0 0 0 0
    0 0 0 0 255 255 255 0 0 0 255 255 255 0 255 0 0 0 255 0 0 0 255 255
    0 0 0 255 0 0 0 0 255 255 0 255 255 0 255 0 0 0 0 0 0 255 255 255 0
    0 0 0 255 255 0 0 0 255 0 0 0 0 0 255 0 0 0 255 0 0 0 0 0 255 0 0
    255 255 0 0 255 255 0 255 0 0 255 255 0 0 0 0 0 255 255 0 255 0 255
    255 255 0 0 0 0 255 255 255 0 0 255 0 0 0 255 255 0 0 0 0 0 0 0 0 0
    255 255 255 255 0 0 255 0 255 255 0 0 0 0 0 0 0 0 0 0 0 0 0 0 0 0 0
    0 0 255 0 0 0 0 255 255 255 0 255 0 255 0 255 255 0 0 0 255 0 0 0 0
    0 0 255 0 0 0 0 0 0 0 255 0 255 0 0 255 255 0 0 0 0 0 255 255 0 0
    255 0 0 255 0 255 255 0 0 0 0 255 0 0 255 0 0 255 0 0 255 255 0 0
    255 0 0 255 0 255 0 255 0 0 0 255 255 0 255 0 0 255 255 255 255 0 0
    255 255 0 0 0 0 0 0 0 255 0 0 0 0 255 255 0 0 0 0 255 255 255 255 0
    0 0 0 0 255 0 0 0 0 0 0 255 255 255 0 0 0 0 255 0 0 0 0 0 255 0 0 0
    0 0 0 255 0 255 0 0 0 0 255 0 0 0 0 255 0 255 255 255 0 0 0 255 0 0
    0 0 255 0 0 0 255 0 255 255 0 255 0 0 0 0 255 0 255 0 255 0 0 255 0
    0 0 255 0 0 255 0 0 0 255 255 0 255 0 0 0 0 0 255 0 255 0 0 0 0 0 0
    255 0 0 255 0 0 0 0 0 255 0 0 255 255 0 0 0 255 0 0 255 0 255 255 0
    0 0 255 255 255 0 0 0 0 255 0 0 255 255 0 255 0 0 0 0 0 0 0 0 255 0
    0 0 0 255 0 0 0 255 0 0 0 0 255 0 0 0 0 0 0 0 0 0 255 255 0 255 0 0
    255 0 0 0 0 0 255 0 255 0 255 0 0 255 0 0 0 0 0 0 0 0 0 0 0 255 255
    0 255 0 0 255 0 0 0 0 0 0 0 0 0 0 0 0 0 255 255 0 255 0 0 255 0 0 0
    0 255 255 0 255 0 0 255 255 255 0 0 0 255 255 0 0 255 0 255 0 0 0 0
    255 0 0 0 255 0 255 255 255 0 0 255 255 0 255 0 0 255 0 0 255 0 255
    0 255 0 255 255 0 0 255 0 0 0 0 255 0 0 0 255 255 0 0 255 255 0 0
    255 0 0 0 0 255 255 255 0 0 0 0 0 0 0 0 255 0 255 0 255 255 0 0 0 0
    0 255 255 0 0 0 0 0 255 255 255 255 0 0 255 255 0 0 0 0 0 0 255 255
    255 255 255 0 0 0 0 0 255 0 0 255 255 0 255 255 0 0 255 0 0 0 255 0
    0 0 0 0 255 255 0 0 255 0 255 0 0 255 0 0 255 255 255 0 0 0 255 0 0
    255 0 0 0 0 0 255 0 0 0 0 0 0 0 0 255 0 0 0 255 255 0 0 0 0 255 0 0
    255 0 0 0 255 255 0 0 0 255 255 0 255 0 0 0 0 0 0 0 255 0 0 255 0
    255 0 255 255 0 0 255 0 0 0 0 255 0 0 0 0 0 0 255 0 0 255 255 255
    255 255 0 0 0 0 0 0 255 0 0 0 0 0 0 0 0 255 0 0 255 0 0 255 255 0 0
    255 0 0 0 0 255 0 255 0 0 0 0 0 255 255 255 0 255 0 0 255 0 0 255 0
    255 0 0 255 0 0 255 255 0 0 0 255 0 0 0 255 0 0 0 255 0 255 0 255
    255 255 0 255 0 0 0 255 255 0 0 0 0 0 0 255 255 255 255 0 255 255
    255 0 0 0 255 0 0 0 0 255 0 0 255 0 255 0 0 0 255 0 255 255 0 0 0 0
    0 255 0 0 255 0 255 0 255 0 0 0 0 255 0 255 255 0 0 0 0 0 255 0 0 0
    255 255 255 0 0 0 0 0 255 0 255 0 0 0 255 0 0 0 255 0 0 0 0 255 255
    0 255 0 255 255 0 255 255 0 0 0 255 0 0 0 0 0 0 0 255 255 0 0 0 255
    0 0 0 255 0 0 255 0 0 255 255 0 255 0 255 0 0 0 255 0 255 255 255
    255 0 0 255 255 0 0 0 0 255 0 0 0 0 255 255 0 0 255 255 0 255 255
    255 0 0 0 255 0 0 0 0 0 255 0 255 255 0 0 0 0 255 0 0 0 0 0 0 0 255
    0 0 255 0 255 0 0 0 0 0 255 0 0 0 255 255 0 255 0 255 255 255 0 0 0
    0 255 255 255 0 255 0 255 0 0 0 0 255 0 0 0 0 255 0 0 255 0 0 0 0
    255 0 0 255 0 255 255 0 255 0 0 0 0 0 255 255 255 0 255 0 255 0 0 0
    255 0 0 255 0 0 0 255 0 0 0 255 255 0 255 0 0 0 255 0 0 0 0 255 255
    255 255 0 0 0 0 255 0 0 0 0 255 0 0 0 0 255 0 0 255 0 0 255 0 255 0
    0 255 0 0 255 0 255 255 0 0 255 0 0 0 0 0 255 255 255 0 0 0 255 255
    0 0 255 0 255 255 0 0 0 0 0 255 0 0 0 255 0 0 0 0 255 0 0 255 0 0
    255 0 0 0 255 0 0 0 0 0 255 255 0 0 255 0 0 255 0 0 0 0 0 0 0 255 0
    0 0 0 0 255 0 0 0 0 0 0 0 0 0 0 0 255 255 255 0 0 255 0 255 0 255 0
    0 255 0 0 255 0 0 255 255 255 255 0 0 0 255 255 0 0 255 0 0 0 0 0
    255 0 0 255 0 0 255 0 0 0 0 255 255 255 0 255 255 0 0 0 255 0 0 0
    255 0 0 0 0 0 0 0 255 0 0 0 0 0 0 255 255 0 0 0 0 0 0 0 255 0 0 255
    255 0 0 255 0 0 0 0 0 255 255 0 0 0 255 255 0 0 0 0 255 255 0 0 0 0
    0 0 0 0 0 255 255 0 0 0 255 0 255 255 0 0 255 255 0 0 255 255 0 0 0
    0 0 255 255 255 255 255 0 0 255 255 0 0 0 255 0 255 0 0 0 255 0 0
    255 255 0 0 255 0 0 0 0 0 0 255 255 0 0 0 0 0 0 255 0 255 0 0 0 255
    255 0 0 255 0 0 0 0 0 255 0 0 0 0 0 0 255 0 0 0 255 0 0 0 0 255 0 0
    0 0 0 255 0 255 0 0 0 0 255 255 255 0 255 0 0 0 255 255 255 0 0 255
    0 0 0 0 0 255 255 0 0 255 255 0 0 0 0 0 255 0 0 0 255 0 0 255 255 0
    0 255 255 0 0 255 0 0 0 255 0 0 0 0 0 0 0 255 0 0 0 0 0 0 0 0 0 255
    0 0 0 255 0 0 0 0 0 0 0 0 0 0 255 0 0 0 0 0 255 0 255 255 255 255
    255 0 255 0 0 0 0 0 0 0 0 255 0 0 255 0 255 0 0 0 255 0 0 0 0 0 0
    255 0 0 0 0 255 0 0 255 0 255 255 0 255 255 0 255 0 0 255 0 0 0 255
    0 0 0 0 0 0 0 255 0 255 255 0 255 0 0 0 0 0 255 255 0 0 255 255 0 0
    0 255 0 0 255 255 255 0 0 255 0 0 0 0 255 255 255 255 0 0 0 0 255 0
    0 0 0 0 255 255 0 0 0 255 0 255 255 255 0 0 0 0 255 0 255 255 0 0 0
    0 255 0 255 0 0 0 0 255 0 255 255 255 0 0 0 0 0 255 0 0 0 0 255 0 0
    255 255 0 255 255 0 0 0 255 0 255 0 0 0 0 255 255 0 0 255 0 0 0 0 0
    0 0 255 0 255 0 0 255 0 255 0 0 0 0 0 0 255 0 0 0 0 0 0 0 0 0 0 0 0
    0 0 0 255 255 0 0 0 0 0 0 0 0 255 0 0 0 255 255 0 255 255 255 0 0
    255 0 0 0 0 255 255 0 0 0 0 0 0 0 255 0 0 0 0 0 255 0 255 0 0 255 0
    255 0 255 0 0 255 0 255 0 0 0 0 0 0 255 0 0 0 255 0 0 0 0 0 255 255
    255 255 0 255 0 255 0 0 0 0 0 0 255 255 255 255 255 0 255 0 0 0 255
    0 0 0 0 0 0 0 255 0 0 0 0 255 0 0 0 0 0 0 255 0 255 255 0 0 0 0 255
    0 255 0 0 255 255 0 0 255 0 0 0 0 0 0 0 0 0 0 0 0 0 255 0 255 255 0
    255 0 0 0 0 255 0 0 255 255 0 0 0 0 0 0 0 0 255 255 0 255 0 0 0 255
    255 0 255 0 0 255 0 0 0 0 0 0 255 0 0 0 0 255 255 0 0 0 0 0 0 0 255
    0 255 0 0 0 0 0 0 0 0 0 255 255 0 0 0 255 0 255 255 0 255 0 255 255
    0 255 0 0 0 0 0 0 255 255 255 255 0 0 0 0 255 255 255 0 0 0 0 0 0
    255 255 255 255 255 255 0 0 0 0 0 0 0 255 0 0 0 0 0 0 255 0 0 255 0
    0 0 0 0 0 0 0 0 0 0 255 0 255 0 255 0 0 0 0 0 0 0 0 255 0 0 0 0 0 0
    0 0 0 255 255 0 0 255 0 0 0 255 0 0 0 0 0 255 0 0 0 255 255 255 0
    255 0 0 255 255 0 0 0 0 0 0 255 255 0 0 0 0 255 0 255 0 0 0 255 0
    255 0 0 255 255 0 0 255 255 0 0 0 255 0 255 0 255 255 0 0 255 0 0
    255 0 0 255 0 0 255 255 0 255 0 0 0 255 0 0 0 255 255 0 0 0 255 0
    255 0 255 0 0 255 0 0 255 255 0 0 0 0 0 0 0 255 255 0 255 0 255 255
    0 0 0 0 0 0 255 0 0 0 0 255 0 0 0 0 255 0 0 0 0 255 0 255 0 255 0 0
    0 0 0 0 0 0 255 0 0 0 0 0 0 0 255 0 0 0 255 0 0 0 0 0 0 0 0 0 0 0
    255 0 0 0 0 0 255 0 0 255 0 0 255 0 0 0 0 0 0 255 0 0 0 0 0 255 0
    255 255 0 0 0 0 255 255 0 0 0 255 255 255 0 0 255 255 0 0 0 0 0 0 0
    0 0 0 0 0 0 0 0 255 0 255 0 255 255 0 255 255 0 0 255 0 0 0 0 0 0 0
    255 0 0 255 255 0 0 0 0 255 0 0 0 255 0 0 0 255 0 0 0 0 0 0 255 0 0
    255 255 0 255 255 255 0 255 255 0 0 0 0 0 255 0 0 255 255 0 0 0 0 0
    0 0 0 0 0 255 255 255 0 255 0 0 0 0 255 0 0 0 0 0 0 0 255 255 0 255
    255 0 255 0 0 255 255 0 0 255 0 0 0 0 255 0 0 0 255 255 0 0 0 0 0 0
    255 0 255 0 0 0 255 255 0 0 0 0 0 255 0 0 0 255 0 0 255 0 255 0 0 0
    255 255 0 0 0 0 255 0 0 0 255 255 0 255 0 255 0 255 0 0 255 0 0 255
    0 255 0 0 255 255 0 0 0 0 0 255 0 0 0 255 255 255 0 0 255 255 255
    255 255 0 255 0 0 0 0 0 0 0 255 255 0 0 0 0 0 255 255 0 255 255 255
    0 0 0 255 0 0 255 255 0 0 255 0 255 255 255 0 0 255 255 0 255 0 0 0
    0 0 0 255 255 255 0 255 255 0 255 255 0 0 255 0 0 255 0 255 0 0 255
    0 0 255 255 0 255 0 0 0 0 255 0 0 0 0 0 0 0 255 0 0 0 0 255 255 0 0
    0 0 255 255 0 0 0 0 0 0 0 0 0 0 0 0 255 255 255 0 255 0 255 0 255 0
    0 255 0 255 0 0 0 0 0 255 0 255 0 255 255 0 255 0 0 0 255 0 0 255
    255 255 0 0 0 255 0 0 255 0 0 255 0 0 0 0 0 255 255 255 255 255 0 0
    0 255 0 255 0 0 255 255 255 255 255 0 0 0 255 255 255 0 0 0 255 255
    0 0 0 0 255 255 255 255 0 0 0 0 255 255 255 0 0 0 0 0 0 255 0 0 0
    255 0 0 0 255 255 0 255 0 255 0 255 0 0 0 255 0 0 0 255 0 255 0 0 0
    0 255 255 0 255 0 255 0 0 0 0 0 0 0 0 0 0 0 0 0 0 0 255 0 0 0 255 0
    0 0 0 0 0 0 0 0 255 0 0 0 255 255 0 0 255 0 0 255 0 0 255 0 0 0 0 0
    255 0 0 255 0 0 0 255 0 255 0 0 0 0 0 0 255 0 0 255 255 255 255 0
    255 0 255 0 0 0 0 0 255 0 0 0 255 0 0 255 255 255 0 0 0 255 0 0 0 0
    0 255 0 0 0 0 255 0 255 0 255 0 0 255 255 255 255 0 0 0 255 0 0 255
    255 0 0 0 255 0 0 0 0 0 0 0 255 0 0 0 0 255 255 255 0 0 0 255 255
    255 255 0 255 0 0 0 255 0 0 0 255 0 0 255 0 255 0 0 0 0 255 0 255 0
    255 0 255 255 255 0 0 0 255 255 0 0 0 0 0 0 0 0 255 0 0 0 255 255
    255 0 0 0 0 0 0 0 0 255 0 0 255 0 0 255 0 0 0 0 0 0 0 255 0 0 0 0 0
    0 0 0 0 0 0 255 0 0 0 0 0 0 255 0 255 255 0 0 255 0 255 0 255 0 255
    0 0 0 0 255 0 0 0 0 0 255 0 0 255 0 0 0 0 0 255 255 255 255 0 0 0 0
    0 0 0 0 0 255 255 255 0 0 0 255 255 255 0 255 0 0 0 0 255 0 0 0 255
    0 0 0 0 0 255 0 0 255 255 255 0 0 0 0 0 0 0 255 0 255 0 0 255 255 0
    255 0 0 0 0 0 255 255 0 0 0 0 0 0 0 0 0 0 0 0 255 0 0 0 0 255 255 0
    0 255 255 0 0 0 255 255 0 255 0 0 0 0 0 0 0 0 0 0 255 0 0 0 0 0 0 0
    255 0 0 0 0 0 255 0 255 0 0 0 0 0 255 0 0 0 0 0 0 0 255 0 0 255 0
    255 255 255 255 0 0 255 255 0 0 0 255 0 0 0 0 0 0 0 0 0 0 0 255 0 0
    255 255 255 0 255 0 0 0 255 0 255 0 0 0 0 0 0 0 0 0 0 255 0 0 0 0
    255 0 0 0 255 0 0 0 255 0 0 255 0 0 0 0 255 255 0 255 255 255 0 0
    255 255 255 0 255 0 0 0 0 0 255 0 255 0 0 0 0 255 0 255 0 255 0 255
    255 255 0 0 255 0 255 0 255 0 255 0 0 0 0 0 255 0 255 0 0 0 255 0
    255 0 255 0 0 255 255 255 0 255 0 0 255 0 255 0 0 0 0 255 0 255 0 0
    0 0 0 0 0 0 0 0 0 0 255 0 0 0 0 0 0 0 0 255 0 0 0 0 255 0 0 0 0 0
    255 0 0 0 255 255 0 0 255 0 0 0 0 0 0 255 0 0 0 0 0 255 0 0 0 255
    255 255 0 0 0 255 0 0 0 0 255 0 0 255 0 0 255 255 255 0 255 255 255
    0 255 0 0 0 255 255 255 0 0 0 0 0 0 0 0 0 255 0 255 255 255 0 0 0
    255 0 255 0 255 0 0 255 0 0 0 255 0 0 255 255 0 0 255 255 255 0 0 0
    255 255 0 255 0 255 255 0 0 0 0 255 255 0 0 0 0 0 0 0 255 255 0 0 0
    255 0 255 0 0 0 0 255 255 255 0 0 255 255 0 255 0 0 0 255 0 0 255 0
    255 0 255 0 255 0 0 0 0 0 0 0 0 0 0 0 255 0 0 0 0 255 0 255 255 0 0
    255 0 0 0 255 255 0 255 0 0 255 0 0 255 0 0 0 255 0 0 0 0 0 0 0 255
    0 0 255 255 0 0 255 0 0 0 255 0 0 0 0 255 0 0 255 0 0 255 0 255 0
    255 255 255 0 0 0 0 0 0 0 0 0 0 0 0 0 0 0 0 255 0 0 0 0 0 255 0 0
    255 255 0 0 255 0 0 0 0 255 0 255 255 0 255 0 0 255 0 0 0 255 255 0
    255 255 255 255 0 0 0 0 0 255 255 255 0 0 255 255 0 0 0 0 0 255 0 0
    0 255 255 0 0 0 0 0 255 0 0 0 0 0 255 0 0 255 0 0 255 0 0 0 0 0 0 0
    0 255 0 0 0 0 255 255 255 0 0 0 0 0 0 255 0 0 0 0 0 0 255 255 255
    255 0 0 255 0 0 0 0 255 255 255 255 0 0 0 0 255 0 0 0 255 0 0 255 0
    0 255 255 0 255 255 0 0 0 0 255 0 0 255 0 255 0 0 0 255 0 0 255 0
    255 255 0 0 255 0 255 0 0 0 0 0 255 0 0 255 0 0 255 0 255 0 0 0 0 0
    0 0 255 0 0 0 0 0 255 0 0 255 0 0 255 0 0 0 0 255 0 255 0 0 0 255 0
    0 0 0 255 255 255 255 0 0 0 0 0 0 0 255 0 0 255 0 0 0 0 255 255 0 0
    0 0 255 255 0 0 0 0 0 0 0 255 0 0 0 0 0 0 255 255 255 0 0 0 0 0 255
    255 0 255 255 0 0 255 0 0 255 0 0 255 0 255 0 0 255 0 0 0 0 255 255
    0 0 255 0 0 0 255 0 0 0 0 255 0 0 0 0 0 0 255 255 255 0 0 0 0 0 0 0
    255 255 255 255 255 0 255 0 0 255 0 255 0 0 0 0 0 255 255 0 255 0 0
    0 255 0 255 0 0 0 0 0 0 0 0 255 255 0 255 255 0 0 0 0 0 255 0 255 0
    0 0 0 255 0 255 0 0 0 0 0 0 255 0 0 255 0 255 0 255 0 0 255 255 0 0
    0 0 0 255 0 0 0 0 0 255 0 255 255 0 255 0 0 0 255 0 0 0 0 0 0 255 0
    0 0 0 0 0 0 0 0 255 255 0 0 0 0 255 0 0 255 255 255 0 0 0 0 0 255
    255 0 0 255 0 0 0 255 0 0 255 0 255 255 255 0 0 0 0 0 255 255 0 255
    0 0 0 0 0 0 0 255 0 255 0 0 0 255 0 255 0 0 255 0 0 255 0 0 0 255 0
    0 255 0 0 255 0 0 0 255 0 255 0 255 255 0 0 255 0 255 0 255 0 0 0 0
    0 255 0 255 0 0 0 255 255 0 255 0 0 0 0 255 0 255 0 0 0 0 0 255 255
    255 255 255 0 255 0 255 0 0 0 0 255 0 0 0 0 255 255 0 0 0 255 255
    255 255 0 0 0 0 255 0 0 0 0 0 0 255 0 255 0 255 0 0 255 0 0 255 255
    255 255 255 0 255 0 255 0 0 0 0 255 255 0 255 0 0 0 255 255 0 255
    255 255 0 0 0 0 255 0 0 255 255 255 0 0 0 0 0 255 0 255 0 255 0 0
    255 0 0 255 0 255 255 0 255 0 255 255 0 0 0 255 0 0 255 0 255 0 255
    0 0 255 0 0 0 255 0 0 0 0 0 255 255 255 255 255 0 0 0 255 0 0 0 255
    0 0 0 0 0 0 0 255 0 0 0 0 0 0 0 0 255 0 255 0 0 0 0 255 0 255 0 255
    0 0 0 0 0 0 0 0 0 0 0 255 0 0 0 255 0 0 255 0 255 255 0 255 255 0
    255 255 0 255 0 0 255 0 0 0 255 255 0 0 0 255 0 255 0 255 255 0 0 0
    255 0 255 0 255 0 0 0 255 0 255 255 255 0 0 0 0 0 0 0 0 0 255 0 0 0
    0 0 255 0 0 0 0 0 0 0 0 0 0 0 255 255 0 255 0 0 0 255 0 0 255 0 0 0
    0 0 255 255 0 0 255 0 255 255 0 255 255 0 255 255 0 0 255 0 0 0 0
    255 0 0 255 0 255 0 0 0 0 255 0 0 255 0 0 0 0 0 0 0 0 255 255 255
    255 0 0 255 0 255 255 0 0 255 0 255 0 0 0 0 255 255 255 255 0 0 0 0
    0 0 0 0 255 255 255 0 0 0 0 0 255 0 0 0 0 0 255 255 0 255 0 0 255
    255 0 0 0 255 0 0 0 0 0 255 0 0 255 0 0 255 0 0 0 0 0 0 0 255 0 255
    0 0 0 0 0 255 0 0 255 255 255 0 0 255 0 0 255 0 255 0 0 255 0 0 0 0
    255 0 0 0 0 0 0 0 255 255 255 0 0 255 0 0 255 0 255 0 0 0 0 0 0 255
    0 0 255 0 0 0 0 255 255 0 0 0 0 0 0 255 0 0 255 0 0 0 0 0 0 0 0 255
    255 0 255 0 0 0 0 255 0 255 0 0 255 0 0 255 0 255 0 0 255 0 0 0 0 0
    0 255 0 0 255 255 0 0 0 0 0 0 0 0 0 0 255 255 0 0 255 0 255 0 0 0 0
    255 0 0 0 0 0 255 0 0 255 0 0 255 0 0 0 0 0 0 0 255 0 255 0 0 0 255
    0 255 0 0 0 0 0 0 0 255 0 0 0 255 0 0 0 0 0 0 0 0 255 0 255 0 0 0 0
    255 0 255 255 0 255 255 0 0 0 255 255 0 0 255 255 255 255 0 255 0 0
    0 0 0 0 0 255 0 255 0 0 0 0 255 255 0 0 255 0 0 0 0 0 255 0 0 0 0 0
    0 255 0 255 0 0 255 0 255 0 0 0 0 0 255 255 0 0 0 0 0 0 0 255 0 0 0
    0 0 0 0 0 0 255 255 0 0 0 0 255 255 255 255 0 0 255 0 0 0 0 255 0 0
    255 0 0 255 0 0 255 0 255 0 0 255 255 255 255 0 0 0 255 0 0 0 255
    255 255 255 0 0 0 0 255 0 255 255 0 0 0 0 0 255 255 0 0 255 0 0 0 0
    0 0 255 255 0 0 0 0 0 0 0 0 0 0 255 0 255 0 255 0 0 0 255 0 0 0 255
    0 0 0 0 0 0 0 0 0 0 0 0 255 255 0 255 0 0 0 0 0 255 255 0 0 255 255
    255 255 255 0 0 0 0 255 0 0 0 0 255 255 0 0 0 0 255 255 0 0 255 0 0
    0 255 0 0 255 0 255 0 0 255 0 255 0 0 0 0 0 0 255 0 0 0 0 255 0 0
    255 0 0 0 255 255 0 0 255 0 0 255 255 0 0 0 0 0 0 0 255 255 0 0 0
    255 255 255 0 255 0 0 0 0 0 0 0 255 0 255 255 255 255 0 255 0 0 0 0
    0 0 255 255 255 0 0 255 255 255 0 0 255 0 0 0 0 0 0 0 0 0 0 255 0 0
    255 255 0 255 255 0 0 0 0 0 0 0 0 0 0 0 0 255 0 255 255 255 255 0 0
    0 0 0 0 0 0 255 0 0 0 255 0 0 255 0 0 0 0 0 255 0 0 0 0 255 0 0 0 0
    0 255 255 0 255 0 0 255 0 0 0 0 255 0 255 0 255 0 255 0 0 0 255 255
    255 0 0 0 255 255 0 255 0 0 0 0 0 0 0 255 0 0 0 0 255 0 0 0 0 0 0 0
    0 0 0 0 0 0 255 0 0 0 0 0 0 255 0 255 0 255 0 0 0 0 0 0 0 0 0 255
    255 0 255 0 0 255 0 255 0 0 255 255 255 0 0 0 0 255 0 0 0 255 0 255
    0 255 0 0 0 255 0 0 0 0 0 0 255 255 0 255 0 0 0 255 255 0 255 0 255
    0 0 0 0 0 255 0 0 255 0 255 0 255 0 255 0 0 0 255 0 0 255 255 0 0 0
    0 0 0 0 0 0 255 0 255 0 255 0 0 0 0 0 0 255 0 0 0 0 0 0 0 0 0 0 0 0
    0 255 0 0 255 0 0 0 0 0 0 0 0 255 0 255 255 0 0 255 0 0 255 0 0 0
    255 0 255 255 0 0 255 0 255 0 0 0 0 255 0 0 0 255 255 0 0 0 255 0 0
    0 255 255 255 255 0 0 0 0 0 255 0 0 255 0 0 255 255 255 0 0 255 0 0
    255 255 0 255 0 0 0 0 0 0 0 255 255 0 255 0 0 0 0 0 255 0 0 255 0 0
    255 0 0 0 255 0 0 0 255 0 0 0 0 0 255 0 0 0 0 255 0 0 255 0 0 255
    255 0 255 255 0 255 0 255 0 0 255 0 255 0 255 255 0 0 255 0 0 0 0 0
    0 0 255 0 0 255 0 0 255 255 255 0 255 0 0 255 0 0 255 255 0 255 0
    255 0 255 255 255 0 255 0 0 255 255 0 0 0 255 0 0 255 255 255 0 0 0
    0 0 0 255 0 0 0 255 255 0 255 0 0 0 0 0 0 0 255 0 0 0 0 0 255 0 255
    255 0 0 255 0 0 0 255 0 0 0 0 0 0 255 255 0 0 0 255 0 0 0 0 0 0 0 0
    0 255 255 255 255 0 255 0 0 0 0 0 0 255 0 255 0 0 0 0 0 0 0 0 0 255
    0 0 0 0 255 0 255 0 0 0 255 255 0 0 0 0 255 255 0 0 0 0 255 0 255 0
    255 0 0 0 0 0 255 0 0 0 0 0 255 0 255 0 255 0 255 0 0 255 0 255 255
    0 255 255 0 0 255 0 0 0 0 255 0 0 0 255 0 255 0 0 255 255 0 255 255
    255 0 0 0 0 0 0 0 0 0 0 0 0 0 0 0 0 0 255 0 0 0 0 0 0 255 0 255 0 0
    0 0 0 255 0 0 0 0 0 255 0 0 255 0 0 255 255 0 0 255 255 255 0 0 255
    0 255 0 0 255 255 0 255 255 0 0 0 0 0 255 0 255 255 0 0 255 0 0 0
    255 255 0 0 255 0 0 0 0 0 0 0 0 0 0 0 0 255 0 255 0 0 0 0 0 255 0 0
    0 0 0 255 0 255 255 255 0 0 0 0 0 0 255 255 0 0 255 0 0 255 255 0
    255 255 255 0 0 0 0 255 255 255 255 0 0 0 0 255 0 0 0 0 0 0 255 255
    0 0 0 255 0 0 255 0 255 0 0 255 255 0 255 0 0 0 0 0 0 0 255 0 0 255
    255 0 0 0 0 255 0 0 0 0 0 0 0 0 0 255 0 0 0 0 0 0 255 0 0 255 0 255
    0 0 0 255 0 0 0 0 255 255 0 255 0 255 0 0 0 0 255 0 255 0 0 0 255 0
    255 255 255 0 255 0 255 255 0 255 0 255 0 0 255 0 0 0 0 0 0 0 0 0
    255 0 0 255 0 0 0 255 0 0 0 0 255 0 0 255 0 0 0 255 0 0 0 0 0 0 0 0
    0 0 0 255 0 0 0 0 255 0 0 0 255 0 0 255 0 0 0 0 0 0 0 255 0 255 0 0
    0 0 255 255 255 0 0 255 255 0 255 0 255 0 0 0 0 255 0 255 0 0 0 255
    255 0 0 0 255 0 255 0 255 255 255 255 255 255 0 0 0 255 0 0 255 0 0
    255 255 255 0 0 0 255 0 0 255 0 0 0 255 255 0 255 255 0 255 0 0 0
    255 255 0 0 0 0 255 255 0 0 255 0 255 0 0 0 0 255 0 0 0 0 0 255 0 0
    255 255 0 0 0 0 0 0 0 0 255 0 0 255 0 0 0 0 0 255 255 0 0 0 0 0 0 0
    0 0 0 0 0 0 255 255 0 0 0 0 0 0 0 0 0 0 0 0 0 255 255 0 255 0 0 0 0
    0 0 0 0 0 0 0 0 0 0 0 0 0 0 255 0 0 0 0 0 255 0 0 255 255 0 0 0 255
    255 0 0 0 0 0 0 255 255 0 0 0 0 0 0 0 0 0 0 0 255 0 255 0 0 0 0 0 0
    0 0 0 0 0 255 0 0 255 255 255 0 255 255 255 255 0 0 0 0 0 255 255
    255 0 0 255 0 0 0 255 0 0 255 0 255 255 255 0 0 255 0 0 255 0 0 255
    255 0 0 0 0 0 0 0 255 0 255 0 255 0 255 255 0 255 0 255 255 0 0 0 0
    0 255 0 0 0 0 0 0 255 255 0 0 0 0 0 0 0 255 0 255 0 0 255 255 0 0 0
    0 255 255 255 0 0 255 0 0 0 255 0 0 0 0 0 0 255 0 255 255 255 255
    255 255 0 0 0 0 255 0 0 255 0 0 0 0 255 0 0 255 0 0 0 0 0 0 0 0 0 0
    0 0 0 255 255 0 0 255 0 255 0 255 0 0 255 255 255 0 0 0 0 0 0 0 255
    0 255 0 0 255 0 255 0 255 0 0 0 0 0 0 0 0 0 0 0 255 0 255 0 0 0 0 0
    0 0 255 0 255 0 0 0 0 0 255 0 0 0 255 0 255 0 0 0 0 255 255 0 0 0 0
    0 0 0 0 0 255 0 0 0 255 0 0 0 0 0 0 0 0 0 0 0 0 0 0 0 0 0 255 0 0 0
    255 0 0 0 0 255 255 0 0 0 0 255 0 255 0 0 0 0 0 255 255 0 255 0 0
    255 0 255 0 0 255 0 0 255 0 0 255 0 0 0 0 0 255 255 255 255 255 0 0
    255 0 0 0 0 255 0 0 0 0 0 0 255 255 255 0 0 0 0 255 0 0 255 0 255 0
    0 0 0 0 0 255 0 255 255 0 0 255 255 0 0 255 255 0 0 255 0 0 255 255
    255 0 0 0 0 255 0 255 255 255 0 0 0 255 255 0 0 0 0 0 0 255 255 255
    0 0 0 0 255 0 0 255 0 255 0 0 0 0 0 0 255 0 255 0 0 0 255 0 255 0 0
    0 0 0 0 0 0 255 255 0 255 0 0 255 0 255 255 0 0 0 0 0 0 0 0 255 0 0
    0 255 0 0 0 255 255 0 0 0 0 0 0 255 0 255 0 255 0 0 255 255 255 0 0
    0 255 0 0 0 0 0 0 0 0 255 255 255 0 0 0 0 255 0 0 255 255 0 255 255
    255 0 0 0 255 0 0 0 255 0 0 0 0 0 0 0 0 0 0 0 0 0 0 255 255 255 0 0
    255 0 0 255 0 0 255 0 0 0 0 255 0 255 0 0 255 255 255 255 255 0 0
    255 0 255 0 0 255 0 0 0 255 0 0 255 255 0 255 0 255 0 0 0 0 0 0 0 0
    0 0 255 255 0 0 0 0 0 0 0 0 255 0 0 0 255 0 0 255 0 0 255 255 0 0 0
    255 0 0 255 0 0 0 255 0 0 0 0 0 0 0 0 0 255 0 255 255 0 0 0 0 0 255
    0 0 255 0 0 0 255 255 255 0 255 0 0 255 255 0 255 0 0 0 0 0 255 0
    255 0 0 0 0 0 255 0 255 0 0 0 0 0 0 255 0 0 255 0 0 0 0 0 0 0 0 0 0
    255 0 255 255 0 0 255 0 255 255 0 255 0 0 0 0 255 0 0 0 0 255 255 0
    0 0 255 0 0 255 255 0 0 0 0 0 255 0 255 0 0 0 0 0 0 0 0 255 0 0 0 0
    0 255 255 255 0 0 0 255 0 0 0 255 0 0 0 0 255 0 255 0 255 0 0 0 255
    0 0 0 0 255 0 255 0 0 0 255 0 0 0 0 255 0 0 255 0 0 0 0 255 0 0 0
    255 0 0 255 0 0 0 0 0 255 0 255 255 0 0 0 0 0 255 255 0 255 0 0 255
    0 0 0 0 255 0 0 0 0 255 0 255 0 255 0 0 0 0 0 0 255 0 0 255 0 255
    255 0 0 255 0 255 0 0 0 0 255 255 255 0 0 255 0 0 255 0 0 0 0 255 0
    255 0 0 0 255 255 255 0 0 255 0 0 0 255 0 0 0 0 0 0 0 0 0 255 0 255
    0 0 0 255 0 0 255 0 0 0 255 0 255 255 0 0 0 255 255 0 0 255 0 0 0 0
    255 0 0 255 0 0 0 0 0 0 255 0 0 0 255 255 0 0 255 0 0 0 0 0 0 0 0
    255 255 255 0 0 255 0 255 0 0 0 0 0 255 0 0 255 255 0 0 0 255 0 255
    0 0 0 255 0 255 255 255 255 0 0 0 255 0 255 0 255 255 255 255 0 0 0
    0 0 0 255 0 0 255 0 0 0 0 255 255 0 255 0 0 0 255 255 255 255 255 0
    255 255 255 0 0 0 255 255 0 0 255 0 0 0 255 0 0 0 0 255 255 0 0 0 0
    0 255 0 0 0 0 255 0 0 255 0 0 255 0 0 0 255 0 0 0 0 255 0 0 255 0
    255 0 0 0 0 0 255 0 0 255 255 0 0 255 0 0 255 0 255 0 0 0 0 0 0 0
    255 255 0 0 255 0 0 0 255 0 255 0 255 0 255 0 0 0 0 255 0 0 0 0 255
    0 255 0 0 255 255 0 0 0 0 0 0 255 0 0 0 255 0 255 255 0 0 255 255 0
    0 0 255 255 255 255 255 0 0 255 0 0 255 255 0 255 0 0 0 0 0 0 0 255
    0 0 255 0 0 0 0 0 255 0 0 0 0 0 0 0 255 0 0 0 0 0 0 255 0 0 0 255
    255 255 0 255 255 0 0 0 0 0 0 0 0 0 0 0 0 0 255 0 0 0 255 0 0 0 255
    255 0 0 255 0 0 0 255 0 0 255 0 255 0 0 0 255 0 255 0 255 0 255 0 0
    255 0 255 0 0 0 0 255 0 0 255 0 0 0 255 0 0 0 255 0 0 255 0 0 0 0 0
    255 0 0 0 0 0 255 0 0 255 0 0 0 0 0 0 255 0 0 0 0 0 0 0 255 0 0 0
    255 0 0 0 0 0 0 255 0 255 0 255 0 0 0 255 255 0 0 255 0 255 0 255
    255 0 0 255 255 0 0 0 255 0 255 0 0 0 0 255 0 0 0 0 0 255 0 255 0 0
    255 255 0 0 0 255 0 255 0 255 0 0 255 255 255 0 0 255 0 0 255 0 0
    255 0 255 0 0 0 0 255 255 0 0 0 0 0 255 0 0 0 255 0 255 0 0 255 0 0
    255 0 0 0 0 255 0 0 255 0 255 255 0 255 0 255 255 255 0 255 0 0 0 0
    255 0 0 0 0 0 0 255 255 255 255 255 255 255 0 0 0 255 0 0 0 255 255
    0 255 0 0 255 0 0 255 0 0 0 0 0 0 255 0 0 0 255 255 255 255 0 255
    255 255 0 0 255 255 0 0 0 0 255 0 0 0 0 255 255 0 0 255 0 255 0 255
    0 255 0 255 0 0 0 0 255 255 0 255 255 0 0 0 255 0 0 255 0 0 255 255
    0 0 0 255 0 0 0 0 0 0 255 0 0 0 0 0 0 0 0 0 0 0 0 0 0 0 255 0 0 255
    0 255 0 0 255 0 0 0 0 0 255 255 0 0 0 255 0 255 0 255 0 255 255 0 0
    0 255 0 0 255 0 0 255 255 255 255 0 0 255 0 0 0 255 0 255 0 0 0 0 0
    255 0 0 0 0 255 0 255 0 0 0 255 0 0 0 0 255 0 255 0 0 0 0 0 0 0 0 0
    255 0 255 0 255 0 255 255 255 0 0 0 0 0 0 0 0 255 255 255 255 0 0
    255 0 0 255 0 0 255 0 255 0 0 255 255 0 0 0 255 0 255 0 255 255 0
    255 0 0 255 255 0 0 255 0 0 0 255 0 0 0 0 0 0 0 0 0 255 0 0 0 0 0 0
    0 0 0 255 0 255 255 0 0 0 255 255 0 0 255 0 0 255 0 0 255 0 0 255 0
    0 0 255 255 0 255 0 0 0 0 0 0 255 0 0 255 0 0 0 0 0 0 0 255 255 0 0
    0 0 0 255 0 0 255 0 0 0 255 255 255 0 0 255 0 255 0 255 0 0 255 255
    0 255 0 0 0 255 255 0 255 0 0 0 0 255 0 255 0 255 0 0 0 0 0 255 0 0
    255 255 0 255 255 0 0 255 0 0 255 255 255 0 0 0 0 255 0 0 0 0 255
    255 0 0 255 0 0 0 255 0 0 0 0 0 0 0 0 255 255 0 255 0 255 0 0 0 0 0
    255 255 0 0 0 0 0 255 255 0 0 255 0 0 255 255 255 255 0 0 0 0 0 0
    255 0 0 255 255 0 0 255 255 0 0 255 0 0 0 255 255 255 0 0 0 0 0 0 0
    0 0 255 0 0 0 0 255 0 255 255 0 0 0 0 0 0 255 255 255 0 255 0 0 0 0
    0 0 255 0 0 0 0 0 255 0 0 0 255 0 255 0 0 0 255 255 0 0 0 255 0 0 0
    0 0 0 255 255 0 0 255 0 0 0 0 0 0 255 0 255 0 255 0 0 255 0 255 255
    0 255 255 255 255 255 255 0 0 0 0 0 0 0 0 0 0 0 0 255 0 0 0 0 0 0
    255 0 255 0 0 0 255 255 255 0 0 255 0 0 255 255 0 255 0 0 0 0 0 255
    0 0 255 0 0 255 0 0 0 255 0 0 0 0 0 0 255 0 0 255 0 0 0 0 0 0 255
    255 255 255 0 0 0 0 0 0 255 0 0 0 255 255 0 0 0 255 0 0 255 0 0 0 0
    255 0 0 255 255 255 0 0 0 255 0 0 0 255 0 0 255 255 0 0 0 255 0 0 0
    0 0 0 0 0 0 255 255 0 255 0 255 0 0 0 0 0 0 255 255 0 0 255 0 255 0
    255 0 0 255 0 0 255 0 0 0 0 0 0 0 255 0 0 255 0 255 255 255 255 0 0
    0 255 0 255 0 0 255 0 0 255 0 0 0 0 0 0 0 0 255 0 255 0 0 0 255 255
    0 0 0 0 0 0 0 255 0 0 0 255 255 0 255 0 0 0 0 0 255 0 0 255 255 255
    0 0 255 0 0 0 255 0 0 0 0 0 0 0 0 0 255 0 0 0 0 0 0 255 0 0 0 0 0
    255 0 0 0 0 0 0 255 0 0 255 0 0 0 0 255 0 255 0 0 0 255 0 0 0 255 0
    0 0 0 0 0 0 255 0 0 0 255 0 255 0 0 0 0 0 255 0 0 0 255 0 0 0 0 0 0
    0 0 0 0 0 0 255 255 255 0 0 255 255 0 0 0 0 0 0 0 0 255 255 0 0 0
    255 0 0 255 0 255 0 0 0 255 0 0 255 0 0 0 255 255 0 0 255 0 0 0 0 0
    255 255 0 255 255 0 0 0 255 255 0 0 255 255 0 0 255 255 0 0 0 255
    255 0 0 0 255 0 0 0 255 0 255 0 0 0 0 0 255 0 255 255 255 0 0 255 0
    0 255 0 0 255 0 0 0 255 0 0 0 255 0 0 0 0 255 0 255 0 0 255 255 255
    255 0 255 0 0 255 0 0 0 255 0 0 255 0 0 255 0 255 0 0 255 255 0 255
    0 255 0 0 255 0 0 255 255 0 255 0 0 0 0 0 0 255 0 0 0 0 255 0 0 0 0
    255 255 0 0 255 0 255 0 255 0 255 255 0 0 255 0 0 0 0 0 0 255 0 0 0
    255 0 0 0 255 0 255 0 0 0 255 0 0 0 255 255 0 0 0 0 0 0 0 0 0 0 0
    255 0 0 0 0 0 255 0 0 0 0 0 0 0 0 0 0 0 255 0 0 0 255 0 0 0 255 0 0
    0 0 255 0 0 0 0 0 0 0 0 255 0 255 0 0 0 255 0 255 0 0 0 0 0 0 255 0
    0 0 0 255 0 0 0 255 255 0 0 255 0 255 255 0 0 0 255 0 0 255 0 255 0
    255 0 0 0 255 255 0 0 255 255 0 0 0 255 0 0 0 255 0 255 0 0 0 0 255
    255 0 0 0 255 0 0 255 0 0 0 0 255 255 0 0 0 255 0 255 255 0 0 0 255
    0 255 0 0 0 255 0 0 255 255 0 0 0 0 255 0 0 255 0 0 0 0 0 0 0 0 255
    0 0 0 255 0 255 0 0 255 0 0 0 255 0 0 255 0 0 0 0 0 255 0 0 0 0 0 0
    0 255 0 255 0 0 0 0 255 255 0 0 255 255 0 0 255 0 0 0 0 0 255 0 255
    255 0 0 0 0 0 0 0 0 0 0 0 0 0 255 255 0 0 0 0 255 0 0 0 0 255 255
    255 0 0 255 255 0 0 255 255 255 0 0 0 0 0 0 0 255 0 0 0 0 0 0 255
    255 0 0 0 0 255 0 0 255 0 0 0 0 0 255 0 0 255 255 0 0 0 0 255 0 255
    0 0 0 0 255 0 255 0 0 255 0 255 0 0 255 255 255 255 0 0 0 0 255 0 0
    0 0 0 255 255 0 255 0 0 0 0 0 0 0 0 0 255 0 0 255 0 0 255 0 0 0 255
    0 0 255 0 0 0 255 255 255 0 255 255 0 0 0 255 0 0 255 255 255 0 0 0
    255 255 255 255 0 0 0 0 255 0 0 0 255 0 255 255 0 255 0 0 0 0 255 0
    0 0 0 0 255 0 0 255 255 255 255 255 0 0 0 0 0 0 0 0 0 255 255 0 255
    0 0 255 255 0 0 0 0 255 255 0 255 0 0 0 0 255 0 0 0 0 255 0 0 0 0 0
    0 0 0 0 0 0 255 0 255 0 0 255 255 255 0 255 0 0 255 0 0 0 0 0 0 0 0
    0 0 0 0 0 0 0 0 0 0 255 0 0 0 0 0 0 0 0 0 255 255 255 0 0 0 0 255
    255 255 0 0 0 255 0 0 255 0 0 0 0 0 0 0 0 0 0 0 0 0 0 0 0 0 0 255 0
    255 0 255 0 255 0 0 0 0 255 0 255 0 0 0 255 255 0 255 0 0 0 0 0 255
    0 255 0 0 255 255 255 0 0 255 0 0 0 0 0 0 0 255 0 0 0 0 0 255 0 0
    255 0 0 0 255 0 255 0 0 0 255 255 0 255 0 0 255 255 0 255 0 0 0 0 0
    255 0 0 0 255 0 0 0 0 0 0 0 0 0 255 0 255 0 255 0 255 0 255 0 0 0 0
    0 255 0 255 0 255 0 0 255 0 0 255 0 255 0 0 0 0 255 255 0 0 255 0 0
    0 255 0 0 255 0 0 0 255 255 0 0 0 255 0 255 0 0 0 255 0 0 0 255 255
    0 0 0 255 0 0 0 0 255 255 0 0 0 255 0 0 0 0 0 0 0 0 0 0 255 0 255 0
    0 0 0 0 255 0 0 255 0 0 255 0 0 0 0 0 0 0 0 0 0 0 0 0 0 0 0 255 0
    255 0 255 0 0 0 0 0 0 255 0 0 0 0 0 0 255 0 0 0 0 0 255 0 0 0 255
    255 0 0 0 0 0 0 255 0 0 0 0 0 0 255 0 0 255 0 255 0 0 255 0 0 0 0 0
    0 255 0 0 0 255 0 0 0 255 0 0 0 255 0 0 0 0 0 0 0 0 255 255 0 255 0
    0 0 0 0 0 0 255 0 0 0 0 0 255 255 255 0 0 0 255 255 0 255 0 255 255
    0 0 255 255 0 0 0 0 0 255 0 0 0 255 255 0 0 0 255 0 0 0 0 0 0 0 255
    0 0 255 0 0 255 0 0 255 0 255 0 255 0 0 0 255 0 255 0 0 255 0 255 0
    0 255 0 0 255 255 0 0 0 0 255 0 255 0 0 255 255 255 255 255 0 0 0 0
    0 0 0 0 255 255 0 0 0 0 255 255 0 0 255 0 0 255 0 0 0 0 0 255 0 0 0
    0 0 255 0 0 0 0 0 255 0 0 0 0 0 255 0 0 0 0 0 255 0 0 255 0 255 0
    255 0 0 0 255 0 0 0 0 0 0 0 0 0 0 0 0 255 0 255 0 0 255 0 255 0 255
    0 0 0 0 0 0 0 0 0 255 0 0 0 0 255 0 0 0 0 0 0 0 0 0 0 0 0 255 0 0 0
    0 0 0 255 255 0 0 0 0 0 0 0 0 0 0 0 0 255 0 255 0 255 0 0 0 255 0 0
    0 0 255 0 0 0 0 0 0 0 0 255 255 255 0 0 255 255 0 0 0 255 0 0 0 0 0
    0 0 0 0 0 255 0 255 0 0 0 255 0 0 255 0 255 0 0 255 255 255 0 0 0 0
    0 255 0 255 255 0 0 255 255 0 0 255 0 0 255 0 255 0 0 255 255 255
    255 0 0 0 255 0 0 0 255 0 0 255 0 0 255 0 255 0 0 255 0 0 255 255 0
    0 0 0 0 0 0 255 0 0 0 0 0 255 0 0 0 255 0 0 0 255 0 0 0 255 0 255 0
    0 255 0 0 255 0 0 0 0 0 0 0 0 0 0 0 255 0 0 0 0 0 255 0 0 0 0 0 0 0
    0 0 0 0 0 0 0 255 0 0 255 0 0 0 0 0 0 0 0 0 255 255 0 0 0 0 0 255 0
    255 0 0 255 255 255 0 255 255 0 0 0 0 0 255 255 255 255 0 255 255
    255 255 0 0 255 255 0 0 255 0 0 255 255 255 0 255 0 0 0 0 0 0 255 0
    0 0 0 0 0 0 0 255 0 255 255 255 0 255 0 0 0 0 255 0 255 0 255 0 0 0
    0 0 255 255 255 0 0 255 255 0 0 0 0 0 0 0 255 0 0 0 255 0 0 0 0 0 0
    0 255 255 0 0 0 0 255 255 0 255 255 255 0 255 255 255 0 0 255 0 0
    255 0 255 255 0 255 255 0 255 0 0 255 0 0 255 0 255 0 0 0 0 0 0 0 0
    0 255 0 255 0 255 0 0 0 0 0 255 0 0 255 0 255 0 0 255 0 255 255 0 0
    0 0 0 0 0 255 0 0 0 0 0 255 0 255 255 0 0 0 0 0 0 255 0 0 0 0 0 255
    0 255 0 0 255 255 255 0 255 255 0 255 255 0 0 255 0 0 255 0 0 0 255
    255 255 0 0 0 0 0 0 0 0 0 255 0 0 0 0 0 0 255 255 0 255 0 0 0 255 0
    0 255 255 255 0 0 255 0 0 255 255 0 255 0 0 0 255 0 0 0 0 255 0 0
    255 0 0 0 0 0 0 0 0 0 0 0 0 0 0 0 255 0 0 255 0 255 0 0 255 0 0 0
    255 0 255 0 0 0 255 255 0 0 255 0 255 0 255 0 255 0 0 255 0 255 0 0
    0 0 255 255 255 0 0 0 255 255 255 0 0 0 0 0 255 0 255 0 0 0 0 255 0
    0 0 0 0 0 255 255 0 255 0 0 0 255 0 0 0 0 255 0 0 0 0 255 255 255 0
    0 0 255 255 0 0 0 255 0 0 0 255 255 0 0 255 0 0 255 0 0 255 255 255
    0 0 0 0 0 255 0 0 0 0 0 255 0 0 255 0 0 0 255 255 0 0 0 255 0 0 255
    0 0 0 0 255 0 255 255 0 255 0 255 255 255 0 0 0 0 0 0 0 0 255 255
    255 255 255 0 0 255 255 0 255 0 255 0 0 0 255 0 0 0 0 255 0 0 0 0 0
    0 255 0 0 255 0 0 0 0 0 0 255 255 0 0 255 0 0 0 255 0 0 0 0 0 255
    255 0 0 255 0 0 0 0 0 255 0 0 0 255 0 0 255 0 255 255 0 0 0 255 0 0
    255 0 0 0 0 0 255 0 0 0 0 0 0 0 255 255 0 0 0 255 0 0 0 255 0 0 0 0
    0 255 0 255 255 255 255 0 0 0 255 255 255 0 0 0 0 255 0 255 0 0 0 0
    255 255 0 0 0 0 255 255 0 0 0 0 0 0 0 0 0 255 0 255 0 0 0 0 255 0 0
    0 255 255 255 0 255 0 0 255 255 0 0 0 0 0 0 0 0 0 0 0 0 0 0 0 0 0 0
    255 255 0 0 0 0 255 255 0 255 0 0 0 255 0 0 0 0 255 0 0 0 255 0 0
    255 0 0 255 0 0 0 255 0 0 0 0 0 0 0 0 0 0 0 0 255 0 0 255 0 255 255
    255 0 0 255 255 255 0 0 0 0 0 0 255 255 255 255 0 0 0 0 255 0 0 255
    0 0 255 0 0 0 255 255 255 255 255 0 0 0 0 255 0 0 255 0 0 0 0 0 0 0
    255 0 255 0 0 0 0 0 0 255 0 0 0 0 0 255 0 0 0 0 255 0 255 255 0 0 0
    0 0 0 255 0 255 0 0 0 0 255 255 255 0 255 0 255 255 0 255 0 0 255
    255 255 0 255 0 0 0 0 0 0 0 255 0 255 0 0 0 255 0 255 0 0 255 0 0 0
    255 0 0 0 255 0 0 0 0 0 0 0 0 0 255 0 0 0 0 255 255 0 255 0 0 255 0
    0 0 0 0 255 0 0 0 0 0 0 0 0 0 0 255 0 0 0 0 255 0 0 0 0 0 0 0 0 0 0
    255 255 0 0 255 255 0 0 255 255 0 255 0 0 0 0 0 0 0 0 255 0 255 0 0
    255 0 0 0 0 0 255 0 0 255 0 255 255 255 0 0 0 0 0 255 255 0 0 255 0
    0 0 255 0 0 255 255 0 255 0 255 255 0 0 255 255 255 0 0 255 0 0 255
    0 0 255 0 255 0 255 0 255 255 255 255 0 0 0 0 0 0 0 255 255 0 0 0
    255 255 0 255 0 0 0 0 0 0 255 0 0 255 0 0 0 0 255 0 0 0 255 0 0 0 0
    0 255 255 0 0 255 0 0 255 0 0 0 255 0 0 0 255 0 0 0 255 0 0 255 0 0
    255 0 0 255 255 0 0 0 0 0 0 0 0 0 0 0 0 0 255 0 0 0 255 0 255 0 0 0
    0 0 0 0 0 255 255 0 255 0 255 255 0 0 255 0 0 0 0 0 255 0 0 255 0
    255 0 0 255 0 255 0 255 0 0 255 255 255 0 0 0 255 0 0 0 255 0 0 255
    0 0 255 0 0 0 0 255 0 255 255 0 255 255 0 0 0 0 0 255 0 0 0 255 255
    0 0 0 255 0 0 255 255 255 0 0 0 0 255 255 255 0 255 255 0 255 0 0
    255 0 0 0 0 255 0 0 0 0 0 255 0 255 255 0 0 0 0 0 0 0 0 0 255 255 0
    0 255 0 255 0 0 255 0 255 0 0 0 255 0 0 0 0 255 255 0 255 0 0 0 255
    255 255 0 0 255 0 255 255 0 0 255 0 0 0 0 0 255 255 255 255 0 0 0 0
    255 255 0 0 0 0 0 255 255 0 255 0 0 0 0 255 0 0 0 255 0 0 0 0 0 255
    0 0 255 255 0 0 0 0 0 255 255 0 255 0 255 255 0 255 0 0 255 0 0 0 0
    255 255 0 0 0 255 0 0 0 0 255 0 0 0 0 0 255 0 0 0 255 0 255 0 0 0
    255 255 0 0 0 0 0 0 0 255 0 0 0 255 0 0 0 255 0 255 0 0 0 0 0 0 0
    255 255 0 0 255 0 0 255 0 0 255 0 0 0 255 0 0 0 0 255 255 255 255
    255 0 0 0 0 255 0 0 0 0 255 0 0 0 0 255 0 255 0 0 0 255 0 0 255 255
    0 0 0 0 255 0 255 255 0 0 0 0 0 0 0 0 0 255 0 255 0 0 255 0 0 0 255
    0 0 255 255 255 0 0 255 0 0 0 255 0 0 255 0 255 0 0 255 0 0 0 255
    255 0 0 0 0 255 0 0 0 0 0 0 0 0 0 255 0 255 0 0 0 0 0 255 255 0 0 0
    0 0 0 0 255 0 0 255 255 255 255 0 0 0 0 255 0 0 0 0 0 0 0 255 0 255
    0 0 255 0 255 255 0 0 255 255 0 0 255 255 0 0 0 0 255 0 0 0 0 0 255
    255 255 0 0 0 0 0 255 0 0 0 0 255 255 0 255 0 255 0 0 255 0 255 255
    0 0 255 0 255 0 255 255 255 255 255 0 255 0 0 0 0 0 0 0 255 0 255 0
    0 0 0 0 0 0 0 0 255 0 0 255 0 0 0 0 255 0 0 255 0 255 0 0 0 0 0 0 0
    0 0 0 0 255 0 0 0 0 255 0 255 0 0 255 0 0 255 0 255 0 0 0 0 0 0 0 0
    0 255 0 255 0 0 0 255 0 0 0 0 255 255 0 0 0 0 0 0 255 0 0 0 255 0 0
    0 0 255 0 0 255 255 255 255 255 0 0 0 0 0 255 255 255 0 0 0 0 255
    255 0 0 255 0 255 0 255 0 255 255 0 0 0 0 255 255 255 255 255 255 0
    0 255 0 255 0 0 255 0 0 0 0 255 0 0 255 0 0 0 0 0 0 0 0 0 0 255 0
    255 255 255 255 0 255 0 255 0 0 255 0 255 255 255 0 0 255 255 255
    255 0 0 0 255 0 0 0 0 255 0 0 0 0 255 0 0 0 0 255 0 0 0 0 255 0 0
    255 255 0 0 0 0 0 0 0 0 255 0 0 0 0 0 0 255 0 0 0 0 0 0 0 0 255 255
    0 0 255 255 0 0 0 0 0 0 0 255 255 0 0 0 0 255 0 255 255 0 0 255 255
    255 0 0 0 255 255 255 255 255 0 0 0 0 0 0 255 255 0 0 0 255 0 0 0 0
    0 255 0 0 255 255 0 0 255 0 255 0 255 255 0 255 0 0 0 255 255 0 255
    0 0 0 255 0 0 0 0 0 0 255 0 255 0 0 0 0 0 0 0 0 255 0 0 0 255 0 0 0
    255 0 0 0 255 0 0 0 0 0 255 0 255 255 0 0 0 255 255 0 0 0 0 255 0 0
    0 0 255 0 0 0 255 255 0 0 0 255 0 0 0 0 0 255 255 255 0 0 0 0 0 255
    0 255 0 0 0 255 0 0 255 0 255 0 0 255 0 0 0 0 0 255 0 0 0 255 0 0 0
    255 0 0 255 0 0 255 0 0 0 255 0 255 0 255 0 0 255 0 0 0 0 0 0 255
    255 255 0 0 0 0 255 0 0 0 0 0 0 0 255 0 0 0 0 0 255 0 0 255 0 0 0 0
    0 0 0 255 0 0 255 255 0 0 0 0 255 0 255 0 0 0 0 0 0 0 0 255 255 0
    255 0 0 0 0 255 255 0 0 0 0 0 0 255 0 0 0 0 0 0 0 0 0 0 0 255 0 0 0
    0 255 0 0 255 255 255 0 255 0 0 255 255 0 0 0 0 255 0 255 0 0 0 0
    255 0 0 255 0 0 0 0 0 0 0 0 0 255 0 0 0 255 0 255 255 0 255 0 0 255
    0 0 0 0 0 255 255 0 0 0 0 255 0 0 0 0 255 0 0 255 0 0 0 0 255 255
    255 0 255 0 0 0 255 0 0 0 0 255 255 0 255 0 0 255 0 0 0 0 0 0 0 255
    0 0 0 0 255 0 255 0 0 255 255 0 0 0 0 255 0 0 255 0 255 0 0 0 0 0 0
    0 255 255 0 255 0 0 0 0 0 255 0 255 0 255 255 255 0 0 0 255 0 255
    255 0 0 0 0 0 0 0 255 255 255 255 0 255 255 255 255 255 0 255 0 0 0
    255 255 0 255 255 255 0 0 0 0 0 255 0 0 0 0 255 0 0 0 0 0 255 0 0 0
    0 0 255 0 0 0 0 255 0 0 0 0 0 0 255 0 0 0 0 255 0 255 255 0 255 0 0
    0 0 0 0 0 0 0 255 0 0 255 255 255 0 255 0 0 0 255 255 255 0 0 0 255
    0 0 0 255 0 0 255 255 0 0 0 255 0 0 0 0 0 0 0 0 0 255 0 0 0 0 255 0
    255 0 255 0 0 0 0 0 255 0 0 255 0 255 0 0 255 0 255 255 0 0 0 0 0 0
    0 0 0 255 0 0 0 255 0 0 0 0 0 0 255 0 0 0 0 255 0 0 0 0 0 0 255 0 0
    0 0 0 0 0 255 0 0 0 255 255 0 0 0 255 0 0 255 255 255 255 255 0 255
    0 0 255 0 0 0 0 255 255 255 0 255 0 0 255 0 0 0 0 0 0 0 0 0 0 0 0 0
    0 0 0 255 0 0 255 0 0 0 255 255 0 0 0 0 0 255 0 0 0 255 255 0 255
    255 255 0 0 0 0 0 255 0 0 0 0 0 0 0 0 0 0 0 255 0 255 0 0 255 255 0
    0 0 255 0 0 0 0 0 255 0 0 255 255 0 0 0 255 0 255 255 0 255 0 0 0
    255 0 0 0 0 255 0 0 0 0 0 0 255 0 0 0 0 0 255 0 255 0 0 255 0 0 0 0
    0 255 0 255 0 0 0 0 255 0 0 0 255 255 255 0 255 0 255 0 0 255 255 0
    0 0 255 255 0 0 255 255 0 0 0 0 0 0 0 0 0 0 255 0 255 255 0 0 0 0 0
    0 255 0 255 0 0 0 0 0 255 0 255 255 0 0 255 255 0 255 255 255 0 0
    255 0 0 255 0 255 0 0 0 255 0 0 0 0 0 255 0 0 0 0 0 0 255 0 0 0 0
    255 0 0 0 255 255 0 0 0 0 255 0 0 255 255 0 255 0 0 255 0 255 0 255
    255 0 255 0 255 0 255 0 0 255 0 0 0 255 0 0 0 0 0 0 0 0 0 0 0 255
    255 255 0 0 255 255 0 0 255 255 0 0 0 255 255 0 0 0 255 255 0 0 0
    255 0 255 0 0 0 0 0 255 0 0 0 255 0 0 255 255 255 255 0 255 0 0 0 0
    0 0 0 0 0 0 255 0 0 0 0 0 255 0 0 0 0 255 0 0 0 255 0 0 0 0 0 0 255
    0 0 0 0 255 0 0 0 0 0 0 255 0 255 0 0 0 0 0 0 255 0 0 0 255 255 255
    0 0 255 255 255 0 0 0 0 0 0 0 0 0 0 255 0 0 255 0 255 255 255 0 0
    255 0 0 0 255 0 0 0 0 0 0 0 0 255 0 0 0 0 0 255 0 0 0 0 0 255 0 0 0
    0 255 0 255 255 255 0 0 255 0 0 0 255 0 0 0 0 255 0 0 0 0 255 0 255
    255 255 0 0 0 255 0 0 255 0 0 255 255 0 0 0 255 255 255 0 0 0 0 0
    255 0 255 0 0 0 255 0 0 0 0 0 0 0 0 0 0 0 255 0 0 255 255 0 0 255 0
    255 0 0 255 0 0 0 0 0 0 0 0 0 255 0 255 0 0 0 0 0 0 255 0 255 0 255
    0 0 255 0 0 0 255 255 0 0 0 255 255 0 0 255 0 255 255 0 0 255 255 0
    0 255 255 255 0 0 0 255 255 255 0 0 0 0 255 0 0 255 255 0 0 0 0 0
    255 255 0 0 0 0 0 0 0 0 255 0 0 0 255 255 0 0 0 0 0 0 0 0 0 0 0 255
    0 0 0 0 0 0 0 0 0 0 0 0 0 0 0 0 0 0 0 255 0 0 255 255 0 0 0 0 0 255
    0 255 255 255 255 255 0 0 255 255 0 0 255 0 255 255 0 255 0 0 0 255
    0 255 0 0 0 0 0 0 0 255 0 0 0 0 0 0 0 0 0 0 255 0 0 0 255 0 255 0
    255 0 0 0 255 0 0 0 0 0 0 0 255 0 0 0 0 0 0 0 0 255 0 255 0 0 255 0
    0 255 0 0 0 0 255 255 0 0 0 0 0 255 0 0 255 0 0 255 0 0 255 0 0 255
    0 0 255 0 255 0 0 0 0 0 0 0 0 0 0 0 255 255 0 255 0 0 255 0 255 255
    0 0 0 0 0 0 255 0 0 255 0 0 255 0 0 0 0 0 0 255 255 0 0 255 255 0 0
    0 0 0 255 0 0 0 0 255 0 0 0 0 0 0 0 255 255 255 0 0 0 0 0 0 0 0 0
    255 255 255 0 0 255 0 255 0 0 0 0 255 255 0 0 255 255 255 0 0 255 0
    0 255 255 0 0 0 0 0 0 0 0 0 0 0 255 0 0 0 0 0 0 0 0 0 0 0 0 0 0 0 0
    0 0 255 0 0 0 0 255 255 0 0 0 0 0 0 255 0 0 0 255 0 0 0 0 0 0 255
    255 0 0 0 0 0 0 255 0 0 0 0 0 255 0 0 255 0 0 0 0 0 0 0 0 0 0 0 0 0
    0 0 0 0 0 0 255 0 0 255 0 255 255 255 0 0 0 0 0 0 255 0 0 0 0 0 0 0
    0 0 0 0 255 255 0 0 255 0 255 0 255 0 0 0 0 255 0 0 0 255 255 0 0 0
    0 255 0 0 255 0 0 0 0 255 0 255 0 0 0 0 255 255 255 0 0 255 255 0
    255 0 0 0 0 255 255 0 255 0 0 0 0 255 255 0 0 255 255 0 0 255 255 0
    255 0 0 255 0 0 0 0 0 255 255 0 0 0 0 0 0 0 0 255 255 255 255 255 0
    255 255 0 0 0 0 0 0 0 255 255 0 0 255 0 255 0 0 255 0 0 0 0 0 255 0
    0 0 0 255 255 0 0 0 0 0 0 0 0 255 255 0 0 255 255 0 0 0 0 0 0 0 0
    255 0 0 255 0 0 0 0 0 255 0 0 0 0 0 0 255 255 0 255 0 255 0 0 0 0 0
    0 255 255 0 255 0 0 0 255 0 255 0 0 0 255 0 0 0 255 0 0 0 255 255 0
    255 0 0 0 0 0 255 0 0 0 0 255 0 0 0 0 0 0 0 0 0 0 0 0 0 0 255 0 0
    255 0 255 0 0 0 0 0 0 0 255 0 0 0 0 0 0 0 0 0 0 0 0 0 0 0 0 0 0 255
    0 0 0 255 0 0 0 0 0 0 0 255 0 0 255 0 0 0 0 255 0 255 255 0 0 255 0
    0 255 0 0 0 0 0 255 0 0 0 0 255 255 0 255 0 0 0 0 255 255 0 0 255 0
    0 0 255 0 255 0 255 0 0 0 255 0 0 0 0 255 0 0 255 255 0 255 0 0 255
    0 0 255 255 255 255 255 0 0 0 0 0 0 0 0 0 0 0 255 255 0 255 255 255
    0 0 0 255 255 0 0 255 0 0 0 0 255 0 0 255 0 0 0 255 0 0 0 255 0 0 0
    255 255 0 255 0 0 255 0 255 0 0 0 0 0 0 255 0 255 0 0 0 0 0 0 255 0
    255 255 0 255 0 0 0 255 0 255 0 255 0 0 0 0 0 0 0 255 0 255 0 0 0
    255 0 0 0 0 0 0 0 0 255 255 0 0 255 255 0 0 0 0 255 255 0 0 0 255 0
    0 255 0 0 0 0 0 0 0 0 255 0 0 0 0 0 255 0 0 0 0 0 0 255 0 0 0 0 0
    255 0 0 0 0 0 255 0 255 0 0 0 0 0 0 0 255 255 0 0 0 255 255 255 0
    255 0 0 0 0 0 0 255 0 0 0 0 255 255 0 0 0 0 0 0 0 0 0 255 0 0 0 0 0
    255 255 255 0 0 255 0 0 0 255 0 0 0 0 0 0 0 0 0 0 0 255 0 0 0 0 0 0
    0 0 0 0 0 255 255 0 0 0 0 0 0 0 0 0 255 0 255 255 0 0 0 0 255 0 0 0
    0 255 255 0 0 0 0 0 0 0 0 0 0 0 0 0 0 255 0 0 0 255 0 0 0 0 0 0 255
    0 0 0 255 0 0 0 255 0 0 0 0 255 255 0 255 0 0 0 0 0 0 0 0 0 0 255 0
    255 255 0 255 255 0 0 255 0 0 0 255 0 0 0 255 0 0 0 255 255 0 0 0 0
    0 0 0 255 0 255 0 0 0 0 0 0 0 0 0 0 0 0 255 0 0 0 0 255 255 255 0 0
    255 0 0 0 0 255 0 255 0 0 0 0 0 0 0 0 255 0 255 0 0 0 0 0 0 0 0 0 0
    0 255 0 255 255 0 255 0 0 0 0 0 0 0 255 255 0 0 0 0 0 0 0 0 0 0 0 0
    0 0 0 0 0 0 0 0 255 0 0 255 255 0 0 0 0 0 0 255 255 255 0 255 255 0
    0 0 255 255 0 0 255 255 0 255 0 255 0 255 0 0 0 255 255 255 0 0 255
    255 255 255 255 0 0 0 255 255 255 0 255 0 255 0 255 255 0 0 0 255
    255 255 0 0 0 255 255 0 0 255 0 0 255 0 0 0 255 0 0 0 0 255 0 0 0 0
    255 255 0 0 255 255 255 0 0 0 0 0 255 255 0 0 255 255 0 0 0 0 0 0
    255 255 0 0 0 0 0 255 0 255 0 0 0 0 0 0 0 0 0 0 255 0 0 0 0 255 0 0
    0 0 0 255 0 0 0 255 255 0 0 0 255 0 0 255 0 255 0 0 0 0 0 0 0 0 0
    255 0 0 0 0 0 255 0 0 0 0 0 0 0 255 0 255 0 0 0 0 0 255 0 255 0 0
    255 0 255 0 0 255 0 0 0 0 255 0 255 0 255 0 0 0 0 0 0 0 0 0 0 0 0 0
    255 0 0 255 0 255 255 255 0 0 0 0 0 0 0 0 0 0 0 0 0 255 0 0 0 0 255
    255 255 0 0 0 0 0 0 255 0 0 255 255 0 0 255 255 0 0 0 0 0 0 0 0 0 0
    0 255 0 0 255 0 0 255 0 255 0 255 0 0 0 255 0 255 255 0 0 0 0 255
    255 0 0 0 0 255 0 0 255 255 0 255 255 0 255 0 0 255 0 0 0 255 255
    255 0 0 255 0 0 255 255 255 255 0 0 255 0 255 0 255 0 0 0 0 255 0
    255 0 0 0 0 255 255 255 255 255 0 0 255 255 0 0 0 0 0 0 0 255 255 0
    0 0 255 0 255 0 0 0 0 255 255 255 255 0 0 0 0 0 0 255 0 0 0 255 255
    0 0 0 0 255 255 0 0 255 0 0 0 0 0 0 0 255 0 255 0 0 0 0 0 0 255 0 0
    0 255 0 0 0 0 0 0 0 0 0 0 0 0 255 255 0 0 255 0 0 0 0 0 0 0 0 255 0
    0 0 255 0 0 255 0 0 0 0 255 0 0 255 0 0 0 0 0 0 0 0 0 0 0 0 255 255
    255 0 0 0 0 0 255 0 0 0 0 0 0 0 0 0 0 0 0 0 0 0 0 255 0 0 0 0 0 255
    255 255 0 0 0 0 0 255 0 0 0 0 255 255 0 0 0 0 0 255 255 255 0 0 0 0
    255 255 255 0 255 255 0 0 0 255 0 0 0 0 0 255 255 0 0 0 0 0 0 255 0
    255 0 0 0 0 255 255 0 255 255 0 0 0 255 0 255 255 0 0 0 0 255 0 0 0
    0 0 0 255 0 255 0 0 0 0 0 0 0 0 255 0 255 0 255 255 0 0 0 0 0 255 0
    0 255 0 0 0 255 0 0 0 255 255 0 0 0 0 0 255 255 0 0 0 255 0 0 0 255
    0 0 255 0 0 255 255 0 0 0 0 255 0 255 255 255 0 255 0 255 0 0 255 0
    0 255 255 0 0 0 255 0 0 0 0 0 255 0 255 0 0 0 0 255 255 0 0 0 0 0 0
    0 0 0 255 255 0 0 0 0 0 0 0 255 0 0 0 0 255 0 255 0 0 0 255 0 0 255
    0 0 0 0 0 0 0 0 255 255 255 0 0 0 0 0 0 0 0 0 0 255 0 255 255 0 255
    0 0 0 0 0 0 0 0 0 0 255 0 255 255 0 0 0 255 0 0 0 255 0 0 255 0 0 0
    0 0 255 0 0 0 0 255 0 0 255 0 255 255 0 255 0 255 0 255 255 0 0 0 0
    0 255 255 0 0 0 255 255 255 0 0 0 0 255 0 0 0 0 255 0 0 0 255 0 0 0
    0 255 0 0 0 255 0 0 255 0 0 0 255 0 0 255 0 0 0 255 0 0 0 255 0 0 0
    0 255 255 255 255 255 0 0 0 0 255 0 0 255 255 255 255 0 0 0 0 0 0 0
    255 0 0 0 255 0 0 0 0 0 0 0 0 0 255 0 0 255 255 255 255 0 0 255 0
    255 255 0 0 0 255 0 255 0 255 0 255 0 0 255 255 0 0 0 255 0 255 0 0
    0 0 0 255 255 255 255 0 0 255 0 0 0 255 255 0 0 0 0 0 0 0 0 255 255
    0 0 0 255 0 0 0 0 0 0 0 255 0 0 255 0 0 0 255 0 0 0 0 255 0 0 0 0 0
    0 0 255 255 0 0 0 0 0 0 0 0 0 0 0 0 0 0 255 255 0 255 0 255 0 0 0
    255 0 255 255 255 255 0 0 255 0 255 0 255 0 0 0 0 255 255 255 0 0 0
    255 0 0 255 255 0 0 0 0 255 0 255 0 0 0 0 255 0 0 255 0 0 255 0 0 0
    0 255 0 255 255 255 255 0 255 0 255 255 0 0 0 0 0 0 0 255 255 0 0 0
    255 255 0 0 255 0 0 255 255 0 0 255 255 255 0 255 255 0 0 0 0 0 255
    255 255 0 0 0 255 0 0 0 0 0 0 0 0 0 0 0 0 0 0 0 255 0 0 255 0 0 0 0
    0 255 0 0 255 255 0 0 0 0 255 0 0 0 0 255 0 0 0 0 0 0 0 0 0 255 0 0
    0 0 0 0 0 0 255 0 0 255 255 0 0 255 0 255 0 255 0 0 255 0 0 0 0 0 0
    0 255 255 0 0 255 255 0 255 0 0 255 0 255 255 255 255 0 255 0 255 0
    0 255 0 0 0 0 0 0 0 255 255 0 0 0 0 255 0 0 0 255 255 0 255 0 0 0 0
    0 0 255 0 0 255 255 0 0 0 0 0 0 255 0 0 0 255 0 0 255 0 255 255 0 0
    0 0 255 0 255 0 255 0 0 0 0 0 255 0 0 0 0 0 0 0 255 0 0 0 255 0 0 0
    255 255 0 0 255 0 0 0 0 0 0 0 255 255 0 0 0 255 255 0 0 0 0 0 255 0
    255 0 0 0 255 0 255 0 0 0 0 255 255 0 0 0 255 0 255 0 0 0 0 0 255 0
    0 255 0 0 0 0 255 0 0 0 0 0 0 0 0 255 0 255 255 255 255 255 0 0 0 0
    0 0 0 255 0 255 0 0 255 0 0 0 0 0 0 0 255 255 0 0 0 0 0 255 255 0 0
    0 0 0 0 255 0 0 0 0 0 255 0 0 0 255 255 0 0 255 0 0 0 0 0 0 255 0 0
    0 255 255 0 255 255 255 0 255 0 255 0 0 255 255 255 255 255 0 255 0
    0 255 0 0 255 255 255 255 0 255 0 255 255 0 0 255 0 0 0 255 0 0 0 0
    0 0 0 0 0 0 0 0 255 0 0 0 0 0 0 255 0 0 0 0 0 255 0 0 0 0 255 0 0 0
    0 0 0 0 0 0 255 0 0 255 255 0 0 255 255 0 255 0 255 0 0 0 0 255 255
    0 255 0 0 255 0 255 0 255 0 0 0 0 255 0 0 0 0 255 255 0 255 0 0 255
    0 0 0 0 0 0 0 0 255 0 0 255 0 255 0 255 0 255 0 0 0 0 0 255 255 255
    0 0 255 0 0 255 0 0 0 0 0 255 0 255 0 0 255 0 0 0 255 0 255 255 0
    255 255 255 255 255 0 0 0 255 255 0 0 0 0 0 0 0 0 0 0 0 0 0 0 0 0 0
    255 255 0 0 255 255 0 255 0 0 0 0 0 0 0 255 0 0 0 0 255 255 0 0 0 0
    0 0 0 0 0 0 0 0 255 0 0 255 0 0 255 0 0 255 0 0 0 0 0 255 0 255 0 0
    255 255 0 255 0 255 0 255 255 255 255 0 0 0 0 255 0 0 0 0 255 0 0 0
    0 0 0 0 0 0 0 0 0 0 0 0 0 0 0 0 0 0 0 255 0 0 0 0 0 0 255 255 0 255
    0 0 0 0 0 0 255 255 0 0 255 0 255 0 255 0 0 255 0 255 0 0 255 0 0
    255 0 255 255 0 0 0 0 0 0 0 0 255 0 0 0 0 0 255 0 0 255 255 0 255 0
    0 255 0 255 0 0 0 0 255 255 0 255 255 0 255 0 0 0 255 255 0 0 0 0 0
    255 255 0 0 0 0 255 0 0 255 0 0 0 255 255 255 0 0 0 0 0 0 255 255 0
    0 255 0 0 0 0 255 0 0 255 255 255 255 0 0 255 0 0 255 0 0 0 255 0 0
    0 0 0 255 0 0 0 0 0 0 0 255 255 255 255 255 255 0 255 0 255 0 0 0
    255 0 255 0 0 255 255 255 0 0 0 0 255 255 0 255 0 0 255 0 0 0 0 0
    255 0 0 255 0 0 0 0 0 0 0 0 0 0 0 0 255 0 0 0 0 0 0 0 0 0 0 0 0 255
    0 255 0 255 0 0 0 0 0 255 0 0 0 255 0 0 255 0 0 0 255 0 0 0 0 0 255
    0 255 255 0 255 0 0 255 0 0 255 0 0 0 0 0 0 255 255 255 0 0 0 255
    255 0 0 0 0 0 0 0 0 0 0 0 0 0 255 0 0 0 255 0 255 0 0 0 255 255 0 0
    255 0 255 0 0 0 255 255 0 0 0 0 0 0 0 0 0 0 255 255 0 0 0 0 0 255 0
    0 0 0 255 0 255 0 0 0 0 0 0 0 0 0 0 255 255 0 0 0 255 0 0 0 0 0 0
    255 255 0 0 255 0 0 0 0 255 255 0 0 255 0 0 0 0 0 0 0 255 255 255 0
    255 0 0 0 0 255 0 0 0 0 255 0 0 0 0 0 0 255 0 0 0 0 255 0 255 0 255
    0 0 0 255 0 0 0 255 0 0 255 0 255 0 0 255 255 0 255 0 0 255 0 255
    255 0 0 0 0 0 0 0 0 255 255 0 0 0 0 0 255 0 0 255 0 0 0 0 0 255 255
    255 255 0 0 0 0 0 0 0 0 0 0 0 0 255 255 0 255 255 0 255 255 0 0 0 0
    0 0 0 0 0 255 0 0 0 0 0 255 0 0 255 255 0 0 0 0 255 0 0 0 0 0 0 255
    255 0 0 255 255 0 0 255 0 255 0 0 255 0 0 0 255 0 255 255 0 255 0 0
    0 0 255 0 255 0 0 0 255 0 255 0 0 0 0 255 255 255 0 0 0 0 0 0 0 0 0
    0 0 0 0 255 0 255 0 255 255 255 0 0 255 0 0 255 255 255 0 0 255 0
    255 255 0 0 0 0 0 0 0 255 255 0 0 0 255 255 0 0 0 0 255 255 255 255
    0 0 0 255 255 0 0 0 0 0 0 0 0 255 0 0 0 0 255 255 255 0 255 0 255 0
    0 255 255 0 0 0 255 0 0 0 0 0 255 0 0 0 255 0 255 255 0 255 0 0 0
    255 255 0 255 0 255 0 0 0 255 0 255 0 0 255 255 0 255 0 0 0 0 255 0
    0 0 0 255 255 0 0 255 0 0 255 255 0 0 0 0 0 0 255 0 0 255 0 0 0 255
    0 255 0 0 255 0 0 0 255 0 0 0 0 0 0 0 0 255 0 0 255 0 0 0 255 0 0 0
    0 0 255 255 0 0 255 0 0 0 255 0 0 0 255 0 0 0 0 0 255 255 0 0 255 0
    0 0 0 255 255 0 255 0 255 0 255 0 0 0 255 0 255 0 0 0 255 0 0 255 0
    0 0 0 0 0 255 0 0 0 0 0 0 0 0 255 0 0 0 0 0 0 255 0 0 0 0 0 255 255
    0 0 0 255 0 0 0 0 0 0 255 0 0 255 255 0 0 0 0 0 255 0 0 0 255 255
    255 255 0 0 0 255 0 0 0 0 0 0 255 255 0 0 0 0 255 0 255 255 255 0 0
    0 0 0 0 0 0 0 0 0 255 0 255 0 255 0 0 255 0 0 0 0 0 255 0 255 255 0
    0 255 255 0 0 0 0 255 0 255 0 255 0 0 255 0 0 0 0 0 0 255 255 255 0
    255 255 0 0 255 0 0 255 255 0 0 255 0 0 0 0 0 0 0 0 0 0 0 0 0 0 0 0
    255 255 0 0 0 0 0 255 0 0 0 255 255 0 0 255 0 255 0 0 0 255 0 0 255
    0 0 0 255 0 0 255 0 0 0 0 0 0 0 0 0 0 255 0 0 0 0 0 255 0 255 0 0 0
    0 0 0 0 0 255 0 255 0 0 255 0 0 0 255 0 255 0 0 255 255 0 0 0 255 0
    0 0 0 255 0 0 0 0 0 0 0 0 255 0 0 0 0 255 0 0 0 0 0 255 0 0 255 0
    255 255 0 0 0 0 255 0 0 0 0 0 0 0 0 0 0 255 255 0 0 0 255 0 0 0 0 0
    255 0 0 255 255 0 0 0 255 0 0 0 0 0 0 0 0 0 0 255 255 0 0 0 0 0 0 0
    255 255 0 0 0 0 0 0 0 0 0 255 255 255 255 0 0 0 255 0 0 255 0 255 0
    0 255 0 0 0 0 0 255 0 0 0 0 0 255 0 0 0 255 0 255 255 0 0 255 0 0 0
    0 0 0 0 0 0 255 0 0 0 0 0 0 0 0 0 255 255 0 0 255 0 0 0 255 0 0 0
    255 0 255 255 255 255 0 0 0 0 0 255 255 0 0 0 0 0 0 255 0 255 255
    255 0 0 255 0 0 255 0 255 255 0 0 0 0 255 0 255 0 0 0 0 0 0 0 0 0
    255 0 0 0 0 255 255 0 0 255 0 0 255 255 0 0 0 0 0 0 0 0 255 255 0 0
    0 0 0 0 255 0 255 0 255 0 0 0 0 255 255 0 255 0 0 0 0 0 0 0 0 0 0 0
    0 0 0 255 0 255 255 255 255 255 255 0 255 255 255 0 0 255 0 0 0 0 0
    0 255 0 255 0 0 0 0 0 0 255 0 0 0 255 255 0 0 255 0 255 255 255 0 0
    0 0 255 0 255 0 255 0 0 0 0 0 0 0 0 255 0 0 255 0 0 255 0 0 0 0 255
    255 0 0 0 0 0 0 0 255 0 0 0 0 0 255 0 255 0 0 255 0 0 255 0 0 0 255
    255 0 0 255 0 0 0 255 0 0 0 0 255 255 0 0 0 0 0 0 255 0 0 0 0 255 0
    255 255 0 0 255 255 255 0 0 0 0 0 0 0 0 0 0 255 0 0 0 0 0 255 0 0 0
    0 0 255 255 0 0 0 255 255 0 0 0 255 0 0 0 255 0 0 0 0 0 255 0 0 255
    0 0 255 0 0 0 0 0 0 0 255 0 255 255 255 0 0 255 0 0 255 0 0 0 255 0
    0 0 0 0 255 0 255 0 0 0 0 255 255 255 0 0 0 0 0 0 255 255 255 0 0 0
    0 255 0 0 255 255 255 255 0 255 0 255 255 0 0 255 0 0 0 0 0 255 0 0
    0 0 255 0 0 255 0 0 255 0 0 0 0 0 255 0 255 0 0 0 255 0 255 0 0 0 0
    0 255 0 255 0 0 0 255 0 0 255 255 0 255 0 255 0 0 0 255 0 255 0 0
    255 0 255 0 0 0 255 255 0 0 0 0 0 0 255 0 255 255 0 0 0 0 255 255 0
    0 0 0 255 0 0 0 255 0 0 255 0 0 0 0 255 0 255 0 0 0 0 255 0 0 255 0
    255 0 0 0 0 255 0 0 0 255 0 0 255 0 0 0 255 0 0 0 0 255 0 0 0 0 0 0
    0 0 0 255 255 0 0 0 0 255 255 0 255 255 0 0 0 0 0 0 0 255 0 0 0 0 0
    0 0 255 255 0 0 0 0 255 0 0 255 0 0 0 0 255 0 255 0 0 0 0 0 255 0 0
    0 255 255 0 0 0 0 0 0 0 0 255 0 255 0 0 0 0 255 255 0 0 255 0 0 255
    255 255 0 0 255 0 0 0 0 255 0 0 0 0 255 0 0 255 255 0 0 255 0 0 0 0
    0 0 0 255 0 0 0 0 0 0 0 0 0 0 0 255 255 0 255 255 0 0 255 255 0 255
    0 255 0 0 0 0 255 255 0 255 0 0 0 0 255 0 0 0 0 0 0 0 0 255 0 0 255
    0 0 0 0 0 0 0 0 0 255 0 0 0 255 0 0 0 0 255 0 255 0 255 0 0 0 0 0 0
    0 0 0 255 0 0 255 0 0 0 0 255 255 0 0 0 0 255 0 255 0 255 0 0 0 0
    255 0 0 255 0 255 0 0 0 255 0 255 0 255 255 0 0 0 255 0 255 0 255 0
    0 255 0 255 0 0 0 255 0 0 0 0 255 255 0 255 255 0 0 0 0 255 0 0 0
    255 0 0 0 0 255 255 0 0 255 255 255 0 0 0 255 0 0 0 0 0 255 255 0 0
    0 255 0 0 255 0 255 0 0 0 0 255 0 255 0 0 0 255 0 0 255 0 0 0 0 255
    255 255 255 255 0 0 0 255 0 255 0 0 0 0 0 255 255 255 0 0 0 0 0 0 0
    0 0 0 0 0 0 255 0 0 0 0 0 0 255 0 0 255 0 0 255 0 0 0 0 0 255 0 255
    0 255 0 0 0 0 0 0 0 0 0 0 0 0 0 0 0 0 0 0 255 0 255 255 255 0 0 0 0
    0 0 0 0 0 0 255 0 0 0 0 0 0 0 0 0 0 255 0 255 0 255 0 0 0 0 0 0 255
    0 255 0 0 0 0 0 255 0 0 255 255 0 255 255 0 0 0 0 255 0 255 0 255
    255 0 0 0 0 0 0 255 255 255 0 0 0 0 0 255 0 255 0 0 0 0 255 0 0 0
    255 255 0 0 255 255 255 0 0 0 0 255 255 0 0 0 255 0 0 0 255 0 0 255
    255 0 0 0 0 255 0 255 0 255 0 0 0 255 0 0 0 255 0 255 255 0 0 255
    255 0 0 0 255 0 0 0 255 0 0 0 0 0 0 0 255 255 0 0 0 0 255 0 0 255 0
    255 0 0 0 255 0 0 255 0 255 0 0 255 0 0 0 0 255 0 0 0 0 0 0 0 0 0 0
    0 0 0 0 0 0 0 0 0 0 0 255 0 255 0 0 0 255 0 255 0 255 255 0 0 255
    255 255 0 0 0 0 0 255 0 0 0 0 255 0 0 0 255 0 255 0 255 255 0 255 0
    0 0 0 0 0 255 255 0 0 0 0 0 0 0 0 0 0 0 0 0 0 0 255 0 255 255 0 0 0
    0 255 0 0 0 0 0 0 0 0 0 0 0 0 255 0 0 0 0 255 255 255 0 255 255 0 0
    255 0 0 0 255 0 255 0 0 0 0 0 0 0 0 0 255 0 0 0 0 0 0 0 0 0 0 0 0
    255 255 0 0 0 0 0 0 255 0 0 255 255 0 0 255 0 0 255 0 0 0 0 0 0 255
    0 0 255 255 0 255 0 0 0 0 255 0 0 0 0 0 0 0 0 0 255 0 0 0 0 0 255
    255 255 0 255 0 0 0 255 0 255 0 0 0 0 0 0 0 0 255 255 255 0 0 0 0 0
    255 255 255 0 0 0 255 0 0 255 0 255 0 255 0 0 0 255 0 0 255 255 0
    255 255 0 0 255 0 0 0 0 255 0 0 0 0 0 0 0 0 255 0 0 0 0 0 255 255
    255 0 0 0 255 0 255 0 255 255 0 255 0 0 255 0 255 0 0 0 0 255 0 255
    255 255 0 0 255 255 0 0 0 0 255 255 255 255 0 0 255 0 0 255 255 255
    0 0 0 0 0 0 0 0 0 0 0 0 0 0 0 255 0 255 0 0 255 0 0 255 0 255 0 0 0
    0 255 0 0 0 255 0 0 0 255 0 0 255 0 0 0 255 0 0 0 255 0 0 255 0 0 0
    0 255 0 255 0 255 0 255 0 0 0 255 0 0 0 0 0 0 0 0 0 0 0 0 0 0 0 255
    255 0 0 0 0 255 0 0 255 0 0 0 0 0 255 255 0 0 0 255 255 255 255 255
    0 255 255 0 255 0 0 255 255 255 0 0 0 0 0 255 0 255 255 0 255 255 0
    0 0 255 0 0 0 0 0 255 255 255 255 255 0 0 255 0 0 255 255 255 255 0
    0 255 0 0 0 0 255 255 0 0 0 0 0 0 255 255 0 0 0 0 0 0 0 0 255 0 255
    255 0 255 0 0 0 255 0 0 0 0 0 0 255 255 255 0 0 255 0 255 0 0 0 255
    0 0 0 0 255 255 0 0 0 0 0 255 255 0 0 255 0 0 0 0 0 255 255 255 255
    0 0 0 0 0 0 255 0 0 0 255 255 255 0 0 255 0 0 255 255 0 255 0 0 255
    0 0 0 0 0 0 0 0 0 0 0 0 0 0 0 0 0 0 0 0 255 255 255 255 0 255 0 0 0
    255 0 0 0 255 0 255 0 0 0 0 0 0 255 0 255 0 0 0 255 0 0 255 0 255
    255 0 0 255 0 255 255 0 0 0 0 0 0 0 0 255 0 0 0 0 0 255 0 0 255 0 0
    0 0 0 255 255 0 0 0 0 0 0 0 255 0 0 0 0 0 255 0 0 0 0 0 0 0 255 0 0
    255 255 0 0 255 0 0 0 0 0 0 0 255 0 255 0 0 0 0 0 255 0 0 0 0 0 0 0
    0 255 0 0 255 0 0 0 0 0 0 0 255 255 0 0 0 0 0 0 0 255 255 0 0 0 0 0
    0 0 0 255 0 0 0 255 255 0 0 0 255 0 255 0 255 0 0 0 0 0 255 0 255
    255 0 0 255 0 255 0 0 0 0 0 0 255 0 255 0 255 255 0 0 0 255 0 0 0 0
    0 0 0 255 255 255 0 0 255 0 0 0 255 0 0 0 0 255 255 255 0 0 255 0 0
    0 0 0 255 255 0 255 255 0 255 0 0 0 0 0 255 0 0 0 0 0 0 0 0 0 0 255
    0 0 0 0 0 0 0 0 0 0 0 0 0 255 255 255 0 0 0 0 0 0 0 0 255 0 0 0 0
    255 0 255 0 0 0 255 0 0 255 0 0 255 0 0 255 0 255 0 0 255 255 0 0
    255 0 255 0 0 0 255 0 255 0 0 0 0 0 0 0 0 0 0 0 255 255 0 0 0 0 0 0
    0 255 0 0 0 0 255 0 255 255 0 255 0 0 0 0 0 0 0 255 0 0 0 255 0 0 0
    0 255 0 255 255 255 0 255 255 0 255 255 255 0 255 255 0 255 0 0 255
    255 0 0 255 255 255 0 255 0 255 0 0 0 0 0 255 255 255 0 0 0 0 0 0 0
    255 0 0 0 0 0 0 0 0 0 0 0 255 0 0 0 0 0 0 0 0 0 255 255 0 0 0 0 255
    255 0 0 0 0 0 0 0 255 0 0 0 255 0 0 255 0 0 0 0 0 0 0 255 0 0 0 0
    255 0 255 0 0 255 0 0 0 0 0 0 255 255 0 0 255 255 0 255 0 0 0 0 255
    0 0 0 0 0 0 0 255 0 255 0 0 0 0 0 0 0 0 0 255 0 255 255 255 0 0 0 0
    0 0 0 0 0 0 0 0 0 0 0 0 255 255 255 0 0 255 0 0 0 0 0 0 0 0 0 255 0
    0 0 0 0 0 255 0 255 0 0 255 0 0 0 0 0 0 255 0 0 0 255 0 0 0 0 0 0 0
    0 0 0 0 0 0 0 0 255 255 255 0 0 0 0 255 255 0 0 0 0 255 255 0 0 255
    0 255 255 255 255 0 0 0 255 0 255 0 0 255 0 0 0 0 0 0 0 0 0 0 0 0 0
    0 255 0 0 0 0 0 0 255 0 0 0 0 0 255 0 0 255 0 255 0 0 0 0 255 255 0
    0 0 0 0 0 0 255 255 0 0 0 0 0 255 255 255 255 0 0 255 0 255 255 0
    255 0 0 0 0 255 0 0 0 0 0 0 0 0 0 0 0 0 0 0 0 0 255 0 0 0 0 255 0 0
    255 0 0 0 0 0 255 0 255 0 0 255 0 0 0 255 0 255 255 0 255 255 0 255
    0 0 0 0 0 255 0 0 0 0 255 0 0 255 255 0 0 0 255 0 0 0 0 0 0 255 255
    0 0 0 255 0 0 255 0 255 0 0 255 0 0 0 0 0 255 0 255 255 255 0 0 0
    255 0 255 255 0 255 255 0 255 255 255 0 255 255 255 0 0 0 0 255 255
    255 0 0 255 0 255 0 0 0 0 0 0 0 255 0 255 0 0 255 255 0 0 0 0 0 0 0
    0 0 0 255 0 0 0 0 255 255 255 0 0 0 0 0 0 0 0 255 0 0 255 0 255 255
    0 0 0 255 0 255 255 0 255 255 0 0 255 255 0 0 255 255 255 255 0 0 0
    0 0 255 0 0 255 255 0 255 255 0 255 0 0 255 255 0 0 0 255 0 0 0 255
    255 255 255 0 0 0 0 0 0 0 0 0 0 0 0 0 0 0 0 0 0 0 0 0 0 0 0 0 0 255
    0 0 0 0 0 255 255 0 0 255 0 0 0 0 0 0 255 0 0 0 255 0 0 0 0 0 255
    255 0 0 0 0 0 0 0 255 0 0 255 0 255 0 0 0 255 0 255 0 0 0 255 0 255
    255 0 255 0 0 0 0 0 255 0 0 0 0 0 0 0 0 255 255 0 0 0 255 0 255 255
    255 0 0 255 0 255 0 255 0 255 0 255 0 0 0 0 0 0 255 0 0 0 0 0 0 255
    0 0 0 0 255 0 255 0 0 0 0 0 0 0 255 0 255 0 0 0 0 0 0 0 255 0 255 0
    0 255 0 0 0 0 0 255 0 255 0 0 255 255 0 0 255 255 0 255 0 0 0 255
    255 0 0 0 0 0 255 255 0 0 0 0 255 0 0 0 255 255 0 0 0 0 0 0 255 0 0
    0 255 0 0 0 0 0 0 0 0 255 0 0 0 255 0 255 0 255 0 0 255 0 0 0 0 0 0
    0 255 0 0 0 255 0 0 0 0 0 0 255 255 0 0 0 0 0 0 0 0 0 0 0 0 0 0 0 0
    0 0 255 255 0 0 0 255 255 0 0 0 0 255 0 0 0 0 0 0 0 0 0 0 255 255
    255 255 255 0 0 255 0 0 0 255 0 0 255 255 0 0 0 0 0 0 0 0 0 255 255
    0 255 0 0 255 255 0 255 0 255 0 0 255 0 0 255 0 0 0 255 255 0 255 0
    0 0 0 255 255 255 0 0 0 0 255 255 0 0 255 255 0 0 255 0 0 0 0 255 0
    255 0 255 0 0 0 0 255 0 0 0 0 255 0 0 0 0 0 255 0 0 0 0 0 0 0 0 0 0
    0 0 0 0 255 0 255 0 0 0 0 255 255 255 0 0 255 0 255 0 255 0 0 255
    255 255 0 0 255 255 0 0 0 0 255 255 255 0 255 0 0 0 0 0 255 0 0 0 0
    255 255 255 0 0 0 0 0 255 0 0 0 255 0 0 0 255 0 0 0 0 255 0 0 0 0 0
    0 0 0 255 255 0 0 0 255 0 0 255 0 0 255 0 255 0 255 0 255 0 255 0 0
    0 0 0 0 0 0 255 255 255 0 0 0 0 0 0 0 0 0 0 0 0 0 0 0 0 0 255 255
    255 0 0 255 0 0 255 255 255 0 0 255 0 255 255 255 0 0 255 0 255 255
    0 0 0 0 255 0 255 255 0 0 0 0 255 255 0 0 255 0 0 0 0 0 0 0 255 0
    255 0 0 0 0 0 0 0 255 0 255 0 0 255 0 255 0 0 0 0 0 0 0 0 0 0 0 255
    0 0 255 0 0 255 0 0 0 255 0 0 255 255 255 0 0 255 0 255 255 0 255 0
    0 255 0 0 255 0 0 0 255 0 0 255 0 0 0 255 0 0 0 0 255 255 0 255 0 0
    0 0 255 0 0 0 255 0 255 255 255 0 0 0 0 0 255 255 0 0 255 0 0 0 255
    0 0 0 0 0 0 0 255 255 255 0 0 255 255 0 0 0 0 0 255 255 255 0 0 0 0
    0 255 255 255 0 0 0 0 0 0 0 255 0 0 255 0 0 255 0 0 255 0 255 0 0
    255 0 0 255 0 0 0 0 255 0 0 0 0 0 255 255 0 0 255 0 0 0 0 0 0 0 0 0
    0 0 255 255 255 0 0 0 0 0 0 255 0 0 0 0 0 0 0 0 0 0 0 0 255 255 0 0
    0 0 0 0 0 0 0 0 0 0 0 0 0 255 0 0 255 255 0 0 0 0 0 0 255 0 255 0
    255 0 0 0 0 255 0 255 255 0 0 0 0 255 0 0 255 0 255 0 0 0 0 0 0 0
    255 255 255 0 0 255 0 255 0 0 0 0 255 0 255 0 0 255 0 255 0 0 255 0
    0 0 255 0 0 0 0 0 0 0 0 255 0 0 0 0 0 0 0 255 0 0 255 255 255 0 255
    0 255 255 0 0 255 0 255 0 0 0 0 0 255 255 0 0 0 255 255 0 255 0 255
    0 0 0 255 0 255 0 0 255 0 0 255 0 0 0 0 0 0 0 255 0 0 255 255 255 0
    0 255 255 0 0 0 0 0 0 0 255 255 255 0 255 0 0 255 0 0 0 0 0 0 255
    255 0 0 0 0 0 0 0 0 0 255 255 0 0 0 255 255 0 0 0 0 255 0 255 0 0 0
    255 0 0 0 255 255 255 255 0 255 255 0 255 255 0 0 0 0 0 0 0 255 255
    0 0 0 0 0 0 0 0 0 255 0 0 0 0 0 0 0 0 0 0 255 255 0 0 255 255 0 255
    0 0 0 255 0 0 255 0 0 0 0 255 0 0 255 0 255 0 255 255 255 0 255 0 0
    255 0 0 0 0 0 255 0 0 0 0 0 0 0 0 0 0 255 255 255 0 0 0 0 0 0 0 0 0
    255 0 0 255 0 0 0 0 0 0 0 0 0 0 0 0 255 0 0 255 255 0 0 0 0 255 255
    0 0 0 0 0 0 0 0 0 0 0 0 0 255 0 255 0 255 0 0 0 0 0 0 255 0 0 255 0
    0 0 0 0 0 0 255 0 0 0 255 0 255 0 0 0 0 0 0 0 255 0 255 0 0 0 255
    255 255 0 0 0 0 255 0 0 255 0 0 255 0 255 255 255 255 0 0 255 255
    255 0 0 0 255 0 0 0 0 0 255 0 0 0 0 0 0 0 0 255 255 255 255 0 0 0 0
    0 0 0 0 0 0 0 0 0 255 255 0 255 255 255 0 0 0 255 0 0 255 255 0 0 0
    0 0 0 255 0 0 0 0 0 0 0 255 255 255 255 0 0 0 0 0 0 255 0 255 0 0
    255 0 0 0 0 0 0 0 0 0 0 0 0 255 0 0 0 0 0 0 0 0 255 0 0 0 255 0 0 0
    255 0 0 0 0 255 0 0 255 0 0 0 0 0 0 0 0 0 0 0 0 255 0 0 255 0 0 0 0
    0 0 0 0 0 0 0 255 0 255 0 255 0 255 0 0 255 0 0 0 0 0 0 255 0 0 0 0
    0 0 0 0 0 255 0 255 255 255 0 0 0 0 0 0 0 0 0 0 0 255 0 0 0 0 255 0
    255 255 0 0 0 0 255 0 0 255 255 255 0 0 0 255 255 0 0 255 0 0 0 0
    255 0 255 0 255 0 0 0 0 255 0 0 255 0 0 0 0 0 0 255 0 0 0 0 0 255 0
    255 0 255 0 0 255 0 0 0 255 0 0 0 0 0 0 0 0 0 255 255 255 0 0 255
    255 0 0 0 0 0 0 0 0 255 255 255 0 0 0 0 0 0 0 0 0 0 0 0 0 0 0 0 0 0
    0 0 0 0 0 0 0 0 0 0 0 0 0 0 0 0 0 255 255 255 0 0 0 0 0 0 0 0 0 0 0
    0 0 255 0 0 0 0 255 0 255 255 0 0 255 0 255 0 0 0 0 0 255 255 255
    255 0 0 0 0 0 0 0 0 0 255 0 0 0 255 0 255 0 0 255 0 255 0 255 0 0 0
    0 0 0 255 0 0 255 0 0 0 0 0 0 255 0 0 0 0 255 0 255 0 255 255 0 0 0
    0 255 0 255 0 0 0 0 0 255 0 255 255 0 0 0 0 0 0 0 255 0 255 0 0 0 0
    255 255 0 0 0 0 0 255 255 255 255 0 0 0 0 0 0 255 0 0 0 255 0 255 0
    0 0 255 0 255 0 0 0 0 255 0 255 0 0 255 0 255 255 0 0 0 255 0 255 0
    255 255 0 0 0 0 0 255 0 0 0 0 0 0 255 255 0 0 0 0 0 0 0 0 0 255 255
    0 0 0 0 0 0 0 0 0 0 0 255 0 0 0 0 0 0 0 0 0 0 0 0 0 255 255 255 255
    255 0 0 0 0 0 0 0 0 0 0 0 0 0 0 0 0 0 0 0 0 0 0 0 0 0 0 255 255 255
    255 0 0 0 0 0 0 0 0 0 0 0 0 255 0 0 255 255 0 0 0 0 255 0 255 0 0 0
    0 0 0 0 0 0 0 0 0 0 0 0 0 255 0 255 0 0 255 0 0 255 0 0 255 0 255 0
    0 0 255 255 255 0 0 255 0 0 0 0 255 0 255 255 0 255 0 0 0 0 0 255 0
    0 255 0 255 0 0 255 0 0 0 0 0 0 0 0 255 0 0 0 0 0 0 255 0 0 255 0
    255 255 255 0 0 255 255 255 0 0 0 0 0 0 0 0 0 0 0 0 0 0 0 0 255 255
    0 0 0 0 0 0 255 0 0 0 0 255 255 255 0 0 0 0 0 255 0 0 0 0 0 255 255
    0 0 0 0 0 0 0 255 0 255 0 255 0 0 255 255 255 0 0 0 0 255 0 0 0 0 0
    0 0 0 0 0 255 0 0 255 0 0 0 255 0 0 0 255 0 0 255 0 255 0 0 0 255
    255 255 0 0 0 0 0 0 0 0 0 0 0 255 255 255 255 0 0 0 255 255 255 0 0
    0 0 0 0 0 0 0 0 255 255 255 255 255 255 0 0 0 0 0 0 0 0 0 0 255 255
    0 0 0 0 255 0 0 0 0 255 0 0 0 0 0 0 255 0 0 0 0 0 0 0 0 0 255 0 0 0
    0 255 0 255 0 255 255 0 0 255 0 0 0 0 255 0 0 255 0 255 255 0 0 255
    255 0 0 0 0 0 255 0 0 0 0 0 0 0 0 0 255 0 255 0 0 255 0 0 255 0 255
    0 255 255 0 0 255 0 0 0 0 0 0 0 255 255 255 255 0 0 0 255 255 0 0 0
    0 0 0 255 0 255 255 0 0 0 0 0 0 0 255 255 255 255 0 0 0 0 0 0 0 0 0
    255 255 255 0 0 0 0 255 255 0 0 0 0 0 255 0 0 0 0 0 0 255 255 255 0
    0 255 255 0 0 0 255 255 0 0 0 0 0 0 255 0 255 0 0 0 0 0 0 0 0 0 0 0
    0 255 0 0 255 0 0 0 255 255 0 0 0 0 255 0 0 0 0 255 0 255 0 0 0 0 0
    0 0 0 0 0 0 0 0 0 255 255 255 0 0 0 255 255 255 255 255 255 255 255
    255 255 0 0 0 0 0 0 0 0 0 0 0 0 0 0 0 255 0 255 0 0 0 0 0 255 0 0 0
    0 0 0 255 0 0 0 0 0 0 0 0 255 0 0 0 0 0 0 0 255 0 0 0 255 0 0 0 0
    255 0 255 0 0 0 0 0 255 0 255 0 0 0 0 0 0 255 0 0 0 0 0 0 0 0 0 0 0
    0 0 0 255 0 255 255 0 255 0 255 0 0 0 0 255 0 255 0 0 0 0 0 0 0 0 0
    0 0 0 0 255 0 0 0 0 0 255 255 0 255 0 0 255 255 0 255 0 0 0 0 0 0 0
    0 0 0 0 0 0 0 0 0 0 0 0 255 0 0 0 0 255 0 255 0 0 255 0 255 0 0 0
    255 0 255 0 255 0 0 255 255 0 0 255 0 255 0 0 0 0 0 0 255 0 0 255 0
    0 0 0 0 0 0 0 255 255 255 0 255 0 255 255 0 255 0 255 255 0 0 0 255
    255 0 255 0 0 0 0 255 0 255 0 0 0 0 0 0 0 0 0 0 0 0 0 0 0 0 0 0 0 0
    0 0 0 0 0 0 0 0 0 0 0 0 0 0 0 0 0 0 0 0 0 255 0 0 0 0 255 255 0 0 0
    255 0 255 0 0 0 0 0 0 255 0 0 0 0 0 0 255 255 0 255 0 0 0 0 255 0 0
    0 0 0 0 0 0 0 0 0 255 0 0 0 0 0 255 0 0 0 0 255 0 0 0 0 0 0 0 0 0 0
    0 0 0 0 0 0 0 0 0 255 0 255 0 255 255 0 255 0 0 0 0 0 255 0 0 0 0 0
    0 0 0 0 0 0 0 0 0 0 255 255 255 255 0 0 0 0 0 255 255 0 0 0 0 255
    255 0 0 0 0 255 0 0 255 255 255 0 0 0 0 0 0 0 255 255 255 255 255 0
    255 0 0 0 255 255 0 0 0 0 0 0 0 255 0 0 0 0 255 0 0 0 255 0 0 0 0 0
    0 255 0 255 0 0 255 0 0 0 0 0 255 255 255 0 255 0 0 255 0 0 0 255
    255 255 0 0 0 0 0 0 0 0 0 0 0 0 255 255 255 0 0 0 0 0 0 0 0 0 0 0 0
    0 0 0 0 0 0 0 0 0 0 0 0 0 0 0 0 0 0 0 0 0 0 0 0 0 0 0 255 0 0 0 0 0
    0 0 0 0 0 255 0 255 0 255 0 0 0 0 255 255 0 0 255 0 255 0 255 255 0
    0 0 0 0 0 255 255 0 0 0 255 0 255 255 255 0 0 0 0 0 0 0 0 0 0 0 0 0
    0 0 0 255 0 255 255 0 0 0 255 0 0 255 0 0 0 0 0 255 0 0 0 0 0 0 0 0
    0 255 0 0 0 0 0 0 0 255 0 0 0 0 0 0 0 0 0 255 0 255 0 0 0 0 0 255 0
    0 0 0 255 255 0 0 0 0 0 0 0 0 0 0 255 255 0 0 255 255 0 0 255 255
    255 0 0 0 0 0 0 255 0 0 0 255 0 0 0 0 255 0 255 0 0 0 0 0 255 0 0 0
    0 0 0 0 0 255 0 255 0 0 255 0 0 0 0 0 0 255 255 0 0 0 0 0 0 255 0 0
    0 255 0 0 255 0 0 0 0 0 0 0 0 0 0 0 0 255 255 255 0 0 0 255 0 0 0
    255 0 255 0 0 0 0 0 255 0 0 255 0 0 255 0 0 0 255 0 0 0 0 0 0 0 0 0
    0 0 0 0 255 0 0 0 0 0 0 0 0 0 255 0 255 0 0 0 0 0 0 0 0 255 0 255 0
    0 0 0 255 0 0 255 0 255 0 0 255 0 255 255 0 255 255 255 0 255 0 0 0
    0 0 255 0 0 0 0 255 255 255 0 0 255 255 0 255 0 0 255 0 0 0 0 0 0 0
    0 0 0 0 0 0 0 0 0 0 0 0 0 0 0 255 0 0 0 0 0 0 255 255 255 255 255 0
    0 0 255 0 0 0 0 0 0 255 0 0 255 0 0 0 0 255 0 0 0 255 0 0 0 255 255
    0 255 0 0 0 0 255 0 255 0 0 0 0 0 0 0 0 0 255 255 0 0 255 255 255
    255 0 0 255 0 0 0 0 255 255 0 0 255 0 255 0 0 255 0 0 0 0 0 255 0 0
    255 0 0 255 0 255 0 0 255 0 0 0 255 0 0 0 0 255 0 255 255 0 255 0 0
    0 0 0 255 0 0 0 0 0 0 0 0 0 255 0 255 0 255 255 0 0 255 255 255 0
    255 255 0 0 0 0 255 0 0 255 0 0 255 0 0 0 0 0 255 0 0 0 0 0 255 0
    255 255 255 255 0 0 0 255 255 0 0 255 0 255 255 0 0 0 0 255 0 0 0
    255 0 0 0 0 0 255 0 0 0 255 255 0 255 0 0 0 0 0 0 255 255 0 0 0 0 0
    0 255 0 0 255 255 0 255 0 0 0 0 0 255 0 0 0 0 255 0 0 255 255 255 0
    0 0 0 255 0 0 255 0 255 255 0 0 255 0 255 0 255 0 0 255 0 0 255 0 0
    255 0 0 0 0 255 0 0 0 0 255 0 0 0 0 0 255 255 255 0 0 0 0 0 0 255 0
    0 255 0 0 255 255 255 255 255 255 255 0 0 0 0 255 255 255 255 0 255
    255 0 0 0 0 0 0 0 0 0 0 0 255 0 0 0 0 0 0 0 255 255 0 0 255 255 0
    255 0 0 255 0 0 0 0 0 255 255 0 0 0 0 0 0 0 255 255 0 0 255 0 255 0
    255 0 255 255 0 0 255 0 255 0 255 255 255 0 255 0 0 0 255 0 255 0 0
    0 255 0 0 255 0 255 0 0 255 255 255 0 0 0 0 0 255 0 0 255 255 255
    255 255 255 0 0 0 0 0 255 0 0 255 255 0 0 0 0 0 0 0 0 0 0 0 255 0
    255 0 0 0 0 0 0 0 255 0 255 0 255 0 0 0 0 255 0 0 0 0 255 0 255 255
    0 0 0 0 0 0 0 0 0 0 0 0 0 255 255 0 0 255 0 0 0 0 0 0 0 0 255 0 0 0
    0 0 255 0 0 255 0 255 0 0 0 0 0 0 255 0 255 0 255 0 0 0 255 0 0 0
    255 0 0 255 255 255 0 255 0 255 0 0 0 0 0 0 0 0 0 255 0 255 0 0 0
    255 255 255 0 0 255 0 0 0 0 0 0 0 0 0 0 0 255 0 0 0 0 255 0 0 0 255
    255 255 0 0 0 0 255 0 255 0 255 0 255 0 0 0 0 0 0 0 0 0 255 0 0 255
    255 255 0 255 0 0 0 0 255 255 0 0 255 255 255 0 0 0 255 255 0 255 0
    255 0 255 255 0 255 0 0 255 0 0 0 0 255 0 0 0 255 255 255 0 0 0 0
    255 0 0 255 255 0 255 0 255 0 0 0 0 0 0 255 0 255 0 255 0 0 255 0 0
    255 0 255 0 0 0 0 255 0 0 0 0 0 0 0 255 0 0 0 255 0 0 0 255 0 0 0 0
    0 255 0 0 0 0 0 255 0 0 0 0 255 0 255 0 0 255 0 255 0 0 0 0 0 0 0 0
    0 0 255 0 255 0 0 0 0 0 0 255 0 0 255 0 0 0 0 0 0 0 0 0 0 255 0 0 0
    0 0 0 0 0 0 0 0 255 0 0 255 0 255 255 0 255 0 255 255 255 0 0 255 0
    0 255 0 0 0 255 0 255 0 0 0 0 0 0 0 255 0 255 255 0 0 0 0 0 255 0 0
    255 0 0 0 0 0 0 255 0 0 0 255 0 0 0 255 0 255 0 0 0 0 0 0 0 0 0 0
    255 0 0 0 255 0 0 255 255 0 0 255 0 0 255 0 0 0 0 0 0 0 0 0 0 0 0 0
    255 0 0 0 255 0 0 255 0 0 255 255 0 255 0 0 255 255 0 0 255 0 0 255
    0 255 0 0 0 0 0 0 0 0 255 255 0 255 0 0 255 255 0 255 0 0 0 0 0 0
    255 255 0 255 255 0 255 0 0 255 255 0 255 0 0 0 255 0 255 255 0 0 0
    0 0 0 0 0 0 0 0 0 0 0 0 0 0 255 0 0 0 0 0 255 0 255 255 0 0 0 0 0 0
    255 0 0 255 0 0 255 0 0 255 255 255 0 0 0 0 0 0 0 0 0 0 0 0 0 0 255
    255 0 255 255 0 0 0 255 0 0 255 255 255 255 0 0 0 0 0 0 255 0 0 0 0
    0 255 0 255 255 0 0 255 0 255 0 255 0 0 0 0 255 255 255 255 0 255 0
    0 255 0 255 0 0 0 0 0 0 0 255 0 0 255 0 0 255 0 0 255 255 255 0 0 0
    0 0 0 255 0 0 0 0 0 0 255 0 0 0 0 0 0 255 0 0 255 255 255 0 0 0 0 0
    0 0 255 0 0 0 255 0 0 0 0 0 0 255 0 0 0 0 0 0 255 0 255 255 0 255 0
    0 0 0 0 0 0 0 255 0 255 0 0 0 0 255 255 0 0 0 255 0 255 0 0 0 0 0
    255 0 255 255 0 0 0 0 255 255 255 0 0 255 0 0 255 255 255 255 255 0
    255 0 255 0 0 0 0 0 255 0 0 0 0 0 255 0 255 0 0 0 0 255 0 255 0 0 0
    0 0 0 0 0 0 0 255 0 0 255 0 0 0 0 0 0 255 255 255 0 0 0 0 0 0 255
    255 0 255 0 0 0 0 0 0 0 0 0 0 0 0 255 255 0 0 255 255 0 0 255 0 0
    255 0 0 255 255 0 0 0 255 0 255 0 0 0 255 0 0 255 0 0 0 255 0 0 255
    0 0 0 255 0 255 0 0 0 255 0 0 0 0 0 0 0 0 0 255 255 255 0 255 0 255
    0 0 0 0 0 0 0 255 0 0 0 0 0 0 0 0 0 0 0 0 0 0 255 255 0 0 255 0 0 0
    0 0 0 255 0 0 0 255 0 255 255 255 0 255 0 0 0 0 255 0 255 0 0 255
    255 0 0 0 255 0 255 255 0 255 0 0 0 0 255 0 0 0 0 0 0 0 255 0 255 0
    0 0 255 0 0 0 0 0 0 255 0 0 0 255 255 255 255 0 255 0 0 0 0 255 0 0
    0 255 0 255 0 0 255 0 0 0 255 0 0 0 255 255 0 0 255 0 0 0 0 0 0 255
    0 0 0 255 0 0 0 255 0 0 0 0 255 0 255 255 0 0 0 0 255 0 0 0 0 0 0 0
    0 255 0 255 0 0 0 0 0 0 0 0 0 0 0 0 255 255 255 255 255 0 0 255 255
    255 0 0 0 0 0 0 0 0 0 0 255 255 0 0 255 0 255 0 255 255 0 0 255 0 0
    255 0 0 0 0 0 0 0 0 255 0 0 255 0 0 255 255 0 0 0 0 0 0 0 255 0 255
    0 0 255 0 0 0 0 0 0 0 255 0 0 255 0 0 255 0 255 0 0 0 0 0 0 255 0 0
    0 0 0 0 0 0 255 0 255 255 0 0 0 0 0 0 0 0 255 255 255 0 0 0 255 0 0
    0 0 0 0 255 255 255 0 0 0 255 0 0 0 0 255 0 255 255 0 0 0 0 0 0 0 0
    0 0 0 255 0 0 255 0 0 0 255 0 0 0 255 0 0 255 0 0 0 255 255 0 255 0
    255 0 0 0 0 0 0 255 0 0 255 255 255 0 0 0 0 0 0 255 0 0 0 0 0 255
    255 0 0 0 255 0 255 255 255 0 255 255 0 0 0 0 255 0 0 0 0 0 0 255 0
    0 0 0 255 0 0 255 0 0 0 0 255 0 0 0 0 0 0 0 0 0 0 0 0 255 0 255 0 0
    255 0 255 255 0 255 0 0 0 0 0 255 255 0 0 255 0 0 0 0 0 0 0 0 255 0
    0 0 0 0 255 0 255 255 255 0 0 255 0 0 0 0 255 255 255 255 0 255 0 0
    0 255 0 255 0 0 0 0 255 0 255 255 0 0 0 0 0 0 255 0 255 0 255 255
    255 255 255 0 0 0 255 0 0 0 0 255 0 0 0 255 0 0 255 0 0 0 0 0 255 0
    0 255 255 0 255 0 0 0 255 255 255 255 0 0 255 0 0 0 255 0 0 0 0 0
    255 0 0 0 0 0 255 0 0 0 255 0 0 0 255 0 0 0 255 0 255 0 0 0 0 0 0 0
    0 0 0 0 255 0 0 255 255 0 255 0 0 255 0 0 0 0 0 0 0 0 0 0 255 0 0 0
    0 0 0 255 255 0 0 255 0 0 0 0 0 0 0 0 255 0 0 0 0 0 0 0 0 0 0 0 0 0
    0 0 255 255 0 255 255 0 255 0 255 255 255 255 0 255 255 0 0 0 255 0
    255 0 0 0 0 255 255 0 255 0 0 255 0 0 0 0 0 0 255 0 0 0 255 0 255 0
    0 0 0 0 0 0 0 0 0 0 0 255 255 0 255 0 0 0 255 0 0 0 0 255 255 255 0
    0 0 0 0 0 0 255 0 0 0 255 0 0 0 0 0 0 0 0 255 0 255 0 0 0 0 0 0 255
    0 0 255 0 255 0 0 0 0 0 0 0 0 0 0 0 0 0 0 0 0 255 0 0 0 0 0 0 0 255
    255 0 0 255 0 0 0 0 0 0 0 0 255 255 0 0 255 0 255 255 0 255 0 0 255
    255 0 0 0 255 255 0 0 0 0 255 0 255 0 255 0 0 0 255 0 0 0 0 0 0 0
    255 0 0 255 0 0 255 255 0 0 0 0 255 0 0 255 0 0 255 0 0 0 0 0 255 0
    0 0 0 255 0 0 255 255 255 0 0 255 0 0 0 0 0 255 255 0 0 255 0 0 255
    0 0 0 255 0 0 0 0 0 0 255 255 0 0 0 255 255 255 0 0 0 255 0 0 0 0 0
    0 0 0 0 0 0 0 0 0 0 255 255 0 255 0 255 255 0 255 0 255 0 255 0 0
    255 0 255 0 255 0 0 0 0 0 255 0 0 0 0 255 0 255 0 0 0 0 0 0 0 255 0
    0 0 0 0 255 0 255 0 255 0 255 0 255 0 0 0 0 0 0 0 0 0 0 255 0 255 0
    255 255 0 0 0 0 0 255 0 255 0 0 255 0 0 0 255 0 0 255 0 255 0 0 0 0
    0 0 0 0 0 255 0 0 0 0 255 0 255 0 0 0 255 0 255 255 0 255 0 0 255 0
    0 0 0 0 0 0 0 255 0 0 0 0 255 0 0 0 255 0 255 0 0 0 0 0 255 0 0 0
    255 0 255 255 0 255 0 0 255 0 255 0 0 0 0 0 0 0 0 0 255 0 255 0 0 0
    255 255 0 0 0 0 0 255 0 255 255 0 255 255 255 0 0 0 0 0 255 255 0 0
    0 0 0 0 0 0 0 0 0 255 0 0 0 0 0 0 0 0 255 0 255 0 255 0 0 255 0 0 0
    0 0 255 255 255 255 0 0 0 255 0 0 0 0 0 0 0 0 0 0 0 0 255 255 0 255
    255 255 255 0 255 255 0 255 0 255 0 0 0 0 255 255 255 0 255 0 255
    255 0 255 0 255 0 0 0 0 0 0 0 0 0 255 0 0 0 0 0 255 0 255 0 0 0 0 0
    0 0 0 255 0 0 255 0 255 0 0 255 0 0 0 0 255 0 0 255 0 255 0 0 0 0 0
    0 0 0 255 0 0 0 255 255 0 255 255 0 255 0 0 0 0 0 0 0 0 0 255 0 0 0
    0 255 0 255 0 0 0 0 0 255 0 0 0 0 0 255 255 255 0 255 255 0 0 0 0 0
    255 0 0 0 255 0 255 0 0 255 255 0 255 0 0 0 0 0 0 255 0 255 255 0
    255 0 0 0 255 0 255 0 0 0 0 0 0 0 0 0 0 0 0 255 0 0 255 0 0 0 255 0
    0 0 0 255 255 0 0 0 0 0 255 255 0 0 0 0 0 0 255 0 0 0 0 0 0 0 0 0
    255 0 255 255 255 0 255 0 255 255 0 0 0 0 0 255 0 255 255 0 0 0 0 0
    0 0 0 255 0 0 0 0 0 0 0 255 0 255 255 0 255 255 0 0 0 0 0 0 0 0 255
    0 255 0 0 0 0 0 0 0 0 0 0 0 0 0 0 255 0 0 0 0 0 0 255 255 0 255 0
    255 0 255 0 0 0 0 0 0 255 255 0 0 0 0 0 255 255 255 0 0 255 0 0 255
    0 0 255 0 0 0 0 255 0 255 0 255 0 255 0 0 0 0 0 0 0 255 0 0 255 0 0
    0 0 255 0 255 0 0 0 0 0 0 0 0 0 0 0 0 0 0 0 255 0 0 0 0 0 0 0 0 0 0
    255 255 0 0 0 0 0 0 255 255 0 255 0 0 255 0 0 255 0 255 0 255 255 0
    0 0 0 255 255 255 0 0 255 0 255 0 0 255 0 0 0 0 255 0 255 0 0 255 0
    0 0 0 0 0 0 0 0 0 0 0 0 0 0 255 255 0 0 0 0 0 0 255 0 0 255 255 0
    255 255 0 0 0 255 0 255 0 0 0 0 0 0 0 0 0 255 0 0 0 0 0 0 0 0 0 0 0
    0 0 0 255 255 0 0 0 255 0 0 0 0 255 0 255 255 0 0 0 0 0 0 0 255 0 0
    255 0 0 255 0 0 255 0 0 0 0 255 0 0 0 0 0 255 0 255 0 0 255 255 0 0
    0 255 0 0 0 255 0 0 255 0 0 0 0 0 0 0 0 0 0 0 0 0 0 0 255 0 0 0 0 0
    0 0 255 255 0 0 0 0 0 255 0 255 0 255 0 0 0 0 0 0 0 0 0 0 0 0 0 0 0
    0 0 0 0 255 0 0 0 255 0 255 0 0 0 0 0 0 0 0 255 0 0 255 0 0 255 0 0
    0 0 0 0 0 255 255 0 0 255 0 0 255 0 0 0 0 0 255 0 255 0 0 255 0 0
    255 0 0 255 0 0 255 0 255 255 255 0 0 0 0 255 0 0 255 0 0 0 255 0
    255 0 0 0 0 0 0 0 255 255 0 0 0 0 0 255 0 255 0 0 0 0 255 255 0 0 0
    0 0 0 0 255 0 0 0 255 255 0 0 255 0 0 0 0 0 0 0 0 0 0 0 0 0 0 0 0
    255 0 255 0 0 255 255 255 0 0 0 0 255 0 0 0 0 0 0 255 0 0 0 0 0 0 0
    255 0 0 0 0 255 0 0 0 0 0 0 0 0 255 255 255 0 0 0 0 0 255 255 255 0
    0 255 0 0 255 255 0 0 0 0 0 255 0 0 0 255 0 0 255 0 0 255 0 0 255 0
    0 0 0 255 0 0 0 0 0 0 0 0 255 0 255 0 0 0 0 0 0 0 0 0 0 255 255 255
    0 0 0 0 0 0 0 0 0 0 0 255 0 0 0 0 0 0 0 0 255 0 255 0 0 255 0 0 0 0
    0 0 0 0 0 255 255 0 0 0 255 0 255 0 0 0 0 0 0 0 255 0 0 0 0 0 0 255
    255 255 255 255 0 255 0 0 0 255 255 0 255 0 0 255 0 0 0 0 0 255 255
    0 0 0 0 0 0 0 255 0 0 0 0 0 255 0 0 255 255 255 0 0 0 0 0 0 0 0 0
    255 0 0 255 255 0 255 0 0 0 255 0 0 0 0 255 0 0 0 0 0 0 255 0 255 0
    0 0 0 0 255 0 0 0 0 0 0 0 0 0 0 0 0 0 0 0 0 0 0 255 255 0 0 0 0 0 0
    0 0 0 0 0 0 255 0 0 255 0 0 0 0 0 0 255 0 0 0 0 0 0 0 0 255 0 255 0
    0 0 0 0 0 0 255 255 255 0 0 0 0 0 0 255 0 0 255 0 0 255 0 0 0 0 255
    255 255 0 0 0 0 255 0 0 0 0 255 0 0 255 0 0 0 255 0 0 0 0 255 0 0 0
    0 255 0 0 0 0 0 0 0 0 0 0 0 0 0 0 0 0 0 255 0 255 0 0 0 0 0 0 255 0
    0 255 255 0 0 0 0 255 0 0 0 0 0 0 0 0 0 0 0 0 0 0 0 255 0 0 255 0
    255 0 0 0 0 255 255 0 0 0 255 255 0 0 0 0 255 255 0 255 255 0 0 0 0
    0 0 0 0 0 255 255 255 0 0 0 0 0 0 0 0 0 0 255 255 255 0 0 0 0 0 255
    0 0 0 0 0 0 0 255 255 0 0 0 0 0 255 255 0 0 0 255 0 0 0 0 0 255 0
    255 255 0 0 255 0 0 255 0 255 0 0 0 255 0 0 0 0 0 255 0 0 0 255 255
    255 0 255 0 255 0 255 255 0 0 255 0 255 0 255 255 255 0 0 0 0 0 0
    255 0 0 0 0 0 0 0 0 255 0 255 255 0 0 0 0 0 0 0 0 0 0 0 0 0 255 0 0
    0 0 0 0 0 0 255 0 0 255 0 0 0 0 0 255 0 255 0 0 0 255 0 0 255 0 255
    0 255 0 255 255 255 255 0 255 0 0 0 0 0 255 0 0 0 0 0 0 0 0 0 255 0
    0 0 0 0 0 255 255 255 255 0 255 255 255 0 0 0 255 255 0 255 0 0 0 0
    0 255 0 0 255 0 0 0 255 255 255 255 0 0 0 0 0 0 0 0 0 0 0 0 255 255
    0 255 0 255 255 255 255 0 0 0 0 0 0 0 255 0 0 0 0 0 0 0 0 0 255 0
    255 0 0 0 0 0 255 0 0 255 255 0 0 0 0 0 0 0 0 0 0 255 0 0 255 0 0 0
    0 0 255 0 0 0 0 0 0 0 0 255 0 255 0 0 0 0 0 255 0 0 0 0 255 0 0 0 0
    0 255 0 0 0 0 0 255 255 0 0 0 0 255 255 0 255 0 0 255 0 0 0 255 255
    0 0 255 0 0 255 0 0 0 0 0 0 0 0 0 0 255 0 0 255 0 0 0 0 0 0 0 255 0
    0 0 0 0 0 0 0 255 255 255 0 255 0 255 0 255 0 255 255 255 255 255
    255 0 0 0 0 0 0 255 255 0 0 0 255 0 0 255 0 0 255 0 0 0 0 0 0 0 0 0
    0 0 0 255 0 0 0 0 0 0 255 0 0 0 0 0 255 0 255 255 255 0 255 0 0 0 0
    0 0 0 255 0 0 0 0 0 0 0 0 0 0 0 0 0 0 0 255 0 0 0 255 0 0 0 255 0 0
    0 0 0 0 0 0 0 0 0 0 255 0 0 255 0 0 0 0 0 255 0 255 0 0 255 0 0 255
    255 255 0 255 255 0 255 0 255 0 0 0 255 255 255 0 0 0 0 255 255 0 0
    0 0 0 0 0 0 0 255 0 255 0 255 255 0 0 0 0 0 255 0 0 0 0 0 255 0 0
    255 0 0 0 0 0 0 0 0 255 255 255 255 255 0 0 0 0 255 0 0 0 0 0 0 0 0
    0 255 255 0 255 0 255 255 255 0 255 255 0 0 255 0 0 0 0 0 0 255 0 0
    255 0 0 0 0 0 0 0 255 0 0 0 0 0 0 0 255 0 255 0 0 0 0 0 0 255 255 0
    0 0 0 255 0 255 0 255 255 0 0 0 255 0 255 0 0 0 255 255 255 255 0 0
    0 255 0 0 255 0 255 255 0 255 255 0 0 255 0 255 0 0 0 0 255 0 0 255
    0 0 255 0 255 0 255 255 255 255 0 255 255 0 255 0 0 0 0 255 255 0
    255 0 255 0 0 255 0 0 0 255 0 0 0 0 255 0 0 0 0 0 0 0 0 255 255 0
    255 0 0 0 0 0 0 0 0 0 0 255 255 0 255 0 0 255 255 0 255 255 0 0 255
    0 255 0 255 0 255 0 0 255 0 0 255 0 0 255 0 0 255 0 0 0 0 0 0 0 0 0
    255 0 255 0 0 0 0 255 255 0 0 255 255 0 255 0 0 0 255 0 0 255 0 0 0
    0 0 0 0 0 0 0 255 255 255 255 0 255 0 0 0 0 0 0 0 0 0 255 0 0 0 255
    0 0 0 0 255 0 255 255 0 0 0 0 0 0 0 0 255 0 0 0 255 0 0 255 0 0 0 0
    255 0 0 255 0 255 0 0 0 0 0 0 0 0 0 0 255 0 255 0 0 0 0 0 0 255 0
    255 255 255 255 0 0 255 0 0 0 0 0 255 255 0 255 0 0 0 0 0 0 255 0 0
    255 0 0 255 0 0 255 255 0 0 0 255 255 0 0 0 255 255 0 255 0 0 0 0 0
    0 0 0 0 255 0 0 0 0 0 0 0 255 255 0 0 255 0 0 0 255 0 0 255 255 0
    255 0 0 255 0 0 255 0 0 0 0 0 0 0 0 0 0 0 0 255 0 255 0 0 0 0 0 0
    255 0 255 0 0 0 0 0 255 0 0 0 0 0 0 0 0 255 255 0 0 255 255 0 255 0
    0 0 0 0 255 0 0 0 0 0 0 255 255 0 0 0 0 255 0 0 255 255 255 0 255 0
    255 0 0 0 0 255 255 255 0 0 0 0 0 0 0 255 0 0 0 0 0 255 255 0 0 0 0
    0 255 0 0 0 0 0 255 0 0 0 255 255 0 0 0 0 0 255 0 0 255 0 0 0 0 0
    255 0 0 255 0 0 0 255 0 255 0 0 0 255 0 255 0 255 255 0 0 0 255 0
    255 0 255 0 0 255 0 0 0 0 255 0 0 255 0 255 255 255 0 0 255 255 0 0
    0 0 0 0 0 255 0 0 255 255 0 0 0 0 0 0 255 255 0 0 0 255 255 0 0 0 0
    0 255 0 255 0 0 0 0 0 255 0 0 0 0 0 255 255 0 0 0 255 255 255 255
    255 0 255 255 0 0 0 255 255 0 0 0 255 0 0 255 0 0 0 255 0 255 255
    255 0 0 0 255 255 0 0 0 0 0 0 0 0 255 255 255 0 0 0 255 0 0 0 0 0 0
    0 0 0 0 0 0 0 255 0 255 255 255 0 0 255 255 255 255 0 0 0 0 0 255 0
    0 255 0 0 0 0 0 0 0 0 0 0 255 0 0 0 0 0 0 255 0 0 0 0 0 0 0 255 255
    0 0 255 0 0 0 0 0 0 0 0 255 0 255 0 0 0 255 0 255 0 0 255 0 0 0 0
    255 255 0 255 0 255 0 0 0 255 0 0 0 0 0 0 0 0 0 0 0 0 0 0 255 0 0 0
    0 0 0 0 0 0 0 0 0 255 0 0 0 255 0 0 255 0 255 255 0 255 0 0 0 0 255
    0 0 0 0 0 0 0 0 255 0 0 0 255 255 0 0 255 0 0 0 0 0 0 0 255 255 255
    255 0 255 255 255 255 255 0 0 0 0 255 0 255 0 0 0 255 0 255 0 0 255
    0 0 255 0 255 0 255 0 0 0 0 0 0 0 0 255 255 0 0 255 0 0 0 255 255
    255 255 255 0 0 0 255 255 0 0 255 255 0 255 0 255 0 0 0 0 255 0 0 0
    0 0 0 0 0 0 0 0 255 0 255 0 0 255 0 0 255 0 255 255 0 255 255 0 255
    0 0 255 0 0 0 0 255 0 0 0 255 0 0 0 255 255 255 0 255 0 0 0 255 0 0
    0 255 255 0 0 0 255 0 0 255 255 0 255 0 0 0 0 255 0 0 0 255 0 255
    255 255 0 255 255 0 0 255 0 255 0 0 255 0 255 0 0 255 0 255 255 0 0
    255 0 0 0 0 0 0 0 0 0 255 0 255 0 255 255 0 0 0 0 255 255 0 0 0 0 0
    255 255 0 0 255 255 0 255 0 0 0 0 0 255 0 0 255 0 255 0 255 0 0 0 0
    0 0 0 0 0 0 255 0 255 255 0 255 0 0 255 0 0 255 0 255 255 255 0 0 0
    0 255 0 0 0 0 0 0 0 0 255 255 0 0 0 0 255 0 0 0 255 255 255 0 0 0 0
    0 255 0 0 255 255 255 255 0 255 0 255 0 0 0 0 0 0 0 0 255 0 0 255
    255 0 255 0 255 0 0 0 0 0 255 0 255 0 255 0 0 255 0 255 0 0 0 0 0
    255 0 255 0 0 0 0 0 255 0 255 0 0 0 0 255 0 0 255 0 255 0 255 255 0
    0 0 255 0 255 255 0 255 255 0 0 0 0 0 0 255 0 0 0 255 0 255 0 0 0
    255 255 0 0 0 0 0 0 255 0 255 255 0 255 0 255 0 255 0 0 0 0 0 0 0
    255 255 0 0 0 0 0 255 0 0 0 255 0 255 0 0 0 0 0 0 0 0 255 0 255 0 0
    0 255 0 255 0 0 255 0 255 0 255 0 0 255 0 0 0 255 0 255 255 255 0 0
    0 0 0 0 0 0 255 0 0 0 0 0 0 0 0 0 0 0 0 0 0 0 0 0 255 0 0 0 255 0 0
    0 0 0 0 255 0 255 0 0 255 0 255 0 0 0 255 0 0 0 0 0 0 0 0 0 0 0 0
    255 0 0 255 255 0 0 0 0 255 0 0 255 0 0 0 0 0 0 255 0 255 0 0 255
    255 0 255 0 0 0 255 0 0 0 0 0 255 0 0 0 0 0 255 0 255 0 0 0 255 0 0
    0 0 0 0 0 255 0 0 255 0 0 255 0 0 0 255 255 0 255 0 255 0 0 0 0 0 0
    0 0 255 0 0 0 255 255 255 0 0 0 0 0 0 255 0 0 255 0 0 0 0 0 0 0 255
    255 255 255 0 0 0 0 0 0 0 0 255 0 0 0 0 255 255 255 255 0 0 255 0 0
    0 0 0 0 0 255 0 255 0 0 0 255 0 0 0 255 0 0 0 0 0 0 0 0 0 0 0 255 0
    0 255 0 0 0 0 0 0 255 0 255 255 255 0 255 255 0 0 255 0 0 255 0 255
    0 0 0 0 0 0 0 0 0 0 0 0 0 0 0 0 255 255 0 255 0 0 0 0 0 0 255 255 0
    255 0 0 0 0 0 255 0 0 0 0 0 0 0 0 255 255 0 0 0 0 255 0 0 0 255 0 0
    0 0 0 255 255 0 0 0 0 0 0 0 0 255 255 255 0 255 0 0 0 0 255 0 255
    255 0 255 0 0 0 0 0 0 0 0 0 0 255 0 0 0 0 0 255 255 0 0 255 0 0 0 0
    255 0 0 0 255 0 0 0 0 0 0 0 0 0 0 0 0 0 255 0 255 0 255 0 0 0 0 0
    255 255 0 0 0 0 0 0 0 255 255 255 0 255 255 255 0 0 255 255 0 0 255
    0 0 0 0 0 255 0 255 255 0 0 0 255 255 0 255 255 0 0 255 0 0 0 0 0 0
    0 0 255 0 0 0 0 0 0 0 0 0 0 0 0 0 0 0 0 0 0 0 0 255 255 0 0 255 255
    0 0 0 0 0 0 0 0 0 255 0 0 0 255 0 0 0 0 255 255 0 0 0 0 255 255 0 0
    0 0 0 255 0 0 0 0 255 0 255 255 0 0 0 0 0 0 0 0 0 0 0 0 0 0 0 0 0 0
    0 255 0 0 255 0 0 0 0 255 0 255 0 0 0 0 0 255 0 0 255 255 0 0 0 0 0
    0 0 0 255 0 0 255 0 0 0 0 0 255 0 0 0 255 255 255 0 255 0 255 0 0
    255 0 0 0 255 255 0 255 255 0 0 0 255 255 255 0 0 0 0 0 0 0 0 255 0
    0 0 255 0 255 255 0 0 0 255 0 0 0 0 0 255 255 255 255 0 0 255 0 0
    255 255 0 0 0 0 0 0 0 0 0 255 255 255 0 0 0 255 0 255 255 0 255 255
    255 255 255 255 0 0 255 0 0 0 0 0 0 0 255 255 0 0 255 0 255 0 0 255
    255 0 0 0 0 0 0 255 255 255 0 0 0 0 0 0 255 255 0 0 0 0 0 0 255 0
    255 255 255 255 255 0 0 0 0 0 0 0 255 0 255 255 0 0 0 255 255 0 0 0
    0 0 0 0 0 0 0 255 0 0 255 0 0 0 255 255 0 0 0 255 0 0 0 0 0 0 255
    255 0 0 0 0 0 0 0 0 0 0 0 255 0 0 0 0 0 0 0 0 0 0 0 0 0 255 255 0 0
    0 0 0 0 0 0 0 0 0 0 0 0 0 0 0 0 255 0 0 0 0 0 0 0 0 0 255 0 0 0 0 0
    0 255 0 255 0 255 0 0 0 255 0 255 0 255 0 0 0 255 0 0 255 255 255 0
    0 0 255 0 0 255 0 0 255 0 0 0 0 0 0 255 0 0 0 255 255 0 255 0 0 255
    0 0 255 255 0 0 0 255 0 0 0 255 0 0 0 0 255 0 255 0 0 0 0 0 0 0 0 0
    0 0 255 255 0 0 0 255 0 0 0 255 0 255 0 0 0 0 0 0 0 255 255 0 0 0 0
    0 255 0 255 255 0 255 255 0 0 0 0 0 0 0 0 255 255 0 0 0 255 0 0 0 0
    0 0 0 255 0 0 0 0 255 0 255 0 0 0 0 0 0 0 0 0 0 0 0 0 0 0 255 0 0 0
    0 255 0 0 0 0 0 0 255 255 0 0 0 0 255 255 0 0 255 0 255 255 0 0 0
    255 0 0 0 0 0 255 0 0 255 0 255 255 0 255 0 0 0 0 0 255 255 255 0 0
    0 0 255 0 0 0 0 0 0 0 0 255 0 255 0 0 255 0 255 0 0 0 0 0 255 0 0 0
    0 0 255 255 0 0 0 255 255 0 255 0 255 0 0 0 255 0 255 0 0 255 0 0 0
    0 0 0 255 255 255 0 255 0 0 255 0 0 0 0 255 255 0 0 255 0 0 0 0 0 0
    0 0 255 0 0 255 255 0 0 0 0 0 0 0 0 0 0 255 0 0 255 255 0 0 0 0 0
    255 0 0 0 255 0 0 0 255 255 0 0 0 0 0 0 0 0 0 0 0 0 255 0 255 0 0 0
    255 255 0 0 255 0 0 0 0 255 0 0 0 0 0 0 0 0 255 0 255 255 0 0 0 0 0
    0 0 0 0 0 0 255 0 0 0 255 0 0 0 0 255 255 0 0 0 0 0 0 0 0 0 0 0 255
    0 0 0 0 0 255 0 0 0 0 0 255 0 0 0 255 0 255 0 0 255 0 0 255 0 0 255
    0 0 0 0 255 255 255 0 0 255 0 0 255 255 255 0 0 0 0 0 255 0 255 0 0
    0 0 0 255 255 255 255 255 0 255 0 255 0 0 255 0 0 0 0 0 0 0 0 0 255
    0 0 0 255 255 0 255 0 0 255 0 0 255 0 0 0 255 0 0 0 255 0 0 255 0 0
    0 0 0 255 0 0 0 0 0 0 0 255 0 255 0 0 0 0 0 0 0 0 0 0 0 0 0 255 0 0
    0 0 0 255 255 255 0 255 0 0 0 255 255 0 255 0 0 0 0 255 255 0 0 255
    0 255 0 0 0 255 0 255 255 0 0 0 0 255 0 0 0 0 0 0 0 0 0 0 0 0 0 0 0
    0 0 0 0 0 255 255 0 0 0 0 0 0 0 0 0 0 0 255 255 255 0 0 0 0 0 255
    255 0 0 0 255 0 255 0 0 0 0 0 0 0 255 0 255 255 255 255 0 255 0 0 0
    255 255 0 255 0 0 255 0 0 0 0 0 0 0 0 255 0 0 0 0 0 0 0 255 0 255 0
    0 0 0 255 255 255 0 0 0 255 0 255 0 0 255 0 0 255 0 0 0 0 0 0 0 0 0
    0 0 0 0 0 0 0 0 255 0 0 0 0 0 0 0 0 0 0 0 0 0 0 0 255 255 0 255 0 0
    0 255 255 0 255 0 255 255 0 0 0 0 0 0 255 0 0 0 255 255 0 0 0 255
    255 0 255 0 255 255 0 255 0 0 255 0 255 0 0 0 0 0 0 0 255 0 255 0
    255 0 255 255 0 0 0 0 255 0 0 0 0 255 255 255 255 0 0 0 0 0 0 0 0 0
    0 0 0 0 0 255 0 0 0 0 0 0 0 0 0 0 0 0 255 0 0 0 255 0 255 0 0 0 0 0
    255 0 255 0 0 0 0 0 255 0 0 0 0 0 0 0 0 0 0 0 255 0 255 0 0 0 0 255
    0 255 0 0 0 255 0 0 255 255 0 0 0 255 255 0 0 0 0 255 0 255 255 0 0
    255 0 0 0 0 0 255 0 0 255 0 255 255 0 0 0 0 255 0 0 0 0 255 0 0 0 0
    0 0 255 0 255 0 255 255 0 0 255 255 0 0 255 0 0 0 0 0 0 0 0 255 0 0
    255 0 0 255 255 0 0 0 0 0 0 0 0 255 0 0 0 0 0 0 0 0 0 255 0 255 255
    255 0 0 255 0 0 0 0 0 255 255 255 0 0 255 255 0 0 0 0 0 0 0 0 0 0
    255 0 255 0 0 255 0 0 255 255 0 0 255 0 0 255 0 255 0 0 0 0 0 0 0 0
    0 0 255 0 255 0 255 0 0 255 0 0 0 0 255 0 255 0 0 0 0 0 255 0 255
    255 0 0 0 0 0 0 255 255 0 0 0 255 0 0 0 0 0 255 0 255 0 255 0 0 0
    255 255 0 0 0 0 0 0 255 0 0 0 0 0 0 0 0 0 0 0 0 255 0 0 0 0 0 255 0
    0 0 0 0 0 0 0 0 0 0 255 0 255 0 0 0 0 0 0 255 0 0 0 0 0 0 0 0 0 0 0
    0 0 0 0 0 0 0 255 0 0 255 0 0 0 255 0 0 255 0 255 0 0 0 255 0 0 0
    255 0 255 0 0 0 255 0 255 0 0 255 0 255 0 0 0 255 0 255 255 0 255 0
    0 0 255 0 0 255 255 0 0 0 255 0 0 0 0 0 255 255 0 255 0 0 255 0 0 0
    0 0 0 0 0 0 0 255 0 0 0 0 0 255 255 0 255 0 0 0 255 0 0 0 255 0 0 0
    255 0 0 0 0 0 0 0 0 0 0 255 0 255 0 255 0 0 0 0 0 0 0 255 255 255
    255 0 0 255 0 255 0 0 0 0 255 0 0 0 0 0 0 0 0 0 0 0 255 0 0 0 0 0 0
    0 0 0 0 0 0 0 255 0 0 0 255 0 255 255 0 255 0 0 0 0 0 0 0 0 0 0 255
    0 0 0 255 0 0 255 0 255 0 0 255 255 0 0 0 0 0 0 0 0 255 0 0 0 0 0 0
    0 0 0 0 0 0 0 0 0 255 0 255 0 255 0 0 0 0 0 255 0 0 0 0 0 0 255 0 0
    0 255 0 0 255 255 255 0 0 0 0 0 0 0 0 0 0 0 255 0 255 255 0 0 255 0
    0 0 0 0 255 0 0 255 0 0 255 0 0 0 0 255 255 255 0 255 255 255 0 0 0
    0 0 0 255 0 0 255 255 255 0 255 0 255 0 0 255 0 255 255 0 0 0 0 0
    255 255 0 0 0 0 255 0 0 0 0 0 0 0 0 0 0 0 0 255 255 0 0 0 0 0 0 0 0
    0 255 0 0 0 255 0 0 255 255 0 255 0 0 0 255 0 0 0 0 0 255 0 255 0
    255 255 0 0 0 255 0 0 255 0 0 0 0 0 255 0 0 255 255 255 0 0 0 0 0
    255 255 0 0 255 255 0 255 0 0 0 0 0 0 0 255 255 255 255 0 255 0 0
    255 0 0 0 0 255 0 0 0 0 0 0 255 0 0 0 0 0 255 255 0 255 0 0 255 255
    255 255 0 0 0 0 0 255 0 255 0 0 0 0 0 0 0 255 0 0 0 0 0 0 0 255 0 0
    0 0 0 0 255 0 255 0 0 255 255 255 0 0 0 0 0 0 0 0 0 255 0 0 0 255 0
    0 0 255 0 255 0 0 0 0 0 0 0 255 255 0 0 0 255 0 0 255 255 0 255 0 0
    0 0 255 0 255 255 0 0 255 0 0 0 0 0 0 0 0 0 0 0 0 0 255 0 0 255 0 0
    0 255 0 255 0 255 0 0 255 255 255 0 0 0 0 255 255 0 0 0 0 0 255 255
    0 0 0 0 0 0 0 0 0 0 0 0 255 255 0 255 0 0 0 0 255 0 0 0 0 0 0 0 0 0
    255 255 255 0 0 0 255 255 0 255 0 0 0 0 255 0 255 0 0 0 0 0 255 0 0
    255 0 0 0 0 0 0 0 0 0 0 0 0 0 0 0 0 255 0 0 255 255 0 255 255 255 0
    255 255 0 0 0 0 255 0 0 0 255 0 0 0 0 0 0 0 0 255 255 0 255 0 0 255
    0 0 0 0 0 255 255 0 0 255 255 0 0 0 0 0 0 255 0 0 255 255 255 0 0
    255 0 0 0 0 0 0 0 0 0 0 255 255 0 0 0 0 255 0 0 0 0 0 255 0 0 255 0
    0 0 255 255 0 0 0 0 0 0 0 0 255 0 0 0 255 0 0 255 0 255 0 0 255 0 0
    0 0 0 0 255 0 0 255 255 0 0 0 0 255 0 0 0 0 255 0 255 255 0 255 0 0
    0 0 0 0 255 255 0 0 0 0 255 0 255 0 255 0 0 255 0 0 0 255 0 0 0 255
    0 0 0 255 255 255 0 255 255 0 0 0 255 255 0 0 0 255 255 255 255 255
    255 0 0 255 0 0 0 0 0 0 0 0 0 0 0 0 0 255 0 0 0 255 255 0 0 0 0 0 0
    0 0 255 0 0 255 255 0 0 255 0 0 255 0 255 0 0 0 0 255 0 0 255 0 0 0
    0 0 0 0 0 0 255 255 0 0 0 0 255 0 0 255 0 255 0 0 255 0 0 255 0 0 0
    0 255 255 255 0 0 255 255 255 255 255 255 0 255 0 0 0 0 255 0 255 0
    0 255 255 255 0 255 0 0 255 0 255 255 0 255 0 0 0 0 0 0 0 255 0 0 0
    255 255 255 0 0 0 0 0 255 0 0 0 0 255 0 0 0 0 0 0 255 0 0 0 0 255 0
    0 0 0 255 0 0 0 255 255 0 255 0 0 0 0 255 255 255 255 255 0 255 0
    255 255 0 0 0 255 0 0 255 0 0 0 0 255 0 0 255 0 0 0 0 255 0 0 0 0 0
    0 0 0 0 0 255 0 255 255 0 0 255 0 0 255 0 255 0 0 255 0 0 0 0 0 0
    255 0 0 255 0 0 0 0 0 0 255 0 0 0 0 0 0 0 0 255 0 0 0 0 255 0 0 0
    255 0 0 0 255 0 0 255 255 0 0 0 0 0 0 0 0 0 0 255 255 0 0 0 0 0 0
    255 255 0 0 0 255 0 255 0 0 0 0 0 0 255 0 0 0 0 255 255 0 255 0 0 0
    0 0 0 255 0 0 0 0 0 0 0 0 0 255 0 255 0 255 0 0 255 0 0 0 0 0 0 0 0
    0 0 255 0 255 0 0 0 0 0 0 255 255 255 0 0 255 0 0 255 0 255 0 0 0 0
    0 0 0 0 0 0 0 0 0 0 255 0 255 0 0 0 0 255 0 0 255 255 255 0 255 0 0
    0 0 0 0 255 0 255 0 0 0 0 0 0 0 0 0 0 255 0 0 255 0 0 255 0 0 255 0
    255 0 0 0 0 0 0 0 255 0 0 0 255 0 0 0 255 255 255 255 255 0 255 255
    0 255 0 0 255 0 0 0 255 0 0 0 0 0 0 0 0 0 255 0 0 0 0 0 0 0 255 0 0
    0 255 0 0 0 0 255 0 0 0 0 0 0 0 255 0 0 0 0 0 0 0 0 255 0 0 0 0 0 0
    0 0 255 255 255 255 255 0 255 0 0 0 0 0 255 255 255 255 0 0 0 0 0
    255 0 255 0 255 255 0 0 255 255 0 0 0 255 0 0 255 255 0 0 0 0 0 255
    255 0 0 0 0 255 0 255 255 0 0 0 0 0 0 0 0 255 0 255 0 0 0 0 0 0 255
    0 0 0 0 0 255 0 0 0 255 0 255 255 255 255 0 255 0 0 255 0 0 255 255
    255 0 0 255 0 255 0 0 0 0 255 0 0 255 255 255 0 0 255 0 0 0 0 255 0
    255 0 255 0 0 0 255 0 0 0 0 255 255 255 0 0 255 0 255 0 255 255 0 0
    0 0 0 255 0 0 0 255 0 0 0 0 0 0 0 0 255 255 0 0 0 0 0 255 0 0 255 0
    0 0 255 255 0 0 255 0 0 255 255 0 0 0 0 0 0 0 0 0 0 0 255 0 255 255
    255 0 0 255 0 0 0 255 0 0 0 255 0 0 255 0 0 255 255 255 255 255 0
    255 255 0 255 0 0 255 0 255 0 0 0 0 0 255 0 255 0 0 0 0 0 255 255 0
    255 0 255 0 0 0 0 0 0 0 0 0 0 0 0 255 0 255 0 255 255 0 0 0 0 0 255
    255 0 0 255 0 0 0 0 0 0 0 0 0 0 0 0 255 0 0 255 0 0 255 0 0 0 0 0 0
    0 0 0 255 0 0 0 0 0 255 255 0 0 0 255 0 0 0 255 0 255 0 0 0 0 255 0
    0 0 0 255 0 0 255 0 0 0 0 0 0 0 255 0 0 0 0 0 0 0 0 255 255 0 0 0
    255 255 0 255 0 0 0 0 0 0 0 0 0 0 0 0 255 0 0 0 255 0 0 255 255 0
    255 0 255 0 0 0 255 0 255 255 0 0 255 0 0 0 0 0 255 0 0 0 0 0 0 0 0
    0 0 0 0 0 255 0 0 0 0 255 0 0 0 0 0 255 0 0 0 0 255 255 255 255 255
    255 255 0 0 0 0 255 0 0 0 0 255 0 0 0 0 255 0 0 0 255 0 0 0 255 0
    255 0 255 0 0 0 0 255 0 0 0 0 0 255 0 0 0 0 0 0 0 255 0 0 255 0 0 0
    0 0 0 0 0 255 0 255 255 0 0 0 0 255 255 0 255 0 0 255 0 0 0 0 0 0
    255 0 0 0 0 0 0 0 255 255 255 0 0 0 255 0 255 0 255 255 0 0 255 0 0
    255 0 0 255 0 255 255 0 0 0 0 255 255 0 0 0 255 255 0 0 0 0 0 255
    255 0 0 0 255 0 0 0 0 0 0 255 0 255 0 255 0 0 0 0 0 0 255 255 0 0
    255 0 0 255 0 0 0 255 0 255 0 0 0 255 0 0 0 0 0 0 0 0 0 0 0 0 255 0
    0 0 0 255 0 0 0 255 255 255 0 0 0 0 0 0 0 0 255 0 0 255 0 0 0 0 255
    0 255 0 255 255 0 0 0 0 0 0 0 255 255 0 0 0 0 0 0 0 0 0 0 255 0 255
    0 255 0 255 0 0 0 255 255 255 0 0 0 255 0 0 0 0 0 0 0 0 0 0 0 0 0 0
    255 0 255 0 0 0 255 0 0 255 255 0 255 255 255 255 0 0 0 0 0 255 0 0
    0 0 0 0 0 0 255 0 0 255 0 0 0 0 255 0 0 0 0 0 0 0 255 0 0 0 255 0 0
    0 0 0 0 0 255 0 0 0 255 0 0 255 0 0 0 0 0 0 0 0 0 0 0 255 0 255 0 0
    0 0 0 255 0 0 255 0 0 0 255 0 0 255 0 255 0 0 255 0 0 0 255 255 0 0
    255 0 255 255 0 0 0 0 255 255 0 0 0 0 0 0 255 0 0 0 0 0 0 0 255 0
    255 0 255 0 0 0 0 0 0 0 255 255 0 0 0 0 255 0 0 0 255 0 0 0 255 0
    255 0 0 0 0 0 255 0 0 0 255 0 0 255 255 255 255 0 0 0 255 0 0 0 0
    255 0 255 0 255 0 0 255 0 0 0 0 0 255 0 0 0 0 255 0 0 0 255 0 0 0 0
    0 255 255 0 0 255 0 0 0 255 255 0 0 0 0 0 0 255 255 255 0 0 0 255 0
    0 255 255 0 0 255 255 0 0 0 0 0 0 255 0 0 0 0 0 255 0 255 255 0 0
    255 255 0 0 0 0 0 0 0 0 0 255 0 0 0 255 255 255 0 0 0 0 0 255 255 0
    0 0 0 0 0 0 0 255 0 0 0 0 0 255 255 0 0 0 255 0 255 0 0 0 0 0 255 0
    0 0 0 0 0 0 0 0 0 0 0 255 0 0 0 255 0 0 255 255 255 0 0 255 0 0 255
    255 0 255 255 255 0 0 0 0 255 0 255 255 0 0 0 0 0 255 255 0 0 255 0
    0 0 0 255 0 0 0 0 255 0 255 255 255 0 0 0 255 0 0 0 0 255 0 0 0 0 0
    255 0 0 0 0 255 0 0 0 0 0 0 0 0 0 255 255 0 0 255 0 0 255 0 0 0 0
    255 0 255 0 0 0 255 255 255 0 255 0 0 0 0 0 0 255 0 0 255 255 0 255
    0 255 0 255 0 255 255 0 0 0 0 0 0 0 0 255 0 255 0 0 0 0 0 255 0 0 0
    0 0 0 0 0 0 0 255 0 0 0 0 255 0 0 0 0 0 0 0 0 0 255 0 0 0 0 0 0 0 0
    0 0 0 0 0 0 0 0 0 255 255 0 0 0 0 0 255 255 0 255 255 255 0 0 0 0
    255 0 0 0 255 0 0 255 255 255 0 0 0 0 0 0 0 0 255 0 0 0 0 255 255
    255 255 255 0 0 255 0 0 0 0 255 0 0 0 0 0 0 0 0 0 0 255 0 0 0 0 0 0
    255 0 255 0 0 255 255 255 0 0 0 0 255 255 0 0 0 255 0 0 255 0 0 0
    255 0 0 0 255 0 0 255 0 0 0 0 0 0 0 255 0 0 0 255 0 0 0 255 0 0 255
    0 0 0 0 0 255 0 255 255 0 0 0 255 0 0 0 0 255 255 0 0 0 0 0 0 255 0
    0 255 0 0 255 0 0 0 255 0 255 0 0 0 0 255 255 0 255 0 0 0 0 0 255 0
    0 255 0 0 255 0 0 0 255 255 255 0 0 0 0 255 0 255 255 0 0 0 255 0 0
    0 255 255 0 0 0 0 0 255 255 0 0 255 0 0 255 0 0 255 0 0 0 0 255 0 0
    255 0 0 0 0 0 0 0 0 0 255 0 0 255 0 0 255 255 0 0 0 0 0 0 0 0 255 0
    255 0 255 0 0 255 255 0 0 0 0 0 255 0 0 0 255 255 0 0 0 255 0 0 255
    0 0 0 0 0 255 255 0 0 0 0 0 255 0 255 0 255 0 0 255 0 0 0 0 0 0 0
    255 0 0 0 0 0 0 0 0 255 0 0 0 0 0 255 0 0 0 0 0 0 0 0 0 255 0 0 0
    255 0 0 255 0 0 0 0 0 0 255 0 0 0 255 255 255 0 0 255 0 0 255 0 0 0
    0 0 255 255 255 255 0 0 0 0 0 0 0 0 255 255 0 0 0 0 0 255 0 0 0 0
    255 255 0 0 0 0 255 0 0 255 0 0 255 0 0 255 0 0 0 255 0 255 0 0 0
    255 0 0 0 0 0 0 255 0 0 0 0 0 0 255 255 255 0 0 255 255 0 0 0 0 0 0
    0 0 0 255 0 0 0 0 0 255 0 0 0 0 255 0 0 0 0 255 0 255 255 0 255 0 0
    255 255 0 255 255 255 0 0 0 0 0 0 0 0 255 0 255 255 255 255 0 0 0 0
    255 0 0 255 0 255 0 0 255 0 255 0 0 255 0 0 255 0 0 0 0 255 0 0 0 0
    0 0 0 255 0 0 0 0 0 255 0 0 0 255 0 0 0 0 0 255 255 255 0 0 0 0 0 0
    0 0 0 0 255 0 255 0 0 0 255 0 0 0 0 0 0 0 0 0 0 0 0 0 255 0 0 0 255
    0 0 0 255 0 0 0 255 0 0 255 0 0 0 0 255 0 255 0 255 255 0 0 0 0 0 0
    0 255 0 0 255 255 0 255 0 0 255 255 255 255 0 0 0 0 0 0 255 0 255 0
    0 0 0 0 0 0 0 0 255 0 0 0 255 0 255 0 255 0 0 0 255 255 0 0 255 255
    0 0 255 255 255 0 0 0 255 0 255 0 0 0 255 0 255 0 255 0 0 0 0 0 0
    255 255 0 0 255 0 0 0 0 255 0 0 255 0 0 0 255 255 255 0 0 0 0 0 255
    0 0 255 0 0 0 0 0 0 255 255 0 255 255 0 0 255 0 0 255 0 0 255 0 0
    255 255 0 0 0 0 0 0 0 0 0 255 0 0 0 0 255 0 0 0 0 255 0 0 255 0 0
    255 0 255 255 255 0 255 0 0 0 0 255 0 0 0 0 0 0 255 255 255 0 255 0
    255 255 255 0 255 0 0 255 255 0 0 0 0 0 0 0 0 0 0 255 0 0 0 0 0 0 0
    0 0 255 0 255 0 0 0 255 0 0 255 0 0 0 0 0 0 0 0 0 0 255 0 0 0 0 0 0
    0 0 0 0 0 255 255 0 0 0 0 0 255 0 0 0 0 0 0 0 0 255 0 0 0 0 0 0 0 0
    255 255 0 0 0 0 0 0 0 0 0 255 0 255 255 0 255 0 0 0 0 0 255 0 0 0
    255 0 255 0 0 0 0 0 0 255 255 255 0 0 255 0 0 255 255 0 0 255 0 0 0
    0 255 0 0 255 255 255 255 255 0 0 255 0 255 0 0 0 0 0 0 0 0 0 0 0
    255 0 0 255 255 0 0 255 0 0 0 255 0 0 255 255 0 255 255 0 0 0 0 0
    255 0 0 255 0 0 0 0 0 0 0 0 255 0 0 255 0 255 255 255 0 0 255 0 0
    255 255 255 0 0 0 255 0 0 0 0 0 0 0 0 255 0 0 0 255 0 0 0 0 0 0 255
    0 255 0 255 0 255 0 0 0 0 0 0 255 0 255 0 0 0 0 0 255 0 0 0 0 0 0 0
    0 0 0 0 0 0 0 0 0 255 0 0 255 255 0 0 0 0 255 0 0 0 255 0 0 0 255 0
    255 0 0 255 0 0 0 255 255 255 0 0 0 255 255 0 255 0 255 0 255 0 255
    255 0 255 0 0 0 255 0 0 0 0 255 0 0 0 0 255 255 0 0 255 0 0 255 0
    255 0 0 0 0 0 0 0 0 255 0 0 255 0 255 255 0 0 0 0 0 255 0 0 0 0 0 0
    0 0 0 0 255 0 0 0 0 255 0 0 255 0 255 0 0 0 0 0 255 0 0 0 0 255 255
    0 0 255 0 0 255 0 255 0 255 0 0 0 0 0 0 0 0 0 0 0 255 0 0 0 0 255 0
    0 255 255 255 0 0 0 0 0 0 255 0 0 0 0 0 0 255 0 0 255 0 0 255 255
    255 0 0 255 0 0 255 0 0 0 0 255 0 255 0 255 0 0 0 255 0 0 0 0 0 255
    0 255 0 0 0 255 0 0 0 0 0 0 0 255 255 0 0 0 0 0 0 255 0 255 0 0 0 0
    0 0 255 0 255 0 0 255 255 255 255 0 255 0 0 255 255 0 255 255 0 0 0
    0 0 0 0 255 0 0 0 0 255 0 0 0 0 0 0 255 0 255 0 0 255 0 255 255 0 0
    0 0 255 0 0 0 0 0 255 255 255 255 0 0 255 0 255 255 0 255 0 0 0 255
    0 0 0 255 255 255 0 255 0 0 0 0 0 255 255 255 0 0 0 0 0 0 0 0 0 0 0
    0 255 0 255 0 0 0 0 0 0 0 0 0 255 255 255 255 0 255 0 255 0 0 0 0
    255 0 255 0 0 0 0 255 0 0 0 0 0 0 0 0 0 0 0 0 0 0 0 255 255 255 0 0
    0 0 0 0 0 255 255 0 255 0 0 0 0 0 0 255 0 255 255 0 0 0 0 255 0 0 0
    255 0 255 255 255 0 255 255 0 0 0 255 255 0 0 0 0 0 0 0 0 0 255 255
    0 255 255 255 0 0 255 255 255 0 0 255 0 0 0 255 0 0 0 0 0 0 0 255
    255 0 255 255 255 0 0 0 0 255 0 0 0 0 0 0 0 0 0 0 255 255 255 0 0 0
    0 0 0 0 255 0 0 255 0 0 0 0 0 0 0 0 0 0 0 255 0 0 0 0 0 0 0 0 0 0 0
    255 0 0 0 0 255 255 0 255 0 0 0 255 0 255 0 0 0 255 0 0 0 0 255 255
    255 0 0 0 0 0 0 255 0 255 0 255 255 0 255 0 0 255 0 255 0 0 0 0 0
    255 0 0 255 0 0 0 255 0 0 0 0 0 0 255 0 255 0 0 0 0 0 255 0 255 255
    255 255 0 0 0 0 255 255 0 0 0 255 255 0 0 255 0 0 0 0 255 0 255 0 0
    0 0 255 0 0 0 0 0 255 255 255 255 0 255 0 0 0 255 255 0 255 255 255
    0 0 0 0 0 0 0 255 0 0 255 255 0 255 0 0 0 0 0 255 255 255 0 0 255
    255 255 255 0 0 0 0 255 0 255 0 0 0 255 0 0 0 255 255 0 0 0 0 0 0 0
    0 0 255 0 0 0 255 0 255 255 0 255 0 0 0 0 0 0 0 0 0 0 0 0 0 0 0 255
    0 0 0 0 0 255 0 255 255 255 255 0 0 255 255 0 0 0 0 0 255 0 0 0 0
    255 0 0 0 0 0 255 0 255 0 255 255 0 0 0 0 255 0 0 255 255 255 0 0 0
    0 255 0 0 255 0 0 0 0 255 255 0 0 0 0 0 0 0 0 0 0 255 0 255 255 0 0
    0 0 255 255 255 255 0 0 0 0 0 255 0 0 0 255 0 255 0 0 0 0 0 0 255 0
    0 0 0 255 0 0 0 0 0 0 0 255 0 0 0 0 0 0 0 255 0 0 255 0 255 255 0 0
    255 0 0 0 0 0 0 0 0 0 0 0 0 255 0 0 0 0 255 0 0 0 255 0 255 0 0 255
    0 0 0 0 0 255 0 0 0 0 0 255 0 0 0 0 0 255 0 0 0 255 0 0 0 0 255 255
    0 0 255 0 0 0 255 0 0 0 0 0 0 255 0 0 0 0 255 255 0 0 255 0 0 0 0 0
    0 0 255 0 0 255 255 255 255 255 0 0 255 0 0 0 0 0 0 0 255 0 255 255
    0 0 0 0 255 255 0 255 0 0 0 0 0 0 0 255 0 0 255 255 255 0 0 0 0 255
    0 255 0 255 0 0 255 255 255 0 0 0 0 0 255 255 255 255 0 0 0 255 0 0
    0 255 0 0 0 255 255 0 0 255 0 0 255 0 255 0 255 255 255 0 0 255 255
    0 0 0 0 255 255 0 0 0 0 0 255 0 255 0 0 0 0 0 0 0 0 0 255 0 0 255 0
    0 0 0 255 0 255 0 0 0 0 0 0 0 0 0 0 0 0 255 0 0 0 255 0 0 255 0 255
    0 255 0 0 0 0 255 255 0 255 0 0 0 255 255 0 255 0 0 0 0 0 255 255 0
    0 255 0 0 255 0 0 255 0 0 0 0 255 0 0 0 0 0 255 255 0 0 0 255 0 0
    255 0 0 0 0 255 255 0 0 0 255 255 0 0 0 0 0 0 0 0 0 0 0 255 0 0 255
    0 255 255 0 0 255 255 0 0 0 0 255 0 255 255 255 0 0 0 0 255 0 0 0 0
    255 255 0 0 255 0 0 255 0 255 255 255 255 0 0 0 0 0 255 255 255 255
    0 255 0 0 0 0 255 0 255 0 255 0 255 0 0 0 0 255 0 0 255 0 255 255 0
    0 0 0 0 0 0 255 0 0 255 0 0 0 0 255 0 0 255 0 0 0 255 255 0 255 0
    255 0 0 0 255 255 255 0 0 0 255 255 0 255 0 0 0 0 0 0 0 0 0 0 255 0
    0 0 0 0 0 0 0 255 255 255 255 0 0 0 255 0 0 255 0 0 0 255 0 0 255 0
    0 0 0 0 0 255 0 0 0 0 0 0 0 0 255 0 0 0 255 0 0 255 0 0 255 0 255 0
    255 0 0 0 0 0 255 0 255 0 0 0 0 0 0 255 0 0 255 255 0 0 0 255 0 255
    255 0 0 0 255 0 0 0 0 0 0 0 0 0 0 0 0 0 0 0 0 0 0 255 255 0 0 255 0
    255 0 255 255 0 255 255 0 255 0 0 0 0 0 255 0 0 0 0 255 0 0 255 0 0
    0 0 0 0 255 255 0 255 0 255 0 0 0 0 0 0 0 0 0 0 0 0 0 0 0 0 255 255
    0 0 0 255 0 0 0 0 255 0 0 0 0 0 0 0 0 0 255 255 255 0 0 255 0 255 0
    0 0 255 0 0 0 255 0 255 0 0 0 0 255 255 255 0 0 0 0 0 255 0 0 0 0
    255 0 0 255 0 0 0 0 255 255 0 255 0 255 0 255 0 0 0 0 0 0 0 255 255
    255 255 0 255 255 0 0 0 0 255 255 255 255 0 255 255 255 0 255 255 0
    0 255 0 0 0 255 255 0 0 0 255 255 0 0 0 255 255 255 0 255 0 0 0 0 0
    0 0 0 0 255 0 0 0 255 255 0 255 0 0 0 255 0 0 255 0 0 0 0 0 0 255 0
    0 0 0 255 255 0 0 255 255 0 0 0 255 0 0 0 0 0 0 255 0 255 0 0 0 0 0
    0 0 0 0 0 0 255 0 255 0 0 0 0 0 0 0 0 0 255 0 0 255 0 0 0 255 0 0 0
    0 0 0 0 255 0 0 0 0 255 0 0 0 0 0 0 255 255 0 0 255 0 0 0 0 0 0 0 0
    0 0 0 0 255 255 0 255 255 255 255 0 0 255 0 0 255 255 0 255 0 255
    255 0 255 0 0 0 0 255 0 0 0 255 0 0 0 0 255 0 0 0 0 255 255 0 0 255
    255 0 0 255 0 255 0 255 0 255 255 0 0 0 0 255 255 0 0 255 0 0 0 0 0
    0 0 255 0 0 255 0 0 255 0 255 0 0 0 0 255 0 255 0 255 0 0 0 0 0 255
    0 0 0 255 0 0 0 255 0 0 0 0 0 0 0 255 255 255 0 0 0 0 0 0 0 0 0 255
    255 255 0 0 0 0 255 0 0 255 0 0 0 0 0 0 0 0 0 0 0 0 255 0 255 255 0
    0 255 255 0 0 255 0 0 255 0 255 255 255 0 255 0 255 0 0 0 0 0 0 255
    0 0 255 0 255 0 0 0 0 0 0 255 0 0 0 255 0 255 255 255 0 0 0 0 0 0 0
    255 0 0 0 0 0 0 0 0 0 0 0 0 255 0 0 255 255 0 0 0 0 0 0 0 0 0 255 0
    255 0 0 0 0 0 0 0 0 0 0 0 0 0 0 0 0 0 255 0 255 0 0 0 0 0 255 0 0 0
    0 0 0 255 0 0 0 255 0 0 255 0 0 0 255 255 0 0 0 0 0 0 255 0 255 0 0
    0 0 255 0 0 0 0 0 0 0 0 0 255 0 255 0 0 0 0 255 0 255 0 0 0 0 0 0
    255 0 0 0 0 255 0 0 0 0 255 0 0 0 255 0 255 255 0 0 0 0 0 255 0 0 0
    0 0 255 0 0 0 0 255 0 0 0 0 0 0 0 255 0 0 0 255 255 0 255 0 0 0 0 0
    0 0 0 0 0 0 255 255 0 0 0 0 0 0 0 0 0 0 255 0 255 0 0 0 0 0 0 0 0 0
    0 0 0 255 0 0 255 0 0 255 0 0 0 255 0 0 255 0 0 0 0 0 255 255 0 255
    0 0 0 0 0 0 0 0 0 0 0 0 0 0 0 0 0 255 0 0 0 0 0 255 0 0 0 0 0 0 0
    255 0 0 0 0 0 0 0 0 0 0 0 255 0 0 0 0 0 0 0 0 0 0 0 0 255 0 0 0 0
    255 0 0 0 0 0 255 0 0 255 255 0 0 255 0 255 0 0 255 0 255 0 255 0 0
    255 0 0 0 255 255 255 0 0 0 0 0 255 0 0 255 0 0 255 0 255 255 255 0
    0 255 0 255 0 0 0 0 0 255 0 0 0 0 0 255 0 0 255 0 255 0 0 255 0 0
    255 255 0 255 0 255 255 255 255 255 0 0 0 255 0 255 0 0 255 0 0 0
    255 0 0 0 0 0 0 255 255 255 255 0 0 0 0 0 255 0 255 0 0 0 0 255 0
    255 0 0 0 255 0 0 0 0 255 0 0 255 0 0 0 0 0 0 0 0 0 255 0 255 0 0 0
    255 255 255 0 255 0 0 255 0 255 0 0 0 255 0 0 0 0 0 0 0 0 255 0 0 0
    0 255 0 0 0 255 0 0 255 0 0 0 255 0 0 255 0 0 255 0 0 255 0 255 0 0
    0 255 255 0 0 0 0 0 0 0 0 0 255 0 0 255 0 0 0 0 0 0 0 0 255 0 0 0 0
    0 0 0 0 0 255 0 0 0 0 0 0 255 0 255 0 0 255 255 0 0 255 255 0 0 0 0
    0 0 0 0 0 255 255 255 0 255 0 0 0 255 0 255 0 0 255 0 0 0 0 255 0
    255 255 255 0 0 0 0 0 0 0 0 255 255 0 0 255 255 0 255 0 255 0 0 0 0
    255 0 0 0 0 255 0 255 0 0 0 255 0 0 0 0 0 255 0 255 0 0 0 255 0 0 0
    0 0 0 255 0 0 0 0 0 0 0 0 0 0 0 0 0 0 0 255 255 0 255 255 0 255 0 0
    0 255 255 0 255 0 0 255 0 255 0 0 0 255 0 0 255 255 255 255 0 0 0
    255 0 255 0 0 0 255 255 0 0 255 255 0 255 0 0 255 255 0 255 255 0 0
    255 0 0 0 0 255 255 0 0 255 0 0 0 0 0 0 0 0 0 0 255 255 0 255 0 0 0
    0 0 0 255 0 0 0 0 255 255 0 0 255 255 255 0 255 0 0 0 0 0 255 0 0
    255 0 0 0 0 0 0 0 0 0 255 255 0 0 0 0 0 0 0 0 0 0 255 255 0 0 0 0 0
    0 0 0 0 0 0 255 0 0 0 255 0 0 255 0 0 255 0 0 0 0 0 0 0 255 0 255 0
    0 0 0 0 0 255 0 0 0 0 0 0 0 0 0 0 0 0 0 0 0 0 0 0 0 255 0 255 0 0 0
    255 0 0 0 0 255 0 0 255 0 0 0 0 0 255 0 0 0 255 255 0 0 0 0 255 255
    0 0 255 0 0 0 255 0 255 0 0 0 0 0 255 0 0 0 0 0 0 0 255 255 255 255
    255 0 0 0 255 255 255 255 0 0 0 0 0 255 0 0 255 0 0 255 0 0 255 255
    255 0 0 0 0 0 0 0 0 0 0 0 0 0 0 0 0 0 0 0 0 255 0 0 0 255 0 0 0 0 0
    0 0 255 0 0 0 0 255 0 0 0 255 0 0 0 0 0 255 0 0 0 0 0 0 0 255 0 0 0
    0 0 0 0 0 0 0 0 0 255 0 0 0 255 0 0 0 255 0 0 0 0 0 255 0 255 0 0 0
    0 0 0 0 0 0 0 255 0 255 0 255 0 0 0 0 0 0 0 0 255 255 255 0 0 0 255
    0 0 0 0 0 0 0 0 0 0 255 0 255 255 0 0 0 255 0 0 0 0 0 255 255 0 0 0
    0 255 0 0 0 0 255 0 255 0 0 255 0 255 0 0 0 0 0 255 0 0 0 0 0 0 0 0
    255 0 255 0 0 0 0 255 0 0 0 0 0 0 255 0 0 0 0 0 0 0 255 255 0 255 0
    0 0 0 0 255 0 0 0 0 0 0 0 0 0 0 0 0 0 255 255 255 0 0 0 0 0 0 255
    255 0 0 0 0 0 255 0 255 0 0 0 0 0 0 0 0 0 0 0 255 255 0 0 255 255 0
    0 255 0 0 0 0 0 0 0 255 0 0 0 0 0 0 255 255 255 0 0 0 255 0 0 255
    255 0 0 255 255 255 255 0 255 0 255 0 0 0 255 255 0 255 0 0 0 0 0 0
    255 0 255 0 255 0 0 255 0 0 0 0 0 0 0 0 0 0 0 0 255 0 0 255 0 0 255
    0 0 0 0 0 0 0 0 0 0 255 0 255 0 0 255 0 0 255 0 255 255 0 0 0 255 0
    255 255 0 0 0 0 0 0 0 255 0 0 255 255 0 0 0 0 0 0 0 0 0 0 255 0 0
    255 0 0 0 0 255 0 0 0 0 255 0 0 255 255 0 255 0 0 255 255 0 0 0 0 0
    255 0 0 255 0 0 0 0 0 0 0 0 0 255 0 0 255 0 0 255 0 255 255 0 0 255
    0 255 0 0 0 255 0 0 255 0 0 0 0 0 0 0 0 0 255 255 0 0 0 255 255 255
    0 0 0 0 0 0 0 0 0 0 255 0 0 0 255 0 0 0 255 0 0 0 0 0 0 0 255 0 0 0
    0 255 0 0 0 0 0 0 0 0 0 0 0 0 0 255 255 0 255 255 0 255 0 0 0 0 255
    0 0 0 0 0 0 255 0 0 0 0 0 0 0 255 0 0 0 0 0 0 255 0 255 255 255 255
    0 0 0 0 0 0 0 0 0 255 0 255 255 0 0 255 0 0 0 0 0 0 0 0 0 0 0 0 0 0
    0 0 0 0 255 0 0 255 0 255 0 255 0 0 0 255 0 255 255 255 0 0 0 0 255
    0 0 0 0 255 255 0 255 0 255 255 0 0 255 0 0 0 0 0 255 255 255 0 0 0
    255 0 255 255 0 0 0 255 0 255 0 255 255 255 255 0 0 255 0 255 0 255
    0 255 0 0 0 0 255 0 0 255 255 0 0 0 0 0 0 0 255 255 0 255 0 0 255 0
    255 0 0 0 255 0 0 255 0 0 0 255 0 255 0 0 0 0 0 0 0 0 0 0 0 255 0 0
    0 0 255 0 255 255 0 0 255 0 255 0 255 0 0 0 255 255 255 0 0 0 0 0 0
    0 0 0 255 255 255 0 255 0 0 255 0 0 0 0 255 0 255 0 255 0 0 0 0 0 0
    0 0 0 0 0 0 255 0 0 0 0 255 0 0 0 0 0 0 0 0 0 0 255 0 0 0 0 255 0
    255 0 0 0 0 255 255 0 255 0 0 0 0 0 0 0 0 255 0 0 0 0 0 0 0 255 255
    255 255 0 0 0 0 0 0 255 0 0 0 0 0 0 0 0 0 0 0 0 0 0 0 0 0 0 255 255
    0 0 0 0 255 0 0 0 0 255 0 0 0 0 0 255 0 0 0 0 255 0 0 255 0 0 0 0
    255 0 0 0 0 0 255 0 0 0 0 0 0 0 0 255 0 0 0 0 0 0 255 0 255 0 0 0 0
    0 0 0 0 0 255 0 0 0 255 0 255 0 0 0 255 0 255 0 0 0 0 255 0 0 255 0
    0 255 0 255 0 0 0 0 255 0 0 0 0 0 255 0 0 0 0 0 0 0 0 255 0 0 0 0 0
    0 0 0 0 0 0 0 255 0 255 0 0 255 0 255 0 0 0 0 0 255 0 255 255 0 0
    255 0 0 0 0 0 255 0 0 0 0 0 0 0 255 0 0 255 255 0 0 255 0 0 0 255 0
    255 0 0 0 0 255 0 0 0 0 0 0 0 0 0 0 0 0 0 0 0 0 0 0 0 0 0 0 255 0 0
    255 0 0 255 255 0 0 255 0 0 0 0 0 255 255 0 255 255 0 255 255 0 0 0
    0 0 0 0 255 0 255 0 0 0 255 255 255 0 0 0 0 0 0 0 0 0 0 0 255 0 0 0
    0 0 0 0 0 0 255 255 255 0 255 0 0 0 255 0 255 0 255 0 0 0 0 255 0
    255 0 0 0 255 0 0 0 0 255 0 0 0 0 0 0 0 255 0 0 0 0 0 0 255 255 0 0
    255 255 0 0 0 255 0 0 255 255 255 0 0 0 255 0 0 255 255 0 0 0 0 255
    0 0 0 0 255 0 0 255 0 0 0 0 0 0 0 255 0 255 0 0 0 255 0 0 255 0 0 0
    0 255 0 0 0 255 255 255 0 0 0 0 0 255 0 0 255 255 255 0 0 0 0 255
    255 255 0 255 0 0 0 0 0 255 255 0 0 255 0 0 255 255 0 0 0 0 255 255
    0 255 0 255 0 0 0 0 255 0 0 0 255 0 255 255 0 0 255 255 255 0 0 0
    255 0 255 0 255 0 0 0 0 255 255 0 0 255 255 0 0 255 0 0 0 0 0 0 0 0
    0 0 0 255 0 0 0 0 0 255 255 0 255 0 0 255 0 255 0 255 0 0 0 0 0 0
    255 0 0 255 255 255 0 0 0 255 0 255 0 0 0 0 0 255 0 0 0 255 0 0 255
    0 0 0 0 0 0 0 0 255 0 255 0 255 0 0 0 0 0 255 255 255 0 255 255 0
    255 0 255 0 0 0 0 0 0 255 0 0 0 0 0 255 0 0 255 0 0 0 0 0 0 0 0 0
    255 0 255 0 0 0 255 0 0 255 0 0 255 255 255 0 0 255 0 0 0 0 0 0 0
    255 0 0 0 255 0 0 255 0 0 0 255 0 0 0 0 255 0 255 255 0 0 0 0 0 0
    255 0 0 255 0 0 0 255 0 0 255 0 0 0 0 0 0 0 255 0 0 255 0 0 255 0 0
    0 0 0 255 0 0 255 255 0 0 255 0 0 0 0 0 0 0 0 0 0 0 255 0 255 0 255
    0 0 0 0 255 0 0 255 0 255 0 255 0 255 0 255 0 0 0 255 0 0 0 255 0
    255 0 0 0 255 0 255 0 255 255 0 255 0 255 0 0 0 255 0 255 0 0 255 0
    0 255 255 0 0 0 0 0 255 0 0 255 255 255 0 0 0 255 0 0 0 0 0 0 0 0 0
    0 0 0 0 0 0 0 0 255 0 255 0 255 0 0 255 0 0 255 0 0 0 0 255 255 255
    0 0 0 0 0 0 0 0 0 255 0 0 0 0 0 0 0 0 0 255 0 255 0 255 0 255 255 0
    0 255 0 0 0 0 0 0 0 0 0 0 0 0 0 255 0 0 0 0 0 0 255 0 0 255 0 0 0 0
    0 255 0 0 0 255 255 0 0 0 0 255 255 0 0 0 255 0 0 0 0 0 255 0 0 0
    255 0 0 0 0 0 255 255 255 0 255 0 0 255 0 0 255 0 0 255 0 0 255 0 0
    255 255 0 0 0 0 0 255 0 0 0 255 0 0 255 0 255 255 255 0 255 0 0 0 0
    0 0 0 0 0 0 255 0 0 0 0 255 255 255 0 255 0 255 0 0 0 255 255 255 0
    0 0 0 0 0 0 255 255 255 255 0 0 0 0 0 255 0 0 0 255 0 0 0 255 255
    255 255 0 255 0 0 255 0 255 0 0 0 0 0 0 255 0 0 255 0 0 0 0 255 255
    255 255 0 255 0 0 0 0 0 0 0 0 0 255 255 0 0 0 0 0 255 0 0 0 0 0 0
    255 255 0 0 255 0 0 0 0 0 0 255 255 0 255 0 255 255 0 0 255 0 0 0
    255 255 0 255 0 255 255 0 255 0 255 0 0 0 0 0 0 0 255 255 0 0 255
    255 255 0 255 255 255 0 0 255 255 255 255 0 255 0 255 0 255 255 0
    255 0 0 255 255 255 0 0 0 0 0 0 255 0 0 0 0 255 255 0 0 0 0 0 0 0 0
    0 0 255 255 0 0 0 0 0 0 255 0 0 0 0 0 0 0 0 255 0 255 0 255 0 0 255
    0 0 255 255 255 255 0 0 255 0 0 0 0 0 0 0 0 0 0 0 0 0 0 255 0 0 0 0
    0 0 0 0 0 0 255 255 255 0 0 255 0 255 0 255 255 0 255 0 0 255 0 0 0
    0 255 0 255 255 255 255 255 0 0 0 0 0 255 0 255 0 0 255 0 0 0 0 0 0
    0 0 0 0 0 0 0 255 0 255 255 255 0 0 0 0 0 255 0 0 255 0 255 0 0 0 0
    0 0 255 0 0 255 0 0 0 0 0 0 0 0 0 0 0 0 0 0 0 0 0 255 0 0 0 0 0 0 0
    255 0 0 255 0 0 0 0 0 255 0 0 255 0 0 255 0 0 0 255 0 0 255 0 255 0
    0 0 0 0 0 255 0 0 255 0 0 0 0 0 0 0 255 0 0 0 0 0 255 0 0 255 0 0
    255 0 255 0 255 0 0 255 0 255 0 0 0 255 0 0 0 255 0 0 0 0 0 0 255 0
    0 0 255 0 255 0 0 0 0 0 0 0 0 0 0 0 0 0 0 255 0 0 0 255 0 0 0 0 0 0
    0 0 255 0 255 0 255 0 0 255 0 255 0 0 255 0 255 0 0 0 0 0 0 0 0 0 0
    0 0 0 0 0 0 0 0 0 0 0 0 0 0 0 0 255 0 0 0 255 0 255 0 0 255 0 0 0
    255 0 0 0 255 0 0 255 0 0 0 0 0 0 255 0 0 255 0 0 0 0 0 0 0 0 255 0
    0 0 0 0 0 0 0 0 0 0 255 0 255 0 0 0 255 0 0 0 0 255 0 0 255 0 255 0
    0 0 0 0</data></my_edges>
<your_edges type_id="opencv-matrix">
  <rows>256</rows>
  <cols>256</cols>
  <dt>u</dt>
  <data>
    0 0 0 0 255 0 255 0 255 0 0 0 0 0 0 255 0 0 255 0 0 0 0 255 0 0 0 0
    255 0 0 0 0 0 0 255 0 0 255 0 255 0 255 0 0 0 255 0 255 0 0 0 0 0 0
    0 0 0 255 0 0 255 0 255 0 255 0 0 255 0 0 0 0 0 0 255 0 255 0 0 0 0
    0 0 255 0 255 0 255 0 255 0 0 0 255 0 255 0 0 0 0 0 255 0 0 0 0 255
    0 255 0 255 0 0 255 0 255 0 0 0 0 255 0 0 0 0 0 255 0 0 255 0 0 0 0
    0 255 0 255 0 0 255 0 0 0 0 0 255 0 0 255 0 0 255 0 0 255 0 0 0 0
    255 0 0 255 0 255 0 0 255 0 0 0 0 0 0 255 0 0 255 0 255 0 255 0 255
    0 0 0 0 0 0 0 255 0 0 0 0 0 255 0 255 0 0 255 0 255 0 255 0 0 0 0 0
    0 0 0 0 0 255 0 0 255 0 255 0 255 0 0 0 0 255 0 255 0 0 0 255 0 255
    0 0 0 0 255 0 255 0 0 0 0 255 0 0 255 0 0 0 0 255 0 255 0 255 0 255
    0 255 0 0 0 255 255 0 255 0 255 0 0 0 255 0 0 255 0 255 0 255 255
    255 255 0 255 255 0 255 0 0 0 255 255 0 255 0 255 255 0 0 0 0 0 255
    255 0 255 0 255 0 0 0 0 0 0 0 255 0 0 0 255 255 255 255 0 255 255 0
    0 255 0 255 0 0 255 255 255 0 0 0 0 0 255 255 0 0 255 0 0 255 0 0 0
    255 0 255 0 255 0 0 0 0 255 255 255 0 255 0 0 255 255 0 255 0 255 0
    255 255 0 0 0 255 0 255 0 0 0 255 255 0 0 255 255 0 0 0 0 0 255 0 0
    0 0 0 0 255 255 0 0 255 0 0 255 0 0 0 0 0 0 255 0 0 0 255 0 255 255
    0 0 0 255 255 0 255 0 0 0 255 0 0 255 255 0 255 0 0 255 255 0 255 0
    0 0 255 255 0 255 0 0 0 255 255 255 255 0 0 0 0 255 255 255 255 0
    255 255 0 0 0 255 255 0 0 255 255 0 0 0 255 0 255 0 0 255 0 255 0 0
    0 255 255 0 0 255 0 255 0 255 0 0 0 0 0 0 255 255 255 0 255 0 0 255
    0 255 0 255 0 0 255 0 0 0 0 255 0 255 0 0 0 0 0 255 0 255 0 0 0 0
    255 255 255 255 0 0 255 0 255 0 0 0 255 0 0 255 255 0 255 255 0 0
    255 0 255 255 0 255 255 255 0 0 0 0 255 0 0 0 0 0 0 0 0 0 0 0 0 0 0
    255 0 0 0 255 0 255 0 0 0 255 0 0 0 0 255 0 255 0 255 0 0 255 0 0 0
    0 0 0 0 255 0 0 0 0 255 0 0 0 255 0 255 0 0 0 0 255 0 255 0 0 0 0 0
    0 0 0 255 255 0 255 255 255 0 0 0 0 255 0 255 0 0 255 0 0 0 255 0
    255 255 255 255 0 255 0 255 255 0 255 0 255 0 0 0 0 255 255 0 255
    255 0 0 255 0 0 0 0 0 255 0 0 255 0 255 0 0 0 0 255 0 0 0 0 255 0 0
    255 0 255 0 0 255 0 255 0 0 0 0 0 0 255 255 0 0 255 0 255 0 0 255 0
    0 255 255 255 255 0 255 255 0 0 0 255 255 0 0 255 0 0 0 0 0 0 255 0
    0 0 0 0 255 255 255 0 0 0 0 255 0 0 0 0 255 0 0 0 0 0 0 0 255 0 0 0
    0 0 0 255 0 0 0 255 0 0 0 0 0 255 0 0 255 0 255 0 0 0 0 255 0 0 0 0
    0 0 0 255 0 0 0 255 0 0 255 0 255 0 0 255 255 255 255 0 0 0 0 0 0 0
    0 0 255 0 255 0 0 255 255 0 255 255 0 0 255 255 0 0 0 0 255 0 0 255
    0 0 255 255 0 0 0 0 0 0 0 0 0 0 255 255 0 255 0 255 255 0 0 255 0 0
    0 0 0 0 0 0 0 255 255 0 0 0 0 0 0 0 255 0 255 0 0 0 0 0 0 0 255 0 0
    0 255 0 0 0 0 0 0 0 0 255 0 0 0 0 0 0 0 0 255 255 255 0 255 255 255
    0 0 0 0 255 0 0 255 0 255 255 0 255 0 0 255 255 0 0 255 255 0 0 0 0
    0 0 0 0 0 255 0 0 0 0 0 0 0 0 0 0 0 255 0 0 0 0 0 0 0 0 0 0 0 0 0 0
    0 0 0 0 0 0 0 0 0 255 0 255 0 0 0 0 0 0 0 0 255 0 0 0 0 0 0 0 0 255
    0 255 0 0 0 0 0 255 0 0 0 0 0 0 255 0 255 0 0 0 0 0 255 0 0 0 0 0 0
    255 255 0 255 255 0 0 0 0 255 0 0 0 255 255 255 255 0 0 255 0 255 0
    0 0 255 0 255 0 255 255 255 0 0 255 255 255 0 0 0 0 0 255 0 0 0 255
    0 0 0 255 0 0 0 0 0 255 0 0 0 0 0 0 0 0 0 255 0 255 255 0 0 0 0 0 0
    0 255 0 255 0 255 0 0 0 0 0 255 0 0 0 255 0 255 0 0 255 0 0 0 255 0
    0 0 0 0 0 0 0 0 0 0 0 255 0 0 255 0 0 0 0 0 255 0 255 0 255 0 255
    255 255 0 0 0 0 255 0 0 0 0 0 255 0 255 0 255 0 255 255 255 0 0 255
    255 255 255 0 255 0 0 0 0 0 0 0 255 0 0 0 255 0 255 0 0 0 0 0 0 255
    0 0 0 0 255 255 0 0 255 0 0 0 255 255 0 0 0 255 0 0 255 0 0 0 0 0 0
    255 0 255 255 255 255 255 0 255 0 0 0 255 0 0 0 0 0 0 255 0 0 255 0
    0 0 0 0 0 255 255 255 0 0 0 255 0 255 0 255 0 255 255 0 0 255 0 0
    255 0 0 0 0 0 0 0 0 0 0 0 0 0 255 0 0 0 0 255 255 255 255 0 0 0 0
    255 0 255 0 255 0 0 0 0 0 0 0 255 0 0 0 255 0 0 0 0 0 255 0 255 255
    0 0 0 0 0 0 0 0 0 0 0 0 0 0 0 0 255 0 0 0 0 0 255 0 0 0 0 0 0 255 0
    0 0 0 255 255 0 0 0 0 255 255 255 0 0 0 0 255 0 0 0 255 255 0 0 0 0
    0 0 0 0 0 0 0 0 0 0 0 255 255 0 0 0 0 255 0 0 0 0 0 0 255 255 255 0
    0 0 0 0 0 0 0 0 0 0 255 0 0 0 0 0 0 0 255 0 255 0 0 0 0 0 255 0 0 0
    0 255 0 0 255 0 255 0 255 0 0 255 0 0 0 0 0 0 0 0 0 255 0 255 0 0 0
    0 0 0 0 0 0 0 255 255 0 255 0 255 0 0 0 255 0 0 0 255 0 255 0 0 255
    0 0 0 0 0 0 255 0 255 255 0 0 0 0 0 255 255 0 0 0 255 255 255 0 255
    0 0 255 255 0 0 0 0 255 0 0 0 0 0 0 0 255 0 255 255 0 0 255 255 0
    255 255 0 0 0 0 0 0 0 0 0 255 255 255 255 0 0 255 255 0 0 0 0 0 0 0
    0 255 0 0 0 0 0 0 0 0 255 0 0 255 0 0 255 0 0 255 255 255 0 0 255
    255 0 0 0 0 255 0 0 0 0 0 0 0 0 0 255 255 0 0 0 0 0 0 0 0 0 255 0 0
    0 255 0 0 255 0 255 255 255 255 255 0 0 255 0 0 0 0 255 255 0 0 255
    0 0 0 0 0 0 0 0 255 0 0 0 0 0 0 0 0 0 0 255 0 0 0 255 255 255 255 0
    255 0 0 255 0 255 0 0 0 0 0 0 0 0 0 0 0 255 0 0 255 0 255 0 0 0 0
    255 0 0 0 0 0 0 0 0 255 0 255 0 0 0 0 0 0 0 0 0 0 0 0 255 255 255
    255 0 0 255 0 0 255 0 0 0 255 0 0 0 255 0 0 0 0 255 0 0 0 0 255 0 0
    0 0 0 255 0 255 0 0 255 0 0 255 255 0 0 255 0 0 255 0 0 0 0 0 0 255
    0 0 255 0 0 0 0 0 0 0 0 0 0 0 0 0 255 0 0 0 255 0 0 0 0 0 255 255 0
    0 0 0 0 0 0 0 0 0 0 0 0 0 255 0 0 0 0 0 0 255 0 0 0 0 0 0 255 0 255
    255 0 0 255 0 0 255 255 0 255 0 0 0 0 255 0 0 0 255 0 0 0 255 255 0
    0 0 0 0 0 255 0 0 255 0 255 0 0 255 0 0 0 0 255 0 0 0 0 0 0 255 0
    255 255 255 0 0 0 0 0 0 255 0 255 0 0 255 255 0 0 0 0 255 0 0 0 0 0
    255 0 255 0 255 0 255 0 0 0 0 0 0 255 0 255 255 0 0 0 0 255 0 0 0
    255 0 255 0 0 0 0 0 0 0 0 0 0 0 255 0 0 255 0 0 0 0 0 255 0 255 0 0
    0 0 0 255 0 255 0 0 255 255 255 0 0 0 0 255 0 0 0 0 255 255 255 0 0
    0 255 0 0 255 255 0 0 0 0 255 0 0 255 0 0 0 255 0 0 0 255 0 255 0
    255 0 255 0 0 0 255 0 0 0 255 0 0 0 255 0 255 0 0 0 0 0 0 0 0 0 0 0
    0 255 0 0 0 255 255 255 255 0 0 0 0 255 0 0 255 0 0 0 255 255 255
    255 255 0 0 0 0 255 0 0 0 0 0 0 0 255 0 255 0 0 0 255 0 255 0 0 0 0
    0 255 0 0 255 0 0 0 255 0 0 0 0 0 255 0 0 0 255 255 0 0 0 0 0 0 255
    255 0 255 0 0 0 0 255 0 0 0 0 0 0 0 0 255 0 0 0 0 0 255 0 0 255 0 0
    0 0 0 255 0 255 255 0 0 0 255 0 0 0 0 0 255 0 0 0 0 0 255 255 0 255
    0 0 0 0 0 0 0 0 0 255 0 0 0 0 0 0 0 255 255 255 0 255 0 0 255 0 0
    255 0 255 0 255 0 0 0 0 255 0 0 255 255 0 0 0 0 0 0 0 0 255 0 0 0
    255 0 0 0 0 255 255 255 255 0 0 255 0 0 0 0 0 0 255 0 0 0 0 0 0 255
    255 0 0 0 255 255 0 255 0 255 0 255 0 0 255 0 255 255 0 0 0 0 0 0
    255 0 0 0 0 0 0 0 0 0 0 0 0 0 255 0 0 0 0 0 255 0 255 0 0 0 255 0
    255 0 0 255 0 0 0 0 255 0 255 255 0 255 0 0 0 0 255 0 0 255 0 0 255
    0 0 255 255 255 0 255 0 255 0 0 0 0 0 255 0 0 0 0 0 0 255 0 255 0 0
    0 0 0 0 255 0 255 0 0 255 0 0 0 0 255 0 0 255 255 0 0 0 0 0 0 255 0
    0 0 0 0 255 255 0 0 255 0 255 0 0 0 0 255 255 0 255 0 255 0 255 0
    255 0 0 0 255 0 0 0 0 0 0 255 255 0 255 0 255 0 0 0 0 0 255 0 0 0 0
    0 0 255 0 0 0 0 255 0 0 0 0 0 0 255 0 0 0 255 0 0 0 0 0 0 0 255 0 0
    255 0 0 255 0 255 255 0 0 0 0 0 255 0 0 0 255 0 0 255 0 255 0 0 255
    255 0 0 0 255 0 0 255 255 255 0 0 0 0 255 0 255 0 0 0 0 0 0 0 255
    255 0 0 255 255 0 255 0 255 0 255 0 0 0 0 0 255 0 0 0 0 0 255 255
    255 0 0 0 255 255 255 0 0 255 0 0 255 0 255 0 0 255 0 0 255 0 0 255
    0 255 0 0 0 255 0 0 255 0 0 255 0 255 0 255 255 255 0 0 255 0 255 0
    0 0 255 0 0 255 255 255 255 255 255 0 255 255 255 255 0 0 0 255 0 0
    0 255 255 0 0 0 255 0 255 0 0 0 255 255 0 255 255 255 255 0 0 255 0
    0 0 255 0 0 0 0 0 255 0 255 0 255 0 0 255 0 255 0 0 0 255 0 0 0 0
    255 0 0 0 0 255 0 255 0 0 0 0 255 0 0 0 0 255 255 0 0 255 255 0 0 0
    0 0 0 255 255 0 0 255 0 0 0 0 0 255 255 0 0 0 0 0 0 0 255 0 255 0 0
    255 255 0 0 255 0 0 0 0 255 0 255 0 0 0 255 0 0 0 0 255 0 0 0 0 255
    0 0 255 0 0 255 0 0 255 0 0 0 255 0 255 0 0 255 0 0 255 255 255 0
    255 0 0 0 0 255 0 0 255 0 0 0 255 0 0 0 0 0 0 255 255 0 0 0 0 0 0 0
    0 0 255 0 255 0 255 0 0 0 255 0 255 0 0 0 255 0 255 0 0 255 0 0 255
    0 0 255 255 0 0 255 0 0 0 0 0 0 0 255 255 255 0 255 255 255 0 0 0 0
    0 255 0 0 0 0 0 0 255 255 255 0 0 0 0 255 255 0 0 0 0 255 0 0 0 0 0
    0 0 0 255 0 0 255 0 0 0 0 0 0 0 0 0 0 0 0 255 255 0 0 0 0 0 0 0 255
    255 0 255 0 0 0 255 0 255 255 0 0 0 0 0 0 255 0 0 0 0 0 255 255 255
    0 0 255 0 0 0 0 0 0 255 255 0 0 0 255 255 0 0 0 0 0 255 0 0 0 255 0
    0 255 255 0 0 255 0 0 0 0 0 255 0 0 255 0 0 0 0 255 0 0 255 0 0 255
    0 0 0 255 0 255 0 0 255 255 0 0 255 0 255 0 255 0 0 255 0 0 0 0 0 0
    255 0 0 0 0 0 255 0 0 0 255 0 0 0 0 0 0 255 0 0 0 0 0 0 255 0 0 0 0
    0 0 255 255 0 0 0 0 0 0 255 255 0 0 255 0 0 0 255 0 0 255 255 255 0
    0 0 255 0 255 0 0 255 0 255 0 0 255 0 0 0 0 255 255 255 0 0 255 0 0
    255 255 255 0 0 0 0 0 0 0 0 0 0 0 0 0 0 0 255 0 0 0 0 0 0 0 0 0 255
    0 0 0 0 0 255 0 255 255 255 0 255 0 255 255 0 255 0 0 0 0 255 0 0
    255 0 0 0 255 0 0 255 0 255 0 0 0 255 0 0 0 0 255 0 0 0 0 255 255
    255 255 255 0 0 0 0 255 255 0 255 0 255 0 0 0 255 0 0 0 0 255 0 255
    0 255 0 0 255 0 0 0 0 255 0 0 0 0 0 0 255 0 0 255 0 0 0 255 255 0 0
    0 0 0 0 255 0 0 0 0 0 255 0 255 255 0 255 0 255 255 0 0 0 0 255 255
    0 0 255 255 255 0 255 0 0 0 0 0 0 255 255 0 0 0 0 0 0 0 0 255 0 0 0
    255 255 255 0 255 255 0 255 255 0 0 0 0 255 0 255 0 0 0 0 0 0 0 0 0
    0 255 0 0 0 0 0 0 255 0 0 0 255 255 0 0 0 0 255 0 255 0 0 0 0 0 0
    255 255 255 0 0 0 0 0 0 255 0 255 0 255 0 0 0 0 0 255 0 0 0 255 0
    255 0 255 0 255 0 0 255 255 0 0 0 0 0 0 0 255 0 0 0 0 0 0 0 0 0 0
    255 0 255 0 0 0 255 0 0 255 0 0 0 0 255 255 0 255 255 0 0 0 0 0 0 0
    0 255 0 0 255 0 0 0 255 255 0 255 0 0 0 255 0 0 0 255 0 255 0 0 0
    255 0 255 255 0 255 0 0 255 0 0 0 0 255 0 0 0 0 255 0 0 0 255 0 0
    255 0 255 0 0 255 0 0 255 0 0 255 0 0 255 0 0 255 255 255 255 0 0 0
    255 255 0 0 0 255 0 255 0 0 255 255 0 0 0 255 0 255 0 0 255 0 255 0
    0 255 0 0 0 0 0 0 0 0 0 0 255 0 0 0 0 0 0 255 0 0 0 0 0 0 0 0 0 0 0
    255 0 0 255 0 0 0 255 0 0 0 255 0 0 0 0 0 255 0 0 0 0 0 0 0 0 0 0 0
    255 0 0 0 0 0 0 255 0 255 255 0 0 255 0 0 0 0 0 0 0 0 0 255 0 0 0
    255 0 255 0 0 255 0 0 255 0 255 0 0 255 0 0 255 0 255 0 0 0 0 0 255
    0 0 255 0 0 0 255 255 255 0 0 0 0 0 0 0 255 255 255 0 255 0 255 255
    0 0 255 0 0 255 0 0 0 0 0 0 0 0 0 255 0 0 0 0 0 0 0 0 0 0 0 255 255
    0 0 255 0 255 0 0 255 0 0 0 255 255 255 0 0 255 0 255 255 0 255 255
    255 0 0 255 0 0 255 255 255 0 0 0 255 0 0 255 255 0 0 0 0 255 0 255
    0 255 0 255 0 255 255 0 255 0 0 255 0 0 0 0 0 255 0 0 255 255 0 0 0
    255 0 0 0 0 0 255 255 0 0 255 0 255 0 0 0 0 255 255 0 0 0 0 0 255 0
    255 0 0 0 0 0 0 255 255 0 0 0 0 0 0 255 0 0 0 0 255 0 0 0 0 255 0 0
    255 0 0 0 0 0 255 0 0 0 255 0 0 0 255 0 255 0 0 0 255 255 255 255 0
    0 255 255 255 255 0 0 255 0 255 255 0 0 0 255 255 0 0 0 255 0 0 255
    0 0 0 255 0 0 0 0 0 255 0 0 0 0 0 0 0 0 0 0 255 0 0 255 0 0 0 0 255
    255 0 255 0 0 0 0 0 0 0 0 255 0 255 0 0 0 0 255 0 0 0 255 0 255 0 0
    0 255 0 255 0 255 0 0 255 255 255 0 255 0 0 0 0 255 0 0 0 255 0 0
    255 0 0 0 255 0 255 0 0 0 0 0 0 255 0 255 255 0 0 255 255 0 0 0 0 0
    0 255 255 0 0 0 0 255 255 0 255 0 0 255 255 0 0 0 255 0 255 0 0 0 0
    0 0 255 0 255 0 255 0 255 0 255 0 255 0 0 255 0 255 0 0 0 0 255 255
    0 0 0 0 0 0 0 0 0 255 255 255 0 0 255 0 0 255 0 0 0 0 0 255 0 255 0
    255 0 0 0 255 255 0 0 255 0 0 255 0 255 0 255 0 255 0 0 255 0 0 0 0
    0 0 255 255 0 0 255 0 0 0 0 255 0 0 0 255 0 0 0 0 255 0 0 0 255 255
    0 0 0 0 0 255 0 0 0 0 255 255 0 0 0 255 0 0 0 0 0 255 0 0 0 0 0 0
    255 0 0 255 0 0 0 255 0 255 0 0 0 0 0 255 255 0 255 255 255 255 0 0
    255 255 0 0 0 0 0 0 0 0 0 255 0 0 0 0 0 0 255 0 255 0 0 0 0 0 255 0
    255 0 0 0 0 255 0 0 0 255 0 0 0 0 0 0 255 0 0 255 0 255 255 0 0 0
    255 0 0 255 0 0 0 0 0 0 0 0 0 255 255 0 0 0 255 0 255 0 0 255 0 255
    255 0 0 0 255 0 0 255 0 0 0 0 0 255 255 0 0 0 255 0 0 0 0 0 255 0
    255 255 0 0 0 255 0 255 0 255 0 0 255 0 0 0 0 0 0 0 0 0 0 255 0 255
    0 0 0 255 0 0 0 0 255 255 0 0 0 255 0 255 0 0 0 255 255 0 0 255 255
    0 0 0 0 0 0 0 0 255 0 255 0 0 0 0 0 0 255 0 255 0 0 0 255 255 0 0 0
    0 255 0 0 255 0 0 0 0 0 255 0 0 255 255 0 0 255 0 0 0 0 0 255 0 0 0
    0 0 0 0 255 255 0 0 255 0 0 0 255 0 0 0 255 255 0 0 255 0 0 0 0 0 0
    0 0 0 0 255 0 0 0 0 0 0 0 255 0 255 0 0 0 0 0 0 0 0 0 0 0 0 0 0 255
    0 0 0 0 0 255 0 0 0 0 0 0 0 0 0 0 0 0 255 0 255 0 255 0 0 255 0 0 0
    0 255 0 0 0 255 0 0 0 0 0 0 255 0 0 255 0 0 0 0 0 0 255 0 0 255 255
    255 0 0 255 0 255 0 0 0 0 0 0 255 0 0 255 0 0 255 0 0 255 255 255 0
    255 0 0 255 0 0 0 0 255 255 255 0 255 255 255 0 0 255 0 0 255 255 0
    0 255 0 0 0 0 0 0 0 0 0 0 0 0 0 0 0 0 0 0 255 255 0 0 0 0 255 0 0 0
    0 0 0 0 0 255 0 255 255 0 0 255 0 0 0 255 255 255 0 0 0 0 255 255
    255 0 0 0 0 0 0 0 255 0 0 0 255 0 255 0 0 0 255 0 0 255 255 255 0 0
    0 0 0 255 0 0 0 0 0 0 0 0 0 0 0 0 255 0 255 255 0 0 0 0 0 0 0 0 0 0
    0 0 0 255 0 0 0 0 0 0 0 0 255 0 0 0 0 0 0 0 0 255 0 0 255 0 255 0 0
    255 0 0 0 0 0 0 0 0 0 0 255 0 255 255 0 0 0 255 0 0 0 0 0 255 255 0
    0 255 0 255 0 0 0 255 0 0 255 0 0 0 0 0 255 0 0 255 0 0 255 0 0 0
    255 0 0 0 0 255 0 0 0 0 0 0 255 0 0 0 0 255 255 0 0 255 255 0 255 0
    0 0 0 255 0 255 0 255 0 0 255 0 0 0 0 0 255 255 0 0 255 0 0 0 0 0 0
    0 0 0 0 0 255 0 0 0 0 0 0 255 0 0 0 0 255 0 0 255 0 0 255 255 0 0
    255 0 255 0 0 255 0 0 255 0 0 0 0 255 0 0 255 0 255 255 255 0 0 0
    255 0 255 0 0 255 0 255 0 0 0 0 255 0 0 0 255 0 0 0 255 0 0 0 255
    255 0 0 255 0 0 0 0 0 0 0 0 255 0 255 255 255 0 0 0 255 255 255 0 0
    0 0 0 0 255 255 0 255 255 0 0 255 255 255 0 0 0 0 0 255 255 0 0 0 0
    0 0 255 255 0 255 0 0 255 0 0 0 0 0 0 0 0 0 0 0 255 0 255 255 0 0
    255 0 0 0 0 0 0 0 0 255 0 0 255 0 255 0 255 0 255 255 255 255 0 0 0
    0 255 0 255 0 0 255 0 0 255 0 0 0 0 0 255 0 0 255 0 0 0 0 0 255 255
    255 255 0 0 0 0 255 0 255 0 0 0 255 0 255 0 0 255 0 0 0 0 0 0 0 255
    0 0 0 255 0 0 0 0 0 0 0 0 0 255 255 255 0 0 0 255 0 0 255 255 255 0
    255 0 0 0 0 255 0 255 0 0 0 0 0 255 0 0 0 0 0 255 0 255 0 0 255 0
    255 0 0 255 0 0 0 0 0 0 0 0 0 255 0 0 0 0 255 0 255 0 0 0 0 255 0 0
    0 0 0 0 255 0 0 0 255 255 0 0 255 0 0 0 0 0 0 0 0 255 255 0 0 255
    255 255 0 0 255 0 0 0 0 0 255 0 255 0 0 255 255 0 0 255 0 255 255 0
    0 0 0 0 0 0 0 0 255 0 0 0 0 255 255 255 0 255 0 0 255 0 0 0 0 0 0 0
    0 0 0 0 0 0 0 0 0 255 0 255 0 0 0 255 0 0 0 255 255 0 0 0 0 0 0 0 0
    0 255 0 255 0 0 0 0 0 0 0 0 0 0 0 255 0 0 0 0 0 0 0 255 0 255 255 0
    0 0 0 0 0 255 255 255 0 0 0 255 0 255 0 0 0 255 0 0 0 255 0 0 0 0 0
    0 255 0 0 0 0 0 0 255 255 255 0 255 0 0 255 0 255 255 255 0 0 0 0 0
    0 0 255 0 0 0 255 0 0 0 0 0 0 255 0 255 0 0 0 0 0 0 0 0 0 0 0 0 255
    0 0 255 0 0 0 0 0 0 0 0 255 255 0 0 255 0 255 0 255 0 0 0 0 0 255 0
    0 255 255 0 255 255 255 255 0 0 0 0 0 0 0 0 0 0 0 0 0 0 0 0 0 0 0 0
    0 255 255 0 255 0 255 0 0 255 0 0 0 255 0 0 255 0 0 255 0 0 0 0 0 0
    0 0 0 255 0 0 0 255 0 0 0 255 255 0 0 0 255 0 0 0 0 255 0 0 255 0 0
    255 255 255 0 255 0 0 0 255 0 0 0 0 255 0 0 0 255 255 0 0 255 0 255
    255 0 0 255 0 0 255 0 255 0 0 0 0 0 0 255 0 0 0 0 255 0 0 255 0 255
    255 255 0 255 255 0 255 0 255 0 255 0 255 0 255 0 0 0 0 0 0 255 255
    0 0 255 255 0 0 255 0 255 255 0 0 255 0 0 0 0 255 0 0 0 0 0 0 0 0 0
    0 0 0 0 0 255 0 0 0 255 0 0 255 0 0 0 0 0 0 0 0 255 255 255 255 0 0
    255 0 0 0 0 255 0 0 255 0 255 0 255 255 255 0 0 0 0 0 255 255 255 0
    0 0 0 0 0 0 0 0 0 0 0 0 0 0 0 255 0 0 0 255 0 0 255 0 255 0 0 255 0
    255 0 255 255 0 255 255 255 0 255 255 0 0 255 0 0 0 255 255 255 0
    255 0 255 0 0 0 0 0 0 0 0 0 0 255 0 255 255 0 0 255 0 0 0 0 255 255
    0 0 0 0 0 0 0 0 0 0 0 0 0 255 0 255 0 0 255 0 0 0 0 0 255 0 0 255 0
    0 0 0 0 255 0 0 255 0 0 0 0 255 0 255 255 0 255 0 0 0 0 0 0 0 255
    255 0 0 0 0 0 0 0 0 0 0 0 0 255 0 0 0 0 0 255 0 0 0 0 0 0 0 0 255 0
    255 0 255 0 0 0 0 0 255 0 0 0 0 0 0 0 255 0 0 0 0 0 0 0 255 255 0 0
    0 0 0 255 0 0 0 255 0 255 0 0 0 0 0 0 0 0 0 255 0 0 0 0 0 0 0 255
    255 0 0 0 0 0 0 0 0 0 0 0 255 0 255 0 0 255 255 0 0 0 0 255 0 255
    255 255 0 0 0 0 0 0 255 0 255 0 255 0 0 0 0 0 255 0 255 0 255 255 0
    0 0 0 0 255 255 255 0 255 0 0 0 255 0 0 255 0 255 0 255 0 255 0 0
    255 0 0 0 255 255 0 255 0 255 0 0 0 0 0 255 0 0 255 0 0 0 0 0 0 0 0
    255 0 0 0 0 0 0 255 0 0 255 255 0 0 255 0 0 255 0 0 0 0 0 0 0 0 0 0
    0 255 255 0 0 0 0 0 0 0 0 0 0 0 255 255 255 255 255 0 255 0 0 0 0 0
    0 255 0 0 0 255 255 255 0 0 0 0 255 0 0 0 0 255 0 0 0 0 0 0 0 255
    255 255 255 0 255 0 255 0 0 0 255 255 0 0 255 0 0 0 255 0 255 255 0
    255 0 255 0 0 255 0 0 0 0 0 0 255 0 0 255 255 255 0 0 0 0 0 0 255
    255 0 0 255 255 0 0 0 255 255 255 0 255 255 255 0 0 0 0 255 0 0 0 0
    0 0 0 255 0 0 0 255 0 0 0 0 255 255 255 0 255 0 0 0 0 0 255 0 0 0 0
    0 255 0 0 0 255 0 0 0 255 255 255 0 0 0 0 0 0 255 0 0 0 0 255 0 255
    0 0 255 0 255 0 0 0 0 255 0 0 0 0 255 255 0 255 255 0 255 0 0 0 255
    0 0 0 0 0 0 255 0 0 0 0 0 255 255 0 0 255 0 255 255 0 255 0 255 0 0
    0 255 255 0 0 255 0 0 255 255 0 0 255 0 0 0 255 0 0 0 255 0 0 255 0
    0 0 0 0 0 0 0 0 0 255 0 0 0 0 255 0 0 0 0 0 0 0 255 0 255 0 0 0 0 0
    0 0 255 0 0 0 0 0 0 0 0 0 0 0 255 255 255 0 255 255 0 0 0 0 255 0 0
    255 0 0 255 0 0 255 0 0 255 0 0 255 0 0 0 255 255 0 255 0 0 0 0 255
    0 0 0 255 0 255 0 0 255 0 0 255 0 0 255 0 255 255 255 0 255 0 0 0 0
    0 0 0 255 0 0 0 0 0 0 0 0 0 0 0 0 255 0 0 255 255 0 0 0 255 0 0 0 0
    255 0 255 0 0 0 0 0 0 0 0 0 255 0 0 255 255 0 0 255 255 0 255 0 0 0
    0 255 0 0 0 0 0 0 0 0 0 0 255 0 255 0 0 255 0 255 255 255 255 0 0 0
    0 0 0 0 255 255 255 0 0 0 255 255 0 0 0 0 255 0 255 255 255 0 255
    255 0 0 0 0 0 0 0 0 0 0 0 255 0 0 255 0 0 0 255 0 255 255 0 255 0 0
    0 255 0 255 255 0 0 0 0 0 255 0 0 255 0 0 0 0 0 0 0 0 255 0 0 0 0 0
    0 255 0 0 0 0 0 255 0 0 0 255 0 255 0 0 0 0 255 0 0 0 0 0 0 0 0 0
    255 255 0 0 0 255 0 0 0 0 0 0 255 0 0 0 255 0 255 0 0 255 0 0 0 255
    255 0 0 255 0 0 255 255 0 0 255 255 255 0 0 0 0 0 0 0 0 0 0 0 0 0 0
    0 0 0 0 0 255 255 0 0 0 255 0 0 255 255 255 255 255 255 0 255 255 0
    0 0 255 255 0 0 0 0 255 255 0 255 0 0 255 0 0 0 0 255 0 0 0 255 0
    255 0 255 0 0 0 255 0 0 0 255 0 0 255 0 0 255 255 0 0 0 0 0 255 0 0
    255 0 255 0 0 0 255 255 255 0 0 255 0 0 255 0 0 0 0 255 0 0 255 0
    255 0 0 0 0 0 255 0 255 0 0 0 0 0 0 255 255 0 0 0 0 0 0 0 255 0 0
    255 0 0 255 255 0 255 0 255 255 255 0 255 0 0 0 0 255 0 0 0 255 255
    255 0 0 255 0 0 255 255 0 0 255 0 0 0 255 0 255 0 0 0 255 0 0 0 0 0
    255 0 255 255 0 0 255 0 0 0 0 255 0 0 0 0 0 0 255 0 255 0 0 0 255 0
    255 0 0 0 0 0 0 255 255 0 0 0 0 0 0 0 0 0 0 0 0 255 0 0 0 0 0 0 0 0
    0 255 0 0 0 0 255 0 0 0 0 0 0 0 255 255 0 0 255 0 0 255 0 255 0 255
    0 255 0 255 0 0 0 0 255 255 0 0 255 0 0 0 0 0 255 255 0 255 255 255
    255 255 0 255 0 255 255 0 0 0 255 0 0 255 0 255 0 0 0 0 255 0 0 0 0
    0 0 0 0 0 0 0 0 0 255 0 0 0 255 255 255 0 0 0 0 0 0 0 0 0 0 255 0 0
    0 255 0 0 255 255 0 255 0 255 0 0 255 255 0 0 0 0 0 0 0 255 0 255 0
    255 0 0 0 0 0 0 0 255 255 0 0 0 0 0 0 0 0 0 0 0 0 0 255 255 0 255 0
    255 0 0 0 0 0 255 0 0 0 255 0 0 0 0 0 0 255 0 0 0 255 255 255 0 0
    255 0 0 255 0 0 0 0 255 0 0 255 0 255 0 0 0 0 255 0 0 0 0 0 0 0 255
    0 255 0 0 255 0 0 0 0 0 0 0 255 0 255 0 0 255 0 0 0 0 0 0 0 0 255 0
    255 255 255 0 0 0 255 0 0 255 255 0 0 0 0 255 0 0 0 0 0 255 0 255 0
    0 255 255 255 0 0 0 255 0 0 255 255 0 255 0 0 0 0 255 0 255 0 0 0 0
    0 255 0 0 255 0 255 255 0 0 0 0 255 255 0 0 0 255 0 0 255 255 0 0 0
    255 255 0 0 0 0 255 255 255 0 255 255 0 0 255 0 0 0 0 0 255 0 255
    255 0 255 255 0 255 0 0 0 0 0 0 255 0 0 0 255 0 255 255 255 0 0 0
    255 0 0 255 0 255 255 0 255 255 0 0 0 255 255 0 0 0 0 0 0 0 0 0 0 0
    255 0 255 255 255 255 255 0 0 255 0 255 255 0 0 0 0 0 0 0 255 0 0 0
    255 255 0 0 0 255 0 255 0 255 0 0 255 0 0 255 0 255 0 255 0 0 0 0
    255 0 255 0 0 0 0 0 255 0 255 0 0 0 0 0 0 0 0 0 0 0 0 0 0 0 255 255
    0 0 255 0 0 0 0 255 255 0 0 0 0 0 0 0 0 0 255 0 0 255 0 0 255 0 0 0
    255 255 255 0 0 0 255 0 0 0 0 0 0 0 0 0 0 255 0 0 0 0 0 0 0 255 0 0
    255 0 255 0 255 0 0 0 255 255 255 0 0 0 0 0 0 0 0 0 255 0 0 0 255
    255 0 0 0 0 0 0 0 0 255 255 255 255 255 0 0 0 0 0 255 0 0 0 0 0 0 0
    0 0 0 0 255 0 0 0 0 0 255 0 255 0 255 0 0 255 0 0 0 0 0 0 0 0 255
    255 0 0 0 0 0 0 0 0 255 0 255 0 255 0 255 0 0 0 255 0 255 0 0 255 0
    255 255 0 0 0 255 0 255 0 255 0 0 0 0 0 0 0 0 0 0 255 0 255 0 0 0 0
    0 0 0 0 0 0 0 0 255 0 0 0 0 255 255 0 0 0 255 255 0 0 0 255 0 255 0
    255 0 0 0 0 0 255 0 0 0 255 0 255 0 255 0 0 255 0 0 0 0 0 0 0 0 0 0
    0 255 0 0 255 0 0 255 0 0 0 0 0 0 0 0 0 0 0 0 0 0 0 0 0 0 0 0 0 0 0
    0 255 255 0 0 255 0 255 0 0 255 0 255 0 0 255 0 255 0 255 0 255 0 0
    0 255 0 0 0 0 0 0 0 0 255 0 255 0 0 0 255 0 255 0 0 255 0 0 0 0 255
    0 255 0 0 0 0 0 0 0 0 0 255 0 255 0 0 0 0 0 0 255 0 0 0 0 0 0 0 255
    0 0 0 255 255 0 255 0 255 0 0 0 0 0 0 255 0 255 0 0 0 0 0 0 0 255
    255 0 0 255 0 0 255 255 0 0 0 0 0 0 0 0 0 0 0 0 0 0 0 0 0 0 0 0 0 0
    255 255 0 0 0 0 0 255 0 0 0 255 0 0 0 255 0 0 0 0 0 0 0 0 255 0 0
    255 0 0 255 0 255 255 255 255 0 0 255 255 255 255 0 0 0 0 0 255 0
    255 0 0 0 0 0 0 0 0 0 0 255 0 255 255 0 0 255 255 0 255 0 0 0 0 0 0
    0 0 0 0 0 255 255 0 0 0 0 0 0 0 0 255 0 255 0 0 0 255 255 255 0 0 0
    0 0 0 0 0 0 0 0 0 0 0 0 0 255 0 255 0 255 0 0 0 0 0 255 0 255 0 0
    255 0 0 0 0 255 0 0 0 255 0 0 0 0 0 0 0 0 0 0 0 0 0 255 0 0 0 0 0 0
    255 255 0 0 0 255 0 0 0 0 255 0 0 0 0 255 0 0 0 0 0 0 0 0 255 255 0
    0 255 0 255 0 255 0 255 255 0 255 0 255 0 255 0 0 0 0 0 0 255 0 255
    0 0 0 0 0 255 0 255 0 0 0 0 0 0 0 0 0 255 0 255 255 0 0 0 0 255 0
    255 0 255 0 255 0 255 0 0 0 255 255 0 255 255 0 0 0 255 0 0 0 0 0
    255 0 0 255 0 0 255 0 0 0 255 0 0 0 0 0 0 0 0 0 0 0 255 255 0 0 0 0
    0 0 255 255 0 0 0 0 0 0 0 255 0 0 0 0 0 0 0 0 255 0 0 255 255 0 0 0
    0 0 0 255 0 0 0 0 255 255 255 0 0 255 0 255 0 255 0 0 0 0 0 0 0 255
    0 0 255 0 255 255 0 0 0 0 0 255 0 0 255 0 0 0 0 0 0 0 0 255 0 0 0 0
    0 0 0 0 0 0 0 0 0 0 0 0 0 0 0 0 0 255 0 0 0 255 255 0 0 0 255 255
    255 0 0 0 0 0 0 0 0 0 0 0 255 0 0 255 0 0 0 0 0 0 0 0 0 0 255 255 0
    255 0 0 255 0 0 0 0 255 255 0 0 255 0 0 0 0 255 0 0 255 0 0 255 0
    255 0 255 0 255 0 0 0 0 255 0 0 0 0 255 0 255 0 0 0 0 255 0 0 255 0
    255 0 0 0 255 255 255 0 255 0 255 255 0 255 0 0 0 0 0 0 0 255 255 0
    0 255 255 0 255 0 0 0 0 255 255 0 255 255 0 255 0 255 0 255 255 0 0
    255 0 0 0 0 0 0 0 0 0 255 0 0 255 0 0 255 255 255 0 0 255 0 0 255
    255 255 255 0 0 0 0 0 255 255 255 0 0 255 0 0 255 255 0 0 0 255 0 0
    255 0 0 0 255 0 255 0 0 255 0 0 0 0 0 0 0 255 0 0 255 0 255 0 255 0
    0 255 0 0 255 0 0 0 255 0 255 0 0 0 0 0 0 0 0 0 0 0 0 0 0 0 0 0 0 0
    0 0 0 0 0 0 0 0 0 255 0 255 255 0 0 0 255 255 0 0 0 255 0 0 0 0 0 0
    255 255 255 0 0 0 255 255 0 0 0 0 0 0 0 0 255 255 0 0 255 0 0 255 0
    255 0 255 255 0 0 0 0 0 255 255 255 255 0 0 0 0 255 0 0 0 0 255 0
    255 0 0 255 0 255 0 0 0 255 0 0 255 0 0 0 0 0 0 0 0 0 255 0 0 0 255
    255 0 255 0 0 255 0 255 0 255 0 255 255 0 0 255 255 0 255 0 0 0 255
    255 0 255 255 255 255 0 0 0 0 255 0 0 0 0 0 255 255 0 0 255 255 0
    255 0 0 0 0 0 0 0 0 0 0 0 255 255 255 0 0 255 0 255 0 0 0 0 0 0 0 0
    0 0 0 0 0 0 0 0 0 255 0 0 0 255 0 0 0 255 0 0 0 0 0 0 0 255 255 0
    255 255 255 0 0 0 0 0 255 255 0 0 0 0 0 0 255 255 0 0 0 255 255 0 0
    0 0 0 0 0 255 0 255 0 0 0 255 0 255 0 255 0 0 0 255 0 0 0 255 255 0
    0 0 0 255 0 255 0 0 0 255 255 0 0 0 255 0 0 0 255 0 0 255 0 255 0 0
    0 0 0 0 0 255 255 0 0 255 255 255 0 0 255 0 255 0 0 255 0 0 255 0 0
    0 255 0 255 0 0 0 0 0 0 0 255 0 0 0 0 0 0 0 0 0 255 0 255 0 0 255 0
    255 0 0 0 0 0 0 0 0 255 0 0 0 0 0 255 0 0 0 0 0 0 0 255 0 255 0 0
    255 0 0 0 0 0 0 0 0 255 0 0 0 0 0 0 0 255 0 255 0 255 0 0 255 0 0 0
    255 0 0 0 0 0 0 0 0 0 255 0 0 0 0 0 0 0 0 0 0 0 0 0 0 255 0 0 0 0 0
    255 0 0 255 0 255 0 255 255 0 255 255 255 0 0 0 0 0 0 0 255 0 0 0 0
    255 0 255 0 0 0 0 0 0 0 0 0 255 0 0 0 0 0 0 255 255 255 255 0 0 255
    0 0 0 255 0 255 0 0 0 0 0 255 255 255 0 0 255 0 255 0 0 255 0 255
    255 0 0 255 0 0 0 255 0 255 0 255 0 0 0 0 255 0 255 255 0 255 255 0
    0 0 0 0 0 0 0 255 255 0 0 0 255 255 0 255 255 0 0 255 0 0 0 0 0 255
    0 0 0 0 0 0 0 0 255 0 255 0 0 0 0 0 0 0 0 0 0 255 0 0 0 0 255 0 255
    0 0 0 0 0 0 0 0 0 0 255 255 0 0 0 0 255 0 255 255 0 0 0 255 0 0 0
    255 0 0 0 0 0 0 0 0 0 0 255 255 0 0 255 255 0 0 0 0 0 255 255 0 255
    0 0 0 0 0 0 0 255 255 0 0 255 0 255 0 0 0 0 0 0 255 0 255 0 0 0 0
    255 255 0 0 0 0 0 0 0 255 0 255 0 0 255 255 0 255 0 0 0 0 0 255 0
    255 255 0 0 0 0 0 0 0 0 0 0 255 255 0 255 255 255 0 255 0 255 0 0 0
    0 255 255 0 255 0 255 0 0 0 0 0 255 0 0 255 0 0 0 0 0 0 0 0 0 0 255
    0 0 255 255 0 0 0 0 255 0 0 255 0 255 255 0 0 255 0 255 0 255 255 0
    0 0 0 255 0 0 0 0 255 0 0 255 0 255 0 0 0 0 255 0 255 0 255 0 0 0 0
    0 0 0 0 255 0 0 0 0 255 0 255 0 0 0 0 0 0 0 0 0 0 0 0 0 0 0 0 0 0 0
    0 0 255 0 0 0 0 255 0 255 0 255 0 0 0 255 0 0 0 0 0 0 0 0 0 0 255 0
    0 0 255 0 255 0 255 0 0 0 255 0 0 255 0 0 0 255 0 255 0 0 0 0 0 255
    0 0 0 0 255 0 255 0 0 255 0 0 0 255 255 255 0 0 0 0 0 0 0 0 0 0 255
    0 0 0 255 255 255 0 0 255 0 255 0 0 0 255 255 255 0 255 255 0 0 0
    255 0 0 255 0 0 255 0 0 0 0 0 0 255 0 0 255 0 255 0 0 0 0 0 0 0 0 0
    0 255 0 0 255 0 0 255 255 0 0 0 0 0 0 255 0 0 0 255 0 0 255 0 0 255
    0 0 0 0 0 0 0 0 255 0 255 0 255 0 255 0 0 0 0 255 0 0 255 0 255 0 0
    255 0 255 0 0 0 0 0 255 0 255 0 255 0 255 0 0 255 0 0 255 0 255 255
    0 0 0 0 255 255 0 0 255 0 0 0 0 255 0 0 0 0 255 255 0 0 255 0 0 0 0
    0 0 0 0 0 0 0 0 255 255 255 0 255 0 0 0 0 255 0 0 0 255 0 0 255 0 0
    255 255 0 0 0 0 0 0 0 0 0 0 0 0 0 0 0 0 0 0 0 0 0 0 0 0 0 255 255 0
    255 255 0 0 0 0 0 0 0 255 0 0 0 0 0 0 0 255 0 0 255 0 255 255 0 0 0
    255 0 255 0 0 0 0 0 255 255 0 0 0 0 0 255 0 0 255 0 255 0 255 0 0 0
    0 0 0 0 255 255 0 0 255 0 0 0 255 0 0 0 0 255 0 255 0 255 0 0 0 0 0
    255 0 0 255 255 0 255 0 0 255 255 0 0 255 0 255 0 255 255 0 0 0 0
    255 0 0 0 0 255 0 0 0 255 255 255 0 0 255 255 0 255 0 0 0 0 0 0 0 0
    255 0 255 0 0 0 0 255 0 255 255 0 0 255 0 255 0 0 255 0 0 0 255 255
    255 0 0 255 255 0 0 255 0 255 0 0 255 255 255 255 0 0 0 0 255 255 0
    0 255 0 0 0 0 0 0 0 0 255 0 0 0 0 255 0 0 0 0 0 0 255 0 0 0 255 0 0
    255 255 0 0 0 255 0 255 255 0 0 0 0 255 0 255 0 0 0 255 0 0 0 0 0
    255 0 0 0 0 255 0 0 0 0 0 0 0 0 0 0 0 255 0 0 255 255 0 0 255 0 255
    0 0 0 0 0 0 0 0 0 0 0 0 0 255 0 0 255 0 0 255 0 255 0 0 255 0 0 0 0
    0 0 0 0 255 0 255 0 0 0 0 0 0 0 0 0 255 255 255 255 0 255 0 0 255 0
    0 255 0 0 0 0 0 0 0 0 255 255 0 255 0 0 0 255 0 0 0 0 0 0 255 0 255
    0 255 0 0 255 0 0 0 0 0 255 0 255 0 0 255 255 0 0 0 0 255 0 0 0 0 0
    255 0 255 0 0 0 255 0 255 0 0 0 255 0 0 0 0 0 0 0 0 255 0 0 0 0 255
    0 255 0 0 0 0 0 0 255 0 255 0 255 0 0 0 0 0 0 0 255 0 0 255 0 255 0
    0 0 0 0 0 0 0 255 0 0 0 255 0 0 255 255 0 255 0 0 255 0 0 0 0 0 0 0
    0 0 0 0 0 0 255 0 255 0 0 255 255 0 0 0 0 255 0 0 255 0 255 0 0 255
    0 0 255 0 0 255 0 255 0 0 0 255 0 255 0 0 255 0 0 0 0 0 255 0 255 0
    0 0 0 255 0 0 255 0 255 0 0 0 0 0 0 255 0 0 0 0 255 0 0 0 0 0 0 255
    0 0 255 255 0 0 0 255 0 0 0 255 255 0 0 255 0 0 0 255 255 255 0 255
    0 0 0 0 0 0 0 0 0 0 0 0 255 255 0 0 0 255 0 0 255 0 0 0 255 0 0 255
    255 0 255 0 0 0 255 0 255 0 0 0 255 0 0 0 0 255 255 0 0 0 0 0 0 0
    255 0 0 0 0 0 255 255 255 0 255 0 0 0 255 0 255 0 0 0 0 255 0 0 0 0
    255 0 0 0 255 255 255 0 0 0 255 0 0 0 0 0 0 255 0 0 0 0 0 0 0 0 0 0
    255 0 255 255 255 0 0 255 0 255 0 255 0 0 255 0 0 0 0 0 255 0 255 0
    0 0 0 0 255 0 0 0 0 0 0 0 0 0 0 0 0 255 0 255 0 0 0 0 0 0 255 0 0
    255 255 255 0 0 0 255 255 0 255 255 255 0 255 255 0 0 0 0 0 0 255 0
    0 255 255 255 0 0 255 0 0 255 0 0 0 0 0 0 0 255 0 255 0 255 0 0 0 0
    255 0 255 0 255 0 255 0 0 0 0 0 0 0 0 0 255 0 0 0 0 0 0 0 255 0 255
    0 255 0 0 255 255 0 0 255 0 0 0 255 255 0 0 0 0 0 0 0 255 0 255 0 0
    0 255 0 0 0 255 0 0 0 0 255 0 0 0 255 255 0 0 255 0 0 0 0 0 0 0 0 0
    255 0 0 0 0 255 0 0 0 0 255 0 0 0 0 0 255 255 0 255 255 0 0 0 0 0 0
    255 0 0 0 0 0 0 255 0 255 0 0 0 0 0 0 0 0 0 0 0 255 0 0 0 0 0 0 0 0
    255 0 255 255 0 0 0 0 0 0 0 0 0 0 255 255 0 255 0 0 0 0 0 0 255 0
    255 0 0 0 255 0 255 0 0 0 0 255 0 0 0 0 255 0 0 255 0 255 0 0 0 0 0
    0 255 0 0 0 0 0 0 0 0 0 0 0 255 0 0 255 0 255 0 255 255 0 0 0 0 255
    255 0 0 0 0 0 0 0 0 0 255 0 255 0 0 0 0 0 0 0 0 0 0 0 0 0 255 0 255
    0 255 0 0 0 0 255 0 0 0 0 255 0 0 0 0 0 255 0 255 0 255 255 0 0 0
    255 255 0 255 255 0 255 0 0 0 0 0 0 255 0 0 0 0 0 0 0 0 255 0 0 0 0
    0 0 255 0 255 0 0 0 0 0 255 0 0 0 255 0 0 0 0 0 0 0 255 255 0 255 0
    0 0 255 0 255 255 0 0 255 255 0 0 255 0 0 255 0 0 255 0 255 0 255 0
    0 0 0 0 0 0 0 0 0 0 0 255 0 0 0 0 0 0 0 0 0 255 0 0 255 0 0 255 0
    255 0 0 0 0 0 255 0 0 255 0 255 255 0 0 0 0 0 255 0 0 0 0 255 0 0
    255 0 0 0 0 0 0 0 0 0 0 255 0 0 0 0 0 0 255 0 0 255 0 0 0 0 255 0 0
    0 0 0 0 0 255 0 255 255 0 0 0 255 0 0 255 0 0 0 0 0 0 0 0 255 0 255
    0 255 0 255 255 0 0 0 0 255 0 0 255 255 0 0 255 0 0 255 255 255 0 0
    0 0 255 0 0 0 255 0 0 0 0 0 255 0 0 0 0 255 0 0 255 0 0 255 0 0 0 0
    0 255 0 0 0 0 0 0 255 0 0 255 0 255 255 0 0 255 0 0 0 255 0 0 0 255
    255 0 0 0 0 0 0 0 0 0 255 255 0 255 0 0 0 0 255 0 0 0 255 0 0 0 255
    0 255 255 0 0 0 255 0 255 0 255 0 0 255 0 0 255 255 0 255 0 0 255 0
    0 0 0 0 0 0 0 0 0 0 0 0 255 0 0 0 0 255 255 255 255 255 0 255 255
    255 0 0 0 0 255 255 0 0 0 0 0 0 255 0 0 0 0 0 255 0 0 255 0 0 255 0
    0 255 0 0 0 0 0 255 255 0 0 255 255 0 255 0 255 0 0 255 0 255 0 255
    0 0 0 0 0 0 0 255 0 255 0 0 0 255 0 255 255 0 0 0 0 0 255 0 255 0 0
    0 255 0 0 0 255 0 0 0 0 0 255 0 0 0 255 0 255 0 0 255 0 0 255 0 255
    255 255 0 0 255 0 0 0 255 0 0 0 0 0 0 0 0 0 0 0 0 0 255 0 0 255 0
    255 0 0 0 0 0 0 255 0 0 0 0 0 255 0 0 0 255 0 0 0 255 255 0 255 255
    0 0 0 0 0 255 255 255 255 0 0 0 255 0 0 0 255 255 255 0 0 255 255 0
    255 255 0 0 0 0 0 255 255 0 255 0 0 0 0 255 0 255 0 255 255 0 0 0
    255 0 0 255 0 0 0 0 0 255 255 0 0 0 0 255 0 0 0 255 255 0 255 255 0
    0 0 0 0 255 0 0 255 0 255 0 0 0 0 255 0 0 255 0 0 0 0 0 255 0 0 255
    255 0 0 255 255 255 255 255 0 0 255 255 255 0 0 255 255 0 255 0 0 0
    0 0 0 0 0 0 0 255 0 0 255 0 0 255 0 0 0 0 0 255 0 255 0 0 255 0 255
    0 255 0 0 0 0 255 0 0 255 0 0 0 0 0 255 255 0 0 255 0 0 255 255 0 0
    0 0 255 0 0 255 0 255 0 0 255 0 0 0 0 0 255 0 255 0 0 255 0 255 255
    0 255 0 0 255 0 255 0 0 0 0 255 0 0 0 0 0 0 0 0 255 0 255 255 255 0
    0 0 0 255 0 255 0 255 0 0 0 255 0 0 0 255 0 0 255 0 0 0 0 0 0 255 0
    0 0 255 0 0 0 0 0 0 255 255 0 0 0 0 0 255 255 255 0 0 0 0 0 0 0 0 0
    0 255 255 0 255 255 0 0 255 0 0 0 0 255 0 0 0 0 0 0 255 0 0 0 255 0
    0 0 0 255 0 0 0 0 0 255 255 0 255 0 0 0 0 0 0 0 255 0 0 0 0 0 0 0 0
    0 255 0 0 255 0 0 255 0 0 0 255 0 0 0 255 0 255 0 0 0 0 255 0 0 0 0
    0 255 0 0 0 0 255 0 0 255 0 0 0 255 255 0 0 255 255 255 0 255 0 255
    0 0 0 255 0 0 255 255 0 0 255 0 255 0 0 0 255 0 0 0 0 0 0 255 0 255
    0 0 0 0 0 0 255 255 0 0 255 0 255 0 0 0 255 0 0 255 0 255 255 0 0 0
    0 255 0 0 0 0 0 0 0 0 255 255 0 255 0 255 0 0 0 255 0 255 255 0 255
    0 255 0 0 0 0 0 0 0 255 0 0 0 0 0 0 0 255 0 255 0 0 0 255 0 0 255 0
    0 255 0 255 255 0 0 0 0 255 0 0 255 0 0 255 0 0 255 0 255 0 255 0 0
    0 0 0 0 255 0 0 0 0 0 255 0 0 255 255 255 255 0 0 0 0 0 0 0 0 0 0 0
    0 255 0 0 0 0 0 0 255 0 0 0 0 0 0 0 0 255 255 0 0 0 0 0 0 0 0 0 0 0
    0 255 0 0 0 255 0 0 0 0 0 0 255 255 255 0 0 0 255 0 255 0 0 0 0 255
    0 255 0 0 0 255 0 0 255 255 0 0 255 255 0 0 0 0 0 0 0 0 0 0 0 255
    255 0 0 255 0 0 0 0 255 255 0 0 255 0 0 255 0 255 0 0 0 255 255 0 0
    0 0 0 255 0 0 255 0 0 255 0 0 0 0 255 0 0 0 0 255 255 0 255 0 0 0 0
    255 0 255 0 0 0 0 0 0 255 0 255 0 0 0 0 0 0 255 0 0 0 0 0 255 0 255
    255 0 255 0 0 0 0 0 0 255 0 0 0 255 0 0 255 0 255 0 0 0 0 255 0 0 0
    0 0 255 0 255 255 0 0 0 0 255 0 255 0 0 255 0 255 0 0 0 255 0 0 255
    0 0 255 0 0 255 255 0 255 0 255 0 0 0 255 0 0 0 0 0 0 0 0 0 255 0 0
    0 0 0 0 0 0 0 0 0 255 0 255 0 0 255 0 0 255 0 0 0 0 255 0 0 0 0 0 0
    255 255 0 0 0 0 255 0 0 0 255 0 0 0 0 0 255 255 0 255 255 0 0 0 0 0
    0 0 0 255 0 0 255 0 255 0 0 0 0 0 255 0 0 0 255 0 0 0 0 0 255 0 255
    255 0 0 0 255 0 0 0 255 255 255 0 255 0 0 0 255 0 255 0 0 0 0 0 255
    255 0 255 0 0 0 255 0 0 0 0 0 255 0 0 255 0 0 0 0 0 255 0 0 255 255
    0 0 0 255 0 255 0 255 0 0 0 0 0 0 255 255 0 0 0 0 0 0 0 0 0 0 255 0
    0 255 0 0 255 0 0 0 0 0 0 0 0 0 0 0 0 0 255 0 0 0 0 0 0 0 0 0 0 0 0
    255 0 0 255 0 0 0 255 0 255 0 0 255 0 0 0 0 0 0 0 0 0 0 0 0 0 255 0
    0 0 255 255 0 255 255 255 0 0 0 0 0 0 255 0 0 255 255 255 0 0 0 0 0
    0 0 0 0 0 0 0 0 255 0 0 0 0 255 255 0 255 255 255 255 0 0 0 0 255
    255 0 0 255 0 0 0 0 0 0 255 0 0 255 0 0 0 0 0 0 255 0 0 0 255 255
    255 255 0 0 0 255 0 0 0 255 255 0 0 255 0 0 255 0 0 255 0 0 0 0 0 0
    255 255 0 0 0 0 255 0 0 0 0 255 0 255 0 0 255 255 0 255 255 0 0 0 0
    0 255 0 0 255 255 255 0 0 255 0 255 0 255 0 255 0 0 0 0 0 255 255 0
    255 0 0 0 255 0 255 255 0 0 0 255 0 0 0 255 0 0 255 0 255 0 0 0 0 0
    0 0 0 0 255 0 0 0 0 0 0 255 0 0 0 0 0 0 255 0 255 0 255 0 0 0 0 255
    0 255 255 255 0 0 0 0 0 255 0 255 0 0 0 0 255 255 0 0 0 255 255 0
    255 0 0 0 0 0 255 0 255 0 0 0 0 0 0 0 0 0 0 255 0 0 255 0 0 0 0 255
    0 255 0 255 0 0 255 0 255 0 0 0 255 0 0 0 0 0 0 0 0 255 0 255 0 0
    255 0 255 0 0 0 0 0 0 0 255 0 0 0 0 0 255 0 0 255 255 255 255 0 0
    255 255 0 0 0 255 255 0 0 255 0 255 255 0 0 255 0 0 255 0 255 0 0 0
    0 0 0 0 0 0 255 255 0 0 255 255 0 0 255 0 0 0 0 0 0 255 0 255 255 0
    255 255 0 0 0 0 0 0 0 0 0 0 255 0 0 0 255 0 0 255 0 0 0 0 0 0 0 255
    0 0 255 0 0 0 255 255 0 0 255 0 255 0 0 255 0 0 255 0 0 0 0 0 0 255
    255 0 0 255 0 0 0 0 0 255 0 0 0 0 0 0 0 0 255 0 0 0 0 0 255 0 255 0
    0 0 0 0 0 0 255 0 0 0 255 0 0 255 0 255 0 0 0 255 0 0 255 0 255 0
    255 0 0 0 255 255 255 0 255 255 0 0 255 255 0 0 0 0 0 0 0 0 0 0 0 0
    0 255 0 0 255 0 0 0 255 0 0 255 255 255 0 255 0 0 0 255 0 0 0 0 0
    255 0 255 0 0 0 0 0 0 0 0 0 0 0 0 0 0 0 0 0 0 0 0 0 0 0 0 0 255 0 0
    0 0 255 255 255 255 255 255 255 0 0 0 0 0 0 255 0 0 0 255 0 0 255 0
    255 0 0 0 255 255 0 0 0 255 0 255 0 255 0 255 0 0 255 255 0 0 255
    255 255 0 0 255 255 255 255 0 0 0 0 0 0 0 255 255 0 255 0 255 0 255
    255 255 0 0 0 0 0 0 0 0 0 0 255 0 255 0 0 0 0 0 0 0 0 0 0 255 255 0
    0 0 0 0 0 0 255 255 255 0 0 255 255 255 0 0 255 0 255 0 0 255 255
    255 0 0 255 0 0 0 255 0 0 255 0 0 0 255 0 0 0 0 0 0 0 255 0 255 255
    0 0 255 0 0 0 255 0 0 0 0 0 0 0 0 255 0 0 0 0 0 0 0 0 255 0 0 0 0 0
    0 0 0 0 0 0 255 255 0 0 255 255 0 0 0 0 0 255 0 255 0 0 0 0 0 0 0
    255 0 0 0 255 0 255 255 0 255 0 0 255 0 255 0 0 0 0 0 255 255 255 0
    0 255 0 0 0 255 255 255 0 0 0 0 0 0 0 0 0 0 0 0 0 0 0 0 0 0 0 255
    255 0 0 0 0 0 0 0 0 255 0 255 0 0 0 0 0 255 0 255 0 0 0 0 0 0 255 0
    0 255 255 0 255 0 0 0 0 0 255 255 255 0 0 0 0 255 255 0 255 255 0 0
    0 0 0 0 255 0 0 255 255 255 0 255 0 0 0 0 0 255 0 0 0 0 255 0 0 0 0
    0 0 0 255 255 0 0 0 0 0 0 0 0 0 255 0 255 0 255 255 0 0 0 0 255 0 0
    0 0 0 0 0 0 0 255 0 0 0 0 0 0 0 255 0 255 0 0 0 0 255 0 0 0 0 0 0 0
    255 0 0 255 255 0 255 0 255 255 0 0 255 0 255 0 0 0 0 0 255 0 255 0
    255 255 255 0 255 0 255 0 255 0 0 0 0 0 0 0 255 0 0 255 255 0 0 0 0
    255 0 0 0 0 0 0 0 0 255 0 0 255 0 0 255 0 255 0 0 0 0 0 255 0 0 0 0
    255 0 0 255 0 255 255 0 0 0 0 0 0 0 0 255 255 0 0 255 0 0 0 255 0 0
    255 0 0 0 0 0 255 0 0 0 0 0 0 0 0 255 0 0 0 255 0 255 0 0 0 255 0 0
    0 0 0 0 255 0 255 0 0 0 255 0 0 0 0 255 0 0 0 0 255 0 0 0 0 0 0 255
    0 0 0 0 0 255 0 0 0 255 0 0 255 255 0 0 255 0 0 0 255 0 255 0 0 0 0
    0 255 0 255 255 0 0 0 0 255 0 0 0 0 0 255 255 0 0 0 0 0 255 0 0 255
    0 0 255 0 0 0 0 0 255 255 255 0 0 255 0 0 255 0 0 255 255 0 255 0 0
    0 0 0 0 0 255 0 0 0 0 255 0 0 0 255 0 0 255 0 0 255 0 0 0 0 0 0 0 0
    0 0 255 0 255 0 0 0 0 255 0 255 0 255 0 0 0 255 0 0 0 0 255 0 255
    255 0 0 0 0 0 0 0 0 0 0 0 0 0 255 255 255 0 0 0 255 0 0 255 0 0 255
    0 0 255 0 0 255 0 0 0 0 255 255 255 0 0 255 0 0 0 255 0 0 0 0 255
    255 255 0 255 255 0 0 0 0 255 0 0 0 255 0 0 0 255 0 0 0 0 0 0 0 255
    0 255 255 0 255 0 0 0 0 0 0 0 255 0 0 0 0 0 0 0 0 0 0 255 0 0 255
    255 0 255 255 0 255 0 0 0 0 255 0 0 255 255 0 255 255 0 0 255 255
    255 255 0 0 0 0 0 255 0 0 0 0 255 255 0 255 0 0 0 255 0 0 255 0 255
    0 0 0 0 0 0 255 0 0 0 0 0 0 0 0 0 0 255 0 255 0 0 0 0 0 0 0 0 255 0
    0 0 0 255 0 0 0 0 0 0 255 255 0 0 0 0 0 0 255 0 0 0 0 0 0 255 0 0 0
    0 255 0 0 0 255 255 0 0 255 0 0 0 255 255 0 0 0 255 0 255 255 255 0
    255 0 0 0 255 0 0 0 0 0 255 0 0 255 0 0 0 0 255 0 255 0 0 0 0 0 0 0
    0 0 0 0 0 0 0 0 0 0 0 0 255 0 0 0 0 0 255 255 0 0 255 0 0 255 0 0 0
    0 255 0 0 255 255 0 0 255 0 0 0 0 0 0 0 0 0 255 255 0 255 0 0 0 255
    0 0 255 255 0 0 255 0 0 0 0 0 0 0 0 0 255 0 0 0 0 0 0 0 0 255 0 0 0
    255 0 0 0 0 0 0 0 0 255 0 0 0 255 0 255 0 0 255 0 255 0 0 0 0 0 255
    255 0 0 0 0 0 0 0 255 0 255 0 255 0 0 0 0 255 0 0 0 0 0 0 255 0 0 0
    0 0 0 255 0 255 0 255 0 255 255 0 0 255 255 0 0 0 255 0 0 0 0 0 255
    255 0 255 0 0 0 0 0 0 0 0 0 0 0 0 255 255 255 0 0 255 0 0 255 0 0
    255 255 0 0 0 0 0 0 0 0 0 0 0 0 0 0 255 0 0 0 255 0 255 0 0 0 0 255
    0 0 255 0 255 0 0 0 0 255 255 0 0 0 255 255 0 0 0 0 0 255 0 0 0 0
    255 0 0 0 255 0 0 0 0 0 255 0 0 0 0 255 0 255 0 0 255 0 0 255 0 0 0
    0 0 0 255 0 0 0 0 0 255 0 255 255 0 255 0 0 0 0 0 0 255 0 0 0 0 255
    255 255 0 255 0 0 0 0 0 0 0 255 0 255 0 0 0 0 0 0 0 255 0 0 0 255 0
    0 0 0 0 0 0 0 0 255 0 0 0 255 0 0 0 0 0 0 0 0 0 255 0 255 255 255
    255 0 0 0 0 255 0 0 0 255 0 0 0 0 0 0 0 0 0 255 0 0 0 0 255 255 0
    255 0 255 0 0 255 0 0 255 0 0 0 255 255 255 255 0 255 0 255 0 255
    255 0 0 0 255 0 255 0 0 0 0 255 0 0 0 255 0 0 255 255 0 0 0 0 0 0 0
    0 0 255 0 0 0 255 0 0 0 0 255 255 0 0 255 0 255 0 0 255 0 0 0 0 0 0
    0 0 0 0 0 0 0 0 255 0 255 255 0 0 255 255 0 0 0 0 0 0 0 0 0 255 255
    0 0 0 0 255 0 0 0 0 0 0 0 0 0 0 0 0 0 0 255 0 255 0 0 0 0 0 255 0
    255 0 0 0 0 0 0 0 255 0 255 0 0 255 0 0 0 0 255 0 255 255 255 255 0
    0 255 0 0 0 0 0 255 0 0 0 0 0 0 0 0 0 255 0 0 0 0 0 255 0 255 0 255
    255 0 0 0 0 0 255 255 255 0 255 0 0 0 0 255 255 0 255 0 0 0 0 0 0 0
    255 0 0 0 0 255 255 255 255 0 0 0 0 0 0 0 0 0 0 0 0 255 255 0 0 0 0
    0 0 0 0 255 255 255 255 0 0 0 0 0 255 0 0 255 0 0 0 0 255 255 0 0 0
    255 0 0 0 0 255 0 0 0 0 255 255 0 0 0 0 0 0 255 0 0 0 255 0 0 0 0 0
    255 0 0 0 0 255 0 255 0 0 0 255 0 0 255 0 0 0 0 0 0 255 0 255 0 0 0
    255 255 0 0 0 0 255 255 0 0 0 0 0 0 255 255 255 255 255 255 0 0 0 0
    0 255 0 255 255 0 0 0 255 0 0 0 0 255 255 0 255 0 0 255 0 255 255 0
    0 0 0 255 0 0 0 0 0 0 0 0 255 0 0 0 0 0 0 0 0 0 0 0 0 0 0 0 0 255 0
    0 0 0 0 255 255 255 255 0 0 0 0 0 0 255 0 0 255 255 0 0 0 0 0 0 0 0
    0 255 0 255 0 0 0 0 0 0 255 0 0 0 0 0 255 255 0 255 255 0 0 0 0 0 0
    0 0 0 255 0 255 0 0 0 0 255 0 255 0 255 0 0 0 0 0 0 0 0 0 0 0 0 0
    255 0 255 0 0 0 0 0 0 0 255 0 0 0 0 0 0 0 0 255 0 0 0 0 0 255 0 0
    255 0 0 0 0 0 0 0 0 0 0 0 0 0 0 255 0 255 0 0 0 0 255 0 0 0 0 255
    255 0 0 255 0 255 255 0 0 255 255 255 0 0 0 255 0 255 0 255 0 0 0 0
    0 0 0 0 0 0 0 0 255 0 255 255 0 255 255 0 0 255 0 0 255 0 255 0 0 0
    0 0 255 0 0 0 0 0 0 255 0 0 0 0 255 0 0 0 255 0 255 0 0 0 255 0 255
    0 0 255 0 0 255 255 0 0 0 0 0 0 0 0 0 0 0 255 0 0 0 0 0 0 0 0 0 0 0
    255 0 0 0 0 0 0 0 0 255 255 255 0 0 255 0 0 0 0 0 255 0 0 0 0 255
    255 255 255 0 0 0 0 0 255 255 255 0 0 0 0 0 0 0 0 0 0 255 0 255 0 0
    255 0 0 255 0 255 0 0 0 0 0 255 0 0 0 255 0 255 0 0 0 0 0 255 0 255
    255 0 0 0 0 0 0 0 0 0 0 0 0 255 0 0 0 0 0 0 0 255 0 0 0 255 0 0 0 0
    255 0 255 0 0 0 0 255 0 255 0 0 0 255 0 0 0 0 0 0 0 0 0 255 255 0 0
    255 0 0 0 255 0 255 255 0 0 255 255 0 0 0 255 255 0 0 255 0 0 0 255
    0 0 0 0 0 0 0 0 0 255 0 0 0 0 0 255 0 0 255 255 255 255 0 255 255 0
    0 255 0 0 0 0 255 0 255 255 255 0 0 0 0 0 0 0 0 255 255 0 0 0 0 0 0
    0 0 0 0 0 255 0 0 0 255 0 0 0 255 255 255 255 0 0 0 0 0 255 0 0 0 0
    0 255 0 0 255 0 255 0 0 255 0 255 0 255 0 0 255 0 255 0 255 255 0 0
    0 0 0 0 0 0 0 255 0 0 255 255 0 0 255 0 0 0 0 0 0 0 0 0 0 255 255 0
    0 0 0 0 255 0 0 255 0 0 0 0 255 0 0 0 0 0 255 255 0 255 0 0 0 0 0 0
    0 0 255 255 255 0 0 0 0 255 0 0 255 0 0 0 0 0 255 0 0 0 0 255 0 0
    255 0 0 255 0 0 0 0 255 0 255 0 0 255 0 0 0 0 255 0 0 0 0 0 0 255 0
    255 0 0 0 255 255 0 0 0 0 0 255 0 0 0 0 255 0 0 255 0 0 255 0 0 255
    0 0 0 255 0 255 0 255 0 0 0 0 0 0 0 255 0 0 0 255 255 255 0 255 0 0
    255 255 0 0 0 0 0 0 255 0 0 255 0 0 255 0 0 255 0 0 255 0 0 0 0 0 0
    0 0 0 0 0 0 0 0 0 255 0 255 0 0 0 0 255 0 255 0 0 0 255 0 255 0 0 0
    0 0 0 0 0 0 0 255 255 255 0 255 0 0 0 0 255 0 255 255 255 0 255 0 0
    0 0 255 0 0 255 0 0 255 0 255 0 0 0 0 0 0 255 255 0 255 0 255 0 255
    0 0 255 255 0 0 255 0 255 0 255 0 0 0 255 0 0 0 255 255 0 0 255 0 0
    0 0 0 255 255 0 0 0 0 0 0 0 255 0 0 0 0 0 0 0 255 255 0 0 0 0 0 0 0
    0 255 0 0 255 0 0 0 0 0 0 255 0 0 0 255 0 255 0 0 255 0 0 0 0 0 0 0
    0 0 0 0 255 255 0 0 0 0 0 0 0 0 255 0 0 0 0 0 0 0 0 0 0 0 0 255 0 0
    0 0 0 0 255 0 0 0 255 0 0 0 0 0 255 255 0 255 0 0 0 0 0 0 0 0 0 255
    0 0 0 255 0 0 0 255 0 0 0 0 0 0 0 0 255 0 0 0 255 0 255 255 0 255
    255 0 255 0 0 0 0 0 0 0 0 0 0 0 255 0 255 255 255 0 0 0 255 0 255 0
    0 255 0 0 255 0 0 0 0 255 0 0 0 255 0 0 0 0 0 0 0 255 0 0 0 255 0 0
    0 255 0 0 0 0 0 0 255 0 255 0 255 255 0 0 255 0 0 0 0 0 0 0 0 0 0
    255 0 255 0 255 0 0 255 255 255 0 0 0 0 0 0 0 0 0 0 0 0 0 0 0 0 0 0
    0 0 0 0 0 0 255 0 0 0 0 0 0 0 0 0 0 255 0 255 255 0 255 255 0 0 0 0
    255 255 255 0 255 255 255 0 0 0 0 0 255 0 255 0 0 0 0 0 0 0 0 255 0
    0 0 0 0 0 0 0 0 0 0 255 0 0 0 0 255 255 255 0 255 255 255 255 255 0
    255 255 0 0 255 0 0 255 255 0 0 255 255 0 0 0 0 0 255 0 255 0 0 255
    0 0 0 0 255 255 0 0 0 0 255 0 255 0 255 0 0 0 0 0 0 0 0 255 0 0 0
    255 0 0 0 0 255 0 0 0 0 255 255 255 255 0 0 0 0 255 0 255 0 255 0 0
    0 0 0 0 0 255 0 0 255 0 255 0 0 255 0 0 0 0 255 0 255 0 0 255 0 255
    0 0 255 255 0 0 0 0 0 255 0 0 255 0 255 255 0 255 0 0 0 255 0 0 0
    255 255 255 255 0 0 0 0 255 0 255 255 255 0 0 255 0 0 0 0 0 0 0 0 0
    0 0 0 0 0 0 0 0 0 0 0 0 0 0 0 0 0 0 0 0 0 0 0 0 0 0 0 0 0 0 0 0 0 0
    0 0 255 0 0 0 255 0 0 0 0 0 0 0 0 0 255 0 0 0 0 255 0 0 255 0 0 0 0
    0 0 0 255 0 0 0 0 255 0 0 0 255 255 0 0 0 0 0 255 0 0 255 0 255 255
    0 0 0 0 0 0 0 0 0 0 0 0 0 255 0 0 255 0 0 0 0 0 0 0 0 0 255 0 0 0 0
    0 0 0 255 0 0 0 0 255 0 255 255 255 0 255 255 0 255 0 0 0 0 0 0 255
    0 0 0 255 255 0 0 255 0 0 0 255 255 0 255 0 0 255 255 255 0 0 0 0
    255 0 0 255 0 255 0 0 0 0 0 0 0 0 0 255 0 0 255 0 255 255 0 255 255
    0 0 255 0 255 0 255 255 255 255 0 0 255 0 255 0 0 0 0 0 0 0 0 255 0
    255 0 255 0 0 0 255 255 0 255 255 0 0 0 0 255 0 0 0 0 255 0 255 0 0
    0 255 0 0 0 0 0 0 0 0 0 0 0 0 0 0 0 0 0 0 0 0 255 255 255 255 255 0
    0 255 255 255 255 255 0 0 0 255 0 0 0 0 0 0 0 0 0 0 0 0 0 0 0 255
    255 0 255 0 0 255 255 255 255 0 0 0 0 255 0 255 255 0 0 0 255 0 0 0
    0 0 0 255 0 0 0 0 0 0 255 0 0 0 0 255 0 0 0 0 0 0 0 0 255 255 255
    255 0 255 255 0 255 0 255 0 255 0 255 0 255 255 0 0 0 0 255 0 0 255
    255 0 0 0 0 255 0 0 255 255 0 0 0 0 0 0 255 0 0 0 0 0 0 0 0 0 0 0
    255 0 0 0 0 0 0 0 255 255 255 255 0 0 0 0 0 0 0 0 255 0 255 255 255
    0 0 255 0 255 0 255 0 0 0 0 0 0 255 255 0 0 0 0 0 0 0 0 255 0 0 255
    0 255 0 0 0 0 0 0 0 0 255 0 255 0 255 0 0 0 255 0 255 255 0 255 0 0
    0 255 0 0 255 0 0 0 0 0 0 0 0 255 0 0 0 0 255 255 0 0 255 0 0 0 0 0
    0 0 0 0 0 0 0 0 0 0 0 0 255 255 255 255 0 0 0 0 0 255 255 0 0 0 0 0
    255 255 255 0 255 255 255 255 255 255 0 0 0 0 0 0 0 0 0 0 0 0 0 0 0
    0 0 0 0 255 255 0 0 0 0 0 255 255 0 0 0 0 0 0 0 255 0 0 0 255 0 0
    255 0 0 0 0 0 0 0 0 0 255 0 0 0 0 255 0 0 0 0 255 255 255 255 0 0 0
    0 255 0 0 255 0 255 0 0 0 255 0 0 255 0 0 0 255 0 255 0 0 255 0 255
    0 0 0 0 0 0 0 255 0 0 255 0 0 255 0 0 0 255 0 0 0 0 0 0 0 0 255 0 0
    0 0 0 0 0 0 255 255 0 255 0 0 255 0 0 0 0 255 0 0 0 0 0 0 0 0 0 0 0
    0 0 0 0 255 255 0 0 0 0 0 0 0 0 0 0 0 0 0 0 0 0 0 255 0 255 0 0 255
    0 0 0 0 255 0 0 0 0 255 0 0 255 255 255 0 0 255 0 0 0 0 0 255 0 255
    0 0 0 0 0 0 255 0 0 0 0 0 0 0 0 0 0 0 0 0 255 255 255 0 0 0 0 0 0 0
    0 0 0 0 0 0 0 0 0 0 0 0 0 0 0 0 0 0 0 255 255 255 255 255 0 0 0 0 0
    0 0 0 0 255 255 255 0 0 0 0 255 255 0 255 0 255 0 0 255 0 0 0 0 255
    0 255 0 0 0 0 0 255 0 0 0 0 255 255 255 255 0 0 0 0 255 255 255 0
    255 0 0 0 0 0 255 0 0 255 0 0 255 0 255 255 0 0 0 0 0 0 255 0 255 0
    0 255 0 0 0 0 0 255 255 0 0 0 0 0 255 0 0 255 0 255 0 0 0 0 0 255 0
    0 0 0 0 255 255 0 0 0 0 0 255 255 0 255 0 0 0 255 255 0 0 0 0 255 0
    0 0 0 255 0 255 255 255 0 0 255 255 0 255 0 0 0 255 0 0 0 0 0 255 0
    0 0 0 0 0 255 255 255 255 255 0 0 0 0 0 0 0 0 0 255 255 0 0 0 255 0
    255 0 0 255 255 0 0 255 0 0 0 0 255 0 0 0 0 0 0 0 0 0 0 0 0 0 0 0 0
    0 0 0 0 255 255 255 255 255 0 0 0 0 0 0 0 0 0 0 0 0 0 0 0 0 0 0 0 0
    0 0 0 0 0 0 0 0 0 0 0 0 0 0 255 255 255 255 0 0 0 0 0 0 0 0 255 255
    0 0 0 255 0 0 255 0 0 0 0 0 0 0 0 0 0 255 0 0 0 0 255 0 0 0 0 0 255
    0 0 255 0 0 255 0 0 0 0 255 0 0 0 255 0 0 255 0 0 0 0 0 0 0 0 0 0 0
    0 0 0 0 0 255 0 0 255 0 0 0 0 0 0 0 0 0 255 0 0 0 0 255 0 0 0 0 255
    255 0 0 255 255 0 0 255 0 0 0 255 0 255 255 0 0 0 0 0 0 255 0 255 0
    0 0 0 0 0 0 0 0 255 0 0 255 0 0 0 255 0 0 255 255 0 0 0 255 0 0 255
    0 255 0 255 0 0 255 0 0 255 255 0 0 0 255 0 0 0 0 255 0 0 0 0 0 255
    255 255 255 0 0 255 0 255 0 0 0 0 255 0 0 255 0 0 0 0 0 255 0 255 0
    0 255 0 0 0 0 0 0 0 0 255 255 255 0 0 0 0 0 0 0 0 0 0 0 0 0 255 255
    0 0 0 0 0 0 255 0 255 255 255 0 255 0 0 255 0 0 0 0 0 0 0 0 0 0 0 0
    255 255 255 0 0 0 0 0 0 0 255 255 0 255 0 255 0 255 0 0 255 0 0 0 0
    0 255 0 0 0 0 255 0 255 0 255 0 255 0 0 255 255 0 0 255 255 255 0 0
    255 0 255 255 255 0 0 0 0 0 0 0 0 255 255 0 255 255 0 0 255 255 255
    255 0 0 0 0 0 0 0 0 0 255 255 0 255 0 0 255 255 255 0 0 0 255 0 0
    255 255 0 0 255 0 255 0 0 0 255 0 0 0 0 0 255 255 0 255 255 0 0 255
    0 255 255 0 0 0 0 0 0 0 0 0 255 0 0 0 0 255 0 0 0 0 255 0 0 0 255
    255 0 0 0 255 0 255 0 0 0 0 255 0 0 255 255 0 0 0 255 255 0 0 0 0 0
    0 0 0 0 0 255 0 0 0 0 0 0 0 255 255 0 0 0 255 255 0 0 255 0 255 0 0
    0 0 0 0 0 0 0 255 255 255 0 0 0 0 0 0 0 0 0 0 0 0 0 0 0 0 0 0 0 255
    0 0 0 255 0 0 0 0 255 0 0 0 255 255 0 255 255 255 0 0 0 0 0 0 0 0 0
    255 255 0 0 0 0 0 0 0 255 255 0 0 255 0 0 0 0 0 255 0 0 0 255 0 0 0
    0 0 0 0 255 0 255 255 0 0 0 0 0 0 0 0 0 0 255 255 0 0 0 0 0 0 0 255
    255 255 0 0 255 0 0 0 255 0 0 255 0 0 0 255 0 0 255 0 255 0 0 0 255
    0 255 0 255 0 0 0 0 0 255 0 0 0 0 0 0 0 255 255 255 0 0 255 0 0 0 0
    0 255 0 255 0 255 0 255 0 0 255 0 0 0 0 0 0 0 0 0 255 0 255 255 255
    0 0 0 0 0 0 0 0 0 0 0 0 0 0 0 0 255 0 0 255 0 255 0 0 0 255 0 0 0 0
    0 255 255 0 0 0 0 0 0 0 255 0 0 0 255 0 0 0 0 255 0 255 255 255 0 0
    255 255 0 255 0 255 255 0 255 0 0 0 0 0 0 0 255 255 0 0 0 0 0 0 0 0
    0 0 0 0 0 0 0 255 0 255 0 255 0 0 255 0 0 255 0 0 0 0 255 0 255 0 0
    0 255 0 0 0 0 0 255 0 0 0 0 0 0 0 0 0 255 255 255 255 0 0 0 0 0 0 0
    255 255 0 0 0 255 0 0 255 255 0 0 255 0 0 0 255 255 255 0 0 0 255
    255 0 255 255 255 255 255 0 0 0 0 0 0 255 0 255 0 255 255 0 255 0 0
    0 0 255 0 0 0 0 0 0 255 255 255 0 255 0 255 0 255 0 255 255 0 255 0
    0 255 255 0 0 0 255 0 0 0 0 0 0 0 0 0 0 0 0 0 0 255 255 0 0 0 0 0 0
    255 0 0 0 255 255 0 0 0 255 0 0 0 0 0 0 0 255 0 0 0 255 255 255 255
    0 0 255 0 0 0 0 0 0 0 255 255 0 0 0 0 0 0 0 0 0 255 0 255 0 0 0 0
    255 255 0 0 0 0 0 0 0 255 0 0 0 255 0 255 0 0 0 0 0 0 0 0 0 0 255 0
    255 0 0 255 0 0 0 0 0 255 255 255 0 0 0 0 0 0 255 0 255 255 0 0 0 0
    0 0 0 255 0 0 0 0 255 255 0 0 0 0 255 255 255 0 255 0 0 0 0 255 255
    255 255 0 0 255 0 0 255 0 0 0 0 0 0 0 0 0 255 255 0 0 0 0 0 0 255 0
    0 255 0 0 255 255 0 0 0 0 255 0 0 0 0 255 0 0 0 0 0 255 0 0 0 0 0 0
    255 0 0 0 0 255 0 0 0 255 0 0 0 255 0 0 0 0 0 0 255 255 255 0 0 0 0
    255 0 255 0 0 255 0 255 0 0 0 0 0 0 0 0 0 255 255 0 0 0 0 0 0 0 0 0
    0 0 0 0 255 0 0 255 255 255 0 0 255 0 0 255 0 0 0 255 0 255 255 0 0
    255 255 0 0 0 0 255 0 0 255 255 0 0 0 255 0 255 0 0 0 255 0 255 255
    0 0 255 255 0 255 255 255 255 255 0 0 0 255 0 255 0 0 0 0 0 0 0 0 0
    0 0 0 0 0 0 0 255 0 0 255 0 0 0 0 0 0 255 0 255 0 0 255 255 0 0 0 0
    255 255 255 0 0 0 0 0 255 255 0 0 255 255 255 255 0 255 255 255 0 0
    0 255 0 255 0 0 0 0 255 0 0 255 0 0 255 0 0 0 0 0 0 255 0 0 255 0 0
    0 0 255 255 255 255 0 0 0 0 0 0 0 255 255 0 0 0 0 0 0 0 0 0 255 0
    255 255 0 0 0 255 255 0 255 0 255 0 0 0 255 0 0 255 0 0 255 0 255
    255 255 0 0 0 255 255 0 0 255 0 255 0 0 0 255 0 0 0 255 0 255 0 0 0
    255 0 255 0 0 255 0 0 0 0 0 0 0 0 0 0 0 255 0 0 0 0 0 0 255 0 0 0
    255 0 255 0 0 0 0 0 255 0 0 0 255 255 0 0 0 0 0 255 0 0 0 0 0 0 0 0
    0 0 0 0 0 0 0 255 0 0 0 255 255 0 0 0 0 255 0 0 255 255 255 0 0 0 0
    255 0 0 0 0 255 0 255 0 255 255 255 0 0 0 0 0 0 0 0 0 255 0 0 255 0
    255 255 0 0 255 255 0 0 0 0 255 0 0 255 0 255 0 0 0 0 0 0 0 255 255
    0 0 0 0 0 0 0 0 0 255 0 0 0 0 255 0 0 0 255 255 0 0 0 0 255 0 0 0
    255 0 255 0 0 0 255 0 0 255 255 255 255 0 0 0 0 255 255 0 0 255 0 0
    0 0 0 0 0 0 0 0 0 0 255 255 255 0 0 0 0 0 255 0 0 0 255 0 0 255 255
    0 0 255 0 255 0 0 0 0 0 0 0 0 0 0 0 0 255 0 0 0 255 0 255 0 255 0
    255 0 0 0 0 255 0 255 0 255 0 0 0 0 0 0 0 255 0 255 0 0 255 255 255
    255 0 0 0 0 0 0 255 0 0 0 0 0 0 255 0 0 0 0 0 255 0 255 0 255 255 0
    0 255 0 0 0 255 255 255 255 255 0 0 0 0 0 0 0 0 0 0 0 0 255 0 255 0
    0 0 255 255 0 0 0 0 0 0 0 0 0 0 0 0 0 0 0 255 0 255 0 0 255 0 0 0 0
    0 0 0 0 0 0 255 255 0 0 0 0 255 0 255 255 0 0 0 0 255 255 0 0 255
    255 255 0 0 255 0 255 255 255 0 0 0 0 0 255 255 0 0 0 0 0 0 255 0 0
    255 0 0 255 255 255 0 0 255 0 0 0 0 0 0 0 0 0 0 0 0 0 0 255 255 0 0
    0 0 255 255 0 0 0 0 0 0 255 0 0 255 0 0 255 255 0 0 255 0 0 255 255
    0 0 0 0 0 255 255 255 0 0 0 0 0 0 0 255 255 255 255 0 255 255 255 0
    0 0 255 0 0 255 0 0 255 0 0 0 0 0 0 255 255 255 0 0 0 0 0 0 255 0 0
    0 0 0 0 0 0 255 255 255 255 0 0 0 0 0 0 0 255 0 0 0 0 0 0 0 0 0 0 0
    0 0 0 0 0 0 0 0 0 0 0 0 0 0 0 0 255 0 0 0 0 0 0 0 0 0 0 0 0 0 0 0
    255 0 255 0 0 0 0 0 0 0 0 0 0 255 255 255 0 0 0 0 0 0 255 0 0 0 0
    255 255 255 0 255 0 0 0 0 255 0 0 255 0 255 255 0 0 0 0 255 0 0 0 0
    255 0 0 255 255 0 0 255 255 0 255 0 0 255 0 0 0 255 0 0 0 255 0 255
    0 0 0 0 255 255 0 0 0 0 0 255 0 255 0 0 0 0 0 0 0 0 0 0 255 0 0 0
    255 0 0 255 0 255 0 0 0 255 255 0 255 255 255 255 0 255 0 0 0 0 0 0
    0 0 0 255 255 255 255 0 0 255 255 0 0 0 255 0 0 255 0 0 0 0 0 255
    255 255 0 0 0 0 0 0 0 255 0 0 255 0 0 255 0 255 0 0 255 0 0 0 0 0 0
    255 255 0 0 0 0 0 0 255 0 0 0 255 0 255 0 0 0 255 255 0 255 0 0 0 0
    0 0 0 0 0 0 0 0 0 0 0 255 255 255 255 0 0 0 0 255 0 0 0 0 255 0 0
    255 0 0 0 255 0 0 0 0 0 255 255 0 0 0 0 255 255 255 0 255 255 0 0 0
    0 0 255 255 0 255 0 0 0 0 0 0 0 255 0 0 0 255 0 0 255 0 0 0 255 0
    255 0 0 255 0 255 0 0 255 0 0 0 0 255 0 0 0 0 0 0 255 0 0 255 255 0
    255 0 0 0 255 0 0 255 0 0 255 0 255 0 0 255 0 0 255 0 255 255 0 0 0
    255 255 255 0 0 0 0 255 0 255 255 0 0 0 255 255 0 255 0 0 0 0 0 0 0
    255 0 0 255 0 0 0 255 0 0 0 255 255 0 0 0 255 0 255 255 0 0 255 0 0
    0 255 255 255 0 0 0 0 0 0 0 0 0 0 255 0 255 0 255 0 0 0 0 0 0 255
    255 0 0 0 0 0 255 0 0 0 0 255 0 0 0 0 0 0 255 0 0 0 0 0 255 0 0 0 0
    255 0 255 0 255 0 0 0 255 0 0 255 0 0 0 0 0 255 255 0 0 255 0 0 255
    255 255 0 255 0 0 0 255 0 255 0 255 0 255 255 0 0 0 0 0 255 0 0 255
    0 0 0 0 0 255 255 255 0 0 0 0 0 0 0 255 0 0 0 255 255 0 255 0 0 255
    0 0 0 0 255 0 0 0 0 0 0 0 255 0 255 255 0 0 0 0 0 0 0 0 0 255 0 255
    0 0 0 0 0 0 0 0 255 0 0 0 0 255 255 255 0 255 255 0 0 0 0 0 0 0 0 0
    255 0 0 255 0 0 0 255 0 0 0 0 0 0 0 0 0 0 0 255 255 0 0 0 0 0 255 0
    255 0 0 0 0 0 0 0 255 0 0 255 0 255 255 0 255 0 0 0 255 0 0 0 0 0 0
    0 255 0 0 255 255 0 0 255 0 255 0 255 0 0 255 255 0 0 0 255 255 255
    0 0 0 255 0 0 255 255 0 0 0 255 255 255 0 0 0 0 255 255 0 0 0 0 0 0
    0 0 0 0 0 0 0 0 255 0 0 0 0 255 0 255 0 0 255 255 0 0 0 0 0 0 0 255
    255 0 0 0 0 255 0 255 0 255 0 0 0 0 0 255 255 0 0 255 255 0 0 0 0 0
    0 0 255 0 255 0 255 0 0 0 255 255 255 0 0 0 0 255 0 0 0 255 0 0 0 0
    0 0 0 0 255 0 0 255 0 0 0 0 255 0 0 0 0 0 255 0 255 0 0 0 0 0 0 0
    255 0 255 0 255 0 0 0 0 255 255 255 0 0 0 0 0 0 0 0 0 0 0 0 255 0
    255 255 255 255 0 255 0 0 255 0 255 0 255 255 0 0 0 0 0 0 0 0 255
    255 255 0 0 0 0 255 0 0 0 0 0 0 255 255 0 0 0 0 0 255 0 0 0 0 0 0 0
    0 0 0 255 0 255 0 0 255 0 0 0 0 255 0 255 0 0 255 0 0 0 255 255 0 0
    0 255 0 0 0 0 0 255 0 0 255 255 0 255 0 0 255 0 0 0 0 255 0 0 0 0
    255 0 0 0 0 0 0 255 0 0 0 0 255 255 255 0 0 0 0 0 255 0 255 0 0 0
    255 0 255 0 0 255 0 0 255 0 0 0 0 0 0 255 0 0 0 0 255 255 0 0 255 0
    0 255 0 0 255 0 0 255 255 0 255 0 255 255 0 0 0 0 0 0 0 0 0 255 255
    0 0 255 0 0 0 255 0 0 0 0 255 255 0 0 0 255 0 0 255 0 0 0 255 0 0
    255 0 255 255 0 255 0 0 0 0 0 0 0 0 0 0 255 0 255 255 255 255 255 0
    0 0 0 255 0 255 0 255 255 0 0 255 0 255 255 0 0 255 0 255 0 0 0 255
    0 0 0 0 0 0 255 255 0 0 0 0 0 255 0 255 0 0 255 0 0 255 0 255 0 0 0
    0 0 0 255 0 255 0 0 0 255 255 255 0 0 0 0 0 255 0 255 255 0 255 0 0
    255 255 255 255 0 0 255 0 0 0 0 255 0 255 0 0 0 0 255 0 0 0 0 255 0
    0 255 0 255 255 0 0 255 255 0 255 0 255 0 0 0 0 0 0 0 255 0 255 255
    0 0 255 0 255 0 0 0 0 0 0 255 0 255 0 0 0 0 255 255 0 0 0 0 255 255
    0 0 0 0 0 255 0 0 0 255 0 0 0 0 0 0 0 0 0 0 0 0 0 0 0 0 0 255 255 0
    0 0 255 0 255 255 0 255 255 0 0 0 0 0 0 0 255 255 255 0 0 0 0 255 0
    255 255 0 0 0 0 0 0 0 0 0 0 0 0 0 255 0 255 0 0 255 0 0 255 0 0 0
    255 255 0 0 0 255 0 0 0 255 0 255 0 255 0 0 0 0 0 0 0 0 0 255 255
    255 255 255 255 0 255 255 0 0 0 255 0 0 255 0 0 0 255 0 0 0 0 0 0
    255 255 0 0 0 255 0 0 0 0 0 0 255 0 0 255 0 0 0 0 255 0 0 0 0 255 0
    0 255 0 0 0 0 255 255 0 0 0 255 0 0 0 255 255 255 0 0 255 255 0 0 0
    0 0 255 255 0 0 0 0 255 255 0 255 255 0 0 0 0 0 0 255 255 255 0 0
    255 255 0 0 255 0 255 0 0 255 0 0 0 255 0 0 0 255 255 0 0 255 0 255
    255 0 0 255 255 255 255 0 0 255 255 0 255 0 0 0 0 0 255 255 0 0 255
    0 255 0 0 0 0 0 0 0 255 0 255 255 0 255 255 0 0 0 0 0 255 0 255 0
    255 0 0 255 0 255 0 0 0 0 0 0 0 0 0 0 0 0 0 0 0 0 0 255 0 255 0 0 0
    0 0 0 255 0 0 0 255 0 255 0 0 0 0 0 0 0 0 255 0 255 255 255 0 0 0
    255 0 0 0 0 255 0 0 0 0 255 0 255 0 0 0 255 0 0 0 0 0 255 0 0 0 255
    0 0 0 0 0 0 0 0 0 0 255 255 0 0 255 0 0 0 0 255 255 255 0 0 255 0 0
    0 0 0 255 0 255 0 0 0 255 255 0 255 0 0 0 0 0 255 0 255 0 0 0 255 0
    255 0 0 0 0 255 255 0 0 0 0 0 0 0 0 255 0 0 0 0 0 0 255 255 0 255
    255 0 255 0 255 0 0 0 0 0 0 255 0 255 255 255 0 0 0 0 0 0 0 255 0
    255 255 255 0 0 0 255 0 255 0 0 0 255 0 0 0 0 255 0 0 0 0 0 0 0 0
    255 255 0 0 0 0 0 0 0 255 0 0 0 0 0 255 255 0 0 0 0 0 0 0 0 0 0 255
    0 0 0 0 255 0 0 255 0 0 0 255 0 0 0 0 255 0 0 255 255 255 0 0 0 255
    255 0 0 0 255 0 0 0 255 0 0 255 0 255 255 255 0 0 0 0 255 0 0 0 255
    0 0 0 255 255 255 255 0 0 0 0 0 255 0 0 0 255 0 0 0 255 0 0 255 0 0
    0 0 0 0 255 255 255 0 255 0 0 0 0 0 0 0 0 255 0 255 0 0 0 255 255
    255 255 255 255 0 0 0 255 255 0 0 0 0 0 255 0 0 0 0 0 0 0 255 0 255
    0 0 255 0 0 0 255 0 0 0 255 0 0 0 0 0 255 0 0 0 0 0 0 0 255 0 0 0
    255 255 0 0 0 0 0 0 0 255 255 0 0 0 0 0 0 0 0 0 255 255 0 0 255 255
    255 0 255 255 0 0 255 0 0 255 0 0 0 0 0 0 0 0 255 0 0 0 255 0 0 255
    255 0 0 255 0 0 0 0 0 0 0 255 0 255 0 0 255 255 255 0 0 0 0 0 0 0
    255 255 0 0 255 255 255 0 0 0 0 255 255 0 0 0 255 0 0 0 0 0 0 255 0
    0 0 0 255 255 255 0 0 255 0 0 0 255 0 0 0 0 0 255 255 0 255 0 0 0
    255 0 0 255 0 0 255 0 0 0 0 0 0 0 0 0 0 0 0 0 0 0 0 0 0 255 0 0 0 0
    0 0 0 0 0 0 255 0 255 255 0 0 0 0 255 0 255 255 0 0 0 0 0 0 0 0 0
    255 0 0 0 0 255 0 255 0 0 0 255 0 0 255 255 255 0 0 0 0 0 0 0 0 0
    255 0 0 0 0 0 0 255 0 0 0 0 0 0 0 0 255 0 0 255 0 0 255 0 0 255 0 0
    255 0 0 255 0 0 0 0 0 0 0 0 0 0 0 0 255 255 0 0 0 255 0 0 0 255 255
    0 255 255 255 0 0 0 255 0 0 0 255 255 0 0 0 255 0 0 0 0 255 0 0 255
    0 0 0 0 0 255 0 0 0 0 0 0 255 0 255 255 0 0 0 0 255 0 0 0 0 0 0 0 0
    0 0 255 0 0 0 0 0 0 0 255 0 0 255 0 0 0 0 255 0 0 0 255 0 0 0 255
    255 0 0 0 255 0 0 0 255 0 0 0 0 0 0 0 0 0 0 255 0 0 0 0 0 0 0 255
    255 0 0 255 0 0 255 0 0 255 0 0 255 0 255 0 0 0 255 0 255 0 0 0 0
    255 255 255 255 255 255 0 0 0 0 255 255 0 0 255 255 0 0 255 255 0
    255 255 0 0 255 255 0 255 0 255 0 0 0 0 255 255 0 0 0 0 0 0 0 255
    255 0 0 0 0 255 255 0 0 0 0 0 0 0 0 0 0 0 255 255 0 0 0 255 255 0 0
    255 0 0 255 255 255 0 255 0 0 0 0 0 255 0 0 0 0 0 0 255 0 0 255 0
    255 0 0 255 255 0 0 0 255 0 0 0 0 255 255 0 0 0 0 0 255 0 255 0 0
    255 0 0 0 255 0 255 0 255 255 0 255 255 255 255 255 0 0 0 0 255 0 0
    0 255 0 0 255 0 0 0 255 0 0 0 0 0 0 0 0 0 0 255 255 0 255 0 0 0 255
    255 0 0 0 255 255 0 255 255 0 0 255 0 255 0 0 0 0 0 255 0 0 255 255
    255 0 0 255 0 0 0 255 255 0 0 0 0 0 0 0 0 0 0 0 0 0 0 0 255 0 0 255
    255 0 0 255 0 0 255 0 255 255 0 0 0 0 255 0 0 0 255 0 255 255 0 0 0
    255 255 0 0 255 0 0 255 0 0 0 0 0 0 0 255 0 0 0 255 0 0 0 255 0 0 0
    0 255 0 0 0 0 0 0 255 0 255 0 0 0 255 0 0 0 0 0 255 255 0 0 0 255 0
    255 0 0 255 0 0 255 255 255 0 0 0 255 0 0 255 0 0 0 0 0 255 0 0 0 0
    0 255 0 0 255 0 0 0 0 0 255 0 0 255 0 0 255 0 0 0 0 0 0 0 0 0 0 255
    0 255 255 255 0 0 0 0 255 255 0 0 0 0 0 0 0 255 0 0 255 0 0 0 0 0 0
    0 255 0 255 255 255 0 0 0 0 0 0 255 255 255 0 0 255 0 0 255 0 255
    255 255 255 255 0 0 0 0 0 0 255 255 0 0 255 0 0 255 0 0 0 0 0 255
    255 0 0 255 255 0 255 0 0 0 255 0 255 255 0 0 0 255 255 0 0 0 0 0
    255 0 0 0 0 255 255 0 0 0 0 0 255 255 255 0 0 0 0 0 0 0 255 255 0 0
    255 0 0 0 255 0 0 0 0 0 0 0 255 0 0 0 255 0 0 0 0 0 0 0 0 0 0 0 0 0
    255 0 255 255 255 255 255 0 255 0 0 0 255 0 255 0 255 0 0 255 0 0 0
    0 255 0 255 0 255 0 0 255 0 0 0 255 0 255 255 255 255 0 0 0 0 0 0 0
    255 255 255 0 0 0 255 0 255 0 0 0 0 255 0 0 255 255 0 0 0 0 0 0 0 0
    255 255 0 255 0 0 0 0 0 0 0 0 255 0 0 0 0 0 0 0 0 255 0 0 255 255 0
    255 0 0 0 0 0 0 0 255 255 0 0 0 0 0 255 0 0 0 0 0 0 0 0 0 0 255 0 0
    0 255 0 0 0 255 0 0 255 0 0 0 0 255 255 0 0 0 255 0 0 0 0 0 0 255
    255 0 0 0 0 255 255 0 0 255 255 0 0 255 0 0 0 0 0 0 0 0 0 255 0 0
    255 0 0 0 0 255 255 0 255 0 0 0 0 255 0 255 0 255 0 0 0 0 0 0 255
    255 0 0 0 255 0 0 0 0 0 0 0 0 0 0 0 255 0 0 0 0 0 0 255 0 255 0 0 0
    0 255 0 255 255 0 0 0 0 0 255 0 0 0 0 255 0 0 255 0 0 255 255 0 0 0
    0 255 0 255 0 255 0 255 0 255 0 0 0 0 255 0 0 255 255 0 0 255 255 0
    0 255 0 0 255 255 255 0 0 255 0 0 0 255 0 0 255 0 0 0 0 0 0 0 255 0
    255 0 0 0 0 0 0 0 0 0 0 255 0 255 255 255 0 0 0 0 0 0 255 255 0 0
    255 0 0 0 0 0 0 255 255 0 255 0 255 0 0 0 0 0 255 0 0 0 0 255 0 0 0
    255 0 0 0 255 255 0 0 0 0 0 255 0 0 255 255 255 0 255 0 0 0 255 0 0
    0 0 0 255 0 255 255 255 0 0 0 0 255 0 0 0 255 255 255 0 255 0 255
    255 0 0 0 255 0 255 0 255 0 0 255 0 0 255 0 0 0 255 255 0 0 0 0 255
    0 0 255 0 255 0 0 0 0 255 0 0 0 0 0 0 255 255 255 0 0 0 255 0 0 255
    0 0 0 255 0 255 0 0 0 255 0 0 0 255 0 255 255 0 0 0 0 0 255 0 255 0
    0 0 255 0 0 255 0 0 0 255 0 0 0 255 0 0 0 0 255 0 0 255 0 255 0 0 0
    0 0 0 255 0 0 0 0 0 255 0 0 0 0 0 0 255 0 0 255 0 255 0 0 255 255 0
    0 255 255 0 0 0 0 0 0 255 0 0 255 255 0 0 255 0 0 255 0 0 255 255
    255 0 0 255 255 255 0 0 0 0 0 0 0 255 0 255 0 0 0 0 255 0 0 0 0 0 0
    0 0 0 0 0 0 255 0 0 0 0 0 0 0 255 0 0 255 0 255 0 0 0 0 0 255 255 0
    0 0 0 0 0 0 255 255 0 0 0 0 0 0 255 0 255 0 0 0 255 255 255 255 0 0
    0 0 0 255 0 255 0 0 0 255 255 255 255 0 0 255 255 0 0 255 0 0 255 0
    255 0 0 0 255 255 0 0 0 0 0 255 0 255 255 0 0 0 0 0 0 255 0 0 255 0
    0 0 0 0 255 0 0 0 255 0 255 0 0 0 0 255 255 0 0 0 255 255 0 0 0 255
    255 0 0 0 0 0 0 0 0 0 0 0 0 0 0 255 0 0 0 0 0 0 0 255 0 255 0 255 0
    255 0 0 0 0 255 0 0 255 0 0 0 0 255 255 255 0 0 0 0 0 0 0 0 0 0 0
    255 0 0 0 0 0 0 0 0 255 0 0 255 0 0 255 0 255 0 0 255 0 255 255 0 0
    255 255 0 0 255 0 0 255 0 0 0 255 0 255 0 0 0 0 0 255 0 0 0 255 0 0
    255 0 0 255 0 0 0 0 255 255 0 255 255 0 255 255 0 0 0 0 0 0 255 0 0
    255 0 0 0 0 0 0 0 0 255 0 0 0 255 0 0 0 255 255 0 0 255 255 0 0 255
    0 0 0 0 0 0 255 0 0 255 0 0 0 0 0 255 0 0 0 255 0 0 0 255 255 0 255
    0 0 0 0 255 255 0 255 0 0 255 0 0 255 255 255 0 0 255 255 0 0 0 0 0
    255 0 255 255 0 0 255 0 0 0 255 0 255 0 255 255 0 0 0 0 255 0 255
    255 0 0 0 0 255 255 0 255 0 0 0 0 255 255 0 0 255 255 0 0 0 0 0 0 0
    0 255 255 255 255 0 255 255 0 0 0 255 255 0 255 0 255 255 0 0 0 255
    0 0 0 0 255 0 0 0 255 0 0 0 0 0 255 0 0 0 0 0 0 0 0 0 0 0 0 255 255
    0 0 0 0 0 0 0 255 0 0 0 0 255 0 0 0 255 255 255 255 255 0 255 255 0
    255 0 0 0 0 0 0 0 0 0 0 0 0 0 255 0 0 255 0 0 0 0 255 0 0 0 255 0 0
    0 0 0 255 255 0 255 0 0 0 0 0 255 0 0 255 0 0 0 255 0 255 0 255 0 0
    0 0 0 0 0 0 0 0 255 255 255 0 0 0 255 255 0 0 0 0 255 255 0 0 255
    255 255 255 255 0 0 255 255 255 0 255 0 0 0 0 0 255 0 255 255 0 255
    0 255 0 255 255 0 0 0 0 255 255 255 255 0 0 255 0 255 0 0 0 0 0 0
    255 255 255 255 255 0 255 0 0 255 0 0 0 0 255 255 0 255 0 0 255 255
    0 0 0 0 255 255 0 255 0 0 0 255 255 0 0 255 255 0 0 0 0 0 0 0 255
    255 0 0 0 255 0 255 255 0 0 0 0 0 255 0 255 0 0 0 0 0 0 255 0 255 0
    0 255 0 0 0 255 0 0 255 0 255 0 0 0 0 255 0 0 0 0 0 0 255 255 0 255
    0 0 0 0 0 255 255 0 255 255 0 0 0 0 255 0 0 255 0 0 255 0 0 0 0 0 0
    0 255 0 0 0 255 0 0 0 0 255 0 255 255 0 0 0 0 0 0 255 0 0 0 0 255 0
    0 0 0 255 0 0 0 255 0 0 255 0 0 0 0 255 0 0 0 255 0 0 255 255 0 0 0
    0 255 0 0 0 0 0 255 0 0 0 0 0 0 0 0 0 0 0 255 0 0 0 0 255 0 0 255
    255 0 0 0 0 0 255 0 0 255 255 0 0 255 0 0 0 0 0 0 0 255 0 0 0 255 0
    0 0 255 0 255 0 0 0 0 0 255 0 0 255 0 255 255 255 0 255 0 0 0 0 255
    0 0 0 255 0 0 0 0 255 0 255 0 0 255 0 255 0 0 0 0 0 0 0 0 0 0 0 0 0
    0 255 0 255 0 0 0 255 255 0 255 0 0 0 255 255 0 0 0 0 0 0 0 0 0 0 0
    255 0 255 0 0 255 255 255 0 0 0 0 0 255 0 0 0 0 255 255 0 255 0 255
    0 0 0 0 0 0 0 255 0 0 255 0 0 0 0 0 0 0 255 0 0 255 0 255 0 255 0 0
    0 0 0 255 0 255 255 255 0 0 255 255 255 255 255 0 0 0 255 0 0 0 0 0
    0 0 255 0 255 0 0 0 255 0 0 0 0 0 255 0 0 255 0 0 255 0 0 0 0 0 0
    255 0 0 255 0 0 255 0 0 255 255 255 0 0 0 0 255 255 0 0 0 0 255 0 0
    0 0 0 0 0 0 0 0 0 0 255 255 0 0 0 0 0 255 0 0 0 255 0 255 0 0 0 255
    255 0 255 0 0 0 255 0 0 0 0 0 0 0 255 0 0 255 0 255 255 0 0 255 0
    255 255 0 255 0 255 0 0 0 0 255 0 0 0 0 255 255 255 0 0 255 0 0 0 0
    255 0 0 0 255 0 255 0 255 0 0 0 255 0 0 0 0 0 0 255 0 0 0 255 255 0
    0 0 0 255 0 255 255 255 0 0 0 0 255 0 0 0 0 0 255 0 0 0 0 255 0 255
    255 0 0 0 0 0 0 0 0 0 0 255 0 0 0 0 255 0 0 255 255 0 0 0 255 255
    255 0 255 0 0 0 0 0 0 0 0 0 0 0 0 255 255 255 0 255 255 0 0 255 0 0
    0 0 0 0 0 0 255 0 0 0 0 0 0 0 0 0 0 0 0 0 255 0 0 0 0 255 255 0 0
    255 0 0 0 255 0 0 0 0 0 255 255 255 255 0 0 255 0 0 0 0 255 0 255 0
    0 255 0 0 0 0 255 255 255 0 0 255 0 0 255 0 255 255 0 0 0 0 0 0 0
    255 0 0 0 255 255 0 0 0 0 0 0 0 255 0 255 0 0 255 0 0 255 0 255 0 0
    0 255 0 255 0 0 0 0 0 0 0 0 0 255 0 0 255 0 0 255 255 0 255 0 0 255
    0 0 0 255 0 255 0 0 255 0 255 255 0 0 0 255 0 255 0 0 0 0 255 0 0 0
    0 255 0 0 0 0 0 0 0 0 0 255 255 255 255 0 255 255 255 0 0 255 0 0 0
    255 0 0 255 255 255 0 0 255 255 0 0 0 0 255 0 0 0 255 0 255 255 0 0
    255 0 0 255 0 255 0 255 0 255 0 0 0 255 0 0 0 0 0 255 255 255 0 0 0
    0 255 0 0 0 255 0 0 0 0 0 0 255 0 0 0 0 0 0 0 255 0 255 0 0 0 0 255
    255 255 0 0 0 255 0 0 0 0 255 0 0 0 255 0 0 0 255 0 0 0 0 0 0 0 0
    255 0 0 0 0 255 0 255 0 0 0 0 0 0 255 0 0 0 0 255 0 255 0 0 0 255 0
    0 0 255 0 0 0 0 0 255 0 255 0 0 255 0 255 0 0 0 0 255 0 0 0 0 255
    255 0 0 0 0 0 255 255 0 0 0 255 0 0 255 0 255 0 0 0 0 0 255 0 0 0
    255 255 255 255 255 255 255 0 0 0 0 255 255 0 0 255 0 0 0 255 0 0
    255 255 0 0 0 0 255 255 255 0 255 0 0 255 0 0 255 0 0 0 0 255 0 0
    255 0 0 0 0 0 0 0 255 0 0 0 0 0 255 0 255 0 0 255 0 0 255 0 0 0 0 0
    255 0 0 255 0 0 0 0 255 255 0 0 0 0 0 0 0 255 0 255 0 0 0 0 0 0 0 0
    0 0 255 0 255 0 0 255 0 0 255 0 255 0 0 0 255 255 0 255 255 0 0 255
    0 0 0 0 0 255 0 0 0 255 0 0 255 0 0 0 255 0 255 0 0 0 0 255 0 255 0
    0 255 0 0 0 0 0 0 0 255 0 0 0 255 0 0 255 0 255 0 0 0 0 0 255 255 0
    255 0 255 0 255 0 255 0 0 0 255 0 0 0 255 255 0 255 0 0 255 0 255 0
    0 0 0 0 0 0 255 0 0 0 255 0 0 255 0 255 0 0 0 255 0 255 0 0 0 255 0
    0 0 0 0 0 0 0 0 255 255 255 0 0 255 0 255 255 0 255 0 255 0 0 255 0
    255 0 0 0 0 0 0 0 0 255 0 255 0 0 0 255 255 0 0 0 255 0 0 0 0 255 0
    0 0 0 0 0 255 0 255 0 0 0 0 0 255 255 0 255 0 255 0 0 0 0 255 255
    255 255 0 255 255 0 0 0 0 0 255 0 0 255 0 0 255 0 255 0 0 0 0 0 255
    0 0 255 0 0 0 255 0 0 0 255 0 0 0 0 255 255 0 0 0 0 0 0 0 0 255 0 0
    0 0 255 0 255 0 0 255 0 0 255 255 0 0 0 255 255 0 0 0 0 255 0 0 255
    255 0 0 0 0 0 0 0 0 255 0 255 0 0 255 0 255 0 0 0 255 255 0 0 0 0
    255 255 255 255 0 0 0 0 0 0 0 0 0 0 0 0 0 255 255 255 0 0 0 255 255
    255 0 0 0 255 0 0 0 255 255 0 0 0 255 255 0 255 255 255 0 255 255 0
    255 255 255 255 0 255 0 255 0 0 255 255 255 0 0 255 0 0 255 0 0 0 0
    0 0 255 0 0 255 255 0 0 255 0 0 255 0 0 255 255 0 255 0 255 0 255 0
    255 255 0 255 0 255 0 0 0 0 0 255 255 0 0 0 0 255 0 0 0 255 255 0 0
    0 255 255 0 0 0 255 0 0 0 0 0 0 0 0 0 255 255 255 255 0 0 0 0 255 0
    255 0 0 255 0 0 0 0 0 0 0 0 0 0 255 0 255 0 0 255 0 255 255 255 0
    255 0 0 0 255 0 0 255 255 255 0 0 255 255 0 0 255 0 255 0 0 0 0 0 0
    0 0 0 0 0 0 0 0 0 0 255 0 0 0 0 255 255 0 0 255 0 0 255 0 0 0 0 255
    0 0 0 255 0 0 0 0 0 255 255 0 0 0 0 255 0 0 0 0 255 0 0 255 255 0 0
    0 0 0 0 0 0 0 0 255 0 0 255 255 255 0 0 0 0 255 0 255 0 0 0 255 255
    255 255 0 0 0 255 0 0 0 0 0 255 255 0 0 0 255 255 0 0 0 255 0 255 0
    255 255 0 0 0 255 0 0 0 255 255 0 0 0 0 255 255 255 0 255 0 0 255 0
    0 0 255 255 0 0 255 0 0 0 255 255 255 0 0 0 0 0 0 0 0 255 0 0 0 0
    255 255 255 255 0 0 0 0 255 255 0 0 0 0 0 0 255 0 0 0 0 0 0 255 0 0
    0 255 0 255 0 0 0 0 0 0 0 0 0 255 0 0 0 255 0 255 255 0 255 0 255 0
    0 255 255 255 255 255 0 0 0 0 0 0 0 0 255 255 0 255 0 0 0 255 255 0
    255 0 255 0 255 0 0 255 0 0 0 0 255 0 0 0 0 0 0 0 0 0 0 0 255 0 0
    255 255 0 255 0 0 0 255 0 0 0 0 255 0 255 0 255 0 255 0 255 0 255 0
    0 0 0 255 255 0 0 255 0 0 255 0 0 0 255 255 0 255 0 255 0 0 0 0 0
    255 0 255 255 0 0 0 0 255 255 255 0 0 0 0 0 255 0 0 0 0 0 0 0 0 255
    0 255 0 0 0 0 0 0 0 255 0 0 0 0 0 255 0 0 255 0 0 0 0 255 0 0 0 255
    0 0 0 0 255 255 0 255 0 0 0 255 0 255 0 0 0 0 255 0 0 0 0 0 0 255
    255 0 0 0 255 255 0 255 255 0 0 0 0 0 0 255 255 0 0 255 0 0 255 0 0
    0 0 255 255 0 255 0 0 0 255 255 255 255 255 0 255 0 0 255 255 0 0
    255 255 255 0 0 0 0 0 0 0 0 0 0 0 0 0 255 0 0 255 0 0 255 0 0 0 0
    255 0 255 0 255 0 0 0 255 255 0 0 0 0 0 255 0 255 255 0 0 0 0 0 255
    0 255 0 0 0 0 255 0 0 255 0 0 0 255 255 0 0 255 255 0 0 0 0 0 255 0
    255 0 0 0 0 0 255 255 0 0 0 0 0 0 255 255 0 255 0 0 255 0 0 0 0 255
    0 0 0 255 0 255 0 255 0 0 0 0 255 0 0 0 255 255 0 0 0 0 0 0 0 255 0
    0 255 0 255 0 0 255 0 255 255 255 255 0 255 255 0 255 0 0 0 255 0 0
    255 255 0 0 0 255 0 0 255 0 0 0 0 0 255 255 0 0 0 255 0 255 0 255 0
    0 0 0 255 255 255 255 255 0 0 0 255 0 0 0 0 255 0 255 0 0 0 0 0 0 0
    0 0 255 255 0 0 0 255 255 0 0 0 255 0 0 0 0 255 255 255 0 0 255 0
    255 0 0 0 255 255 255 0 0 255 0 255 0 0 0 0 0 0 0 0 0 0 0 0 255 255
    0 0 0 255 0 255 255 0 0 0 0 255 0 255 0 0 0 255 0 255 255 255 255 0
    255 255 0 0 255 255 255 0 0 0 255 0 0 255 255 0 0 0 0 0 0 0 0 0 0
    255 255 0 255 255 255 0 0 0 0 255 0 0 0 0 0 0 0 255 255 0 0 0 255 0
    0 0 0 0 0 0 0 0 0 0 255 0 0 0 0 0 0 0 0 255 0 0 255 0 0 0 255 255 0
    0 0 0 0 0 255 0 0 0 255 0 0 0 255 255 255 255 255 255 0 0 0 255 0 0
    0 0 0 255 255 255 255 255 0 0 255 0 0 0 0 0 0 0 0 0 0 0 0 0 0 255 0
    0 0 0 0 255 0 0 0 0 0 0 255 255 0 0 255 255 255 0 0 255 0 255 0 0 0
    255 0 0 0 0 0 0 0 0 255 0 255 0 0 255 0 255 0 0 255 0 0 0 0 0 0 0
    255 0 0 0 255 0 0 0 0 0 255 255 0 0 255 0 0 0 0 0 255 0 255 255 255
    255 255 0 0 255 0 0 0 0 255 255 0 0 0 0 0 0 255 0 0 0 255 0 0 255 0
    0 0 255 0 0 255 0 0 0 0 0 0 255 0 255 0 255 0 0 255 255 255 0 0 0 0
    0 0 0 0 255 0 255 255 255 0 0 0 0 255 0 0 255 255 0 255 255 255 255
    0 0 0 0 255 255 0 0 0 0 255 0 0 0 0 0 255 0 0 0 0 255 255 0 0 0 0
    255 0 255 0 0 0 255 255 255 0 255 0 0 0 0 0 0 0 0 0 0 0 0 0 0 0 0 0
    0 255 255 0 255 0 0 255 0 0 0 0 0 0 0 0 255 0 0 0 0 255 0 0 0 0 0 0
    255 255 0 0 0 0 0 0 0 0 0 255 0 255 0 0 0 0 0 0 255 0 255 0 0 0 0 0
    0 255 0 0 0 0 255 0 0 0 0 0 0 0 255 0 0 0 0 255 0 0 255 0 0 0 0 255
    0 255 0 0 0 255 0 0 0 0 0 255 0 0 0 0 0 255 0 0 0 0 255 0 0 0 0 0
    255 255 255 255 255 0 255 0 0 255 0 0 0 0 0 0 0 0 0 0 0 0 255 0 0
    255 0 255 0 0 255 255 0 0 255 255 0 0 0 0 0 255 0 255 0 0 0 0 0 0
    255 0 0 0 0 0 255 0 0 0 0 0 0 0 255 0 0 255 0 255 255 0 0 0 0 0 0
    255 0 0 255 0 0 255 255 255 0 255 0 0 0 0 0 0 0 0 0 0 0 255 0 0 0 0
    0 255 0 0 0 0 0 0 0 0 0 0 0 255 0 0 0 0 0 0 0 0 255 0 0 255 0 0 0 0
    0 0 0 0 0 255 0 0 0 0 0 0 0 255 255 0 0 255 0 0 255 255 0 0 0 0 255
    0 0 0 255 0 0 0 0 0 255 0 0 255 255 0 0 0 0 0 0 255 255 0 0 0 0 0 0
    0 0 0 255 0 0 255 0 0 255 0 0 255 255 255 255 0 0 255 0 0 0 0 0 0 0
    255 0 0 0 0 0 0 0 0 255 0 255 0 255 255 0 0 0 0 255 255 0 0 0 255
    255 255 0 0 255 0 0 0 255 255 0 255 0 0 255 255 0 255 0 0 0 255 255
    0 0 255 0 0 0 0 0 0 0 0 0 0 255 255 255 0 255 255 0 255 0 0 0 0 0 0
    0 0 0 0 0 0 255 255 0 0 0 0 255 255 0 255 0 255 0 0 0 255 0 0 0 0 0
    255 0 0 0 0 255 0 255 0 255 0 0 0 0 255 0 255 0 0 255 0 0 0 0 0 0
    255 0 255 0 0 0 255 255 0 0 0 255 0 0 0 0 0 0 255 0 0 0 0 0 255 0
    255 0 255 0 0 255 0 0 255 255 255 255 0 255 255 0 255 0 0 0 0 0 255
    255 0 255 0 255 255 0 0 0 255 255 255 255 0 255 0 255 255 0 0 0 255
    255 0 0 255 0 0 0 0 0 0 0 0 0 0 0 0 0 0 255 255 0 0 0 0 0 255 0 0 0
    0 0 0 0 0 255 0 0 255 0 0 0 0 0 0 0 255 0 0 0 0 0 255 255 0 0 255 0
    0 255 0 255 0 0 255 255 0 0 255 0 255 0 0 0 0 255 0 255 0 0 0 0 0 0
    0 0 0 255 0 0 0 0 255 0 255 255 0 255 0 255 0 0 0 0 0 0 0 0 255 0 0
    0 0 255 0 0 255 255 0 0 0 0 0 255 255 255 255 0 0 255 255 0 0 0 0 0
    255 0 255 0 0 255 0 0 255 0 255 0 255 0 255 0 0 255 0 0 255 0 0 0 0
    255 0 255 0 0 255 255 0 0 0 0 0 0 255 0 255 0 0 255 0 0 255 255 255
    0 0 0 0 0 255 255 255 255 255 0 0 0 0 0 255 255 0 0 0 255 0 0 0 0 0
    0 0 0 255 255 0 0 255 0 0 0 255 0 0 0 255 0 0 0 0 0 0 0 0 0 255 255
    0 0 0 0 255 255 0 0 0 0 0 255 255 255 0 0 0 0 0 255 255 255 0 0 0
    255 0 255 0 0 255 0 0 255 255 255 0 0 0 0 0 0 0 0 255 255 255 0 255
    0 0 255 255 0 255 0 255 0 0 0 0 0 255 255 255 0 0 255 0 255 0 0 255
    0 0 0 255 0 0 0 255 255 0 255 255 0 0 255 0 0 255 0 0 0 0 0 0 255
    255 255 255 0 0 0 255 255 0 0 255 255 0 0 0 255 0 255 255 0 255 0 0
    0 255 255 0 255 0 255 0 255 0 0 0 255 255 0 0 0 0 0 255 0 0 0 0 0 0
    0 0 0 255 255 0 0 0 255 255 0 0 0 0 255 255 255 255 0 255 255 0 0 0
    0 0 255 255 0 0 0 0 0 0 0 0 0 255 0 255 255 0 255 255 0 0 0 255 0
    255 255 0 0 255 0 255 0 255 255 255 255 0 255 0 255 0 0 0 0 0 255
    255 0 0 0 0 255 255 0 0 0 0 0 255 0 0 255 0 255 0 255 0 0 255 0 0
    255 0 0 0 0 0 255 0 0 0 0 0 0 0 0 0 0 0 0 0 0 0 255 0 0 0 0 0 255 0
    255 0 0 255 255 0 0 0 0 255 0 0 0 0 255 255 0 0 0 255 255 0 0 0 0 0
    255 0 0 0 0 0 0 255 0 0 0 255 0 255 0 0 0 0 0 255 0 255 255 0 0 0 0
    255 0 0 255 0 0 0 255 0 0 255 0 0 0 0 0 0 0 255 0 255 0 255 255 0
    255 0 0 0 0 255 0 0 0 255 0 0 0 0 255 255 0 0 0 0 255 0 0 255 0 255
    255 0 0 255 0 0 255 0 255 0 255 0 255 0 0 255 255 255 255 255 0 0 0
    0 0 0 0 0 255 0 0 255 255 0 0 0 255 0 0 0 0 0 0 0 0 0 255 0 0 255
    255 255 255 0 0 255 0 0 0 255 255 0 0 0 0 0 255 255 255 0 0 255 0
    255 255 255 0 0 0 255 0 0 0 255 0 0 255 0 0 0 0 255 0 255 255 255 0
    0 0 255 0 0 0 255 0 0 0 0 0 255 0 0 255 0 0 255 0 0 255 0 0 255 0
    255 0 255 0 255 0 0 0 0 0 0 0 0 0 0 0 255 255 255 0 255 255 0 0 0 0
    0 0 255 0 0 0 0 0 0 0 255 0 0 0 0 0 255 0 255 255 0 0 0 255 255 0 0
    255 255 0 255 0 255 0 255 0 0 0 0 0 0 255 0 0 0 0 0 255 255 0 255 0
    0 0 0 0 255 0 255 0 255 255 255 0 0 0 255 0 255 255 0 0 255 255 255
    0 0 255 0 255 0 0 0 255 0 0 255 0 0 0 255 0 0 0 0 0 0 0 0 0 255 0 0
    0 0 0 255 0 0 0 255 0 0 0 0 0 0 255 0 255 255 255 0 0 255 0 0 0 255
    0 0 0 0 0 0 0 255 0 0 0 0 255 0 0 255 255 255 0 0 0 0 0 0 0 0 0 0 0
    0 0 0 255 0 0 0 0 0 255 0 255 0 255 0 255 0 0 0 0 0 0 0 0 255 0 0 0
    0 255 255 0 255 255 0 0 0 0 255 0 0 255 0 0 255 255 0 255 0 0 0 0
    255 0 0 0 0 0 255 0 255 0 0 255 0 0 0 0 0 0 0 255 0 0 0 0 0 0 255 0
    0 255 0 0 0 0 0 0 0 0 0 255 255 0 0 0 0 0 255 255 0 255 255 0 255
    255 0 255 255 255 0 0 0 0 0 0 0 0 0 255 0 0 0 0 0 255 0 0 0 0 0 0 0
    0 255 255 255 0 0 0 255 255 255 0 255 0 0 0 255 0 0 0 255 255 0 0 0
    255 0 0 0 0 255 255 0 255 255 0 255 0 0 0 0 0 0 255 255 255 0 0 0 0
    255 255 0 0 0 255 0 0 0 0 0 255 0 0 0 255 0 0 0 0 0 255 0 0 255 255
    0 0 255 255 0 255 0 0 255 255 0 0 0 0 0 255 255 0 255 0 255 255 255
    0 0 0 0 255 255 255 0 0 255 0 0 0 255 255 0 0 0 0 0 0 0 0 0 255 255
    255 255 0 0 255 0 255 255 0 0 0 0 0 0 0 0 0 0 0 0 0 0 0 0 0 0 0 255
    0 0 0 0 255 255 255 0 255 0 255 0 255 255 0 0 0 255 0 0 0 0 0 0 255
    0 0 0 0 0 0 0 255 0 255 0 0 255 255 0 0 0 0 0 255 255 0 0 255 0 0
    255 0 255 255 0 0 0 0 255 0 0 255 0 0 255 0 0 255 255 0 0 255 0 0
    255 0 255 0 255 0 0 0 255 255 0 255 0 0 255 255 255 255 0 0 255 255
    0 0 0 0 0 0 0 255 0 0 0 0 255 255 0 0 0 0 255 255 255 255 0 0 0 0 0
    255 0 0 0 0 0 0 255 255 255 0 0 0 0 255 0 0 0 0 0 255 0 0 0 0 0 0
    255 0 255 0 0 0 0 255 0 0 0 0 255 0 255 255 255 0 0 0 255 0 0 0 0
    255 0 0 0 255 0 255 255 0 255 0 0 0 0 255 0 255 0 255 0 0 255 0 0 0
    255 0 0 255 0 0 0 255 255 0 255 0 0 0 0 0 255 0 255 0 0 0 0 0 0 255
    0 0 255 0 0 0 0 0 255 0 0 255 255 0 0 0 255 0 0 255 0 255 255 0 0 0
    255 255 255 0 0 0 0 255 0 0 255 255 0 255 0 0 0 0 0 0 0 0 255 0 0 0
    0 255 0 0 0 255 0 0 0 0 255 0 0 0 0 0 0 0 0 0 255 255 0 255 0 0 255
    0 0 0 0 0 255 0 255 0 255 0 0 255 0 0 0 0 0 0 0 0 0 0 0 255 255 0
    255 0 0 255 0 0 0 0 0 0 0 0 0 0 0 0 0 255 255 0 255 0 0 255 0 0 0 0
    255 255 0 255 0 0 255 255 255 0 0 0 255 255 0 0 255 0 255 0 0 0 0
    255 0 0 0 255 0 255 255 255 0 0 255 255 0 255 0 0 255 0 0 255 0 255
    0 255 0 255 255 0 0 255 0 0 0 0 255 0 0 0 255 255 0 0 255 255 0 0
    255 0 0 0 0 255 255 255 0 0 0 0 0 0 0 0 255 0 255 0 255 255 0 0 0 0
    0 255 255 0 0 0 0 0 255 255 255 255 0 0 255 255 0 0 0 0 0 0 255 255
    255 255 255 0 0 0 0 0 255 0 0 255 255 0 255 255 0 0 255 0 0 0 255 0
    0 0 0 0 255 255 0 0 255 0 255 0 0 255 0 0 255 255 255 0 0 0 255 0 0
    255 0 0 0 0 0 255 0 0 0 0 0 0 0 0 255 0 0 0 255 255 0 0 0 0 255 0 0
    255 0 0 0 255 255 0 0 0 255 255 0 255 0 0 0 0 0 0 0 255 0 0 255 0
    255 0 255 255 0 0 255 0 0 0 0 255 0 0 0 0 0 0 255 0 0 255 255 255
    255 255 0 0 0 0 0 0 255 0 0 0 0 0 0 0 0 255 0 0 255 0 0 255 255 0 0
    255 0 0 0 0 255 0 255 0 0 0 0 0 255 255 255 0 255 0 0 255 0 0 255 0
    255 0 0 255 0 0 255 255 0 0 0 255 0 0 0 255 0 0 0 255 0 255 0 255
    255 255 0 255 0 0 0 255 255 0 0 0 0 0 0 255 255 255 255 0 255 255
    255 0 0 0 255 0 0 0 0 255 0 0 255 0 255 0 0 0 255 0 255 255 0 0 0 0
    0 255 0 0 255 0 255 0 255 0 0 0 0 255 0 255 255 0 0 0 0 0 255 0 0 0
    255 255 255 0 0 0 0 0 255 0 255 0 0 0 255 0 0 0 255 0 0 0 0 255 255
    0 255 0 255 255 0 255 255 0 0 0 255 0 0 0 0 0 0 0 255 255 0 0 0 255
    0 0 0 255 0 0 255 0 0 255 255 0 255 0 255 0 0 0 255 0 255 255 255
    255 0 0 255 255 0 0 0 0 255 0 0 0 0 255 255 0 0 255 255 0 255 255
    255 0 0 0 255 0 0 0 0 0 255 0 255 255 0 0 0 0 255 0 0 0 0 0 0 0 255
    0 0 255 0 255 0 0 0 0 0 255 0 0 0 255 255 0 255 0 255 255 255 0 0 0
    0 255 255 255 0 255 0 255 0 0 0 0 255 0 0 0 0 255 0 0 255 0 0 0 0
    255 0 0 255 0 255 255 0 255 0 0 0 0 0 255 255 255 0 255 0 255 0 0 0
    255 0 0 255 0 0 0 255 0 0 0 255 255 0 255 0 0 0 255 0 0 0 0 255 255
    255 255 0 0 0 0 255 0 0 0 0 255 0 0 0 0 255 0 0 255 0 0 255 0 255 0
    0 255 0 0 255 0 255 255 0 0 255 0 0 0 0 0 255 255 255 0 0 0 255 255
    0 0 255 0 255 255 0 0 0 0 0 255 0 0 0 255 0 0 0 0 255 0 0 255 0 0
    255 0 0 0 255 0 0 0 0 0 255 255 0 0 255 0 0 255 0 0 0 0 0 0 0 255 0
    0 0 0 0 255 0 0 0 0 0 0 0 0 0 0 0 255 255 255 0 0 255 0 255 0 255 0
    0 255 0 0 255 0 0 255 255 255 255 0 0 0 255 255 0 0 255 0 0 0 0 0
    255 0 0 255 0 0 255 0 0 0 0 255 255 255 0 255 255 0 0 0 255 0 0 0
    255 0 0 0 0 0 0 0 255 0 0 0 0 0 0 255 255 0 0 0 0 0 0 0 255 0 0 255
    255 0 0 255 0 0 0 0 0 255 255 0 0 0 255 255 0 0 0 0 255 255 0 0 0 0
    0 0 0 0 0 255 255 0 0 0 255 0 255 255 0 0 255 255 0 0 255 255 0 0 0
    0 0 255 255 255 255 255 0 0 255 255 0 0 0 255 0 255 0 0 0 255 0 0
    255 255 0 0 255 0 0 0 0 0 0 255 255 0 0 0 0 0 0 255 0 255 0 0 0 255
    255 0 0 255 0 0 0 0 0 255 0 0 0 0 0 0 255 0 0 0 255 0 0 0 0 255 0 0
    0 0 0 255 0 255 0 0 0 0 255 255 255 0 255 0 0 0 255 255 255 0 0 255
    0 0 0 0 0 255 255 0 0 255 255 0 0 255 0 0 255 0 0 0 255 0 0 255 255
    0 0 255 255 0 0 255 0 0 0 255 0 0 0 0 0 0 0 255 0 0 0 0 0 0 0 0 0
    255 0 0 0 255 0 0 0 0 0 0 0 0 0 0 255 0 0 0 0 0 255 0 255 255 255
    255 255 0 255 0 0 0 0 0 0 0 0 255 0 0 255 0 255 0 0 0 255 0 0 0 0 0
    0 255 0 0 0 0 255 0 0 255 0 255 255 0 255 255 0 255 0 0 255 0 0 0
    255 0 0 0 0 0 0 0 255 0 255 255 0 255 0 0 0 0 0 255 255 0 0 255 255
    0 0 0 255 0 0 255 255 255 0 0 255 0 0 0 0 255 255 255 255 0 0 0 0
    255 0 0 0 0 0 255 255 0 0 0 255 0 255 255 255 0 0 0 0 255 0 255 255
    0 0 0 0 255 0 255 0 0 0 0 255 0 255 255 255 0 0 0 0 0 255 0 0 0 0
    255 0 0 255 255 0 255 255 0 0 0 255 0 255 0 0 0 0 255 255 0 0 255 0
    0 0 0 0 0 0 255 0 255 0 0 255 0 255 0 0 0 0 0 0 255 0 0 0 0 0 0 0 0
    0 0 0 0 0 0 0 255 255 0 0 0 0 0 255 255 0 255 0 0 0 255 255 0 255
    255 255 0 0 255 0 0 0 0 255 255 0 0 0 255 0 0 0 255 0 0 0 0 0 255 0
    255 0 0 255 0 255 0 255 0 0 255 0 255 0 0 0 0 0 0 255 0 0 0 255 0 0
    0 0 0 255 255 255 255 0 255 0 255 0 0 0 0 0 0 255 255 255 255 255 0
    255 0 0 0 255 0 0 0 0 0 0 0 255 0 0 0 0 255 0 0 0 0 0 0 255 0 255
    255 0 0 0 0 255 0 255 0 0 255 255 0 0 255 0 0 0 0 0 0 0 0 0 0 0 0 0
    255 0 255 255 0 255 0 0 0 0 255 0 0 255 255 0 0 0 0 0 0 0 0 255 255
    0 255 0 0 0 255 255 0 255 0 0 255 0 0 0 0 0 0 255 0 0 0 0 255 255 0
    0 0 0 0 0 0 255 0 255 0 0 0 0 255 0 0 0 0 255 255 0 0 0 255 0 255
    255 0 255 0 255 255 0 255 0 0 0 0 0 0 255 255 255 255 0 0 0 0 255
    255 255 0 0 0 0 0 0 255 255 255 255 255 255 0 0 0 0 0 0 0 255 0 0 0
    0 0 0 255 0 0 255 0 0 0 0 0 0 255 0 0 255 0 255 0 255 0 255 0 0 0 0
    0 0 0 0 255 0 0 0 0 0 0 0 0 0 255 255 0 0 255 0 0 0 255 0 0 0 0 0
    255 0 0 0 255 255 255 0 255 0 0 255 255 0 0 0 0 0 0 255 255 0 0 0 0
    255 0 255 0 0 0 255 0 255 0 0 255 255 0 0 255 255 0 0 0 255 0 255 0
    255 255 0 0 255 0 0 255 0 0 255 0 0 255 255 0 255 0 0 0 255 0 0 0
    255 255 0 0 0 255 0 255 0 255 0 0 255 0 0 255 255 0 0 0 0 0 0 0 255
    255 0 255 0 255 255 0 0 0 0 0 0 255 0 0 0 0 255 0 0 0 0 255 0 0 0 0
    255 0 255 0 255 0 0 0 0 0 0 0 0 255 0 0 0 0 0 0 0 255 0 0 0 255 0 0
    0 0 0 0 0 0 0 0 0 255 0 0 0 0 0 255 0 0 255 0 0 255 0 0 0 0 0 0 255
    0 0 0 0 0 255 0 255 255 0 0 0 0 255 255 0 0 0 255 255 255 0 0 255
    255 0 0 0 0 0 0 0 0 0 0 0 0 0 0 0 255 0 255 0 255 255 0 255 255 0 0
    255 0 0 0 0 0 0 0 255 0 0 255 255 0 0 0 0 255 0 0 0 255 0 0 0 255 0
    0 0 0 0 0 255 0 0 255 255 0 255 255 255 0 255 255 0 0 0 0 0 255 0 0
    255 255 0 0 0 0 0 0 0 0 0 0 255 255 255 0 255 0 0 0 0 255 0 0 0 0 0
    0 0 255 255 0 255 255 0 255 0 0 255 255 0 0 255 0 0 0 0 255 0 0 0
    255 255 0 0 0 0 0 0 255 0 255 0 0 0 255 255 0 0 0 0 0 255 0 0 0 255
    0 0 255 0 255 0 0 0 255 255 0 0 0 0 255 0 0 0 255 255 0 255 0 255 0
    255 0 0 255 0 0 255 0 255 0 0 255 255 0 0 0 0 0 255 0 0 0 255 255
    255 0 0 255 255 255 255 255 0 255 0 0 0 0 0 0 0 255 255 0 0 0 0 0
    255 255 0 255 255 255 0 0 0 255 0 0 255 255 0 0 255 0 255 255 255 0
    0 255 255 0 255 0 0 0 0 255 0 255 255 255 0 255 255 0 255 255 0 0
    255 0 0 255 0 255 0 0 255 0 0 255 255 0 255 0 0 0 0 255 0 0 0 0 0 0
    0 255 0 0 0 0 255 255 0 0 0 0 255 255 0 0 0 0 0 0 0 0 0 0 0 0 255
    255 255 0 255 0 255 0 255 0 0 255 0 255 0 0 0 0 0 255 0 255 0 255
    255 0 255 0 0 0 255 0 0 255 255 255 0 0 0 255 0 0 255 0 0 255 0 0 0
    0 0 255 255 255 255 255 0 0 0 255 0 255 0 0 255 255 255 255 255 0 0
    0 255 255 255 0 0 0 255 255 0 0 0 0 255 255 255 255 0 0 0 0 255 255
    255 0 0 0 0 0 0 255 0 0 0 255 0 0 0 255 255 0 255 0 255 0 255 0 0 0
    255 0 0 0 255 0 255 0 0 0 0 255 255 0 255 0 255 0 0 0 0 0 0 0 0 0 0
    0 0 0 0 0 255 0 0 0 255 0 0 0 0 0 0 0 0 0 255 0 0 0 255 255 0 0 255
    0 0 255 0 0 255 0 0 0 0 0 255 0 0 255 0 0 0 255 0 255 0 0 0 0 0 0
    255 0 0 255 255 255 255 0 255 0 255 0 0 0 0 0 255 0 0 0 255 0 0 255
    255 255 0 0 0 255 0 0 0 0 0 255 0 0 0 0 255 0 255 0 255 0 0 255 255
    255 255 0 0 0 255 0 0 255 255 0 0 0 255 0 0 0 0 0 0 0 255 0 0 0 0
    255 255 255 0 0 0 255 255 255 255 0 255 0 0 0 255 0 0 0 255 0 0 255
    0 255 0 0 0 0 255 0 255 0 255 0 255 255 255 0 0 0 255 255 0 0 0 0 0
    0 0 0 255 0 0 0 255 255 255 0 0 255 0 0 0 0 0 255 0 0 255 0 0 255 0
    0 0 0 0 0 0 255 0 0 0 0 0 0 0 0 0 0 0 255 0 0 0 0 0 0 255 0 255 255
    0 0 255 0 255 0 255 0 255 0 0 0 0 255 0 0 0 0 0 255 0 0 255 0 0 0 0
    0 255 255 255 255 0 0 0 0 0 0 0 0 0 255 255 255 0 0 0 255 255 255 0
    255 0 0 0 0 255 0 0 0 255 0 0 0 0 0 255 0 0 255 255 255 0 0 0 0 0 0
    0 255 0 255 0 0 255 255 0 255 0 0 0 0 0 255 255 0 0 0 0 0 0 0 0 0 0
    0 0 255 0 0 0 0 255 255 0 0 255 255 0 0 0 255 255 0 255 0 0 0 0 0 0
    0 0 0 0 255 0 0 0 0 0 0 0 255 0 0 0 0 0 255 0 255 0 0 0 0 0 255 0 0
    0 0 0 0 0 255 0 0 255 0 255 255 255 255 0 0 255 255 0 0 0 255 0 0 0
    0 0 0 0 0 0 0 0 255 0 0 255 255 255 0 255 0 0 0 255 0 255 0 0 0 0 0
    0 0 0 0 0 255 0 0 0 0 255 0 0 0 255 0 0 0 255 0 0 255 0 0 0 0 255
    255 0 255 255 255 0 0 255 255 255 0 255 0 0 0 0 0 255 0 255 0 0 0 0
    255 0 255 0 255 0 255 255 255 0 0 255 0 255 0 255 0 255 0 0 0 0 0
    255 0 255 0 0 0 255 0 255 0 255 0 0 255 255 255 0 255 0 0 255 0 255
    0 0 0 0 255 0 255 0 0 0 0 0 0 0 0 0 0 0 0 255 0 0 0 0 0 0 0 0 255 0
    0 0 0 255 0 0 0 0 0 255 0 0 0 255 255 0 0 255 0 0 0 0 0 0 255 0 0 0
    0 0 255 0 0 0 255 255 255 0 0 0 255 0 0 0 0 255 0 0 255 0 0 255 255
    255 0 255 255 255 0 255 0 0 0 255 255 255 0 0 0 0 0 0 0 0 0 255 0
    255 255 255 0 0 0 255 0 255 0 255 0 0 255 0 0 0 255 0 0 255 255 0 0
    255 255 255 0 0 0 255 255 0 255 0 255 255 0 0 0 0 255 255 0 0 0 0 0
    0 0 255 255 0 0 0 255 0 255 0 0 0 0 255 255 255 0 0 255 255 0 255 0
    0 0 255 0 0 255 0 255 0 255 0 255 0 0 0 0 0 0 0 0 0 0 0 255 0 0 0 0
    255 0 255 255 0 0 255 0 0 0 255 255 0 255 0 0 255 0 0 255 0 0 0 255
    0 0 0 0 0 0 0 255 0 0 255 255 0 0 255 0 0 0 255 0 0 0 0 255 0 0 255
    0 0 255 0 255 0 255 255 255 0 0 0 255 0 0 0 0 0 0 0 0 0 0 0 0 255 0
    0 0 255 0 255 0 0 255 255 0 0 255 0 0 0 0 255 0 255 255 0 255 0 0
    255 0 0 0 255 255 0 255 255 255 255 0 0 0 0 0 255 255 255 0 0 255
    255 0 0 0 0 0 255 0 0 0 255 255 0 0 0 0 0 255 0 0 0 0 0 255 0 0 255
    0 0 255 0 0 0 0 0 0 0 0 255 0 0 0 0 255 255 255 0 0 0 0 0 0 255 0 0
    0 0 0 0 255 255 255 255 0 0 255 0 0 0 0 255 255 255 255 0 0 0 0 255
    0 0 0 255 0 0 255 0 0 255 255 0 255 255 0 0 0 0 255 0 0 255 0 255 0
    0 0 255 0 0 255 0 255 255 0 0 255 0 255 0 0 255 0 0 255 0 0 255 0 0
    255 0 255 0 0 0 0 0 0 0 255 0 0 0 0 0 255 0 0 255 0 0 255 0 0 0 0
    255 0 255 0 0 0 255 0 0 0 0 255 255 255 255 0 0 0 0 0 0 0 255 0 0
    255 0 0 0 0 255 255 0 0 0 0 255 255 0 0 0 0 0 0 0 255 0 0 0 0 0 0
    255 255 255 0 0 0 0 0 255 255 0 255 255 0 0 255 0 0 255 0 0 255 0
    255 0 0 255 0 0 0 0 255 255 0 0 255 0 0 0 255 0 0 0 0 255 0 0 0 0 0
    0 255 255 255 0 0 0 0 0 0 0 255 255 255 255 255 0 255 0 0 255 0 255
    0 0 0 0 0 255 255 0 255 0 0 0 255 0 255 0 0 0 0 0 0 0 0 255 255 0
    255 255 0 0 0 0 0 255 0 255 0 0 0 0 255 0 255 0 0 0 0 0 0 255 0 0
    255 0 255 0 255 0 0 255 255 0 0 0 0 0 255 0 0 0 0 0 255 0 255 255 0
    255 0 0 0 255 0 0 0 0 0 0 255 0 0 0 0 0 0 0 0 0 255 255 0 0 0 0 255
    0 0 255 255 255 0 0 0 0 0 255 255 0 0 255 0 0 0 255 0 0 255 0 255
    255 255 0 0 0 0 0 255 255 0 255 0 0 0 0 0 0 0 255 0 255 0 0 0 255 0
    255 0 0 255 0 0 255 0 0 0 255 0 0 255 0 0 255 0 0 0 255 0 255 0 255
    255 0 0 255 0 255 0 255 0 0 0 0 0 255 0 255 0 0 0 255 255 0 255 0 0
    0 0 255 0 255 0 0 0 0 0 255 255 255 255 255 0 255 0 255 0 0 0 0 255
    0 0 0 0 255 255 0 0 0 255 255 255 255 0 0 0 0 255 0 0 0 0 0 0 255 0
    255 0 255 0 0 255 0 0 255 255 255 255 255 0 255 0 255 0 0 0 0 255
    255 0 255 0 0 0 255 255 0 255 255 255 0 0 0 0 255 0 0 255 255 255 0
    0 0 0 0 255 0 255 0 255 0 0 255 0 0 255 0 255 255 0 255 0 255 255 0
    0 0 255 0 0 255 0 255 0 255 0 0 255 0 0 0 255 0 0 0 0 0 255 255 255
    255 255 0 0 0 255 0 0 0 255 0 0 0 0 0 0 0 255 0 0 0 0 0 0 0 0 255 0
    255 0 0 0 0 255 0 255 0 255 0 0 0 0 0 0 0 0 0 0 0 255 0 0 0 255 0 0
    255 0 255 255 0 255 255 0 255 255 0 255 0 0 255 0 0 0 255 255 0 0 0
    255 0 255 0 255 255 0 0 0 255 0 255 0 255 0 0 0 255 0 255 255 255 0
    0 0 0 0 0 0 0 0 255 0 0 0 0 0 255 0 0 0 0 0 0 0 0 0 0 0 255 255 0
    255 0 0 0 255 0 0 255 0 0 0 0 0 255 255 0 0 255 0 255 255 0 255 255
    0 255 255 0 0 255 0 0 0 0 255 0 0 255 0 255 0 0 0 0 255 0 0 255 0 0
    0 0 0 0 0 0 255 255 255 255 0 0 255 0 255 255 0 0 255 0 255 0 0 0 0
    255 255 255 255 0 0 0 0 0 0 0 0 255 255 255 0 0 0 0 0 255 0 0 0 0 0
    255 255 0 255 0 0 255 255 0 0 0 255 0 0 0 0 0 255 0 0 255 0 0 255 0
    0 0 0 0 0 0 255 0 255 0 0 0 0 0 255 0 0 255 255 255 0 0 255 0 0 255
    0 255 0 0 255 0 0 0 0 255 0 0 0 0 0 0 0 255 255 255 0 0 255 0 0 255
    0 255 0 0 0 0 0 0 255 0 0 255 0 0 0 0 255 255 0 0 0 0 0 0 255 0 0
    255 0 0 0 0 0 0 0 0 255 255 0 255 0 0 0 0 255 0 255 0 0 255 0 0 255
    0 255 0 0 255 0 0 0 0 0 0 255 0 0 255 255 0 0 0 0 0 0 0 0 0 0 255
    255 0 0 255 0 255 0 0 0 0 255 0 0 0 0 0 255 0 0 255 0 0 255 0 0 0 0
    0 0 0 255 0 255 0 0 0 255 0 255 0 0 0 0 0 0 0 255 0 0 0 255 0 0 0 0
    0 0 0 0 255 0 255 0 0 0 0 255 0 255 255 0 255 255 0 0 0 255 255 0 0
    255 255 255 255 0 255 0 0 0 0 0 0 0 255 0 255 0 0 0 0 255 255 0 0
    255 0 0 0 0 0 255 0 0 0 0 0 0 255 0 255 0 0 255 0 255 0 0 0 0 0 255
    255 0 0 0 0 0 0 0 255 0 0 0 0 0 0 0 0 0 255 255 0 0 0 0 255 255 255
    255 0 0 255 0 0 0 0 255 0 0 255 0 0 255 0 0 255 0 255 0 0 255 255
    255 255 0 0 0 255 0 0 0 255 255 255 255 0 0 0 0 255 0 255 255 0 0 0
    0 0 255 255 0 0 255 0 0 0 0 0 0 255 255 0 0 0 0 0 0 0 0 0 0 255 0
    255 0 255 0 0 0 255 0 0 0 255 0 0 0 0 0 0 0 0 0 0 0 0 255 255 0 255
    0 0 0 0 0 255 255 0 0 255 255 255 255 255 0 0 0 0 255 0 0 0 0 255
    255 0 0 0 0 255 255 0 0 255 0 0 0 255 0 0 255 0 255 0 0 255 0 255 0
    0 0 0 0 0 255 0 0 0 0 255 0 0 255 0 0 0 255 255 0 0 255 0 0 255 255
    0 0 0 0 0 0 0 255 255 0 0 0 255 255 255 0 255 0 0 0 0 0 0 0 255 0
    255 255 255 255 0 255 0 0 0 0 0 0 255 255 255 0 0 255 255 255 0 0
    255 0 0 0 0 0 0 0 0 0 0 255 0 0 255 255 0 255 255 0 0 0 0 0 0 0 0 0
    0 0 0 255 0 255 255 255 255 0 0 0 0 0 0 0 0 255 0 0 0 255 0 0 255 0
    0 0 0 0 255 0 0 0 0 255 0 0 0 0 0 255 255 0 255 0 0 255 0 0 0 0 255
    0 255 0 255 0 255 0 0 0 255 255 255 0 0 0 255 255 0 255 0 0 0 0 0 0
    0 255 0 0 0 0 255 0 0 0 0 0 0 0 0 0 0 0 0 0 255 0 0 0 0 0 0 255 0
    255 0 255 0 0 0 0 0 0 0 0 0 255 255 0 255 0 0 255 0 255 0 0 255 255
    255 0 0 0 0 255 0 0 0 255 0 255 0 255 0 0 0 255 0 0 0 0 0 0 255 255
    0 255 0 0 0 255 255 0 255 0 255 0 0 0 0 0 255 0 0 255 0 255 0 255 0
    255 0 0 0 255 0 0 255 255 0 0 0 0 0 0 0 0 0 255 0 255 0 255 0 0 0 0
    0 0 255 0 0 0 255 0 0 0 0 0 0 0 0 0 255 0 0 255 0 0 0 0 0 0 0 0 255
    0 255 255 0 0 255 0 0 255 0 0 0 255 0 255 255 0 0 255 0 255 0 0 0 0
    255 0 0 0 255 255 0 0 0 255 0 0 0 255 255 255 255 0 0 0 0 0 255 0 0
    255 0 0 255 255 255 0 0 255 0 0 255 255 0 255 0 0 0 0 0 0 0 255 255
    0 255 0 0 0 0 0 255 0 0 255 0 0 255 0 0 0 255 0 0 0 255 0 0 0 0 0
    255 0 0 0 0 255 0 0 255 0 0 255 255 0 255 255 0 255 0 255 0 0 255 0
    255 0 255 255 0 0 255 0 0 0 0 0 0 0 255 0 0 255 0 0 255 255 255 0
    255 0 0 255 0 0 255 255 0 255 0 255 0 255 255 255 0 255 0 0 255 255
    0 0 0 255 0 0 255 255 255 0 0 0 0 0 0 255 0 0 0 255 255 0 255 0 0 0
    0 0 0 0 255 0 0 0 0 0 255 0 255 255 0 0 255 0 0 0 255 0 0 0 0 0 0
    255 255 0 0 0 255 0 0 255 0 0 0 0 0 0 255 255 255 255 0 255 0 0 0 0
    0 0 255 0 255 0 0 0 0 0 0 0 0 0 255 0 0 0 0 255 0 255 0 0 0 255 255
    0 0 0 0 255 255 0 0 0 0 255 0 255 0 255 0 0 0 0 0 255 0 0 0 0 0 255
    0 255 0 255 0 255 0 0 255 0 255 255 0 255 255 0 0 255 0 0 0 0 255 0
    0 0 255 0 255 0 0 255 255 0 255 255 255 0 0 0 0 0 0 0 0 0 0 0 0 0 0
    0 0 0 255 0 0 0 0 0 0 255 0 255 0 0 0 0 0 255 0 0 0 0 0 255 0 0 255
    0 0 255 255 0 0 255 255 255 0 0 255 0 255 0 0 255 255 0 255 255 0 0
    0 0 0 255 0 255 255 0 0 255 0 0 0 255 255 0 0 255 0 0 0 0 0 0 0 0 0
    0 0 0 255 0 255 0 0 0 0 0 255 0 0 0 0 0 255 0 255 255 255 0 0 0 0 0
    0 255 255 0 0 255 0 0 255 255 0 255 255 255 0 0 0 0 255 255 255 255
    0 0 0 0 255 0 0 0 0 0 0 255 255 0 0 0 255 0 0 255 0 255 0 0 255 255
    0 255 0 0 0 0 0 0 0 255 0 0 255 255 0 0 0 0 255 0 0 0 0 0 0 0 0 0
    255 0 0 0 0 0 0 255 0 0 255 0 255 0 0 0 255 0 0 0 0 255 255 0 255 0
    255 0 0 0 0 255 0 255 0 0 0 255 0 255 255 255 0 255 0 255 255 0 255
    0 255 0 0 255 0 0 0 0 0 0 0 0 0 255 0 0 255 0 0 0 255 0 0 0 0 255 0
    0 255 0 0 0 255 0 0 0 0 0 0 0 0 255 0 0 255 0 0 0 0 255 0 0 0 255 0
    0 255 0 0 0 0 0 0 0 255 0 255 0 0 0 0 255 255 255 0 0 255 255 0 255
    0 255 0 0 0 0 255 0 255 0 0 0 255 255 0 0 0 255 0 255 0 255 255 255
    255 255 255 0 0 0 255 0 0 255 0 0 255 255 255 0 0 0 255 0 0 255 0 0
    0 255 255 0 255 255 0 255 0 0 0 255 255 0 0 0 0 255 255 0 0 255 0
    255 0 0 0 0 255 0 0 0 0 0 255 0 0 255 255 0 0 0 0 0 0 0 0 255 0 0
    255 0 0 0 0 0 255 255 0 0 0 0 0 0 0 0 255 0 0 0 0 255 255 0 0 0 0 0
    0 0 0 0 0 0 0 0 255 255 0 255 0 0 0 0 0 0 0 0 0 0 0 0 0 0 0 0 0 0
    255 0 0 0 0 0 255 0 0 255 255 0 0 0 255 255 0 0 0 0 0 0 255 255 0 0
    0 0 0 0 0 255 0 0 0 255 0 255 0 0 0 0 0 0 0 0 0 0 0 255 0 0 255 255
    255 0 255 255 255 255 0 0 0 0 0 255 255 255 0 0 255 0 0 0 255 0 0
    255 0 255 255 255 0 0 255 0 0 255 0 0 255 255 0 0 0 0 0 0 0 255 0
    255 0 255 0 255 255 0 255 0 255 255 0 0 0 0 0 255 0 0 0 0 0 0 255
    255 0 0 0 0 0 0 0 255 0 255 0 0 255 255 0 0 0 0 255 255 255 0 0 255
    0 0 0 255 0 0 0 0 0 0 255 0 255 255 255 255 255 255 0 0 0 0 255 0 0
    255 0 0 0 0 255 0 0 255 0 0 0 0 0 0 0 0 0 0 0 0 0 255 255 0 0 255 0
    255 0 255 0 0 255 255 255 0 0 0 0 0 0 0 255 0 255 0 0 255 0 255 0
    255 0 0 0 0 0 0 0 0 0 0 0 255 0 255 0 0 0 0 0 0 0 255 0 255 0 0 0 0
    0 255 0 0 0 255 0 255 0 0 0 0 255 255 0 0 0 0 0 0 0 0 0 255 0 0 0
    255 0 0 255 0 0 0 0 0 0 0 0 0 0 0 0 0 0 255 0 0 0 255 0 0 0 0 255
    255 0 0 0 0 255 0 255 0 0 0 0 0 255 255 0 255 0 0 255 0 255 0 0 255
    0 0 255 0 0 255 0 0 0 0 0 255 255 255 255 255 0 0 255 0 0 0 0 255 0
    0 0 0 0 0 255 255 255 0 0 0 0 255 0 0 255 0 255 0 0 0 0 0 0 255 0
    255 255 0 0 255 255 0 0 255 255 0 0 255 0 0 255 255 255 0 0 0 0 255
    0 255 255 255 0 0 0 255 255 0 0 0 0 0 0 255 255 255 0 0 0 0 255 0 0
    255 0 255 0 0 0 0 0 0 255 0 255 0 0 0 255 0 255 0 0 0 0 0 0 0 0 255
    255 0 255 0 0 255 0 255 255 0 0 0 0 0 0 0 0 255 0 0 0 255 0 0 0 255
    255 0 0 0 0 0 0 255 0 255 0 255 0 0 255 255 255 0 0 0 255 0 255 0 0
    0 0 0 0 255 255 255 0 0 0 0 255 0 0 255 255 0 255 255 255 0 0 0 255
    0 0 0 255 0 0 0 0 0 0 0 0 0 0 0 0 0 0 255 255 255 0 0 255 0 0 255 0
    0 255 0 0 0 0 255 0 255 0 0 255 255 255 255 255 0 0 255 0 255 0 0
    255 0 0 0 255 0 0 255 255 0 255 0 255 0 0 0 0 0 0 0 0 0 0 255 255 0
    0 0 0 0 0 0 0 255 0 0 0 255 0 0 255 0 0 255 255 0 0 0 255 0 0 255 0
    0 0 255 0 0 0 0 0 0 0 0 0 255 0 255 255 0 0 0 0 0 255 0 0 255 0 0 0
    255 255 255 0 255 0 0 255 255 0 255 0 0 0 0 0 255 0 255 0 0 0 0 0
    255 0 255 0 0 0 0 0 0 255 0 0 255 0 0 0 0 0 0 0 0 0 0 255 0 255 255
    0 0 255 0 255 255 0 255 0 0 0 0 255 0 0 0 0 255 255 0 0 0 255 0 0
    255 255 0 0 0 0 0 255 0 255 0 0 0 0 0 0 0 0 255 0 0 0 0 0 255 255
    255 0 0 0 255 0 0 0 255 0 0 0 0 255 0 255 0 255 0 0 0 255 0 0 0 0
    255 0 255 0 0 0 255 0 0 255 0 255 0 0 255 0 0 0 0 255 0 0 0 255 0 0
    255 0 0 0 0 0 255 0 255 255 0 0 0 0 0 255 255 0 255 0 0 255 0 0 0 0
    255 0 0 0 0 255 0 255 0 255 0 0 0 255 0 0 255 0 0 255 0 255 255 0 0
    255 0 255 0 0 0 0 255 255 255 0 0 255 0 0 255 0 0 0 0 255 0 255 0 0
    0 255 255 255 0 0 255 0 0 0 255 0 0 0 0 0 0 0 0 0 255 0 255 0 0 0
    255 0 0 255 0 0 0 255 0 255 255 0 0 0 255 255 0 0 255 0 0 0 0 255 0
    0 255 0 0 0 0 0 0 255 0 0 0 255 255 0 0 255 0 0 0 0 0 0 0 0 255 255
    255 0 0 255 0 255 0 0 0 0 0 255 0 0 255 255 0 0 0 255 0 255 0 0 0
    255 0 255 255 255 255 0 0 0 255 0 255 0 255 255 255 255 0 0 0 0 0 0
    255 0 0 255 0 0 0 0 255 255 0 255 0 0 0 255 255 255 255 255 0 255
    255 255 0 0 0 255 255 0 0 255 0 0 0 255 0 0 0 0 255 255 0 0 0 0 0
    255 0 0 0 0 255 0 0 255 0 0 255 0 0 0 255 0 0 0 0 255 0 0 255 0 255
    0 0 0 0 0 255 0 0 255 255 0 0 255 0 0 255 0 255 0 0 0 0 0 0 0 255
    255 0 0 255 0 0 0 255 0 255 0 255 0 255 0 0 0 0 255 0 0 0 0 255 0
    255 0 0 255 255 0 0 0 0 0 0 255 0 0 0 255 0 255 255 0 0 255 255 0 0
    0 255 255 255 255 255 0 0 255 0 0 255 255 0 255 0 0 0 0 0 0 0 255 0
    0 255 0 0 0 0 0 255 0 0 0 0 0 0 0 255 0 0 0 0 0 0 255 0 0 0 255 255
    255 0 255 255 0 0 0 0 0 0 0 0 0 0 0 0 0 255 0 0 0 255 0 0 0 255 255
    0 0 255 0 0 0 255 0 0 255 0 255 0 0 0 255 0 255 0 255 0 255 0 0 255
    0 255 0 0 0 0 255 0 0 255 0 0 0 255 0 0 0 255 0 0 255 0 0 0 0 0 255
    0 0 0 0 0 255 0 0 255 0 0 0 0 0 0 255 0 0 0 0 0 0 0 255 0 0 0 255 0
    0 0 0 0 0 255 0 255 0 255 0 0 0 255 255 0 0 255 0 255 0 255 255 0 0
    255 255 0 0 0 255 0 255 0 0 0 0 255 0 0 0 0 0 255 0 255 0 0 255 255
    0 0 0 255 0 255 0 255 0 0 255 255 255 0 0 255 0 0 255 0 0 255 0 255
    0 0 0 0 255 255 0 0 0 0 0 255 0 0 0 255 0 255 0 0 255 0 0 255 0 0 0
    0 255 0 0 255 0 255 255 0 255 0 255 255 255 0 255 0 0 0 0 255 0 0 0
    0 0 0 255 255 255 255 255 255 255 0 0 0 255 0 0 0 255 255 0 255 0 0
    255 0 0 255 0 0 0 0 0 0 255 0 0 0 255 255 255 255 0 255 255 255 0 0
    255 255 0 0 0 0 255 0 0 0 0 255 255 0 0 255 0 255 0 255 0 255 0 255
    0 0 0 0 255 255 0 255 255 0 0 0 255 0 0 255 0 0 255 255 0 0 0 255 0
    0 0 0 0 0 255 0 0 0 0 0 0 0 0 0 0 0 0 0 0 0 255 0 0 255 0 255 0 0
    255 0 0 0 0 0 255 255 0 0 0 255 0 255 0 255 0 255 255 0 0 0 255 0 0
    255 0 0 255 255 255 255 0 0 255 0 0 0 255 0 255 0 0 0 0 0 255 0 0 0
    0 255 0 255 0 0 0 255 0 0 0 0 255 0 255 0 0 0 0 0 0 0 0 0 255 0 255
    0 255 0 255 255 255 0 0 0 0 0 0 0 0 255 255 255 255 0 0 255 0 0 255
    0 0 255 0 255 0 0 255 255 0 0 0 255 0 255 0 255 255 0 255 0 0 255
    255 0 0 255 0 0 0 255 0 0 0 0 0 0 0 0 0 255 0 0 0 0 0 0 0 0 0 255 0
    255 255 0 0 0 255 255 0 0 255 0 0 255 0 0 255 0 0 255 0 0 0 255 255
    0 255 0 0 255 255 0 0 255 0 0 255 0 0 0 0 0 0 0 255 255 0 0 0 0 0
    255 0 0 255 0 0 0 255 255 255 0 0 255 0 255 0 255 0 0 255 255 0 255
    0 0 0 255 255 0 255 0 0 0 0 255 0 255 0 255 0 0 0 0 0 255 0 0 255
    255 0 255 255 0 0 255 0 0 255 255 255 0 0 0 0 255 0 0 0 0 255 255 0
    0 255 0 0 0 255 0 0 0 0 0 0 0 0 255 255 0 255 0 255 0 0 0 0 0 255
    255 0 0 0 0 0 255 255 0 0 255 0 0 255 255 255 255 0 0 0 0 0 0 255 0
    0 255 255 0 0 255 255 0 0 255 0 0 0 255 255 255 0 0 0 0 0 0 0 0 0
    255 0 0 0 0 255 0 255 255 0 0 0 0 0 0 255 255 255 0 255 0 0 0 0 0 0
    255 0 0 0 0 0 255 0 0 0 255 0 255 0 0 0 255 255 0 0 0 255 0 0 0 0 0
    0 255 255 0 0 255 0 0 0 0 0 0 255 0 255 0 255 0 0 255 0 255 255 0
    255 255 255 255 255 255 0 0 0 0 0 0 0 0 0 0 0 0 255 0 0 0 0 0 0 255
    0 255 0 0 0 255 255 255 0 0 255 0 0 255 255 0 255 0 0 0 0 0 255 0 0
    255 0 0 255 0 0 0 255 0 0 0 0 0 0 255 0 0 255 0 0 0 0 0 0 255 255
    255 255 0 0 0 0 0 0 255 0 0 0 255 255 0 0 0 255 0 0 255 0 0 0 0 255
    0 0 255 255 255 0 0 0 255 0 0 0 255 0 0 255 255 0 0 0 255 0 0 0 0 0
    0 0 0 0 255 255 0 255 0 255 0 0 0 0 0 0 255 255 0 0 255 0 255 0 255
    0 0 255 0 0 255 0 0 0 0 0 0 0 255 0 0 255 0 255 255 255 255 0 0 0
    255 0 255 0 0 255 0 0 255 0 0 0 0 0 0 0 0 255 0 255 0 0 0 255 255 0
    0 0 0 0 0 0 255 0 0 0 255 255 0 255 0 0 0 0 0 255 0 0 255 255 255 0
    0 255 0 0 0 255 0 0 0 0 0 0 0 0 0 255 0 0 0 0 0 0 255 0 0 0 0 0 255
    0 0 0 0 0 0 255 0 0 255 0 0 0 0 255 0 255 0 0 0 255 0 0 0 255 0 0 0
    0 0 0 0 255 0 0 0 255 0 255 0 0 0 0 0 255 0 0 0 255 0 0 0 0 0 0 0 0
    0 0 0 0 255 255 255 0 0 255 255 0 0 0 0 0 0 0 0 255 255 0 0 0 255 0
    0 255 0 255 0 0 0 255 0 0 255 0 0 0 255 255 0 0 255 0 0 0 0 0 255
    255 0 255 255 0 0 0 255 255 0 0 255 255 0 0 255 255 0 0 0 255 255 0
    0 0 255 0 0 0 255 0 255 0 0 0 0 0 255 0 255 255 255 0 0 255 0 0 255
    0 0 255 0 0 0 255 0 0 0 255 0 0 0 0 255 0 255 0 0 255 255 255 255 0
    255 0 0 255 0 0 0 255 0 0 255 0 0 255 0 255 0 0 255 255 0 255 0 255
    0 0 255 0 0 255 255 0 255 0 0 0 0 0 0 255 0 0 0 0 255 0 0 0 0 255
    255 0 0 255 0 255 0 255 0 255 255 0 0 255 0 0 0 0 0 0 255 0 0 0 255
    0 0 0 255 0 255 0 0 0 255 0 0 0 255 255 0 0 0 0 0 0 0 0 0 0 0 255 0
    0 0 0 0 255 0 0 0 0 0 0 0 0 0 0 0 255 0 0 0 255 0 0 0 255 0 255 0 0
    255 0 0 0 0 0 0 0 0 255 0 255 0 0 0 255 0 255 0 0 0 0 0 0 255 0 0 0
    0 255 0 0 0 255 255 0 0 255 0 255 255 0 0 0 255 0 0 255 0 255 0 255
    0 0 0 255 255 0 0 255 255 0 0 0 255 0 0 0 255 0 255 0 0 0 0 255 255
    0 0 0 255 0 0 255 0 0 0 0 255 255 0 0 0 255 0 255 255 0 0 0 255 0
    255 0 0 0 255 0 0 255 255 0 0 0 0 255 0 0 255 0 0 0 0 0 0 0 0 255 0
    0 0 255 0 255 0 0 255 0 0 0 255 0 0 255 0 0 0 0 0 255 0 0 0 0 0 0 0
    255 0 255 0 0 0 0 255 255 0 0 255 255 0 0 255 0 0 0 0 0 255 0 255
    255 0 0 0 0 0 0 0 0 0 0 0 0 0 255 255 0 0 0 0 255 0 0 0 0 255 255
    255 0 0 255 255 0 0 255 255 255 0 0 0 0 0 0 0 255 0 0 0 0 0 0 255
    255 0 0 0 0 255 0 0 255 0 0 0 255 0 255 0 0 255 255 0 0 0 0 255 0
    255 0 255 0 0 255 0 255 0 0 255 0 255 0 0 255 255 255 255 0 0 0 0
    255 0 0 0 0 0 255 255 0 255 0 0 0 0 0 0 0 0 0 255 0 0 255 0 0 255 0
    0 0 255 0 0 255 0 0 0 255 255 255 0 255 255 0 0 0 255 0 0 255 255
    255 0 0 0 255 255 255 255 0 0 0 0 255 0 0 0 255 0 255 255 0 255 0 0
    0 0 255 0 0 0 0 0 255 0 0 255 255 255 255 255 0 0 0 0 0 0 0 0 0 255
    255 0 255 0 0 255 255 0 0 0 0 255 255 0 255 0 0 0 0 255 0 0 0 0 255
    0 0 0 0 0 0 0 0 0 0 0 255 0 255 0 0 255 255 255 0 255 0 0 255 0 0
    255 0 0 0 0 0 0 0 0 255 0 0 255 0 0 0 255 0 0 0 0 0 0 0 0 0 255 255
    255 0 0 0 0 255 255 255 0 0 0 255 0 0 255 0 0 0 0 0 0 0 0 0 0 0 0 0
    0 0 0 0 0 255 0 255 0 255 0 255 0 0 0 0 255 0 255 0 0 0 255 255 0
    255 0 0 0 0 0 255 0 255 0 0 255 255 255 0 0 255 0 0 0 0 0 0 0 255 0
    0 0 0 0 255 0 0 255 0 0 0 255 0 255 0 0 0 255 255 0 255 0 0 255 255
    0 255 0 0 0 0 0 255 0 0 0 255 0 0 0 0 0 0 0 0 0 255 0 255 0 255 0
    255 0 255 0 0 0 0 0 255 0 255 0 255 0 0 255 0 0 255 0 255 0 0 0 0
    255 255 0 0 255 0 0 0 255 0 0 255 0 0 0 255 255 0 0 0 255 0 255 0 0
    0 255 0 0 0 255 255 0 0 0 255 0 255 0 0 255 255 0 0 0 255 0 0 0 0 0
    0 0 0 0 0 255 0 255 0 0 0 0 0 255 0 0 255 0 0 255 0 0 0 0 0 0 0 0 0
    255 0 0 0 255 0 0 255 0 255 0 255 0 0 0 0 0 0 255 0 0 0 0 0 0 255 0
    0 0 0 0 255 0 0 0 255 255 0 0 255 0 0 0 255 0 0 0 255 0 0 255 0 0
    255 0 255 0 0 255 0 0 0 0 0 0 255 0 0 0 255 0 0 0 255 0 0 0 255 0 0
    0 0 0 0 0 0 255 255 0 255 0 0 0 0 0 0 0 255 0 0 0 0 0 255 255 255 0
    0 0 255 255 0 255 0 255 255 0 0 255 255 0 0 0 0 0 255 0 0 0 255 255
    0 0 0 255 0 0 0 0 0 0 0 255 0 0 255 0 0 255 0 0 255 0 255 0 255 0 0
    0 255 0 255 0 0 255 0 255 0 0 255 0 0 255 255 0 0 0 0 255 0 255 0 0
    255 255 255 255 255 0 0 0 0 0 0 0 0 255 255 0 0 0 0 255 255 0 0 255
    0 0 255 0 0 0 0 0 255 0 0 0 0 0 255 0 0 0 0 0 255 0 0 0 0 0 255 0 0
    0 0 0 255 0 0 255 0 255 0 255 0 0 0 255 0 0 0 0 0 0 0 0 0 0 0 0 255
    0 255 0 0 255 0 255 0 255 0 0 0 0 0 0 0 0 0 255 0 0 0 0 255 0 0 0 0
    0 0 0 0 0 0 0 0 255 0 255 0 255 0 0 255 255 0 0 0 0 0 0 0 0 0 0 0 0
    255 0 255 0 255 0 0 0 255 0 0 0 0 255 0 0 0 0 0 0 0 0 255 255 255 0
    0 255 255 0 0 0 255 0 0 0 0 0 0 0 0 0 0 255 0 255 0 0 0 255 0 0 255
    0 255 0 0 255 255 255 0 0 0 0 0 255 0 255 255 0 0 255 255 0 0 255 0
    0 255 0 255 0 0 255 255 255 255 0 0 0 255 0 0 0 255 0 0 255 0 0 255
    0 255 0 0 255 0 0 255 255 0 0 0 0 0 0 0 255 0 0 0 0 0 255 0 0 0 255
    0 0 0 255 0 0 0 255 0 255 0 0 255 0 0 255 0 0 0 0 0 0 0 0 0 0 0 255
    0 0 0 0 0 255 0 0 0 0 0 0 0 0 0 0 0 0 0 0 255 0 0 255 0 0 0 0 0 0 0
    0 0 255 255 0 0 0 0 0 255 0 255 0 0 255 255 255 0 255 255 0 0 0 0 0
    255 255 255 255 0 255 255 255 255 0 0 255 255 0 0 255 0 0 255 255
    255 0 255 0 0 0 0 0 0 255 0 0 0 0 0 0 0 0 255 0 255 255 255 0 255 0
    0 0 0 255 0 255 0 255 0 0 0 0 0 255 255 255 0 0 255 255 0 0 0 0 0 0
    0 255 0 0 0 255 0 0 0 0 0 0 0 255 255 0 0 0 0 255 255 0 255 255 255
    0 255 255 255 0 0 255 0 0 255 0 255 255 0 255 255 0 255 0 0 255 0 0
    255 0 255 0 0 0 0 0 0 0 0 0 255 0 255 0 255 0 0 0 0 0 255 0 0 255 0
    255 0 0 255 0 255 255 0 0 0 0 0 0 0 255 0 0 0 0 0 255 0 255 255 0 0
    0 0 0 0 255 0 0 0 0 0 255 0 255 0 0 255 255 255 0 255 255 0 255 255
    0 0 255 0 0 255 0 0 0 255 255 255 0 0 0 0 0 0 0 0 0 255 0 0 0 0 0 0
    255 255 0 255 0 0 0 255 0 0 255 255 255 0 0 255 0 0 255 255 0 255 0
    0 0 255 0 0 0 0 255 0 0 255 0 0 0 0 0 0 0 0 0 0 0 0 0 0 0 255 0 0
    255 0 255 0 0 255 0 0 0 255 0 255 0 0 0 255 255 0 0 255 0 255 0 255
    0 255 0 0 255 0 255 0 0 0 0 255 255 255 0 0 0 255 255 255 0 0 0 255
    0 255 0 255 0 0 0 0 255 0 0 0 0 0 0 255 255 0 255 0 0 0 255 0 0 0 0
    255 0 0 0 0 255 255 255 0 0 0 255 255 0 0 0 255 0 0 0 255 255 0 0
    255 0 0 255 0 0 255 255 255 0 0 0 0 0 255 0 0 0 0 0 255 0 0 255 0 0
    0 255 255 0 0 0 255 0 0 255 0 0 0 0 255 0 255 255 0 255 0 255 255
    255 0 0 0 0 0 0 0 0 255 255 255 255 255 0 0 255 255 0 255 0 255 0 0
    0 255 0 0 0 0 255 0 0 0 0 0 0 255 0 0 255 0 0 0 0 0 0 255 255 0 0
    255 0 0 0 255 0 0 0 0 0 255 255 0 0 255 0 0 0 0 0 255 0 0 0 255 0 0
    255 0 255 255 0 0 0 255 0 0 255 0 0 0 0 0 255 0 0 0 0 0 0 0 255 255
    0 0 0 255 0 0 0 255 0 0 0 0 0 255 0 255 255 255 255 0 0 0 255 255
    255 0 0 0 0 255 0 255 0 0 0 0 255 255 0 0 0 0 255 255 0 0 0 0 0 255
    0 0 0 255 0 255 0 0 0 0 255 0 0 0 255 255 255 0 255 0 0 255 255 0 0
    0 0 0 0 0 0 0 0 0 0 0 0 0 0 0 0 255 255 0 0 0 0 255 255 0 255 0 0 0
    255 0 0 0 0 255 0 0 0 255 0 0 255 0 0 255 0 0 0 255 0 0 0 0 0 0 0 0
    0 0 0 0 255 0 0 255 0 255 255 255 0 0 255 255 255 0 0 0 0 0 0 255
    255 255 255 0 0 0 0 255 0 0 255 0 0 255 0 0 0 255 255 255 255 255 0
    0 0 0 255 0 0 255 0 0 0 0 0 0 0 255 0 255 0 0 0 0 0 0 255 0 0 255 0
    0 255 0 0 0 0 255 0 255 255 0 0 0 0 0 0 255 0 255 0 0 0 0 255 255
    255 0 255 0 255 255 0 255 0 0 255 255 255 0 255 0 0 0 0 0 0 0 255 0
    255 0 0 0 255 0 255 0 0 255 0 0 0 255 0 0 0 255 0 0 0 0 0 0 0 0 0
    255 0 0 0 0 255 255 0 255 0 0 255 0 0 0 0 0 255 0 0 0 0 0 0 0 0 0 0
    255 0 0 0 0 255 0 0 0 0 0 0 0 0 0 0 255 255 0 0 255 255 0 0 255 255
    0 255 0 0 0 0 0 0 0 0 255 0 255 0 0 255 0 0 0 0 0 255 0 0 255 0 255
    255 255 0 0 0 0 0 255 255 0 0 255 0 0 0 255 0 0 255 255 0 255 0 255
    255 0 0 255 255 255 0 0 255 0 0 255 0 0 255 0 255 0 255 0 255 255
    255 255 0 0 0 0 0 0 0 255 255 0 0 0 255 255 0 255 0 0 0 0 0 0 255 0
    0 255 0 0 0 0 255 0 0 0 255 0 0 0 0 0 255 255 0 0 255 0 0 255 0 0 0
    255 0 0 0 255 0 0 0 255 0 0 255 0 0 255 0 0 255 255 0 0 0 0 0 0 0 0
    0 0 0 0 0 255 0 0 0 255 0 255 0 0 0 0 0 0 0 0 255 255 0 255 0 255
    255 0 0 255 0 0 0 0 0 255 0 0 255 0 255 0 0 255 0 255 0 255 0 0 255
    255 255 0 0 0 255 0 0 0 255 0 0 255 0 0 255 0 0 0 0 255 0 255 255 0
    255 255 0 0 0 0 0 255 0 0 0 255 255 0 0 0 255 0 0 255 255 255 0 0 0
    0 255 255 255 0 255 255 0 255 0 0 255 0 0 0 0 255 0 0 0 0 0 255 0
    255 255 0 0 0 0 0 0 0 0 0 255 255 0 0 255 0 255 0 0 255 0 255 0 0 0
    255 0 0 0 0 255 255 0 255 0 0 0 255 255 255 0 0 255 0 255 255 0 0
    255 0 0 0 0 0 255 255 255 255 0 0 0 0 255 255 0 0 0 0 0 255 255 0
    255 0 0 0 0 255 0 0 0 255 0 0 0 0 0 255 0 0 255 255 0 0 0 0 0 255
    255 0 255 0 255 255 0 255 0 0 255 0 0 0 0 255 255 0 0 0 255 0 0 0 0
    255 0 0 0 255 0 255 0 0 0 255 0 255 0 0 0 255 255 0 0 0 0 0 0 0 255
    0 0 0 255 0 0 0 255 0 255 0 0 0 0 0 0 0 255 255 0 0 255 0 0 255 0 0
    255 0 0 0 255 0 0 0 0 255 255 255 255 255 0 0 0 0 255 0 0 0 0 255 0
    0 0 0 255 0 255 0 0 0 255 0 0 255 255 0 0 0 0 255 0 255 255 0 0 0 0
    0 0 0 0 0 255 0 255 0 0 255 0 0 0 255 0 0 255 255 255 0 0 255 0 0 0
    255 0 0 255 0 255 0 0 255 0 0 0 255 255 0 0 0 0 255 0 0 0 0 0 0 0 0
    0 255 0 255 0 0 0 0 0 255 255 0 0 0 0 0 0 0 255 0 0 255 255 255 255
    0 0 0 0 255 0 0 0 0 0 0 0 255 0 255 0 0 255 0 255 255 0 0 255 255 0
    0 255 255 0 0 0 0 255 0 0 0 0 0 255 255 255 0 0 0 0 0 255 0 0 0 0
    255 255 0 255 0 255 0 0 255 0 255 255 0 0 255 0 255 0 255 255 255
    255 255 0 255 0 255 0 0 0 0 0 255 0 255 0 0 0 0 0 0 0 0 0 255 0 0
    255 0 0 0 0 255 0 0 255 0 255 0 0 0 0 0 0 0 0 0 0 0 255 0 0 0 0 255
    0 255 0 0 255 0 0 255 0 255 0 0 0 0 0 0 0 0 0 255 0 255 0 0 0 255 0
    0 0 0 255 255 0 0 0 0 0 0 255 0 0 0 255 0 0 0 0 255 0 0 255 255 255
    255 255 0 0 0 0 0 255 255 255 0 0 0 0 255 255 0 0 255 0 255 0 255 0
    255 255 0 0 0 0 255 255 255 255 255 255 0 0 255 0 255 0 0 255 0 0 0
    0 255 0 0 255 0 0 0 0 0 0 0 0 0 0 255 0 255 255 255 255 0 255 0 255
    0 0 255 0 255 255 255 0 0 255 255 255 255 0 0 0 255 0 0 0 0 255 0 0
    0 0 255 0 0 0 0 255 0 0 0 0 255 0 0 255 255 0 0 0 0 0 0 0 0 255 0 0
    0 0 0 0 255 0 0 0 0 0 0 0 0 255 255 0 0 255 255 0 0 0 0 0 0 0 255
    255 0 0 0 0 255 0 255 255 0 0 255 255 255 0 0 0 255 255 255 255 255
    0 0 0 0 0 0 255 255 0 0 0 255 0 0 0 0 0 255 0 0 255 255 0 0 255 0
    255 0 255 255 0 255 0 0 0 255 255 0 255 0 0 0 255 0 0 0 0 0 0 255 0
    255 0 0 0 0 0 0 0 0 255 0 0 0 255 0 0 0 255 0 0 0 255 0 0 0 0 0 255
    0 255 255 0 0 0 255 255 0 0 0 0 255 0 0 0 0 255 0 0 0 255 255 0 0 0
    255 0 0 0 0 0 255 255 255 0 0 0 0 0 255 0 255 0 0 0 255 0 0 255 0
    255 0 0 255 0 0 0 0 0 255 0 0 0 255 0 0 0 255 0 0 255 0 0 255 0 0 0
    255 0 255 0 255 0 0 255 0 0 0 0 0 0 255 255 255 0 0 0 0 255 0 0 0 0
    0 0 0 255 0 0 0 0 0 255 0 0 255 0 0 0 0 0 0 0 255 0 0 255 255 0 0 0
    0 255 0 255 0 0 255 0 0 0 0 0 255 255 0 255 0 0 0 0 255 255 0 0 0 0
    0 0 255 0 0 0 0 0 0 0 0 0 255 0 255 0 0 0 0 255 0 0 255 255 255 0
    255 0 0 255 255 0 0 0 0 255 0 255 0 0 0 0 255 0 0 255 0 0 0 0 0 0 0
    0 0 255 0 0 0 255 0 255 255 0 255 0 0 255 0 0 0 0 0 255 255 0 0 0 0
    255 0 0 0 0 255 0 0 255 0 0 0 0 255 255 255 0 255 0 0 0 255 0 0 0 0
    255 255 0 255 0 0 255 0 0 0 0 0 0 0 255 0 0 0 0 255 0 255 0 0 255
    255 0 0 0 0 255 0 0 255 0 255 0 0 0 0 0 0 0 255 255 0 255 0 0 0 0 0
    255 0 255 0 255 255 255 0 0 0 255 0 255 255 0 0 0 0 0 0 0 255 255
    255 255 0 255 255 255 255 255 0 255 0 0 0 255 255 0 255 255 255 0 0
    0 0 0 255 0 0 0 0 255 0 0 0 0 0 255 0 0 0 0 0 255 0 0 0 0 255 0 0 0
    0 0 0 255 0 0 0 0 255 0 255 255 0 255 0 0 0 0 0 0 0 0 0 255 0 0 255
    255 255 0 255 0 0 0 255 255 255 0 0 0 255 0 0 0 255 0 0 255 255 0 0
    0 255 0 0 0 0 0 0 0 0 0 255 0 0 0 0 255 0 255 0 255 0 0 0 0 0 255 0
    0 255 0 255 0 0 255 0 255 255 0 0 0 0 0 0 0 0 0 255 0 0 0 255 0 0 0
    0 0 0 255 0 0 0 0 255 0 0 0 0 0 0 255 0 0 0 0 0 0 0 255 0 0 0 255
    255 0 0 0 255 0 0 255 255 255 255 255 0 255 0 0 255 0 0 0 0 255 255
    255 0 255 0 0 255 0 0 0 0 0 0 0 0 0 0 0 0 0 0 0 0 255 0 0 255 0 0 0
    255 255 0 0 0 0 0 255 0 0 0 255 255 0 255 255 255 0 0 0 0 0 255 0 0
    0 0 0 0 0 0 0 0 0 255 0 255 0 0 255 255 0 0 0 255 0 0 0 0 0 255 0 0
    255 255 0 0 0 255 0 255 255 0 255 0 0 0 255 0 0 0 0 255 0 0 0 0 0 0
    255 0 0 0 0 0 255 0 255 0 0 255 0 0 0 0 0 255 0 255 0 0 0 0 255 0 0
    0 255 255 255 0 255 0 255 0 0 255 255 0 0 0 255 255 0 0 255 255 0 0
    0 0 0 0 0 0 0 0 255 0 255 255 0 0 0 0 0 0 255 0 255 0 0 0 0 0 255 0
    255 255 0 0 255 255 0 255 255 255 0 0 255 0 0 255 0 255 0 0 0 255 0
    0 0 0 0 255 0 0 0 0 0 0 255 0 0 0 0 255 0 0 0 255 255 0 0 0 0 255 0
    0 255 255 0 255 0 0 255 0 255 0 255 255 0 255 0 255 0 255 0 0 255 0
    0 0 255 0 0 0 0 0 0 0 0 0 0 0 255 255 255 0 0 255 255 0 0 255 255 0
    0 0 255 255 0 0 0 255 255 0 0 0 255 0 255 0 0 0 0 0 255 0 0 0 255 0
    0 255 255 255 255 0 255 0 0 0 0 0 0 0 0 0 0 255 0 0 0 0 0 255 0 0 0
    0 255 0 0 0 255 0 0 0 0 0 0 255 0 0 0 0 255 0 0 0 0 0 0 255 0 255 0
    0 255 0 0 0 255 0 0 0 255 255 255 0 0 255 255 255 0 0 0 0 0 0 0 0 0
    0 255 0 0 255 0 255 255 255 0 0 255 0 0 0 255 0 0 0 0 0 0 0 0 255 0
    0 0 0 0 255 0 0 0 0 0 255 0 0 0 0 255 0 255 255 255 0 0 255 0 0 0
    255 0 0 0 0 255 0 0 0 0 255 0 255 255 255 0 0 0 255 0 0 255 0 0 255
    255 0 0 0 255 255 255 0 0 0 0 0 255 0 255 0 0 0 255 0 0 0 0 0 0 0 0
    0 0 0 255 0 0 255 255 0 0 255 0 255 0 0 255 0 0 0 0 0 0 0 0 0 255 0
    255 0 0 0 0 0 0 255 0 255 0 255 0 0 255 0 0 0 255 255 0 0 0 255 255
    0 0 255 0 255 255 0 0 255 255 0 0 255 255 255 0 0 0 255 255 255 0 0
    0 0 255 0 0 255 255 0 0 0 0 0 255 255 0 0 0 0 0 0 0 0 255 0 0 0 255
    255 0 0 0 0 0 0 0 0 0 0 0 255 0 0 0 0 0 0 0 0 0 0 0 255 0 255 0 0 0
    0 0 255 0 0 255 255 0 0 0 0 0 255 0 255 255 255 255 255 0 0 255 255
    0 0 255 0 255 255 0 255 0 0 0 255 0 255 0 0 0 0 0 0 0 255 0 0 0 0 0
    0 0 0 0 0 255 0 0 0 255 0 255 0 255 0 0 0 255 0 0 0 0 0 0 0 255 0 0
    0 0 0 0 0 0 255 0 255 0 0 255 0 0 255 0 0 0 0 255 255 0 0 0 0 0 255
    0 0 255 0 0 255 0 0 255 0 0 255 0 0 255 0 255 0 0 0 0 0 0 0 0 0 0 0
    255 255 0 255 0 0 255 0 255 255 0 0 0 0 0 0 255 0 0 255 0 0 255 0 0
    0 0 0 0 255 255 0 0 255 255 0 0 0 0 0 255 0 0 0 0 255 0 0 0 0 0 0 0
    255 255 255 0 0 0 0 0 0 0 0 0 255 255 255 0 0 255 0 255 0 0 0 0 255
    255 0 0 255 255 255 0 0 255 0 0 255 255 0 0 0 0 0 0 0 0 0 0 0 255 0
    0 0 0 0 0 0 0 0 0 0 0 0 0 0 0 0 0 255 0 0 0 0 255 255 0 0 0 0 0 0
    255 0 0 0 255 0 0 0 0 0 0 255 255 0 0 0 0 0 0 255 0 0 0 0 0 255 0 0
    255 0 0 0 0 0 0 0 0 0 0 0 0 0 0 0 0 0 0 0 255 0 0 255 0 255 255 255
    0 0 0 0 0 0 255 0 0 0 255 0 0 0 0 255 0 0 255 255 0 0 255 0 255 0
    255 0 0 0 0 255 0 0 0 255 255 0 0 0 0 255 0 0 255 0 0 0 0 255 0 255
    0 0 0 0 255 255 255 0 0 255 255 0 255 0 0 0 0 255 255 0 255 0 0 0 0
    255 255 0 0 255 255 0 0 255 255 0 255 0 0 255 0 0 0 0 0 255 255 0 0
    0 0 0 0 0 0 255 255 255 255 255 0 255 255 0 0 0 0 0 0 0 255 255 0 0
    255 0 255 0 0 255 0 0 0 0 0 255 0 0 0 0 255 255 0 0 0 0 0 0 0 0 255
    255 0 0 255 255 0 0 0 0 0 0 0 0 255 0 0 255 0 0 0 0 0 255 0 0 0 0 0
    0 255 255 0 255 0 255 0 0 255 0 0 0 255 255 0 255 0 0 0 255 0 255 0
    0 0 255 0 0 0 255 0 0 0 255 255 0 255 0 0 0 0 0 255 0 0 0 0 255 0 0
    0 0 0 0 0 0 0 0 255 0 0 0 255 0 0 255 0 255 0 0 0 0 0 0 0 255 0 0 0
    0 0 0 0 0 0 0 0 0 0 0 0 0 0 0 255 0 0 0 255 0 0 0 255 0 0 0 255 0 0
    255 0 0 0 0 255 0 255 255 0 0 255 0 0 255 0 0 0 0 0 255 0 0 0 0 255
    255 0 255 0 0 0 0 255 255 0 0 255 0 0 0 255 0 255 0 255 0 0 0 255 0
    0 0 0 255 0 0 255 255 0 255 0 0 255 0 0 255 255 255 255 255 0 0 0 0
    0 0 0 0 0 0 0 255 255 0 255 255 255 0 0 0 255 255 0 0 255 0 0 0 0
    255 0 0 255 0 0 0 255 0 0 0 255 0 255 0 255 255 0 255 0 0 255 0 255
    0 0 0 0 0 0 255 0 255 0 0 0 0 0 0 255 0 255 255 0 255 0 0 0 255 0
    255 0 255 0 0 0 0 0 0 0 255 0 255 0 0 0 255 0 0 0 0 0 0 0 0 255 255
    0 0 255 255 0 0 0 0 255 255 0 0 0 255 0 0 255 0 0 0 255 255 255 0 0
    255 0 0 0 0 0 255 0 0 0 0 0 0 255 0 0 0 0 0 255 0 0 255 0 0 255 0
    255 0 0 0 0 0 0 0 255 255 0 0 0 255 255 255 0 255 0 0 0 0 0 0 255 0
    0 0 0 255 255 0 0 0 0 0 0 0 0 0 255 0 0 0 0 0 255 255 255 0 0 255 0
    0 0 255 0 0 0 0 0 0 0 0 0 0 0 255 0 0 0 0 0 0 0 0 0 0 0 255 255 0 0
    0 0 0 0 0 0 0 255 0 255 255 0 0 0 0 255 0 0 0 0 255 255 0 0 0 0 0 0
    0 0 0 0 0 0 0 0 255 0 0 0 255 0 0 0 0 0 0 255 0 0 0 255 0 0 0 255 0
    0 0 0 255 255 0 255 0 0 0 0 0 0 0 0 255 0 255 0 255 255 0 255 255 0
    0 255 0 0 0 255 0 0 0 255 0 0 0 255 255 0 0 0 0 255 0 0 255 0 255 0
    0 0 0 0 0 0 0 0 0 0 0 255 0 0 0 0 255 255 255 0 0 255 0 0 0 0 255 0
    255 0 0 0 255 0 0 0 0 255 0 255 0 0 0 0 0 0 0 0 255 0 0 255 0 255
    255 0 255 0 0 0 0 0 0 0 255 255 0 0 0 0 0 0 0 0 0 0 0 0 0 0 0 0 0 0
    0 0 255 0 0 255 255 0 0 0 0 0 0 255 255 255 0 255 255 0 0 0 255 255
    0 0 255 255 0 255 0 255 0 255 0 0 0 255 255 255 0 0 255 255 255 255
    255 0 0 0 255 255 255 0 255 0 255 0 255 255 0 0 0 255 255 255 0 0 0
    255 255 0 0 255 0 0 255 0 0 0 255 0 0 0 0 255 0 0 0 0 255 255 0 0
    255 255 255 0 0 0 0 0 255 255 0 0 255 255 0 255 0 0 0 0 255 255 0 0
    0 0 0 255 0 255 0 0 0 0 0 0 0 0 255 0 255 0 0 0 0 255 0 0 0 0 0 255
    0 0 0 255 255 0 0 0 255 0 0 255 0 255 0 0 0 0 255 0 0 0 0 255 0 0 0
    0 0 255 0 0 0 0 0 0 0 255 0 255 0 0 0 0 0 255 0 255 0 0 255 0 255 0
    0 255 0 0 0 0 255 0 255 0 255 0 0 0 0 0 0 0 0 0 0 0 0 0 255 0 0 255
    0 255 255 255 0 0 0 0 0 0 0 0 0 255 0 0 0 255 0 0 0 0 255 255 255 0
    0 0 0 0 0 255 0 0 255 255 0 0 255 255 0 0 0 0 0 0 0 0 0 0 0 255 0 0
    255 0 0 255 0 255 0 255 0 0 0 255 0 255 255 0 0 0 0 255 255 0 0 0 0
    255 0 0 255 255 0 255 255 0 255 0 0 255 0 0 0 255 255 255 0 0 255 0
    0 255 255 255 255 0 0 255 0 255 0 255 0 0 0 0 255 0 255 0 0 0 0 255
    255 255 255 255 0 0 255 255 0 0 0 0 0 0 0 255 255 0 0 0 255 0 255 0
    0 0 0 255 255 255 255 0 0 0 0 0 0 255 0 0 0 255 255 0 0 0 0 255 255
    0 0 255 0 0 0 0 0 0 0 255 0 255 0 0 0 0 0 0 255 0 0 0 255 0 0 0 0 0
    0 0 0 0 0 0 0 255 255 0 0 255 0 0 0 0 0 0 0 0 255 0 0 0 255 0 0 255
    0 0 0 0 255 0 0 255 0 0 0 0 0 0 0 0 0 0 255 0 255 255 255 0 0 0 0 0
    255 0 0 0 0 0 0 255 0 0 0 0 0 0 0 0 0 255 0 0 0 0 0 255 255 255 0 0
    0 0 0 255 0 0 0 0 255 255 0 0 0 0 0 255 255 255 0 0 0 0 255 255 255
    0 255 255 0 0 0 255 0 0 0 0 0 255 255 0 0 0 0 0 0 255 0 255 0 0 0 0
    255 255 0 255 255 0 0 0 255 0 255 255 0 0 0 0 255 0 0 0 0 0 0 255 0
    255 0 0 0 0 0 0 0 0 255 0 255 0 255 255 0 0 0 0 0 255 0 0 255 0 0 0
    255 0 0 0 255 255 0 0 0 0 0 255 255 0 0 0 255 0 0 0 255 0 0 255 0 0
    255 255 0 0 0 0 255 0 255 255 255 0 255 0 255 0 0 255 0 0 255 255 0
    0 0 255 0 0 0 0 0 255 0 255 0 0 0 0 255 255 0 0 0 0 0 0 0 0 0 255
    255 0 0 0 0 0 0 0 255 0 0 0 0 255 0 255 0 0 0 255 0 0 255 0 0 0 0 0
    0 0 0 255 255 255 0 0 0 0 0 0 0 0 0 0 255 0 255 255 0 255 0 0 0 0 0
    0 0 0 0 0 255 0 255 255 0 0 0 255 0 0 0 255 0 0 255 0 0 0 0 0 255 0
    0 0 0 255 0 0 255 0 255 255 0 255 0 255 0 255 255 0 0 0 0 0 255 255
    0 0 0 255 255 255 0 0 0 0 255 0 0 0 0 255 0 0 0 255 0 0 0 0 255 0 0
    0 255 0 0 255 0 0 0 255 0 0 255 0 0 0 255 0 0 0 255 0 0 0 0 255 255
    255 255 255 0 0 0 0 255 0 0 255 255 255 255 0 0 0 0 0 0 0 255 0 0 0
    255 0 0 0 0 0 0 0 0 0 255 0 0 255 255 255 255 0 0 255 0 255 255 0 0
    0 255 0 255 0 255 0 255 0 0 255 255 0 0 0 255 0 255 0 0 0 0 0 255
    255 255 255 0 0 255 0 0 0 255 255 0 0 0 0 0 0 0 0 255 255 0 0 0 255
    0 0 0 0 0 0 0 255 0 0 255 0 0 0 255 0 0 0 0 255 0 0 0 0 0 0 0 255
    255 0 0 0 0 0 0 0 0 0 0 0 0 0 0 255 255 0 255 0 255 0 0 0 255 0 255
    255 255 255 0 0 255 0 255 0 255 0 0 0 0 255 255 255 0 0 0 255 0 0
    255 255 0 0 0 0 255 0 255 0 0 0 0 255 0 0 255 0 0 255 0 0 0 0 255 0
    255 255 255 255 0 255 0 255 255 0 0 0 0 0 0 0 255 255 0 0 0 255 255
    0 0 255 0 0 255 255 0 0 255 255 255 0 255 255 0 0 0 0 0 255 255 255
    0 0 0 255 0 0 0 0 0 0 0 0 0 0 0 0 0 0 0 255 0 0 255 0 0 0 0 0 255 0
    0 255 255 0 0 0 0 255 0 0 0 0 255 0 0 0 0 0 0 0 0 0 255 0 0 0 0 0 0
    0 0 255 0 0 255 255 0 0 255 0 255 0 255 0 0 255 0 0 0 0 0 0 0 255
    255 0 0 255 255 0 255 0 0 255 0 255 255 255 255 0 255 0 255 0 0 255
    0 0 0 0 0 0 0 255 255 0 0 0 0 255 0 0 0 255 255 0 255 0 0 0 0 0 0
    255 0 0 255 255 0 0 0 255 0 0 255 0 0 0 255 0 0 255 0 255 255 0 0 0
    0 255 0 255 0 255 0 0 0 0 0 255 0 0 0 0 0 0 0 255 0 0 0 255 0 0 0
    255 255 0 0 255 0 0 0 0 0 0 0 255 255 0 0 0 255 255 0 0 0 0 0 255 0
    255 0 0 0 255 0 255 0 0 0 0 255 255 0 0 0 255 0 255 0 0 0 0 0 255 0
    0 255 0 0 0 0 255 0 0 0 0 0 0 0 0 255 0 255 255 255 255 255 0 0 0 0
    0 0 0 255 0 255 0 0 255 0 0 0 0 0 0 0 255 255 0 0 0 0 0 255 255 0 0
    0 0 0 0 255 0 0 0 0 0 255 0 0 0 255 255 0 0 255 0 0 0 0 0 0 255 0 0
    0 255 255 0 255 255 255 0 255 0 255 0 0 255 255 255 255 255 0 255 0
    0 255 0 0 255 255 255 255 0 255 0 255 255 0 0 255 0 0 0 255 0 0 0 0
    0 0 0 0 0 0 0 0 255 0 0 0 0 0 0 255 0 0 0 0 0 255 0 0 0 0 255 0 0 0
    0 0 0 0 0 0 255 0 0 255 255 0 0 255 255 0 255 0 255 0 255 0 0 255
    255 0 255 0 0 255 0 255 0 255 0 0 0 0 255 0 0 0 0 255 255 0 255 0 0
    255 0 0 0 0 0 0 0 0 255 0 0 255 0 255 0 255 0 255 0 0 0 0 0 255 255
    255 0 0 255 0 0 255 0 0 0 0 0 255 0 255 0 0 255 0 0 0 255 0 255 255
    0 255 255 255 255 255 0 0 0 255 255 0 0 0 0 0 0 0 0 0 0 0 0 0 0 0 0
    0 255 255 0 0 255 255 0 255 0 0 0 0 0 0 0 255 0 0 0 0 255 255 0 0 0
    0 0 0 0 0 0 0 0 0 255 0 0 255 0 0 255 0 0 255 0 0 255 0 0 255 0 255
    0 0 255 255 0 255 0 255 0 255 255 255 255 0 0 0 0 255 0 0 0 0 255 0
    0 0 0 0 0 0 0 0 0 0 0 0 0 0 0 0 0 0 0 0 0 255 0 0 0 0 0 0 255 255 0
    255 0 0 0 0 0 0 255 255 0 0 255 0 255 0 255 0 0 255 0 255 0 0 255 0
    0 255 0 255 255 0 0 0 0 0 0 0 0 255 0 0 0 0 0 255 0 0 255 255 0 255
    0 0 255 0 255 0 0 0 0 255 255 0 255 255 0 255 0 0 0 255 255 0 0 0 0
    0 255 255 0 0 0 0 255 0 0 255 0 0 0 255 255 255 0 0 0 0 0 0 255 255
    0 0 255 0 0 0 0 255 0 0 255 255 255 255 0 0 255 0 0 255 0 0 0 255 0
    0 0 255 0 255 0 0 0 0 0 0 0 255 255 255 255 255 255 0 255 0 255 0 0
    0 255 0 255 0 0 255 255 255 0 0 0 0 255 255 0 255 0 0 255 0 0 0 0 0
    255 0 0 255 0 0 0 0 0 0 0 0 0 0 0 0 255 0 0 0 0 255 0 0 0 0 0 0 0
    255 0 255 0 255 0 0 0 0 0 255 0 0 0 255 0 0 255 0 0 0 255 0 0 0 0 0
    255 0 255 255 0 255 0 0 255 0 0 255 0 0 0 0 0 0 255 255 255 0 0 0
    255 255 0 0 0 0 0 0 0 0 0 0 0 0 0 255 0 0 0 255 0 255 0 0 0 255 255
    0 0 255 0 255 0 0 0 255 255 0 0 0 0 0 0 0 0 0 0 255 255 0 0 0 0 0
    255 0 0 0 0 255 0 255 0 0 0 0 0 0 0 0 0 0 255 255 0 0 0 255 0 0 0 0
    0 0 255 255 0 0 255 0 0 0 0 255 255 0 0 255 0 0 0 0 0 0 0 255 255
    255 0 255 0 0 0 0 255 0 0 0 0 255 0 0 0 0 0 0 255 0 0 0 0 255 0 255
    0 255 0 0 0 255 0 0 0 255 0 0 255 0 255 0 0 255 255 0 255 0 0 255 0
    255 255 0 0 0 0 0 0 0 0 255 255 0 0 0 0 0 255 0 0 255 0 0 0 0 0 255
    255 255 255 0 0 0 0 0 0 0 0 0 0 255 0 255 255 0 255 255 0 255 255 0
    0 0 0 0 0 0 0 0 255 0 0 0 0 0 255 0 0 255 255 0 0 0 0 255 0 0 0 0 0
    0 255 255 0 0 255 255 0 0 255 0 255 0 0 255 0 0 0 255 0 255 255 0
    255 0 0 0 0 255 0 255 0 0 0 255 0 255 0 0 0 0 255 255 255 0 0 0 0 0
    0 0 0 0 0 0 0 0 255 0 255 0 255 255 255 0 0 255 0 0 255 255 255 0 0
    255 0 255 255 0 0 0 0 255 0 0 255 255 0 0 0 255 255 0 0 0 0 255 255
    255 255 0 0 0 255 255 0 0 0 0 0 0 0 0 255 0 0 0 0 255 255 255 0 255
    0 255 0 0 255 255 0 0 0 255 0 0 0 0 0 255 0 0 0 255 0 255 255 0 255
    0 0 0 255 255 0 255 0 255 0 0 0 255 0 255 0 0 255 255 0 255 0 0 0 0
    255 0 0 0 0 255 255 0 0 255 0 0 255 255 0 0 0 0 0 0 255 0 0 255 0 0
    0 255 0 255 0 0 255 0 0 0 255 0 0 0 0 0 0 0 0 255 0 0 255 0 0 0 255
    0 0 0 0 0 255 255 0 0 255 0 0 0 255 0 0 0 255 0 0 0 0 0 255 255 0 0
    255 0 0 0 0 255 255 0 255 0 255 0 255 0 0 0 255 0 255 0 0 0 255 0 0
    255 0 0 0 0 0 0 255 0 0 0 0 0 0 0 0 255 0 0 0 0 0 0 255 0 255 0 255
    0 255 255 0 0 0 255 0 0 0 0 0 0 255 0 0 255 255 0 0 0 0 0 255 0 0 0
    255 255 255 255 0 0 0 255 0 0 0 0 0 0 255 255 0 0 0 0 255 0 255 255
    255 0 0 0 0 0 0 0 0 0 0 0 255 0 255 0 255 0 0 255 0 0 0 0 0 255 0
    255 255 0 0 255 255 0 0 0 0 255 0 255 0 255 0 0 255 0 0 0 0 0 0 255
    255 255 0 255 255 0 0 255 0 0 255 255 0 0 255 0 0 0 0 0 0 0 0 0 0 0
    0 0 0 0 0 255 255 0 0 0 0 0 255 0 0 0 255 255 0 0 255 0 255 0 0 0
    255 0 0 255 0 0 0 255 0 0 255 0 0 0 0 0 0 0 0 0 0 255 0 0 0 0 0 255
    0 255 0 0 0 0 0 0 0 0 255 0 255 0 0 255 0 0 0 255 0 255 0 0 255 255
    0 0 0 255 0 0 0 0 255 0 0 0 0 0 0 0 0 255 0 0 0 0 255 0 0 0 0 0 255
    0 0 255 0 255 255 0 0 0 0 255 0 0 0 0 0 255 0 0 0 0 255 255 0 0 0
    255 0 0 0 0 0 255 0 0 255 255 0 0 0 255 0 0 0 0 0 0 0 0 0 0 255 255
    0 0 0 0 0 0 0 255 255 0 0 0 0 0 0 0 0 0 255 255 255 255 0 0 0 255 0
    0 255 0 255 0 0 255 0 0 0 0 0 255 0 0 0 0 0 255 0 0 0 255 0 255 255
    0 0 255 0 0 0 0 0 0 0 0 0 255 0 0 0 0 0 0 0 0 0 255 255 0 0 255 0 0
    0 255 0 0 0 255 0 255 255 255 255 0 0 0 0 0 255 255 0 0 0 0 0 0 255
    0 255 255 255 0 0 255 0 0 255 0 255 255 0 0 0 0 255 0 255 0 0 0 0 0
    0 0 0 0 255 0 255 0 0 255 255 0 0 255 0 0 255 255 0 0 0 0 0 0 0 0
    255 255 0 0 0 0 0 0 255 0 255 0 255 0 0 0 0 255 255 0 255 0 0 0 0 0
    0 0 0 0 0 0 0 0 0 255 0 255 255 255 255 255 255 0 255 255 255 0 0
    255 0 0 0 0 0 0 255 0 255 0 0 0 0 0 0 255 0 0 0 255 255 0 0 255 0
    255 255 255 0 0 0 0 255 0 255 0 255 0 0 255 0 0 0 0 0 255 0 0 255 0
    0 255 0 0 0 0 255 255 0 0 0 0 0 0 0 255 0 0 0 0 0 255 0 255 0 0 255
    0 0 255 0 0 0 255 255 0 0 255 0 0 0 255 0 0 0 0 255 255 0 0 0 0 0 0
    255 0 0 0 0 255 0 255 255 0 0 255 255 255 0 0 0 0 0 0 0 0 0 0 255 0
    0 0 0 0 255 0 0 0 0 0 255 255 0 0 0 255 255 0 0 0 255 0 0 0 255 0 0
    0 0 0 255 0 0 255 0 0 255 0 0 0 0 0 0 0 255 0 255 255 255 0 0 255 0
    0 255 0 0 0 255 0 0 0 0 0 255 0 255 0 0 0 0 255 255 255 0 0 0 0 0 0
    255 255 255 0 0 0 0 255 0 0 255 255 255 255 0 255 0 255 255 0 0 255
    0 0 0 0 0 255 0 0 0 0 255 0 0 255 0 0 255 0 0 0 0 0 255 0 255 0 0 0
    255 0 255 0 0 0 0 0 255 0 255 0 0 0 255 0 0 255 255 0 255 0 255 0 0
    0 255 0 255 0 0 255 0 255 0 0 0 255 255 0 0 0 0 0 0 255 0 255 255 0
    0 0 0 255 255 0 0 0 0 255 0 0 0 255 0 0 255 0 0 0 0 255 0 255 0 0 0
    0 255 0 0 255 0 255 0 0 0 0 255 0 0 0 255 0 0 255 0 0 0 255 0 0 0 0
    255 0 0 0 0 0 0 0 0 0 255 255 0 0 0 0 255 255 0 255 255 0 0 0 0 0 0
    0 255 0 0 0 0 0 0 0 255 255 0 0 0 0 255 0 0 255 0 0 0 0 255 0 255 0
    0 0 0 0 255 0 0 0 255 255 0 0 0 0 0 0 0 0 255 0 255 0 0 0 0 255 255
    0 0 255 0 0 255 255 255 0 0 255 0 0 0 0 255 0 0 0 0 255 0 0 255 255
    0 0 255 0 0 0 0 0 0 0 255 0 0 0 0 0 0 0 0 0 0 0 255 255 0 255 255 0
    0 255 255 0 255 0 255 0 0 0 0 255 255 0 255 0 0 0 0 255 0 0 255 0 0
    0 0 0 255 0 0 255 0 0 0 0 0 0 0 0 0 255 0 0 0 255 0 0 0 0 255 0 255
    0 255 0 0 0 0 0 0 0 0 0 255 0 0 255 0 0 0 0 255 255 0 0 0 0 255 0
    255 0 255 0 0 0 0 255 0 0 255 0 255 0 0 0 255 0 255 0 255 255 0 0 0
    255 0 255 0 255 0 0 255 0 255 0 0 0 255 0 0 0 0 255 255 0 255 255 0
    0 0 0 255 0 0 0 255 0 0 0 0 255 255 0 0 255 255 255 0 0 0 255 0 0 0
    0 0 255 255 0 0 0 255 0 0 255 0 255 0 0 0 0 255 0 255 0 0 0 255 0 0
    255 0 0 0 0 255 255 255 255 255 0 0 0 255 0 255 0 0 0 0 0 255 255
    255 0 0 0 0 0 0 0 0 0 0 0 0 0 255 0 0 0 0 0 0 255 0 0 255 0 0 255 0
    0 0 0 0 255 0 255 0 255 0 0 0 0 0 0 0 0 0 0 0 0 0 0 0 0 0 0 255 0
    255 255 255 0 0 0 0 0 0 0 0 0 0 255 0 0 255 0 0 0 0 0 0 0 255 0 255
    0 255 0 0 0 0 0 0 255 0 255 0 0 0 0 0 255 0 0 255 255 0 255 255 0 0
    255 0 255 0 255 0 255 255 0 0 0 0 0 0 255 255 255 0 0 0 0 0 255 0
    255 0 0 0 0 255 0 0 0 255 255 0 0 255 255 255 0 0 0 0 255 255 0 0 0
    255 0 0 0 255 0 0 255 255 0 0 0 0 255 0 255 0 255 0 0 0 255 0 0 0
    255 0 255 255 0 0 255 255 0 0 0 255 0 0 0 255 0 0 0 0 0 0 0 255 255
    0 0 0 0 255 0 0 255 0 255 0 0 0 255 0 0 255 0 255 0 0 255 0 0 0 0
    255 0 0 0 0 0 0 0 0 0 0 0 0 0 0 0 0 0 0 0 0 0 255 0 255 0 0 0 255 0
    255 0 255 255 0 0 255 255 255 0 0 0 0 0 255 0 0 0 0 255 0 0 0 255 0
    255 0 255 255 0 255 0 0 0 0 0 0 255 255 0 0 0 0 0 0 0 0 0 0 0 0 0 0
    0 255 0 255 255 0 0 0 0 255 0 0 0 0 0 0 0 0 0 0 0 0 255 0 0 0 0 255
    255 255 0 255 255 0 0 255 0 0 0 255 0 255 0 0 0 0 0 255 0 0 0 255 0
    0 0 0 0 0 0 0 0 0 0 0 255 255 0 0 0 0 0 0 255 0 0 255 255 0 0 255 0
    0 255 0 0 0 0 0 0 255 0 0 255 255 0 255 0 0 0 0 255 0 0 0 0 0 0 0 0
    0 255 0 0 0 0 0 255 255 255 0 255 0 0 0 255 0 255 0 0 0 0 0 0 0 0
    255 255 255 0 0 0 0 0 255 255 255 0 0 0 255 0 0 255 0 255 0 255 0 0
    0 255 0 0 255 255 0 255 255 0 0 255 0 0 0 0 255 0 0 0 0 0 0 0 0 255
    0 0 0 0 0 255 255 255 0 0 0 255 0 255 0 255 255 0 255 0 0 255 0 255
    0 0 0 0 255 0 255 255 255 0 0 255 255 0 0 0 0 255 255 255 255 0 0
    255 0 0 255 255 255 0 0 0 0 0 0 0 0 0 0 0 0 0 0 0 255 0 255 0 0 255
    0 0 255 0 255 0 0 0 0 255 0 0 0 255 0 0 0 255 0 0 255 0 0 0 255 0 0
    0 255 0 0 255 0 0 0 0 255 0 255 0 255 0 255 0 0 0 255 0 0 0 0 0 0 0
    0 0 0 0 0 0 0 0 255 255 0 0 0 0 255 0 0 255 0 0 0 0 0 255 255 0 0 0
    255 255 255 255 255 0 255 255 0 255 0 0 255 255 255 0 0 0 0 0 255 0
    255 255 0 255 255 0 0 0 255 0 0 0 0 0 255 255 255 255 255 0 0 255 0
    0 255 255 255 255 0 0 255 0 0 0 0 255 255 0 0 0 0 0 0 255 255 0 0 0
    0 0 0 0 0 255 0 255 255 0 255 0 0 0 255 0 0 0 0 0 0 255 255 255 0 0
    255 0 255 0 0 0 255 0 0 0 0 255 255 0 0 0 0 0 255 255 0 0 255 0 0 0
    0 0 255 255 255 255 0 0 0 0 0 0 255 0 0 0 255 255 255 0 0 255 0 0
    255 255 0 255 0 0 255 0 0 0 0 0 0 0 0 0 0 0 0 0 0 0 0 0 0 0 0 255
    255 255 255 0 255 0 0 0 255 0 0 0 255 0 255 0 0 0 0 0 0 255 0 255 0
    0 0 255 0 0 255 0 255 255 0 0 255 0 255 255 0 0 0 0 0 0 0 0 255 0 0
    0 0 0 255 0 0 255 0 0 0 0 0 255 255 0 0 0 0 0 0 0 255 0 0 0 0 0 255
    0 0 0 0 0 0 0 255 0 0 255 255 0 0 255 0 0 0 0 0 0 0 255 0 255 0 0 0
    0 0 255 0 0 0 0 0 0 0 0 255 0 0 255 0 0 0 0 0 0 0 255 255 0 0 0 0 0
    0 0 255 255 0 0 0 0 0 0 0 0 255 0 0 0 255 255 0 255 0 255 0 255 0
    255 0 0 0 0 0 255 0 255 255 0 0 255 0 255 0 0 0 0 0 0 255 0 255 0
    255 255 0 0 0 255 0 0 0 0 0 0 0 255 255 255 0 0 255 0 0 0 255 0 0 0
    0 255 255 255 0 0 255 0 0 0 0 0 255 255 0 255 255 0 255 0 0 0 0 0
    255 0 0 0 0 255 255 0 0 0 0 255 0 0 0 0 0 0 0 0 0 0 0 0 0 255 255
    255 0 0 0 0 0 0 0 0 255 0 0 0 0 255 0 255 0 0 0 255 0 0 255 0 0 255
    0 0 255 0 255 0 0 255 255 0 0 255 0 255 0 0 0 255 0 255 0 0 0 0 0 0
    0 0 0 0 0 255 255 0 0 0 0 0 0 0 255 0 0 0 0 255 0 255 255 0 255 0 0
    0 0 0 0 0 255 0 0 0 255 0 0 0 0 255 0 255 255 255 0 255 255 0 255
    255 255 0 255 255 0 255 0 0 255 255 0 0 255 255 255 0 255 0 255 0 0
    0 0 0 255 255 255 0 0 0 0 0 0 0 255 0 0 0 0 0 0 0 0 0 0 0 255 0 0 0
    0 0 0 0 0 0 255 255 0 0 0 0 255 255 0 0 0 0 255 0 0 255 0 0 0 255 0
    0 255 0 0 0 0 0 255 0 255 0 0 0 0 255 0 255 0 0 255 0 0 0 0 0 0 255
    255 0 0 255 255 0 255 0 0 0 0 255 0 0 0 0 0 0 0 255 0 255 0 0 0 0 0
    0 0 0 0 255 0 255 255 255 0 0 0 0 0 0 0 0 0 0 0 0 0 0 0 0 255 255
    255 0 0 255 0 0 0 0 0 0 0 0 0 255 0 0 0 0 0 0 255 0 255 0 0 255 0 0
    0 0 0 0 255 0 0 0 255 0 0 0 0 0 0 0 0 0 0 0 0 0 0 0 255 255 255 0 0
    0 0 255 255 0 0 0 0 255 255 0 0 255 0 255 255 255 255 0 0 0 255 0
    255 0 0 255 0 0 0 0 0 0 0 0 0 0 0 0 0 0 255 0 0 0 0 0 0 255 0 0 0 0
    0 255 0 0 255 0 255 0 0 0 0 255 255 0 0 0 0 0 255 0 255 255 0 0 0 0
    0 255 255 255 255 0 0 255 0 255 255 0 255 0 0 0 0 255 0 0 0 0 0 0 0
    0 0 0 0 0 0 0 0 0 255 0 0 0 0 255 0 0 255 0 0 0 255 0 255 0 255 0 0
    255 0 0 0 255 0 255 255 0 255 255 0 255 0 0 0 0 0 255 0 0 0 0 255 0
    0 255 255 0 0 0 255 0 0 0 0 0 0 255 255 0 0 0 255 0 0 255 0 255 0 0
    255 0 0 0 0 0 255 0 255 255 255 0 0 0 255 0 255 255 0 255 255 0 255
    255 255 0 255 255 255 0 0 0 0 255 255 255 0 0 255 0 255 0 0 0 0 0 0
    0 255 0 255 0 0 255 255 0 0 0 0 0 0 0 0 0 0 255 0 0 0 0 255 255 255
    0 0 0 0 0 0 0 0 255 0 0 255 0 255 255 0 0 0 255 0 255 255 0 255 255
    0 0 255 255 0 0 255 255 255 255 0 0 0 0 0 255 0 0 255 255 0 255 255
    0 255 0 0 255 255 0 0 0 255 0 0 0 255 255 255 255 0 0 0 0 0 0 0 0 0
    0 0 0 0 0 0 0 0 0 0 0 0 0 0 0 0 0 255 0 0 0 0 0 255 255 0 0 255 0 0
    0 0 0 0 255 0 0 0 255 0 0 0 0 0 255 255 0 0 0 0 0 255 0 255 0 0 255
    0 255 0 0 0 255 0 255 0 0 0 255 0 255 255 0 255 0 0 0 0 0 255 0 0 0
    0 0 0 0 0 255 255 0 0 0 255 0 255 255 255 0 0 255 0 255 0 255 0 255
    0 255 0 0 0 0 0 0 255 0 0 0 0 0 0 255 0 0 0 0 255 0 255 0 0 0 0 0 0
    0 255 0 255 0 0 0 0 0 0 0 255 0 255 0 0 255 0 0 0 0 0 255 0 255 0 0
    255 255 0 0 255 255 0 255 0 0 0 255 255 0 0 0 0 0 255 255 0 0 0 0
    255 0 0 0 255 255 0 0 0 0 0 0 255 0 0 0 255 0 0 0 0 0 0 0 0 255 0 0
    0 255 0 255 0 255 0 0 255 0 0 0 0 0 0 0 255 0 0 0 255 0 0 0 0 0 0
    255 255 0 0 0 0 0 0 0 0 0 0 0 0 0 0 0 0 0 0 255 255 0 0 0 255 255 0
    0 0 0 255 0 0 0 0 0 0 0 0 0 0 255 255 255 255 255 0 0 255 0 0 0 255
    0 0 255 255 0 0 0 0 0 0 0 0 0 255 255 0 255 0 0 255 255 0 255 0 255
    0 0 255 0 0 255 0 0 0 255 255 0 255 0 0 0 0 255 255 255 0 0 0 0 255
    255 0 0 255 255 0 0 255 0 0 0 0 255 0 255 0 255 0 0 0 0 255 0 0 0 0
    255 0 0 0 0 0 255 0 0 0 0 0 0 0 0 0 0 0 0 0 0 255 0 255 0 0 0 0 255
    255 255 0 0 255 0 255 0 255 0 0 255 255 255 0 0 255 255 0 0 0 0 255
    255 255 0 255 0 0 0 0 0 255 0 0 0 0 255 255 255 0 0 0 0 0 255 0 0 0
    255 0 0 0 255 0 0 0 0 255 0 0 0 0 0 0 0 0 255 255 0 0 0 255 0 0 255
    0 0 255 0 255 0 255 0 255 0 255 0 0 0 0 0 0 0 0 255 255 255 0 0 0 0
    0 0 0 0 0 0 0 255 0 0 0 255 0 255 255 255 0 0 255 0 0 255 255 255 0
    0 255 0 255 255 255 0 0 255 0 255 255 0 0 0 0 255 0 255 255 0 0 0 0
    255 255 0 0 255 0 0 0 0 0 0 0 255 0 255 0 0 0 0 0 0 0 255 0 255 0 0
    255 0 255 0 0 0 0 0 0 0 0 0 0 0 255 0 0 255 0 0 255 0 0 0 255 0 0
    255 255 255 0 0 255 0 255 255 0 255 0 0 255 0 0 255 0 0 0 255 0 0
    255 0 0 0 255 0 0 0 0 255 255 0 255 0 0 0 0 255 0 0 0 255 0 255 255
    255 0 0 0 0 0 255 255 0 0 255 0 0 0 255 0 0 0 0 0 0 0 255 255 255 0
    0 255 255 0 0 0 0 0 255 255 255 0 0 0 0 0 255 255 255 0 0 0 0 0 0 0
    255 0 0 255 0 0 255 0 0 255 0 255 0 0 255 0 0 255 0 0 0 0 255 0 0 0
    0 0 255 255 0 0 255 0 0 0 0 0 0 0 0 0 0 0 255 255 255 0 0 0 0 0 0
    255 0 0 0 255 0 0 0 0 0 0 0 0 255 255 0 0 0 0 0 0 0 0 0 0 0 0 0 0 0
    255 0 0 255 255 0 0 0 0 0 0 255 0 255 0 255 0 0 0 0 255 0 255 255 0
    0 0 0 255 0 0 255 0 255 0 0 0 0 255 0 0 255 255 255 0 0 255 0 255 0
    0 0 0 255 0 255 0 0 255 0 255 0 0 255 0 0 0 255 0 0 0 0 0 0 0 0 255
    0 0 0 0 0 0 0 255 0 0 255 255 255 0 255 0 255 255 0 0 255 0 255 0 0
    0 0 0 255 255 0 0 0 255 255 0 255 0 255 0 0 0 255 0 255 0 0 255 0 0
    255 0 0 0 0 0 0 0 255 0 0 255 255 255 0 0 255 255 0 0 0 0 0 0 0 255
    255 255 0 255 0 0 255 0 0 0 0 0 0 255 255 0 0 0 0 0 0 0 0 0 255 255
    0 0 0 255 255 0 0 0 0 255 0 255 0 0 0 255 0 0 0 255 255 255 255 0
    255 255 0 255 255 0 0 0 0 0 0 0 255 255 0 0 0 0 0 0 0 0 0 255 0 0
    255 0 255 255 0 0 0 0 255 255 0 0 255 255 0 255 0 0 0 255 0 0 255 0
    0 0 0 255 0 0 255 0 255 0 255 255 255 0 255 0 0 255 0 0 0 0 0 255 0
    0 0 0 0 0 0 0 0 0 255 255 255 0 0 0 0 0 0 0 0 0 255 0 0 255 0 0 0 0
    255 0 0 0 0 0 0 0 255 0 0 255 255 0 0 0 0 255 255 0 0 0 0 0 0 0 0 0
    0 0 0 0 255 0 255 0 255 0 0 0 0 0 0 255 0 0 255 0 0 0 0 0 0 0 255 0
    0 0 255 0 255 0 0 0 0 0 0 0 255 0 255 0 0 0 255 255 255 0 0 0 0 255
    0 0 255 0 0 255 0 255 255 255 255 0 0 255 255 255 0 255 0 255 0 0 0
    0 0 255 0 0 0 0 0 0 0 0 255 255 255 255 0 0 0 0 0 0 0 0 0 0 0 0 0
    255 255 0 255 255 255 0 0 0 255 0 0 255 255 0 0 0 0 0 0 255 0 0 0 0
    0 0 0 255 255 255 255 0 0 0 0 0 0 255 0 255 0 0 255 0 0 0 0 0 0 0 0
    0 0 0 0 255 0 0 0 0 0 0 0 0 255 0 0 0 255 0 0 0 255 0 0 0 0 255 0 0
    255 0 0 0 0 0 0 0 255 0 0 0 0 255 0 0 255 0 255 0 0 0 0 0 0 0 0 0
    255 0 255 0 255 0 255 0 0 255 0 0 0 0 0 0 255 0 0 0 0 0 0 0 0 0 255
    0 255 255 255 0 0 0 0 0 0 0 0 0 0 0 255 0 0 0 0 255 0 255 255 0 0 0
    0 255 0 0 255 255 255 0 0 0 255 255 0 0 255 0 0 0 0 255 0 255 0 255
    0 0 0 0 255 0 0 255 0 0 0 0 0 0 255 0 0 0 0 0 255 0 255 0 255 0 0
    255 0 0 0 255 0 0 0 0 0 0 0 0 0 255 255 255 0 0 255 255 0 0 0 0 0 0
    0 0 255 255 255 0 0 0 0 0 0 0 0 0 0 0 0 0 0 0 0 0 0 0 0 0 0 0 0 0 0
    0 0 0 0 0 0 0 0 0 255 255 255 0 0 0 0 0 0 0 0 0 0 0 0 0 255 0 0 0 0
    255 0 255 255 0 0 255 0 255 0 0 0 0 0 255 255 255 255 0 0 0 0 0 0 0
    0 0 255 0 0 0 255 0 255 0 0 255 0 255 0 255 0 0 0 0 0 0 255 0 0 255
    0 0 0 0 0 0 255 0 0 0 0 255 0 255 0 255 255 0 0 0 0 255 0 255 0 0 0
    0 0 255 0 255 255 0 0 0 0 0 0 0 255 0 255 0 0 0 0 255 255 0 0 0 0 0
    255 255 255 255 0 0 0 0 0 0 255 0 0 0 255 0 255 0 0 0 255 0 255 0 0
    0 0 255 0 255 0 0 255 0 255 255 0 0 0 255 0 255 0 255 255 0 0 0 0 0
    255 0 0 255 0 0 0 255 255 0 0 0 0 0 0 0 0 0 255 255 0 0 0 0 0 0 0 0
    0 0 0 255 0 0 0 0 0 0 0 0 0 0 0 0 0 255 255 255 255 255 0 0 0 0 0 0
    0 0 0 0 0 0 0 0 0 0 0 0 0 0 0 0 0 0 0 0 255 255 255 255 0 0 0 0 0 0
    0 0 0 0 0 0 255 0 0 255 255 0 0 0 0 255 0 255 0 0 0 0 0 0 0 0 0 0 0
    0 0 0 0 0 255 0 255 0 0 255 0 0 255 0 0 255 0 255 0 0 0 255 255 255
    0 0 255 0 0 0 0 255 0 255 255 0 255 0 0 0 0 0 255 0 0 255 0 255 0 0
    255 0 0 0 0 0 0 0 0 255 0 0 0 0 0 0 255 0 0 255 0 255 255 255 0 0
    255 255 255 0 0 0 0 0 0 0 255 0 0 0 0 0 0 0 0 255 255 0 255 0 0 0 0
    255 0 0 0 0 255 255 255 0 0 0 0 0 255 0 0 0 0 0 255 255 0 0 0 0 0 0
    0 255 0 255 0 255 0 0 255 255 255 0 0 0 0 255 0 0 0 0 0 0 255 0 0 0
    255 0 0 255 0 0 0 255 0 0 0 255 0 0 255 0 255 0 255 0 255 255 255 0
    0 0 0 0 0 0 0 0 0 0 255 255 255 255 0 0 0 255 255 255 0 0 0 0 0 0 0
    0 0 0 255 255 255 255 255 255 0 0 0 0 0 0 0 0 0 0 255 255 0 0 255 0
    255 0 0 0 0 255 0 0 0 0 0 0 255 0 255 0 0 0 0 0 0 0 255 0 0 0 0 255
    0 255 0 255 255 0 0 255 0 0 0 0 255 0 0 255 0 255 255 0 0 255 255 0
    0 0 0 0 255 0 0 0 0 0 0 0 0 0 255 0 255 0 0 255 0 0 255 0 255 0 255
    255 0 0 255 0 0 0 0 0 0 0 255 255 255 255 0 0 0 255 255 0 0 0 0 0 0
    255 0 255 255 0 0 0 0 0 0 0 255 255 255 255 0 0 0 0 0 0 0 0 0 255
    255 255 0 0 0 0 255 255 0 0 0 0 0 255 0 0 0 0 0 0 255 255 255 0 0
    255 255 0 0 0 255 255 0 0 0 0 0 0 255 0 255 0 0 0 0 0 0 0 0 0 0 0 0
    255 0 0 255 0 0 0 255 255 0 0 0 0 255 0 0 0 0 255 0 255 0 0 0 255 0
    0 0 0 0 0 0 0 0 0 255 255 255 0 0 0 255 255 255 255 255 255 255 255
    255 255 0 0 0 0 0 0 0 0 0 0 0 0 0 255 0 255 0 255 0 0 0 0 0 255 0 0
    0 0 0 0 255 0 0 0 0 0 0 0 0 255 0 0 255 0 0 0 0 255 0 0 0 255 0 0 0
    0 255 0 255 0 0 0 0 0 255 0 255 0 0 0 0 0 0 255 0 0 255 0 0 0 0 255
    0 0 0 0 0 0 255 0 255 255 0 255 0 255 0 0 0 0 255 0 255 0 0 0 0 0 0
    0 0 0 0 0 0 0 255 0 0 0 0 0 255 255 0 255 0 0 255 255 0 255 0 0 0
    255 0 0 0 0 0 0 0 0 0 0 0 0 0 0 0 255 0 0 0 0 255 0 255 0 0 255 0
    255 0 0 0 255 0 255 0 255 0 0 255 255 0 0 255 0 255 0 0 0 0 0 0 255
    0 0 255 0 0 0 0 0 0 0 0 255 255 255 0 255 0 255 255 0 255 0 255 255
    0 0 0 255 255 0 255 0 0 0 0 255 0 255 0 0 255 0 255 0 0 0 0 0 0 0 0
    0 0 0 0 0 0 0 0 0 0 0 0 0 0 0 0 0 0 0 0 0 0 0 0 0 0 0 0 255 0 0 0 0
    255 255 0 0 0 255 0 255 0 0 0 0 0 0 255 0 0 0 0 0 0 255 255 0 255 0
    0 0 0 255 0 0 0 0 0 0 0 0 0 0 0 255 0 0 0 0 0 255 0 0 0 0 255 0 0 0
    0 0 0 0 0 0 0 0 0 0 0 0 0 0 0 0 255 0 255 0 255 255 0 255 0 0 0 0 0
    255 0 0 0 0 0 0 0 0 0 255 0 0 0 0 0 255 255 255 255 0 0 0 0 0 255
    255 0 0 0 0 255 255 0 0 0 0 255 0 0 255 255 255 0 0 0 0 0 0 0 255
    255 255 255 255 0 255 0 0 0 255 255 0 0 0 0 0 0 0 255 0 0 0 0 255 0
    0 0 255 0 0 0 0 0 0 255 0 255 0 0 255 0 0 0 0 0 255 255 255 0 255 0
    0 255 0 0 0 255 255 255 0 0 0 0 0 0 0 0 0 0 0 0 255 255 255 0 255 0
    0 0 255 0 0 0 0 0 0 255 0 0 0 0 0 0 0 0 0 0 0 0 0 0 0 255 0 255 0 0
    0 0 0 0 0 0 255 0 0 0 0 0 0 0 0 0 0 255 0 255 0 255 0 0 0 0 255 255
    0 0 255 0 255 0 255 255 0 0 0 0 0 0 255 255 0 0 0 255 0 255 255 255
    0 0 0 0 0 0 0 0 0 0 0 0 0 0 0 0 255 0 255 255 0 0 0 255 0 0 255 0 0
    0 0 0 255 0 0 0 0 0 0 0 0 0 255 0 0 0 0 0 0 0 255 0 0 0 0 0 0 0 0 0
    255 0 255 0 0 0 0 0 255 0 0 0 0 255 255 0 0 0 0 0 0 0 0 0 0 255 255
    0 0 255 255 0 0 255 255 255 0 0 0 0 0 0 255 0 0 0 255 0 0 0 0 255 0
    255 0 0 0 0 0 255 0 0 0 0 0 0 0 0 255 0 255 0 0 255 0 0 0 0 0 0 255
    255 0 0 0 0 0 0 255 0 0 0 255 0 0 255 0 0 0 0 0 255 0 0 0 0 0 0 255
    255 255 0 0 0 255 0 0 0 255 0 255 0 0 0 0 0 255 0 0 255 0 0 255 0 0
    0 255 0 0 0 255 0 0 0 0 0 0 0 0 0 255 0 0 0 0 0 0 0 0 0 255 0 255 0
    0 0 0 0 0 0 0 255 0 255 0 0 0 0 255 0 0 255 0 255 0 0 255 0 255 255
    0 255 255 255 0 255 0 0 0 0 0 255 0 0 0 0 255 255 255 0 0 255 255 0
    255 0 0 255 0 0 0 0 0 0 0 0 0 0 0 0 0 0 0 0 0 0 0 0 0 0 255 0 0 0 0
    0 0 255 255 255 255 255 0 0 0 255 0 0 0 0 0 0 255 0 0 255 0 0 0 0
    255 0 0 0 255 0 0 0 255 255 0 255 0 0 0 0 255 0 255 0 0 0 0 0 0 0 0
    0 255 255 0 0 255 255 255 255 0 0 255 0 0 0 0 255 255 0 0 255 0 255
    0 0 255 0 0 0 0 0 255 0 0 255 0 0 255 0 255 0 0 255 0 0 0 255 0 0 0
    0 255 0 255 255 0 255 0 0 0 0 0 255 0 0 0 0 0 0 0 0 0 255 0 255 0
    255 255 0 0 255 255 255 0 255 255 0 0 0 0 255 0 0 255 0 0 255 0 0 0
    0 0 255 0 0 255 0 0 255 0 255 255 255 255 0 0 0 255 255 0 0 255 0
    255 255 0 0 0 0 255 0 0 0 255 0 0 0 0 0 255 0 0 0 255 255 0 255 0 0
    0 0 0 0 255 255 0 0 0 0 0 0 255 0 0 255 255 0 255 0 0 0 0 0 255 0 0
    0 0 255 0 0 255 255 255 0 0 0 0 255 0 0 255 0 255 255 0 0 255 0 255
    0 255 0 0 255 0 0 255 0 0 255 0 0 0 0 255 0 0 0 0 255 0 0 0 0 0 255
    255 255 0 0 0 0 0 0 255 0 0 255 0 0 255 255 255 255 255 255 255 0 0
    0 0 255 255 255 255 0 255 255 0 0 0 0 0 0 0 0 0 0 0 255 0 0 0 0 0 0
    0 255 255 0 0 255 255 0 255 0 0 255 0 0 0 0 0 255 255 0 0 0 0 0 0 0
    255 255 0 0 255 0 255 0 255 0 255 255 0 0 255 0 255 0 255 255 255 0
    255 0 0 0 255 0 255 0 0 0 255 0 0 255 0 255 0 0 255 255 255 0 0 0 0
    0 255 0 0 255 255 255 255 255 255 0 0 0 0 0 255 0 0 255 255 0 0 0 0
    0 0 0 0 0 0 0 255 0 255 0 0 0 0 0 0 0 255 0 255 0 255 0 0 0 0 255 0
    0 0 0 255 0 255 255 0 0 0 255 0 255 0 0 0 0 0 0 0 255 255 0 0 255 0
    0 0 0 0 255 0 0 255 0 0 0 0 0 255 0 0 255 0 255 0 0 0 0 0 0 255 0
    255 0 255 0 0 0 255 0 0 0 255 0 0 255 255 255 0 255 0 255 0 0 0 0 0
    0 0 0 0 255 0 255 0 0 0 255 255 255 0 0 255 0 0 0 0 0 0 0 0 0 0 0
    255 0 0 0 0 255 0 0 0 255 255 255 0 0 0 0 255 0 255 0 255 0 255 0 0
    0 0 0 0 0 0 0 255 0 0 255 255 255 0 255 0 0 0 0 255 255 0 0 255 255
    255 0 0 0 255 255 0 255 0 255 0 255 255 0 255 0 0 255 0 0 0 0 255 0
    0 0 255 255 255 0 0 0 0 255 0 0 255 255 0 255 0 255 0 0 0 0 0 0 255
    0 255 0 255 0 0 255 0 0 255 0 255 0 0 0 0 255 0 0 0 0 0 0 0 255 0 0
    0 255 0 0 0 255 0 0 0 0 0 255 0 0 0 0 0 255 0 0 255 0 255 0 255 0 0
    255 0 255 0 0 0 0 0 0 0 0 0 0 255 0 255 0 0 0 0 0 0 255 0 0 255 0 0
    0 0 0 0 0 0 0 0 255 0 0 0 0 0 0 0 0 0 0 0 255 0 0 255 0 255 255 0
    255 0 255 255 255 0 0 255 0 0 255 0 0 0 255 0 255 0 0 0 0 0 255 0
    255 0 255 255 0 0 0 0 0 255 0 0 255 0 0 0 0 0 0 255 0 0 0 255 0 0 0
    255 0 255 0 0 0 0 0 0 0 0 0 0 255 0 0 0 255 0 0 255 255 0 0 255 0 0
    255 0 0 0 0 0 0 0 0 0 0 0 0 0 255 0 0 0 255 0 0 255 0 0 255 255 0
    255 0 0 255 255 0 0 255 0 0 255 0 255 0 0 0 0 0 0 0 0 255 255 0 255
    0 0 255 255 0 255 0 0 0 0 0 0 255 255 0 255 255 0 255 0 0 255 255 0
    255 0 0 0 255 0 255 255 0 0 0 0 0 0 0 0 0 0 0 0 0 0 0 0 0 255 0 0 0
    0 0 255 0 255 255 0 0 0 0 255 0 255 0 0 255 0 0 255 0 0 255 255 255
    0 0 0 0 0 0 0 0 0 0 0 0 0 0 255 255 0 255 255 0 0 0 255 0 0 255 255
    255 255 0 0 0 0 0 0 255 0 0 0 0 0 255 0 255 255 0 0 255 0 255 0 255
    0 0 0 0 255 255 255 255 0 255 0 0 255 0 255 0 0 0 0 0 0 0 255 0 0
    255 0 0 255 0 0 255 255 255 0 0 0 0 0 0 255 0 0 0 0 0 0 255 0 0 0 0
    0 0 255 0 0 255 255 255 0 0 0 0 0 0 0 255 0 0 0 255 0 0 0 0 0 0 255
    0 0 255 0 0 0 255 0 255 255 0 255 0 0 0 0 0 0 0 0 255 0 255 0 0 0 0
    255 255 0 0 0 255 0 255 0 0 0 0 0 255 0 255 255 0 0 0 0 255 255 255
    0 0 255 0 0 255 255 255 255 255 0 255 0 255 0 0 0 0 0 255 0 0 0 0 0
    255 0 255 0 0 0 0 255 0 255 0 0 0 0 0 0 0 0 0 0 255 0 0 255 0 0 0 0
    0 0 255 255 255 0 0 0 0 0 0 255 255 0 255 0 0 0 0 0 0 0 0 0 0 0 0
    255 255 0 0 255 255 0 0 255 0 0 255 0 0 255 255 0 0 0 255 0 255 0 0
    0 255 0 0 255 0 0 0 255 0 0 255 0 0 0 255 0 255 0 0 0 255 0 0 0 0 0
    0 0 0 0 255 255 255 0 255 0 255 0 0 0 255 255 0 0 255 0 0 0 0 0 0 0
    0 0 0 0 0 0 0 255 255 0 0 255 0 0 0 0 0 0 255 0 0 0 255 0 255 255
    255 0 255 0 0 0 0 255 0 255 0 0 255 255 0 0 0 255 0 255 255 0 255 0
    0 0 0 255 0 0 0 0 0 0 0 255 0 255 0 0 0 255 0 0 0 0 0 0 255 0 0 0
    255 255 255 255 0 255 0 0 0 0 255 0 0 0 255 0 255 0 0 255 0 0 0 255
    0 0 0 255 255 0 0 255 0 0 0 0 0 0 255 0 0 0 255 0 0 0 255 0 0 0 0
    255 0 255 255 0 0 0 0 255 0 0 0 0 0 0 0 0 255 0 255 0 0 0 0 0 0 0 0
    0 0 0 0 255 255 255 255 255 0 0 255 255 255 0 255 255 0 0 0 0 0 0 0
    255 255 0 0 255 0 255 0 255 255 0 0 255 0 0 255 0 0 0 0 0 0 0 0 255
    0 0 255 0 0 255 255 0 0 0 0 0 0 0 255 0 255 0 0 255 0 0 0 0 0 0 0
    255 0 0 255 0 0 255 0 255 0 0 0 0 0 0 255 0 0 0 0 0 0 0 0 255 0 255
    255 0 0 0 0 0 0 0 0 255 255 255 0 0 0 255 0 0 0 0 0 0 255 255 255 0
    0 0 255 0 0 0 0 255 0 255 255 0 0 0 0 0 0 0 0 0 0 0 255 0 0 255 0 0
    0 255 0 0 0 255 0 0 255 0 0 0 255 255 0 255 0 255 0 0 0 0 0 0 255 0
    0 255 255 255 0 0 0 0 0 0 255 0 0 0 0 0 255 255 0 0 0 255 0 255 255
    255 0 255 255 0 0 0 0 255 0 0 0 0 0 0 255 0 0 0 0 255 0 0 255 0 0 0
    0 255 0 0 0 0 0 0 0 0 0 0 0 0 255 0 255 0 0 255 0 255 255 0 255 0 0
    0 0 0 255 255 0 0 255 0 0 255 0 0 0 0 0 255 0 0 0 0 0 255 0 255 255
    255 0 0 255 0 0 0 0 255 255 255 255 0 255 0 0 0 255 0 255 0 0 0 0
    255 0 255 255 0 0 0 0 0 0 255 0 255 0 255 255 255 255 255 0 0 0 255
    0 0 0 0 255 0 0 0 255 0 0 255 0 0 0 0 0 255 0 0 255 255 0 255 0 0 0
    255 255 255 255 0 0 255 0 0 0 255 0 0 0 0 0 255 0 0 0 0 0 255 0 0 0
    255 0 0 0 255 0 0 0 255 0 255 0 0 0 0 0 0 0 0 0 0 0 255 0 0 255 255
    0 255 0 0 255 0 0 0 0 0 0 0 0 0 0 255 0 0 0 0 0 0 255 255 0 0 255 0
    0 0 0 0 0 0 0 255 0 0 0 0 0 0 0 0 0 0 0 0 0 0 0 255 255 0 255 255 0
    255 0 255 255 255 255 0 255 255 0 0 0 255 0 255 0 0 0 0 255 255 0
    255 0 0 255 0 0 0 0 0 0 255 0 0 0 255 0 255 0 0 0 0 0 0 0 0 255 0 0
    0 255 255 0 255 0 0 0 255 0 0 0 0 255 255 255 0 0 0 0 0 0 0 255 0 0
    0 255 0 0 0 0 0 0 0 0 255 0 255 0 0 0 0 0 0 255 0 0 255 0 255 0 0 0
    0 0 0 0 0 0 0 0 0 0 0 0 0 255 0 0 0 0 0 0 0 255 255 0 0 255 0 0 0 0
    0 0 0 0 255 255 0 0 255 0 255 255 0 255 0 0 255 255 0 0 0 255 255 0
    0 0 0 255 0 255 0 255 0 0 0 255 0 0 0 0 0 0 0 255 0 0 255 0 0 255
    255 0 0 0 0 255 0 0 255 0 0 255 0 0 0 0 0 255 0 0 0 0 255 0 0 255
    255 255 0 0 255 0 0 0 0 0 255 255 0 0 255 0 0 255 0 0 0 255 0 0 0 0
    0 0 255 255 0 0 0 255 255 255 0 0 0 255 0 0 0 0 0 0 0 0 0 0 0 0 0 0
    0 255 255 0 255 0 255 255 0 255 0 255 0 255 0 0 255 0 255 0 255 0 0
    0 0 0 255 0 0 0 0 255 0 255 0 0 0 0 255 0 0 255 0 0 0 0 0 255 0 255
    0 255 0 255 0 255 0 0 0 0 0 0 0 0 0 0 255 0 255 0 255 255 0 0 0 0 0
    255 0 255 0 0 255 0 0 0 255 0 0 255 0 255 0 0 0 0 0 0 0 0 0 255 0 0
    0 0 255 0 255 0 0 0 255 0 255 255 0 255 0 0 255 0 0 0 255 0 0 0 0
    255 0 0 0 0 255 0 0 0 255 0 255 0 0 0 0 0 255 0 0 0 255 0 255 255 0
    255 0 0 255 0 255 0 0 0 0 0 0 0 0 0 255 0 255 0 0 0 255 255 0 0 0 0
    0 255 0 255 255 0 255 255 255 0 0 0 0 0 255 255 0 0 0 0 0 0 0 0 0 0
    0 255 0 0 0 0 0 0 0 0 255 0 255 0 255 0 0 255 0 0 0 0 0 255 255 255
    255 0 0 0 255 0 0 0 0 0 0 0 0 0 0 0 0 255 255 0 255 255 255 255 0
    255 255 0 255 0 255 0 0 0 0 255 255 255 0 255 0 255 255 0 255 0 255
    0 0 0 0 0 0 0 0 0 255 0 0 0 0 0 255 0 255 0 0 0 0 0 0 0 0 255 0 0
    255 0 255 0 0 255 0 0 0 0 255 0 0 255 0 255 0 0 0 0 0 0 0 0 255 0 0
    0 255 255 0 255 255 0 255 0 0 0 0 0 0 0 0 0 255 0 0 0 0 255 0 255 0
    0 0 0 0 255 0 0 0 0 0 255 255 255 0 255 255 0 0 0 0 0 255 0 0 0 255
    0 255 0 0 255 255 0 255 0 0 0 0 0 0 255 0 255 255 0 255 0 0 0 255 0
    255 0 0 0 0 0 0 0 0 0 255 0 0 255 0 0 255 0 0 0 255 0 0 0 0 255 255
    0 0 0 0 0 255 255 0 0 0 0 0 0 255 0 0 0 0 0 0 0 0 0 255 0 255 255
    255 0 255 0 255 255 0 0 0 0 0 255 0 255 255 0 0 0 0 0 0 0 0 255 0 0
    0 0 0 255 0 255 0 255 255 0 255 255 0 0 0 0 0 0 0 0 255 0 255 0 0 0
    0 0 0 0 0 0 0 0 0 0 0 255 0 0 0 0 0 0 255 255 0 255 0 255 0 255 0 0
    0 0 0 0 255 255 0 0 0 0 0 255 255 255 0 0 255 0 0 255 0 0 255 0 0 0
    0 255 0 255 0 255 0 255 0 0 0 0 0 0 0 255 0 0 255 0 0 0 0 255 0 255
    0 0 0 0 0 0 0 0 0 0 0 0 0 0 0 255 0 0 0 255 0 0 0 0 0 0 255 255 0 0
    0 0 0 0 255 255 0 255 0 0 255 0 0 255 0 255 0 255 255 0 0 0 0 255
    255 255 0 0 255 0 255 0 0 255 0 0 0 0 255 0 255 0 0 255 0 0 0 0 0 0
    0 0 0 0 0 0 0 0 0 255 255 0 255 0 0 0 0 255 0 0 255 255 0 255 255 0
    0 0 255 0 255 0 0 0 255 0 0 0 0 0 255 0 0 0 0 0 0 0 0 0 0 0 0 0 0
    255 255 0 0 0 255 0 0 0 0 255 0 255 255 0 0 0 0 0 0 0 255 0 0 255 0
    0 255 0 0 255 0 0 255 0 255 0 0 0 0 0 255 0 255 0 0 255 255 0 0 0
    255 0 0 0 255 0 0 255 0 0 0 0 0 0 0 0 0 0 0 0 0 0 0 255 0 0 0 0 0 0
    0 255 255 0 0 0 0 0 255 0 255 0 255 0 0 0 0 0 0 0 0 0 0 0 0 0 0 0 0
    0 0 0 255 0 0 0 255 0 255 0 0 0 0 0 0 0 0 255 0 0 255 0 0 255 0 0 0
    0 0 0 0 255 255 0 0 255 0 0 255 0 0 0 0 0 255 0 255 0 0 255 0 0 255
    0 0 255 0 0 255 0 255 255 255 0 0 0 0 255 0 0 255 0 0 0 255 0 255 0
    0 0 0 0 0 0 255 255 0 0 0 0 0 255 0 255 0 0 0 0 255 255 0 0 0 0 0
    255 0 255 0 0 0 255 255 0 0 255 0 0 0 0 0 0 0 0 0 0 0 0 0 0 0 0 255
    0 255 0 0 255 255 255 0 0 0 0 255 0 0 0 0 0 0 255 0 0 0 0 0 0 0 255
    0 0 0 0 255 0 0 0 0 0 0 0 0 255 255 255 0 0 0 0 0 255 255 255 0 0
    255 0 0 255 255 0 0 0 0 0 255 0 0 0 255 0 0 255 0 0 255 0 0 255 0 0
    0 0 255 0 0 0 0 0 0 0 0 255 0 255 0 0 0 0 0 0 0 0 0 0 255 255 255 0
    0 0 0 0 0 255 0 0 0 0 255 0 0 0 0 0 255 0 0 255 0 255 0 0 255 0 255
    0 0 0 0 0 0 0 255 255 0 0 0 255 0 255 0 0 0 0 0 0 0 255 0 0 0 0 0 0
    255 255 255 255 255 0 255 0 0 0 255 255 0 255 0 0 255 0 0 0 0 0 255
    255 0 0 0 0 0 0 0 255 0 0 0 0 0 255 0 0 255 255 255 0 0 0 0 0 255 0
    0 0 255 0 0 255 255 0 255 0 0 0 255 0 0 0 0 255 0 0 0 0 0 0 255 0
    255 0 0 0 0 0 255 0 255 0 0 0 255 255 0 0 0 0 0 0 0 0 0 0 0 255 255
    0 0 0 0 0 0 0 0 0 0 0 0 255 0 0 255 0 0 0 0 0 0 255 0 0 0 0 0 0 0 0
    255 0 255 0 0 0 0 0 0 0 255 255 255 0 0 0 0 0 0 255 0 0 255 0 0 255
    0 0 0 0 255 255 255 0 0 0 0 255 0 0 0 0 255 0 0 255 0 0 0 255 0 0 0
    0 255 0 0 0 0 255 0 0 0 0 0 0 0 0 0 0 0 0 0 0 0 0 0 255 0 255 0 0 0
    0 0 0 255 0 0 255 255 0 0 0 0 255 0 0 0 0 0 0 0 0 0 0 0 0 0 0 0 255
    0 0 255 0 255 0 0 0 0 255 255 0 0 0 255 255 0 0 0 0 255 255 0 255
    255 0 0 0 0 0 0 0 0 0 255 255 255 0 0 0 0 0 0 0 0 0 0 255 255 255 0
    0 0 0 0 255 0 0 0 0 0 0 0 255 255 0 0 0 0 0 255 255 0 0 0 255 0 0 0
    0 0 255 0 255 255 0 0 255 0 0 255 0 255 0 255 0 255 0 0 0 0 0 255 0
    0 0 255 255 255 0 255 0 255 0 255 255 0 0 255 0 255 0 255 255 255 0
    0 0 0 0 0 255 0 0 0 0 0 0 0 0 255 0 255 255 0 0 0 0 0 0 0 0 0 0 0 0
    0 255 0 0 0 0 0 0 0 0 255 0 0 255 0 0 0 0 0 255 0 255 0 0 0 255 0 0
    255 0 255 0 255 0 255 255 255 255 0 255 0 0 0 0 0 255 0 0 0 0 0 0 0
    0 0 255 0 0 0 0 0 0 255 255 255 255 0 255 255 255 0 0 0 255 255 0
    255 0 0 0 0 0 255 0 0 255 0 0 0 255 255 255 255 0 0 0 0 0 0 0 0 0 0
    0 0 255 255 0 255 0 255 255 255 255 0 0 0 0 0 0 0 255 0 0 0 0 0 0 0
    0 0 255 0 255 0 0 0 0 0 255 0 0 255 255 0 0 0 0 0 0 0 0 0 0 255 0 0
    255 0 0 0 255 0 255 0 0 0 0 0 0 0 0 255 0 255 0 0 0 255 0 255 0 0 0
    0 255 0 0 0 0 0 255 0 0 0 0 0 255 255 0 0 0 0 255 255 0 255 0 0 255
    0 0 0 255 255 0 0 255 0 0 255 0 0 0 0 0 255 0 0 0 0 255 0 0 255 0 0
    0 0 0 0 0 255 0 0 0 0 0 0 0 0 255 255 255 0 255 0 255 0 255 0 255
    255 255 255 255 255 0 0 0 0 0 0 255 255 0 0 0 255 0 0 255 0 0 255 0
    0 0 0 0 0 0 0 0 0 0 0 255 0 0 0 0 0 0 255 0 0 0 0 0 255 0 255 255
    255 0 255 0 0 0 0 0 0 0 255 0 0 0 0 0 0 0 0 0 255 0 0 0 0 0 255 0 0
    0 255 0 0 0 255 0 0 0 0 0 0 0 0 0 0 0 0 255 0 0 255 0 0 0 0 0 255 0
    255 0 0 255 0 0 255 255 255 0 255 255 0 255 0 255 0 0 0 255 255 255
    0 0 0 0 255 255 0 0 0 0 0 0 0 0 0 255 0 255 0 255 255 0 0 0 0 0 255
    0 0 0 255 0 255 0 0 255 0 0 0 0 0 0 0 0 255 255 255 255 255 0 0 0 0
    255 0 0 0 0 0 0 0 0 0 255 255 0 255 0 255 255 255 0 255 255 0 0 255
    0 0 0 0 0 0 255 0 0 255 0 0 0 0 0 0 0 255 0 0 0 0 0 0 0 255 0 255 0
    0 0 0 0 0 255 255 0 0 0 0 255 0 255 0 255 255 0 0 0 255 0 255 0 0 0
    255 255 255 255 0 0 0 255 0 0 255 0 255 255 0 255 255 0 0 255 0 255
    0 0 0 0 255 0 0 255 0 0 255 0 255 0 255 255 255 255 0 255 255 0 255
    0 0 0 0 255 255 0 255 0 255 0 0 255 0 0 0 255 0 0 0 0 255 0 0 0 0 0
    0 0 0 255 255 0 255 0 0 0 0 0 0 0 0 0 0 255 255 0 255 0 0 255 255 0
    255 255 0 0 255 0 255 0 255 0 255 0 0 255 0 0 255 0 0 255 0 0 255 0
    0 0 0 0 255 0 0 0 255 0 255 0 0 0 0 255 255 0 0 255 255 0 255 0 0 0
    255 0 0 255 0 0 0 0 0 0 0 0 0 0 255 255 255 255 0 255 0 0 0 0 0 0 0
    0 0 255 0 0 0 255 0 0 0 0 255 0 255 255 0 0 0 0 0 0 0 0 255 0 0 0
    255 0 0 255 0 0 0 0 255 0 0 255 0 255 0 0 0 0 0 0 0 0 0 0 255 0 255
    0 0 0 0 0 0 255 0 255 255 255 255 0 0 255 0 0 0 0 0 255 255 0 255 0
    0 0 0 0 0 255 0 0 255 0 0 255 0 0 255 255 0 0 0 255 255 0 0 0 255
    255 0 255 0 0 0 0 0 0 0 0 0 255 0 0 0 0 0 0 0 255 255 0 0 255 0 0 0
    255 0 0 255 255 0 255 0 0 255 0 0 255 0 0 0 0 0 0 0 0 0 0 0 0 255 0
    255 0 0 0 0 255 0 255 0 255 0 0 0 0 0 255 0 0 0 0 0 0 0 0 255 255 0
    0 255 255 0 255 0 0 0 0 0 255 0 0 0 0 0 0 255 255 0 255 0 0 255 0 0
    255 255 255 0 255 0 255 0 0 0 0 255 255 255 0 0 0 0 0 0 0 255 0 0 0
    0 0 255 255 0 0 0 0 0 255 0 0 0 0 0 255 0 0 0 255 255 0 0 0 0 0 255
    0 0 255 0 0 0 0 0 255 0 0 255 0 255 0 255 0 255 0 0 0 255 0 255 0
    255 255 0 0 0 255 0 255 0 255 0 0 255 0 0 0 0 255 0 0 255 0 255 255
    255 0 0 255 255 0 0 0 0 0 0 0 255 0 0 255 255 0 0 0 0 0 0 255 255 0
    0 0 255 255 0 0 0 0 0 255 0 255 0 0 0 0 0 255 0 0 0 0 0 255 255 0 0
    0 255 255 255 255 255 0 255 255 0 0 0 255 255 0 0 0 255 0 0 255 0 0
    0 255 0 255 255 255 0 0 0 255 255 0 0 0 0 0 0 0 0 255 255 255 0 0 0
    255 0 0 0 0 0 0 0 0 0 0 0 0 0 255 0 255 255 255 0 0 255 255 255 255
    0 0 0 0 0 255 0 0 255 0 0 0 0 0 0 0 0 0 0 255 0 0 0 0 0 0 255 0 0 0
    0 0 0 0 255 255 0 0 255 0 0 0 0 0 0 0 0 255 0 255 0 0 0 255 0 255 0
    0 255 0 0 0 0 255 255 0 255 0 255 0 0 0 255 0 0 0 0 0 0 0 0 0 0 0 0
    0 0 255 0 0 0 0 0 0 0 0 0 0 0 0 255 0 0 0 255 0 0 255 0 255 255 0
    255 0 0 0 0 255 0 0 0 0 0 0 0 0 255 0 0 0 255 255 0 0 255 0 0 0 0 0
    0 0 255 255 255 255 0 255 255 255 255 255 0 0 0 0 255 0 255 0 0 0
    255 0 255 0 0 255 0 0 255 0 255 0 255 0 0 0 0 0 0 0 0 255 255 0 0
    255 0 0 0 255 255 255 255 255 0 0 0 255 255 0 0 255 255 0 255 0 255
    0 0 0 0 255 0 0 0 0 0 0 0 0 0 0 0 255 0 255 0 0 255 0 0 255 0 255
    255 0 255 255 0 255 0 0 255 0 0 0 0 255 0 0 0 255 0 0 0 255 255 255
    0 255 0 0 0 255 0 0 0 255 255 0 0 0 255 0 0 255 255 0 255 0 0 0 0
    255 0 0 0 255 0 255 255 255 0 255 255 0 0 255 0 255 0 0 255 0 255 0
    0 255 0 255 255 0 0 255 0 0 0 0 0 0 0 0 0 255 0 255 0 255 255 0 0 0
    0 255 255 0 0 0 255 0 255 255 0 0 255 255 0 255 0 0 0 0 0 255 0 0
    255 0 255 0 255 0 0 0 0 0 0 0 0 255 0 255 0 255 255 0 255 0 0 255 0
    0 255 0 255 255 255 0 0 0 0 255 0 0 0 0 0 0 0 0 255 255 0 0 0 0 255
    0 0 0 255 255 255 0 0 0 0 0 255 0 0 255 255 255 255 0 255 0 255 0 0
    0 0 0 0 0 0 255 0 0 255 255 0 255 0 255 0 0 0 0 0 255 0 255 0 255 0
    0 255 0 255 0 0 0 0 0 255 0 255 0 0 0 0 0 255 0 255 0 0 0 0 255 0 0
    255 0 255 0 255 255 0 0 0 255 0 255 255 0 255 255 0 0 0 0 0 0 255 0
    0 0 255 0 255 0 0 0 255 255 0 0 0 0 0 0 255 0 255 255 0 255 0 255 0
    255 0 0 0 0 0 0 0 255 255 0 0 0 0 0 255 0 0 0 255 0 255 0 0 0 0 0 0
    0 0 255 0 255 0 0 0 255 0 255 0 0 255 0 255 0 255 0 0 255 0 0 0 255
    0 255 255 255 0 0 0 0 0 0 0 0 255 0 0 0 0 0 0 0 0 0 0 0 0 0 0 0 0 0
    255 0 0 0 255 0 0 0 0 0 0 255 0 255 0 0 255 0 255 0 0 0 255 0 0 0 0
    0 0 0 0 0 0 0 0 255 0 0 255 255 0 0 0 0 255 0 0 255 0 0 0 0 0 0 255
    0 255 0 0 255 255 0 255 0 0 0 255 0 0 0 0 0 255 0 0 0 0 0 255 0 255
    0 0 0 255 0 0 0 255 0 0 0 255 0 0 255 0 0 255 0 0 0 255 255 0 255 0
    255 0 0 0 0 0 0 0 0 255 0 0 0 255 255 255 0 0 0 0 0 0 255 0 0 255 0
    0 0 0 0 0 0 255 255 255 255 0 255 0 0 0 0 0 0 255 0 0 0 0 255 255
    255 255 0 0 255 0 0 0 0 0 0 0 255 0 255 0 0 0 255 0 0 0 255 0 0 0 0
    0 0 0 0 255 0 0 255 0 0 255 0 0 0 255 0 0 255 0 255 255 255 0 255
    255 0 0 255 0 0 255 0 255 0 0 0 0 255 0 0 0 0 0 0 0 0 0 0 0 255 255
    0 255 0 0 0 0 0 0 255 255 0 255 0 0 0 0 0 255 0 0 0 0 0 0 0 0 255
    255 0 0 0 0 255 0 0 0 255 0 0 0 0 0 255 255 0 0 0 0 0 0 0 0 255 255
    255 0 255 0 0 0 0 255 0 255 255 0 255 0 0 0 0 0 0 0 0 0 0 255 0 0 0
    0 0 255 255 0 0 255 0 0 0 0 255 0 0 0 255 0 0 0 0 0 0 0 0 0 0 0 0 0
    255 0 255 0 255 0 0 0 0 0 255 255 0 0 0 0 0 0 0 255 255 255 0 255
    255 255 0 0 255 255 0 0 255 0 0 0 0 0 255 0 255 255 0 0 0 255 255 0
    255 255 0 0 255 0 0 0 0 0 0 255 0 255 0 0 0 0 0 0 0 0 0 0 0 0 0 0 0
    0 0 0 0 0 255 255 0 0 255 255 0 0 0 0 0 0 0 0 0 255 0 0 0 255 0 0 0
    0 255 255 0 0 255 0 255 255 0 0 0 0 0 255 0 0 0 0 255 0 255 255 0 0
    255 0 0 0 255 0 0 0 0 0 0 0 0 0 0 0 0 255 0 0 255 0 0 0 0 255 0 255
    0 0 0 0 0 255 0 0 255 255 0 0 0 0 0 0 0 0 255 0 0 255 0 0 0 0 0 255
    0 0 0 255 255 255 0 255 0 255 0 0 255 0 0 0 255 255 0 255 255 0 0 0
    255 255 255 0 0 0 0 0 0 0 0 255 0 0 0 255 0 255 255 0 0 0 255 0 0 0
    0 0 255 255 255 255 0 0 255 0 0 255 255 0 0 0 0 0 0 0 0 0 255 255
    255 0 0 0 255 0 255 255 0 255 255 255 255 255 255 0 0 255 0 0 0 0 0
    0 0 255 255 0 0 255 0 255 0 0 255 255 0 0 0 0 0 0 255 255 255 0 0 0
    0 0 255 255 255 0 0 0 0 0 0 255 0 255 255 255 255 255 0 0 0 0 0 0 0
    255 0 255 255 0 0 0 255 255 0 0 0 0 0 0 0 0 0 0 255 0 0 255 0 0 0
    255 255 0 0 0 255 0 0 0 0 0 0 255 255 0 0 0 0 0 0 0 0 0 0 0 255 0 0
    0 0 0 0 0 0 0 0 0 0 0 255 255 0 0 0 0 0 0 0 0 0 255 0 0 0 0 0 0 0 0
    255 0 0 0 0 0 0 0 0 0 255 0 0 0 0 0 0 255 0 255 0 255 0 0 0 255 0
    255 0 255 0 0 0 255 0 0 255 255 255 0 0 0 255 0 0 255 0 0 255 0 0 0
    0 0 0 255 0 0 0 255 255 0 255 0 0 255 0 0 255 255 0 0 0 255 0 0 0
    255 0 0 0 0 255 0 255 0 0 0 0 0 0 255 0 0 0 0 255 255 0 0 0 255 0 0
    0 255 0 255 0 0 0 0 0 0 0 255 255 0 0 0 0 0 255 0 255 255 0 255 255
    0 0 0 0 0 0 0 0 255 255 0 0 0 255 0 0 0 0 0 0 0 255 0 0 0 0 255 0
    255 0 0 0 0 0 0 0 0 0 0 255 255 0 0 0 255 0 0 0 0 255 0 0 0 0 0 0
    255 255 0 0 0 0 255 255 0 0 255 0 255 255 0 0 0 255 0 0 0 0 0 255 0
    0 255 0 255 255 0 255 0 0 0 0 0 255 255 255 0 0 0 0 255 0 0 0 0 255
    0 0 0 255 0 255 0 0 255 0 255 0 0 0 0 0 255 0 0 0 0 0 255 255 0 0 0
    255 255 0 255 0 255 0 0 0 255 0 255 0 0 255 0 0 0 0 0 0 255 255 255
    0 255 0 0 255 0 0 0 0 255 255 0 0 255 0 0 0 0 0 0 0 0 255 0 0 255
    255 0 0 0 0 0 0 0 0 0 0 255 0 0 255 255 0 0 0 0 0 255 0 0 0 255 0 0
    0 255 255 0 0 255 255 0 0 0 0 0 0 0 0 255 0 255 0 0 0 255 255 0 0
    255 0 0 0 0 255 0 0 0 0 0 0 0 0 255 0 255 255 0 0 0 0 0 0 0 0 0 0 0
    255 0 0 0 255 0 0 0 0 255 255 0 0 0 0 0 0 0 0 0 0 0 255 0 0 0 0 0
    255 0 0 0 0 0 255 0 0 0 255 0 255 0 0 255 0 0 255 0 0 255 0 0 0 0
    255 255 255 0 0 255 0 0 255 255 255 0 0 0 0 0 255 0 255 0 0 0 0 0
    255 255 255 255 255 0 255 0 255 0 0 255 0 0 0 0 0 0 0 0 0 255 0 0 0
    255 255 0 255 0 0 255 0 0 255 0 0 0 255 0 0 0 255 0 0 255 0 0 0 0 0
    255 0 0 0 0 0 0 0 255 0 255 0 0 0 0 0 0 0 0 0 0 0 0 0 255 0 0 0 0 0
    255 255 255 0 255 0 0 0 255 255 0 255 0 0 0 0 255 255 0 0 255 0 255
    0 0 0 255 0 255 255 0 0 0 0 255 0 0 0 0 0 0 0 0 0 0 0 0 0 0 0 0 0 0
    0 0 255 255 0 0 0 0 0 0 0 0 0 0 0 255 255 255 0 0 0 0 0 255 255 0 0
    0 255 0 255 0 0 0 0 0 0 0 255 0 255 255 255 255 0 255 0 0 0 255 255
    0 255 0 0 255 0 0 0 0 0 0 0 0 255 0 0 0 0 0 0 0 255 0 255 0 0 0 0
    255 255 255 0 0 0 255 0 255 0 0 255 0 0 255 0 0 255 0 0 0 0 0 0 0 0
    0 0 0 0 0 0 255 0 0 0 0 0 0 0 0 0 0 0 0 0 0 0 255 255 0 255 0 0 0
    255 255 0 255 0 255 255 0 0 0 0 0 0 255 0 0 0 255 255 0 0 0 255 255
    0 255 0 255 255 0 255 0 0 255 0 255 0 0 0 0 0 0 0 255 0 255 0 255 0
    255 255 0 0 0 0 255 0 0 0 0 255 255 255 255 0 0 0 0 0 0 0 0 0 0 0 0
    0 0 255 0 0 0 0 0 0 0 0 0 0 0 0 255 0 255 0 255 0 255 0 0 0 255 0
    255 0 255 0 0 255 0 0 255 0 0 0 255 0 0 0 0 0 0 0 255 0 255 0 0 0 0
    255 0 255 0 0 0 255 0 0 255 255 0 0 0 255 255 0 0 0 0 255 0 255 255
    0 0 255 0 0 0 0 0 255 0 0 255 0 255 255 0 0 0 0 255 0 0 0 0 255 0 0
    0 0 0 0 255 0 255 0 255 255 0 0 255 255 0 0 255 0 0 0 0 0 0 0 0 255
    0 0 255 0 0 255 255 0 0 0 0 0 0 0 0 255 0 0 255 0 0 0 0 255 0 255 0
    255 255 255 0 0 255 0 0 0 0 0 255 255 255 0 0 255 255 0 0 0 0 0 0 0
    0 0 0 255 0 255 0 0 255 0 0 255 255 0 0 255 0 0 255 0 255 0 0 0 0 0
    0 0 0 0 0 255 0 255 0 255 0 0 255 0 0 0 0 255 0 255 0 0 0 0 0 255 0
    255 255 0 0 0 0 0 0 255 255 0 0 0 255 0 0 0 0 0 255 0 255 0 255 0 0
    0 255 255 0 0 0 0 0 0 255 0 0 0 0 0 0 0 0 255 0 0 0 255 0 0 0 0 0
    255 0 0 0 0 0 0 0 255 0 0 0 255 0 255 0 0 0 0 0 0 255 0 0 0 0 0 0 0
    0 0 0 0 0 0 0 0 0 0 0 255 0 0 255 0 0 0 255 0 0 255 0 255 0 0 0 255
    0 0 0 255 0 255 0 0 0 255 0 255 0 0 255 0 255 0 0 0 255 0 255 255 0
    255 0 0 0 255 0 0 255 255 0 0 0 255 0 0 0 0 0 255 255 0 255 0 0 255
    0 0 255 0 0 0 0 255 0 0 255 0 0 0 0 0 255 255 0 255 0 0 0 255 0 0 0
    255 0 0 0 255 0 0 0 0 0 0 0 0 0 0 255 0 255 0 255 0 0 0 0 0 0 0 255
    255 255 255 0 0 255 0 255 0 0 0 0 255 0 0 0 0 0 0 0 0 0 0 0 255 0 0
    0 0 0 0 0 0 0 0 0 0 0 255 0 0 0 255 0 255 255 0 255 0 0 0 0 0 0 0 0
    0 0 255 0 0 0 255 0 0 255 0 255 0 0 255 255 0 0 0 0 0 0 0 0 255 0 0
    0 0 0 0 0 0 0 0 0 0 0 0 0 255 0 255 0 255 0 0 0 0 0 255 0 0 0 0 0 0
    255 0 0 0 255 0 0 255 255 255 0 0 0 0 0 0 0 0 0 0 0 255 0 255 255 0
    0 255 0 0 0 0 0 255 0 0 255 0 0 255 0 0 0 0 255 255 255 0 255 255
    255 0 0 0 0 0 0 255 0 0 255 255 255 0 255 0 255 0 0 255 0 255 255 0
    0 0 0 0 255 255 0 0 0 0 255 0 0 0 0 0 0 0 0 0 0 0 0 255 255 0 0 0 0
    0 0 0 0 0 255 0 0 0 255 0 0 255 255 0 255 0 0 0 255 0 255 0 0 0 255
    0 255 0 255 255 0 0 0 255 0 0 255 0 0 0 0 0 255 0 0 255 255 255 0 0
    0 0 0 255 255 0 0 255 255 0 255 0 0 0 0 0 0 0 255 255 255 255 0 255
    0 0 255 0 0 0 0 255 0 0 0 0 0 0 255 0 0 0 0 0 255 255 0 255 0 0 255
    255 255 255 0 0 0 0 0 255 0 255 0 0 255 0 0 255 0 255 0 0 0 0 0 0 0
    255 0 0 0 0 0 0 255 0 255 0 0 255 255 255 0 0 0 0 0 0 0 0 0 255 0 0
    0 255 0 0 0 255 0 255 0 0 0 0 255 0 0 255 255 0 0 0 255 0 0 255 255
    0 255 0 0 0 0 255 0 255 255 0 0 255 0 255 0 0 0 0 0 0 0 0 0 0 0 255
    0 0 255 0 0 0 255 0 255 0 255 0 0 255 255 255 0 0 0 0 255 255 0 0 0
    0 0 255 255 0 0 0 0 0 0 0 0 0 0 0 0 255 255 0 255 0 0 0 0 255 0 0 0
    0 0 0 0 0 0 255 255 255 0 0 0 255 255 0 255 0 0 0 0 255 0 255 0 0 0
    0 0 255 0 0 255 0 0 0 0 0 0 0 0 0 0 0 0 0 0 0 0 255 0 0 255 255 0
    255 255 255 0 255 255 0 0 0 0 255 0 0 0 255 0 0 0 0 0 0 0 0 255 255
    0 255 0 0 255 0 0 0 0 0 255 255 0 0 255 255 0 0 0 0 0 0 255 0 0 255
    255 255 0 0 255 0 0 0 0 0 0 0 0 0 0 255 255 0 0 0 0 255 0 0 0 0 0
    255 0 0 255 0 0 0 255 255 0 0 0 0 0 0 0 0 255 0 0 0 255 0 0 255 0
    255 0 0 255 0 0 0 0 0 0 255 0 0 255 255 0 0 0 0 255 0 0 255 0 255 0
    255 255 0 255 0 0 0 0 0 0 255 255 0 0 0 0 255 0 255 0 255 0 0 255 0
    0 0 255 0 0 0 255 0 0 0 255 255 255 0 255 255 0 0 0 255 255 0 0 0
    255 255 255 255 255 255 0 0 255 0 0 0 0 0 0 0 0 0 0 0 0 0 255 0 0 0
    255 255 0 0 0 0 0 0 0 0 255 0 0 255 255 0 0 255 0 0 255 0 255 0 0 0
    0 255 0 0 255 0 0 0 0 0 0 0 0 0 255 255 0 0 0 0 255 0 0 255 0 255 0
    0 255 0 0 255 0 0 0 0 255 255 255 0 0 255 255 255 255 255 255 0 255
    0 0 0 0 255 0 255 0 0 255 255 255 0 255 0 0 255 0 255 255 0 255 0 0
    0 0 0 0 0 255 0 0 0 255 255 255 0 0 0 0 0 255 0 0 0 0 255 0 0 0 0 0
    0 255 0 0 0 0 255 0 0 0 0 255 0 0 0 255 255 0 255 0 0 0 0 255 255
    255 255 255 0 255 0 255 255 0 0 0 255 0 0 255 0 0 0 0 255 0 0 255 0
    0 0 0 255 0 0 0 0 0 0 0 0 0 0 255 0 255 255 0 0 255 0 0 255 0 255 0
    0 255 0 0 0 0 0 0 255 0 0 255 0 0 0 0 0 0 255 0 0 0 0 0 0 0 0 255 0
    0 0 0 255 0 0 0 255 0 0 0 255 0 0 255 255 0 0 0 0 0 0 0 0 0 0 255
    255 0 0 0 0 0 0 255 255 0 0 0 255 0 255 0 0 0 0 0 0 255 0 0 0 0 255
    255 0 255 0 0 0 0 0 0 255 0 0 0 0 255 0 0 0 0 255 0 255 0 255 0 0
    255 0 0 0 0 0 0 0 0 0 0 255 0 255 0 0 0 0 0 0 255 255 255 0 0 255 0
    0 255 0 255 0 0 0 0 0 0 0 0 0 0 0 0 0 0 255 0 255 0 0 0 0 255 0 0
    255 255 255 0 255 0 0 0 0 0 0 255 0 255 0 0 0 0 0 0 0 0 0 0 255 0 0
    255 0 0 255 0 0 255 0 255 0 255 0 0 0 0 0 255 0 0 0 255 0 0 0 255
    255 255 255 255 0 255 255 0 255 0 0 255 0 0 0 255 0 0 0 0 0 0 0 0 0
    255 0 0 0 0 0 0 0 255 0 0 0 255 0 0 0 0 255 0 0 0 0 0 0 0 255 0 0
    255 0 0 0 0 0 255 0 0 0 0 0 0 0 0 255 255 255 255 255 0 255 0 0 0 0
    0 255 255 255 255 0 0 0 0 0 255 0 255 0 255 255 0 0 255 255 0 0 0
    255 0 0 255 255 0 0 0 0 0 255 255 0 0 0 0 255 0 255 255 0 0 0 0 0 0
    0 0 255 0 255 0 0 0 0 0 0 255 0 0 0 0 0 255 0 0 0 255 0 255 255 255
    255 0 255 0 0 255 0 0 255 255 255 0 0 255 0 255 0 0 0 0 255 0 0 255
    255 255 0 0 255 0 0 0 0 255 0 255 0 255 0 0 0 255 0 0 0 0 255 255
    255 0 0 255 0 255 0 255 255 0 0 0 0 0 255 0 0 0 255 0 0 0 0 0 0 0 0
    255 255 0 0 0 0 0 255 0 0 255 0 0 0 255 255 0 0 255 0 0 255 255 0 0
    0 0 0 0 0 0 0 0 0 255 0 255 255 255 0 0 255 0 0 0 255 0 0 0 255 0 0
    255 0 0 255 255 255 255 255 0 255 255 0 255 0 0 255 0 255 0 0 0 0 0
    255 0 255 0 0 0 0 0 255 255 0 255 0 255 0 0 0 0 0 0 0 0 0 0 0 0 255
    0 255 0 255 255 0 0 0 0 0 255 255 0 0 255 0 0 0 0 0 0 0 0 0 0 0 0
    255 0 0 255 0 0 255 0 0 0 0 0 0 0 0 0 255 0 0 0 0 0 255 255 0 0 0
    255 0 0 0 255 0 255 0 0 0 0 255 0 0 0 0 255 0 0 255 0 0 0 0 0 0 0
    255 0 0 0 0 0 0 0 0 255 255 0 0 0 255 255 0 255 0 0 0 0 0 0 0 0 0 0
    0 0 255 0 0 0 255 0 0 255 255 0 255 0 255 0 0 0 255 0 255 255 0 0
    255 0 0 0 0 0 255 0 0 0 0 0 0 0 0 0 0 0 0 0 255 0 0 0 0 255 0 0 0 0
    0 255 0 0 0 0 255 255 255 255 255 255 255 0 0 0 0 255 0 0 0 0 255 0
    0 0 0 255 0 0 0 255 0 0 0 255 0 255 0 255 0 0 0 0 255 0 0 0 0 0 255
    0 0 0 0 0 0 0 255 0 0 255 0 0 0 0 0 0 0 0 255 0 255 255 0 0 0 0 255
    255 0 255 0 0 255 0 0 0 0 0 0 255 0 0 0 0 0 0 0 255 255 255 0 0 0
    255 0 255 0 255 255 0 0 255 0 0 255 0 0 255 0 255 255 0 0 0 0 255
    255 0 0 0 255 255 0 0 0 0 0 255 255 0 0 0 255 0 0 0 0 0 0 255 0 255
    0 255 0 0 0 0 0 0 255 255 0 0 255 0 0 255 0 0 0 255 0 255 0 0 0 255
    0 0 0 0 0 0 0 0 0 0 0 0 255 0 0 0 0 255 0 0 0 255 255 255 0 0 0 0 0
    0 0 0 255 0 0 255 0 0 0 0 255 0 255 0 255 255 0 0 0 0 0 0 0 255 255
    0 0 0 0 0 0 0 0 0 0 255 0 255 0 255 0 255 0 0 0 255 255 255 0 0 0
    255 0 0 0 0 0 0 0 0 0 0 0 0 0 0 255 0 255 0 0 0 255 0 0 255 255 0
    255 255 255 255 0 0 0 0 0 255 0 0 0 0 0 0 255 0 255 0 0 255 0 0 0 0
    255 0 0 0 0 0 0 0 255 0 0 0 255 0 0 0 0 0 0 0 255 0 0 0 255 0 0 255
    0 0 0 0 0 0 0 0 0 0 0 255 0 255 0 0 0 0 0 255 0 0 255 0 0 0 255 0 0
    255 0 255 0 0 255 0 0 0 255 255 0 0 255 0 255 255 0 0 0 0 255 255 0
    0 0 0 0 0 255 0 0 0 0 0 0 0 255 0 255 0 255 0 0 0 0 0 0 0 255 255 0
    0 0 0 255 0 0 0 255 0 0 0 255 0 255 0 0 0 0 0 255 0 0 0 255 0 0 255
    255 255 255 0 0 0 255 0 0 0 0 255 0 255 0 255 0 0 255 0 0 0 0 0 255
    0 0 0 0 255 0 0 0 255 0 255 0 0 0 255 255 0 0 255 0 0 0 255 255 0 0
    0 0 0 0 255 255 255 0 255 0 255 0 0 255 255 0 0 255 255 0 0 255 255
    0 0 255 0 0 0 0 0 255 0 255 255 0 0 255 255 0 0 0 0 0 0 0 0 0 255 0
    255 0 255 255 255 0 0 0 0 0 255 255 0 0 0 0 0 0 0 0 255 0 0 0 0 0
    255 255 0 0 0 255 0 255 0 0 0 0 0 255 0 0 0 0 0 0 0 0 0 0 0 0 255 0
    0 0 255 0 0 255 255 255 0 0 255 0 0 255 255 0 255 255 255 0 0 0 0
    255 0 255 255 0 0 0 0 0 255 255 0 0 255 0 0 0 0 255 0 0 0 0 255 0
    255 255 255 0 0 0 255 0 0 0 0 255 0 0 0 0 0 255 0 0 0 0 255 0 0 0 0
    0 0 0 0 0 255 255 0 0 255 0 0 255 0 0 0 0 255 0 255 0 0 0 255 255
    255 0 255 0 0 0 0 0 0 255 0 0 255 255 0 255 0 255 0 255 0 255 255 0
    0 0 0 0 0 0 0 255 0 255 0 0 0 0 0 255 0 0 0 0 0 0 0 0 0 0 255 0 0 0
    0 255 0 0 0 0 0 0 0 0 0 255 0 0 0 0 0 0 0 255 0 0 0 0 0 0 0 0 0 255
    255 0 0 0 0 0 255 255 0 255 255 255 0 0 0 0 255 0 0 0 255 0 0 255
    255 255 0 0 0 0 0 0 0 0 255 0 0 0 0 255 255 255 255 255 0 0 255 0 0
    0 0 255 0 0 0 0 0 0 0 0 0 0 255 0 0 0 0 0 0 255 0 255 0 0 255 255
    255 0 0 0 0 255 255 0 0 0 255 0 0 255 0 0 0 255 0 0 0 255 0 0 255 0
    0 0 0 0 0 0 255 0 0 0 255 0 0 0 255 0 0 255 0 0 0 0 0 255 0 255 255
    0 0 0 255 0 0 0 0 255 255 0 0 0 0 0 0 255 0 0 255 0 0 255 0 0 0 255
    0 255 0 0 0 0 255 255 0 255 0 0 0 0 0 255 0 0 255 0 0 255 0 0 0 255
    255 255 0 0 0 0 255 0 255 255 0 0 0 255 0 0 0 255 255 0 0 0 0 0 255
    255 0 0 255 0 0 255 0 0 255 0 0 0 0 255 0 0 255 0 0 0 0 0 0 0 0 0
    255 0 0 255 0 0 255 255 0 0 0 0 0 0 0 0 255 0 255 0 255 0 0 255 255
    0 0 0 0 0 255 0 0 0 255 255 0 0 0 255 0 0 255 0 0 0 0 0 255 255 0 0
    0 0 0 255 0 255 0 255 0 0 255 0 0 0 0 0 0 0 255 0 0 0 0 0 0 0 0 255
    0 0 0 0 0 255 0 0 0 0 0 0 0 0 0 255 0 0 0 255 0 0 255 0 0 0 0 0 0
    255 0 0 0 255 255 255 0 0 255 0 0 255 0 0 0 0 0 255 255 255 255 0 0
    0 0 0 0 0 0 255 255 0 0 0 0 0 255 0 0 0 0 255 255 0 0 0 0 255 0 0
    255 0 0 255 0 0 255 0 0 0 255 0 255 0 0 0 255 0 0 0 0 0 0 255 0 0 0
    0 0 0 255 255 255 0 0 255 255 0 0 0 0 0 0 0 0 0 255 0 0 0 0 0 255 0
    0 0 0 255 0 0 0 0 255 0 255 255 0 255 0 0 255 255 0 255 255 255 0 0
    0 0 0 0 0 0 255 0 255 255 255 255 0 0 0 0 255 0 0 255 0 255 0 0 255
    0 255 0 0 255 0 0 255 0 0 0 0 255 0 0 0 0 0 0 0 255 0 0 0 0 0 255 0
    0 0 255 0 0 0 0 0 255 255 255 0 0 0 0 0 0 0 0 0 0 255 0 255 0 0 0
    255 0 0 0 0 0 0 0 0 0 0 0 0 0 255 0 0 0 255 0 0 0 255 0 0 0 255 0 0
    255 0 0 0 0 255 0 255 0 255 255 0 0 0 0 0 0 0 255 0 0 255 255 0 255
    0 0 255 255 255 255 0 0 0 0 0 0 255 0 255 0 0 0 0 0 0 0 0 0 255 0 0
    0 255 0 255 0 255 0 0 0 255 255 0 0 255 255 0 0 255 255 255 0 0 0
    255 0 255 0 0 0 255 0 255 0 255 0 0 0 0 0 0 255 255 0 0 255 0 0 0 0
    255 0 0 255 0 0 0 255 255 255 0 0 0 0 0 255 0 0 255 0 0 0 0 0 0 255
    255 0 255 255 0 0 255 0 0 255 0 0 255 0 0 255 255 0 0 0 0 0 0 0 0 0
    255 0 0 0 0 255 0 0 0 0 255 0 0 255 0 0 255 0 255 255 255 0 255 0 0
    0 0 255 0 0 0 0 0 0 255 255 255 0 255 0 255 255 255 0 255 0 0 255
    255 0 0 0 0 0 0 0 0 0 0 255 0 0 0 0 0 0 0 0 0 255 0 255 0 0 0 255 0
    0 255 0 0 0 0 0 0 0 0 0 0 255 0 0 0 0 0 0 0 0 0 0 0 255 255 0 0 0 0
    0 255 0 0 0 0 0 0 0 0 255 0 0 0 0 0 0 0 0 255 255 0 0 0 0 0 0 0 0 0
    255 0 255 255 0 255 0 0 0 0 0 255 0 0 0 255 0 255 0 0 0 0 0 0 255
    255 255 0 0 255 0 0 255 255 0 0 255 0 0 0 0 255 0 0 255 255 255 255
    255 0 0 255 0 255 0 0 0 0 0 0 0 0 0 0 0 255 0 0 255 255 0 0 255 0 0
    0 255 0 0 255 255 0 255 255 0 0 0 0 0 255 0 0 255 0 0 0 0 0 0 0 0
    255 0 0 255 0 255 255 255 0 0 255 0 0 255 255 255 0 0 0 255 0 0 0 0
    0 0 0 0 255 0 0 0 255 0 0 0 0 0 0 255 0 255 0 255 0 255 0 0 0 0 0 0
    255 0 255 0 0 0 0 0 255 0 0 0 0 0 0 0 0 0 0 255 0 0 0 0 0 255 0 0
    255 255 0 0 0 0 255 0 0 0 255 0 0 0 255 0 255 0 0 255 0 0 0 255 255
    255 0 0 0 255 255 0 255 0 255 0 255 0 255 255 0 255 0 0 0 255 0 0 0
    0 255 0 0 0 0 255 255 0 0 255 0 0 255 0 255 0 0 0 0 0 0 0 0 255 0 0
    255 0 255 255 0 0 0 0 0 255 0 0 0 0 0 0 0 0 0 0 255 0 0 0 0 255 0 0
    255 0 255 0 0 0 0 0 255 0 0 0 0 255 255 0 0 255 0 0 255 0 255 0 255
    0 0 0 0 0 0 0 0 0 0 0 255 0 0 0 0 255 0 0 255 255 255 0 0 0 0 0 0
    255 0 0 0 0 0 0 255 0 0 255 0 0 255 255 255 0 0 255 0 0 255 0 0 0 0
    255 0 255 0 255 0 0 0 255 0 255 0 0 0 255 0 255 0 0 0 255 0 0 0 0 0
    0 0 255 255 0 0 0 0 0 0 255 0 255 0 0 0 0 0 0 255 0 255 0 0 255 255
    255 255 0 255 0 0 255 255 0 255 255 0 0 0 0 0 0 0 255 0 255 0 0 255
    0 0 0 0 0 0 255 0 255 0 0 255 0 255 255 0 0 0 0 255 0 0 0 0 0 255
    255 255 255 0 0 255 0 255 255 0 255 0 0 0 255 0 0 0 255 255 255 0
    255 0 0 0 0 0 255 255 255 0 0 0 0 0 0 0 0 0 0 0 0 255 0 255 0 0 0 0
    0 0 0 0 0 255 255 255 255 0 255 0 255 0 0 0 0 255 0 255 0 0 0 0 255
    0 0 0 0 0 0 0 0 0 0 0 0 0 0 0 255 255 255 0 0 0 0 0 0 0 255 255 0
    255 0 0 0 0 0 0 255 0 255 255 0 0 0 0 255 0 0 0 255 0 255 255 255 0
    255 255 0 0 0 255 255 0 0 0 0 0 0 0 0 0 255 255 0 255 255 255 0 0
    255 255 255 0 0 255 0 0 0 255 0 0 0 0 0 0 0 255 255 0 255 255 255 0
    0 255 0 255 0 0 0 0 0 0 0 0 0 0 255 255 255 0 0 0 0 0 0 0 255 0 0
    255 0 0 0 0 0 0 0 0 0 0 0 255 0 0 0 0 0 0 0 0 0 0 0 255 0 0 0 0 255
    255 0 255 0 0 0 255 0 255 0 0 0 255 0 0 0 0 255 255 255 0 0 0 0 0 0
    255 0 255 0 255 255 0 255 0 0 255 0 255 0 0 0 0 0 255 0 0 255 0 0 0
    255 0 0 0 0 0 0 255 0 255 0 0 0 0 0 255 0 255 255 255 255 0 0 0 0
    255 255 0 0 0 255 255 0 0 255 0 0 0 0 255 0 255 0 0 0 0 255 0 0 0 0
    0 255 255 255 255 0 255 0 0 0 255 255 0 255 255 255 0 0 0 0 0 0 0
    255 0 0 255 255 0 255 0 0 0 0 0 255 255 255 0 0 255 255 255 255 0 0
    0 0 255 0 255 0 0 0 255 0 0 0 255 255 0 0 0 0 0 0 0 0 0 255 0 0 0
    255 0 255 255 0 255 0 0 0 0 0 0 0 0 0 0 0 0 0 0 0 255 0 0 0 0 0 255
    0 255 255 255 255 0 0 255 255 0 0 0 0 0 255 0 0 0 0 255 0 0 0 0 0
    255 0 255 0 255 255 0 0 0 0 255 0 0 255 255 255 0 0 0 0 255 0 0 255
    0 0 0 0 255 255 0 0 0 0 0 0 0 0 0 0 255 0 255 255 0 0 0 0 255 255
    255 255 0 0 0 0 0 255 0 0 0 255 0 255 0 0 0 0 0 0 255 0 0 0 0 255 0
    0 0 0 0 0 0 255 0 0 0 0 0 0 0 255 0 0 255 0 255 255 0 0 255 0 0 0 0
    0 0 0 0 0 0 0 0 255 0 0 0 0 255 0 0 0 255 0 255 0 0 255 0 0 0 0 0
    255 0 0 0 0 0 255 0 0 0 0 0 255 0 0 0 255 0 0 0 0 255 255 0 0 255 0
    0 0 255 0 0 0 0 0 0 255 0 0 0 0 255 255 0 0 255 0 0 0 0 0 0 0 255 0
    0 255 255 255 255 255 0 0 255 0 0 0 0 0 0 0 255 0 255 255 0 0 0 0
    255 255 0 255 0 0 0 0 0 0 0 255 0 0 255 255 255 0 0 0 0 255 0 255 0
    255 0 0 255 255 255 0 0 0 0 0 255 255 255 255 0 0 0 255 0 0 0 255 0
    0 0 255 255 0 0 255 0 0 255 0 255 0 255 255 255 0 0 255 255 0 0 0 0
    255 255 0 0 0 0 0 255 0 255 0 0 0 0 0 0 0 0 0 255 0 0 255 0 0 0 0
    255 0 255 0 0 0 0 0 0 0 0 0 0 0 0 255 0 0 0 255 0 0 255 0 255 0 255
    0 0 0 0 255 255 0 255 0 0 0 255 255 0 255 0 0 0 0 0 255 255 0 0 255
    0 0 255 0 0 255 0 0 0 0 255 0 0 0 0 0 255 255 0 0 0 255 0 0 255 0 0
    0 0 255 255 0 0 0 255 255 0 0 0 0 0 0 0 0 0 0 0 255 0 0 255 0 255
    255 0 0 255 255 0 0 0 0 255 0 255 255 255 0 0 0 0 255 0 0 0 0 255
    255 0 0 255 0 0 255 0 255 255 255 255 0 0 0 0 0 255 255 255 255 0
    255 0 0 0 0 255 0 255 0 255 0 255 0 0 0 0 255 0 0 255 0 255 255 0 0
    0 0 0 0 0 255 0 0 255 0 0 0 0 255 0 0 255 0 0 0 255 255 0 255 0 255
    0 0 0 255 255 255 0 0 0 255 255 0 255 0 0 0 0 0 0 0 0 0 0 255 0 0 0
    0 0 0 0 0 255 255 255 255 0 0 0 255 0 0 255 0 0 0 255 0 0 255 0 0 0
    0 0 0 255 0 0 0 0 0 0 0 0 255 0 0 0 255 0 0 255 0 0 255 0 255 0 255
    0 0 0 0 0 255 0 255 0 0 0 0 0 0 255 0 0 255 255 0 0 0 255 0 255 255
    0 0 0 255 0 0 0 0 0 0 0 0 0 0 0 0 0 0 0 0 0 0 255 255 0 0 255 0 255
    0 255 255 0 255 255 0 255 0 0 0 0 0 255 0 0 0 0 255 0 0 255 0 0 0 0
    0 0 255 255 0 255 0 255 0 0 0 0 0 0 0 0 0 0 0 0 0 0 0 0 255 255 0 0
    0 255 0 0 0 0 255 0 0 0 0 0 0 0 0 0 255 255 255 0 0 255 0 255 0 0 0
    255 0 0 0 255 0 255 0 0 0 0 255 255 255 0 0 0 0 0 255 0 0 0 0 255 0
    0 255 0 0 0 0 255 255 0 255 0 255 0 255 0 0 0 0 0 0 0 255 255 255
    255 0 255 255 0 0 0 0 255 255 255 255 0 255 255 255 0 255 255 0 0
    255 0 0 0 255 255 0 0 0 255 255 0 0 0 255 255 255 0 255 0 0 0 0 0 0
    0 0 0 255 0 0 0 255 255 0 255 0 0 0 255 0 0 255 0 0 0 0 0 0 255 0 0
    0 0 255 255 0 0 255 255 0 0 0 255 0 0 0 0 0 0 255 0 255 0 0 0 0 0 0
    0 0 0 255 0 255 0 255 0 0 0 0 0 0 0 0 0 255 0 0 255 0 0 0 255 0 0 0
    0 0 0 0 255 0 0 0 0 255 0 0 0 0 0 0 255 255 0 0 255 0 0 0 0 0 0 0 0
    0 0 0 0 255 255 0 255 255 255 255 0 0 255 0 0 255 255 0 255 0 255
    255 0 255 0 0 0 0 255 0 0 0 255 0 0 0 0 255 0 0 0 0 255 255 0 0 255
    255 0 0 255 0 255 0 255 0 255 255 0 0 0 0 255 255 0 0 255 0 0 0 0 0
    0 0 255 0 0 255 0 0 255 0 255 0 0 0 0 255 0 255 0 255 0 0 0 0 0 255
    0 0 0 255 0 0 0 255 0 0 0 0 0 0 0 255 255 255 0 0 0 0 0 255 0 0 0
    255 255 255 0 0 0 0 255 0 0 255 0 0 0 0 0 0 0 0 0 255 0 0 255 0 255
    255 0 0 255 255 0 0 255 0 0 255 0 255 255 255 0 255 0 255 0 0 0 0 0
    0 255 0 0 255 0 255 0 0 0 0 0 0 255 0 0 0 255 0 255 255 255 0 0 0 0
    255 0 0 255 0 0 0 0 0 0 0 0 0 0 0 0 255 0 0 255 255 0 0 0 0 0 0 0 0
    0 255 0 255 0 0 0 0 0 0 0 0 0 0 0 0 0 0 0 0 0 255 0 255 0 0 0 0 0
    255 0 0 0 0 0 0 255 0 0 0 255 0 0 255 0 0 0 255 255 0 0 0 0 0 0 255
    0 255 0 0 0 0 255 0 0 0 0 0 0 0 0 0 255 0 255 0 0 0 0 255 0 255 0 0
    0 0 0 0 255 0 0 0 0 255 0 0 0 0 255 0 0 0 255 0 255 255 0 0 0 0 0
    255 0 0 0 0 0 255 0 0 0 0 255 0 0 0 0 0 0 0 255 0 0 0 255 255 0 255
    0 0 0 0 0 0 0 0 0 0 0 255 255 0 0 0 0 0 0 0 0 0 0 255 0 255 0 0 0 0
    0 0 0 0 0 0 0 0 255 0 0 255 0 0 255 0 0 0 255 0 0 255 0 0 0 0 0 255
    255 0 255 0 0 0 0 0 0 0 0 0 0 0 0 0 0 0 0 0 255 0 0 0 0 0 255 0 0 0
    0 0 0 0 255 0 0 0 0 0 0 0 0 0 0 0 255 0 0 0 0 0 0 0 0 0 0 0 0 255 0
    0 0 0 255 0 0 0 0 0 255 0 0 255 255 0 0 255 0 255 0 0 255 0 255 0
    255 0 0 255 0 0 0 255 255 255 0 0 255 0 0 255 0 0 255 0 0 255 0 255
    255 255 0 0 255 0 255 0 0 0 0 0 255 0 0 0 0 0 255 0 0 255 0 255 0 0
    255 0 0 255 255 0 255 0 255 255 255 255 255 0 0 0 255 0 255 0 0 255
    0 0 0 255 0 0 0 0 0 0 255 255 255 255 0 0 0 0 0 255 0 255 0 0 0 0
    255 0 255 0 0 0 255 0 0 0 0 255 0 0 255 0 0 0 0 0 0 0 0 0 255 0 255
    0 0 0 255 255 255 0 255 0 0 255 0 255 0 0 0 255 0 0 0 0 0 0 0 0 255
    0 0 0 0 255 0 0 0 255 0 0 255 0 0 0 255 0 0 255 0 0 255 0 0 255 0
    255 0 0 0 255 255 0 0 0 255 0 0 0 0 0 255 0 0 255 0 0 0 0 0 0 0 0
    255 0 0 0 0 0 0 0 0 0 255 0 0 0 0 0 0 255 0 255 0 0 255 255 0 0 255
    255 0 0 0 0 0 0 0 0 0 255 255 255 0 255 0 0 0 255 0 255 0 0 255 0 0
    0 0 255 0 255 255 255 0 0 0 0 0 0 0 0 255 255 0 0 255 255 0 255 0
    255 0 0 0 0 255 0 0 0 0 255 0 255 0 0 0 255 0 0 0 0 0 255 0 255 0 0
    0 255 0 0 0 0 0 0 255 0 0 0 0 0 0 0 0 0 0 0 0 0 0 0 255 255 0 255
    255 0 255 0 0 0 255 255 0 255 0 0 255 0 255 0 0 0 255 0 0 255 255
    255 255 0 255 255 255 0 255 0 0 0 255 255 0 0 255 255 0 255 0 0 255
    255 0 255 255 0 0 255 0 0 0 0 255 255 0 0 255 0 0 0 0 0 0 0 0 0 0
    255 255 0 255 0 0 0 0 0 0 255 0 0 0 0 255 255 0 0 255 255 255 0 255
    0 0 0 0 0 255 0 0 255 0 255 0 0 0 0 0 0 0 255 255 0 0 0 0 0 0 0 0 0
    0 255 255 0 0 0 0 255 0 0 0 0 0 0 255 0 0 0 255 0 0 255 0 0 255 0 0
    0 0 0 0 0 255 0 255 0 0 0 0 0 0 255 0 0 0 0 0 0 0 0 0 0 0 0 0 0 0 0
    0 0 0 255 0 255 0 0 0 255 0 0 0 0 255 0 0 255 0 0 0 0 0 255 0 0 0
    255 255 0 0 0 0 255 255 0 0 255 0 0 0 255 0 255 0 0 0 0 0 255 0 0 0
    0 0 0 0 255 255 255 255 255 0 0 0 255 255 255 255 0 0 0 0 0 255 0 0
    255 0 0 255 0 0 255 255 255 0 0 0 0 0 0 0 0 0 0 0 0 0 0 0 0 0 0 0 0
    255 0 0 0 255 0 0 0 0 0 0 0 255 0 0 0 0 255 0 0 0 255 0 0 0 0 0 255
    0 0 0 0 0 0 0 255 0 0 0 0 0 0 0 0 0 0 0 0 255 0 0 0 255 0 0 0 255 0
    0 0 0 0 255 0 255 0 0 0 0 0 0 0 0 0 0 255 0 255 0 255 0 0 0 0 0 0 0
    0 255 255 255 0 0 0 255 0 0 0 255 0 255 0 0 0 0 255 0 255 255 0 0 0
    255 0 0 0 0 0 255 255 0 0 0 0 255 0 0 0 0 255 0 255 0 0 255 0 255 0
    0 0 0 0 255 0 0 0 0 0 0 0 0 255 0 255 0 0 0 0 255 0 0 0 0 0 0 255 0
    0 0 0 0 0 0 255 255 0 255 0 0 0 0 0 255 0 0 0 0 0 0 255 0 0 0 0 0 0
    255 255 255 0 0 0 0 0 0 255 255 0 0 0 0 0 255 0 255 0 0 0 0 0 0 0 0
    0 0 0 255 255 0 0 255 255 0 0 255 0 0 0 0 0 0 0 255 0 0 0 0 0 0 255
    255 255 0 255 0 255 0 0 255 255 0 0 255 255 255 255 0 255 0 255 0 0
    0 255 255 0 255 0 0 0 0 0 0 255 0 255 0 255 0 0 255 0 0 0 0 0 0 0 0
    0 0 255 0 255 0 0 255 0 0 255 0 0 0 0 0 0 0 0 0 0 255 0 255 0 0 255
    0 0 255 0 255 255 0 0 0 255 0 255 255 0 0 0 0 0 0 0 255 0 0 255 255
    0 0 0 0 255 0 0 0 0 0 255 0 0 255 0 0 0 0 255 0 0 0 0 255 0 0 255
    255 0 255 0 0 255 255 0 0 0 0 0 255 0 0 255 0 0 0 0 0 0 0 0 0 255 0
    0 255 0 0 255 0 255 255 0 0 255 0 255 0 0 0 255 0 0 255 0 0 0 0 0 0
    0 0 0 255 255 0 0 0 255 255 255 0 0 0 0 0 0 255 0 0 0 255 0 0 0 255
    0 0 0 255 0 0 0 0 0 0 0 255 0 0 0 0 255 0 0 255 0 0 0 0 0 0 0 0 0 0
    255 255 0 255 255 0 255 0 0 0 0 255 0 0 0 255 0 0 255 0 0 0 0 0 0 0
    255 0 0 0 0 0 0 255 0 255 255 255 255 0 0 0 0 0 0 0 0 0 255 0 255
    255 0 0 255 0 0 0 0 0 0 0 0 0 0 0 0 0 255 0 0 0 0 255 0 0 255 0 255
    0 255 0 0 0 255 0 255 255 255 0 0 0 0 255 0 0 0 0 255 255 0 255 0
    255 255 0 0 255 0 0 0 0 0 255 255 255 0 0 0 255 0 255 255 0 0 0 255
    0 255 0 255 255 255 255 0 0 255 0 255 0 255 0 255 0 0 0 0 255 0 0
    255 255 0 0 0 0 0 0 0 255 255 0 255 0 0 255 0 255 0 0 0 255 0 0 255
    0 0 0 255 0 255 0 0 0 0 0 0 0 0 0 0 0 255 0 0 0 0 255 0 255 255 0 0
    255 0 255 0 255 0 0 0 255 255 255 0 0 0 255 0 0 0 0 0 255 255 255 0
    255 0 0 255 0 0 0 0 255 0 255 0 255 0 0 0 0 255 0 0 0 0 0 255 0 255
    0 0 0 0 255 0 0 0 0 0 0 0 0 0 0 255 0 0 0 0 255 0 255 0 0 0 0 255
    255 0 255 0 0 0 0 0 0 0 0 255 0 0 0 0 255 0 0 255 255 255 255 0 0 0
    0 0 0 255 0 0 0 0 0 0 255 0 0 0 0 0 0 0 255 0 0 0 255 255 0 0 0 0
    255 0 0 0 0 255 0 0 0 0 0 255 0 0 0 0 255 0 0 255 0 0 0 0 255 0 0 0
    0 0 255 0 0 0 0 0 0 0 0 255 0 0 0 0 0 0 255 0 255 0 0 0 0 0 0 0 0 0
    255 0 0 0 255 0 255 0 0 0 255 0 255 0 0 0 0 255 0 0 255 0 0 255 0
    255 0 0 0 0 255 0 0 0 0 0 255 0 0 255 0 0 0 0 0 255 0 0 0 0 0 0 0 0
    0 0 0 0 255 0 255 0 0 255 0 255 0 0 0 0 0 255 0 255 255 0 0 255 0 0
    0 0 0 255 0 0 0 0 0 0 0 255 0 0 255 255 0 0 255 0 0 0 255 0 255 0 0
    0 0 255 0 0 0 0 0 0 0 0 0 0 0 0 0 0 0 0 0 0 255 0 0 0 255 0 0 255 0
    0 255 255 0 0 255 0 0 0 0 0 255 255 0 255 255 0 255 255 0 0 0 0 0 0
    0 255 0 255 0 0 0 255 255 255 0 0 0 0 0 0 0 0 0 0 0 255 0 0 0 0 0 0
    0 0 0 255 255 255 0 255 0 0 0 255 0 255 0 255 0 0 0 0 255 0 255 0 0
    0 255 0 0 0 0 255 0 0 0 0 0 0 0 255 0 0 0 0 0 0 255 255 0 0 255 255
    0 0 0 255 0 0 255 255 255 0 0 0 255 0 0 255 255 0 0 0 0 255 0 0 0 0
    255 0 0 255 0 0 0 0 0 0 0 255 0 255 0 0 0 255 0 0 255 0 0 0 0 255 0
    0 0 255 255 255 0 0 0 0 0 255 0 0 255 255 255 0 0 0 0 255 255 255 0
    255 0 0 0 0 0 255 255 0 0 255 0 0 255 255 0 0 0 0 255 255 0 255 0
    255 0 0 0 0 255 0 0 0 255 0 255 255 0 0 255 255 255 0 0 0 255 0 255
    0 255 0 0 0 0 255 255 0 0 255 255 0 0 255 0 0 0 0 0 0 0 0 0 0 0 255
    0 0 0 0 0 255 255 0 255 0 0 255 0 255 0 255 0 0 0 0 0 0 255 0 0 255
    255 255 0 0 0 255 0 255 0 0 0 0 0 255 0 0 0 255 0 0 255 0 0 0 0 0 0
    0 0 255 0 255 0 255 0 0 0 0 0 255 255 255 0 255 255 0 255 0 255 0 0
    0 0 0 0 255 0 0 0 0 0 255 0 0 255 0 0 0 0 0 0 0 0 0 255 0 255 0 0 0
    255 0 0 255 0 0 255 255 255 0 0 255 0 0 0 0 0 0 0 255 0 0 0 255 0 0
    255 0 0 0 255 0 0 0 0 255 0 255 255 0 0 0 0 0 0 255 0 0 255 0 0 0
    255 0 0 255 0 255 0 0 0 0 0 255 0 0 255 0 0 255 0 0 0 0 0 255 0 0
    255 255 0 0 255 0 0 0 0 0 0 0 0 0 0 0 255 0 255 0 255 0 0 0 0 255 0
    0 255 0 255 0 255 0 255 0 255 0 0 0 255 0 0 0 255 0 255 0 0 0 255 0
    255 0 255 255 0 255 0 255 0 0 0 255 0 255 0 0 255 0 0 255 255 0 0 0
    0 0 255 0 0 255 255 255 0 0 0 255 0 0 0 0 0 0 0 0 0 0 0 0 0 255 0 0
    0 255 0 255 0 255 0 0 255 0 0 255 0 0 0 0 255 255 255 0 0 0 0 0 0 0
    0 0 255 0 0 0 0 0 0 0 0 0 255 0 255 0 255 0 255 255 0 0 255 0 0 0 0
    0 0 0 0 0 0 0 0 0 255 0 0 0 0 0 0 255 0 0 255 0 0 0 0 0 255 0 0 0
    255 255 0 0 0 0 255 255 0 0 0 255 0 0 0 0 0 255 0 0 0 255 0 0 0 255
    0 255 255 255 0 255 0 0 255 0 0 255 0 0 255 0 0 255 0 0 255 255 0 0
    0 0 0 255 0 0 0 255 0 0 255 0 255 255 255 0 255 0 0 0 0 0 0 0 0 0 0
    255 0 0 0 0 255 255 255 0 255 0 255 0 0 0 255 255 255 0 0 0 0 0 0 0
    255 255 255 255 0 0 0 0 0 255 0 0 0 255 0 0 0 255 255 255 255 0 255
    0 0 255 0 255 0 0 0 0 0 0 255 0 0 255 0 0 0 0 255 255 255 255 0 255
    0 0 0 0 0 255 0 0 0 255 255 0 0 0 0 0 255 0 0 0 255 0 0 255 255 0 0
    255 0 0 0 0 0 0 255 255 0 255 0 255 255 0 0 255 0 0 0 255 255 0 255
    0 255 255 0 255 0 255 0 0 255 0 0 0 0 255 255 0 0 255 255 255 0 255
    255 255 0 0 255 255 255 255 0 255 0 255 0 255 255 0 255 0 0 255 255
    255 0 0 0 255 0 0 255 0 0 0 0 255 255 0 0 0 0 0 0 0 0 0 0 255 255 0
    0 0 0 0 0 255 0 0 0 0 0 0 0 0 255 0 255 0 255 0 0 255 0 0 255 255
    255 255 0 0 255 0 0 0 0 0 0 0 0 0 0 0 0 0 0 255 0 0 0 0 0 0 255 0 0
    0 255 255 255 0 0 255 0 255 0 255 255 0 255 0 0 255 0 0 0 0 255 0
    255 255 255 255 255 0 0 0 0 0 255 0 255 0 0 255 0 0 0 0 0 0 0 0 0 0
    0 0 0 255 0 255 255 255 0 0 0 0 0 255 0 0 255 0 255 0 0 255 0 0 0
    255 0 0 255 0 0 0 0 0 255 0 0 255 0 0 0 0 0 0 255 0 255 0 255 0 0
    255 0 0 255 0 0 255 0 0 0 255 0 255 0 0 255 0 0 255 0 0 0 255 0 0
    255 0 255 0 0 0 0 0 0 255 0 0 255 0 0 0 0 0 0 0 255 0 0 0 0 0 255 0
    0 255 0 0 255 0 255 0 255 0 0 255 0 255 0 0 0 255 0 0 0 255 0 0 0 0
    0 0 255 0 0 0 255 0 255 0 0 0 0 0 0 0 255 0 0 0 0 0 0 255 0 0 0 255
    0 0 0 0 0 0 0 0 255 0 255 0 255 0 0 255 0 255 0 0 255 0 255 0 0 0
    255 0 0 0 0 0 255 0 255 0 0 0 0 0 0 0 0 0 0 255 0 255 0 255 0 0 0
    255 0 255 0 0 255 0 0 0 255 0 0 0 255 0 0 255 0 0 0 0 0 0 255 0 0
    255 0 0 0 0 0 0 0 0 255 0 255 0 0 255 0 0 0 0 0 0 255 0 255 0 0 0
    255 0 255 0 0 255 0 0 255 0 255 0 0 255 0 0</data></your_edges>
</opencv_storage>
