<?xml version="1.0"?>
<opencv_storage>
<grad type_id="opencv-matrix">
  <rows>10</rows>
  <cols>10</cols>
  <dt>f</dt>
  <data>
    2.45982697e+02 1.16993279e+02 1.06740631e+02 1.47686996e+02
    7.51013641e+01 1.73524429e+02 2.30827118e+02 2.54933365e+02
    8.10559616e+01 2.94305191e+01 2.45644836e+02 3.91766891e+01
    2.10796616e+02 1.44638702e+02 2.21780273e+02 1.23852257e+02
    2.07272705e+02 5.59154510e+01 2.03609314e+02 1.95518616e+02
    3.88937073e+01 1.18357254e+02 2.55146332e+01 3.55453949e+01
    1.67483765e+02 2.51562271e+02 9.20237885e+01 1.63799591e+02
    3.89915237e+01 4.86039581e+01 1.56792877e+02 1.18968262e+02
    1.54428268e+02 1.11606033e+02 2.02054352e+02 1.15584023e+02
    2.13837677e+02 1.86576004e+02 5.97683563e+01 2.15090103e+02
    2.30242798e+02 3.20282135e+01 9.02528305e+01 2.50499435e+02
    1.23081680e+02 1.59245605e+02 1.37776672e+02 1.24071144e+02
    2.09583359e+01 4.10041046e+01 1.47381729e+02 1.66554413e+01
    1.49643829e+02 1.03523209e+02 8.69804993e+01 1.78777283e+02
    8.35429535e+01 2.03729736e+02 2.38719910e+02 1.30046783e+02
    1.48389969e+02 2.27493210e+01 5.41764832e+01 1.05848160e+01
    1.67945099e+02 7.13785858e+01 1.38304413e+02 2.32625214e+02
    9.48104858e-02 4.55151672e+01 2.22146103e+02 2.35154297e+02
    6.97949524e+01 1.76161072e+02 1.53257919e+02 3.55975342e+01
    5.98794250e+01 8.01195679e+01 1.14191238e+02 2.42065125e+02
    8.12604370e+01 9.51255798e-01 2.46952789e+02 2.32411224e+02
    8.42199249e+01 2.09139725e+02 1.54876404e+01 4.86949921e+00
    1.06239983e+02 1.99222870e+01 2.15868286e+02 1.38023926e+02
    1.85276337e+01 1.99221298e+02 2.39142563e+02 9.15938492e+01
    1.26776917e+02 1.10236481e+02 2.12887650e+01 1.22496506e+02</data></grad>
<my_hist type_id="opencv-matrix">
  <rows>104</rows>
  <cols>1</cols>
  <dt>f</dt>
  <data>
    2. 1. 0. 0. 1. 0. 2. 1. 3. 1. 1. 0. 1. 1. 2. 3. 1. 0. 1. 1. 0. 0. 2.
    0. 2. 0. 0. 0. 1. 1. 1. 0. 1. 2. 2. 1. 1. 2. 0. 0. 0. 0. 1. 2. 1. 1.
    1. 2. 2. 1. 3. 1. 0. 1. 0. 0. 3. 0. 0. 1. 3. 1. 2. 1. 1. 0. 1. 0. 2.
    0. 1. 1. 1. 0. 0. 0. 1. 0. 0. 1. 0. 1. 1. 2. 1. 2. 0. 2. 1. 0. 2. 0.
    0. 1. 3. 1. 0. 2. 1. 0. 3. 0. 2. 0.</data></my_hist>
<your_hist type_id="opencv-matrix">
  <rows>104</rows>
  <cols>1</cols>
  <dt>f</dt>
  <data>
    2.02020202e-02 1.01010101e-02 0. 0. 1.01010101e-02 0. 2.02020202e-02
    1.01010101e-02 3.03030312e-02 1.01010101e-02 1.01010101e-02 0.
    1.01010101e-02 1.01010101e-02 2.02020202e-02 3.03030312e-02
    1.01010101e-02 0. 1.01010101e-02 1.01010101e-02 0. 0. 2.02020202e-02
    0. 2.02020202e-02 0. 0. 0. 1.01010101e-02 1.01010101e-02
    1.01010101e-02 0. 1.01010101e-02 2.02020202e-02 2.02020202e-02
    1.01010101e-02 1.01010101e-02 2.02020202e-02 0. 0. 0. 0.
    1.01010101e-02 2.02020202e-02 1.01010101e-02 1.01010101e-02
    1.01010101e-02 2.02020202e-02 2.02020202e-02 1.01010101e-02
    3.03030312e-02 1.01010101e-02 0. 1.01010101e-02 0. 0. 3.03030312e-02
    0. 0. 1.01010101e-02 3.03030312e-02 1.01010101e-02 2.02020202e-02
    1.01010101e-02 1.01010101e-02 0. 1.01010101e-02 0. 2.02020202e-02 0.
    1.01010101e-02 1.01010101e-02 1.01010101e-02 0. 0. 0. 1.01010101e-02
    0. 0. 1.01010101e-02 0. 1.01010101e-02 1.01010101e-02 2.02020202e-02
    1.01010101e-02 2.02020202e-02 0. 2.02020202e-02 1.01010101e-02 0.
    2.02020202e-02 0. 0. 1.01010101e-02 3.03030312e-02 1.01010101e-02 0.
    2.02020202e-02 1.01010101e-02 0. 3.03030312e-02 0. 2.02020202e-02 0.</data></your_hist>
<my_max_grad>2.5493336486816406e+02</my_max_grad>
<your_max_grad>2.5493336486816406e+02</your_max_grad>
</opencv_storage>
