<?xml version="1.0"?>
<opencv_storage>
<L2>5.8955228328704834e-01</L2>
<cm type_id="opencv-matrix">
  <rows>2</rows>
  <cols>2</cols>
  <dt>f</dt>
  <data>
    79. 72. 38. 84.</data></cm>
<my_v>5.8955228328704834e-01</my_v>
<your_v>0.</your_v>
</opencv_storage>
