<?xml version="1.0"?>
<opencv_storage>
<L2>4.5081967115402222e-01</L2>
<cm type_id="opencv-matrix">
  <rows>2</rows>
  <cols>2</cols>
  <dt>f</dt>
  <data>
    55. 67. 22. 55.</data></cm>
<my_v>4.5081967115402222e-01</my_v>
<your_v>0.</your_v>
</opencv_storage>
