<?xml version="1.0"?>
<opencv_storage>
<L2>7.6146787405014038e-01</L2>
<cm type_id="opencv-matrix">
  <rows>2</rows>
  <cols>2</cols>
  <dt>f</dt>
  <data>
    83. 26. 14. 85.</data></cm>
<my_v>7.6146787405014038e-01</my_v>
<your_v>0.</your_v>
</opencv_storage>
