<?xml version="1.0"?>
<opencv_storage>
<grad type_id="opencv-matrix">
  <rows>10</rows>
  <cols>10</cols>
  <dt>f</dt>
  <data>
    2.13607742e+02 9.26546249e+01 4.18855820e+01 1.65136139e+02
    2.09228973e+01 1.58016556e+02 1.72730774e+02 1.84235901e+02
    2.36006195e+02 3.23263397e+01 1.13904572e+02 1.01488266e+01
    1.02066055e+02 2.59980850e+01 2.19589767e+02 1.55202866e+02
    2.31040680e+02 1.82880508e+02 1.27274879e+02 1.38964386e+02
    2.05901398e+02 1.45524582e+02 1.76619614e+02 1.54743896e+02
    1.93042450e+02 8.70678558e+01 9.31572723e+01 1.85426636e+01
    1.51551682e+02 1.29333725e+01 5.66388702e+00 5.38619156e+01
    2.30162323e+02 1.07880173e+01 9.57013092e+01 9.32065430e+01
    1.82379425e+02 1.85042969e+02 7.14195251e+01 1.06069595e+02
    2.08157898e+02 2.41276550e+02 9.78273163e+01 1.56452316e+02
    2.85875549e+01 4.08018417e+01 2.53726654e+02 9.51649017e+01
    1.95933640e+02 1.90369873e+02 1.93754089e+02 6.31099548e+01
    2.08928406e+02 1.21018394e+02 1.31034546e+01 1.36121689e+02
    5.32251740e+01 2.30546234e+02 2.47564545e+02 7.70422211e+01
    4.43320389e+01 8.59520950e+01 2.26259216e+02 1.15985245e+02
    3.86934433e+01 1.43667664e+02 2.03894318e+02 2.04920532e+02
    2.08655151e+02 5.11028290e+00 1.91510605e+02 2.12277679e+02
    8.48240356e+01 3.15249557e+01 1.30226959e+02 2.55171661e+02
    2.46273422e+02 5.44012756e+01 2.01242920e+02 2.71720886e-01
    1.25116508e+02 2.02119751e+02 7.89146729e+01 4.35754089e+01
    1.61947128e+02 8.78431854e+01 9.41956482e+01 2.54379837e+02
    3.47033539e+01 2.38500504e+02 4.98001862e+01 9.28935242e+01
    5.15130386e+01 1.32372040e+02 6.55756149e+01 1.25623367e+02
    2.10921356e+02 1.55683823e+02 2.43431000e+02 1.80565094e+02</data></grad>
<my_hist type_id="opencv-matrix">
  <rows>103</rows>
  <cols>1</cols>
  <dt>f</dt>
  <data>
    1. 0. 2. 0. 2. 2. 0. 1. 1. 0. 1. 1. 1. 1. 1. 1. 2. 2. 0. 0. 2. 3. 0.
    0. 0. 1. 1. 0. 1. 0. 0. 2. 0. 0. 2. 2. 0. 4. 3. 1. 0. 1. 1. 0. 0. 1.
    1. 0. 1. 0. 2. 1. 1. 1. 1. 0. 1. 1. 1. 0. 0. 1. 3. 2. 0. 1. 1. 0. 0.
    1. 0. 1. 1. 2. 2. 0. 1. 2. 1. 1. 0. 2. 2. 1. 3. 2. 1. 0. 1. 0. 0. 1.
    1. 2. 0. 1. 1. 1. 1. 2. 0. 0. 2.</data></my_hist>
<your_hist type_id="opencv-matrix">
  <rows>103</rows>
  <cols>1</cols>
  <dt>f</dt>
  <data>
    1.01010101e-02 0. 2.02020202e-02 0. 2.02020202e-02 2.02020202e-02 0.
    1.01010101e-02 1.01010101e-02 0. 1.01010101e-02 1.01010101e-02
    1.01010101e-02 1.01010101e-02 1.01010101e-02 1.01010101e-02
    2.02020202e-02 2.02020202e-02 0. 0. 2.02020202e-02 3.03030312e-02 0.
    0. 0. 1.01010101e-02 1.01010101e-02 0. 1.01010101e-02 0. 0.
    2.02020202e-02 0. 0. 2.02020202e-02 2.02020202e-02 0. 4.04040404e-02
    3.03030312e-02 1.01010101e-02 0. 1.01010101e-02 1.01010101e-02 0. 0.
    1.01010101e-02 1.01010101e-02 0. 1.01010101e-02 0. 2.02020202e-02
    1.01010101e-02 1.01010101e-02 1.01010101e-02 1.01010101e-02 0.
    1.01010101e-02 1.01010101e-02 1.01010101e-02 0. 0. 1.01010101e-02
    3.03030312e-02 2.02020202e-02 0. 1.01010101e-02 1.01010101e-02 0. 0.
    1.01010101e-02 0. 1.01010101e-02 1.01010101e-02 2.02020202e-02
    2.02020202e-02 0. 1.01010101e-02 2.02020202e-02 1.01010101e-02
    1.01010101e-02 0. 2.02020202e-02 2.02020202e-02 1.01010101e-02
    3.03030312e-02 2.02020202e-02 1.01010101e-02 0. 1.01010101e-02 0. 0.
    1.01010101e-02 1.01010101e-02 2.02020202e-02 0. 1.01010101e-02
    1.01010101e-02 1.01010101e-02 1.01010101e-02 2.02020202e-02 0. 0.
    2.02020202e-02</data></your_hist>
<my_max_grad>2.5517166137695312e+02</my_max_grad>
<your_max_grad>2.5517166137695312e+02</your_max_grad>
</opencv_storage>
