<?xml version="1.0"?>
<opencv_storage>
<L2>4.6999999880790710e-01</L2>
<cm type_id="opencv-matrix">
  <rows>2</rows>
  <cols>2</cols>
  <dt>f</dt>
  <data>
    47. 21. 53. 91.</data></cm>
<my_v>4.6999999880790710e-01</my_v>
<your_v>0.</your_v>
</opencv_storage>
