<?xml version="1.0"?>
<opencv_storage>
<L2>6.6298350691795349e-02</L2>
<cm type_id="opencv-matrix">
  <rows>2</rows>
  <cols>2</cols>
  <dt>f</dt>
  <data>
    6. 89. 80. 34.</data></cm>
<my_v>6.6298350691795349e-02</my_v>
<your_v>0.</your_v>
</opencv_storage>
