<?xml version="1.0"?>
<opencv_storage>
<L2>2.9565218091011047e-01</L2>
<cm type_id="opencv-matrix">
  <rows>2</rows>
  <cols>2</cols>
  <dt>f</dt>
  <data>
    34. 4. 81. 24.</data></cm>
<my_v>2.9565218091011047e-01</my_v>
<your_v>0.</your_v>
</opencv_storage>
