<?xml version="1.0"?>
<opencv_storage>
<grad type_id="opencv-matrix">
  <rows>10</rows>
  <cols>10</cols>
  <dt>f</dt>
  <data>
    1.83937622e+02 3.73540115e+01 1.60265930e+02 8.03433990e+00
    1.98436661e+01 3.62389145e+01 1.10561707e+02 4.90972366e+01
    1.62631882e+02 2.34530273e+02 1.84650238e+02 7.30783386e+01
    5.01785812e+01 1.70114777e+02 2.23611649e+02 1.34490768e+02
    1.39400436e+02 3.20722198e+01 2.35384003e+02 1.93931885e+02
    4.56513596e+01 2.16716995e+01 1.43878937e+00 2.23495575e+02
    6.67095337e+01 2.95804596e+00 7.44969635e+01 1.65795593e+02
    5.81045914e+01 1.69503723e+02 2.21216934e+02 1.64500595e+02
    2.58637772e+01 2.35082214e+02 3.80842133e+01 2.04801849e+02
    1.65373444e+02 8.53738861e+01 3.77596436e+01 1.72018921e+02
    2.08613724e+02 2.44057144e+02 6.48059692e+01 5.30291977e+01
    1.16603348e+02 1.76531189e+02 1.98370087e+02 9.52691803e+01
    2.38322266e+02 1.63380951e+02 8.25456467e+01 2.11115967e+02
    1.59364929e+01 9.28973541e+01 1.26722061e+02 1.75966309e+02
    2.29884155e+02 6.94071884e+01 3.44110870e+01 1.77740036e+02
    5.82427750e+01 2.14249893e+02 1.12461784e+02 1.52389709e+02
    2.46923279e+02 7.26329956e+01 2.27988922e+02 1.81554550e+02
    1.68026016e+02 7.93678589e+01 1.31127884e+02 7.83433762e+01
    1.76425247e+02 2.07915939e+02 2.23028717e+01 9.55050507e+01
    9.68152771e+01 6.79016113e+01 2.23823425e+02 1.88333542e+02
    1.39037399e+02 2.35060471e+02 2.43121887e+02 1.06053787e+02
    2.18262817e+02 6.48019485e+01 2.13822998e+02 6.37333755e+01
    2.51413040e+02 1.38746521e+02 3.85328369e+01 1.30977783e+02
    9.46634521e+01 1.21099792e+02 1.35410645e+02 2.06580917e+02
    1.45127502e+02 1.84498749e+02 1.01102768e+02 1.02375854e+02</data></grad>
<my_hist type_id="opencv-matrix">
  <rows>91</rows>
  <cols>1</cols>
  <dt>f</dt>
  <data>
    1. 1. 1. 0. 0. 1. 0. 2. 1. 1. 0. 1. 1. 5. 0. 0. 1. 1. 1. 1. 0. 2. 0.
    3. 2. 1. 3. 0. 2. 1. 1. 0. 0. 1. 3. 1. 1. 1. 1. 0. 2. 0. 1. 1. 0. 1.
    0. 2. 1. 1. 3. 0. 1. 0. 0. 1. 0. 0. 2. 3. 2. 2. 1. 3. 1. 1. 3. 0. 1.
    0. 1. 1. 0. 0. 2. 2. 1. 2. 0. 1. 3. 1. 1. 1. 1. 3. 1. 1. 1. 1. 0.</data></my_hist>
<your_hist type_id="opencv-matrix">
  <rows>91</rows>
  <cols>1</cols>
  <dt>f</dt>
  <data>
    1.01010101e-02 1.01010101e-02 1.01010101e-02 0. 0. 1.01010101e-02 0.
    2.02020202e-02 1.01010101e-02 1.01010101e-02 0. 1.01010101e-02
    1.01010101e-02 5.05050495e-02 0. 0. 1.01010101e-02 1.01010101e-02
    1.01010101e-02 1.01010101e-02 0. 2.02020202e-02 0. 3.03030312e-02
    2.02020202e-02 1.01010101e-02 3.03030312e-02 0. 2.02020202e-02
    1.01010101e-02 1.01010101e-02 0. 0. 1.01010101e-02 3.03030312e-02
    1.01010101e-02 1.01010101e-02 1.01010101e-02 1.01010101e-02 0.
    2.02020202e-02 0. 1.01010101e-02 1.01010101e-02 0. 1.01010101e-02 0.
    2.02020202e-02 1.01010101e-02 1.01010101e-02 3.03030312e-02 0.
    1.01010101e-02 0. 0. 1.01010101e-02 0. 0. 2.02020202e-02
    3.03030312e-02 2.02020202e-02 2.02020202e-02 1.01010101e-02
    3.03030312e-02 1.01010101e-02 1.01010101e-02 3.03030312e-02 0.
    1.01010101e-02 0. 1.01010101e-02 1.01010101e-02 0. 0. 2.02020202e-02
    2.02020202e-02 1.01010101e-02 2.02020202e-02 0. 1.01010101e-02
    3.03030312e-02 1.01010101e-02 1.01010101e-02 1.01010101e-02
    1.01010101e-02 3.03030312e-02 1.01010101e-02 1.01010101e-02
    1.01010101e-02 1.01010101e-02 0.</data></your_hist>
<my_max_grad>2.5141304016113281e+02</my_max_grad>
<your_max_grad>2.5141304016113281e+02</your_max_grad>
</opencv_storage>
