<?xml version="1.0"?>
<opencv_storage>
<L2>8.4259259700775146e-01</L2>
<cm type_id="opencv-matrix">
  <rows>2</rows>
  <cols>2</cols>
  <dt>f</dt>
  <data>
    91. 17. 68. 67.</data></cm>
<my_v>8.4259259700775146e-01</my_v>
<your_v>0.</your_v>
</opencv_storage>
