<?xml version="1.0"?>
<opencv_storage>
<L2>5.6800001859664917e-01</L2>
<cm type_id="opencv-matrix">
  <rows>2</rows>
  <cols>2</cols>
  <dt>f</dt>
  <data>
    71. 40. 68. 67.</data></cm>
<my_v>5.6800001859664917e-01</my_v>
<your_v>0.</your_v>
</opencv_storage>
