<?xml version="1.0"?>
<opencv_storage>
<grad type_id="opencv-matrix">
  <rows>10</rows>
  <cols>10</cols>
  <dt>f</dt>
  <data>
    2.13942749e+02 1.67513367e+02 1.26613083e+02 1.63305298e+02
    1.95346298e+02 3.34904633e+01 3.66176605e+01 8.95173645e+01
    5.78265762e+01 1.34872284e+02 1.38047806e+02 1.85749756e+02
    2.22786835e+02 6.01334763e+01 1.72116562e+02 9.84044952e+01
    1.73544479e+02 2.43334290e+02 9.17823410e+01 6.81205292e+01
    4.67102280e+01 9.23348389e+01 2.29058273e+02 1.33095383e+02
    1.74264832e+01 1.12300056e+02 2.01601288e+02 2.07292419e+02
    1.86039459e+02 1.64941101e+02 1.36139038e+02 8.74317780e+01
    2.13237244e+02 1.78994522e+02 9.75680237e+01 1.17922989e+02
    1.39387680e+02 1.55440964e+02 1.97721771e+02 1.84493805e+02
    1.79692444e+02 7.44339600e+01 1.05072144e+02 1.14313812e+01
    1.32635391e+02 3.22809525e+01 2.42196472e+02 2.38365448e+02
    1.41505051e+02 4.43363571e+01 4.31806183e+00 2.08623016e+02
    2.37183090e+02 5.00893250e+01 2.35746063e+02 2.16495483e+02
    1.93141754e+02 2.73757477e+01 1.42914093e+02 1.37233398e+02
    1.54377441e+01 7.41672211e+01 8.02945633e+01 8.75785217e+01
    9.79976959e+01 1.15766754e+02 5.37053452e+01 1.44387054e+00
    4.46157455e+01 6.49511490e+01 1.74624954e+02 6.83067322e-01
    1.67345596e+02 2.36725464e+01 2.44142792e+02 9.26580048e+01
    5.49451370e+01 4.88985367e+01 1.14137321e+02 7.88898621e+01
    2.14252441e+02 1.99688782e+02 2.01681808e+02 1.53108978e+02
    1.59122849e+01 2.44004944e+02 2.44346359e+02 2.50265045e+02
    2.24746017e+01 5.42984009e+00 1.76693573e+02 1.55154266e+02
    1.92032806e+02 5.40861664e+01 1.21747284e+01 2.36130981e+02
    2.47459778e+02 1.39509460e+02 1.07215332e+02 1.66746735e+02</data></grad>
<my_hist type_id="opencv-matrix">
  <rows>95</rows>
  <cols>1</cols>
  <dt>f</dt>
  <data>
    2. 1. 1. 0. 2. 1. 2. 0. 2. 0. 1. 0. 2. 1. 0. 0. 2. 1. 1. 1. 3. 1. 1.
    0. 1. 1. 0. 0. 2. 1. 1. 0. 0. 3. 1. 2. 0. 3. 0. 1. 1. 0. 1. 2. 1. 0.
    0. 0. 1. 0. 2. 2. 4. 1. 1. 0. 0. 0. 2. 1. 0. 1. 1. 3. 0. 2. 1. 2. 1.
    0. 3. 0. 1. 1. 1. 2. 2. 0. 1. 1. 1. 2. 1. 0. 1. 0. 1. 0. 0. 2. 2. 1.
    4. 1. 0.</data></my_hist>
<your_hist type_id="opencv-matrix">
  <rows>95</rows>
  <cols>1</cols>
  <dt>f</dt>
  <data>
    2.02020202e-02 1.01010101e-02 1.01010101e-02 0. 2.02020202e-02
    1.01010101e-02 2.02020202e-02 0. 2.02020202e-02 0. 1.01010101e-02 0.
    2.02020202e-02 1.01010101e-02 0. 0. 2.02020202e-02 1.01010101e-02
    1.01010101e-02 1.01010101e-02 3.03030312e-02 1.01010101e-02
    1.01010101e-02 0. 1.01010101e-02 1.01010101e-02 0. 0. 2.02020202e-02
    1.01010101e-02 1.01010101e-02 0. 0. 3.03030312e-02 1.01010101e-02
    2.02020202e-02 0. 3.03030312e-02 0. 1.01010101e-02 1.01010101e-02 0.
    1.01010101e-02 2.02020202e-02 1.01010101e-02 0. 0. 0. 1.01010101e-02
    0. 2.02020202e-02 2.02020202e-02 4.04040404e-02 1.01010101e-02
    1.01010101e-02 0. 0. 0. 2.02020202e-02 1.01010101e-02 0.
    1.01010101e-02 1.01010101e-02 3.03030312e-02 0. 2.02020202e-02
    1.01010101e-02 2.02020202e-02 1.01010101e-02 0. 3.03030312e-02 0.
    1.01010101e-02 1.01010101e-02 1.01010101e-02 2.02020202e-02
    2.02020202e-02 0. 1.01010101e-02 1.01010101e-02 1.01010101e-02
    2.02020202e-02 1.01010101e-02 0. 1.01010101e-02 0. 1.01010101e-02 0.
    0. 2.02020202e-02 2.02020202e-02 1.01010101e-02 4.04040404e-02
    1.01010101e-02 0.</data></your_hist>
<my_max_grad>2.5026504516601562e+02</my_max_grad>
<your_max_grad>2.5026504516601562e+02</your_max_grad>
</opencv_storage>
