<?xml version="1.0"?>
<opencv_storage>
<L2>7.6157731058639087e+00</L2>
<gt type_id="opencv-matrix">
  <rows>2</rows>
  <cols>10</cols>
  <dt>u</dt>
  <data>
    1 1 0 1 0 0 1 0 1 0 1 1 1 0 1 0 0 1 0 0</data></gt>
<pred type_id="opencv-matrix">
  <rows>2</rows>
  <cols>10</cols>
  <dt>u</dt>
  <data>
    1 1 1 1 1 1 0 0 0 0 1 0 1 0 0 1 0 0 1 0</data></pred>
<my_cm type_id="opencv-matrix">
  <rows>2</rows>
  <cols>2</cols>
  <dt>f</dt>
  <data>
    5. 5. 5. 5.</data></my_cm>
<your_cm type_id="opencv-matrix">
  <rows>2</rows>
  <cols>2</cols>
  <dt>f</dt>
  <data>
    7. 0. 3. 10.</data></your_cm>
</opencv_storage>
