<?xml version="1.0"?>
<opencv_storage>
<L2>5.6647396087646484e-01</L2>
<cm type_id="opencv-matrix">
  <rows>2</rows>
  <cols>2</cols>
  <dt>f</dt>
  <data>
    49. 49. 26. 93.</data></cm>
<my_v>5.6647396087646484e-01</my_v>
<your_v>0.</your_v>
</opencv_storage>
