<?xml version="1.0"?>
<opencv_storage>
<L2>1.7647059261798859e-01</L2>
<cm type_id="opencv-matrix">
  <rows>2</rows>
  <cols>2</cols>
  <dt>f</dt>
  <data>
    18. 84. 46. 84.</data></cm>
<my_v>1.7647059261798859e-01</my_v>
<your_v>0.</your_v>
</opencv_storage>
