<?xml version="1.0"?>
<opencv_storage>
<L2>5.0819671154022217e-01</L2>
<cm type_id="opencv-matrix">
  <rows>2</rows>
  <cols>2</cols>
  <dt>f</dt>
  <data>
    62. 60. 85. 36.</data></cm>
<my_v>5.0819671154022217e-01</my_v>
<your_v>0.</your_v>
</opencv_storage>
