<?xml version="1.0"?>
<opencv_storage>
<L2>5.0000000745058060e-02</L2>
<cm type_id="opencv-matrix">
  <rows>2</rows>
  <cols>2</cols>
  <dt>f</dt>
  <data>
    1. 34. 4. 53.</data></cm>
<my_v>5.0000000745058060e-02</my_v>
<your_v>0.</your_v>
</opencv_storage>
