<?xml version="1.0"?>
<opencv_storage>
<L2>2.5842696428298950e-01</L2>
<cm type_id="opencv-matrix">
  <rows>2</rows>
  <cols>2</cols>
  <dt>f</dt>
  <data>
    23. 97. 35. 2.</data></cm>
<my_v>2.5842696428298950e-01</my_v>
<your_v>0.</your_v>
</opencv_storage>
