<?xml version="1.0"?>
<opencv_storage>
<L2_diff>2.6777677270443005e+03</L2_diff>
<contrast>2.3201117312426150e-01</contrast>
<brightness>9.8069302223492105e-01</brightness>
<gamma>5.8342060268973983e-01</gamma>
<only_luma>1</only_luma>
<test_img type_id="opencv-matrix">
  <rows>10</rows>
  <cols>20</cols>
  <dt>"3u"</dt>
  <data>
    242 211 148 247 25 231 14 237 205 58 149 114 62 24 203 34 160 56 184
    66 219 41 123 85 165 88 252 23 205 160 12 145 75 46 190 161 185 229
    198 11 118 40 62 166 19 179 116 196 243 188 37 107 56 176 107 152 37
    180 84 108 236 99 31 72 174 54 228 231 116 200 95 192 0 138 75 198
    125 14 160 14 242 53 73 51 74 100 195 10 78 52 40 112 173 231 4 233
    237 36 45 37 15 105 180 213 150 210 126 62 212 87 148 18 249 50 30
    160 223 93 233 158 135 220 110 221 173 149 156 61 135 73 0 70 130
    229 56 201 17 246 169 222 212 109 211 131 142 117 175 39 198 49 119
    73 90 11 125 217 100 177 8 97 34 248 220 214 111 63 15 121 12 240
    117 170 219 96 26 200 196 253 65 49 107 95 154 119 17 74 32 197 51
    241 17 118 207 50 113 192 24 170 6 54 136 23 157 36 248 211 15 215
    131 194 175 139 146 152 3 109 125 143 149 14 159 103 23 16 156 220
    13 182 203 12 6 129 51 98 176 80 15 179 31 222 80 111 215 26 247 127
    66 3 99 212 55 32 47 231 137 105 13 120 171 136 138 70 174 43 73 241
    249 42 229 239 69 95 5 188 53 175 160 173 147 175 7 117 65 47 124 58
    138 149 234 149 111 42 228 55 95 74 62 74 174 187 45 238 15 114 158
    87 59 181 239 48 199 220 10 70 147 19 200 247 226 72 123 79 110 162
    39 8 175 154 235 87 47 117 213 14 89 148 223 184 107 138 199 172 139
    109 94 20 222 139 116 66 246 152 142 4 42 248 199 88 189 152 87 111
    142 108 100 235 82 31 33 188 167 81 61 22 59 45 62 200 104 159 117
    188 56 8 150 127 27 9 74 67 13 13 5 122 132 94 176 15 152 200 108 73
    227 107 16 49 220 206 97 119 74 179 204 140 123 223 66 167 117 14
    235 133 54 242 141 82 89 97 95 53 127 222 124 72 43 200 223 217 238
    4 125 153 233 52 48 138 46 169 134 172 190 93 160 244 147 74 142 189
    110 196 189 89 237 182 111 197 75 63 211 182 124 37 86 0 75 237 227
    161 188 202 120 124 117 110 85 223 181 46 195 137 90 201 238 53 129
    239 18 16 254 92 118 42 160 151 238 92 225 247 102 223 225 169 65 7
    94 7 119 56 87 156 245 192 153 126 235 165 41 77 163 59 148 26 231
    104 139 170 6 7 187 120 26 129 188 23 147 46 245 155 168 77 243 181
    135 17 147 171 11 45 92 217 167 154 165 130 115 222 138 79 10 92 119
    111 128 39 132 156 253 60 145 98 24 173 64 34 194 235 201 179 64 13
    102 28 246 19 119 108 222 179 159 205</data></test_img>
<my_img type_id="opencv-matrix">
  <rows>10</rows>
  <cols>20</cols>
  <dt>"3u"</dt>
  <data>
    255 255 188 255 31 255 18 255 255 114 255 224 92 36 255 63 255 103
    255 92 255 96 255 200 202 108 255 34 255 236 24 255 151 73 255 254
    247 255 255 27 255 98 111 255 34 255 178 255 255 238 47 181 95 255
    207 255 72 255 139 179 255 129 40 123 255 92 255 255 154 255 143 255
    0 255 158 255 190 21 203 18 255 202 255 195 114 154 255 36 255 186
    69 192 255 255 5 255 255 47 58 101 41 255 255 255 214 255 182 89 255
    124 212 22 255 62 41 219 255 122 255 208 187 255 152 255 238 205 255
    115 255 255 0 255 174 255 75 252 21 255 232 255 255 157 255 188 241
    199 255 59 255 75 255 177 218 15 175 255 168 255 13 121 42 255 255
    255 154 150 36 255 15 255 150 236 255 133 39 255 255 255 79 60 204
    181 255 255 41 179 49 255 78 255 22 150 255 73 165 255 38 255 13 116
    255 43 255 68 255 255 19 255 185 255 255 236 248 255 6 211 246 255
    255 26 255 191 43 30 255 255 18 252 255 18 9 255 115 220 255 135 25
    246 43 255 113 157 255 32 255 158 189 9 255 255 79 46 62 255 181 252
    31 255 255 236 240 120 255 73 90 255 255 54 255 255 206 255 15 255
    84 255 255 255 253 255 12 199 151 110 255 114 255 255 255 195 145 56
    255 74 255 221 185 118 255 255 58 255 19 213 255 162 76 233 255 66
    255 255 20 140 255 24 250 255 255 97 166 144 201 255 66 14 255 201
    255 113 67 167 255 28 176 255 255 251 146 209 255 255 255 229 197 27
    255 191 145 83 255 255 255 8 52 255 247 140 255 241 179 228 255 141
    130 255 255 106 113 255 255 129 255 99 255 68 93 255 193 255 217 255
    89 13 255 248 53 34 255 252 255 255 100 255 255 207 255 25 255 255
    163 110 255 144 22 68 255 255 235 255 179 255 255 207 168 255 90 255
    208 25 255 173 70 255 179 104 255 255 255 73 174 255 255 168 100 255
    255 255 255 5 161 201 255 68 101 255 97 255 231 255 255 147 253 255
    185 93 225 255 174 255 255 137 255 236 144 255 115 96 255 255 178
    121 255 0 97 255 255 240 255 255 255 255 255 150 116 255 255 71 255
    206 135 255 255 68 166 255 23 21 255 112 144 77 255 255 255 119 255
    255 127 255 255 229 88 21 255 21 255 136 211 196 255 241 200 164 255
    255 74 138 255 107 255 34 255 138 243 255 10 11 255 192 41 206 255
    46 255 92 255 195 211 97 255 229 255 34 255 255 19 78 129 255 234
    255 255 233 158 255 189 243 31 255 255 251 255 74 249 255 255 73 177
    168 41 255 99 53 255 255 255 233 179 36 255 35 255 24 163 148 255
    255 234 255</data></my_img>
<your_img type_id="opencv-matrix">
  <rows>10</rows>
  <cols>20</cols>
  <dt>"3u"</dt>
  <data>
    58 255 43 235 255 230 17 128 255 105 255 115 232 255 231 94 255 233
    189 197 255 131 255 209 210 167 255 49 207 255 109 167 255 64 255
    153 25 64 255 136 180 255 99 254 88 142 138 255 86 255 67 255 223
    199 255 169 103 171 171 255 155 255 169 150 255 80 23 255 116 159
    223 255 116 116 255 128 203 253 250 241 255 181 255 199 201 255 154
    177 203 255 142 255 217 251 255 252 219 255 222 240 255 251 41 42
    255 128 255 254 168 255 249 6 155 255 95 255 255 255 232 22 255 34
    144 81 255 191 242 193 255 255 255 255 255 25 102 238 249 255 114 32
    255 255 121 43 255 137 223 56 255 195 255 184 181 129 175 255 252
    193 77 255 247 221 40 255 183 241 255 240 15 111 255 109 36 255 55
    228 255 218 255 190 255 201 159 255 238 238 57 255 241 238 255 238
    205 250 255 231 240 255 201 211 255 97 218 255 99 254 43 123 255 233
    139 115 255 254 252 255 255 111 135 95 170 255 239 251 255 242 255
    250 239 248 251 255 204 219 185 174 254 225 224 255 218 255 143 7
    222 255 252 255 252 199 255 251 23 255 124 255 248 242 159 118 255
    139 255 80 118 255 13 25 255 163 185 251 157 201 216 255 197 81 255
    249 248 255 215 255 208 116 255 126 106 255 136 27 255 164 255 243
    181 162 255 81 16 254 135 255 128 96 73 255 80 55 255 135 185 208
    255 54 181 255 183 255 216 214 255 144 247 255 252 223 19 255 137
    255 188 165 207 255 70 255 175 255 55 175 255 145 215 32 181 255 255
    198 189 242 111 251 7 255 156 242 255 66 243 255 143 255 194 154 246
    255 224 87 132 255 233 255 233 193 255 223 255 180 95 196 211 252
    254 127 255 181 203 255 238 243 251 255 122 131 242 240 255 146 219
    255 147 254 193 34 255 115 255 227 136 58 51 255 255 32 54 187 137
    253 121 255 144 123 255 113 251 255 157 127 255 157 255 183 192 31
    180 255 251 255 251 231 21 255 116 255 172 170 120 255 161 193 255
    127 255 107 255 65 204 65 166 255 72 255 91 179 222 255 73 255 249
    166 250 230 137 255 18 186 67 255 255 130 130 255 198 169 209 210
    255 255 165 216 201 255 205 236 254 236 205 255 163 94 255 190 163
    255 169 176 255 152 85 255 170 159 180 252 255 200 199 205 9 255 242
    128 255 234 214 255 229 196 255 24 224 255 251 84 190 68 112 255 125
    237 255 107 220 255 125 255 99 149 255 11 255 238 246 247 244 255
    255 240 37 232 89 255 255 69 32 251 255 245 255 147 143 122 255 215
    221 255 195 255 248 231 225 255 221 53 255 87 244 255 242 9 238 254
    255 151 147 101 96 255</data></your_img>
</opencv_storage>
