<?xml version="1.0"?>
<opencv_storage>
<L2_diff>2.9772932337947500e+03</L2_diff>
<contrast>1.3098903812867060e+00</contrast>
<brightness>5.2575205935911362e-01</brightness>
<gamma>1.0193512128680640e+00</gamma>
<only_luma>1</only_luma>
<test_img type_id="opencv-matrix">
  <rows>10</rows>
  <cols>20</cols>
  <dt>"3u"</dt>
  <data>
    41 91 194 206 24 3 73 134 167 87 57 152 90 48 52 254 14 132 218 101
    200 226 222 183 68 26 124 216 153 80 112 242 40 213 38 104 155 71
    109 252 63 197 238 180 165 219 112 121 71 152 192 252 182 8 181 110
    220 146 220 134 166 135 221 25 3 54 194 232 64 97 228 30 39 200 92
    37 1 91 35 181 2 67 145 200 142 227 235 135 32 187 55 82 251 100 12
    68 0 141 180 113 36 222 243 8 250 227 9 207 212 130 55 39 74 153 236
    118 98 227 163 148 10 20 100 46 49 33 115 43 65 106 107 141 244 43
    254 238 129 234 145 164 45 109 161 101 167 122 23 146 148 150 82 125
    252 74 133 215 77 245 223 75 127 162 238 152 234 46 246 210 93 183
    21 124 93 136 122 102 212 188 100 179 165 244 26 183 75 51 90 241
    202 20 193 77 48 192 228 83 42 254 0 152 96 65 16 235 195 24 96 19
    175 53 188 159 143 187 165 136 51 205 96 12 203 35 172 232 159 207
    82 66 42 201 152 169 124 80 169 80 171 74 113 28 161 149 156 16 188
    93 60 62 5 234 161 107 110 248 104 70 120 239 38 55 75 70 35 145 167
    211 35 43 18 96 57 39 57 239 108 21 187 225 44 11 108 174 71 41 109
    23 161 224 55 110 210 232 25 27 183 160 216 85 87 209 185 133 98 247
    102 107 193 147 205 185 88 164 198 161 64 36 143 130 130 174 35 96
    204 121 223 148 13 149 231 65 224 186 65 23 114 9 218 130 45 245 76
    75 202 36 103 25 179 248 213 219 4 128 16 197 177 119 36 201 118 55
    79 137 187 166 80 148 186 242 94 115 115 147 152 83 220 173 33 134
    124 110 123 155 35 176 149 128 128 236 27 125 150 221 17 80 90 53
    153 173 83 142 167 112 114 173 228 81 220 9 94 125 89 167 243 51 70
    232 188 232 121 74 127 25 226 19 24 222 6 240 49 199 106 123 161 49
    140 208 4 157 120 19 203 62 94 94 133 111 149 40 14 39 34 238 121
    210 224 4 160 178 116 235 106 208 10 245 52 183 112 21 170 103 230
    41 89 125 198 70 180 64 133 146 222 155 139 182 73 157 21 15 72 109
    132 145 151 49 233 135 242 168 235 10 145 126 241 55 122 60 210 127
    88 113 112 163 98 84 123 19 4 144 132 110 189 90 51 127 182 8 250
    179 83 219 240 18 30 234 182 157 165 189 38 114 77 112 56 79 107 13
    66 239 99 245 162 128 186 176 161 10 116 140 151 159 97 18 168 17 97
    226 17 1 80 86 39 118 108 233 235 103 196 114 137 253 211 127 39 209
    131 119 200 218 164 252 99 234 101 116 196 126 54 219 38 64</data></test_img>
<my_img type_id="opencv-matrix">
  <rows>10</rows>
  <cols>20</cols>
  <dt>"3u"</dt>
  <data>
    82 181 255 255 47 6 153 255 255 190 124 255 250 133 144 255 26 243
    255 194 255 255 255 255 161 62 255 255 255 154 209 255 75 255 74 201
    255 154 236 255 116 255 255 255 255 255 215 232 142 255 255 255 255
    15 255 211 255 255 255 255 255 255 255 94 11 203 255 255 121 184 255
    57 77 255 182 102 3 251 71 255 4 132 255 255 255 255 255 255 65 255
    101 151 255 255 32 179 0 255 255 216 69 255 255 15 255 255 17 255
    255 252 107 85 161 255 255 221 184 255 255 255 26 53 255 184 196 132
    255 106 160 238 240 255 255 79 255 255 241 255 255 255 95 232 255
    215 255 255 48 255 255 255 151 230 255 143 255 255 143 255 255 159
    255 255 255 255 255 85 255 255 189 255 43 255 212 255 236 198 255
    255 202 255 255 255 48 255 153 104 168 255 255 40 255 154 91 255 255
    153 77 255 0 255 209 122 30 255 255 48 191 39 255 110 255 255 255
    255 255 255 100 255 188 24 255 69 255 255 255 255 160 129 83 255 255
    255 255 167 255 167 255 183 255 69 255 255 255 32 255 187 206 213 17
    255 255 201 203 255 192 131 224 255 117 169 230 155 78 255 255 255
    68 115 48 255 207 141 207 255 202 39 255 255 84 23 224 255 179 103
    255 44 255 255 107 214 255 255 47 51 255 255 255 165 169 255 255 255
    199 255 189 198 255 255 255 255 178 255 255 255 127 80 255 255 255
    255 72 188 255 237 255 255 25 255 255 123 255 255 124 57 255 22 255
    250 86 255 141 139 255 71 203 46 255 255 255 255 8 254 32 255 255
    245 74 255 233 108 160 255 255 255 169 255 255 255 175 254 254 255
    255 159 255 255 68 255 255 255 255 255 72 255 255 255 255 255 51 235
    255 255 33 222 250 147 255 255 172 255 255 235 216 255 255 155 255
    17 222 255 210 255 255 95 132 255 255 255 228 140 241 48 255 36 46
    255 11 255 91 255 210 243 255 104 255 255 8 255 236 37 255 168 255
    255 255 244 255 185 65 180 64 255 226 255 255 8 255 255 238 255 199
    255 19 255 97 255 228 43 255 195 255 97 210 255 255 139 255 142 255
    255 255 255 255 255 149 255 66 47 226 242 255 255 255 92 255 251 255
    255 255 19 255 235 255 103 237 117 255 255 207 255 238 255 208 200
    255 45 9 255 255 221 255 181 104 255 255 15 255 255 155 255 255 34
    56 255 255 255 255 255 76 229 191 255 139 201 255 33 123 255 185 255
    255 238 255 255 255 23 255 255 255 255 208 38 255 36 184 255 32 3
    227 244 95 255 255 255 255 193 255 227 255 255 255 234 76 255 255
    229 255 255 255 255 182 255 190 218 255 250 107 255 73 123</data></my_img>
<your_img type_id="opencv-matrix">
  <rows>10</rows>
  <cols>20</cols>
  <dt>"3u"</dt>
  <data>
    250 250 255 125 125 138 167 168 255 255 255 255 164 164 202 255 255
    255 239 241 255 48 53 255 255 255 255 96 98 239 10 11 186 230 231
    255 200 201 255 255 255 255 103 107 255 164 166 255 156 157 255 41
    43 145 240 242 255 42 45 255 199 202 255 202 202 205 20 22 218 18 19
    173 55 55 255 252 252 253 40 40 137 171 172 255 49 52 255 255 255
    255 255 255 255 213 213 223 165 165 255 255 255 255 255 255 255 255
    255 255 101 102 206 237 238 255 141 143 255 118 121 255 244 244 255
    143 143 177 182 183 219 185 186 255 255 255 255 218 221 255 69 70
    193 98 99 255 86 86 164 139 141 255 237 238 255 199 200 255 17 19
    255 174 175 255 178 182 255 14 16 255 46 46 162 198 199 255 247 248
    255 224 226 255 7 9 168 142 142 201 22 24 255 57 57 235 107 108 255
    255 255 255 105 105 255 255 255 255 235 236 255 64 64 203 121 123
    255 110 113 255 51 52 255 37 37 180 31 34 255 150 151 221 71 71 255
    123 124 239 246 247 255 95 95 171 141 143 255 67 67 255 106 107 141
    101 104 255 7 9 255 237 238 255 182 182 232 255 255 255 31 33 180
    241 242 255 177 177 209 93 94 162 23 25 192 209 209 255 232 233 255
    158 158 255 233 233 255 153 153 169 155 158 255 255 255 255 126 127
    255 165 166 255 171 173 255 228 230 255 80 82 218 134 134 255 57 58
    180 59 60 255 63 65 151 21 23 219 59 62 219 81 81 146 95 96 193 163
    164 232 231 232 255 137 137 255 20 21 139 255 255 255 97 98 181 111
    112 206 175 176 255 225 226 255 13 16 255 179 180 255 255 255 255
    255 255 255 168 169 255 255 255 255 150 152 255 255 255 255 21 22
    156 132 132 203 78 80 243 97 99 255 139 141 255 20 21 146 128 129
    251 9 12 201 34 36 255 121 123 231 255 255 255 255 255 255 12 12 198
    172 174 255 255 255 255 255 255 255 255 255 255 162 163 255 186 187
    255 175 175 185 20 20 255 17 19 139 86 88 255 238 240 255 8 8 202 91
    91 162 255 255 255 194 194 255 255 255 255 156 156 255 124 127 255
    242 244 255 215 215 228 156 157 255 255 255 255 18 21 255 255 255
    255 11 13 206 255 255 255 185 186 255 95 96 255 82 83 159 134 134
    255 65 67 252 187 188 255 7 7 255 63 65 255 255 255 255 135 137 255
    241 242 255 116 117 207 88 88 151 17 18 255 110 113 255 107 110 255
    173 173 255 98 100 255 53 53 156 18 19 156 169 169 247 148 148 255
    21 25 255 173 175 255 52 56 255 55 56 255 91 93 255 3 6 255 173 174
    255 104 105 205 185 186 218</data></your_img>
</opencv_storage>
