<?xml version="1.0"?>
<opencv_storage>
<L2_diff>2.8705900090399537e+03</L2_diff>
<contrast>2.2426866902982545e+00</contrast>
<brightness>7.8211526117710739e-01</brightness>
<gamma>1.9857132175420764e+00</gamma>
<only_luma>1</only_luma>
<test_img type_id="opencv-matrix">
  <rows>10</rows>
  <cols>20</cols>
  <dt>"3u"</dt>
  <data>
    35 67 160 103 49 130 248 79 182 16 92 104 87 252 60 161 223 37 123
    70 232 179 26 193 174 101 83 85 53 35 188 97 137 252 199 2 246 79
    223 132 59 199 47 41 163 4 3 149 109 220 232 125 8 218 180 111 251
    237 180 77 177 10 214 102 236 59 193 98 79 68 247 103 10 197 168 16
    80 201 231 226 47 247 171 224 235 21 96 122 202 163 42 152 6 214 27
    152 89 49 208 15 122 133 128 227 58 235 211 213 20 186 131 184 40
    151 217 28 177 242 34 43 90 176 156 59 7 56 66 138 77 18 203 10 214
    237 15 173 183 203 11 125 60 118 90 237 109 65 225 73 13 34 199 29
    131 173 250 88 24 71 98 92 227 153 159 109 249 19 70 217 50 21 80 71
    117 104 241 96 185 132 90 59 91 195 22 88 243 73 90 124 157 56 191
    67 62 173 1 10 42 91 1 97 114 157 1 107 29 69 102 69 5 44 22 212 242
    15 32 186 20 190 149 79 102 254 3 172 131 87 56 134 36 135 176 156
    44 29 189 21 194 245 224 175 163 70 121 68 81 118 228 79 34 104 90
    104 199 221 94 190 95 158 72 237 110 251 162 128 169 76 63 115 84 12
    10 132 112 201 203 172 246 9 171 135 240 58 81 205 108 150 27 226
    217 42 115 50 240 86 199 15 4 108 152 212 103 8 74 210 166 34 246
    137 18 227 185 61 20 245 111 93 17 217 126 183 146 250 160 7 114 150
    152 245 27 183 246 50 27 26 56 7 189 106 120 31 151 37 56 182 48 49
    213 87 112 195 129 162 200 122 105 111 119 188 100 67 6 45 146 82
    149 235 203 134 45 77 7 76 135 220 98 81 229 123 109 223 198 235 160
    165 48 10 240 118 76 197 107 96 141 197 252 97 0 52 69 142 215 92 23
    209 70 175 247 174 233 41 53 85 51 252 226 158 7 127 248 118 117 197
    230 210 56 99 215 127 222 245 26 228 151 165 32 235 29 144 53 193
    249 158 178 146 71 35 212 237 242 158 67 55 41 122 49 77 249 240 202
    247 87 37 40 136 3 102 152 151 249 101 243 148 121 206 66 92 89 17
    168 135 167 250 160 192 212 180 193 20 94 56 113 5 193 189 9 220 140
    171 78 146 130 183 90 214 16 99 13 186 137 57 222 19 234 102 215 220
    53 194 244 29 228 213 196 70 162 89 125 127 159 246 206 120 34 151
    218 11 2 91 162 117 195 100 54 152 148 99 69 144 243 85 65 161 170
    83 176 96 67 76 125 208 254 167 116 84 113 13 156 198 17 238 23 183
    93 252 210 17 28 73 188 52 65 242 118 209 48 250 210 205 221 26 10
    165 11 129 231 42 209 101 204 141</data></test_img>
<my_img type_id="opencv-matrix">
  <rows>10</rows>
  <cols>20</cols>
  <dt>"3u"</dt>
  <data>
    93 178 255 255 132 255 255 236 255 46 255 255 255 255 180 255 255
    106 255 203 255 255 71 255 255 255 223 255 165 109 255 255 255 255
    255 6 255 235 255 255 163 255 125 109 255 11 8 255 255 255 255 255
    23 255 255 255 255 255 255 225 255 28 255 255 255 172 255 255 216
    203 255 255 28 255 255 44 221 255 255 255 136 255 255 255 255 61 255
    255 255 255 112 255 16 255 76 255 249 137 255 40 255 255 255 255 167
    255 255 255 54 255 255 255 108 255 255 79 255 255 100 127 242 255
    255 231 27 219 176 255 206 50 255 28 255 255 44 255 255 255 30 255
    162 255 255 255 255 186 255 247 44 115 255 80 255 255 255 255 70 207
    255 255 255 255 255 255 255 54 198 255 160 67 255 195 255 255 255
    255 255 255 241 158 250 255 60 255 255 216 239 255 255 153 255 183
    166 255 3 30 126 255 3 255 255 255 3 255 83 198 255 242 18 154 65
    255 255 41 87 255 55 255 255 239 255 255 8 255 255 233 150 255 97
    255 255 255 117 77 255 58 255 255 255 255 255 187 255 186 222 255
    255 228 98 255 255 255 255 255 255 255 255 255 211 255 255 255 255
    255 255 203 169 255 232 33 27 255 255 255 255 255 255 27 255 255 255
    171 225 255 255 255 78 255 255 119 255 147 255 253 255 41 11 255 255
    255 255 23 211 255 255 95 255 255 54 255 255 176 59 255 255 255 48
    255 255 255 255 255 255 21 255 255 255 255 80 255 255 149 80 106 228
    28 255 255 255 82 255 98 151 255 130 138 255 245 255 255 255 255 255
    255 255 255 255 255 255 182 16 120 255 239 255 255 255 255 125 252
    23 249 255 255 255 234 255 255 255 255 255 255 255 255 141 29 255
    255 209 255 255 255 255 255 255 255 0 182 242 255 255 255 64 255 196
    255 255 255 255 119 154 255 153 255 255 255 20 255 255 255 255 255
    255 255 157 255 255 255 255 255 77 255 255 255 85 255 85 255 159 255
    255 255 255 255 200 98 255 255 255 255 240 197 147 255 133 209 255
    255 255 255 255 110 107 255 8 255 255 255 255 255 255 255 255 255
    197 255 255 45 255 255 255 255 255 255 255 255 255 55 255 155 255 14
    255 255 25 255 255 255 208 255 255 255 254 255 46 255 38 255 255 155
    255 55 255 255 255 255 157 255 255 84 255 255 255 192 255 240 255
    255 255 255 255 255 90 255 255 31 6 243 255 255 255 255 148 255 255
    255 204 255 255 226 173 255 255 223 255 255 197 223 255 255 255 255
    255 224 255 35 255 255 50 255 62 255 252 255 255 51 76 199 255 154
    192 255 255 255 134 255 255 255 255 74 29 255 29 255 255 122 255 255
    255 255</data></my_img>
<your_img type_id="opencv-matrix">
  <rows>10</rows>
  <cols>20</cols>
  <dt>"3u"</dt>
  <data>
    255 255 255 255 255 255 255 255 255 255 255 255 4 6 255 35 38 255
    255 255 255 255 255 255 233 235 255 220 220 255 255 255 255 45 47
    204 255 255 255 255 255 255 255 255 255 255 255 255 99 103 255 255
    255 255 255 255 255 109 114 255 255 255 255 25 27 255 232 234 255 14
    15 255 131 131 255 255 255 255 35 39 255 231 239 255 255 255 255 117
    121 255 86 86 213 255 255 255 255 255 255 255 255 255 36 39 255 117
    125 255 133 134 255 255 255 255 255 255 255 255 255 255 170 172 255
    255 255 255 171 172 255 45 45 222 16 19 233 185 190 255 170 170 255
    255 255 255 255 255 255 255 255 255 255 255 255 8 12 255 255 255 255
    60 62 255 255 255 255 255 255 255 255 255 255 234 235 255 255 255
    255 215 216 255 59 60 249 17 19 255 255 255 255 88 89 255 65 65 202
    255 255 255 255 255 255 255 255 255 255 255 255 255 255 255 125 126
    255 255 255 255 136 137 255 255 255 255 161 161 255 255 255 255 255
    255 255 219 219 255 255 255 255 72 80 255 255 255 255 255 255 255
    190 192 255 255 255 255 55 59 255 255 255 255 31 33 255 177 183 255
    239 240 255 152 152 226 217 218 255 119 125 255 255 255 255 19 22
    255 87 88 255 255 255 255 255 255 255 23 24 255 196 196 208 255 255
    255 255 255 255 96 99 255 111 113 240 92 96 255 18 18 255 255 255
    255 149 152 255 80 82 215 222 225 255 255 255 255 209 210 255 168
    168 215 255 255 255 115 116 255 88 89 255 65 66 255 115 118 255 102
    106 255 255 255 255 213 214 255 255 255 255 255 255 255 143 145 255
    255 255 255 58 61 255 48 51 255 81 85 255 212 218 255 255 255 255
    255 255 255 255 255 255 5 10 255 255 255 255 64 67 255 64 65 255 18
    25 255 255 255 255 255 255 255 82 84 215 13 16 255 163 167 255 255
    255 255 255 255 255 255 255 255 96 97 255 255 255 255 184 186 255
    159 163 255 255 255 255 28 36 255 229 229 255 255 255 255 38 48 255
    186 188 255 96 96 206 217 219 255 255 255 255 255 255 255 255 255
    255 171 172 255 11 17 255 102 108 255 255 255 255 117 118 211 57 59
    220 255 255 255 210 211 255 255 255 255 140 140 229 151 154 255 255
    255 255 109 113 255 179 181 255 72 73 255 255 255 255 247 248 255 23
    30 255 255 255 255 195 195 204 168 170 255 195 196 255 177 179 255
    255 255 255 255 255 255 255 255 255 255 255 255 142 147 255 211 213
    255 255 255 255 255 255 255 115 116 255 42 45 238 255 255 255 255
    255 255 55 57 255 116 125 255 199 200 222 255 255 255 255 255 255
    103 106 255</data></your_img>
</opencv_storage>
