<?xml version="1.0"?>
<opencv_storage>
<L2_diff>2.0624250289404463e+03</L2_diff>
<contrast>8.8503322925861960e-01</contrast>
<brightness>-2.5810343739622743e-01</brightness>
<gamma>2.4289564638481029e-01</gamma>
<only_luma>1</only_luma>
<test_img type_id="opencv-matrix">
  <rows>10</rows>
  <cols>20</cols>
  <dt>"3u"</dt>
  <data>
    84 158 98 145 196 74 189 105 192 188 155 20 2 74 161 88 203 39 222
    111 188 214 71 31 102 66 178 25 123 62 145 162 186 84 227 80 106 246
    229 168 60 230 211 172 139 193 239 173 43 129 131 30 160 177 59 110
    12 109 31 2 167 96 118 126 115 219 162 234 119 146 123 115 86 30 177
    96 157 152 30 157 75 101 223 234 205 240 147 46 222 45 185 163 41
    249 103 87 86 178 139 207 226 226 192 200 197 79 112 216 224 133 211
    11 231 47 216 150 133 59 236 191 101 3 195 86 228 182 100 81 115 193
    163 102 32 217 81 208 135 82 87 109 83 67 176 205 60 117 11 228 75
    214 166 150 90 225 153 55 182 150 135 127 237 250 156 107 249 91 160
    226 142 11 67 61 214 17 174 241 45 170 174 82 227 134 165 121 144 84
    193 153 124 72 150 76 207 239 44 165 161 83 125 4 67 121 101 113 143
    127 31 155 74 180 70 114 241 11 83 18 181 235 3 228 205 179 158 146
    67 141 244 36 220 169 68 116 190 114 249 202 59 179 172 119 141 236
    252 98 82 238 173 67 175 110 223 212 45 7 19 254 171 155 41 179 39
    208 10 27 174 249 99 237 125 176 28 32 118 156 123 31 141 92 237 93
    103 211 39 97 248 98 29 208 242 215 40 63 78 68 78 234 15 113 244
    195 163 130 166 160 164 20 65 246 214 13 168 76 169 65 210 56 197
    196 90 6 174 20 184 192 24 216 100 61 30 105 41 154 160 179 75 71
    111 180 90 19 223 183 247 169 112 121 48 211 3 201 242 86 60 124 240
    143 125 252 240 247 109 51 130 121 168 100 190 146 202 160 14 197 66
    77 190 248 80 24 97 61 118 247 224 130 242 32 67 37 150 233 23 199
    239 63 51 10 216 222 208 203 187 187 43 217 241 247 201 50 168 4 195
    240 71 175 139 110 214 253 155 198 103 109 13 154 188 67 76 149 118
    130 51 69 115 158 184 229 81 41 66 77 154 21 70 230 81 42 151 69 57
    197 5 62 30 106 127 26 145 153 154 174 180 52 234 211 248 32 142 80
    190 179 212 104 8 193 243 84 53 107 111 16 242 233 88 15 5 218 68
    179 254 37 43 87 129 252 130 211 148 50 91 15 216 211 90 192 46 198
    52 19 174 183 154 138 78 241 113 78 135 254 243 78 35 210 40 60 43
    198 142 71 247 116 216 213 13 159 137 225 44 111 253 17 158 13 94 76
    155 38 10 22 103 105 74 51 89 27 241 135 103 101 53 123 164 44 6 218
    48 68 56 77 10 85 130 47 116 11 232 123 173 194 125 101 9 108 109 36
    116 58 112 114 49 88 187 249 104 109 237 9 202 133 210 53</data></test_img>
<my_img type_id="opencv-matrix">
  <rows>10</rows>
  <cols>20</cols>
  <dt>"3u"</dt>
  <data>
    72 135 84 108 146 55 143 79 145 144 119 15 2 63 136 64 148 28 152 76
    129 150 50 22 81 52 141 25 123 62 112 125 143 57 154 54 68 158 147
    113 40 154 150 122 99 126 156 113 41 124 126 24 127 141 63 118 13
    118 33 2 138 79 97 87 80 152 107 155 79 131 111 103 68 24 141 82 135
    130 26 135 64 67 148 155 134 157 96 32 152 31 143 126 32 159 66 55
    68 141 110 140 153 153 141 147 145 55 78 151 153 91 144 7 155 31 151
    105 93 39 156 126 75 2 146 58 154 123 105 85 120 145 123 77 22 151
    56 149 97 59 94 118 90 48 127 148 62 121 11 154 51 144 138 124 75
    153 104 37 142 117 105 81 151 159 99 68 159 62 109 153 130 10 61 43
    150 12 113 157 29 137 140 66 154 91 112 110 131 76 145 115 93 64 133
    67 135 156 29 137 134 69 124 4 66 122 102 114 130 116 28 122 58 142
    46 74 157 14 106 23 120 155 2 154 138 121 135 125 57 91 157 23 152
    117 47 88 144 87 159 129 38 141 136 94 89 149 159 64 54 156 139 54
    140 75 153 145 82 13 35 160 107 97 32 141 31 149 7 19 111 159 63 156
    82 116 29 33 121 134 106 27 93 61 156 66 73 150 25 62 158 70 21 149
    157 139 26 84 103 90 52 155 10 73 157 126 135 108 138 134 137 17 42
    158 137 11 138 62 120 46 149 42 146 145 72 5 140 15 139 145 17 151
    70 67 33 116 35 131 136 141 59 56 87 142 71 13 153 125 158 108 72 86
    34 150 2 130 157 86 60 124 157 93 82 159 152 156 105 49 126 99 138
    82 139 107 147 119 10 146 50 58 144 158 51 15 100 63 121 158 143 83
    157 21 43 25 100 155 15 130 156 95 77 15 148 152 143 148 136 136 28
    141 157 158 129 32 125 3 146 157 46 114 98 77 150 159 98 125 111 118
    14 118 144 51 67 132 105 126 49 67 89 123 143 154 54 28 57 67 134 14
    47 154 71 37 133 51 42 146 8 94 46 104 125 26 126 133 134 137 142 41
    149 135 158 29 130 73 134 127 150 78 6 145 157 54 34 114 119 17 157
    151 57 10 3 151 43 113 160 46 53 108 82 159 82 150 105 35 64 10 151
    150 64 136 34 146 38 15 135 142 134 120 68 157 74 51 85 160 153 56
    25 149 62 93 67 146 105 53 158 74 138 150 9 112 93 153 30 70 159 11
    135 11 80 66 134 33 11 25 115 116 82 56 58 18 157 128 97 95 44 103
    137 31 4 151 69 98 81 97 13 107 126 45 112 7 155 82 130 145 94 110
    10 117 113 37 121 61 118 120 38 68 143 159 66 69 156 6 133 95 149 38</data></my_img>
<your_img type_id="opencv-matrix">
  <rows>10</rows>
  <cols>20</cols>
  <dt>"3u"</dt>
  <data>
    8 8 21 0 0 0 61 62 104 0 0 0 54 54 77 0 0 0 57 57 101 0 0 0 68 68 92
    0 0 0 36 37 99 1 1 5 5 6 137 105 106 138 19 19 57 5 7 87 25 25 50 34
    34 91 0 0 0 0 0 0 24 24 39 70 71 128 3 4 40 19 19 36 80 80 91 26 27
    69 0 0 1 18 19 141 4 5 64 0 0 0 0 0 0 7 7 11 17 17 57 15 17 134 23
    24 109 70 71 125 58 59 121 0 0 0 21 22 52 8 8 103 106 106 107 10 11
    95 25 25 36 9 9 24 1 1 6 3 3 7 4 4 8 36 36 116 0 0 0 87 88 124 6 6
    14 0 0 0 22 22 54 11 12 155 90 90 155 50 50 134 0 0 0 0 0 0 0 0 0 2
    2 7 38 39 80 4 4 9 18 18 44 1 1 1 0 0 0 3 3 8 0 0 0 21 21 34 0 0 0
    66 67 93 82 82 147 0 0 0 0 0 0 18 19 93 0 0 0 0 0 0 0 0 0 9 9 35 0 0
    0 13 13 40 12 13 157 98 99 145 66 66 89 15 16 122 0 0 0 24 24 71 0 0
    0 0 0 0 1 1 22 46 47 90 34 34 39 0 0 0 92 92 144 72 72 121 95 95 154
    105 105 118 0 0 0 0 0 0 0 0 0 5 5 107 40 40 81 0 0 0 4 5 124 0 0 1
    89 90 120 24 25 108 86 86 88 29 29 104 3 3 23 24 24 27 30 30 76 0 0
    0 4 4 14 12 12 96 11 12 33 98 98 121 31 31 148 34 34 44 20 20 45 9
    11 153 39 39 49 8 8 23 48 49 113 103 103 109 71 72 102 0 0 0 29 29
    39 6 7 49 0 0 0 58 58 140 32 32 146 0 0 0 15 17 118 27 28 100 22 22
    147 0 0 0 105 105 107 64 65 89 70 71 124 43 44 109 0 0 0 0 0 0 16 16
    39 0 0 0 37 37 97 0 0 0 49 49 70 100 100 138 57 57 68 84 84 109 0 0
    0 0 0 0 28 29 70 0 0 0 27 28 154 2 2 5 36 37 122 102 102 105 0 0 0 0
    0 0 1 1 12 125 125 127 47 48 159 9 9 11 1 1 49 0 0 0 118 118 125 67
    68 104 0 0 0 31 31 96 1 1 3 2 2 3 1 2 149 104 104 120 0 0 0 0 0 0 68
    69 125 71 71 75 0 0 0 0 0 0 16 17 17 0 0 0 23 23 25 0 0 0 132 132
    147 14 14 24 41 41 79 124 124 127 0 0 0 9 9 9 30 30 37 4 4 43 11 11
    45 29 29 30 32 32 37 20 20 35 65 65 100 18 18 31 109 109 113 0 0 0</data></your_img>
</opencv_storage>
