<?xml version="1.0"?>
<opencv_storage>
<L2_diff>2.3846010148450409e+03</L2_diff>
<contrast>7.9214971620022134e-01</contrast>
<brightness>-9.7776028618946631e-03</brightness>
<gamma>2.7266843418676479e-01</gamma>
<only_luma>1</only_luma>
<test_img type_id="opencv-matrix">
  <rows>10</rows>
  <cols>20</cols>
  <dt>"3u"</dt>
  <data>
    178 57 139 211 191 73 49 70 197 48 222 21 77 212 164 93 214 222 103
    250 141 199 226 232 102 90 107 102 58 210 4 25 179 146 207 69 130
    231 57 177 108 218 51 161 200 127 90 134 53 246 241 103 171 215 15
    162 252 220 81 103 197 129 124 225 171 189 173 128 33 40 239 162 217
    89 61 110 242 7 106 56 220 109 228 205 79 111 130 150 168 66 230 183
    245 140 199 197 252 66 194 234 168 232 166 0 167 108 35 23 131 235
    211 80 81 97 117 60 150 235 189 167 180 209 138 206 148 235 158 191
    83 178 140 127 238 7 245 36 89 20 98 108 127 58 144 216 42 221 38 60
    125 132 154 91 223 135 213 236 44 251 28 233 221 59 164 199 46 34 77
    9 238 33 193 14 185 221 56 36 183 141 103 253 236 38 223 115 201 44
    64 205 40 165 191 130 104 39 150 18 244 231 110 16 168 75 187 154
    190 191 99 113 224 53 182 109 105 18 160 132 231 64 110 211 239 170
    190 195 81 176 109 73 235 228 156 223 253 6 167 192 57 214 224 152
    140 109 99 27 104 68 163 13 223 5 37 177 220 4 15 63 133 41 73 205
    216 5 238 253 171 224 75 63 89 15 165 194 165 239 34 145 5 154 37
    206 29 119 223 174 85 58 40 127 97 145 142 187 47 4 242 203 188 249
    85 6 170 203 15 198 230 47 15 46 84 56 11 137 61 194 28 183 13 22
    243 143 43 0 234 153 15 157 43 20 198 243 31 133 184 119 111 66 191
    68 29 204 147 73 84 77 181 135 27 96 44 3 128 118 118 22 79 51 51 25
    230 150 106 232 245 160 61 78 135 196 191 31 96 45 64 37 176 233 161
    109 68 212 209 135 226 96 126 208 247 236 114 83 7 242 65 42 243 7
    136 207 85 164 80 35 96 189 99 110 88 56 245 81 104 34 105 133 187
    122 182 154 245 34 9 56 254 171 69 31 170 77 75 172 96 153 195 13
    239 250 83 166 226 171 243 13 196 142 30 218 8 60 136 20 125 108 184
    21 111 157 186 202 45 159 214 54 168 111 4 12 156 70 234 153 153 193
    107 67 199 54 164 231 141 124 5 210 42 195 123 146 214 98 208 134
    250 17 97 107 216 35 196 60 207 178 87 42 173 84 87 1 85 26 138 234
    235 133 73 180 252 72 71 118 214 115 46 63 75 38 241 117 63 202 207
    205 13 51 220 224 118 171 194 238 194 65 9 151 217 57 116 251 87 43
    30 85 55 138 249 199 212 56 46 196 122 8 6 48 34 49 8 114 173 144 56
    133 37 101 3 219 213 47 186 189 1 125 189 180 72 69 238 22 141 165
    124 84 118 117 191 213 7 51 141 189 254 9</data></test_img>
<my_img type_id="opencv-matrix">
  <rows>10</rows>
  <cols>20</cols>
  <dt>"3u"</dt>
  <data>
    181 58 141 189 171 66 46 66 186 42 192 18 69 190 147 80 185 192 82
    198 112 167 189 194 150 132 157 92 52 189 4 25 181 133 188 63 109
    194 48 155 95 191 48 150 187 158 112 167 43 198 194 91 151 190 12
    128 199 192 71 90 186 122 117 193 146 162 179 133 34 33 196 133 191
    78 54 89 197 6 92 49 192 92 193 174 101 141 166 159 178 70 185 147
    197 131 186 184 199 52 153 195 140 193 176 0 177 157 51 34 109 195
    175 126 128 153 134 69 172 195 157 139 163 189 125 171 123 195 152
    184 80 181 142 129 192 6 197 60 149 34 127 140 165 51 127 191 36 192
    33 76 157 166 133 78 192 112 176 195 35 199 22 195 185 49 154 186 43
    63 143 17 196 27 159 12 161 192 56 36 182 111 81 199 195 31 185 107
    187 41 59 188 37 159 184 125 119 45 172 15 197 187 116 17 178 73 183
    151 183 184 95 97 192 46 182 109 105 20 175 145 194 54 92 173 196
    139 181 185 77 180 112 75 195 189 129 175 199 5 160 184 55 184 192
    131 169 132 120 40 156 102 141 11 192 5 38 180 192 3 13 79 167 51 64
    181 191 4 187 199 147 192 64 106 149 25 157 185 157 196 28 119 6 174
    42 188 26 109 192 150 73 75 52 165 114 171 167 183 46 4 197 165 153
    198 68 5 157 187 14 167 194 40 26 80 147 69 13 168 58 185 27 182 13
    22 197 116 35 0 195 127 17 174 48 16 160 197 31 132 182 162 151 90
    184 66 28 188 135 67 84 77 181 167 33 119 57 4 165 161 161 30 144 93
    93 21 194 126 85 187 197 175 67 86 128 186 181 49 152 71 65 38 180
    195 134 91 61 190 187 115 193 82 101 167 198 195 94 69 6 197 53 34
    197 6 124 188 77 177 86 38 93 184 96 158 126 80 197 65 84 43 132 167
    183 119 178 124 197 27 7 44 199 179 72 32 178 81 79 179 100 159 160
    11 196 198 66 132 183 139 197 12 186 134 26 191 7 74 168 25 124 107
    182 23 123 174 172 187 42 141 190 48 178 117 4 13 174 78 195 127 127
    185 102 64 186 51 154 194 118 104 5 189 38 185 117 139 190 87 185
    106 198 13 86 94 191 33 186 57 188 162 79 44 179 87 148 2 145 22 115
    195 195 110 61 142 199 57 63 105 190 160 64 88 61 31 196 108 58 187
    188 187 12 44 189 192 113 163 185 196 160 53 8 133 191 45 92 199 148
    73 51 104 67 168 198 158 169 53 44 186 163 11 8 124 88 126 8 118 179
    170 66 157 57 154 5 191 186 41 181 184 1 121 184 175 59 57 196 24
    151 177 163 111 156 104 170 190 8 61 169 148 199 7</data></my_img>
<your_img type_id="opencv-matrix">
  <rows>10</rows>
  <cols>20</cols>
  <dt>"3u"</dt>
  <data>
    84 84 108 14 14 55 111 112 154 2 2 14 21 22 127 28 29 173 2 3 109 21
    23 181 53 53 82 127 127 164 126 126 139 10 10 52 4 4 43 98 99 170 57
    58 156 67 67 104 7 7 188 55 56 168 72 72 197 54 54 79 47 48 96 48 50
    147 12 12 24 8 8 126 30 30 46 0 0 3 134 134 172 17 18 160 57 57 100
    17 17 50 54 56 192 34 35 154 112 113 151 62 64 181 130 130 130 14 14
    16 13 14 165 51 51 74 89 89 116 34 35 130 19 20 107 77 79 184 16 16
    63 44 45 98 186 186 192 9 9 13 57 57 98 73 74 169 4 4 28 52 52 102
    112 113 174 30 32 184 0 0 20 6 6 44 7 8 34 3 3 5 131 131 150 47 47
    173 122 122 142 118 119 198 148 149 174 7 7 32 6 6 29 25 26 100 99
    99 116 8 8 180 122 122 131 32 32 119 19 20 76 5 5 39 46 47 81 38 38
    102 63 64 85 8 10 132 15 15 62 32 32 55 13 14 121 0 0 2 11 11 43 14
    16 118 43 44 76 30 30 51 165 165 174 118 118 138 9 9 9 14 14 30 33
    34 169 13 13 198 7 7 57 6 6 9 31 32 128 97 98 112 11 11 27 81 81 92
    21 21 65 83 83 98 47 48 110 1 1 1 30 32 146 2 2 2 2 2 9 3 4 35 52 53
    64 101 101 106 5 5 20 14 14 15 14 14 32 10 10 119 12 12 32 42 43 190
    69 69 143 28 28 50 15 15 20 23 24 55 98 99 141 66 66 74 98 98 99 8 8
    15 30 30 38 11 12 116 17 18 192 45 45 59 34 35 149 21 21 33 117 117
    137 31 32 84 27 28 163 8 9 74 36 37 193 35 35 63 2 3 49 0 0 3 12 13
    65 17 17 25 20 20 76 27 28 42 55 55 80 61 61 103 74 75 142 1 1 24
    155 155 199 16 16 22 40 40 57 74 75 119 177 177 187 87 88 129 63 64
    190 25 26 110 1 1 4 6 6 13 83 83 143 69 69 122 7 7 33 6 7 40 0 0 1
    21 21 53 47 49 119 29 30 51 100 101 127 43 44 96 5 5 31 59 59 113
    100 101 162 0 0 11 98 98 169 10 10 45 20 21 66 21 21 64 65 65 65 84
    84 183 26 27 55 1 1 55 90 90 167 39 39 47 160 160 188 119 119 158 2
    2 8 24 25 175 50 51 151 12 12 49 69 69 169 107 107 196 18 18 21 84
    84 107 36 38 165 125 125 153 2 2 2 31 31 36 74 74 135 80 80 103 0 0
    0 6 6 35 0 0 0 36 37 140 136 136 186 57 57 128 61 61 91 42 43 166 87
    87 109 0 0 5</data></your_img>
</opencv_storage>
