<?xml version="1.0"?>
<opencv_storage>
<L2_diff>2.8222684138827053e+03</L2_diff>
<contrast>1.7116576736548572e+00</contrast>
<brightness>8.3423727344127263e-01</brightness>
<gamma>1.6532099151683379e+00</gamma>
<only_luma>1</only_luma>
<test_img type_id="opencv-matrix">
  <rows>10</rows>
  <cols>20</cols>
  <dt>"3u"</dt>
  <data>
    217 145 249 171 217 147 230 238 199 82 34 221 234 216 126 102 10 110
    28 25 83 162 160 31 17 209 4 188 128 45 191 78 171 189 223 100 77
    109 244 65 79 173 53 243 120 202 128 174 70 157 207 169 46 97 181
    152 142 139 116 103 111 135 233 11 222 249 46 35 222 186 200 123 58
    196 231 190 200 136 73 1 253 1 25 95 241 124 207 236 193 133 251 41
    163 2 142 56 95 73 194 113 45 253 115 34 0 14 97 104 239 14 141 126
    72 129 3 15 28 176 99 166 125 108 152 25 112 91 48 212 240 53 183
    209 210 134 55 236 95 207 245 48 219 42 155 50 113 249 65 143 40 130
    171 228 29 160 8 249 97 168 176 184 87 72 229 204 118 126 235 47 44
    216 188 248 186 98 79 144 152 27 132 235 79 1 64 47 224 207 244 242
    41 131 163 212 124 70 36 161 14 57 137 9 203 213 209 136 248 67 24
    60 201 84 232 28 230 115 215 114 197 142 140 208 167 224 103 46 52
    208 226 51 196 177 185 118 33 129 219 224 41 29 43 16 189 90 95 183
    206 151 227 10 245 232 171 180 186 230 79 131 180 246 156 248 230 99
    184 62 196 129 44 59 6 150 214 191 98 21 218 24 102 84 147 183 12 37
    248 102 74 1 140 192 90 156 36 111 53 179 153 24 134 176 7 207 167
    204 149 244 6 251 129 109 91 242 41 15 155 172 202 253 176 105 141 1
    226 189 236 135 97 136 109 226 150 254 81 19 88 54 12 201 228 242
    148 37 102 17 49 249 118 91 157 200 79 78 145 72 127 151 67 124 224
    196 183 229 66 194 209 218 245 84 79 124 5 220 244 81 228 142 105 18
    165 60 14 65 63 38 178 154 85 67 203 36 167 120 41 240 222 236 61
    110 75 17 202 245 43 172 8 18 10 128 121 231 155 197 223 228 78 230
    22 76 192 104 118 6 205 220 208 123 19 164 64 57 179 136 162 230 9
    211 4 9 117 63 9 17 34 114 129 41 151 147 88 148 211 114 127 176 166
    99 121 206 60 178 116 237 211 132 27 0 104 200 89 120 135 45 223 37
    72 96 215 55 101 3 155 244 188 113 198 66 94 222 72 64 76 76 90 140
    237 159 240 179 85 85 48 12 203 5 177 113 243 95 50 109 139 166 4
    143 136 54 13 58 80 118 15 82 150 151 204 227 98 13 121 254 216 152
    213 70 7 63 153 174 10 206 130 137 220 48 36 96 229 37 144 64 247 65
    144 198 15 107 130 137 63 223 49 231 0 245 164 210 157 191 51 154
    243 89 94 130 192 115 106 50 153 200 122 22 213 71 48 115 169 42 38
    204 144 85 9 254 146 77 194 216 147 204 6 217</data></test_img>
<my_img type_id="opencv-matrix">
  <rows>10</rows>
  <cols>20</cols>
  <dt>"3u"</dt>
  <data>
    255 255 255 255 255 255 255 255 255 207 86 255 255 255 255 255 29
    255 95 85 255 255 255 80 43 255 10 255 255 114 255 197 255 255 255
    252 195 255 255 166 202 255 134 255 255 255 255 255 176 255 255 255
    118 249 255 255 255 255 255 255 255 255 255 28 255 255 116 88 255
    255 255 255 146 255 255 255 255 255 186 3 255 3 78 255 255 255 255
    255 255 255 255 104 255 5 255 149 240 185 255 255 114 255 255 97 0
    42 255 255 255 35 255 255 198 255 24 120 224 255 253 255 255 255 255
    72 255 255 122 255 255 134 255 255 255 255 139 255 240 255 255 122
    255 110 255 130 255 255 165 255 106 255 255 255 73 255 20 255 248
    255 255 255 221 183 255 255 255 255 255 119 111 255 255 255 255 249
    207 255 255 68 255 255 255 3 223 119 255 255 255 255 104 255 255 255
    255 195 100 255 36 148 255 23 255 255 255 255 255 170 61 151 255 212
    255 71 255 255 255 255 255 255 255 255 255 255 255 139 157 255 255
    129 255 255 255 255 91 255 255 255 103 159 236 88 255 228 241 255
    255 255 255 25 255 255 255 255 255 255 199 255 255 255 255 255 255
    251 255 157 255 255 111 155 16 255 255 255 247 53 255 61 255 222 255
    255 30 94 255 255 188 3 255 255 234 255 94 255 135 255 255 63 255
    255 18 255 255 255 255 255 15 255 255 255 250 255 104 38 255 255 255
    255 255 255 255 3 255 255 255 255 255 255 255 255 255 255 255 62 255
    136 30 255 255 255 255 112 255 51 124 255 255 230 255 255 209 207
    255 189 255 255 169 255 255 255 255 255 166 255 255 255 255 213 220
    255 14 255 255 205 255 255 255 46 255 155 56 255 250 97 255 255 214
    169 255 93 255 255 104 255 255 255 154 255 189 43 255 255 109 255 97
    218 121 255 255 255 255 255 255 255 197 255 56 192 255 255 255 17
    255 255 255 255 49 255 163 145 255 255 255 255 23 255 10 26 255 179
    60 114 228 255 255 113 255 255 231 255 255 255 255 255 255 250 255
    255 153 255 255 255 255 255 81 0 255 255 225 255 255 113 255 115 225
    255 255 139 255 8 255 255 255 255 255 166 237 255 255 229 255 203
    241 255 255 255 255 255 216 216 121 30 255 13 255 255 255 241 127
    255 255 255 11 255 255 233 56 250 227 255 43 215 255 255 255 255 247
    33 255 255 255 255 255 255 26 238 255 255 26 255 255 255 255 121 91
    242 255 93 255 162 255 164 255 255 41 255 255 255 159 255 124 255 0
    255 255 255 255 255 129 255 255 226 238 255 255 255 255 143 255 255
    255 55 255 179 123 255 255 106 96 255 255 226 24 255 255 196 255 255
    255 255 15 255</data></my_img>
<your_img type_id="opencv-matrix">
  <rows>10</rows>
  <cols>20</cols>
  <dt>"3u"</dt>
  <data>
    255 255 255 69 74 255 37 45 255 255 255 255 66 71 255 255 255 255
    255 255 255 99 101 255 40 40 220 144 146 255 255 255 255 48 52 255
    255 255 255 255 255 255 20 21 255 254 255 255 218 220 255 255 255
    255 184 187 255 212 214 255 255 255 255 83 83 255 255 255 255 91 95
    255 141 142 255 96 100 255 255 255 255 255 255 255 255 255 255 107
    112 255 255 255 255 137 137 255 255 255 255 255 255 255 184 185 213
    242 242 255 255 255 255 255 255 255 245 245 255 255 255 255 255 255
    255 207 207 255 105 107 255 161 162 255 146 148 255 255 255 255 255
    255 255 117 117 255 8 10 255 255 255 255 28 30 255 255 255 255 175
    178 255 221 223 255 83 88 255 23 25 255 82 83 255 103 107 255 206
    207 255 255 255 255 255 255 255 69 70 255 14 19 255 208 211 255 199
    200 255 255 255 255 255 255 255 80 85 255 187 188 254 75 77 255 255
    255 255 64 67 255 200 204 255 206 211 255 247 248 255 34 38 255 162
    167 255 255 255 255 34 38 255 200 200 240 243 245 255 91 95 255 255
    255 255 172 177 255 34 38 255 186 190 255 17 23 255 89 90 255 142
    144 255 255 255 255 95 99 255 37 37 254 255 255 255 255 255 255 204
    206 255 244 244 255 107 107 255 255 255 255 255 255 255 255 255 255
    94 98 255 255 255 255 211 212 255 200 201 238 182 186 255 122 126
    255 255 255 255 33 38 255 186 188 255 255 255 255 255 255 255 255
    255 255 24 30 255 145 145 242 10 11 255 213 215 255 255 255 255 237
    238 255 255 255 255 171 176 255 136 138 255 14 19 255 114 114 221 15
    20 255 174 177 255 111 112 255 239 239 255 144 145 255 255 255 255
    144 145 255 35 36 255 255 255 255 255 255 255 255 255 255 214 214
    230 255 255 255 135 140 255 255 255 255 255 255 255 120 121 223 78
    85 255 255 255 255 255 255 255 221 225 255 38 38 220 173 174 255 253
    253 255 140 141 255 154 156 255 70 74 255 154 157 255 255 255 255
    124 125 255 76 81 255 255 255 255 255 255 255 255 255 255 255 255
    255 255 255 255 247 247 255 255 255 255 255 255 255 255 255 255 255
    255 255 235 241 255 239 240 255 255 255 255 124 124 255 187 189 255
    226 228 255 196 196 255 255 255 255 128 129 238 194 196 255 42 46
    255 255 255 255 233 238 255 255 255 255 73 75 230 219 222 255 223
    223 255 28 30 255 255 255 255 240 241 255 253 253 255 255 255 255 20
    21 213 204 210 255 75 78 255 17 21 255 255 255 255 174 175 255 91 94
    255 55 55 255 255 255 255 255 255 255 152 153 228 147 151 255 71 76
    255 255 255 255</data></your_img>
</opencv_storage>
